2022-10-19 16:42:09.640 1013:link-prediction        DEBUG  main message
2022-10-19 16:42:09.640 1019:link-prediction        WARNING device: cuda, n_gpu: 1
2022-10-19 16:42:17.723 1040:link-prediction        INFO   Probimg Model Parameters 3843
2022-10-19 16:42:17.723 1041:link-prediction        INFO   Training/evaluation parameters Namespace(adam_epsilon=1e-08, class_num=2, code_length=512, config_name='microsoft/graphcodebert-base', data_flow_length=128, data_folder='../datasets/java250/graphs', dataset='java250', debug=False, device=device(type='cuda'), do_crossing=True, do_eval=False, do_random=False, do_test=True, do_train=True, epochs=2, eval_batch_size=32, evaluate_during_training=False, gradient_accumulation_steps=1, graph_type='ddg', layer=8, learning_rate=0.001, max_grad_norm=1.0, max_steps=-1, model_name='graphcodebert', model_name_or_path='microsoft/graphcodebert-base', n_gpu=1, output_dir='../link_prediction/java250/plm/graphcodebert_saved_models/3/ddg_8', seed=251, token_config='microsoft/graphcodebert-base', train_batch_size=64, warmup_steps=0, weight_decay=0.0)
2022-10-19 16:42:17.724 1053:link-prediction        INFO   Load Dataset
2022-10-19 16:43:16.988 356:link-prediction        INFO   Load Span file and Graph data, data path: ../datasets/java250/graphs/graphcodebert/graphcodebert_train_ddg_cleaned.pt
2022-10-19 16:43:18.682 415:link-prediction        INFO   Labels Counter({1: 33191, 0: 33189})
2022-10-19 16:43:19.272 356:link-prediction        INFO   Load Span file and Graph data, data path: ../datasets/java250/graphs/graphcodebert/graphcodebert_valid_ddg_cleaned.pt
2022-10-19 16:43:20.172 415:link-prediction        INFO   Labels Counter({1: 11126, 0: 11125})
2022-10-19 16:43:20.260 356:link-prediction        INFO   Load Span file and Graph data, data path: ../datasets/java250/graphs/graphcodebert/graphcodebert_test_ddg_cleaned.pt
2022-10-19 16:43:21.308 415:link-prediction        INFO   Labels Counter({1: 10933, 0: 10933})
2022-10-19 16:43:21.309 419:link-prediction        INFO   *** Example ***
2022-10-19 16:43:21.309 420:link-prediction        INFO   idx: s153508240_main
2022-10-19 16:43:21.309 421:link-prediction        INFO   label: 1
2022-10-19 16:43:21.311 422:link-prediction        INFO   input_tokens_1: ['n', 'Pi', '_+=', '_l', '_+', '_i', '_-', '_1']
2022-10-19 16:43:21.311 430:link-prediction        INFO   input_ids_1: 67 75
2022-10-19 16:43:21.312 437:link-prediction        INFO   input_tokens_reverse_1: Ġn Pi Ġ+= Ġl Ġ+ Ġi Ġ- Ġ1
2022-10-19 16:43:21.312 447:link-prediction        INFO   input_tokens_2: ['n', 'Pi', '_-', '_(', 'l', '_+', '_i', '_-', '_1', ')']
2022-10-19 16:43:21.312 455:link-prediction        INFO   input_ids_2: 112 122
2022-10-19 16:43:21.312 462:link-prediction        INFO   input_tokens_reverse_2: Ġn Pi Ġ- Ġ( Ġl Ġ+ Ġi Ġ- Ġ1 Ġ)
2022-10-19 16:43:21.313 419:link-prediction        INFO   *** Example ***
2022-10-19 16:43:21.313 420:link-prediction        INFO   idx: s002071722_main
2022-10-19 16:43:21.313 421:link-prediction        INFO   label: 0
2022-10-19 16:43:21.313 422:link-prediction        INFO   input_tokens_1: ['b', '_+', '_c']
2022-10-19 16:43:21.313 430:link-prediction        INFO   input_ids_1: 58 61
2022-10-19 16:43:21.313 437:link-prediction        INFO   input_tokens_reverse_1: Ġb Ġ+ Ġc
2022-10-19 16:43:21.313 447:link-prediction        INFO   input_tokens_2: ['sc', '.', 'next', 'Int', '()']
2022-10-19 16:43:21.313 455:link-prediction        INFO   input_ids_2: 39 45
2022-10-19 16:43:21.313 462:link-prediction        INFO   input_tokens_reverse_2: Ġsc Ġ. Ġnext Int Ġ( Ġ)
2022-10-19 16:43:21.313 419:link-prediction        INFO   *** Example ***
2022-10-19 16:43:21.313 420:link-prediction        INFO   idx: s638042089_next
2022-10-19 16:43:21.314 421:link-prediction        INFO   label: 1
2022-10-19 16:43:21.314 422:link-prediction        INFO   input_tokens_1: ['has', 'Next', '()']
2022-10-19 16:43:21.314 430:link-prediction        INFO   input_ids_1: 11 15
2022-10-19 16:43:21.314 437:link-prediction        INFO   input_tokens_reverse_1: Ġhas Next Ġ( Ġ)
2022-10-19 16:43:21.314 447:link-prediction        INFO   input_tokens_2: ['throw', '_new', '_No', 'Such', 'Element', 'Exception', '();']
2022-10-19 16:43:21.314 455:link-prediction        INFO   input_ids_2: 16 25
2022-10-19 16:43:21.314 462:link-prediction        INFO   input_tokens_reverse_2: Ġthrow Ġnew ĠNo Such Element Exception Ġ( Ġ) Ġ;
2022-10-19 16:43:21.314 419:link-prediction        INFO   *** Example ***
2022-10-19 16:43:21.314 420:link-prediction        INFO   idx: s705760875_main
2022-10-19 16:43:21.314 421:link-prediction        INFO   label: 1
2022-10-19 16:43:21.315 422:link-prediction        INFO   input_tokens_1: ['public', '_static', '_void', '_main', '(', 'String', '[]', '_args', ')']
2022-10-19 16:43:21.315 430:link-prediction        INFO   input_ids_1: 1 12
2022-10-19 16:43:21.315 437:link-prediction        INFO   input_tokens_reverse_1: public Ġstatic Ġvoid Ġmain Ġ Ġ( ĠString Ġ[ Ġ] Ġargs Ġ)
2022-10-19 16:43:21.315 447:link-prediction        INFO   input_tokens_2: ['all', '_=', '_b', '_-', '_a', '_+', '_1']
2022-10-19 16:43:21.315 455:link-prediction        INFO   input_ids_2: 67 74
2022-10-19 16:43:21.315 462:link-prediction        INFO   input_tokens_reverse_2: Ġall Ġ= Ġb Ġ- Ġa Ġ+ Ġ1
2022-10-19 16:43:21.315 419:link-prediction        INFO   *** Example ***
2022-10-19 16:43:21.315 420:link-prediction        INFO   idx: s311921876_main
2022-10-19 16:43:21.315 421:link-prediction        INFO   label: 0
2022-10-19 16:43:21.315 422:link-prediction        INFO   input_tokens_1: ['sc', '.', 'next', 'Int', '()']
2022-10-19 16:43:21.315 430:link-prediction        INFO   input_ids_1: 31 37
2022-10-19 16:43:21.315 437:link-prediction        INFO   input_tokens_reverse_1: Ġsc Ġ. Ġnext Int Ġ( Ġ)
2022-10-19 16:43:21.316 447:link-prediction        INFO   input_tokens_2: ['public', '_static', '_void', '_main', '(', 'String', '[]', '_args', ')']
2022-10-19 16:43:21.316 455:link-prediction        INFO   input_ids_2: 1 12
2022-10-19 16:43:21.316 462:link-prediction        INFO   input_tokens_reverse_2: public Ġstatic Ġvoid Ġmain Ġ Ġ( ĠString Ġ[ Ġ] Ġargs Ġ)
2022-10-19 16:43:21.316 419:link-prediction        INFO   *** Example ***
2022-10-19 16:43:21.316 420:link-prediction        INFO   idx: s898986763_main
2022-10-19 16:43:21.316 421:link-prediction        INFO   label: 0
2022-10-19 16:43:21.316 422:link-prediction        INFO   input_tokens_1: ['count', '_+=', '_(', 'm', '_*', '_(', 'm', '_-', '_1', '))', '_/', '_2']
2022-10-19 16:43:21.316 430:link-prediction        INFO   input_ids_1: 80 93
2022-10-19 16:43:21.316 437:link-prediction        INFO   input_tokens_reverse_1: Ġcount Ġ+= Ġ( Ġm Ġ* Ġ( Ġm Ġ- Ġ1 Ġ) Ġ) Ġ/ Ġ2
2022-10-19 16:43:21.316 447:link-prediction        INFO   input_tokens_2: ['count', '_+=', '_(', 'n', '_*', '_(', 'n', '_-', '_1', '))', '_/', '_2']
2022-10-19 16:43:21.317 455:link-prediction        INFO   input_ids_2: 58 71
2022-10-19 16:43:21.317 462:link-prediction        INFO   input_tokens_reverse_2: Ġcount Ġ+= Ġ( Ġn Ġ* Ġ( Ġn Ġ- Ġ1 Ġ) Ġ) Ġ/ Ġ2
2022-10-19 16:43:21.317 419:link-prediction        INFO   *** Example ***
2022-10-19 16:43:21.317 420:link-prediction        INFO   idx: s270240066_main
2022-10-19 16:43:21.317 421:link-prediction        INFO   label: 1
2022-10-19 16:43:21.317 422:link-prediction        INFO   input_tokens_1: ['num', 'N', '_=', '_sc', '.', 'next', 'Int', '()']
2022-10-19 16:43:21.317 430:link-prediction        INFO   input_ids_1: 27 36
2022-10-19 16:43:21.317 437:link-prediction        INFO   input_tokens_reverse_1: Ġnum N Ġ= Ġsc Ġ. Ġnext Int Ġ( Ġ)
2022-10-19 16:43:21.317 447:link-prediction        INFO   input_tokens_2: ['num', 'N', '_*', '_train', 'A']
2022-10-19 16:43:21.317 455:link-prediction        INFO   input_ids_2: 65 70
2022-10-19 16:43:21.317 462:link-prediction        INFO   input_tokens_reverse_2: Ġnum N Ġ* Ġtrain A
2022-10-19 16:43:21.317 419:link-prediction        INFO   *** Example ***
2022-10-19 16:43:21.318 420:link-prediction        INFO   idx: s192441284_main
2022-10-19 16:43:21.318 421:link-prediction        INFO   label: 0
2022-10-19 16:43:21.318 422:link-prediction        INFO   input_tokens_1: ['n', '_=', '_scanner', '.', 'next', 'Int', '()']
2022-10-19 16:43:21.318 430:link-prediction        INFO   input_ids_1: 27 35
2022-10-19 16:43:21.318 437:link-prediction        INFO   input_tokens_reverse_1: Ġn Ġ= Ġscanner Ġ. Ġnext Int Ġ( Ġ)
2022-10-19 16:43:21.318 447:link-prediction        INFO   input_tokens_2: ['s', '[', 'x', '].', 'equ', 'als', '("', 'A', '")', '_&&', '_s', '[', 'x', '_+', '_1', '].', 'equ', 'als', '("', 'B', '")', '_&&', '_s', '[', 'x', '_+', '_2', '].', 'equ', 'als', '("', 'C', '")']
2022-10-19 16:43:21.318 455:link-prediction        INFO   input_ids_2: 84 123
2022-10-19 16:43:21.318 462:link-prediction        INFO   input_tokens_reverse_2: Ġs Ġ[ Ġx Ġ] Ġ. Ġequals Ġ( Ġ" A " Ġ) Ġ&& Ġs Ġ[ Ġx Ġ+ Ġ1 Ġ] Ġ. Ġequals Ġ( Ġ" B " Ġ) Ġ&& Ġs Ġ[ Ġx Ġ+ Ġ2 Ġ] Ġ. Ġequals Ġ( Ġ" C " Ġ)
2022-10-19 16:43:21.318 419:link-prediction        INFO   *** Example ***
2022-10-19 16:43:21.318 420:link-prediction        INFO   idx: s355253302_main
2022-10-19 16:43:21.319 421:link-prediction        INFO   label: 0
2022-10-19 16:43:21.319 422:link-prediction        INFO   input_tokens_1: ['apple', '_=', '_new', '_int', '[', 'N', ']']
2022-10-19 16:43:21.319 430:link-prediction        INFO   input_ids_1: 52 59
2022-10-19 16:43:21.319 437:link-prediction        INFO   input_tokens_reverse_1: Ġapple Ġ= Ġnew Ġint Ġ[ ĠN Ġ]
2022-10-19 16:43:21.319 447:link-prediction        INFO   input_tokens_2: ['copy', 'apple', '[', 'i', ']', '_=', '_(', 'int', ')', '_Math', '.', 'abs', '(', 'L', '_+', '_(', 'i', '_+', '_1', ')', '_-', '_1', ')']
2022-10-19 16:43:21.319 455:link-prediction        INFO   input_ids_2: 219 242
2022-10-19 16:43:21.319 462:link-prediction        INFO   input_tokens_reverse_2: Ġcopy apple Ġ[ Ġi Ġ] Ġ= Ġ( Ġint Ġ) ĠMath Ġ. Ġabs Ġ( ĠL Ġ+ Ġ( Ġi Ġ+ Ġ1 Ġ) Ġ- Ġ1 Ġ)
2022-10-19 16:43:21.319 419:link-prediction        INFO   *** Example ***
2022-10-19 16:43:21.319 420:link-prediction        INFO   idx: s792242436_main
2022-10-19 16:43:21.319 421:link-prediction        INFO   label: 0
2022-10-19 16:43:21.320 422:link-prediction        INFO   input_tokens_1: ['s', '[', 'i', ']', '_=', '_sc', '.', 'next', '()']
2022-10-19 16:43:21.320 430:link-prediction        INFO   input_ids_1: 62 72
2022-10-19 16:43:21.320 437:link-prediction        INFO   input_tokens_reverse_1: Ġs Ġ[ Ġi Ġ] Ġ= Ġsc Ġ. Ġnext Ġ( Ġ)
2022-10-19 16:43:21.320 447:link-prediction        INFO   input_tokens_2: ['i', '_+', '_1']
2022-10-19 16:43:21.320 455:link-prediction        INFO   input_ids_2: 190 193
2022-10-19 16:43:21.320 462:link-prediction        INFO   input_tokens_reverse_2: Ġi Ġ+ Ġ1
2022-10-19 16:43:21.320 419:link-prediction        INFO   *** Example ***
2022-10-19 16:43:21.320 420:link-prediction        INFO   idx: s290975769_main
2022-10-19 16:43:21.320 421:link-prediction        INFO   label: 1
2022-10-19 16:43:21.320 422:link-prediction        INFO   input_tokens_1: ['public', '_static', '_void', '_main', '(', 'String', '[]', '_args', ')']
2022-10-19 16:43:21.320 430:link-prediction        INFO   input_ids_1: 1 12
2022-10-19 16:43:21.320 437:link-prediction        INFO   input_tokens_reverse_1: public Ġstatic Ġvoid Ġmain Ġ Ġ( ĠString Ġ[ Ġ] Ġargs Ġ)
2022-10-19 16:43:21.321 447:link-prediction        INFO   input_tokens_2: ['void']
2022-10-19 16:43:21.321 455:link-prediction        INFO   input_ids_2: 3 4
2022-10-19 16:43:21.321 462:link-prediction        INFO   input_tokens_reverse_2: Ġvoid
2022-10-19 16:43:21.321 419:link-prediction        INFO   *** Example ***
2022-10-19 16:43:21.321 420:link-prediction        INFO   idx: s742329093_main
2022-10-19 16:43:21.321 421:link-prediction        INFO   label: 0
2022-10-19 16:43:21.321 422:link-prediction        INFO   input_tokens_1: ['x', '_+', '_1']
2022-10-19 16:43:21.321 430:link-prediction        INFO   input_ids_1: 183 186
2022-10-19 16:43:21.321 437:link-prediction        INFO   input_tokens_reverse_1: Ġx Ġ+ Ġ1
2022-10-19 16:43:21.321 447:link-prediction        INFO   input_tokens_2: ['sc', '.', 'next', 'Int', '()']
2022-10-19 16:43:21.321 455:link-prediction        INFO   input_ids_2: 39 45
2022-10-19 16:43:21.321 462:link-prediction        INFO   input_tokens_reverse_2: Ġsc Ġ. Ġnext Int Ġ( Ġ)
2022-10-19 16:43:21.322 419:link-prediction        INFO   *** Example ***
2022-10-19 16:43:21.322 420:link-prediction        INFO   idx: s887564205_solve
2022-10-19 16:43:21.322 421:link-prediction        INFO   label: 1
2022-10-19 16:43:21.322 422:link-prediction        INFO   input_tokens_1: ['q', '_=', '_sc', '.', 'next', 'Int', '()']
2022-10-19 16:43:21.322 430:link-prediction        INFO   input_ids_1: 18 26
2022-10-19 16:43:21.322 437:link-prediction        INFO   input_tokens_reverse_1: Ġq Ġ= Ġsc Ġ. Ġnext Int Ġ( Ġ)
2022-10-19 16:43:21.322 447:link-prediction        INFO   input_tokens_2: ['que', '.', 'add', '(', 'new', '_Process', '(', 'sc', '.', 'next', '(),', '_sc', '.', 'next', 'Int', '()', '))']
2022-10-19 16:43:21.322 455:link-prediction        INFO   input_ids_2: 58 79
2022-10-19 16:43:21.322 462:link-prediction        INFO   input_tokens_reverse_2: Ġque Ġ. Ġadd Ġ( Ġnew ĠProcess Ġ( Ġsc Ġ. Ġnext Ġ( Ġ) Ġ, Ġsc Ġ. Ġnext Int Ġ( Ġ) Ġ) Ġ)
2022-10-19 16:43:21.322 419:link-prediction        INFO   *** Example ***
2022-10-19 16:43:21.322 420:link-prediction        INFO   idx: s322975752_main
2022-10-19 16:43:21.322 421:link-prediction        INFO   label: 1
2022-10-19 16:43:21.323 422:link-prediction        INFO   input_tokens_1: ['public', '_static', '_void', '_main', '(', 'String', '[]', '_args', ')']
2022-10-19 16:43:21.323 430:link-prediction        INFO   input_ids_1: 1 12
2022-10-19 16:43:21.323 437:link-prediction        INFO   input_tokens_reverse_1: public Ġstatic Ġvoid Ġmain Ġ Ġ( ĠString Ġ[ Ġ] Ġargs Ġ)
2022-10-19 16:43:21.323 447:link-prediction        INFO   input_tokens_2: ['scan', '_=', '_new', '_Scan', 'ner', '(', 'System', '.', 'in', ')']
2022-10-19 16:43:21.323 455:link-prediction        INFO   input_ids_2: 15 25
2022-10-19 16:43:21.323 462:link-prediction        INFO   input_tokens_reverse_2: Ġscan Ġ= Ġnew ĠScan ner Ġ( ĠSystem Ġ. Ġin Ġ)
2022-10-19 16:43:21.323 419:link-prediction        INFO   *** Example ***
2022-10-19 16:43:21.323 420:link-prediction        INFO   idx: s353217198_main
2022-10-19 16:43:21.323 421:link-prediction        INFO   label: 0
2022-10-19 16:43:21.323 422:link-prediction        INFO   input_tokens_1: ['System', '.', 'out', '.', 'println', '(', 'String', '.', 'format', '("', '%.', '10', 'f', '",', '_ans', '))']
2022-10-19 16:43:21.324 430:link-prediction        INFO   input_ids_1: 149 168
2022-10-19 16:43:21.324 437:link-prediction        INFO   input_tokens_reverse_1: ĠSystem Ġ. Ġout Ġ. Ġprintln Ġ( ĠString Ġ. Ġformat Ġ( Ġ" %. 10 f " Ġ, Ġans Ġ) Ġ)
2022-10-19 16:43:21.324 447:link-prediction        INFO   input_tokens_2: ['sc', '_=', '_new', '_Scan', 'ner', '(', 'System', '.', 'in', ')']
2022-10-19 16:43:21.324 455:link-prediction        INFO   input_ids_2: 15 25
2022-10-19 16:43:21.324 462:link-prediction        INFO   input_tokens_reverse_2: Ġsc Ġ= Ġnew ĠScan ner Ġ( ĠSystem Ġ. Ġin Ġ)
2022-10-19 16:43:21.324 419:link-prediction        INFO   *** Example ***
2022-10-19 16:43:21.324 420:link-prediction        INFO   idx: s249252402_lastcard
2022-10-19 16:43:21.324 421:link-prediction        INFO   label: 0
2022-10-19 16:43:21.324 422:link-prediction        INFO   input_tokens_1: ['ret', '_+=', "_'", 'S', "'"]
2022-10-19 16:43:21.324 430:link-prediction        INFO   input_ids_1: 244 249
2022-10-19 16:43:21.324 437:link-prediction        INFO   input_tokens_reverse_1: Ġret Ġ+= Ġ' S '
2022-10-19 16:43:21.325 447:link-prediction        INFO   input_tokens_2: ['a', '.', 'char', 'At', '(', 'i', ')', '_==', "_'", 'E', "'", '_&&', '_b', '.', 'char', 'At', '(', 'i', ')', '_==', "_'", 'T', "'", '_||', '_a', '.', 'char', 'At', '(', 'i', ')', '_==', "_'", 'T', "'", '_&&', '_b', '.', 'char', 'At', '(', 'i', ')', '_==', "_'", 'E', "'"]
2022-10-19 16:43:21.325 455:link-prediction        INFO   input_ids_2: 195 242
2022-10-19 16:43:21.325 462:link-prediction        INFO   input_tokens_reverse_2: Ġa Ġ. Ġchar At Ġ( Ġi Ġ) Ġ== Ġ' E ' Ġ&& Ġb Ġ. Ġchar At Ġ( Ġi Ġ) Ġ== Ġ' T ' Ġ|| Ġa Ġ. Ġchar At Ġ( Ġi Ġ) Ġ== Ġ' T ' Ġ&& Ġb Ġ. Ġchar At Ġ( Ġi Ġ) Ġ== Ġ' E '
2022-10-19 16:43:21.325 419:link-prediction        INFO   *** Example ***
2022-10-19 16:43:21.325 420:link-prediction        INFO   idx: s082959882_main
2022-10-19 16:43:21.325 421:link-prediction        INFO   label: 0
2022-10-19 16:43:21.325 422:link-prediction        INFO   input_tokens_1: ['A', '_-', '_K']
2022-10-19 16:43:21.325 430:link-prediction        INFO   input_ids_1: 117 120
2022-10-19 16:43:21.325 437:link-prediction        INFO   input_tokens_reverse_1: ĠA Ġ- ĠK
2022-10-19 16:43:21.325 447:link-prediction        INFO   input_tokens_2: ['Long', '.', 'parse', 'Long', '(', 'Ws', '[', '1', '])']
2022-10-19 16:43:21.326 455:link-prediction        INFO   input_ids_2: 78 89
2022-10-19 16:43:21.326 462:link-prediction        INFO   input_tokens_reverse_2: ĠLong Ġ. Ġparse Long Ġ( ĠW s Ġ[ Ġ1 Ġ] Ġ)
2022-10-19 16:43:21.326 419:link-prediction        INFO   *** Example ***
2022-10-19 16:43:21.326 420:link-prediction        INFO   idx: s077481161_main
2022-10-19 16:43:21.326 421:link-prediction        INFO   label: 1
2022-10-19 16:43:21.326 422:link-prediction        INFO   input_tokens_1: ['public', '_static', '_void', '_main', '(', 'String', '[]', '_args', ')']
2022-10-19 16:43:21.326 430:link-prediction        INFO   input_ids_1: 1 12
2022-10-19 16:43:21.326 437:link-prediction        INFO   input_tokens_reverse_1: public Ġstatic Ġvoid Ġmain Ġ Ġ( ĠString Ġ[ Ġ] Ġargs Ġ)
2022-10-19 16:43:21.326 447:link-prediction        INFO   input_tokens_2: ['b', '_=', '_(', 'array', '2', '[', '2', ']', '_*', '_10', ')', '_+', '_array', '2', '[', '3', ']']
2022-10-19 16:43:21.326 455:link-prediction        INFO   input_ids_2: 127 144
2022-10-19 16:43:21.326 462:link-prediction        INFO   input_tokens_reverse_2: Ġb Ġ= Ġ( Ġarray 2 Ġ[ Ġ2 Ġ] Ġ* Ġ10 Ġ) Ġ+ Ġarray 2 Ġ[ Ġ3 Ġ]
2022-10-19 16:43:21.327 419:link-prediction        INFO   *** Example ***
2022-10-19 16:43:21.327 420:link-prediction        INFO   idx: s170796941_getUpper
2022-10-19 16:43:21.327 421:link-prediction        INFO   label: 0
2022-10-19 16:43:21.327 422:link-prediction        INFO   input_tokens_1: ['end', '_=', '_arr', '.', 'length', '_-', '_1']
2022-10-19 16:43:21.327 430:link-prediction        INFO   input_ids_1: 22 29
2022-10-19 16:43:21.327 437:link-prediction        INFO   input_tokens_reverse_1: Ġend Ġ= Ġarr Ġ. Ġlength Ġ- Ġ1
2022-10-19 16:43:21.327 447:link-prediction        INFO   input_tokens_2: ['mid', '_=', '_(', 'start', '_+', '_end', ')', '_/', '_2']
2022-10-19 16:43:21.327 455:link-prediction        INFO   input_ids_2: 44 53
2022-10-19 16:43:21.327 462:link-prediction        INFO   input_tokens_reverse_2: Ġmid Ġ= Ġ( Ġstart Ġ+ Ġend Ġ) Ġ/ Ġ2
2022-10-19 16:43:21.327 419:link-prediction        INFO   *** Example ***
2022-10-19 16:43:21.327 420:link-prediction        INFO   idx: s974183078_main
2022-10-19 16:43:21.327 421:link-prediction        INFO   label: 1
2022-10-19 16:43:21.328 422:link-prediction        INFO   input_tokens_1: ['Integer', '.', 'parse', 'Int', '(', 'reader', '.', 'read', 'Line', '())']
2022-10-19 16:43:21.328 430:link-prediction        INFO   input_ids_1: 39 51
2022-10-19 16:43:21.328 437:link-prediction        INFO   input_tokens_reverse_1: ĠInteger Ġ. Ġparse Int Ġ( Ġreader Ġ. Ġread Line Ġ( Ġ) Ġ)
2022-10-19 16:43:21.328 447:link-prediction        INFO   input_tokens_2: ['void']
2022-10-19 16:43:21.328 455:link-prediction        INFO   input_ids_2: 3 4
2022-10-19 16:43:21.328 462:link-prediction        INFO   input_tokens_reverse_2: Ġvoid
2022-10-19 16:43:21.328 419:link-prediction        INFO   *** Example ***
2022-10-19 16:43:21.328 420:link-prediction        INFO   idx: s349321013_main
2022-10-19 16:43:21.328 421:link-prediction        INFO   label: 1
2022-10-19 16:43:21.328 422:link-prediction        INFO   input_tokens_1: ['public', '_static', '_void', '_main', '(', 'String', '[]', '_args', ')']
2022-10-19 16:43:21.328 430:link-prediction        INFO   input_ids_1: 1 12
2022-10-19 16:43:21.329 437:link-prediction        INFO   input_tokens_reverse_1: public Ġstatic Ġvoid Ġmain Ġ Ġ( ĠString Ġ[ Ġ] Ġargs Ġ)
2022-10-19 16:43:21.329 447:link-prediction        INFO   input_tokens_2: ['a', '_=', '_new', '_int', '[', 'n', ']']
2022-10-19 16:43:21.329 455:link-prediction        INFO   input_ids_2: 39 46
2022-10-19 16:43:21.329 462:link-prediction        INFO   input_tokens_reverse_2: Ġa Ġ= Ġnew Ġint Ġ[ Ġn Ġ]
2022-10-19 16:43:21.329 419:link-prediction        INFO   *** Example ***
2022-10-19 16:43:21.329 420:link-prediction        INFO   idx: s809030941_nextLong
2022-10-19 16:43:21.329 421:link-prediction        INFO   label: 1
2022-10-19 16:43:21.329 422:link-prediction        INFO   input_tokens_1: ['public', '_long', '_next', 'Long', '()']
2022-10-19 16:43:21.329 430:link-prediction        INFO   input_ids_1: 1 8
2022-10-19 16:43:21.329 437:link-prediction        INFO   input_tokens_reverse_1: public Ġlong Ġnext Long Ġ Ġ( Ġ)
2022-10-19 16:43:21.329 447:link-prediction        INFO   input_tokens_2: ['has', 'Next', '()']
2022-10-19 16:43:21.330 455:link-prediction        INFO   input_ids_2: 11 15
2022-10-19 16:43:21.330 462:link-prediction        INFO   input_tokens_reverse_2: Ġhas Next Ġ( Ġ)
2022-10-19 16:43:21.330 419:link-prediction        INFO   *** Example ***
2022-10-19 16:43:21.330 420:link-prediction        INFO   idx: s327296390_main
2022-10-19 16:43:21.330 421:link-prediction        INFO   label: 1
2022-10-19 16:43:21.330 422:link-prediction        INFO   input_tokens_1: ['buf', '.', 'split', '("', '_"', ')']
2022-10-19 16:43:21.330 430:link-prediction        INFO   input_ids_1: 170 177
2022-10-19 16:43:21.330 437:link-prediction        INFO   input_tokens_reverse_1: Ġbuf Ġ. Ġsplit Ġ( Ġ" Ġ" Ġ)
2022-10-19 16:43:21.330 447:link-prediction        INFO   input_tokens_2: ['array', '2', '_=', '_buf', '.', 'split', '("', '_"', ')']
2022-10-19 16:43:21.330 455:link-prediction        INFO   input_ids_2: 167 177
2022-10-19 16:43:21.330 462:link-prediction        INFO   input_tokens_reverse_2: Ġarray 2 Ġ= Ġbuf Ġ. Ġsplit Ġ( Ġ" Ġ" Ġ)
2022-10-19 16:43:21.330 419:link-prediction        INFO   *** Example ***
2022-10-19 16:43:21.330 420:link-prediction        INFO   idx: s689694412_main
2022-10-19 16:43:21.331 421:link-prediction        INFO   label: 1
2022-10-19 16:43:21.331 422:link-prediction        INFO   input_tokens_1: ['public', '_static', '_void', '_main', '(', 'String', '[]', '_args', ')']
2022-10-19 16:43:21.331 430:link-prediction        INFO   input_ids_1: 1 12
2022-10-19 16:43:21.331 437:link-prediction        INFO   input_tokens_reverse_1: public Ġstatic Ġvoid Ġmain Ġ Ġ( ĠString Ġ[ Ġ] Ġargs Ġ)
2022-10-19 16:43:21.331 447:link-prediction        INFO   input_tokens_2: ['k', '_=', '_scanner', '.', 'next', 'Int', '()']
2022-10-19 16:43:21.331 455:link-prediction        INFO   input_ids_2: 70 78
2022-10-19 16:43:21.331 462:link-prediction        INFO   input_tokens_reverse_2: Ġk Ġ= Ġscanner Ġ. Ġnext Int Ġ( Ġ)
2022-10-19 16:43:21.331 419:link-prediction        INFO   *** Example ***
2022-10-19 16:43:21.331 420:link-prediction        INFO   idx: s087729968_main
2022-10-19 16:43:21.331 421:link-prediction        INFO   label: 0
2022-10-19 16:43:21.331 422:link-prediction        INFO   input_tokens_1: ['a', '_=', '_0']
2022-10-19 16:43:21.331 430:link-prediction        INFO   input_ids_1: 67 70
2022-10-19 16:43:21.332 437:link-prediction        INFO   input_tokens_reverse_1: Ġa Ġ= Ġ0
2022-10-19 16:43:21.332 447:link-prediction        INFO   input_tokens_2: ['public', '_static', '_void', '_main', '(', 'String', '[]', '_args', ')']
2022-10-19 16:43:21.332 455:link-prediction        INFO   input_ids_2: 1 12
2022-10-19 16:43:21.332 462:link-prediction        INFO   input_tokens_reverse_2: public Ġstatic Ġvoid Ġmain Ġ Ġ( ĠString Ġ[ Ġ] Ġargs Ġ)
2022-10-19 16:43:21.332 419:link-prediction        INFO   *** Example ***
2022-10-19 16:43:21.332 420:link-prediction        INFO   idx: s141381070_main
2022-10-19 16:43:21.332 421:link-prediction        INFO   label: 1
2022-10-19 16:43:21.332 422:link-prediction        INFO   input_tokens_1: ['input', '[]', '_=', '_S', '.', 'to', 'Char', 'Array', '()']
2022-10-19 16:43:21.332 430:link-prediction        INFO   input_ids_1: 42 53
2022-10-19 16:43:21.332 437:link-prediction        INFO   input_tokens_reverse_1: Ġinput Ġ[ Ġ] Ġ= ĠS Ġ. Ġto Char Array Ġ( Ġ)
2022-10-19 16:43:21.333 447:link-prediction        INFO   input_tokens_2: ['input', '[', '2', ']', '_==', '_input', '[', '3', ']', '_&&', '_input', '[', '4', ']', '_==', '_input', '[', '5', ']']
2022-10-19 16:43:21.333 455:link-prediction        INFO   input_ids_2: 56 75
2022-10-19 16:43:21.333 462:link-prediction        INFO   input_tokens_reverse_2: Ġinput Ġ[ Ġ2 Ġ] Ġ== Ġinput Ġ[ Ġ3 Ġ] Ġ&& Ġinput Ġ[ Ġ4 Ġ] Ġ== Ġinput Ġ[ Ġ5 Ġ]
2022-10-19 16:43:21.333 419:link-prediction        INFO   *** Example ***
2022-10-19 16:43:21.333 420:link-prediction        INFO   idx: s268599817_main
2022-10-19 16:43:21.333 421:link-prediction        INFO   label: 0
2022-10-19 16:43:21.333 422:link-prediction        INFO   input_tokens_1: ['i', '_=', '_3']
2022-10-19 16:43:21.333 430:link-prediction        INFO   input_ids_1: 110 113
2022-10-19 16:43:21.333 437:link-prediction        INFO   input_tokens_reverse_1: Ġi Ġ= Ġ3
2022-10-19 16:43:21.333 447:link-prediction        INFO   input_tokens_2: ['System', '.', 'out', '.', 'println', '(', 'count', ')']
2022-10-19 16:43:21.333 455:link-prediction        INFO   input_ids_2: 172 180
2022-10-19 16:43:21.333 462:link-prediction        INFO   input_tokens_reverse_2: ĠSystem Ġ. Ġout Ġ. Ġprintln Ġ( Ġcount Ġ)
2022-10-19 16:43:21.334 419:link-prediction        INFO   *** Example ***
2022-10-19 16:43:21.334 420:link-prediction        INFO   idx: s407521227_main
2022-10-19 16:43:21.334 421:link-prediction        INFO   label: 0
2022-10-19 16:43:21.334 422:link-prediction        INFO   input_tokens_1: ['i', '_+', '_n', '2']
2022-10-19 16:43:21.334 430:link-prediction        INFO   input_ids_1: 151 155
2022-10-19 16:43:21.334 437:link-prediction        INFO   input_tokens_reverse_1: Ġi Ġ+ Ġn 2
2022-10-19 16:43:21.334 447:link-prediction        INFO   input_tokens_2: ['str', '2', '_=', '_sc', '.', 'next', 'Line', '()']
2022-10-19 16:43:21.334 455:link-prediction        INFO   input_ids_2: 38 47
2022-10-19 16:43:21.334 462:link-prediction        INFO   input_tokens_reverse_2: Ġstr 2 Ġ= Ġsc Ġ. Ġnext Line Ġ( Ġ)
2022-10-19 16:43:21.334 419:link-prediction        INFO   *** Example ***
2022-10-19 16:43:21.334 420:link-prediction        INFO   idx: s136793165_main
2022-10-19 16:43:21.334 421:link-prediction        INFO   label: 1
2022-10-19 16:43:21.334 422:link-prediction        INFO   input_tokens_1: ['m', '_+', '_1']
2022-10-19 16:43:21.335 430:link-prediction        INFO   input_ids_1: 135 138
2022-10-19 16:43:21.335 437:link-prediction        INFO   input_tokens_reverse_1: Ġm Ġ+ Ġ1
2022-10-19 16:43:21.335 447:link-prediction        INFO   input_tokens_2: ['void']
2022-10-19 16:43:21.335 455:link-prediction        INFO   input_ids_2: 3 4
2022-10-19 16:43:21.335 462:link-prediction        INFO   input_tokens_reverse_2: Ġvoid
2022-10-19 16:43:21.335 419:link-prediction        INFO   *** Example ***
2022-10-19 16:43:21.335 420:link-prediction        INFO   idx: s085362093_doIt
2022-10-19 16:43:21.335 421:link-prediction        INFO   label: 0
2022-10-19 16:43:21.335 422:link-prediction        INFO   input_tokens_1: ['sc', '.', 'next', 'Int', '()']
2022-10-19 16:43:21.335 430:link-prediction        INFO   input_ids_1: 21 27
2022-10-19 16:43:21.335 437:link-prediction        INFO   input_tokens_reverse_1: Ġsc Ġ. Ġnext Int Ġ( Ġ)
2022-10-19 16:43:21.335 447:link-prediction        INFO   input_tokens_2: ['A', '_%', '_i']
2022-10-19 16:43:21.336 455:link-prediction        INFO   input_ids_2: 55 58
2022-10-19 16:43:21.336 462:link-prediction        INFO   input_tokens_reverse_2: ĠA Ġ% Ġi
2022-10-19 16:43:22.090 571:link-prediction        INFO   ***** Running training *****
2022-10-19 16:43:22.090 572:link-prediction        INFO     Num examples = 66380
2022-10-19 16:43:22.100 573:link-prediction        INFO     Num Epochs = 2
2022-10-19 16:43:22.101 574:link-prediction        INFO     Instantaneous batch size per GPU = 64
2022-10-19 16:43:22.101 578:link-prediction        INFO     Total train batch size = 64
2022-10-19 16:43:22.101 582:link-prediction        INFO     Gradient Accumulation steps = 1
2022-10-19 16:43:22.101 585:link-prediction        INFO     Total optimization steps = 2076
2022-10-19 16:43:27.860 700:link-prediction        INFO   ***** Running evaluation *****
2022-10-19 16:43:27.860 701:link-prediction        INFO     Num examples = 22251
2022-10-19 16:43:27.860 702:link-prediction        INFO     Batch size = 32
2022-10-19 16:43:42.750 747:link-prediction        INFO   ***** Eval results *****
2022-10-19 16:43:42.750 749:link-prediction        INFO     eval_acc = 0.779
2022-10-19 16:43:42.750 749:link-prediction        INFO     eval_f1 = 0.7401
2022-10-19 16:43:42.750 749:link-prediction        INFO     eval_mcc = 0.5848
2022-10-19 16:43:42.750 749:link-prediction        INFO     eval_precision = 0.8982
2022-10-19 16:43:42.750 749:link-prediction        INFO     eval_recall = 0.6293
2022-10-19 16:43:42.750 749:link-prediction        INFO     eval_threshold = 0.5
2022-10-19 16:43:42.750 642:link-prediction        INFO     ********************
2022-10-19 16:43:42.750 643:link-prediction        INFO     Best f1:0.7401
2022-10-19 16:43:42.751 644:link-prediction        INFO     ********************
2022-10-19 16:43:42.752 659:link-prediction        INFO   Saving model checkpoint to ../link_prediction/java250/plm/graphcodebert_saved_models/3/ddg_8/checkpoint-best-f1/model.bin
2022-10-19 16:43:42.752 664:link-prediction        INFO     ********************
2022-10-19 16:43:42.752 665:link-prediction        INFO     Best MCC:0.5848
2022-10-19 16:43:42.752 666:link-prediction        INFO     ********************
2022-10-19 16:43:42.753 681:link-prediction        INFO   Saving model checkpoint to ../link_prediction/java250/plm/graphcodebert_saved_models/3/ddg_8/checkpoint-best-mcc/model.bin
2022-10-19 16:43:47.507 700:link-prediction        INFO   ***** Running evaluation *****
2022-10-19 16:43:47.516 701:link-prediction        INFO     Num examples = 22251
2022-10-19 16:43:47.517 702:link-prediction        INFO     Batch size = 32
2022-10-19 16:44:02.149 747:link-prediction        INFO   ***** Eval results *****
2022-10-19 16:44:02.149 749:link-prediction        INFO     eval_acc = 0.8139
2022-10-19 16:44:02.150 749:link-prediction        INFO     eval_f1 = 0.7933
2022-10-19 16:44:02.150 749:link-prediction        INFO     eval_mcc = 0.6408
2022-10-19 16:44:02.150 749:link-prediction        INFO     eval_precision = 0.8924
2022-10-19 16:44:02.150 749:link-prediction        INFO     eval_recall = 0.714
2022-10-19 16:44:02.150 749:link-prediction        INFO     eval_threshold = 0.5
2022-10-19 16:44:02.150 642:link-prediction        INFO     ********************
2022-10-19 16:44:02.150 643:link-prediction        INFO     Best f1:0.7933
2022-10-19 16:44:02.150 644:link-prediction        INFO     ********************
2022-10-19 16:44:02.151 659:link-prediction        INFO   Saving model checkpoint to ../link_prediction/java250/plm/graphcodebert_saved_models/3/ddg_8/checkpoint-best-f1/model.bin
2022-10-19 16:44:02.151 664:link-prediction        INFO     ********************
2022-10-19 16:44:02.151 665:link-prediction        INFO     Best MCC:0.6408
2022-10-19 16:44:02.151 666:link-prediction        INFO     ********************
2022-10-19 16:44:02.152 681:link-prediction        INFO   Saving model checkpoint to ../link_prediction/java250/plm/graphcodebert_saved_models/3/ddg_8/checkpoint-best-mcc/model.bin
2022-10-19 16:44:06.975 700:link-prediction        INFO   ***** Running evaluation *****
2022-10-19 16:44:06.976 701:link-prediction        INFO     Num examples = 22251
2022-10-19 16:44:06.976 702:link-prediction        INFO     Batch size = 32
2022-10-19 16:44:22.199 747:link-prediction        INFO   ***** Eval results *****
2022-10-19 16:44:22.199 749:link-prediction        INFO     eval_acc = 0.8309
2022-10-19 16:44:22.200 749:link-prediction        INFO     eval_f1 = 0.8238
2022-10-19 16:44:22.200 749:link-prediction        INFO     eval_mcc = 0.664
2022-10-19 16:44:22.200 749:link-prediction        INFO     eval_precision = 0.8601
2022-10-19 16:44:22.200 749:link-prediction        INFO     eval_recall = 0.7904
2022-10-19 16:44:22.200 749:link-prediction        INFO     eval_threshold = 0.5
2022-10-19 16:44:22.200 642:link-prediction        INFO     ********************
2022-10-19 16:44:22.200 643:link-prediction        INFO     Best f1:0.8238
2022-10-19 16:44:22.200 644:link-prediction        INFO     ********************
2022-10-19 16:44:22.201 659:link-prediction        INFO   Saving model checkpoint to ../link_prediction/java250/plm/graphcodebert_saved_models/3/ddg_8/checkpoint-best-f1/model.bin
2022-10-19 16:44:22.201 664:link-prediction        INFO     ********************
2022-10-19 16:44:22.201 665:link-prediction        INFO     Best MCC:0.664
2022-10-19 16:44:22.201 666:link-prediction        INFO     ********************
2022-10-19 16:44:22.202 681:link-prediction        INFO   Saving model checkpoint to ../link_prediction/java250/plm/graphcodebert_saved_models/3/ddg_8/checkpoint-best-mcc/model.bin
2022-10-19 16:44:27.015 700:link-prediction        INFO   ***** Running evaluation *****
2022-10-19 16:44:27.016 701:link-prediction        INFO     Num examples = 22251
2022-10-19 16:44:27.016 702:link-prediction        INFO     Batch size = 32
2022-10-19 16:44:42.190 747:link-prediction        INFO   ***** Eval results *****
2022-10-19 16:44:42.190 749:link-prediction        INFO     eval_acc = 0.8332
2022-10-19 16:44:42.191 749:link-prediction        INFO     eval_f1 = 0.839
2022-10-19 16:44:42.191 749:link-prediction        INFO     eval_mcc = 0.6681
2022-10-19 16:44:42.191 749:link-prediction        INFO     eval_precision = 0.8107
2022-10-19 16:44:42.191 749:link-prediction        INFO     eval_recall = 0.8693
2022-10-19 16:44:42.191 749:link-prediction        INFO     eval_threshold = 0.5
2022-10-19 16:44:42.191 642:link-prediction        INFO     ********************
2022-10-19 16:44:42.191 643:link-prediction        INFO     Best f1:0.839
2022-10-19 16:44:42.191 644:link-prediction        INFO     ********************
2022-10-19 16:44:42.192 659:link-prediction        INFO   Saving model checkpoint to ../link_prediction/java250/plm/graphcodebert_saved_models/3/ddg_8/checkpoint-best-f1/model.bin
2022-10-19 16:44:42.192 664:link-prediction        INFO     ********************
2022-10-19 16:44:42.192 665:link-prediction        INFO     Best MCC:0.6681
2022-10-19 16:44:42.192 666:link-prediction        INFO     ********************
2022-10-19 16:44:42.193 681:link-prediction        INFO   Saving model checkpoint to ../link_prediction/java250/plm/graphcodebert_saved_models/3/ddg_8/checkpoint-best-mcc/model.bin
2022-10-19 16:44:46.992 700:link-prediction        INFO   ***** Running evaluation *****
2022-10-19 16:44:46.992 701:link-prediction        INFO     Num examples = 22251
2022-10-19 16:44:46.992 702:link-prediction        INFO     Batch size = 32
2022-10-19 16:45:02.305 747:link-prediction        INFO   ***** Eval results *****
2022-10-19 16:45:02.305 749:link-prediction        INFO     eval_acc = 0.8402
2022-10-19 16:45:02.305 749:link-prediction        INFO     eval_f1 = 0.8395
2022-10-19 16:45:02.305 749:link-prediction        INFO     eval_mcc = 0.6804
2022-10-19 16:45:02.305 749:link-prediction        INFO     eval_precision = 0.8432
2022-10-19 16:45:02.306 749:link-prediction        INFO     eval_recall = 0.8358
2022-10-19 16:45:02.306 749:link-prediction        INFO     eval_threshold = 0.5
2022-10-19 16:45:02.306 642:link-prediction        INFO     ********************
2022-10-19 16:45:02.306 643:link-prediction        INFO     Best f1:0.8395
2022-10-19 16:45:02.306 644:link-prediction        INFO     ********************
2022-10-19 16:45:02.307 659:link-prediction        INFO   Saving model checkpoint to ../link_prediction/java250/plm/graphcodebert_saved_models/3/ddg_8/checkpoint-best-f1/model.bin
2022-10-19 16:45:02.307 664:link-prediction        INFO     ********************
2022-10-19 16:45:02.307 665:link-prediction        INFO     Best MCC:0.6804
2022-10-19 16:45:02.307 666:link-prediction        INFO     ********************
2022-10-19 16:45:02.307 681:link-prediction        INFO   Saving model checkpoint to ../link_prediction/java250/plm/graphcodebert_saved_models/3/ddg_8/checkpoint-best-mcc/model.bin
2022-10-19 16:45:07.110 700:link-prediction        INFO   ***** Running evaluation *****
2022-10-19 16:45:07.110 701:link-prediction        INFO     Num examples = 22251
2022-10-19 16:45:07.110 702:link-prediction        INFO     Batch size = 32
2022-10-19 16:45:22.313 747:link-prediction        INFO   ***** Eval results *****
2022-10-19 16:45:22.313 749:link-prediction        INFO     eval_acc = 0.8381
2022-10-19 16:45:22.313 749:link-prediction        INFO     eval_f1 = 0.8368
2022-10-19 16:45:22.313 749:link-prediction        INFO     eval_mcc = 0.6763
2022-10-19 16:45:22.313 749:link-prediction        INFO     eval_precision = 0.8436
2022-10-19 16:45:22.313 749:link-prediction        INFO     eval_recall = 0.8301
2022-10-19 16:45:22.313 749:link-prediction        INFO     eval_threshold = 0.5
2022-10-19 16:45:27.119 700:link-prediction        INFO   ***** Running evaluation *****
2022-10-19 16:45:27.120 701:link-prediction        INFO     Num examples = 22251
2022-10-19 16:45:27.120 702:link-prediction        INFO     Batch size = 32
2022-10-19 16:45:42.420 747:link-prediction        INFO   ***** Eval results *****
2022-10-19 16:45:42.420 749:link-prediction        INFO     eval_acc = 0.841
2022-10-19 16:45:42.420 749:link-prediction        INFO     eval_f1 = 0.8456
2022-10-19 16:45:42.420 749:link-prediction        INFO     eval_mcc = 0.6831
2022-10-19 16:45:42.420 749:link-prediction        INFO     eval_precision = 0.8217
2022-10-19 16:45:42.420 749:link-prediction        INFO     eval_recall = 0.8709
2022-10-19 16:45:42.420 749:link-prediction        INFO     eval_threshold = 0.5
2022-10-19 16:45:42.420 642:link-prediction        INFO     ********************
2022-10-19 16:45:42.420 643:link-prediction        INFO     Best f1:0.8456
2022-10-19 16:45:42.420 644:link-prediction        INFO     ********************
2022-10-19 16:45:42.421 659:link-prediction        INFO   Saving model checkpoint to ../link_prediction/java250/plm/graphcodebert_saved_models/3/ddg_8/checkpoint-best-f1/model.bin
2022-10-19 16:45:42.421 664:link-prediction        INFO     ********************
2022-10-19 16:45:42.422 665:link-prediction        INFO     Best MCC:0.6831
2022-10-19 16:45:42.422 666:link-prediction        INFO     ********************
2022-10-19 16:45:42.422 681:link-prediction        INFO   Saving model checkpoint to ../link_prediction/java250/plm/graphcodebert_saved_models/3/ddg_8/checkpoint-best-mcc/model.bin
2022-10-19 16:45:47.267 700:link-prediction        INFO   ***** Running evaluation *****
2022-10-19 16:45:47.267 701:link-prediction        INFO     Num examples = 22251
2022-10-19 16:45:47.267 702:link-prediction        INFO     Batch size = 32
2022-10-19 16:46:02.541 747:link-prediction        INFO   ***** Eval results *****
2022-10-19 16:46:02.542 749:link-prediction        INFO     eval_acc = 0.843
2022-10-19 16:46:02.542 749:link-prediction        INFO     eval_f1 = 0.8434
2022-10-19 16:46:02.542 749:link-prediction        INFO     eval_mcc = 0.686
2022-10-19 16:46:02.542 749:link-prediction        INFO     eval_precision = 0.8413
2022-10-19 16:46:02.542 749:link-prediction        INFO     eval_recall = 0.8455
2022-10-19 16:46:02.542 749:link-prediction        INFO     eval_threshold = 0.5
2022-10-19 16:46:02.542 664:link-prediction        INFO     ********************
2022-10-19 16:46:02.542 665:link-prediction        INFO     Best MCC:0.686
2022-10-19 16:46:02.542 666:link-prediction        INFO     ********************
2022-10-19 16:46:02.543 681:link-prediction        INFO   Saving model checkpoint to ../link_prediction/java250/plm/graphcodebert_saved_models/3/ddg_8/checkpoint-best-mcc/model.bin
2022-10-19 16:46:07.332 700:link-prediction        INFO   ***** Running evaluation *****
2022-10-19 16:46:07.332 701:link-prediction        INFO     Num examples = 22251
2022-10-19 16:46:07.332 702:link-prediction        INFO     Batch size = 32
2022-10-19 16:46:22.658 747:link-prediction        INFO   ***** Eval results *****
2022-10-19 16:46:22.659 749:link-prediction        INFO     eval_acc = 0.8405
2022-10-19 16:46:22.659 749:link-prediction        INFO     eval_f1 = 0.8394
2022-10-19 16:46:22.659 749:link-prediction        INFO     eval_mcc = 0.6812
2022-10-19 16:46:22.659 749:link-prediction        INFO     eval_precision = 0.8455
2022-10-19 16:46:22.659 749:link-prediction        INFO     eval_recall = 0.8334
2022-10-19 16:46:22.659 749:link-prediction        INFO     eval_threshold = 0.5
2022-10-19 16:46:27.418 700:link-prediction        INFO   ***** Running evaluation *****
2022-10-19 16:46:27.418 701:link-prediction        INFO     Num examples = 22251
2022-10-19 16:46:27.418 702:link-prediction        INFO     Batch size = 32
2022-10-19 16:46:42.691 747:link-prediction        INFO   ***** Eval results *****
2022-10-19 16:46:42.692 749:link-prediction        INFO     eval_acc = 0.8341
2022-10-19 16:46:42.692 749:link-prediction        INFO     eval_f1 = 0.8209
2022-10-19 16:46:42.692 749:link-prediction        INFO     eval_mcc = 0.6757
2022-10-19 16:46:42.692 749:link-prediction        INFO     eval_precision = 0.8922
2022-10-19 16:46:42.692 749:link-prediction        INFO     eval_recall = 0.7601
2022-10-19 16:46:42.692 749:link-prediction        INFO     eval_threshold = 0.5
2022-10-19 16:46:47.505 700:link-prediction        INFO   ***** Running evaluation *****
2022-10-19 16:46:47.505 701:link-prediction        INFO     Num examples = 22251
2022-10-19 16:46:47.505 702:link-prediction        INFO     Batch size = 32
2022-10-19 16:47:02.573 747:link-prediction        INFO   ***** Eval results *****
2022-10-19 16:47:02.573 749:link-prediction        INFO     eval_acc = 0.842
2022-10-19 16:47:02.573 749:link-prediction        INFO     eval_f1 = 0.8401
2022-10-19 16:47:02.573 749:link-prediction        INFO     eval_mcc = 0.6842
2022-10-19 16:47:02.573 749:link-prediction        INFO     eval_precision = 0.8502
2022-10-19 16:47:02.573 749:link-prediction        INFO     eval_recall = 0.8303
2022-10-19 16:47:02.574 749:link-prediction        INFO     eval_threshold = 0.5
2022-10-19 16:47:07.365 700:link-prediction        INFO   ***** Running evaluation *****
2022-10-19 16:47:07.365 701:link-prediction        INFO     Num examples = 22251
2022-10-19 16:47:07.365 702:link-prediction        INFO     Batch size = 32
2022-10-19 16:47:22.611 747:link-prediction        INFO   ***** Eval results *****
2022-10-19 16:47:22.611 749:link-prediction        INFO     eval_acc = 0.8392
2022-10-19 16:47:22.611 749:link-prediction        INFO     eval_f1 = 0.8315
2022-10-19 16:47:22.611 749:link-prediction        INFO     eval_mcc = 0.6813
2022-10-19 16:47:22.611 749:link-prediction        INFO     eval_precision = 0.8735
2022-10-19 16:47:22.611 749:link-prediction        INFO     eval_recall = 0.7933
2022-10-19 16:47:22.611 749:link-prediction        INFO     eval_threshold = 0.5
2022-10-19 16:47:27.392 700:link-prediction        INFO   ***** Running evaluation *****
2022-10-19 16:47:27.392 701:link-prediction        INFO     Num examples = 22251
2022-10-19 16:47:27.393 702:link-prediction        INFO     Batch size = 32
2022-10-19 16:47:42.519 747:link-prediction        INFO   ***** Eval results *****
2022-10-19 16:47:42.520 749:link-prediction        INFO     eval_acc = 0.8411
2022-10-19 16:47:42.520 749:link-prediction        INFO     eval_f1 = 0.8292
2022-10-19 16:47:42.520 749:link-prediction        INFO     eval_mcc = 0.6889
2022-10-19 16:47:42.520 749:link-prediction        INFO     eval_precision = 0.8962
2022-10-19 16:47:42.520 749:link-prediction        INFO     eval_recall = 0.7715
2022-10-19 16:47:42.520 749:link-prediction        INFO     eval_threshold = 0.5
2022-10-19 16:47:42.520 664:link-prediction        INFO     ********************
2022-10-19 16:47:42.520 665:link-prediction        INFO     Best MCC:0.6889
2022-10-19 16:47:42.520 666:link-prediction        INFO     ********************
2022-10-19 16:47:42.521 681:link-prediction        INFO   Saving model checkpoint to ../link_prediction/java250/plm/graphcodebert_saved_models/3/ddg_8/checkpoint-best-mcc/model.bin
2022-10-19 16:47:47.290 700:link-prediction        INFO   ***** Running evaluation *****
2022-10-19 16:47:47.291 701:link-prediction        INFO     Num examples = 22251
2022-10-19 16:47:47.291 702:link-prediction        INFO     Batch size = 32
2022-10-19 16:48:02.618 747:link-prediction        INFO   ***** Eval results *****
2022-10-19 16:48:02.618 749:link-prediction        INFO     eval_acc = 0.8419
2022-10-19 16:48:02.618 749:link-prediction        INFO     eval_f1 = 0.8357
2022-10-19 16:48:02.618 749:link-prediction        INFO     eval_mcc = 0.6859
2022-10-19 16:48:02.618 749:link-prediction        INFO     eval_precision = 0.8702
2022-10-19 16:48:02.619 749:link-prediction        INFO     eval_recall = 0.8038
2022-10-19 16:48:02.619 749:link-prediction        INFO     eval_threshold = 0.5
2022-10-19 16:48:07.380 700:link-prediction        INFO   ***** Running evaluation *****
2022-10-19 16:48:07.380 701:link-prediction        INFO     Num examples = 22251
2022-10-19 16:48:07.380 702:link-prediction        INFO     Batch size = 32
2022-10-19 16:48:22.425 747:link-prediction        INFO   ***** Eval results *****
2022-10-19 16:48:22.425 749:link-prediction        INFO     eval_acc = 0.843
2022-10-19 16:48:22.425 749:link-prediction        INFO     eval_f1 = 0.8401
2022-10-19 16:48:22.425 749:link-prediction        INFO     eval_mcc = 0.6864
2022-10-19 16:48:22.425 749:link-prediction        INFO     eval_precision = 0.856
2022-10-19 16:48:22.425 749:link-prediction        INFO     eval_recall = 0.8247
2022-10-19 16:48:22.426 749:link-prediction        INFO     eval_threshold = 0.5
2022-10-19 16:48:27.180 700:link-prediction        INFO   ***** Running evaluation *****
2022-10-19 16:48:27.180 701:link-prediction        INFO     Num examples = 22251
2022-10-19 16:48:27.180 702:link-prediction        INFO     Batch size = 32
2022-10-19 16:48:42.465 747:link-prediction        INFO   ***** Eval results *****
2022-10-19 16:48:42.466 749:link-prediction        INFO     eval_acc = 0.8435
2022-10-19 16:48:42.466 749:link-prediction        INFO     eval_f1 = 0.8409
2022-10-19 16:48:42.466 749:link-prediction        INFO     eval_mcc = 0.6874
2022-10-19 16:48:42.466 749:link-prediction        INFO     eval_precision = 0.855
2022-10-19 16:48:42.466 749:link-prediction        INFO     eval_recall = 0.8273
2022-10-19 16:48:42.466 749:link-prediction        INFO     eval_threshold = 0.5
2022-10-19 16:48:47.255 700:link-prediction        INFO   ***** Running evaluation *****
2022-10-19 16:48:47.255 701:link-prediction        INFO     Num examples = 22251
2022-10-19 16:48:47.255 702:link-prediction        INFO     Batch size = 32
2022-10-19 16:49:02.473 747:link-prediction        INFO   ***** Eval results *****
2022-10-19 16:49:02.473 749:link-prediction        INFO     eval_acc = 0.8432
2022-10-19 16:49:02.473 749:link-prediction        INFO     eval_f1 = 0.8411
2022-10-19 16:49:02.473 749:link-prediction        INFO     eval_mcc = 0.6867
2022-10-19 16:49:02.473 749:link-prediction        INFO     eval_precision = 0.8528
2022-10-19 16:49:02.473 749:link-prediction        INFO     eval_recall = 0.8297
2022-10-19 16:49:02.474 749:link-prediction        INFO     eval_threshold = 0.5
2022-10-19 16:49:07.267 700:link-prediction        INFO   ***** Running evaluation *****
2022-10-19 16:49:07.267 701:link-prediction        INFO     Num examples = 22251
2022-10-19 16:49:07.267 702:link-prediction        INFO     Batch size = 32
2022-10-19 16:49:22.611 747:link-prediction        INFO   ***** Eval results *****
2022-10-19 16:49:22.611 749:link-prediction        INFO     eval_acc = 0.8431
2022-10-19 16:49:22.611 749:link-prediction        INFO     eval_f1 = 0.8431
2022-10-19 16:49:22.611 749:link-prediction        INFO     eval_mcc = 0.6862
2022-10-19 16:49:22.611 749:link-prediction        INFO     eval_precision = 0.8434
2022-10-19 16:49:22.611 749:link-prediction        INFO     eval_recall = 0.8427
2022-10-19 16:49:22.611 749:link-prediction        INFO     eval_threshold = 0.5
2022-10-19 16:49:27.417 700:link-prediction        INFO   ***** Running evaluation *****
2022-10-19 16:49:27.417 701:link-prediction        INFO     Num examples = 22251
2022-10-19 16:49:27.417 702:link-prediction        INFO     Batch size = 32
2022-10-19 16:49:42.690 747:link-prediction        INFO   ***** Eval results *****
2022-10-19 16:49:42.691 749:link-prediction        INFO     eval_acc = 0.8432
2022-10-19 16:49:42.691 749:link-prediction        INFO     eval_f1 = 0.8387
2022-10-19 16:49:42.691 749:link-prediction        INFO     eval_mcc = 0.6873
2022-10-19 16:49:42.691 749:link-prediction        INFO     eval_precision = 0.8631
2022-10-19 16:49:42.691 749:link-prediction        INFO     eval_recall = 0.8157
2022-10-19 16:49:42.691 749:link-prediction        INFO     eval_threshold = 0.5
2022-10-19 16:49:47.487 700:link-prediction        INFO   ***** Running evaluation *****
2022-10-19 16:49:47.487 701:link-prediction        INFO     Num examples = 22251
2022-10-19 16:49:47.487 702:link-prediction        INFO     Batch size = 32
2022-10-19 16:50:02.813 747:link-prediction        INFO   ***** Eval results *****
2022-10-19 16:50:02.814 749:link-prediction        INFO     eval_acc = 0.8448
2022-10-19 16:50:02.814 749:link-prediction        INFO     eval_f1 = 0.8417
2022-10-19 16:50:02.814 749:link-prediction        INFO     eval_mcc = 0.6901
2022-10-19 16:50:02.814 749:link-prediction        INFO     eval_precision = 0.8588
2022-10-19 16:50:02.814 749:link-prediction        INFO     eval_recall = 0.8252
2022-10-19 16:50:02.814 749:link-prediction        INFO     eval_threshold = 0.5
2022-10-19 16:50:02.814 664:link-prediction        INFO     ********************
2022-10-19 16:50:02.814 665:link-prediction        INFO     Best MCC:0.6901
2022-10-19 16:50:02.814 666:link-prediction        INFO     ********************
2022-10-19 16:50:02.815 681:link-prediction        INFO   Saving model checkpoint to ../link_prediction/java250/plm/graphcodebert_saved_models/3/ddg_8/checkpoint-best-mcc/model.bin
2022-10-19 16:50:03.528 769:link-prediction        INFO   ***** Running Test *****
2022-10-19 16:50:03.529 770:link-prediction        INFO     Num examples = 21866
2022-10-19 16:50:03.529 771:link-prediction        INFO     Batch size = 32
2022-10-19 16:50:17.970 812:link-prediction        INFO   ***** Test results *****
2022-10-19 16:50:17.970 814:link-prediction        INFO     eval_acc = 0.839
2022-10-19 16:50:17.971 814:link-prediction        INFO     eval_f1 = 0.844
2022-10-19 16:50:17.971 814:link-prediction        INFO     eval_mcc = 0.6794
2022-10-19 16:50:17.971 814:link-prediction        INFO     eval_precision = 0.8186
2022-10-19 16:50:17.971 814:link-prediction        INFO     eval_recall = 0.8711
2022-10-19 16:50:17.971 814:link-prediction        INFO     eval_threshold = 0.5
