2022-10-22 03:23:05.839 933:link-prediction        DEBUG  main message
2022-10-22 03:23:05.839 939:link-prediction        WARNING device: cuda, n_gpu: 1
2022-10-22 03:23:13.829 954:link-prediction        INFO   Load Dataset
2022-10-22 03:23:31.113 246:link-prediction        INFO   Load Span file and Graph data, data path: ../datasets/poj-104/graphs/exp1/graphcodebert/graphcodebert_train_cfg_cleaned.pt
2022-10-22 03:23:32.650 298:link-prediction        INFO   Labels Counter({1: 23400, 0: 23400})
2022-10-22 03:23:32.915 246:link-prediction        INFO   Load Span file and Graph data, data path: ../datasets/poj-104/graphs/exp1/graphcodebert/graphcodebert_valid_cfg_cleaned.pt
2022-10-22 03:23:33.611 298:link-prediction        INFO   Labels Counter({1: 8225, 0: 8225})
2022-10-22 03:23:33.859 246:link-prediction        INFO   Load Span file and Graph data, data path: ../datasets/poj-104/graphs/exp1/graphcodebert/graphcodebert_test_cfg_cleaned.pt
2022-10-22 03:23:34.774 298:link-prediction        INFO   Labels Counter({0: 7694, 1: 7694})
2022-10-22 03:23:34.774 303:link-prediction        INFO   *** Example ***
2022-10-22 03:23:34.774 304:link-prediction        INFO   idx: 41949
2022-10-22 03:23:34.774 305:link-prediction        INFO   label: 1
2022-10-22 03:23:34.776 306:link-prediction        INFO   input_tokens_1: ['a', '_>=', '_b']
2022-10-22 03:23:34.776 314:link-prediction        INFO   input_ids_1: 75 78
2022-10-22 03:23:34.776 321:link-prediction        INFO   span_arry_1: [75, 77] [75, 77], mask 1 0
2022-10-22 03:23:34.776 331:link-prediction        INFO   input_tokens_reverse_1: a Ġ>= Ġb
2022-10-22 03:23:34.777 341:link-prediction        INFO   input_tokens_2: ['m', '_>=', '_a']
2022-10-22 03:23:34.777 349:link-prediction        INFO   input_ids_2: 82 85
2022-10-22 03:23:34.777 356:link-prediction        INFO   span_arry_2: [82, 84] [82, 84], mask 1 0
2022-10-22 03:23:34.777 366:link-prediction        INFO   input_tokens_reverse_2: m Ġ>= Ġa
2022-10-22 03:23:34.777 303:link-prediction        INFO   *** Example ***
2022-10-22 03:23:34.777 304:link-prediction        INFO   idx: 50768
2022-10-22 03:23:34.777 305:link-prediction        INFO   label: 0
2022-10-22 03:23:34.777 306:link-prediction        INFO   input_tokens_1: ['b']
2022-10-22 03:23:34.777 314:link-prediction        INFO   input_ids_1: 177 178
2022-10-22 03:23:34.777 321:link-prediction        INFO   span_arry_1: [177, 177] [177, 177], mask 1 0
2022-10-22 03:23:34.777 331:link-prediction        INFO   input_tokens_reverse_1: b
2022-10-22 03:23:34.777 341:link-prediction        INFO   input_tokens_2: ['x', '_-', '_1']
2022-10-22 03:23:34.778 349:link-prediction        INFO   input_ids_2: 154 157
2022-10-22 03:23:34.778 356:link-prediction        INFO   span_arry_2: [154, 156] [154, 156], mask 1 0
2022-10-22 03:23:34.778 366:link-prediction        INFO   input_tokens_reverse_2: Ġx Ġ- Ġ1
2022-10-22 03:23:34.778 303:link-prediction        INFO   *** Example ***
2022-10-22 03:23:34.778 304:link-prediction        INFO   idx: 50507
2022-10-22 03:23:34.778 305:link-prediction        INFO   label: 0
2022-10-22 03:23:34.778 306:link-prediction        INFO   input_tokens_1: ['r', '_=', '_j', '_-', '_1']
2022-10-22 03:23:34.778 314:link-prediction        INFO   input_ids_1: 120 125
2022-10-22 03:23:34.778 321:link-prediction        INFO   span_arry_1: [120, 124] [120, 124], mask 1 0
2022-10-22 03:23:34.778 331:link-prediction        INFO   input_tokens_reverse_1: r Ġ= Ġj Ġ- Ġ1
2022-10-22 03:23:34.778 341:link-prediction        INFO   input_tokens_2: ['i', '_=', '_k', '_-', '_1']
2022-10-22 03:23:34.779 349:link-prediction        INFO   input_ids_2: 288 293
2022-10-22 03:23:34.779 356:link-prediction        INFO   span_arry_2: [288, 292] [288, 292], mask 1 0
2022-10-22 03:23:34.779 366:link-prediction        INFO   input_tokens_reverse_2: i Ġ= Ġk Ġ- Ġ1
2022-10-22 03:23:34.779 303:link-prediction        INFO   *** Example ***
2022-10-22 03:23:34.779 304:link-prediction        INFO   idx: 40986
2022-10-22 03:23:34.779 305:link-prediction        INFO   label: 1
2022-10-22 03:23:34.779 306:link-prediction        INFO   input_tokens_1: ['a', '[', 'i', ']']
2022-10-22 03:23:34.779 314:link-prediction        INFO   input_ids_1: 80 84
2022-10-22 03:23:34.779 321:link-prediction        INFO   span_arry_1: [80, 83] [80, 83], mask 1 0
2022-10-22 03:23:34.779 331:link-prediction        INFO   input_tokens_reverse_1: a [ i ]);
2022-10-22 03:23:34.779 341:link-prediction        INFO   input_tokens_2: ['scan', 'f', '("', '%', 'd', '",', '_&', 'a', '[', 'i', '])']
2022-10-22 03:23:34.779 349:link-prediction        INFO   input_ids_2: 73 84
2022-10-22 03:23:34.780 356:link-prediction        INFO   span_arry_2: [73, 79] [73, 79], mask 1 0
2022-10-22 03:23:34.780 366:link-prediction        INFO   input_tokens_reverse_2: Ġscan f (" % d ", Ġ& a [ i ]);
2022-10-22 03:23:34.780 303:link-prediction        INFO   *** Example ***
2022-10-22 03:23:34.780 304:link-prediction        INFO   idx: 49647
2022-10-22 03:23:34.780 305:link-prediction        INFO   label: 1
2022-10-22 03:23:34.780 306:link-prediction        INFO   input_tokens_1: ['c', '_<=', "_'", 'Z', "'"]
2022-10-22 03:23:34.780 314:link-prediction        INFO   input_ids_1: 32 37
2022-10-22 03:23:34.780 321:link-prediction        INFO   span_arry_1: [32, 36] [32, 36], mask 1 0
2022-10-22 03:23:34.780 331:link-prediction        INFO   input_tokens_reverse_1: Ġc Ġ<= Ġ' Z ';
2022-10-22 03:23:34.780 341:link-prediction        INFO   input_tokens_2: ['num', '_=', '_0']
2022-10-22 03:23:34.780 349:link-prediction        INFO   input_ids_2: 40 43
2022-10-22 03:23:34.780 356:link-prediction        INFO   span_arry_2: [40, 42] [40, 42], mask 1 0
2022-10-22 03:23:34.781 366:link-prediction        INFO   input_tokens_reverse_2: Ġnum Ġ= Ġ0
2022-10-22 03:23:34.781 303:link-prediction        INFO   *** Example ***
2022-10-22 03:23:34.781 304:link-prediction        INFO   idx: 45139
2022-10-22 03:23:34.781 305:link-prediction        INFO   label: 1
2022-10-22 03:23:34.781 306:link-prediction        INFO   input_tokens_1: ['i', '_<', '_n']
2022-10-22 03:23:34.781 314:link-prediction        INFO   input_ids_1: 52 55
2022-10-22 03:23:34.781 321:link-prediction        INFO   span_arry_1: [52, 54] [52, 54], mask 1 0
2022-10-22 03:23:34.781 331:link-prediction        INFO   input_tokens_reverse_1: Ġi Ġ< Ġn
2022-10-22 03:23:34.781 341:link-prediction        INFO   input_tokens_2: ['i', '_!=', '_n', '_-', '_1']
2022-10-22 03:23:34.781 349:link-prediction        INFO   input_ids_2: 61 66
2022-10-22 03:23:34.781 356:link-prediction        INFO   span_arry_2: [61, 65] [61, 65], mask 1 0
2022-10-22 03:23:34.781 366:link-prediction        INFO   input_tokens_reverse_2: i Ġ!= Ġn Ġ- Ġ1
2022-10-22 03:23:34.782 303:link-prediction        INFO   *** Example ***
2022-10-22 03:23:34.782 304:link-prediction        INFO   idx: 42878
2022-10-22 03:23:34.782 305:link-prediction        INFO   label: 0
2022-10-22 03:23:34.782 306:link-prediction        INFO   input_tokens_1: ['printf', '("', '%', 'd', '\\', 'n', '",', '_60', '_-', '_3', '_*', '_j', ')']
2022-10-22 03:23:34.782 314:link-prediction        INFO   input_ids_1: 136 149
2022-10-22 03:23:34.782 321:link-prediction        INFO   span_arry_1: [136, 148] [136, 148], mask 1 0
2022-10-22 03:23:34.782 331:link-prediction        INFO   input_tokens_reverse_1: Ġprintf (" % d \ n ", Ġ60 Ġ- Ġ3 Ġ* Ġj );
2022-10-22 03:23:34.782 341:link-prediction        INFO   input_tokens_2: ['++', 'j', '_<', '_m']
2022-10-22 03:23:34.782 349:link-prediction        INFO   input_ids_2: 176 180
2022-10-22 03:23:34.782 356:link-prediction        INFO   span_arry_2: [176, 179] [176, 179], mask 1 0
2022-10-22 03:23:34.782 366:link-prediction        INFO   input_tokens_reverse_2: ++ j Ġ< Ġm
2022-10-22 03:23:34.783 303:link-prediction        INFO   *** Example ***
2022-10-22 03:23:34.783 304:link-prediction        INFO   idx: 44837
2022-10-22 03:23:34.783 305:link-prediction        INFO   label: 0
2022-10-22 03:23:34.783 306:link-prediction        INFO   input_tokens_1: ['i', '_=', '_0']
2022-10-22 03:23:34.783 314:link-prediction        INFO   input_ids_1: 20 23
2022-10-22 03:23:34.783 321:link-prediction        INFO   span_arry_1: [20, 22] [20, 22], mask 1 0
2022-10-22 03:23:34.783 331:link-prediction        INFO   input_tokens_reverse_1: i Ġ= Ġ0
2022-10-22 03:23:34.783 341:link-prediction        INFO   input_tokens_2: ['int']
2022-10-22 03:23:34.783 349:link-prediction        INFO   input_ids_2: 1 2
2022-10-22 03:23:34.783 356:link-prediction        INFO   span_arry_2: [1, 1] [1, 1], mask 1 0
2022-10-22 03:23:34.783 366:link-prediction        INFO   input_tokens_reverse_2: int
2022-10-22 03:23:34.783 303:link-prediction        INFO   *** Example ***
2022-10-22 03:23:34.783 304:link-prediction        INFO   idx: 45671
2022-10-22 03:23:34.784 305:link-prediction        INFO   label: 1
2022-10-22 03:23:34.784 306:link-prediction        INFO   input_tokens_1: ['a', '1', '[', 'i', '_+', '_k', ']']
2022-10-22 03:23:34.784 314:link-prediction        INFO   input_ids_1: 203 210
2022-10-22 03:23:34.784 321:link-prediction        INFO   span_arry_1: [203, 209] [203, 209], mask 1 0
2022-10-22 03:23:34.784 331:link-prediction        INFO   input_tokens_reverse_1: Ġa 1 [ i Ġ+ Ġk ]
2022-10-22 03:23:34.784 341:link-prediction        INFO   input_tokens_2: ['a', '1', '[', 'i', '_+', '_k', ']', '_=', '_a', '[', 'i', ']']
2022-10-22 03:23:34.784 349:link-prediction        INFO   input_ids_2: 203 215
2022-10-22 03:23:34.784 356:link-prediction        INFO   span_arry_2: [210, 214] [210, 214], mask 1 0
2022-10-22 03:23:34.784 366:link-prediction        INFO   input_tokens_reverse_2: Ġa 1 [ i Ġ+ Ġk ] Ġ= Ġa [ i ];
2022-10-22 03:23:34.784 994:link-prediction        INFO   Finishing loading Dataset
2022-10-22 03:23:34.807 1003:link-prediction        INFO   Probimg Model Parameters 3843
2022-10-22 03:23:34.807 1004:link-prediction        INFO   Training/evaluation parameters Namespace(adam_epsilon=1e-08, class_num=2, config_name='microsoft/graphcodebert-base', data_folder='../datasets/poj-104/graphs/exp1', dataset='poj-104', debug=False, device=device(type='cuda'), do_crossing='cleaned', do_eval=False, do_random=False, do_test=True, do_train=True, epochs=2, eval_batch_size=32, evaluate_during_training=False, gradient_accumulation_steps=1, graph_type='cfg', layer=3, learning_rate=0.001, max_code_length=512, max_grad_norm=1.0, max_steps=-1, model_name='graphcodebert', model_name_or_path='microsoft/graphcodebert-base', n_gpu=1, output_dir='../link_prediction/poj/plm/saved_graphcodebertmodels/3/cfg_layer_3', posratio=0.5, seed=606, token_config='microsoft/graphcodebert-base', train_batch_size=64, warmup_steps=0, weight_decay=0.0)
2022-10-22 03:23:35.564 469:link-prediction        INFO   ***** Running training *****
2022-10-22 03:23:35.564 470:link-prediction        INFO     Num examples = 46800
2022-10-22 03:23:35.564 471:link-prediction        INFO     Num Epochs = 2
2022-10-22 03:23:35.564 472:link-prediction        INFO     Instantaneous batch size per GPU = 64
2022-10-22 03:23:35.564 476:link-prediction        INFO     Total train batch size = 64
2022-10-22 03:23:35.564 480:link-prediction        INFO     Gradient Accumulation steps = 1
2022-10-22 03:23:35.564 483:link-prediction        INFO     Total optimization steps = 1464
2022-10-22 03:23:38.671 598:link-prediction        INFO   ***** Running evaluation *****
2022-10-22 03:23:38.671 599:link-prediction        INFO     Num examples = 16450
2022-10-22 03:23:38.671 600:link-prediction        INFO     Batch size = 32
2022-10-22 03:23:47.483 645:link-prediction        INFO   ***** Eval results *****
2022-10-22 03:23:47.484 647:link-prediction        INFO     eval_acc = 0.554
2022-10-22 03:23:47.484 647:link-prediction        INFO     eval_f1 = 0.4893
2022-10-22 03:23:47.484 647:link-prediction        INFO     eval_mcc = 0.1116
2022-10-22 03:23:47.484 647:link-prediction        INFO     eval_precision = 0.5723
2022-10-22 03:23:47.484 647:link-prediction        INFO     eval_recall = 0.4274
2022-10-22 03:23:47.484 647:link-prediction        INFO     eval_threshold = 0.5
2022-10-22 03:23:47.484 540:link-prediction        INFO     ********************
2022-10-22 03:23:47.484 541:link-prediction        INFO     Best f1:0.4893
2022-10-22 03:23:47.485 542:link-prediction        INFO     ********************
2022-10-22 03:23:47.485 557:link-prediction        INFO   Saving model checkpoint to ../link_prediction/poj/plm/saved_graphcodebertmodels/3/cfg_layer_3/checkpoint-best-f1/model.bin
2022-10-22 03:23:47.486 562:link-prediction        INFO     ********************
2022-10-22 03:23:47.486 563:link-prediction        INFO     Best MCC:0.1116
2022-10-22 03:23:47.486 564:link-prediction        INFO     ********************
2022-10-22 03:23:47.486 579:link-prediction        INFO   Saving model checkpoint to ../link_prediction/poj/plm/saved_graphcodebertmodels/3/cfg_layer_3/checkpoint-best-mcc/model.bin
2022-10-22 03:23:50.222 598:link-prediction        INFO   ***** Running evaluation *****
2022-10-22 03:23:50.223 599:link-prediction        INFO     Num examples = 16450
2022-10-22 03:23:50.223 600:link-prediction        INFO     Batch size = 32
2022-10-22 03:23:59.342 645:link-prediction        INFO   ***** Eval results *****
2022-10-22 03:23:59.342 647:link-prediction        INFO     eval_acc = 0.6092
2022-10-22 03:23:59.342 647:link-prediction        INFO     eval_f1 = 0.6612
2022-10-22 03:23:59.342 647:link-prediction        INFO     eval_mcc = 0.2294
2022-10-22 03:23:59.343 647:link-prediction        INFO     eval_precision = 0.5835
2022-10-22 03:23:59.343 647:link-prediction        INFO     eval_recall = 0.7627
2022-10-22 03:23:59.343 647:link-prediction        INFO     eval_threshold = 0.5
2022-10-22 03:23:59.343 540:link-prediction        INFO     ********************
2022-10-22 03:23:59.343 541:link-prediction        INFO     Best f1:0.6612
2022-10-22 03:23:59.343 542:link-prediction        INFO     ********************
2022-10-22 03:23:59.344 557:link-prediction        INFO   Saving model checkpoint to ../link_prediction/poj/plm/saved_graphcodebertmodels/3/cfg_layer_3/checkpoint-best-f1/model.bin
2022-10-22 03:23:59.344 562:link-prediction        INFO     ********************
2022-10-22 03:23:59.344 563:link-prediction        INFO     Best MCC:0.2294
2022-10-22 03:23:59.344 564:link-prediction        INFO     ********************
2022-10-22 03:23:59.345 579:link-prediction        INFO   Saving model checkpoint to ../link_prediction/poj/plm/saved_graphcodebertmodels/3/cfg_layer_3/checkpoint-best-mcc/model.bin
2022-10-22 03:24:02.035 598:link-prediction        INFO   ***** Running evaluation *****
2022-10-22 03:24:02.035 599:link-prediction        INFO     Num examples = 16450
2022-10-22 03:24:02.035 600:link-prediction        INFO     Batch size = 32
2022-10-22 03:24:10.926 645:link-prediction        INFO   ***** Eval results *****
2022-10-22 03:24:10.926 647:link-prediction        INFO     eval_acc = 0.6259
2022-10-22 03:24:10.926 647:link-prediction        INFO     eval_f1 = 0.6651
2022-10-22 03:24:10.927 647:link-prediction        INFO     eval_mcc = 0.259
2022-10-22 03:24:10.927 647:link-prediction        INFO     eval_precision = 0.602
2022-10-22 03:24:10.927 647:link-prediction        INFO     eval_recall = 0.7431
2022-10-22 03:24:10.927 647:link-prediction        INFO     eval_threshold = 0.5
2022-10-22 03:24:10.927 540:link-prediction        INFO     ********************
2022-10-22 03:24:10.927 541:link-prediction        INFO     Best f1:0.6651
2022-10-22 03:24:10.927 542:link-prediction        INFO     ********************
2022-10-22 03:24:10.928 557:link-prediction        INFO   Saving model checkpoint to ../link_prediction/poj/plm/saved_graphcodebertmodels/3/cfg_layer_3/checkpoint-best-f1/model.bin
2022-10-22 03:24:10.928 562:link-prediction        INFO     ********************
2022-10-22 03:24:10.928 563:link-prediction        INFO     Best MCC:0.259
2022-10-22 03:24:10.928 564:link-prediction        INFO     ********************
2022-10-22 03:24:10.929 579:link-prediction        INFO   Saving model checkpoint to ../link_prediction/poj/plm/saved_graphcodebertmodels/3/cfg_layer_3/checkpoint-best-mcc/model.bin
2022-10-22 03:24:13.677 598:link-prediction        INFO   ***** Running evaluation *****
2022-10-22 03:24:13.677 599:link-prediction        INFO     Num examples = 16450
2022-10-22 03:24:13.677 600:link-prediction        INFO     Batch size = 32
2022-10-22 03:24:22.703 645:link-prediction        INFO   ***** Eval results *****
2022-10-22 03:24:22.703 647:link-prediction        INFO     eval_acc = 0.6257
2022-10-22 03:24:22.703 647:link-prediction        INFO     eval_f1 = 0.6709
2022-10-22 03:24:22.703 647:link-prediction        INFO     eval_mcc = 0.2615
2022-10-22 03:24:22.703 647:link-prediction        INFO     eval_precision = 0.5986
2022-10-22 03:24:22.704 647:link-prediction        INFO     eval_recall = 0.763
2022-10-22 03:24:22.704 647:link-prediction        INFO     eval_threshold = 0.5
2022-10-22 03:24:22.704 540:link-prediction        INFO     ********************
2022-10-22 03:24:22.704 541:link-prediction        INFO     Best f1:0.6709
2022-10-22 03:24:22.704 542:link-prediction        INFO     ********************
2022-10-22 03:24:22.705 557:link-prediction        INFO   Saving model checkpoint to ../link_prediction/poj/plm/saved_graphcodebertmodels/3/cfg_layer_3/checkpoint-best-f1/model.bin
2022-10-22 03:24:22.705 562:link-prediction        INFO     ********************
2022-10-22 03:24:22.705 563:link-prediction        INFO     Best MCC:0.2615
2022-10-22 03:24:22.705 564:link-prediction        INFO     ********************
2022-10-22 03:24:22.705 579:link-prediction        INFO   Saving model checkpoint to ../link_prediction/poj/plm/saved_graphcodebertmodels/3/cfg_layer_3/checkpoint-best-mcc/model.bin
2022-10-22 03:24:25.437 598:link-prediction        INFO   ***** Running evaluation *****
2022-10-22 03:24:25.437 599:link-prediction        INFO     Num examples = 16450
2022-10-22 03:24:25.437 600:link-prediction        INFO     Batch size = 32
2022-10-22 03:24:34.401 645:link-prediction        INFO   ***** Eval results *****
2022-10-22 03:24:34.402 647:link-prediction        INFO     eval_acc = 0.6193
2022-10-22 03:24:34.402 647:link-prediction        INFO     eval_f1 = 0.5811
2022-10-22 03:24:34.402 647:link-prediction        INFO     eval_mcc = 0.2427
2022-10-22 03:24:34.402 647:link-prediction        INFO     eval_precision = 0.6459
2022-10-22 03:24:34.402 647:link-prediction        INFO     eval_recall = 0.5281
2022-10-22 03:24:34.402 647:link-prediction        INFO     eval_threshold = 0.5
2022-10-22 03:24:37.096 598:link-prediction        INFO   ***** Running evaluation *****
2022-10-22 03:24:37.096 599:link-prediction        INFO     Num examples = 16450
2022-10-22 03:24:37.096 600:link-prediction        INFO     Batch size = 32
2022-10-22 03:24:46.182 645:link-prediction        INFO   ***** Eval results *****
2022-10-22 03:24:46.182 647:link-prediction        INFO     eval_acc = 0.6399
2022-10-22 03:24:46.182 647:link-prediction        INFO     eval_f1 = 0.6416
2022-10-22 03:24:46.182 647:link-prediction        INFO     eval_mcc = 0.2799
2022-10-22 03:24:46.182 647:link-prediction        INFO     eval_precision = 0.6387
2022-10-22 03:24:46.182 647:link-prediction        INFO     eval_recall = 0.6445
2022-10-22 03:24:46.182 647:link-prediction        INFO     eval_threshold = 0.5
2022-10-22 03:24:46.183 562:link-prediction        INFO     ********************
2022-10-22 03:24:46.183 563:link-prediction        INFO     Best MCC:0.2799
2022-10-22 03:24:46.183 564:link-prediction        INFO     ********************
2022-10-22 03:24:46.183 579:link-prediction        INFO   Saving model checkpoint to ../link_prediction/poj/plm/saved_graphcodebertmodels/3/cfg_layer_3/checkpoint-best-mcc/model.bin
2022-10-22 03:24:48.904 598:link-prediction        INFO   ***** Running evaluation *****
2022-10-22 03:24:48.904 599:link-prediction        INFO     Num examples = 16450
2022-10-22 03:24:48.904 600:link-prediction        INFO     Batch size = 32
2022-10-22 03:24:58.051 645:link-prediction        INFO   ***** Eval results *****
2022-10-22 03:24:58.051 647:link-prediction        INFO     eval_acc = 0.65
2022-10-22 03:24:58.051 647:link-prediction        INFO     eval_f1 = 0.6863
2022-10-22 03:24:58.051 647:link-prediction        INFO     eval_mcc = 0.3084
2022-10-22 03:24:58.051 647:link-prediction        INFO     eval_precision = 0.6217
2022-10-22 03:24:58.051 647:link-prediction        INFO     eval_recall = 0.766
2022-10-22 03:24:58.051 647:link-prediction        INFO     eval_threshold = 0.5
2022-10-22 03:24:58.051 540:link-prediction        INFO     ********************
2022-10-22 03:24:58.052 541:link-prediction        INFO     Best f1:0.6863
2022-10-22 03:24:58.052 542:link-prediction        INFO     ********************
2022-10-22 03:24:58.052 557:link-prediction        INFO   Saving model checkpoint to ../link_prediction/poj/plm/saved_graphcodebertmodels/3/cfg_layer_3/checkpoint-best-f1/model.bin
2022-10-22 03:24:58.053 562:link-prediction        INFO     ********************
2022-10-22 03:24:58.053 563:link-prediction        INFO     Best MCC:0.3084
2022-10-22 03:24:58.053 564:link-prediction        INFO     ********************
2022-10-22 03:24:58.053 579:link-prediction        INFO   Saving model checkpoint to ../link_prediction/poj/plm/saved_graphcodebertmodels/3/cfg_layer_3/checkpoint-best-mcc/model.bin
2022-10-22 03:25:00.756 598:link-prediction        INFO   ***** Running evaluation *****
2022-10-22 03:25:00.756 599:link-prediction        INFO     Num examples = 16450
2022-10-22 03:25:00.757 600:link-prediction        INFO     Batch size = 32
2022-10-22 03:25:09.872 645:link-prediction        INFO   ***** Eval results *****
2022-10-22 03:25:09.873 647:link-prediction        INFO     eval_acc = 0.6329
2022-10-22 03:25:09.873 647:link-prediction        INFO     eval_f1 = 0.5983
2022-10-22 03:25:09.873 647:link-prediction        INFO     eval_mcc = 0.27
2022-10-22 03:25:09.873 647:link-prediction        INFO     eval_precision = 0.6607
2022-10-22 03:25:09.873 647:link-prediction        INFO     eval_recall = 0.5466
2022-10-22 03:25:09.873 647:link-prediction        INFO     eval_threshold = 0.5
2022-10-22 03:25:12.587 598:link-prediction        INFO   ***** Running evaluation *****
2022-10-22 03:25:12.588 599:link-prediction        INFO     Num examples = 16450
2022-10-22 03:25:12.588 600:link-prediction        INFO     Batch size = 32
2022-10-22 03:25:21.765 645:link-prediction        INFO   ***** Eval results *****
2022-10-22 03:25:21.765 647:link-prediction        INFO     eval_acc = 0.6505
2022-10-22 03:25:21.765 647:link-prediction        INFO     eval_f1 = 0.6957
2022-10-22 03:25:21.765 647:link-prediction        INFO     eval_mcc = 0.3153
2022-10-22 03:25:21.766 647:link-prediction        INFO     eval_precision = 0.616
2022-10-22 03:25:21.766 647:link-prediction        INFO     eval_recall = 0.799
2022-10-22 03:25:21.766 647:link-prediction        INFO     eval_threshold = 0.5
2022-10-22 03:25:21.766 540:link-prediction        INFO     ********************
2022-10-22 03:25:21.766 541:link-prediction        INFO     Best f1:0.6957
2022-10-22 03:25:21.766 542:link-prediction        INFO     ********************
2022-10-22 03:25:21.767 557:link-prediction        INFO   Saving model checkpoint to ../link_prediction/poj/plm/saved_graphcodebertmodels/3/cfg_layer_3/checkpoint-best-f1/model.bin
2022-10-22 03:25:21.767 562:link-prediction        INFO     ********************
2022-10-22 03:25:21.767 563:link-prediction        INFO     Best MCC:0.3153
2022-10-22 03:25:21.767 564:link-prediction        INFO     ********************
2022-10-22 03:25:21.767 579:link-prediction        INFO   Saving model checkpoint to ../link_prediction/poj/plm/saved_graphcodebertmodels/3/cfg_layer_3/checkpoint-best-mcc/model.bin
2022-10-22 03:25:24.500 598:link-prediction        INFO   ***** Running evaluation *****
2022-10-22 03:25:24.501 599:link-prediction        INFO     Num examples = 16450
2022-10-22 03:25:24.501 600:link-prediction        INFO     Batch size = 32
2022-10-22 03:25:33.541 645:link-prediction        INFO   ***** Eval results *****
2022-10-22 03:25:33.541 647:link-prediction        INFO     eval_acc = 0.6505
2022-10-22 03:25:33.541 647:link-prediction        INFO     eval_f1 = 0.6722
2022-10-22 03:25:33.541 647:link-prediction        INFO     eval_mcc = 0.3037
2022-10-22 03:25:33.541 647:link-prediction        INFO     eval_precision = 0.6329
2022-10-22 03:25:33.542 647:link-prediction        INFO     eval_recall = 0.7166
2022-10-22 03:25:33.542 647:link-prediction        INFO     eval_threshold = 0.5
2022-10-22 03:25:36.215 598:link-prediction        INFO   ***** Running evaluation *****
2022-10-22 03:25:36.215 599:link-prediction        INFO     Num examples = 16450
2022-10-22 03:25:36.215 600:link-prediction        INFO     Batch size = 32
2022-10-22 03:25:45.322 645:link-prediction        INFO   ***** Eval results *****
2022-10-22 03:25:45.322 647:link-prediction        INFO     eval_acc = 0.6588
2022-10-22 03:25:45.322 647:link-prediction        INFO     eval_f1 = 0.6697
2022-10-22 03:25:45.322 647:link-prediction        INFO     eval_mcc = 0.3184
2022-10-22 03:25:45.322 647:link-prediction        INFO     eval_precision = 0.6491
2022-10-22 03:25:45.322 647:link-prediction        INFO     eval_recall = 0.6917
2022-10-22 03:25:45.322 647:link-prediction        INFO     eval_threshold = 0.5
2022-10-22 03:25:45.322 562:link-prediction        INFO     ********************
2022-10-22 03:25:45.323 563:link-prediction        INFO     Best MCC:0.3184
2022-10-22 03:25:45.323 564:link-prediction        INFO     ********************
2022-10-22 03:25:45.323 579:link-prediction        INFO   Saving model checkpoint to ../link_prediction/poj/plm/saved_graphcodebertmodels/3/cfg_layer_3/checkpoint-best-mcc/model.bin
2022-10-22 03:25:48.047 598:link-prediction        INFO   ***** Running evaluation *****
2022-10-22 03:25:48.047 599:link-prediction        INFO     Num examples = 16450
2022-10-22 03:25:48.047 600:link-prediction        INFO     Batch size = 32
2022-10-22 03:25:57.032 645:link-prediction        INFO   ***** Eval results *****
2022-10-22 03:25:57.032 647:link-prediction        INFO     eval_acc = 0.661
2022-10-22 03:25:57.032 647:link-prediction        INFO     eval_f1 = 0.6711
2022-10-22 03:25:57.032 647:link-prediction        INFO     eval_mcc = 0.3227
2022-10-22 03:25:57.032 647:link-prediction        INFO     eval_precision = 0.6517
2022-10-22 03:25:57.032 647:link-prediction        INFO     eval_recall = 0.6918
2022-10-22 03:25:57.032 647:link-prediction        INFO     eval_threshold = 0.5
2022-10-22 03:25:57.033 562:link-prediction        INFO     ********************
2022-10-22 03:25:57.033 563:link-prediction        INFO     Best MCC:0.3227
2022-10-22 03:25:57.033 564:link-prediction        INFO     ********************
2022-10-22 03:25:57.033 579:link-prediction        INFO   Saving model checkpoint to ../link_prediction/poj/plm/saved_graphcodebertmodels/3/cfg_layer_3/checkpoint-best-mcc/model.bin
2022-10-22 03:25:59.801 598:link-prediction        INFO   ***** Running evaluation *****
2022-10-22 03:25:59.802 599:link-prediction        INFO     Num examples = 16450
2022-10-22 03:25:59.802 600:link-prediction        INFO     Batch size = 32
2022-10-22 03:26:08.678 645:link-prediction        INFO   ***** Eval results *****
2022-10-22 03:26:08.678 647:link-prediction        INFO     eval_acc = 0.6559
2022-10-22 03:26:08.678 647:link-prediction        INFO     eval_f1 = 0.6657
2022-10-22 03:26:08.679 647:link-prediction        INFO     eval_mcc = 0.3123
2022-10-22 03:26:08.679 647:link-prediction        INFO     eval_precision = 0.6472
2022-10-22 03:26:08.679 647:link-prediction        INFO     eval_recall = 0.6852
2022-10-22 03:26:08.679 647:link-prediction        INFO     eval_threshold = 0.5
2022-10-22 03:26:11.401 598:link-prediction        INFO   ***** Running evaluation *****
2022-10-22 03:26:11.401 599:link-prediction        INFO     Num examples = 16450
2022-10-22 03:26:11.401 600:link-prediction        INFO     Batch size = 32
2022-10-22 03:26:20.620 645:link-prediction        INFO   ***** Eval results *****
2022-10-22 03:26:20.621 647:link-prediction        INFO     eval_acc = 0.6539
2022-10-22 03:26:20.621 647:link-prediction        INFO     eval_f1 = 0.6418
2022-10-22 03:26:20.621 647:link-prediction        INFO     eval_mcc = 0.3084
2022-10-22 03:26:20.621 647:link-prediction        INFO     eval_precision = 0.665
2022-10-22 03:26:20.621 647:link-prediction        INFO     eval_recall = 0.6201
2022-10-22 03:26:20.621 647:link-prediction        INFO     eval_threshold = 0.5
2022-10-22 03:26:23.328 598:link-prediction        INFO   ***** Running evaluation *****
2022-10-22 03:26:23.328 599:link-prediction        INFO     Num examples = 16450
2022-10-22 03:26:23.328 600:link-prediction        INFO     Batch size = 32
2022-10-22 03:26:32.261 645:link-prediction        INFO   ***** Eval results *****
2022-10-22 03:26:32.262 647:link-prediction        INFO     eval_acc = 0.6637
2022-10-22 03:26:32.262 647:link-prediction        INFO     eval_f1 = 0.6828
2022-10-22 03:26:32.262 647:link-prediction        INFO     eval_mcc = 0.3298
2022-10-22 03:26:32.262 647:link-prediction        INFO     eval_precision = 0.6461
2022-10-22 03:26:32.262 647:link-prediction        INFO     eval_recall = 0.7239
2022-10-22 03:26:32.262 647:link-prediction        INFO     eval_threshold = 0.5
2022-10-22 03:26:32.262 562:link-prediction        INFO     ********************
2022-10-22 03:26:32.262 563:link-prediction        INFO     Best MCC:0.3298
2022-10-22 03:26:32.262 564:link-prediction        INFO     ********************
2022-10-22 03:26:32.263 579:link-prediction        INFO   Saving model checkpoint to ../link_prediction/poj/plm/saved_graphcodebertmodels/3/cfg_layer_3/checkpoint-best-mcc/model.bin
2022-10-22 03:26:35.014 598:link-prediction        INFO   ***** Running evaluation *****
2022-10-22 03:26:35.014 599:link-prediction        INFO     Num examples = 16450
2022-10-22 03:26:35.014 600:link-prediction        INFO     Batch size = 32
2022-10-22 03:26:44.250 645:link-prediction        INFO   ***** Eval results *****
2022-10-22 03:26:44.250 647:link-prediction        INFO     eval_acc = 0.6671
2022-10-22 03:26:44.250 647:link-prediction        INFO     eval_f1 = 0.7017
2022-10-22 03:26:44.250 647:link-prediction        INFO     eval_mcc = 0.3436
2022-10-22 03:26:44.250 647:link-prediction        INFO     eval_precision = 0.6356
2022-10-22 03:26:44.251 647:link-prediction        INFO     eval_recall = 0.7831
2022-10-22 03:26:44.251 647:link-prediction        INFO     eval_threshold = 0.5
2022-10-22 03:26:44.251 540:link-prediction        INFO     ********************
2022-10-22 03:26:44.251 541:link-prediction        INFO     Best f1:0.7017
2022-10-22 03:26:44.251 542:link-prediction        INFO     ********************
2022-10-22 03:26:44.252 557:link-prediction        INFO   Saving model checkpoint to ../link_prediction/poj/plm/saved_graphcodebertmodels/3/cfg_layer_3/checkpoint-best-f1/model.bin
2022-10-22 03:26:44.252 562:link-prediction        INFO     ********************
2022-10-22 03:26:44.252 563:link-prediction        INFO     Best MCC:0.3436
2022-10-22 03:26:44.252 564:link-prediction        INFO     ********************
2022-10-22 03:26:44.253 579:link-prediction        INFO   Saving model checkpoint to ../link_prediction/poj/plm/saved_graphcodebertmodels/3/cfg_layer_3/checkpoint-best-mcc/model.bin
2022-10-22 03:26:47.035 598:link-prediction        INFO   ***** Running evaluation *****
2022-10-22 03:26:47.035 599:link-prediction        INFO     Num examples = 16450
2022-10-22 03:26:47.035 600:link-prediction        INFO     Batch size = 32
2022-10-22 03:26:56.026 645:link-prediction        INFO   ***** Eval results *****
2022-10-22 03:26:56.026 647:link-prediction        INFO     eval_acc = 0.6668
2022-10-22 03:26:56.026 647:link-prediction        INFO     eval_f1 = 0.675
2022-10-22 03:26:56.026 647:link-prediction        INFO     eval_mcc = 0.334
2022-10-22 03:26:56.026 647:link-prediction        INFO     eval_precision = 0.6588
2022-10-22 03:26:56.027 647:link-prediction        INFO     eval_recall = 0.6922
2022-10-22 03:26:56.027 647:link-prediction        INFO     eval_threshold = 0.5
2022-10-22 03:26:58.815 598:link-prediction        INFO   ***** Running evaluation *****
2022-10-22 03:26:58.816 599:link-prediction        INFO     Num examples = 16450
2022-10-22 03:26:58.816 600:link-prediction        INFO     Batch size = 32
2022-10-22 03:27:07.960 645:link-prediction        INFO   ***** Eval results *****
2022-10-22 03:27:07.961 647:link-prediction        INFO     eval_acc = 0.6731
2022-10-22 03:27:07.961 647:link-prediction        INFO     eval_f1 = 0.7003
2022-10-22 03:27:07.961 647:link-prediction        INFO     eval_mcc = 0.3521
2022-10-22 03:27:07.961 647:link-prediction        INFO     eval_precision = 0.6466
2022-10-22 03:27:07.961 647:link-prediction        INFO     eval_recall = 0.7636
2022-10-22 03:27:07.961 647:link-prediction        INFO     eval_threshold = 0.5
2022-10-22 03:27:07.961 562:link-prediction        INFO     ********************
2022-10-22 03:27:07.961 563:link-prediction        INFO     Best MCC:0.3521
2022-10-22 03:27:07.961 564:link-prediction        INFO     ********************
2022-10-22 03:27:07.962 579:link-prediction        INFO   Saving model checkpoint to ../link_prediction/poj/plm/saved_graphcodebertmodels/3/cfg_layer_3/checkpoint-best-mcc/model.bin
2022-10-22 03:27:10.675 598:link-prediction        INFO   ***** Running evaluation *****
2022-10-22 03:27:10.675 599:link-prediction        INFO     Num examples = 16450
2022-10-22 03:27:10.675 600:link-prediction        INFO     Batch size = 32
2022-10-22 03:27:19.822 645:link-prediction        INFO   ***** Eval results *****
2022-10-22 03:27:19.823 647:link-prediction        INFO     eval_acc = 0.6646
2022-10-22 03:27:19.823 647:link-prediction        INFO     eval_f1 = 0.6715
2022-10-22 03:27:19.823 647:link-prediction        INFO     eval_mcc = 0.3295
2022-10-22 03:27:19.823 647:link-prediction        INFO     eval_precision = 0.658
2022-10-22 03:27:19.823 647:link-prediction        INFO     eval_recall = 0.6857
2022-10-22 03:27:19.823 647:link-prediction        INFO     eval_threshold = 0.5
2022-10-22 03:27:22.572 598:link-prediction        INFO   ***** Running evaluation *****
2022-10-22 03:27:22.572 599:link-prediction        INFO     Num examples = 16450
2022-10-22 03:27:22.572 600:link-prediction        INFO     Batch size = 32
2022-10-22 03:27:31.820 645:link-prediction        INFO   ***** Eval results *****
2022-10-22 03:27:31.820 647:link-prediction        INFO     eval_acc = 0.6655
2022-10-22 03:27:31.820 647:link-prediction        INFO     eval_f1 = 0.6733
2022-10-22 03:27:31.820 647:link-prediction        INFO     eval_mcc = 0.3313
2022-10-22 03:27:31.820 647:link-prediction        INFO     eval_precision = 0.6579
2022-10-22 03:27:31.821 647:link-prediction        INFO     eval_recall = 0.6894
2022-10-22 03:27:31.821 647:link-prediction        INFO     eval_threshold = 0.5
2022-10-22 03:27:31.948 668:link-prediction        INFO   ***** Running Test *****
2022-10-22 03:27:31.948 669:link-prediction        INFO     Num examples = 15388
2022-10-22 03:27:31.949 670:link-prediction        INFO     Batch size = 32
2022-10-22 03:27:40.346 711:link-prediction        INFO   ***** Test results *****
2022-10-22 03:27:40.347 713:link-prediction        INFO     eval_acc = 0.6753
2022-10-22 03:27:40.347 713:link-prediction        INFO     eval_f1 = 0.7009
2022-10-22 03:27:40.347 713:link-prediction        INFO     eval_mcc = 0.3559
2022-10-22 03:27:40.347 713:link-prediction        INFO     eval_precision = 0.6498
2022-10-22 03:27:40.347 713:link-prediction        INFO     eval_recall = 0.7607
2022-10-22 03:27:40.347 713:link-prediction        INFO     eval_threshold = 0.5
