2022-10-11 02:31:02.492 933:link-prediction        DEBUG  main message
2022-10-11 02:31:02.492 939:link-prediction        WARNING device: cuda, n_gpu: 1
2022-10-11 02:31:10.305 954:link-prediction        INFO   Load Dataset
2022-10-11 02:32:00.133 246:link-prediction        INFO   Load Span file and Graph data, data path: ../datasets/poj-104/graphs/exp1/codebert/codebert_train_ddg_cleaned.pt
2022-10-11 02:32:02.649 298:link-prediction        INFO   Labels Counter({1: 48839, 0: 48839})
2022-10-11 02:32:02.894 246:link-prediction        INFO   Load Span file and Graph data, data path: ../datasets/poj-104/graphs/exp1/codebert/codebert_valid_ddg_cleaned.pt
2022-10-11 02:32:04.935 298:link-prediction        INFO   Labels Counter({1: 17535, 0: 17535})
2022-10-11 02:32:05.182 246:link-prediction        INFO   Load Span file and Graph data, data path: ../datasets/poj-104/graphs/exp1/codebert/codebert_test_ddg_cleaned.pt
2022-10-11 02:32:06.760 298:link-prediction        INFO   Labels Counter({1: 15587, 0: 15587})
2022-10-11 02:32:06.760 303:link-prediction        INFO   *** Example ***
2022-10-11 02:32:06.760 304:link-prediction        INFO   idx: 47171
2022-10-11 02:32:06.760 305:link-prediction        INFO   label: 1
2022-10-11 02:32:06.762 306:link-prediction        INFO   input_tokens_1: ['main', '()']
2022-10-11 02:32:06.762 314:link-prediction        INFO   input_ids_1: 1 3
2022-10-11 02:32:06.762 321:link-prediction        INFO   span_arry_1: [1, 2] [1, 2], mask 1 0
2022-10-11 02:32:06.762 331:link-prediction        INFO   input_tokens_reverse_1: main ()
2022-10-11 02:32:06.762 341:link-prediction        INFO   input_tokens_2: ['b', '[', 'i', ']', '_=', '_b', '[', 'i', ']', '_-', "_'", 'A', "'", '_+', "_'", 'a', "'"]
2022-10-11 02:32:06.762 349:link-prediction        INFO   input_ids_2: 102 119
2022-10-11 02:32:06.762 356:link-prediction        INFO   span_arry_2: [102, 118] [102, 118], mask 1 0
2022-10-11 02:32:06.762 366:link-prediction        INFO   input_tokens_reverse_2: Ġb [ i ] Ġ= Ġb [ i ] Ġ- Ġ' A ' Ġ+ Ġ' a ';
2022-10-11 02:32:06.762 303:link-prediction        INFO   *** Example ***
2022-10-11 02:32:06.763 304:link-prediction        INFO   idx: 43063
2022-10-11 02:32:06.763 305:link-prediction        INFO   label: 0
2022-10-11 02:32:06.763 306:link-prediction        INFO   input_tokens_1: ['h', '_=', '_0']
2022-10-11 02:32:06.763 314:link-prediction        INFO   input_ids_1: 101 104
2022-10-11 02:32:06.763 321:link-prediction        INFO   span_arry_1: [101, 103] [101, 103], mask 1 0
2022-10-11 02:32:06.763 331:link-prediction        INFO   input_tokens_reverse_1: Ġh Ġ= Ġ0
2022-10-11 02:32:06.763 341:link-prediction        INFO   input_tokens_2: ['f', '_+', '_60']
2022-10-11 02:32:06.763 349:link-prediction        INFO   input_ids_2: 125 128
2022-10-11 02:32:06.763 356:link-prediction        INFO   span_arry_2: [125, 127] [125, 127], mask 1 0
2022-10-11 02:32:06.763 366:link-prediction        INFO   input_tokens_reverse_2: Ġf Ġ+ Ġ60
2022-10-11 02:32:06.763 303:link-prediction        INFO   *** Example ***
2022-10-11 02:32:06.763 304:link-prediction        INFO   idx: 48092
2022-10-11 02:32:06.763 305:link-prediction        INFO   label: 1
2022-10-11 02:32:06.764 306:link-prediction        INFO   input_tokens_1: ['b', '_=', '_0']
2022-10-11 02:32:06.764 314:link-prediction        INFO   input_ids_1: 44 47
2022-10-11 02:32:06.764 321:link-prediction        INFO   span_arry_1: [44, 46] [44, 46], mask 1 0
2022-10-11 02:32:06.764 331:link-prediction        INFO   input_tokens_reverse_1: Ġb Ġ= Ġ0
2022-10-11 02:32:06.764 341:link-prediction        INFO   input_tokens_2: ['printf', '("', '%', 'd', '\\', 'n', '%', 'd', '\\', 'n', '%', 'd', '\\', 'n', '%', 'd', '\\', 'n', '%', 'd', '\\', 'n', '%', 'd', '\\', 'n', '",', '_a', ',', '_b', ',', '_c', ',', '_d', ',', '_e', ',', '_f', ')']
2022-10-11 02:32:06.764 349:link-prediction        INFO   input_ids_2: 238 277
2022-10-11 02:32:06.764 356:link-prediction        INFO   span_arry_2: [238, 276] [238, 276], mask 1 0
2022-10-11 02:32:06.764 366:link-prediction        INFO   input_tokens_reverse_2: Ġprintf (" % d \ n % d \ n % d \ n % d \ n % d \ n % d \ n ", Ġa , Ġb , Ġc , Ġd , Ġe , Ġf );
2022-10-11 02:32:06.764 303:link-prediction        INFO   *** Example ***
2022-10-11 02:32:06.764 304:link-prediction        INFO   idx: 41388
2022-10-11 02:32:06.765 305:link-prediction        INFO   label: 1
2022-10-11 02:32:06.765 306:link-prediction        INFO   input_tokens_1: ['s', '_=', '_s', '_+', '_2', '.', '7', '_*', '_x', '[', 'i', ']']
2022-10-11 02:32:06.765 314:link-prediction        INFO   input_ids_1: 253 265
2022-10-11 02:32:06.765 321:link-prediction        INFO   span_arry_1: [253, 264] [253, 264], mask 1 0
2022-10-11 02:32:06.765 331:link-prediction        INFO   input_tokens_reverse_1: Ġs Ġ= Ġs Ġ+ Ġ2 . 7 Ġ* Ġx [ i ];
2022-10-11 02:32:06.765 341:link-prediction        INFO   input_tokens_2: ['int']
2022-10-11 02:32:06.765 349:link-prediction        INFO   input_ids_2: 1 2
2022-10-11 02:32:06.765 356:link-prediction        INFO   span_arry_2: [1, 1] [1, 1], mask 1 0
2022-10-11 02:32:06.765 366:link-prediction        INFO   input_tokens_reverse_2: int
2022-10-11 02:32:06.765 303:link-prediction        INFO   *** Example ***
2022-10-11 02:32:06.765 304:link-prediction        INFO   idx: 47163
2022-10-11 02:32:06.765 305:link-prediction        INFO   label: 0
2022-10-11 02:32:06.766 306:link-prediction        INFO   input_tokens_1: ['str', 'cmp', '(', 'str', '1', ',', '_str', '2', ')', '_<', '_0']
2022-10-11 02:32:06.766 314:link-prediction        INFO   input_ids_1: 179 190
2022-10-11 02:32:06.766 321:link-prediction        INFO   span_arry_1: [179, 189] [179, 189], mask 1 0
2022-10-11 02:32:06.766 331:link-prediction        INFO   input_tokens_reverse_1: str cmp ( str 1 , Ġstr 2 ) Ġ< Ġ0
2022-10-11 02:32:06.766 341:link-prediction        INFO   input_tokens_2: ['cin', '.', 'get', 'line', '(', 'str', '1', ',', '_80', ',', "_'", '\\', 'n', "')"]
2022-10-11 02:32:06.766 349:link-prediction        INFO   input_ids_2: 25 40
2022-10-11 02:32:06.766 356:link-prediction        INFO   span_arry_2: [25, 39] [25, 39], mask 1 0
2022-10-11 02:32:06.766 366:link-prediction        INFO   input_tokens_reverse_2: Ġc in . get line ( str 1 , Ġ80 , Ġ' \ n ');
2022-10-11 02:32:06.766 303:link-prediction        INFO   *** Example ***
2022-10-11 02:32:06.766 304:link-prediction        INFO   idx: 49317
2022-10-11 02:32:06.766 305:link-prediction        INFO   label: 1
2022-10-11 02:32:06.767 306:link-prediction        INFO   input_tokens_1: ['d', '_=', '_d', '_+', '_1']
2022-10-11 02:32:06.767 314:link-prediction        INFO   input_ids_1: 95 100
2022-10-11 02:32:06.767 321:link-prediction        INFO   span_arry_1: [95, 99] [95, 99], mask 1 0
2022-10-11 02:32:06.767 331:link-prediction        INFO   input_tokens_reverse_1: Ġd Ġ= Ġd Ġ+ Ġ1
2022-10-11 02:32:06.767 341:link-prediction        INFO   input_tokens_2: ['int']
2022-10-11 02:32:06.767 349:link-prediction        INFO   input_ids_2: 1 2
2022-10-11 02:32:06.767 356:link-prediction        INFO   span_arry_2: [1, 1] [1, 1], mask 1 0
2022-10-11 02:32:06.767 366:link-prediction        INFO   input_tokens_reverse_2: int
2022-10-11 02:32:06.767 303:link-prediction        INFO   *** Example ***
2022-10-11 02:32:06.767 304:link-prediction        INFO   idx: 46864
2022-10-11 02:32:06.767 305:link-prediction        INFO   label: 1
2022-10-11 02:32:06.767 306:link-prediction        INFO   input_tokens_1: ['s', 'z', '[', 'i', ']', '_!=', '_t']
2022-10-11 02:32:06.768 314:link-prediction        INFO   input_ids_1: 202 209
2022-10-11 02:32:06.768 321:link-prediction        INFO   span_arry_1: [202, 208] [202, 208], mask 1 0
2022-10-11 02:32:06.768 331:link-prediction        INFO   input_tokens_reverse_1: s z [ i ] Ġ!= Ġt
2022-10-11 02:32:06.768 341:link-prediction        INFO   input_tokens_2: ['printf', '("', '%', 'd', '",', '_s', 'z', '[', 'i', '])']
2022-10-11 02:32:06.768 349:link-prediction        INFO   input_ids_2: 222 232
2022-10-11 02:32:06.768 356:link-prediction        INFO   span_arry_2: [222, 231] [222, 231], mask 1 0
2022-10-11 02:32:06.768 366:link-prediction        INFO   input_tokens_reverse_2: Ġprintf (" % d ", Ġs z [ i ]);
2022-10-11 02:32:06.768 303:link-prediction        INFO   *** Example ***
2022-10-11 02:32:06.768 304:link-prediction        INFO   idx: 40651
2022-10-11 02:32:06.768 305:link-prediction        INFO   label: 0
2022-10-11 02:32:06.768 306:link-prediction        INFO   input_tokens_1: ['i', '++']
2022-10-11 02:32:06.768 314:link-prediction        INFO   input_ids_1: 177 179
2022-10-11 02:32:06.769 321:link-prediction        INFO   span_arry_1: [177, 178] [177, 178], mask 1 0
2022-10-11 02:32:06.769 331:link-prediction        INFO   input_tokens_reverse_1: Ġi ++)
2022-10-11 02:32:06.769 341:link-prediction        INFO   input_tokens_2: ['h', '[', 'n', ']', '++']
2022-10-11 02:32:06.769 349:link-prediction        INFO   input_ids_2: 153 158
2022-10-11 02:32:06.769 356:link-prediction        INFO   span_arry_2: [153, 157] [153, 157], mask 1 0
2022-10-11 02:32:06.769 366:link-prediction        INFO   input_tokens_reverse_2: Ġh [ n ] ++;
2022-10-11 02:32:06.769 303:link-prediction        INFO   *** Example ***
2022-10-11 02:32:06.769 304:link-prediction        INFO   idx: 42927
2022-10-11 02:32:06.769 305:link-prediction        INFO   label: 0
2022-10-11 02:32:06.769 306:link-prediction        INFO   input_tokens_1: ['m', '_-', '_1']
2022-10-11 02:32:06.769 314:link-prediction        INFO   input_ids_1: 128 131
2022-10-11 02:32:06.769 321:link-prediction        INFO   span_arry_1: [128, 130] [128, 130], mask 1 0
2022-10-11 02:32:06.769 331:link-prediction        INFO   input_tokens_reverse_1: m Ġ- Ġ1
2022-10-11 02:32:06.770 341:link-prediction        INFO   input_tokens_2: ['m', '_-', '_1']
2022-10-11 02:32:06.770 349:link-prediction        INFO   input_ids_2: 88 91
2022-10-11 02:32:06.770 356:link-prediction        INFO   span_arry_2: [88, 90] [88, 90], mask 1 0
2022-10-11 02:32:06.770 366:link-prediction        INFO   input_tokens_reverse_2: m Ġ- Ġ1
2022-10-11 02:32:06.770 994:link-prediction        INFO   Finishing loading Dataset
2022-10-11 02:32:06.790 1003:link-prediction        INFO   Probimg Model Parameters 3843
2022-10-11 02:32:06.791 1004:link-prediction        INFO   Training/evaluation parameters Namespace(adam_epsilon=1e-08, class_num=2, config_name='microsoft/codebert-base', data_folder='../datasets/poj-104/graphs/exp1', dataset='poj-104', debug=False, device=device(type='cuda'), do_crossing='cleaned', do_eval=False, do_random=False, do_test=True, do_train=True, epochs=2, eval_batch_size=32, evaluate_during_training=False, gradient_accumulation_steps=1, graph_type='ddg', layer=5, learning_rate=0.001, max_code_length=512, max_grad_norm=1.0, max_steps=-1, model_name='codebert', model_name_or_path='microsoft/codebert-base', n_gpu=1, output_dir='../link_prediction/poj/plm/saved_codebertmodels/3/ddg_layer_5', posratio=0.5, seed=928, token_config='microsoft/codebert-base', train_batch_size=64, warmup_steps=0, weight_decay=0.0)
2022-10-11 02:32:07.545 469:link-prediction        INFO   ***** Running training *****
2022-10-11 02:32:07.545 470:link-prediction        INFO     Num examples = 97678
2022-10-11 02:32:07.545 471:link-prediction        INFO     Num Epochs = 2
2022-10-11 02:32:07.545 472:link-prediction        INFO     Instantaneous batch size per GPU = 64
2022-10-11 02:32:07.545 476:link-prediction        INFO     Total train batch size = 64
2022-10-11 02:32:07.545 480:link-prediction        INFO     Gradient Accumulation steps = 1
2022-10-11 02:32:07.545 483:link-prediction        INFO     Total optimization steps = 3054
2022-10-11 02:32:13.195 598:link-prediction        INFO   ***** Running evaluation *****
2022-10-11 02:32:13.196 599:link-prediction        INFO     Num examples = 35070
2022-10-11 02:32:13.196 600:link-prediction        INFO     Batch size = 32
2022-10-11 02:32:31.839 645:link-prediction        INFO   ***** Eval results *****
2022-10-11 02:32:31.839 647:link-prediction        INFO     eval_acc = 0.7589
2022-10-11 02:32:31.839 647:link-prediction        INFO     eval_f1 = 0.7073
2022-10-11 02:32:31.840 647:link-prediction        INFO     eval_mcc = 0.5535
2022-10-11 02:32:31.840 647:link-prediction        INFO     eval_precision = 0.9001
2022-10-11 02:32:31.840 647:link-prediction        INFO     eval_recall = 0.5825
2022-10-11 02:32:31.840 647:link-prediction        INFO     eval_threshold = 0.5
2022-10-11 02:32:31.842 540:link-prediction        INFO     ********************
2022-10-11 02:32:31.843 541:link-prediction        INFO     Best f1:0.7073
2022-10-11 02:32:31.843 542:link-prediction        INFO     ********************
2022-10-11 02:32:31.844 557:link-prediction        INFO   Saving model checkpoint to ../link_prediction/poj/plm/saved_codebertmodels/3/ddg_layer_5/checkpoint-best-f1/model.bin
2022-10-11 02:32:31.844 562:link-prediction        INFO     ********************
2022-10-11 02:32:31.844 563:link-prediction        INFO     Best MCC:0.5535
2022-10-11 02:32:31.844 564:link-prediction        INFO     ********************
2022-10-11 02:32:31.845 579:link-prediction        INFO   Saving model checkpoint to ../link_prediction/poj/plm/saved_codebertmodels/3/ddg_layer_5/checkpoint-best-mcc/model.bin
2022-10-11 02:32:37.218 598:link-prediction        INFO   ***** Running evaluation *****
2022-10-11 02:32:37.218 599:link-prediction        INFO     Num examples = 35070
2022-10-11 02:32:37.218 600:link-prediction        INFO     Batch size = 32
2022-10-11 02:32:55.915 645:link-prediction        INFO   ***** Eval results *****
2022-10-11 02:32:55.915 647:link-prediction        INFO     eval_acc = 0.7806
2022-10-11 02:32:55.916 647:link-prediction        INFO     eval_f1 = 0.7532
2022-10-11 02:32:55.916 647:link-prediction        INFO     eval_mcc = 0.5755
2022-10-11 02:32:55.916 647:link-prediction        INFO     eval_precision = 0.8605
2022-10-11 02:32:55.916 647:link-prediction        INFO     eval_recall = 0.6697
2022-10-11 02:32:55.916 647:link-prediction        INFO     eval_threshold = 0.5
2022-10-11 02:32:55.918 540:link-prediction        INFO     ********************
2022-10-11 02:32:55.919 541:link-prediction        INFO     Best f1:0.7532
2022-10-11 02:32:55.919 542:link-prediction        INFO     ********************
2022-10-11 02:32:55.919 557:link-prediction        INFO   Saving model checkpoint to ../link_prediction/poj/plm/saved_codebertmodels/3/ddg_layer_5/checkpoint-best-f1/model.bin
2022-10-11 02:32:55.920 562:link-prediction        INFO     ********************
2022-10-11 02:32:55.920 563:link-prediction        INFO     Best MCC:0.5755
2022-10-11 02:32:55.920 564:link-prediction        INFO     ********************
2022-10-11 02:32:55.920 579:link-prediction        INFO   Saving model checkpoint to ../link_prediction/poj/plm/saved_codebertmodels/3/ddg_layer_5/checkpoint-best-mcc/model.bin
2022-10-11 02:33:01.290 598:link-prediction        INFO   ***** Running evaluation *****
2022-10-11 02:33:01.290 599:link-prediction        INFO     Num examples = 35070
2022-10-11 02:33:01.290 600:link-prediction        INFO     Batch size = 32
2022-10-11 02:33:20.065 645:link-prediction        INFO   ***** Eval results *****
2022-10-11 02:33:20.065 647:link-prediction        INFO     eval_acc = 0.7944
2022-10-11 02:33:20.065 647:link-prediction        INFO     eval_f1 = 0.786
2022-10-11 02:33:20.066 647:link-prediction        INFO     eval_mcc = 0.5905
2022-10-11 02:33:20.066 647:link-prediction        INFO     eval_precision = 0.8193
2022-10-11 02:33:20.066 647:link-prediction        INFO     eval_recall = 0.7553
2022-10-11 02:33:20.066 647:link-prediction        INFO     eval_threshold = 0.5
2022-10-11 02:33:20.068 540:link-prediction        INFO     ********************
2022-10-11 02:33:20.068 541:link-prediction        INFO     Best f1:0.786
2022-10-11 02:33:20.069 542:link-prediction        INFO     ********************
2022-10-11 02:33:20.069 557:link-prediction        INFO   Saving model checkpoint to ../link_prediction/poj/plm/saved_codebertmodels/3/ddg_layer_5/checkpoint-best-f1/model.bin
2022-10-11 02:33:20.070 562:link-prediction        INFO     ********************
2022-10-11 02:33:20.070 563:link-prediction        INFO     Best MCC:0.5905
2022-10-11 02:33:20.070 564:link-prediction        INFO     ********************
2022-10-11 02:33:20.070 579:link-prediction        INFO   Saving model checkpoint to ../link_prediction/poj/plm/saved_codebertmodels/3/ddg_layer_5/checkpoint-best-mcc/model.bin
2022-10-11 02:33:25.380 598:link-prediction        INFO   ***** Running evaluation *****
2022-10-11 02:33:25.381 599:link-prediction        INFO     Num examples = 35070
2022-10-11 02:33:25.381 600:link-prediction        INFO     Batch size = 32
2022-10-11 02:33:43.816 645:link-prediction        INFO   ***** Eval results *****
2022-10-11 02:33:43.816 647:link-prediction        INFO     eval_acc = 0.7952
2022-10-11 02:33:43.817 647:link-prediction        INFO     eval_f1 = 0.7764
2022-10-11 02:33:43.817 647:link-prediction        INFO     eval_mcc = 0.5988
2022-10-11 02:33:43.817 647:link-prediction        INFO     eval_precision = 0.8546
2022-10-11 02:33:43.817 647:link-prediction        INFO     eval_recall = 0.7114
2022-10-11 02:33:43.817 647:link-prediction        INFO     eval_threshold = 0.5
2022-10-11 02:33:43.819 562:link-prediction        INFO     ********************
2022-10-11 02:33:43.819 563:link-prediction        INFO     Best MCC:0.5988
2022-10-11 02:33:43.819 564:link-prediction        INFO     ********************
2022-10-11 02:33:43.820 579:link-prediction        INFO   Saving model checkpoint to ../link_prediction/poj/plm/saved_codebertmodels/3/ddg_layer_5/checkpoint-best-mcc/model.bin
2022-10-11 02:33:49.135 598:link-prediction        INFO   ***** Running evaluation *****
2022-10-11 02:33:49.135 599:link-prediction        INFO     Num examples = 35070
2022-10-11 02:33:49.135 600:link-prediction        INFO     Batch size = 32
2022-10-11 02:34:07.960 645:link-prediction        INFO   ***** Eval results *****
2022-10-11 02:34:07.960 647:link-prediction        INFO     eval_acc = 0.7941
2022-10-11 02:34:07.960 647:link-prediction        INFO     eval_f1 = 0.786
2022-10-11 02:34:07.961 647:link-prediction        INFO     eval_mcc = 0.5898
2022-10-11 02:34:07.961 647:link-prediction        INFO     eval_precision = 0.818
2022-10-11 02:34:07.961 647:link-prediction        INFO     eval_recall = 0.7564
2022-10-11 02:34:07.961 647:link-prediction        INFO     eval_threshold = 0.5
2022-10-11 02:34:07.963 540:link-prediction        INFO     ********************
2022-10-11 02:34:07.963 541:link-prediction        INFO     Best f1:0.786
2022-10-11 02:34:07.963 542:link-prediction        INFO     ********************
2022-10-11 02:34:07.964 557:link-prediction        INFO   Saving model checkpoint to ../link_prediction/poj/plm/saved_codebertmodels/3/ddg_layer_5/checkpoint-best-f1/model.bin
2022-10-11 02:34:13.276 598:link-prediction        INFO   ***** Running evaluation *****
2022-10-11 02:34:13.276 599:link-prediction        INFO     Num examples = 35070
2022-10-11 02:34:13.277 600:link-prediction        INFO     Batch size = 32
2022-10-11 02:34:32.133 645:link-prediction        INFO   ***** Eval results *****
2022-10-11 02:34:32.133 647:link-prediction        INFO     eval_acc = 0.8017
2022-10-11 02:34:32.133 647:link-prediction        INFO     eval_f1 = 0.7895
2022-10-11 02:34:32.133 647:link-prediction        INFO     eval_mcc = 0.6075
2022-10-11 02:34:32.133 647:link-prediction        INFO     eval_precision = 0.8414
2022-10-11 02:34:32.134 647:link-prediction        INFO     eval_recall = 0.7435
2022-10-11 02:34:32.134 647:link-prediction        INFO     eval_threshold = 0.5
2022-10-11 02:34:32.136 540:link-prediction        INFO     ********************
2022-10-11 02:34:32.136 541:link-prediction        INFO     Best f1:0.7895
2022-10-11 02:34:32.136 542:link-prediction        INFO     ********************
2022-10-11 02:34:32.137 557:link-prediction        INFO   Saving model checkpoint to ../link_prediction/poj/plm/saved_codebertmodels/3/ddg_layer_5/checkpoint-best-f1/model.bin
2022-10-11 02:34:32.137 562:link-prediction        INFO     ********************
2022-10-11 02:34:32.137 563:link-prediction        INFO     Best MCC:0.6075
2022-10-11 02:34:32.137 564:link-prediction        INFO     ********************
2022-10-11 02:34:32.138 579:link-prediction        INFO   Saving model checkpoint to ../link_prediction/poj/plm/saved_codebertmodels/3/ddg_layer_5/checkpoint-best-mcc/model.bin
2022-10-11 02:34:37.453 598:link-prediction        INFO   ***** Running evaluation *****
2022-10-11 02:34:37.453 599:link-prediction        INFO     Num examples = 35070
2022-10-11 02:34:37.453 600:link-prediction        INFO     Batch size = 32
2022-10-11 02:34:56.304 645:link-prediction        INFO   ***** Eval results *****
2022-10-11 02:34:56.304 647:link-prediction        INFO     eval_acc = 0.8028
2022-10-11 02:34:56.304 647:link-prediction        INFO     eval_f1 = 0.7899
2022-10-11 02:34:56.304 647:link-prediction        INFO     eval_mcc = 0.6103
2022-10-11 02:34:56.304 647:link-prediction        INFO     eval_precision = 0.8452
2022-10-11 02:34:56.304 647:link-prediction        INFO     eval_recall = 0.7415
2022-10-11 02:34:56.304 647:link-prediction        INFO     eval_threshold = 0.5
2022-10-11 02:34:56.307 540:link-prediction        INFO     ********************
2022-10-11 02:34:56.307 541:link-prediction        INFO     Best f1:0.7899
2022-10-11 02:34:56.307 542:link-prediction        INFO     ********************
2022-10-11 02:34:56.307 557:link-prediction        INFO   Saving model checkpoint to ../link_prediction/poj/plm/saved_codebertmodels/3/ddg_layer_5/checkpoint-best-f1/model.bin
2022-10-11 02:34:56.308 562:link-prediction        INFO     ********************
2022-10-11 02:34:56.308 563:link-prediction        INFO     Best MCC:0.6103
2022-10-11 02:34:56.308 564:link-prediction        INFO     ********************
2022-10-11 02:34:56.308 579:link-prediction        INFO   Saving model checkpoint to ../link_prediction/poj/plm/saved_codebertmodels/3/ddg_layer_5/checkpoint-best-mcc/model.bin
2022-10-11 02:35:01.641 598:link-prediction        INFO   ***** Running evaluation *****
2022-10-11 02:35:01.641 599:link-prediction        INFO     Num examples = 35070
2022-10-11 02:35:01.641 600:link-prediction        INFO     Batch size = 32
2022-10-11 02:35:20.511 645:link-prediction        INFO   ***** Eval results *****
2022-10-11 02:35:20.511 647:link-prediction        INFO     eval_acc = 0.8052
2022-10-11 02:35:20.511 647:link-prediction        INFO     eval_f1 = 0.795
2022-10-11 02:35:20.511 647:link-prediction        INFO     eval_mcc = 0.6133
2022-10-11 02:35:20.511 647:link-prediction        INFO     eval_precision = 0.8387
2022-10-11 02:35:20.511 647:link-prediction        INFO     eval_recall = 0.7557
2022-10-11 02:35:20.511 647:link-prediction        INFO     eval_threshold = 0.5
2022-10-11 02:35:20.514 540:link-prediction        INFO     ********************
2022-10-11 02:35:20.514 541:link-prediction        INFO     Best f1:0.795
2022-10-11 02:35:20.514 542:link-prediction        INFO     ********************
2022-10-11 02:35:20.515 557:link-prediction        INFO   Saving model checkpoint to ../link_prediction/poj/plm/saved_codebertmodels/3/ddg_layer_5/checkpoint-best-f1/model.bin
2022-10-11 02:35:20.515 562:link-prediction        INFO     ********************
2022-10-11 02:35:20.515 563:link-prediction        INFO     Best MCC:0.6133
2022-10-11 02:35:20.515 564:link-prediction        INFO     ********************
2022-10-11 02:35:20.515 579:link-prediction        INFO   Saving model checkpoint to ../link_prediction/poj/plm/saved_codebertmodels/3/ddg_layer_5/checkpoint-best-mcc/model.bin
2022-10-11 02:35:25.850 598:link-prediction        INFO   ***** Running evaluation *****
2022-10-11 02:35:25.850 599:link-prediction        INFO     Num examples = 35070
2022-10-11 02:35:25.850 600:link-prediction        INFO     Batch size = 32
2022-10-11 02:35:44.731 645:link-prediction        INFO   ***** Eval results *****
2022-10-11 02:35:44.731 647:link-prediction        INFO     eval_acc = 0.806
2022-10-11 02:35:44.731 647:link-prediction        INFO     eval_f1 = 0.793
2022-10-11 02:35:44.731 647:link-prediction        INFO     eval_mcc = 0.617
2022-10-11 02:35:44.731 647:link-prediction        INFO     eval_precision = 0.8504
2022-10-11 02:35:44.732 647:link-prediction        INFO     eval_recall = 0.7428
2022-10-11 02:35:44.732 647:link-prediction        INFO     eval_threshold = 0.5
2022-10-11 02:35:44.734 562:link-prediction        INFO     ********************
2022-10-11 02:35:44.734 563:link-prediction        INFO     Best MCC:0.617
2022-10-11 02:35:44.734 564:link-prediction        INFO     ********************
2022-10-11 02:35:44.735 579:link-prediction        INFO   Saving model checkpoint to ../link_prediction/poj/plm/saved_codebertmodels/3/ddg_layer_5/checkpoint-best-mcc/model.bin
2022-10-11 02:35:50.106 598:link-prediction        INFO   ***** Running evaluation *****
2022-10-11 02:35:50.106 599:link-prediction        INFO     Num examples = 35070
2022-10-11 02:35:50.106 600:link-prediction        INFO     Batch size = 32
2022-10-11 02:36:08.998 645:link-prediction        INFO   ***** Eval results *****
2022-10-11 02:36:08.999 647:link-prediction        INFO     eval_acc = 0.8
2022-10-11 02:36:08.999 647:link-prediction        INFO     eval_f1 = 0.7842
2022-10-11 02:36:08.999 647:link-prediction        INFO     eval_mcc = 0.6066
2022-10-11 02:36:08.999 647:link-prediction        INFO     eval_precision = 0.8516
2022-10-11 02:36:08.999 647:link-prediction        INFO     eval_recall = 0.7267
2022-10-11 02:36:08.999 647:link-prediction        INFO     eval_threshold = 0.5
2022-10-11 02:36:14.319 598:link-prediction        INFO   ***** Running evaluation *****
2022-10-11 02:36:14.319 599:link-prediction        INFO     Num examples = 35070
2022-10-11 02:36:14.319 600:link-prediction        INFO     Batch size = 32
2022-10-11 02:36:32.294 645:link-prediction        INFO   ***** Eval results *****
2022-10-11 02:36:32.295 647:link-prediction        INFO     eval_acc = 0.8059
2022-10-11 02:36:32.295 647:link-prediction        INFO     eval_f1 = 0.792
2022-10-11 02:36:32.295 647:link-prediction        INFO     eval_mcc = 0.6174
2022-10-11 02:36:32.295 647:link-prediction        INFO     eval_precision = 0.8532
2022-10-11 02:36:32.295 647:link-prediction        INFO     eval_recall = 0.7389
2022-10-11 02:36:32.295 647:link-prediction        INFO     eval_threshold = 0.5
2022-10-11 02:36:32.297 562:link-prediction        INFO     ********************
2022-10-11 02:36:32.298 563:link-prediction        INFO     Best MCC:0.6174
2022-10-11 02:36:32.298 564:link-prediction        INFO     ********************
2022-10-11 02:36:32.309 579:link-prediction        INFO   Saving model checkpoint to ../link_prediction/poj/plm/saved_codebertmodels/3/ddg_layer_5/checkpoint-best-mcc/model.bin
2022-10-11 02:36:37.630 598:link-prediction        INFO   ***** Running evaluation *****
2022-10-11 02:36:37.630 599:link-prediction        INFO     Num examples = 35070
2022-10-11 02:36:37.630 600:link-prediction        INFO     Batch size = 32
2022-10-11 02:36:56.242 645:link-prediction        INFO   ***** Eval results *****
2022-10-11 02:36:56.243 647:link-prediction        INFO     eval_acc = 0.8099
2022-10-11 02:36:56.243 647:link-prediction        INFO     eval_f1 = 0.7923
2022-10-11 02:36:56.243 647:link-prediction        INFO     eval_mcc = 0.6288
2022-10-11 02:36:56.243 647:link-prediction        INFO     eval_precision = 0.8731
2022-10-11 02:36:56.243 647:link-prediction        INFO     eval_recall = 0.7251
2022-10-11 02:36:56.243 647:link-prediction        INFO     eval_threshold = 0.5
2022-10-11 02:36:56.245 562:link-prediction        INFO     ********************
2022-10-11 02:36:56.246 563:link-prediction        INFO     Best MCC:0.6288
2022-10-11 02:36:56.246 564:link-prediction        INFO     ********************
2022-10-11 02:36:56.247 579:link-prediction        INFO   Saving model checkpoint to ../link_prediction/poj/plm/saved_codebertmodels/3/ddg_layer_5/checkpoint-best-mcc/model.bin
2022-10-11 02:37:01.588 598:link-prediction        INFO   ***** Running evaluation *****
2022-10-11 02:37:01.588 599:link-prediction        INFO     Num examples = 35070
2022-10-11 02:37:01.588 600:link-prediction        INFO     Batch size = 32
2022-10-11 02:37:20.264 645:link-prediction        INFO   ***** Eval results *****
2022-10-11 02:37:20.264 647:link-prediction        INFO     eval_acc = 0.809
2022-10-11 02:37:20.264 647:link-prediction        INFO     eval_f1 = 0.8012
2022-10-11 02:37:20.264 647:link-prediction        INFO     eval_mcc = 0.6198
2022-10-11 02:37:20.264 647:link-prediction        INFO     eval_precision = 0.835
2022-10-11 02:37:20.264 647:link-prediction        INFO     eval_recall = 0.7701
2022-10-11 02:37:20.264 647:link-prediction        INFO     eval_threshold = 0.5
2022-10-11 02:37:20.266 540:link-prediction        INFO     ********************
2022-10-11 02:37:20.267 541:link-prediction        INFO     Best f1:0.8012
2022-10-11 02:37:20.267 542:link-prediction        INFO     ********************
2022-10-11 02:37:20.267 557:link-prediction        INFO   Saving model checkpoint to ../link_prediction/poj/plm/saved_codebertmodels/3/ddg_layer_5/checkpoint-best-f1/model.bin
2022-10-11 02:37:25.582 598:link-prediction        INFO   ***** Running evaluation *****
2022-10-11 02:37:25.582 599:link-prediction        INFO     Num examples = 35070
2022-10-11 02:37:25.582 600:link-prediction        INFO     Batch size = 32
2022-10-11 02:37:44.305 645:link-prediction        INFO   ***** Eval results *****
2022-10-11 02:37:44.305 647:link-prediction        INFO     eval_acc = 0.8125
2022-10-11 02:37:44.305 647:link-prediction        INFO     eval_f1 = 0.8054
2022-10-11 02:37:44.305 647:link-prediction        INFO     eval_mcc = 0.6266
2022-10-11 02:37:44.306 647:link-prediction        INFO     eval_precision = 0.837
2022-10-11 02:37:44.306 647:link-prediction        INFO     eval_recall = 0.7761
2022-10-11 02:37:44.306 647:link-prediction        INFO     eval_threshold = 0.5
2022-10-11 02:37:44.308 540:link-prediction        INFO     ********************
2022-10-11 02:37:44.308 541:link-prediction        INFO     Best f1:0.8054
2022-10-11 02:37:44.308 542:link-prediction        INFO     ********************
2022-10-11 02:37:44.309 557:link-prediction        INFO   Saving model checkpoint to ../link_prediction/poj/plm/saved_codebertmodels/3/ddg_layer_5/checkpoint-best-f1/model.bin
2022-10-11 02:37:49.630 598:link-prediction        INFO   ***** Running evaluation *****
2022-10-11 02:37:49.630 599:link-prediction        INFO     Num examples = 35070
2022-10-11 02:37:49.631 600:link-prediction        INFO     Batch size = 32
2022-10-11 02:38:08.406 645:link-prediction        INFO   ***** Eval results *****
2022-10-11 02:38:08.406 647:link-prediction        INFO     eval_acc = 0.8119
2022-10-11 02:38:08.406 647:link-prediction        INFO     eval_f1 = 0.8008
2022-10-11 02:38:08.406 647:link-prediction        INFO     eval_mcc = 0.6277
2022-10-11 02:38:08.406 647:link-prediction        INFO     eval_precision = 0.8508
2022-10-11 02:38:08.406 647:link-prediction        INFO     eval_recall = 0.7564
2022-10-11 02:38:08.406 647:link-prediction        INFO     eval_threshold = 0.5
2022-10-11 02:38:13.749 598:link-prediction        INFO   ***** Running evaluation *****
2022-10-11 02:38:13.750 599:link-prediction        INFO     Num examples = 35070
2022-10-11 02:38:13.750 600:link-prediction        INFO     Batch size = 32
2022-10-11 02:38:32.528 645:link-prediction        INFO   ***** Eval results *****
2022-10-11 02:38:32.528 647:link-prediction        INFO     eval_acc = 0.8086
2022-10-11 02:38:32.528 647:link-prediction        INFO     eval_f1 = 0.7928
2022-10-11 02:38:32.529 647:link-prediction        INFO     eval_mcc = 0.6246
2022-10-11 02:38:32.529 647:link-prediction        INFO     eval_precision = 0.8643
2022-10-11 02:38:32.529 647:link-prediction        INFO     eval_recall = 0.7322
2022-10-11 02:38:32.529 647:link-prediction        INFO     eval_threshold = 0.5
2022-10-11 02:38:37.880 598:link-prediction        INFO   ***** Running evaluation *****
2022-10-11 02:38:37.880 599:link-prediction        INFO     Num examples = 35070
2022-10-11 02:38:37.880 600:link-prediction        INFO     Batch size = 32
2022-10-11 02:38:56.726 645:link-prediction        INFO   ***** Eval results *****
2022-10-11 02:38:56.726 647:link-prediction        INFO     eval_acc = 0.8124
2022-10-11 02:38:56.726 647:link-prediction        INFO     eval_f1 = 0.8087
2022-10-11 02:38:56.726 647:link-prediction        INFO     eval_mcc = 0.6253
2022-10-11 02:38:56.727 647:link-prediction        INFO     eval_precision = 0.8251
2022-10-11 02:38:56.727 647:link-prediction        INFO     eval_recall = 0.7929
2022-10-11 02:38:56.727 647:link-prediction        INFO     eval_threshold = 0.5
2022-10-11 02:38:56.729 540:link-prediction        INFO     ********************
2022-10-11 02:38:56.729 541:link-prediction        INFO     Best f1:0.8087
2022-10-11 02:38:56.729 542:link-prediction        INFO     ********************
2022-10-11 02:38:56.730 557:link-prediction        INFO   Saving model checkpoint to ../link_prediction/poj/plm/saved_codebertmodels/3/ddg_layer_5/checkpoint-best-f1/model.bin
2022-10-11 02:39:02.078 598:link-prediction        INFO   ***** Running evaluation *****
2022-10-11 02:39:02.078 599:link-prediction        INFO     Num examples = 35070
2022-10-11 02:39:02.078 600:link-prediction        INFO     Batch size = 32
2022-10-11 02:39:20.404 645:link-prediction        INFO   ***** Eval results *****
2022-10-11 02:39:20.405 647:link-prediction        INFO     eval_acc = 0.814
2022-10-11 02:39:20.405 647:link-prediction        INFO     eval_f1 = 0.8099
2022-10-11 02:39:20.405 647:link-prediction        INFO     eval_mcc = 0.6286
2022-10-11 02:39:20.405 647:link-prediction        INFO     eval_precision = 0.8281
2022-10-11 02:39:20.405 647:link-prediction        INFO     eval_recall = 0.7926
2022-10-11 02:39:20.405 647:link-prediction        INFO     eval_threshold = 0.5
2022-10-11 02:39:20.407 540:link-prediction        INFO     ********************
2022-10-11 02:39:20.407 541:link-prediction        INFO     Best f1:0.8099
2022-10-11 02:39:20.408 542:link-prediction        INFO     ********************
2022-10-11 02:39:20.408 557:link-prediction        INFO   Saving model checkpoint to ../link_prediction/poj/plm/saved_codebertmodels/3/ddg_layer_5/checkpoint-best-f1/model.bin
2022-10-11 02:39:25.781 598:link-prediction        INFO   ***** Running evaluation *****
2022-10-11 02:39:25.782 599:link-prediction        INFO     Num examples = 35070
2022-10-11 02:39:25.782 600:link-prediction        INFO     Batch size = 32
2022-10-11 02:39:44.653 645:link-prediction        INFO   ***** Eval results *****
2022-10-11 02:39:44.653 647:link-prediction        INFO     eval_acc = 0.8132
2022-10-11 02:39:44.653 647:link-prediction        INFO     eval_f1 = 0.8073
2022-10-11 02:39:44.653 647:link-prediction        INFO     eval_mcc = 0.6276
2022-10-11 02:39:44.653 647:link-prediction        INFO     eval_precision = 0.8336
2022-10-11 02:39:44.653 647:link-prediction        INFO     eval_recall = 0.7827
2022-10-11 02:39:44.653 647:link-prediction        INFO     eval_threshold = 0.5
2022-10-11 02:39:50.052 598:link-prediction        INFO   ***** Running evaluation *****
2022-10-11 02:39:50.052 599:link-prediction        INFO     Num examples = 35070
2022-10-11 02:39:50.052 600:link-prediction        INFO     Batch size = 32
2022-10-11 02:40:09.045 645:link-prediction        INFO   ***** Eval results *****
2022-10-11 02:40:09.045 647:link-prediction        INFO     eval_acc = 0.813
2022-10-11 02:40:09.045 647:link-prediction        INFO     eval_f1 = 0.8039
2022-10-11 02:40:09.045 647:link-prediction        INFO     eval_mcc = 0.6287
2022-10-11 02:40:09.046 647:link-prediction        INFO     eval_precision = 0.845
2022-10-11 02:40:09.046 647:link-prediction        INFO     eval_recall = 0.7666
2022-10-11 02:40:09.046 647:link-prediction        INFO     eval_threshold = 0.5
2022-10-11 02:40:09.527 668:link-prediction        INFO   ***** Running Test *****
2022-10-11 02:40:09.528 669:link-prediction        INFO     Num examples = 31174
2022-10-11 02:40:09.528 670:link-prediction        INFO     Batch size = 32
2022-10-11 02:40:26.048 711:link-prediction        INFO   ***** Test results *****
2022-10-11 02:40:26.048 713:link-prediction        INFO     eval_acc = 0.8076
2022-10-11 02:40:26.048 713:link-prediction        INFO     eval_f1 = 0.7922
2022-10-11 02:40:26.048 713:link-prediction        INFO     eval_mcc = 0.6222
2022-10-11 02:40:26.048 713:link-prediction        INFO     eval_precision = 0.8615
2022-10-11 02:40:26.048 713:link-prediction        INFO     eval_recall = 0.7332
2022-10-11 02:40:26.048 713:link-prediction        INFO     eval_threshold = 0.5
