2023-01-21 01:22:39.242 1007:link-prediction        DEBUG  main message
2023-01-21 01:22:39.242 1013:link-prediction        WARNING device: cuda, n_gpu: 1
2023-01-21 01:22:41.528 1034:link-prediction        INFO   Probimg Model Parameters 3843
2023-01-21 01:22:41.528 1035:link-prediction        INFO   Training/evaluation parameters Namespace(adam_epsilon=1e-08, class_num=2, code_length=512, config_name='microsoft/graphcodebert-base', data_flow_length=128, data_folder='../datasets/java250/isINGraphs', dataset='java250', debug=False, device=device(type='cuda'), do_crossing=True, do_eval=False, do_random=True, do_test=True, do_train=True, epochs=1, eval_batch_size=32, evaluate_during_training=False, gradient_accumulation_steps=1, graph_type='ddg', layer=11, learning_rate=0.001, max_grad_norm=1.0, max_steps=-1, model_name='graphcodebert', model_name_or_path='microsoft/graphcodebert-base', n_gpu=1, output_dir='../isInGraph/java250_graph/random/graphcodebert_saved_models/3/ddg_11', seed=780, token_config='microsoft/graphcodebert-base', train_batch_size=64, warmup_steps=0, weight_decay=0.0)
2023-01-21 01:22:41.529 1047:link-prediction        INFO   Load Dataset
2023-01-21 01:23:46.426 357:link-prediction        INFO   Load Span file and Graph data, data path: ../datasets/java250/isINGraphs/graphcodebert/graphcodebert_train_ddg_True.pt
2023-01-21 01:23:49.367 416:link-prediction        INFO   Labels Counter({1: 55950, 0: 55934})
2023-01-21 01:23:49.453 357:link-prediction        INFO   Load Span file and Graph data, data path: ../datasets/java250/isINGraphs/graphcodebert/graphcodebert_valid_ddg_True.pt
2023-01-21 01:23:50.791 416:link-prediction        INFO   Labels Counter({0: 18986, 1: 18985})
2023-01-21 01:23:52.147 357:link-prediction        INFO   Load Span file and Graph data, data path: ../datasets/java250/isINGraphs/graphcodebert/graphcodebert_test_ddg_True.pt
2023-01-21 01:23:54.094 416:link-prediction        INFO   Labels Counter({1: 18621, 0: 18621})
2023-01-21 01:23:54.096 420:link-prediction        INFO   *** Example ***
2023-01-21 01:23:54.096 421:link-prediction        INFO   idx: s170347756_main
2023-01-21 01:23:54.096 422:link-prediction        INFO   label: 0
2023-01-21 01:23:54.097 423:link-prediction        INFO   input_tokens_1: ['str', '[', '1', ']']
2023-01-21 01:23:54.098 431:link-prediction        INFO   input_ids_1: 77 81, [[77, 80], [77, 80]]
2023-01-21 01:23:54.098 438:link-prediction        INFO   input_tokens_reverse_1: Ġstr Ġ[ Ġ1 Ġ]
2023-01-21 01:23:54.098 448:link-prediction        INFO   input_tokens_2: ['k']
2023-01-21 01:23:54.098 456:link-prediction        INFO   input_ids_2: 205 206, [[77, 80], [77, 80]]
2023-01-21 01:23:54.098 463:link-prediction        INFO   input_tokens_reverse_2: Ġk
2023-01-21 01:23:54.098 420:link-prediction        INFO   *** Example ***
2023-01-21 01:23:54.098 421:link-prediction        INFO   idx: s848360923_main
2023-01-21 01:23:54.098 422:link-prediction        INFO   label: 0
2023-01-21 01:23:54.098 423:link-prediction        INFO   input_tokens_1: ['1']
2023-01-21 01:23:54.098 431:link-prediction        INFO   input_ids_1: 94 95, [[94, 94], [94, 94]]
2023-01-21 01:23:54.098 438:link-prediction        INFO   input_tokens_reverse_1: Ġ1
2023-01-21 01:23:54.099 448:link-prediction        INFO   input_tokens_2: ['public', '_static', '_void', '_main', '(', 'String', '[]', '_args', ')']
2023-01-21 01:23:54.099 456:link-prediction        INFO   input_ids_2: 1 12, [[94, 94], [94, 94]]
2023-01-21 01:23:54.099 463:link-prediction        INFO   input_tokens_reverse_2: public Ġstatic Ġvoid Ġmain Ġ Ġ( ĠString Ġ[ Ġ] Ġargs Ġ)
2023-01-21 01:23:54.099 420:link-prediction        INFO   *** Example ***
2023-01-21 01:23:54.099 421:link-prediction        INFO   idx: s329560074_main
2023-01-21 01:23:54.099 422:link-prediction        INFO   label: 1
2023-01-21 01:23:54.099 423:link-prediction        INFO   input_tokens_1: ['list', '_=', '_new', '_int', '[', 'N', ']']
2023-01-21 01:23:54.099 431:link-prediction        INFO   input_ids_1: 39 46, [[39, 45], [39, 45]]
2023-01-21 01:23:54.099 438:link-prediction        INFO   input_tokens_reverse_1: Ġlist Ġ= Ġnew Ġint Ġ[ ĠN Ġ]
2023-01-21 01:23:54.100 448:link-prediction        INFO   input_tokens_2: ['all', '_-=', '_Max']
2023-01-21 01:23:54.100 456:link-prediction        INFO   input_ids_2: 110 113, [[39, 45], [39, 45]]
2023-01-21 01:23:54.100 463:link-prediction        INFO   input_tokens_reverse_2: Ġall Ġ-= ĠMax
2023-01-21 01:23:54.100 420:link-prediction        INFO   *** Example ***
2023-01-21 01:23:54.100 421:link-prediction        INFO   idx: s560583732_main
2023-01-21 01:23:54.100 422:link-prediction        INFO   label: 0
2023-01-21 01:23:54.100 423:link-prediction        INFO   input_tokens_1: ['a']
2023-01-21 01:23:54.100 431:link-prediction        INFO   input_ids_1: 84 85, [[84, 84], [84, 84]]
2023-01-21 01:23:54.100 438:link-prediction        INFO   input_tokens_reverse_1: Ġa
2023-01-21 01:23:54.100 448:link-prediction        INFO   input_tokens_2: ['ket', 'a', '(', 'i', ')']
2023-01-21 01:23:54.100 456:link-prediction        INFO   input_ids_2: 86 91, [[84, 84], [84, 84]]
2023-01-21 01:23:54.101 463:link-prediction        INFO   input_tokens_reverse_2: Ġk eta Ġ( Ġi Ġ)
2023-01-21 01:23:54.101 420:link-prediction        INFO   *** Example ***
2023-01-21 01:23:54.101 421:link-prediction        INFO   idx: s723973420_main
2023-01-21 01:23:54.101 422:link-prediction        INFO   label: 0
2023-01-21 01:23:54.101 423:link-prediction        INFO   input_tokens_1: ['num']
2023-01-21 01:23:54.101 431:link-prediction        INFO   input_ids_1: 226 227, [[226, 226], [226, 226]]
2023-01-21 01:23:54.101 438:link-prediction        INFO   input_tokens_reverse_1: Ġnum
2023-01-21 01:23:54.101 448:link-prediction        INFO   input_tokens_2: ['Integer']
2023-01-21 01:23:54.101 456:link-prediction        INFO   input_ids_2: 175 176, [[226, 226], [226, 226]]
2023-01-21 01:23:54.101 463:link-prediction        INFO   input_tokens_reverse_2: ĠInteger
2023-01-21 01:23:54.101 420:link-prediction        INFO   *** Example ***
2023-01-21 01:23:54.101 421:link-prediction        INFO   idx: s349738971_readArray
2023-01-21 01:23:54.102 422:link-prediction        INFO   label: 0
2023-01-21 01:23:54.102 423:link-prediction        INFO   input_tokens_1: ['i']
2023-01-21 01:23:54.102 431:link-prediction        INFO   input_ids_1: 27 28, [[27, 27], [27, 27]]
2023-01-21 01:23:54.102 438:link-prediction        INFO   input_tokens_reverse_1: Ġi
2023-01-21 01:23:54.102 448:link-prediction        INFO   input_tokens_2: ['arr']
2023-01-21 01:23:54.102 456:link-prediction        INFO   input_ids_2: 16 17, [[27, 27], [27, 27]]
2023-01-21 01:23:54.102 463:link-prediction        INFO   input_tokens_reverse_2: Ġarr
2023-01-21 01:23:54.102 420:link-prediction        INFO   *** Example ***
2023-01-21 01:23:54.102 421:link-prediction        INFO   idx: s066046156_main
2023-01-21 01:23:54.102 422:link-prediction        INFO   label: 0
2023-01-21 01:23:54.102 423:link-prediction        INFO   input_tokens_1: ['station']
2023-01-21 01:23:54.102 431:link-prediction        INFO   input_ids_1: 29 30, [[29, 29], [29, 29]]
2023-01-21 01:23:54.103 438:link-prediction        INFO   input_tokens_reverse_1: Ġstation
2023-01-21 01:23:54.103 448:link-prediction        INFO   input_tokens_2: ['station', '3']
2023-01-21 01:23:54.103 456:link-prediction        INFO   input_ids_2: 67 69, [[29, 29], [29, 29]]
2023-01-21 01:23:54.103 463:link-prediction        INFO   input_tokens_reverse_2: Ġstation 3
2023-01-21 01:23:54.103 420:link-prediction        INFO   *** Example ***
2023-01-21 01:23:54.103 421:link-prediction        INFO   idx: s465469366_main
2023-01-21 01:23:54.103 422:link-prediction        INFO   label: 1
2023-01-21 01:23:54.103 423:link-prediction        INFO   input_tokens_1: ['g', 'cd', '(', 'x', ',', '_y', ')', '_+', '_"', '_"']
2023-01-21 01:23:54.103 431:link-prediction        INFO   input_ids_1: 62 72, [[62, 71], [62, 71]]
2023-01-21 01:23:54.103 438:link-prediction        INFO   input_tokens_reverse_1: Ġg cd Ġ( Ġx Ġ, Ġy Ġ) Ġ+ Ġ" Ġ"
2023-01-21 01:23:54.103 448:link-prediction        INFO   input_tokens_2: ['l', 'cm', '(', 'x', ',', '_y', ')']
2023-01-21 01:23:54.104 456:link-prediction        INFO   input_ids_2: 73 80, [[62, 71], [62, 71]]
2023-01-21 01:23:54.104 463:link-prediction        INFO   input_tokens_reverse_2: Ġl cm Ġ( Ġx Ġ, Ġy Ġ)
2023-01-21 01:23:54.104 420:link-prediction        INFO   *** Example ***
2023-01-21 01:23:54.104 421:link-prediction        INFO   idx: s638693565_main
2023-01-21 01:23:54.104 422:link-prediction        INFO   label: 0
2023-01-21 01:23:54.104 423:link-prediction        INFO   input_tokens_1: ['s', 'olver', '_=', '_new', '_Task', '()']
2023-01-21 01:23:54.104 431:link-prediction        INFO   input_ids_1: 56 63, [[56, 62], [56, 62]]
2023-01-21 01:23:54.104 438:link-prediction        INFO   input_tokens_reverse_1: Ġsol ver Ġ= Ġnew ĠTask Ġ( Ġ)
2023-01-21 01:23:54.104 448:link-prediction        INFO   input_tokens_2: ['output', 'Stream']
2023-01-21 01:23:54.104 456:link-prediction        INFO   input_ids_2: 51 53, [[56, 62], [56, 62]]
2023-01-21 01:23:54.104 463:link-prediction        INFO   input_tokens_reverse_2: Ġoutput Stream
2023-01-21 01:23:54.104 420:link-prediction        INFO   *** Example ***
2023-01-21 01:23:54.105 421:link-prediction        INFO   idx: s513823079_disp
2023-01-21 01:23:54.105 422:link-prediction        INFO   label: 0
2023-01-21 01:23:54.105 423:link-prediction        INFO   input_tokens_1: ['sb']
2023-01-21 01:23:54.105 431:link-prediction        INFO   input_ids_1: 105 107, [[105, 106], [105, 106]]
2023-01-21 01:23:54.105 438:link-prediction        INFO   input_tokens_reverse_1: Ġs b
2023-01-21 01:23:54.105 448:link-prediction        INFO   input_tokens_2: ['ary']
2023-01-21 01:23:54.105 456:link-prediction        INFO   input_ids_2: 76 78, [[105, 106], [105, 106]]
2023-01-21 01:23:54.105 463:link-prediction        INFO   input_tokens_reverse_2: Ġa ry
2023-01-21 01:23:54.105 420:link-prediction        INFO   *** Example ***
2023-01-21 01:23:54.105 421:link-prediction        INFO   idx: s295343060_main
2023-01-21 01:23:54.105 422:link-prediction        INFO   label: 1
2023-01-21 01:23:54.106 423:link-prediction        INFO   input_tokens_1: ['second', 'Half', '_>=', '_1']
2023-01-21 01:23:54.106 431:link-prediction        INFO   input_ids_1: 98 102, [[98, 101], [98, 101]]
2023-01-21 01:23:54.106 438:link-prediction        INFO   input_tokens_reverse_1: Ġsecond Half Ġ>= Ġ1
2023-01-21 01:23:54.106 448:link-prediction        INFO   input_tokens_2: ['public', '_static', '_void', '_main', '(', 'String', '[]', '_args', ')']
2023-01-21 01:23:54.106 456:link-prediction        INFO   input_ids_2: 1 12, [[98, 101], [98, 101]]
2023-01-21 01:23:54.106 463:link-prediction        INFO   input_tokens_reverse_2: public Ġstatic Ġvoid Ġmain Ġ Ġ( ĠString Ġ[ Ġ] Ġargs Ġ)
2023-01-21 01:23:54.106 420:link-prediction        INFO   *** Example ***
2023-01-21 01:23:54.106 421:link-prediction        INFO   idx: s079927398_nextIntArray
2023-01-21 01:23:54.106 422:link-prediction        INFO   label: 0
2023-01-21 01:23:54.106 423:link-prediction        INFO   input_tokens_1: ['Array', 'List']
2023-01-21 01:23:54.106 431:link-prediction        INFO   input_ids_1: 2 4, [[2, 3], [2, 3]]
2023-01-21 01:23:54.106 438:link-prediction        INFO   input_tokens_reverse_1: ĠArray List
2023-01-21 01:23:54.107 448:link-prediction        INFO   input_tokens_2: ['for', '_(', 'int', '_i', '_=', '_0', ';', '_i', '_<', '_input', '.', 'size', '();', '_i', '++)']
2023-01-21 01:23:54.107 456:link-prediction        INFO   input_ids_2: 48 66, [[2, 3], [2, 3]]
2023-01-21 01:23:54.107 463:link-prediction        INFO   input_tokens_reverse_2: Ġfor Ġ( Ġint Ġi Ġ= Ġ0 Ġ; Ġi Ġ< Ġinput Ġ. Ġsize Ġ( Ġ) Ġ; Ġi Ġ++ Ġ)
2023-01-21 01:23:54.107 420:link-prediction        INFO   *** Example ***
2023-01-21 01:23:54.107 421:link-prediction        INFO   idx: s295343060_main
2023-01-21 01:23:54.107 422:link-prediction        INFO   label: 0
2023-01-21 01:23:54.107 423:link-prediction        INFO   input_tokens_1: ['second', 'Half']
2023-01-21 01:23:54.107 431:link-prediction        INFO   input_ids_1: 61 63, [[61, 62], [61, 62]]
2023-01-21 01:23:54.107 438:link-prediction        INFO   input_tokens_reverse_1: Ġsecond Half
2023-01-21 01:23:54.107 448:link-prediction        INFO   input_tokens_2: ['is', 'MM', 'YY']
2023-01-21 01:23:54.108 456:link-prediction        INFO   input_ids_2: 90 93, [[61, 62], [61, 62]]
2023-01-21 01:23:54.108 463:link-prediction        INFO   input_tokens_reverse_2: Ġis MM YY
2023-01-21 01:23:54.108 420:link-prediction        INFO   *** Example ***
2023-01-21 01:23:54.108 421:link-prediction        INFO   idx: s550273429_main
2023-01-21 01:23:54.108 422:link-prediction        INFO   label: 1
2023-01-21 01:23:54.108 423:link-prediction        INFO   input_tokens_1: ['public', '_static', '_void', '_main', '(', 'String', '[]', '_args', ')', '_throws', '_Exception']
2023-01-21 01:23:54.108 431:link-prediction        INFO   input_ids_1: 1 14, [[1, 13], [1, 13]]
2023-01-21 01:23:54.108 438:link-prediction        INFO   input_tokens_reverse_1: public Ġstatic Ġvoid Ġmain Ġ Ġ( ĠString Ġ[ Ġ] Ġargs Ġ) Ġthrows ĠException
2023-01-21 01:23:54.108 448:link-prediction        INFO   input_tokens_2: ['m', '.', 'find', '()']
2023-01-21 01:23:54.108 456:link-prediction        INFO   input_ids_2: 111 116, [[1, 13], [1, 13]]
2023-01-21 01:23:54.108 463:link-prediction        INFO   input_tokens_reverse_2: Ġm Ġ. Ġfind Ġ( Ġ)
2023-01-21 01:23:54.108 420:link-prediction        INFO   *** Example ***
2023-01-21 01:23:54.109 421:link-prediction        INFO   idx: s454511405_main
2023-01-21 01:23:54.109 422:link-prediction        INFO   label: 1
2023-01-21 01:23:54.109 423:link-prediction        INFO   input_tokens_1: ['public', '_static', '_void', '_main', '(', 'String', '[]', '_args', ')']
2023-01-21 01:23:54.109 431:link-prediction        INFO   input_ids_1: 1 12, [[1, 11], [1, 11]]
2023-01-21 01:23:54.109 438:link-prediction        INFO   input_tokens_reverse_1: public Ġstatic Ġvoid Ġmain Ġ Ġ( ĠString Ġ[ Ġ] Ġargs Ġ)
2023-01-21 01:23:54.109 448:link-prediction        INFO   input_tokens_2: ['sc', '_=', '_new', '_Scan', 'ner', '(', 'System', '.', 'in', ')']
2023-01-21 01:23:54.109 456:link-prediction        INFO   input_ids_2: 15 25, [[1, 11], [1, 11]]
2023-01-21 01:23:54.109 463:link-prediction        INFO   input_tokens_reverse_2: Ġsc Ġ= Ġnew ĠScan ner Ġ( ĠSystem Ġ. Ġin Ġ)
2023-01-21 01:23:54.109 420:link-prediction        INFO   *** Example ***
2023-01-21 01:23:54.109 421:link-prediction        INFO   idx: s010008352_main
2023-01-21 01:23:54.109 422:link-prediction        INFO   label: 0
2023-01-21 01:23:54.110 423:link-prediction        INFO   input_tokens_1: ['1']
2023-01-21 01:23:54.110 431:link-prediction        INFO   input_ids_1: 104 105, [[104, 104], [104, 104]]
2023-01-21 01:23:54.110 438:link-prediction        INFO   input_tokens_reverse_1: Ġ1
2023-01-21 01:23:54.110 448:link-prediction        INFO   input_tokens_2: ['0']
2023-01-21 01:23:54.110 456:link-prediction        INFO   input_ids_2: 84 85, [[104, 104], [104, 104]]
2023-01-21 01:23:54.110 463:link-prediction        INFO   input_tokens_reverse_2: Ġ0
2023-01-21 01:23:54.110 420:link-prediction        INFO   *** Example ***
2023-01-21 01:23:54.110 421:link-prediction        INFO   idx: s268942674_main
2023-01-21 01:23:54.110 422:link-prediction        INFO   label: 0
2023-01-21 01:23:54.110 423:link-prediction        INFO   input_tokens_1: ['System']
2023-01-21 01:23:54.110 431:link-prediction        INFO   input_ids_1: 171 172, [[171, 171], [171, 171]]
2023-01-21 01:23:54.110 438:link-prediction        INFO   input_tokens_reverse_1: ĠSystem
2023-01-21 01:23:54.111 448:link-prediction        INFO   input_tokens_2: ['sc', '_=', '_new', '_Scan', 'ner', '(', 'System', '.', 'in', ')']
2023-01-21 01:23:54.111 456:link-prediction        INFO   input_ids_2: 15 25, [[171, 171], [171, 171]]
2023-01-21 01:23:54.111 463:link-prediction        INFO   input_tokens_reverse_2: Ġsc Ġ= Ġnew ĠScan ner Ġ( ĠSystem Ġ. Ġin Ġ)
2023-01-21 01:23:54.111 420:link-prediction        INFO   *** Example ***
2023-01-21 01:23:54.111 421:link-prediction        INFO   idx: s828224447_main
2023-01-21 01:23:54.111 422:link-prediction        INFO   label: 0
2023-01-21 01:23:54.111 423:link-prediction        INFO   input_tokens_1: ['t']
2023-01-21 01:23:54.111 431:link-prediction        INFO   input_ids_1: 64 65, [[64, 64], [64, 64]]
2023-01-21 01:23:54.111 438:link-prediction        INFO   input_tokens_reverse_1: Ġt
2023-01-21 01:23:54.111 448:link-prediction        INFO   input_tokens_2: ['t']
2023-01-21 01:23:54.111 456:link-prediction        INFO   input_ids_2: 36 37, [[64, 64], [64, 64]]
2023-01-21 01:23:54.111 463:link-prediction        INFO   input_tokens_reverse_2: Ġt
2023-01-21 01:23:54.112 420:link-prediction        INFO   *** Example ***
2023-01-21 01:23:54.112 421:link-prediction        INFO   idx: s629938885_main
2023-01-21 01:23:54.112 422:link-prediction        INFO   label: 0
2023-01-21 01:23:54.112 423:link-prediction        INFO   input_tokens_1: ['char']
2023-01-21 01:23:54.112 431:link-prediction        INFO   input_ids_1: 190 191, [[190, 190], [190, 190]]
2023-01-21 01:23:54.112 438:link-prediction        INFO   input_tokens_reverse_1: Ġchar
2023-01-21 01:23:54.112 448:link-prediction        INFO   input_tokens_2: ['System', '.', 'out']
2023-01-21 01:23:54.112 456:link-prediction        INFO   input_ids_2: 183 186, [[190, 190], [190, 190]]
2023-01-21 01:23:54.112 463:link-prediction        INFO   input_tokens_reverse_2: ĠSystem Ġ. Ġout
2023-01-21 01:23:54.112 420:link-prediction        INFO   *** Example ***
2023-01-21 01:23:54.112 421:link-prediction        INFO   idx: s077177638_main
2023-01-21 01:23:54.112 422:link-prediction        INFO   label: 1
2023-01-21 01:23:54.112 423:link-prediction        INFO   input_tokens_1: ['void']
2023-01-21 01:23:54.113 431:link-prediction        INFO   input_ids_1: 3 4, [[3, 3], [3, 3]]
2023-01-21 01:23:54.113 438:link-prediction        INFO   input_tokens_reverse_1: Ġvoid
2023-01-21 01:23:54.113 448:link-prediction        INFO   input_tokens_2: ['String', '[]', '_args']
2023-01-21 01:23:54.113 456:link-prediction        INFO   input_ids_2: 7 11, [[3, 3], [3, 3]]
2023-01-21 01:23:54.113 463:link-prediction        INFO   input_tokens_reverse_2: ĠString Ġ[ Ġ] Ġargs
2023-01-21 01:23:54.113 420:link-prediction        INFO   *** Example ***
2023-01-21 01:23:54.113 421:link-prediction        INFO   idx: s718489778_main
2023-01-21 01:23:54.113 422:link-prediction        INFO   label: 1
2023-01-21 01:23:54.113 423:link-prediction        INFO   input_tokens_1: ['i', '_<', '_n']
2023-01-21 01:23:54.113 431:link-prediction        INFO   input_ids_1: 157 160, [[157, 159], [157, 159]]
2023-01-21 01:23:54.113 438:link-prediction        INFO   input_tokens_reverse_1: Ġi Ġ< Ġn
2023-01-21 01:23:54.114 448:link-prediction        INFO   input_tokens_2: ['String', '[]', '_args']
2023-01-21 01:23:54.114 456:link-prediction        INFO   input_ids_2: 7 11, [[157, 159], [157, 159]]
2023-01-21 01:23:54.114 463:link-prediction        INFO   input_tokens_reverse_2: ĠString Ġ[ Ġ] Ġargs
2023-01-21 01:23:54.114 420:link-prediction        INFO   *** Example ***
2023-01-21 01:23:54.114 421:link-prediction        INFO   idx: s731506176_main
2023-01-21 01:23:54.114 422:link-prediction        INFO   label: 0
2023-01-21 01:23:54.114 423:link-prediction        INFO   input_tokens_1: ['System']
2023-01-21 01:23:54.114 431:link-prediction        INFO   input_ids_1: 262 263, [[262, 262], [262, 262]]
2023-01-21 01:23:54.114 438:link-prediction        INFO   input_tokens_reverse_1: ĠSystem
2023-01-21 01:23:54.114 448:link-prediction        INFO   input_tokens_2: ['i']
2023-01-21 01:23:54.114 456:link-prediction        INFO   input_ids_2: 70 71, [[262, 262], [262, 262]]
2023-01-21 01:23:54.114 463:link-prediction        INFO   input_tokens_reverse_2: Ġi
2023-01-21 01:23:54.114 420:link-prediction        INFO   *** Example ***
2023-01-21 01:23:54.115 421:link-prediction        INFO   idx: s581006431_main
2023-01-21 01:23:54.115 422:link-prediction        INFO   label: 0
2023-01-21 01:23:54.115 423:link-prediction        INFO   input_tokens_1: ['n', '_=', '_sc', '.', 'next', 'Int', '()']
2023-01-21 01:23:54.115 431:link-prediction        INFO   input_ids_1: 27 35, [[27, 34], [27, 34]]
2023-01-21 01:23:54.115 438:link-prediction        INFO   input_tokens_reverse_1: Ġn Ġ= Ġsc Ġ. Ġnext Int Ġ( Ġ)
2023-01-21 01:23:54.115 448:link-prediction        INFO   input_tokens_2: ['""']
2023-01-21 01:23:54.115 456:link-prediction        INFO   input_ids_2: 78 79, [[27, 34], [27, 34]]
2023-01-21 01:23:54.115 463:link-prediction        INFO   input_tokens_reverse_2: Ġ""
2023-01-21 01:23:54.115 420:link-prediction        INFO   *** Example ***
2023-01-21 01:23:54.115 421:link-prediction        INFO   idx: s486556836_nextLine
2023-01-21 01:23:54.115 422:link-prediction        INFO   label: 1
2023-01-21 01:23:54.115 423:link-prediction        INFO   input_tokens_1: ['String', '_next', 'Line', '()']
2023-01-21 01:23:54.116 431:link-prediction        INFO   input_ids_1: 1 7, [[2, 6], [2, 6]]
2023-01-21 01:23:54.116 438:link-prediction        INFO   input_tokens_reverse_1: String Ġnext Line Ġ Ġ( Ġ)
2023-01-21 01:23:54.116 448:link-prediction        INFO   input_tokens_2: ['String']
2023-01-21 01:23:54.116 456:link-prediction        INFO   input_ids_2: 1 2, [[2, 6], [2, 6]]
2023-01-21 01:23:54.116 463:link-prediction        INFO   input_tokens_reverse_2: String
2023-01-21 01:23:54.116 420:link-prediction        INFO   *** Example ***
2023-01-21 01:23:54.116 421:link-prediction        INFO   idx: s892038669_main
2023-01-21 01:23:54.116 422:link-prediction        INFO   label: 0
2023-01-21 01:23:54.116 423:link-prediction        INFO   input_tokens_1: ['queue']
2023-01-21 01:23:54.116 431:link-prediction        INFO   input_ids_1: 77 78, [[77, 77], [77, 77]]
2023-01-21 01:23:54.116 438:link-prediction        INFO   input_tokens_reverse_1: Ġqueue
2023-01-21 01:23:54.117 448:link-prediction        INFO   input_tokens_2: ['Integer', '.', 'to', 'String', '(', 'el', 'apsed', 'Time', ')']
2023-01-21 01:23:54.117 456:link-prediction        INFO   input_ids_2: 209 217, [[77, 77], [77, 77]]
2023-01-21 01:23:54.117 463:link-prediction        INFO   input_tokens_reverse_2: ĠInteger Ġ. Ġto String Ġ( Ġelapsed Time Ġ)
2023-01-21 01:23:54.117 420:link-prediction        INFO   *** Example ***
2023-01-21 01:23:54.117 421:link-prediction        INFO   idx: s434971943_main
2023-01-21 01:23:54.117 422:link-prediction        INFO   label: 0
2023-01-21 01:23:54.117 423:link-prediction        INFO   input_tokens_1: ['s', '1']
2023-01-21 01:23:54.117 431:link-prediction        INFO   input_ids_1: 24 26, [[24, 25], [24, 25]]
2023-01-21 01:23:54.117 438:link-prediction        INFO   input_tokens_reverse_1: Ġs 1
2023-01-21 01:23:54.117 448:link-prediction        INFO   input_tokens_2: ['out']
2023-01-21 01:23:54.117 456:link-prediction        INFO   input_ids_2: 47 48, [[24, 25], [24, 25]]
2023-01-21 01:23:54.117 463:link-prediction        INFO   input_tokens_reverse_2: Ġout
2023-01-21 01:23:54.117 420:link-prediction        INFO   *** Example ***
2023-01-21 01:23:54.118 421:link-prediction        INFO   idx: s579085948_main
2023-01-21 01:23:54.118 422:link-prediction        INFO   label: 0
2023-01-21 01:23:54.118 423:link-prediction        INFO   input_tokens_1: ['ans']
2023-01-21 01:23:54.118 431:link-prediction        INFO   input_ids_1: 103 104, [[103, 103], [103, 103]]
2023-01-21 01:23:54.118 438:link-prediction        INFO   input_tokens_reverse_1: Ġans
2023-01-21 01:23:54.118 448:link-prediction        INFO   input_tokens_2: ['count', '_=', '_0']
2023-01-21 01:23:54.118 456:link-prediction        INFO   input_ids_2: 69 72, [[103, 103], [103, 103]]
2023-01-21 01:23:54.118 463:link-prediction        INFO   input_tokens_reverse_2: Ġcount Ġ= Ġ0
2023-01-21 01:23:54.118 420:link-prediction        INFO   *** Example ***
2023-01-21 01:23:54.118 421:link-prediction        INFO   idx: s172737812_main
2023-01-21 01:23:54.118 422:link-prediction        INFO   label: 0
2023-01-21 01:23:54.118 423:link-prediction        INFO   input_tokens_1: ['s', 'olver']
2023-01-21 01:23:54.119 431:link-prediction        INFO   input_ids_1: 37 39, [[37, 38], [37, 38]]
2023-01-21 01:23:54.119 438:link-prediction        INFO   input_tokens_reverse_1: Ġsol ver
2023-01-21 01:23:54.119 448:link-prediction        INFO   input_tokens_2: ['s', 'olver']
2023-01-21 01:23:54.119 456:link-prediction        INFO   input_ids_2: 30 32, [[37, 38], [37, 38]]
2023-01-21 01:23:54.119 463:link-prediction        INFO   input_tokens_reverse_2: Ġsol ver
2023-01-21 01:23:54.119 420:link-prediction        INFO   *** Example ***
2023-01-21 01:23:54.119 421:link-prediction        INFO   idx: s249252402_isPrime
2023-01-21 01:23:54.119 422:link-prediction        INFO   label: 0
2023-01-21 01:23:54.119 423:link-prediction        INFO   input_tokens_1: ['i']
2023-01-21 01:23:54.119 431:link-prediction        INFO   input_ids_1: 49 50, [[49, 49], [49, 49]]
2023-01-21 01:23:54.119 438:link-prediction        INFO   input_tokens_reverse_1: Ġi
2023-01-21 01:23:54.119 448:link-prediction        INFO   input_tokens_2: ['i', '_*', '_i', '_<=', '_n']
2023-01-21 01:23:54.120 456:link-prediction        INFO   input_ids_2: 35 40, [[49, 49], [49, 49]]
2023-01-21 01:23:54.120 463:link-prediction        INFO   input_tokens_reverse_2: Ġi Ġ* Ġi Ġ<= Ġn
2023-01-21 01:23:54.120 420:link-prediction        INFO   *** Example ***
2023-01-21 01:23:54.120 421:link-prediction        INFO   idx: s218837597_isPrime
2023-01-21 01:23:54.120 422:link-prediction        INFO   label: 1
2023-01-21 01:23:54.120 423:link-prediction        INFO   input_tokens_1: ['return', '_false', ';']
2023-01-21 01:23:54.120 431:link-prediction        INFO   input_ids_1: 70 73, [[70, 72], [70, 72]]
2023-01-21 01:23:54.120 438:link-prediction        INFO   input_tokens_reverse_1: Ġreturn Ġfalse Ġ;
2023-01-21 01:23:54.120 448:link-prediction        INFO   input_tokens_2: ['return', '_true', ';']
2023-01-21 01:23:54.120 456:link-prediction        INFO   input_ids_2: 17 20, [[70, 72], [70, 72]]
2023-01-21 01:23:54.120 463:link-prediction        INFO   input_tokens_reverse_2: Ġreturn Ġtrue Ġ;
2023-01-21 01:23:54.943 564:link-prediction        INFO   ***** Running training *****
2023-01-21 01:23:54.943 565:link-prediction        INFO     Num examples = 111884
2023-01-21 01:23:54.944 566:link-prediction        INFO     Num Epochs = 1
2023-01-21 01:23:54.944 567:link-prediction        INFO     Instantaneous batch size per GPU = 64
2023-01-21 01:23:54.944 571:link-prediction        INFO     Total train batch size = 64
2023-01-21 01:23:54.944 575:link-prediction        INFO     Gradient Accumulation steps = 1
2023-01-21 01:23:54.944 578:link-prediction        INFO     Total optimization steps = 1749
2023-01-21 01:24:03.705 694:link-prediction        INFO   ***** Running evaluation *****
2023-01-21 01:24:03.705 695:link-prediction        INFO     Num examples = 37971
2023-01-21 01:24:03.705 696:link-prediction        INFO     Batch size = 32
2023-01-21 01:24:30.192 741:link-prediction        INFO   ***** Eval results *****
2023-01-21 01:24:30.192 743:link-prediction        INFO     eval_acc = 0.8163
2023-01-21 01:24:30.193 743:link-prediction        INFO     eval_f1 = 0.7991
2023-01-21 01:24:30.193 743:link-prediction        INFO     eval_mcc = 0.6421
2023-01-21 01:24:30.193 743:link-prediction        INFO     eval_precision = 0.8817
2023-01-21 01:24:30.193 743:link-prediction        INFO     eval_recall = 0.7307
2023-01-21 01:24:30.193 743:link-prediction        INFO     eval_threshold = 0.5
2023-01-21 01:24:30.195 636:link-prediction        INFO     ********************
2023-01-21 01:24:30.195 637:link-prediction        INFO     Best f1:0.7991
2023-01-21 01:24:30.195 638:link-prediction        INFO     ********************
2023-01-21 01:24:30.196 653:link-prediction        INFO   Saving model checkpoint to ../isInGraph/java250_graph/random/graphcodebert_saved_models/3/ddg_11/checkpoint-best-f1/model.bin
2023-01-21 01:24:30.196 658:link-prediction        INFO     ********************
2023-01-21 01:24:30.196 659:link-prediction        INFO     Best MCC:0.6421
2023-01-21 01:24:30.197 660:link-prediction        INFO     ********************
2023-01-21 01:24:30.197 675:link-prediction        INFO   Saving model checkpoint to ../isInGraph/java250_graph/random/graphcodebert_saved_models/3/ddg_11/checkpoint-best-mcc/model.bin
2023-01-21 01:24:38.679 694:link-prediction        INFO   ***** Running evaluation *****
2023-01-21 01:24:38.679 695:link-prediction        INFO     Num examples = 37971
2023-01-21 01:24:38.679 696:link-prediction        INFO     Batch size = 32
2023-01-21 01:25:04.981 741:link-prediction        INFO   ***** Eval results *****
2023-01-21 01:25:04.981 743:link-prediction        INFO     eval_acc = 0.8667
2023-01-21 01:25:04.981 743:link-prediction        INFO     eval_f1 = 0.8768
2023-01-21 01:25:04.981 743:link-prediction        INFO     eval_mcc = 0.7434
2023-01-21 01:25:04.981 743:link-prediction        INFO     eval_precision = 0.8153
2023-01-21 01:25:04.981 743:link-prediction        INFO     eval_recall = 0.9482
2023-01-21 01:25:04.981 743:link-prediction        INFO     eval_threshold = 0.5
2023-01-21 01:25:04.983 636:link-prediction        INFO     ********************
2023-01-21 01:25:04.984 637:link-prediction        INFO     Best f1:0.8768
2023-01-21 01:25:04.984 638:link-prediction        INFO     ********************
2023-01-21 01:25:04.984 653:link-prediction        INFO   Saving model checkpoint to ../isInGraph/java250_graph/random/graphcodebert_saved_models/3/ddg_11/checkpoint-best-f1/model.bin
2023-01-21 01:25:04.985 658:link-prediction        INFO     ********************
2023-01-21 01:25:04.985 659:link-prediction        INFO     Best MCC:0.7434
2023-01-21 01:25:04.985 660:link-prediction        INFO     ********************
2023-01-21 01:25:04.985 675:link-prediction        INFO   Saving model checkpoint to ../isInGraph/java250_graph/random/graphcodebert_saved_models/3/ddg_11/checkpoint-best-mcc/model.bin
2023-01-21 01:25:13.469 694:link-prediction        INFO   ***** Running evaluation *****
2023-01-21 01:25:13.470 695:link-prediction        INFO     Num examples = 37971
2023-01-21 01:25:13.470 696:link-prediction        INFO     Batch size = 32
2023-01-21 01:25:39.789 741:link-prediction        INFO   ***** Eval results *****
2023-01-21 01:25:39.789 743:link-prediction        INFO     eval_acc = 0.9068
2023-01-21 01:25:39.789 743:link-prediction        INFO     eval_f1 = 0.9076
2023-01-21 01:25:39.789 743:link-prediction        INFO     eval_mcc = 0.8137
2023-01-21 01:25:39.789 743:link-prediction        INFO     eval_precision = 0.8999
2023-01-21 01:25:39.789 743:link-prediction        INFO     eval_recall = 0.9154
2023-01-21 01:25:39.790 743:link-prediction        INFO     eval_threshold = 0.5
2023-01-21 01:25:39.792 636:link-prediction        INFO     ********************
2023-01-21 01:25:39.792 637:link-prediction        INFO     Best f1:0.9076
2023-01-21 01:25:39.792 638:link-prediction        INFO     ********************
2023-01-21 01:25:39.793 653:link-prediction        INFO   Saving model checkpoint to ../isInGraph/java250_graph/random/graphcodebert_saved_models/3/ddg_11/checkpoint-best-f1/model.bin
2023-01-21 01:25:39.793 658:link-prediction        INFO     ********************
2023-01-21 01:25:39.793 659:link-prediction        INFO     Best MCC:0.8137
2023-01-21 01:25:39.793 660:link-prediction        INFO     ********************
2023-01-21 01:25:39.794 675:link-prediction        INFO   Saving model checkpoint to ../isInGraph/java250_graph/random/graphcodebert_saved_models/3/ddg_11/checkpoint-best-mcc/model.bin
2023-01-21 01:25:48.313 694:link-prediction        INFO   ***** Running evaluation *****
2023-01-21 01:25:48.313 695:link-prediction        INFO     Num examples = 37971
2023-01-21 01:25:48.314 696:link-prediction        INFO     Batch size = 32
2023-01-21 01:26:14.644 741:link-prediction        INFO   ***** Eval results *****
2023-01-21 01:26:14.644 743:link-prediction        INFO     eval_acc = 0.914
2023-01-21 01:26:14.644 743:link-prediction        INFO     eval_f1 = 0.9171
2023-01-21 01:26:14.644 743:link-prediction        INFO     eval_mcc = 0.8303
2023-01-21 01:26:14.644 743:link-prediction        INFO     eval_precision = 0.8856
2023-01-21 01:26:14.644 743:link-prediction        INFO     eval_recall = 0.9509
2023-01-21 01:26:14.645 743:link-prediction        INFO     eval_threshold = 0.5
2023-01-21 01:26:14.647 636:link-prediction        INFO     ********************
2023-01-21 01:26:14.647 637:link-prediction        INFO     Best f1:0.9171
2023-01-21 01:26:14.647 638:link-prediction        INFO     ********************
2023-01-21 01:26:14.648 653:link-prediction        INFO   Saving model checkpoint to ../isInGraph/java250_graph/random/graphcodebert_saved_models/3/ddg_11/checkpoint-best-f1/model.bin
2023-01-21 01:26:14.648 658:link-prediction        INFO     ********************
2023-01-21 01:26:14.648 659:link-prediction        INFO     Best MCC:0.8303
2023-01-21 01:26:14.648 660:link-prediction        INFO     ********************
2023-01-21 01:26:14.648 675:link-prediction        INFO   Saving model checkpoint to ../isInGraph/java250_graph/random/graphcodebert_saved_models/3/ddg_11/checkpoint-best-mcc/model.bin
2023-01-21 01:26:23.131 694:link-prediction        INFO   ***** Running evaluation *****
2023-01-21 01:26:23.131 695:link-prediction        INFO     Num examples = 37971
2023-01-21 01:26:23.131 696:link-prediction        INFO     Batch size = 32
2023-01-21 01:26:49.495 741:link-prediction        INFO   ***** Eval results *****
2023-01-21 01:26:49.495 743:link-prediction        INFO     eval_acc = 0.9305
2023-01-21 01:26:49.496 743:link-prediction        INFO     eval_f1 = 0.932
2023-01-21 01:26:49.496 743:link-prediction        INFO     eval_mcc = 0.8619
2023-01-21 01:26:49.496 743:link-prediction        INFO     eval_precision = 0.912
2023-01-21 01:26:49.496 743:link-prediction        INFO     eval_recall = 0.953
2023-01-21 01:26:49.496 743:link-prediction        INFO     eval_threshold = 0.5
2023-01-21 01:26:49.498 636:link-prediction        INFO     ********************
2023-01-21 01:26:49.498 637:link-prediction        INFO     Best f1:0.932
2023-01-21 01:26:49.498 638:link-prediction        INFO     ********************
2023-01-21 01:26:49.499 653:link-prediction        INFO   Saving model checkpoint to ../isInGraph/java250_graph/random/graphcodebert_saved_models/3/ddg_11/checkpoint-best-f1/model.bin
2023-01-21 01:26:49.499 658:link-prediction        INFO     ********************
2023-01-21 01:26:49.499 659:link-prediction        INFO     Best MCC:0.8619
2023-01-21 01:26:49.499 660:link-prediction        INFO     ********************
2023-01-21 01:26:49.500 675:link-prediction        INFO   Saving model checkpoint to ../isInGraph/java250_graph/random/graphcodebert_saved_models/3/ddg_11/checkpoint-best-mcc/model.bin
2023-01-21 01:26:57.981 694:link-prediction        INFO   ***** Running evaluation *****
2023-01-21 01:26:57.981 695:link-prediction        INFO     Num examples = 37971
2023-01-21 01:26:57.981 696:link-prediction        INFO     Batch size = 32
2023-01-21 01:27:24.300 741:link-prediction        INFO   ***** Eval results *****
2023-01-21 01:27:24.301 743:link-prediction        INFO     eval_acc = 0.941
2023-01-21 01:27:24.301 743:link-prediction        INFO     eval_f1 = 0.9408
2023-01-21 01:27:24.301 743:link-prediction        INFO     eval_mcc = 0.8819
2023-01-21 01:27:24.301 743:link-prediction        INFO     eval_precision = 0.9432
2023-01-21 01:27:24.301 743:link-prediction        INFO     eval_recall = 0.9384
2023-01-21 01:27:24.301 743:link-prediction        INFO     eval_threshold = 0.5
2023-01-21 01:27:24.303 636:link-prediction        INFO     ********************
2023-01-21 01:27:24.303 637:link-prediction        INFO     Best f1:0.9408
2023-01-21 01:27:24.303 638:link-prediction        INFO     ********************
2023-01-21 01:27:24.304 653:link-prediction        INFO   Saving model checkpoint to ../isInGraph/java250_graph/random/graphcodebert_saved_models/3/ddg_11/checkpoint-best-f1/model.bin
2023-01-21 01:27:24.304 658:link-prediction        INFO     ********************
2023-01-21 01:27:24.304 659:link-prediction        INFO     Best MCC:0.8819
2023-01-21 01:27:24.304 660:link-prediction        INFO     ********************
2023-01-21 01:27:24.305 675:link-prediction        INFO   Saving model checkpoint to ../isInGraph/java250_graph/random/graphcodebert_saved_models/3/ddg_11/checkpoint-best-mcc/model.bin
2023-01-21 01:27:32.799 694:link-prediction        INFO   ***** Running evaluation *****
2023-01-21 01:27:32.799 695:link-prediction        INFO     Num examples = 37971
2023-01-21 01:27:32.799 696:link-prediction        INFO     Batch size = 32
2023-01-21 01:27:59.015 741:link-prediction        INFO   ***** Eval results *****
2023-01-21 01:27:59.016 743:link-prediction        INFO     eval_acc = 0.9325
2023-01-21 01:27:59.016 743:link-prediction        INFO     eval_f1 = 0.9347
2023-01-21 01:27:59.016 743:link-prediction        INFO     eval_mcc = 0.8669
2023-01-21 01:27:59.016 743:link-prediction        INFO     eval_precision = 0.9052
2023-01-21 01:27:59.016 743:link-prediction        INFO     eval_recall = 0.9661
2023-01-21 01:27:59.016 743:link-prediction        INFO     eval_threshold = 0.5
2023-01-21 01:28:07.471 694:link-prediction        INFO   ***** Running evaluation *****
2023-01-21 01:28:07.471 695:link-prediction        INFO     Num examples = 37971
2023-01-21 01:28:07.471 696:link-prediction        INFO     Batch size = 32
2023-01-21 01:28:33.701 741:link-prediction        INFO   ***** Eval results *****
2023-01-21 01:28:33.701 743:link-prediction        INFO     eval_acc = 0.9451
2023-01-21 01:28:33.701 743:link-prediction        INFO     eval_f1 = 0.9456
2023-01-21 01:28:33.701 743:link-prediction        INFO     eval_mcc = 0.8904
2023-01-21 01:28:33.702 743:link-prediction        INFO     eval_precision = 0.9385
2023-01-21 01:28:33.702 743:link-prediction        INFO     eval_recall = 0.9528
2023-01-21 01:28:33.702 743:link-prediction        INFO     eval_threshold = 0.5
2023-01-21 01:28:33.704 636:link-prediction        INFO     ********************
2023-01-21 01:28:33.704 637:link-prediction        INFO     Best f1:0.9456
2023-01-21 01:28:33.704 638:link-prediction        INFO     ********************
2023-01-21 01:28:33.705 653:link-prediction        INFO   Saving model checkpoint to ../isInGraph/java250_graph/random/graphcodebert_saved_models/3/ddg_11/checkpoint-best-f1/model.bin
2023-01-21 01:28:33.705 658:link-prediction        INFO     ********************
2023-01-21 01:28:33.705 659:link-prediction        INFO     Best MCC:0.8904
2023-01-21 01:28:33.706 660:link-prediction        INFO     ********************
2023-01-21 01:28:33.706 675:link-prediction        INFO   Saving model checkpoint to ../isInGraph/java250_graph/random/graphcodebert_saved_models/3/ddg_11/checkpoint-best-mcc/model.bin
2023-01-21 01:28:42.200 694:link-prediction        INFO   ***** Running evaluation *****
2023-01-21 01:28:42.200 695:link-prediction        INFO     Num examples = 37971
2023-01-21 01:28:42.200 696:link-prediction        INFO     Batch size = 32
2023-01-21 01:29:08.443 741:link-prediction        INFO   ***** Eval results *****
2023-01-21 01:29:08.443 743:link-prediction        INFO     eval_acc = 0.9442
2023-01-21 01:29:08.443 743:link-prediction        INFO     eval_f1 = 0.945
2023-01-21 01:29:08.443 743:link-prediction        INFO     eval_mcc = 0.8888
2023-01-21 01:29:08.443 743:link-prediction        INFO     eval_precision = 0.932
2023-01-21 01:29:08.444 743:link-prediction        INFO     eval_recall = 0.9584
2023-01-21 01:29:08.444 743:link-prediction        INFO     eval_threshold = 0.5
2023-01-21 01:29:16.886 694:link-prediction        INFO   ***** Running evaluation *****
2023-01-21 01:29:16.886 695:link-prediction        INFO     Num examples = 37971
2023-01-21 01:29:16.886 696:link-prediction        INFO     Batch size = 32
2023-01-21 01:29:43.158 741:link-prediction        INFO   ***** Eval results *****
2023-01-21 01:29:43.158 743:link-prediction        INFO     eval_acc = 0.9453
2023-01-21 01:29:43.158 743:link-prediction        INFO     eval_f1 = 0.946
2023-01-21 01:29:43.158 743:link-prediction        INFO     eval_mcc = 0.8909
2023-01-21 01:29:43.158 743:link-prediction        INFO     eval_precision = 0.9349
2023-01-21 01:29:43.159 743:link-prediction        INFO     eval_recall = 0.9573
2023-01-21 01:29:43.159 743:link-prediction        INFO     eval_threshold = 0.5
2023-01-21 01:29:43.161 636:link-prediction        INFO     ********************
2023-01-21 01:29:43.161 637:link-prediction        INFO     Best f1:0.946
2023-01-21 01:29:43.161 638:link-prediction        INFO     ********************
2023-01-21 01:29:43.162 653:link-prediction        INFO   Saving model checkpoint to ../isInGraph/java250_graph/random/graphcodebert_saved_models/3/ddg_11/checkpoint-best-f1/model.bin
2023-01-21 01:29:43.162 658:link-prediction        INFO     ********************
2023-01-21 01:29:43.162 659:link-prediction        INFO     Best MCC:0.8909
2023-01-21 01:29:43.162 660:link-prediction        INFO     ********************
2023-01-21 01:29:43.162 675:link-prediction        INFO   Saving model checkpoint to ../isInGraph/java250_graph/random/graphcodebert_saved_models/3/ddg_11/checkpoint-best-mcc/model.bin
2023-01-21 01:29:43.584 763:link-prediction        INFO   ***** Running Test *****
2023-01-21 01:29:43.584 764:link-prediction        INFO     Num examples = 37242
2023-01-21 01:29:43.584 765:link-prediction        INFO     Batch size = 32
2023-01-21 01:30:09.346 806:link-prediction        INFO   ***** Test results *****
2023-01-21 01:30:09.346 808:link-prediction        INFO     eval_acc = 0.9433
2023-01-21 01:30:09.347 808:link-prediction        INFO     eval_f1 = 0.9438
2023-01-21 01:30:09.347 808:link-prediction        INFO     eval_mcc = 0.8867
2023-01-21 01:30:09.347 808:link-prediction        INFO     eval_precision = 0.9358
2023-01-21 01:30:09.347 808:link-prediction        INFO     eval_recall = 0.9519
2023-01-21 01:30:09.347 808:link-prediction        INFO     eval_threshold = 0.5
