2022-08-29 02:20:53.811 669:pos-tag                DEBUG  main message
2022-08-29 02:20:53.811 675:pos-tag                WARNING device: cuda, n_gpu: 1
2022-08-29 02:20:57.001 690:pos-tag                INFO   Load Dataset
2022-08-29 02:20:57.001 694:pos-tag                INFO   Num of Class 133
2022-08-29 02:20:59.976 714:pos-tag                INFO   Finishing loading Dataset
2022-08-29 02:20:59.976 718:pos-tag                INFO   Random Initialize the encoder
2022-08-29 02:21:01.228 733:pos-tag                INFO   Probimg Model Parameters 102277
2022-08-29 02:21:01.228 734:pos-tag                INFO   Training/evaluation parameters Namespace(adam_epsilon=1e-08, config_name='microsoft/codebert-base', data_folder='../datasets/poj-104/postag/', dataset='postag', debug=False, device=device(type='cuda'), do_eval=True, do_random=True, do_test=True, do_train=True, epochs=5, eval_batch_size=32, evaluate_during_training=False, gradient_accumulation_steps=1, graph_type='ast', layer=9, learning_rate=0.001, max_code_length=512, max_grad_norm=1.0, max_steps=-1, model_name='codebert', model_name_or_path='microsoft/codebert-base', n_gpu=1, output_dir='./pos_res_poj/random/saved_codebertmodels/4/layer_9', posratio=0.5, seed=970, token_config='microsoft/codebert-base', train_batch_size=32, warmup_steps=0, weight_decay=0.0)
2022-08-29 02:21:01.229 178:pos-tag                INFO   save steps 3
2022-08-29 02:21:02.176 217:pos-tag                INFO   ***** Running training *****
2022-08-29 02:21:02.176 218:pos-tag                INFO     Num examples = 1200
2022-08-29 02:21:02.176 219:pos-tag                INFO     Num Epochs = 5
2022-08-29 02:21:02.176 220:pos-tag                INFO     Instantaneous batch size per GPU = 32
2022-08-29 02:21:02.176 224:pos-tag                INFO     Total train batch size = 32
2022-08-29 02:21:02.176 228:pos-tag                INFO     Gradient Accumulation steps = 1
2022-08-29 02:21:02.177 231:pos-tag                INFO     Total optimization steps = 190
2022-08-29 02:21:03.749 351:pos-tag                INFO   ***** Running evaluation *****
2022-08-29 02:21:03.749 352:pos-tag                INFO     Num examples = 400
2022-08-29 02:21:03.749 353:pos-tag                INFO     Batch size = 32
2022-08-29 02:21:08.470 399:pos-tag                INFO   ***** Eval results *****
2022-08-29 02:21:08.470 401:pos-tag                INFO     eval_acc = 0.0033
2022-08-29 02:21:08.470 401:pos-tag                INFO     eval_f1 = 0.0012
2022-08-29 02:21:08.470 401:pos-tag                INFO     eval_mcc = -0.0014
2022-08-29 02:21:08.471 401:pos-tag                INFO     eval_precision = 0.0079
2022-08-29 02:21:08.471 401:pos-tag                INFO     eval_recall = 0.0081
2022-08-29 02:21:08.471 293:pos-tag                INFO     ********************
2022-08-29 02:21:08.471 294:pos-tag                INFO     Best f1:0.0012
2022-08-29 02:21:08.471 295:pos-tag                INFO     ********************
2022-08-29 02:21:09.073 310:pos-tag                INFO   Saving model checkpoint to ./pos_res_poj/random/saved_codebertmodels/4/layer_9/checkpoint-best-f1/model.bin
2022-08-29 02:21:10.279 351:pos-tag                INFO   ***** Running evaluation *****
2022-08-29 02:21:10.279 352:pos-tag                INFO     Num examples = 400
2022-08-29 02:21:10.279 353:pos-tag                INFO     Batch size = 32
2022-08-29 02:21:14.999 399:pos-tag                INFO   ***** Eval results *****
2022-08-29 02:21:14.999 401:pos-tag                INFO     eval_acc = 0.0087
2022-08-29 02:21:14.999 401:pos-tag                INFO     eval_f1 = 0.002
2022-08-29 02:21:14.999 401:pos-tag                INFO     eval_mcc = -0.0032
2022-08-29 02:21:14.999 401:pos-tag                INFO     eval_precision = 0.0053
2022-08-29 02:21:14.999 401:pos-tag                INFO     eval_recall = 0.0083
2022-08-29 02:21:15.000 293:pos-tag                INFO     ********************
2022-08-29 02:21:15.000 294:pos-tag                INFO     Best f1:0.002
2022-08-29 02:21:15.000 295:pos-tag                INFO     ********************
2022-08-29 02:21:16.300 310:pos-tag                INFO   Saving model checkpoint to ./pos_res_poj/random/saved_codebertmodels/4/layer_9/checkpoint-best-f1/model.bin
2022-08-29 02:21:17.508 351:pos-tag                INFO   ***** Running evaluation *****
2022-08-29 02:21:17.508 352:pos-tag                INFO     Num examples = 400
2022-08-29 02:21:17.509 353:pos-tag                INFO     Batch size = 32
2022-08-29 02:21:22.224 399:pos-tag                INFO   ***** Eval results *****
2022-08-29 02:21:22.224 401:pos-tag                INFO     eval_acc = 0.0355
2022-08-29 02:21:22.224 401:pos-tag                INFO     eval_f1 = 0.005
2022-08-29 02:21:22.224 401:pos-tag                INFO     eval_mcc = -0.0014
2022-08-29 02:21:22.224 401:pos-tag                INFO     eval_precision = 0.0082
2022-08-29 02:21:22.224 401:pos-tag                INFO     eval_recall = 0.01
2022-08-29 02:21:22.224 293:pos-tag                INFO     ********************
2022-08-29 02:21:22.224 294:pos-tag                INFO     Best f1:0.005
2022-08-29 02:21:22.225 295:pos-tag                INFO     ********************
2022-08-29 02:21:23.493 310:pos-tag                INFO   Saving model checkpoint to ./pos_res_poj/random/saved_codebertmodels/4/layer_9/checkpoint-best-f1/model.bin
2022-08-29 02:21:24.708 351:pos-tag                INFO   ***** Running evaluation *****
2022-08-29 02:21:24.708 352:pos-tag                INFO     Num examples = 400
2022-08-29 02:21:24.708 353:pos-tag                INFO     Batch size = 32
2022-08-29 02:21:29.417 399:pos-tag                INFO   ***** Eval results *****
2022-08-29 02:21:29.417 401:pos-tag                INFO     eval_acc = 0.073
2022-08-29 02:21:29.417 401:pos-tag                INFO     eval_f1 = 0.0081
2022-08-29 02:21:29.417 401:pos-tag                INFO     eval_mcc = 0.012
2022-08-29 02:21:29.417 401:pos-tag                INFO     eval_precision = 0.0132
2022-08-29 02:21:29.417 401:pos-tag                INFO     eval_recall = 0.0126
2022-08-29 02:21:29.417 293:pos-tag                INFO     ********************
2022-08-29 02:21:29.417 294:pos-tag                INFO     Best f1:0.0081
2022-08-29 02:21:29.417 295:pos-tag                INFO     ********************
2022-08-29 02:21:30.396 310:pos-tag                INFO   Saving model checkpoint to ./pos_res_poj/random/saved_codebertmodels/4/layer_9/checkpoint-best-f1/model.bin
2022-08-29 02:21:30.396 315:pos-tag                INFO     ********************
2022-08-29 02:21:30.396 316:pos-tag                INFO     Best MCC:0.012
2022-08-29 02:21:30.396 317:pos-tag                INFO     ********************
2022-08-29 02:21:31.027 332:pos-tag                INFO   Saving model checkpoint to ./pos_res_poj/random/saved_codebertmodels/4/layer_9/checkpoint-best-mcc/model.bin
2022-08-29 02:21:32.260 351:pos-tag                INFO   ***** Running evaluation *****
2022-08-29 02:21:32.260 352:pos-tag                INFO     Num examples = 400
2022-08-29 02:21:32.260 353:pos-tag                INFO     Batch size = 32
2022-08-29 02:21:36.971 399:pos-tag                INFO   ***** Eval results *****
2022-08-29 02:21:36.971 401:pos-tag                INFO     eval_acc = 0.1136
2022-08-29 02:21:36.972 401:pos-tag                INFO     eval_f1 = 0.0139
2022-08-29 02:21:36.972 401:pos-tag                INFO     eval_mcc = 0.0414
2022-08-29 02:21:36.972 401:pos-tag                INFO     eval_precision = 0.0208
2022-08-29 02:21:36.972 401:pos-tag                INFO     eval_recall = 0.019
2022-08-29 02:21:36.972 293:pos-tag                INFO     ********************
2022-08-29 02:21:36.972 294:pos-tag                INFO     Best f1:0.0139
2022-08-29 02:21:36.972 295:pos-tag                INFO     ********************
2022-08-29 02:21:38.164 310:pos-tag                INFO   Saving model checkpoint to ./pos_res_poj/random/saved_codebertmodels/4/layer_9/checkpoint-best-f1/model.bin
2022-08-29 02:21:38.164 315:pos-tag                INFO     ********************
2022-08-29 02:21:38.164 316:pos-tag                INFO     Best MCC:0.0414
2022-08-29 02:21:38.164 317:pos-tag                INFO     ********************
2022-08-29 02:21:39.462 332:pos-tag                INFO   Saving model checkpoint to ./pos_res_poj/random/saved_codebertmodels/4/layer_9/checkpoint-best-mcc/model.bin
2022-08-29 02:21:40.696 351:pos-tag                INFO   ***** Running evaluation *****
2022-08-29 02:21:40.696 352:pos-tag                INFO     Num examples = 400
2022-08-29 02:21:40.696 353:pos-tag                INFO     Batch size = 32
2022-08-29 02:21:45.405 399:pos-tag                INFO   ***** Eval results *****
2022-08-29 02:21:45.405 401:pos-tag                INFO     eval_acc = 0.1622
2022-08-29 02:21:45.405 401:pos-tag                INFO     eval_f1 = 0.0197
2022-08-29 02:21:45.405 401:pos-tag                INFO     eval_mcc = 0.0721
2022-08-29 02:21:45.406 401:pos-tag                INFO     eval_precision = 0.0347
2022-08-29 02:21:45.406 401:pos-tag                INFO     eval_recall = 0.023
2022-08-29 02:21:45.406 293:pos-tag                INFO     ********************
2022-08-29 02:21:45.406 294:pos-tag                INFO     Best f1:0.0197
2022-08-29 02:21:45.406 295:pos-tag                INFO     ********************
2022-08-29 02:21:46.655 310:pos-tag                INFO   Saving model checkpoint to ./pos_res_poj/random/saved_codebertmodels/4/layer_9/checkpoint-best-f1/model.bin
2022-08-29 02:21:46.656 315:pos-tag                INFO     ********************
2022-08-29 02:21:46.656 316:pos-tag                INFO     Best MCC:0.0721
2022-08-29 02:21:46.656 317:pos-tag                INFO     ********************
2022-08-29 02:21:47.992 332:pos-tag                INFO   Saving model checkpoint to ./pos_res_poj/random/saved_codebertmodels/4/layer_9/checkpoint-best-mcc/model.bin
2022-08-29 02:21:49.219 351:pos-tag                INFO   ***** Running evaluation *****
2022-08-29 02:21:49.220 352:pos-tag                INFO     Num examples = 400
2022-08-29 02:21:49.220 353:pos-tag                INFO     Batch size = 32
2022-08-29 02:21:53.927 399:pos-tag                INFO   ***** Eval results *****
2022-08-29 02:21:53.927 401:pos-tag                INFO     eval_acc = 0.2094
2022-08-29 02:21:53.928 401:pos-tag                INFO     eval_f1 = 0.0217
2022-08-29 02:21:53.928 401:pos-tag                INFO     eval_mcc = 0.0991
2022-08-29 02:21:53.928 401:pos-tag                INFO     eval_precision = 0.0633
2022-08-29 02:21:53.928 401:pos-tag                INFO     eval_recall = 0.0243
2022-08-29 02:21:53.928 293:pos-tag                INFO     ********************
2022-08-29 02:21:53.928 294:pos-tag                INFO     Best f1:0.0217
2022-08-29 02:21:53.928 295:pos-tag                INFO     ********************
2022-08-29 02:21:55.403 310:pos-tag                INFO   Saving model checkpoint to ./pos_res_poj/random/saved_codebertmodels/4/layer_9/checkpoint-best-f1/model.bin
2022-08-29 02:21:55.404 315:pos-tag                INFO     ********************
2022-08-29 02:21:55.404 316:pos-tag                INFO     Best MCC:0.0991
2022-08-29 02:21:55.404 317:pos-tag                INFO     ********************
2022-08-29 02:21:59.572 332:pos-tag                INFO   Saving model checkpoint to ./pos_res_poj/random/saved_codebertmodels/4/layer_9/checkpoint-best-mcc/model.bin
2022-08-29 02:22:00.795 351:pos-tag                INFO   ***** Running evaluation *****
2022-08-29 02:22:00.795 352:pos-tag                INFO     Num examples = 400
2022-08-29 02:22:00.795 353:pos-tag                INFO     Batch size = 32
2022-08-29 02:22:05.499 399:pos-tag                INFO   ***** Eval results *****
2022-08-29 02:22:05.499 401:pos-tag                INFO     eval_acc = 0.2373
2022-08-29 02:22:05.499 401:pos-tag                INFO     eval_f1 = 0.021
2022-08-29 02:22:05.499 401:pos-tag                INFO     eval_mcc = 0.1231
2022-08-29 02:22:05.499 401:pos-tag                INFO     eval_precision = 0.0491
2022-08-29 02:22:05.499 401:pos-tag                INFO     eval_recall = 0.024
2022-08-29 02:22:05.499 315:pos-tag                INFO     ********************
2022-08-29 02:22:05.499 316:pos-tag                INFO     Best MCC:0.1231
2022-08-29 02:22:05.499 317:pos-tag                INFO     ********************
2022-08-29 02:22:07.860 332:pos-tag                INFO   Saving model checkpoint to ./pos_res_poj/random/saved_codebertmodels/4/layer_9/checkpoint-best-mcc/model.bin
2022-08-29 02:22:09.082 351:pos-tag                INFO   ***** Running evaluation *****
2022-08-29 02:22:09.082 352:pos-tag                INFO     Num examples = 400
2022-08-29 02:22:09.082 353:pos-tag                INFO     Batch size = 32
2022-08-29 02:22:13.781 399:pos-tag                INFO   ***** Eval results *****
2022-08-29 02:22:13.781 401:pos-tag                INFO     eval_acc = 0.2718
2022-08-29 02:22:13.781 401:pos-tag                INFO     eval_f1 = 0.0263
2022-08-29 02:22:13.782 401:pos-tag                INFO     eval_mcc = 0.1742
2022-08-29 02:22:13.782 401:pos-tag                INFO     eval_precision = 0.076
2022-08-29 02:22:13.782 401:pos-tag                INFO     eval_recall = 0.0293
2022-08-29 02:22:13.782 293:pos-tag                INFO     ********************
2022-08-29 02:22:13.782 294:pos-tag                INFO     Best f1:0.0263
2022-08-29 02:22:13.782 295:pos-tag                INFO     ********************
2022-08-29 02:22:15.072 310:pos-tag                INFO   Saving model checkpoint to ./pos_res_poj/random/saved_codebertmodels/4/layer_9/checkpoint-best-f1/model.bin
2022-08-29 02:22:15.072 315:pos-tag                INFO     ********************
2022-08-29 02:22:15.072 316:pos-tag                INFO     Best MCC:0.1742
2022-08-29 02:22:15.073 317:pos-tag                INFO     ********************
2022-08-29 02:22:19.043 332:pos-tag                INFO   Saving model checkpoint to ./pos_res_poj/random/saved_codebertmodels/4/layer_9/checkpoint-best-mcc/model.bin
2022-08-29 02:22:20.274 351:pos-tag                INFO   ***** Running evaluation *****
2022-08-29 02:22:20.274 352:pos-tag                INFO     Num examples = 400
2022-08-29 02:22:20.274 353:pos-tag                INFO     Batch size = 32
2022-08-29 02:22:24.975 399:pos-tag                INFO   ***** Eval results *****
2022-08-29 02:22:24.975 401:pos-tag                INFO     eval_acc = 0.3439
2022-08-29 02:22:24.975 401:pos-tag                INFO     eval_f1 = 0.0473
2022-08-29 02:22:24.975 401:pos-tag                INFO     eval_mcc = 0.2767
2022-08-29 02:22:24.975 401:pos-tag                INFO     eval_precision = 0.1133
2022-08-29 02:22:24.975 401:pos-tag                INFO     eval_recall = 0.0498
2022-08-29 02:22:24.975 293:pos-tag                INFO     ********************
2022-08-29 02:22:24.975 294:pos-tag                INFO     Best f1:0.0473
2022-08-29 02:22:24.975 295:pos-tag                INFO     ********************
2022-08-29 02:22:26.243 310:pos-tag                INFO   Saving model checkpoint to ./pos_res_poj/random/saved_codebertmodels/4/layer_9/checkpoint-best-f1/model.bin
2022-08-29 02:22:26.244 315:pos-tag                INFO     ********************
2022-08-29 02:22:26.244 316:pos-tag                INFO     Best MCC:0.2767
2022-08-29 02:22:26.244 317:pos-tag                INFO     ********************
2022-08-29 02:22:27.550 332:pos-tag                INFO   Saving model checkpoint to ./pos_res_poj/random/saved_codebertmodels/4/layer_9/checkpoint-best-mcc/model.bin
2022-08-29 02:22:28.782 351:pos-tag                INFO   ***** Running evaluation *****
2022-08-29 02:22:28.792 352:pos-tag                INFO     Num examples = 400
2022-08-29 02:22:28.792 353:pos-tag                INFO     Batch size = 32
2022-08-29 02:22:33.494 399:pos-tag                INFO   ***** Eval results *****
2022-08-29 02:22:33.494 401:pos-tag                INFO     eval_acc = 0.4535
2022-08-29 02:22:33.495 401:pos-tag                INFO     eval_f1 = 0.1059
2022-08-29 02:22:33.495 401:pos-tag                INFO     eval_mcc = 0.4087
2022-08-29 02:22:33.495 401:pos-tag                INFO     eval_precision = 0.1754
2022-08-29 02:22:33.495 401:pos-tag                INFO     eval_recall = 0.101
2022-08-29 02:22:33.495 293:pos-tag                INFO     ********************
2022-08-29 02:22:33.495 294:pos-tag                INFO     Best f1:0.1059
2022-08-29 02:22:33.495 295:pos-tag                INFO     ********************
2022-08-29 02:22:34.626 310:pos-tag                INFO   Saving model checkpoint to ./pos_res_poj/random/saved_codebertmodels/4/layer_9/checkpoint-best-f1/model.bin
2022-08-29 02:22:34.626 315:pos-tag                INFO     ********************
2022-08-29 02:22:34.627 316:pos-tag                INFO     Best MCC:0.4087
2022-08-29 02:22:34.627 317:pos-tag                INFO     ********************
2022-08-29 02:22:35.953 332:pos-tag                INFO   Saving model checkpoint to ./pos_res_poj/random/saved_codebertmodels/4/layer_9/checkpoint-best-mcc/model.bin
2022-08-29 02:22:37.171 351:pos-tag                INFO   ***** Running evaluation *****
2022-08-29 02:22:37.171 352:pos-tag                INFO     Num examples = 400
2022-08-29 02:22:37.171 353:pos-tag                INFO     Batch size = 32
2022-08-29 02:22:41.879 399:pos-tag                INFO   ***** Eval results *****
2022-08-29 02:22:41.879 401:pos-tag                INFO     eval_acc = 0.5474
2022-08-29 02:22:41.879 401:pos-tag                INFO     eval_f1 = 0.156
2022-08-29 02:22:41.879 401:pos-tag                INFO     eval_mcc = 0.5133
2022-08-29 02:22:41.879 401:pos-tag                INFO     eval_precision = 0.2244
2022-08-29 02:22:41.879 401:pos-tag                INFO     eval_recall = 0.1481
2022-08-29 02:22:41.879 293:pos-tag                INFO     ********************
2022-08-29 02:22:41.880 294:pos-tag                INFO     Best f1:0.156
2022-08-29 02:22:41.880 295:pos-tag                INFO     ********************
2022-08-29 02:22:43.159 310:pos-tag                INFO   Saving model checkpoint to ./pos_res_poj/random/saved_codebertmodels/4/layer_9/checkpoint-best-f1/model.bin
2022-08-29 02:22:43.160 315:pos-tag                INFO     ********************
2022-08-29 02:22:43.160 316:pos-tag                INFO     Best MCC:0.5133
2022-08-29 02:22:43.160 317:pos-tag                INFO     ********************
2022-08-29 02:22:44.573 332:pos-tag                INFO   Saving model checkpoint to ./pos_res_poj/random/saved_codebertmodels/4/layer_9/checkpoint-best-mcc/model.bin
2022-08-29 02:22:45.602 351:pos-tag                INFO   ***** Running evaluation *****
2022-08-29 02:22:45.603 352:pos-tag                INFO     Num examples = 400
2022-08-29 02:22:45.603 353:pos-tag                INFO     Batch size = 32
2022-08-29 02:22:50.315 399:pos-tag                INFO   ***** Eval results *****
2022-08-29 02:22:50.315 401:pos-tag                INFO     eval_acc = 0.5725
2022-08-29 02:22:50.315 401:pos-tag                INFO     eval_f1 = 0.1753
2022-08-29 02:22:50.316 401:pos-tag                INFO     eval_mcc = 0.5389
2022-08-29 02:22:50.316 401:pos-tag                INFO     eval_precision = 0.245
2022-08-29 02:22:50.316 401:pos-tag                INFO     eval_recall = 0.1696
2022-08-29 02:22:50.316 293:pos-tag                INFO     ********************
2022-08-29 02:22:50.316 294:pos-tag                INFO     Best f1:0.1753
2022-08-29 02:22:50.316 295:pos-tag                INFO     ********************
2022-08-29 02:22:51.487 310:pos-tag                INFO   Saving model checkpoint to ./pos_res_poj/random/saved_codebertmodels/4/layer_9/checkpoint-best-f1/model.bin
2022-08-29 02:22:51.487 315:pos-tag                INFO     ********************
2022-08-29 02:22:51.488 316:pos-tag                INFO     Best MCC:0.5389
2022-08-29 02:22:51.488 317:pos-tag                INFO     ********************
2022-08-29 02:22:52.629 332:pos-tag                INFO   Saving model checkpoint to ./pos_res_poj/random/saved_codebertmodels/4/layer_9/checkpoint-best-mcc/model.bin
2022-08-29 02:22:53.872 351:pos-tag                INFO   ***** Running evaluation *****
2022-08-29 02:22:53.872 352:pos-tag                INFO     Num examples = 400
2022-08-29 02:22:53.872 353:pos-tag                INFO     Batch size = 32
2022-08-29 02:22:58.585 399:pos-tag                INFO   ***** Eval results *****
2022-08-29 02:22:58.586 401:pos-tag                INFO     eval_acc = 0.5773
2022-08-29 02:22:58.586 401:pos-tag                INFO     eval_f1 = 0.1791
2022-08-29 02:22:58.586 401:pos-tag                INFO     eval_mcc = 0.5442
2022-08-29 02:22:58.586 401:pos-tag                INFO     eval_precision = 0.2419
2022-08-29 02:22:58.586 401:pos-tag                INFO     eval_recall = 0.1734
2022-08-29 02:22:58.586 293:pos-tag                INFO     ********************
2022-08-29 02:22:58.586 294:pos-tag                INFO     Best f1:0.1791
2022-08-29 02:22:58.586 295:pos-tag                INFO     ********************
2022-08-29 02:22:59.748 310:pos-tag                INFO   Saving model checkpoint to ./pos_res_poj/random/saved_codebertmodels/4/layer_9/checkpoint-best-f1/model.bin
2022-08-29 02:22:59.749 315:pos-tag                INFO     ********************
2022-08-29 02:22:59.749 316:pos-tag                INFO     Best MCC:0.5442
2022-08-29 02:22:59.749 317:pos-tag                INFO     ********************
2022-08-29 02:23:00.577 332:pos-tag                INFO   Saving model checkpoint to ./pos_res_poj/random/saved_codebertmodels/4/layer_9/checkpoint-best-mcc/model.bin
2022-08-29 02:23:01.802 351:pos-tag                INFO   ***** Running evaluation *****
2022-08-29 02:23:01.803 352:pos-tag                INFO     Num examples = 400
2022-08-29 02:23:01.803 353:pos-tag                INFO     Batch size = 32
2022-08-29 02:23:06.521 399:pos-tag                INFO   ***** Eval results *****
2022-08-29 02:23:06.521 401:pos-tag                INFO     eval_acc = 0.5824
2022-08-29 02:23:06.521 401:pos-tag                INFO     eval_f1 = 0.1867
2022-08-29 02:23:06.521 401:pos-tag                INFO     eval_mcc = 0.5505
2022-08-29 02:23:06.521 401:pos-tag                INFO     eval_precision = 0.261
2022-08-29 02:23:06.521 401:pos-tag                INFO     eval_recall = 0.1783
2022-08-29 02:23:06.521 293:pos-tag                INFO     ********************
2022-08-29 02:23:06.521 294:pos-tag                INFO     Best f1:0.1867
2022-08-29 02:23:06.521 295:pos-tag                INFO     ********************
2022-08-29 02:23:07.696 310:pos-tag                INFO   Saving model checkpoint to ./pos_res_poj/random/saved_codebertmodels/4/layer_9/checkpoint-best-f1/model.bin
2022-08-29 02:23:07.697 315:pos-tag                INFO     ********************
2022-08-29 02:23:07.697 316:pos-tag                INFO     Best MCC:0.5505
2022-08-29 02:23:07.697 317:pos-tag                INFO     ********************
2022-08-29 02:23:08.828 332:pos-tag                INFO   Saving model checkpoint to ./pos_res_poj/random/saved_codebertmodels/4/layer_9/checkpoint-best-mcc/model.bin
2022-08-29 02:23:10.067 351:pos-tag                INFO   ***** Running evaluation *****
2022-08-29 02:23:10.067 352:pos-tag                INFO     Num examples = 400
2022-08-29 02:23:10.067 353:pos-tag                INFO     Batch size = 32
2022-08-29 02:23:14.778 399:pos-tag                INFO   ***** Eval results *****
2022-08-29 02:23:14.778 401:pos-tag                INFO     eval_acc = 0.5918
2022-08-29 02:23:14.778 401:pos-tag                INFO     eval_f1 = 0.1964
2022-08-29 02:23:14.778 401:pos-tag                INFO     eval_mcc = 0.56
2022-08-29 02:23:14.779 401:pos-tag                INFO     eval_precision = 0.2607
2022-08-29 02:23:14.779 401:pos-tag                INFO     eval_recall = 0.1853
2022-08-29 02:23:14.779 293:pos-tag                INFO     ********************
2022-08-29 02:23:14.779 294:pos-tag                INFO     Best f1:0.1964
2022-08-29 02:23:14.779 295:pos-tag                INFO     ********************
2022-08-29 02:23:15.951 310:pos-tag                INFO   Saving model checkpoint to ./pos_res_poj/random/saved_codebertmodels/4/layer_9/checkpoint-best-f1/model.bin
2022-08-29 02:23:15.952 315:pos-tag                INFO     ********************
2022-08-29 02:23:15.952 316:pos-tag                INFO     Best MCC:0.56
2022-08-29 02:23:15.952 317:pos-tag                INFO     ********************
2022-08-29 02:23:16.858 332:pos-tag                INFO   Saving model checkpoint to ./pos_res_poj/random/saved_codebertmodels/4/layer_9/checkpoint-best-mcc/model.bin
2022-08-29 02:23:18.099 351:pos-tag                INFO   ***** Running evaluation *****
2022-08-29 02:23:18.099 352:pos-tag                INFO     Num examples = 400
2022-08-29 02:23:18.099 353:pos-tag                INFO     Batch size = 32
2022-08-29 02:23:22.812 399:pos-tag                INFO   ***** Eval results *****
2022-08-29 02:23:22.812 401:pos-tag                INFO     eval_acc = 0.5989
2022-08-29 02:23:22.812 401:pos-tag                INFO     eval_f1 = 0.2087
2022-08-29 02:23:22.812 401:pos-tag                INFO     eval_mcc = 0.5675
2022-08-29 02:23:22.813 401:pos-tag                INFO     eval_precision = 0.3046
2022-08-29 02:23:22.813 401:pos-tag                INFO     eval_recall = 0.1943
2022-08-29 02:23:22.813 293:pos-tag                INFO     ********************
2022-08-29 02:23:22.813 294:pos-tag                INFO     Best f1:0.2087
2022-08-29 02:23:22.813 295:pos-tag                INFO     ********************
2022-08-29 02:23:23.710 310:pos-tag                INFO   Saving model checkpoint to ./pos_res_poj/random/saved_codebertmodels/4/layer_9/checkpoint-best-f1/model.bin
2022-08-29 02:23:23.711 315:pos-tag                INFO     ********************
2022-08-29 02:23:23.711 316:pos-tag                INFO     Best MCC:0.5675
2022-08-29 02:23:23.712 317:pos-tag                INFO     ********************
2022-08-29 02:23:24.593 332:pos-tag                INFO   Saving model checkpoint to ./pos_res_poj/random/saved_codebertmodels/4/layer_9/checkpoint-best-mcc/model.bin
2022-08-29 02:23:25.835 351:pos-tag                INFO   ***** Running evaluation *****
2022-08-29 02:23:25.835 352:pos-tag                INFO     Num examples = 400
2022-08-29 02:23:25.835 353:pos-tag                INFO     Batch size = 32
2022-08-29 02:23:30.550 399:pos-tag                INFO   ***** Eval results *****
2022-08-29 02:23:30.551 401:pos-tag                INFO     eval_acc = 0.6039
2022-08-29 02:23:30.551 401:pos-tag                INFO     eval_f1 = 0.2221
2022-08-29 02:23:30.551 401:pos-tag                INFO     eval_mcc = 0.5739
2022-08-29 02:23:30.551 401:pos-tag                INFO     eval_precision = 0.3054
2022-08-29 02:23:30.551 401:pos-tag                INFO     eval_recall = 0.2072
2022-08-29 02:23:30.551 293:pos-tag                INFO     ********************
2022-08-29 02:23:30.551 294:pos-tag                INFO     Best f1:0.2221
2022-08-29 02:23:30.551 295:pos-tag                INFO     ********************
2022-08-29 02:23:31.445 310:pos-tag                INFO   Saving model checkpoint to ./pos_res_poj/random/saved_codebertmodels/4/layer_9/checkpoint-best-f1/model.bin
2022-08-29 02:23:31.446 315:pos-tag                INFO     ********************
2022-08-29 02:23:31.446 316:pos-tag                INFO     Best MCC:0.5739
2022-08-29 02:23:31.446 317:pos-tag                INFO     ********************
2022-08-29 02:23:32.327 332:pos-tag                INFO   Saving model checkpoint to ./pos_res_poj/random/saved_codebertmodels/4/layer_9/checkpoint-best-mcc/model.bin
2022-08-29 02:23:33.552 351:pos-tag                INFO   ***** Running evaluation *****
2022-08-29 02:23:33.552 352:pos-tag                INFO     Num examples = 400
2022-08-29 02:23:33.552 353:pos-tag                INFO     Batch size = 32
2022-08-29 02:23:38.265 399:pos-tag                INFO   ***** Eval results *****
2022-08-29 02:23:38.265 401:pos-tag                INFO     eval_acc = 0.6114
2022-08-29 02:23:38.265 401:pos-tag                INFO     eval_f1 = 0.2329
2022-08-29 02:23:38.265 401:pos-tag                INFO     eval_mcc = 0.5801
2022-08-29 02:23:38.265 401:pos-tag                INFO     eval_precision = 0.3106
2022-08-29 02:23:38.265 401:pos-tag                INFO     eval_recall = 0.2229
2022-08-29 02:23:38.266 293:pos-tag                INFO     ********************
2022-08-29 02:23:38.266 294:pos-tag                INFO     Best f1:0.2329
2022-08-29 02:23:38.266 295:pos-tag                INFO     ********************
2022-08-29 02:23:39.465 310:pos-tag                INFO   Saving model checkpoint to ./pos_res_poj/random/saved_codebertmodels/4/layer_9/checkpoint-best-f1/model.bin
2022-08-29 02:23:39.465 315:pos-tag                INFO     ********************
2022-08-29 02:23:39.465 316:pos-tag                INFO     Best MCC:0.5801
2022-08-29 02:23:39.465 317:pos-tag                INFO     ********************
2022-08-29 02:23:40.624 332:pos-tag                INFO   Saving model checkpoint to ./pos_res_poj/random/saved_codebertmodels/4/layer_9/checkpoint-best-mcc/model.bin
2022-08-29 02:23:41.846 351:pos-tag                INFO   ***** Running evaluation *****
2022-08-29 02:23:41.846 352:pos-tag                INFO     Num examples = 400
2022-08-29 02:23:41.846 353:pos-tag                INFO     Batch size = 32
2022-08-29 02:23:46.561 399:pos-tag                INFO   ***** Eval results *****
2022-08-29 02:23:46.562 401:pos-tag                INFO     eval_acc = 0.6144
2022-08-29 02:23:46.562 401:pos-tag                INFO     eval_f1 = 0.24
2022-08-29 02:23:46.562 401:pos-tag                INFO     eval_mcc = 0.5809
2022-08-29 02:23:46.562 401:pos-tag                INFO     eval_precision = 0.3124
2022-08-29 02:23:46.562 401:pos-tag                INFO     eval_recall = 0.232
2022-08-29 02:23:46.562 293:pos-tag                INFO     ********************
2022-08-29 02:23:46.562 294:pos-tag                INFO     Best f1:0.24
2022-08-29 02:23:46.562 295:pos-tag                INFO     ********************
2022-08-29 02:23:47.577 310:pos-tag                INFO   Saving model checkpoint to ./pos_res_poj/random/saved_codebertmodels/4/layer_9/checkpoint-best-f1/model.bin
2022-08-29 02:23:47.577 315:pos-tag                INFO     ********************
2022-08-29 02:23:47.578 316:pos-tag                INFO     Best MCC:0.5809
2022-08-29 02:23:47.578 317:pos-tag                INFO     ********************
2022-08-29 02:23:48.469 332:pos-tag                INFO   Saving model checkpoint to ./pos_res_poj/random/saved_codebertmodels/4/layer_9/checkpoint-best-mcc/model.bin
2022-08-29 02:23:49.700 351:pos-tag                INFO   ***** Running evaluation *****
2022-08-29 02:23:49.700 352:pos-tag                INFO     Num examples = 400
2022-08-29 02:23:49.700 353:pos-tag                INFO     Batch size = 32
2022-08-29 02:23:54.414 399:pos-tag                INFO   ***** Eval results *****
2022-08-29 02:23:54.414 401:pos-tag                INFO     eval_acc = 0.618
2022-08-29 02:23:54.414 401:pos-tag                INFO     eval_f1 = 0.2444
2022-08-29 02:23:54.414 401:pos-tag                INFO     eval_mcc = 0.5847
2022-08-29 02:23:54.414 401:pos-tag                INFO     eval_precision = 0.3099
2022-08-29 02:23:54.414 401:pos-tag                INFO     eval_recall = 0.2378
2022-08-29 02:23:54.414 293:pos-tag                INFO     ********************
2022-08-29 02:23:54.414 294:pos-tag                INFO     Best f1:0.2444
2022-08-29 02:23:54.415 295:pos-tag                INFO     ********************
2022-08-29 02:23:55.606 310:pos-tag                INFO   Saving model checkpoint to ./pos_res_poj/random/saved_codebertmodels/4/layer_9/checkpoint-best-f1/model.bin
2022-08-29 02:23:55.607 315:pos-tag                INFO     ********************
2022-08-29 02:23:55.607 316:pos-tag                INFO     Best MCC:0.5847
2022-08-29 02:23:55.607 317:pos-tag                INFO     ********************
2022-08-29 02:23:56.608 332:pos-tag                INFO   Saving model checkpoint to ./pos_res_poj/random/saved_codebertmodels/4/layer_9/checkpoint-best-mcc/model.bin
2022-08-29 02:23:57.830 351:pos-tag                INFO   ***** Running evaluation *****
2022-08-29 02:23:57.830 352:pos-tag                INFO     Num examples = 400
2022-08-29 02:23:57.831 353:pos-tag                INFO     Batch size = 32
2022-08-29 02:24:02.548 399:pos-tag                INFO   ***** Eval results *****
2022-08-29 02:24:02.548 401:pos-tag                INFO     eval_acc = 0.6199
2022-08-29 02:24:02.548 401:pos-tag                INFO     eval_f1 = 0.2448
2022-08-29 02:24:02.548 401:pos-tag                INFO     eval_mcc = 0.5898
2022-08-29 02:24:02.548 401:pos-tag                INFO     eval_precision = 0.3099
2022-08-29 02:24:02.548 401:pos-tag                INFO     eval_recall = 0.2397
2022-08-29 02:24:02.548 293:pos-tag                INFO     ********************
2022-08-29 02:24:02.549 294:pos-tag                INFO     Best f1:0.2448
2022-08-29 02:24:02.549 295:pos-tag                INFO     ********************
2022-08-29 02:24:03.475 310:pos-tag                INFO   Saving model checkpoint to ./pos_res_poj/random/saved_codebertmodels/4/layer_9/checkpoint-best-f1/model.bin
2022-08-29 02:24:03.476 315:pos-tag                INFO     ********************
2022-08-29 02:24:03.476 316:pos-tag                INFO     Best MCC:0.5898
2022-08-29 02:24:03.476 317:pos-tag                INFO     ********************
2022-08-29 02:24:04.396 332:pos-tag                INFO   Saving model checkpoint to ./pos_res_poj/random/saved_codebertmodels/4/layer_9/checkpoint-best-mcc/model.bin
2022-08-29 02:24:05.627 351:pos-tag                INFO   ***** Running evaluation *****
2022-08-29 02:24:05.628 352:pos-tag                INFO     Num examples = 400
2022-08-29 02:24:05.628 353:pos-tag                INFO     Batch size = 32
2022-08-29 02:24:10.344 399:pos-tag                INFO   ***** Eval results *****
2022-08-29 02:24:10.344 401:pos-tag                INFO     eval_acc = 0.6212
2022-08-29 02:24:10.345 401:pos-tag                INFO     eval_f1 = 0.2458
2022-08-29 02:24:10.345 401:pos-tag                INFO     eval_mcc = 0.5911
2022-08-29 02:24:10.345 401:pos-tag                INFO     eval_precision = 0.3078
2022-08-29 02:24:10.345 401:pos-tag                INFO     eval_recall = 0.2408
2022-08-29 02:24:10.345 293:pos-tag                INFO     ********************
2022-08-29 02:24:10.345 294:pos-tag                INFO     Best f1:0.2458
2022-08-29 02:24:10.345 295:pos-tag                INFO     ********************
2022-08-29 02:24:11.515 310:pos-tag                INFO   Saving model checkpoint to ./pos_res_poj/random/saved_codebertmodels/4/layer_9/checkpoint-best-f1/model.bin
2022-08-29 02:24:11.515 315:pos-tag                INFO     ********************
2022-08-29 02:24:11.516 316:pos-tag                INFO     Best MCC:0.5911
2022-08-29 02:24:11.516 317:pos-tag                INFO     ********************
2022-08-29 02:24:12.687 332:pos-tag                INFO   Saving model checkpoint to ./pos_res_poj/random/saved_codebertmodels/4/layer_9/checkpoint-best-mcc/model.bin
2022-08-29 02:24:13.918 351:pos-tag                INFO   ***** Running evaluation *****
2022-08-29 02:24:13.918 352:pos-tag                INFO     Num examples = 400
2022-08-29 02:24:13.918 353:pos-tag                INFO     Batch size = 32
2022-08-29 02:24:18.633 399:pos-tag                INFO   ***** Eval results *****
2022-08-29 02:24:18.633 401:pos-tag                INFO     eval_acc = 0.6218
2022-08-29 02:24:18.634 401:pos-tag                INFO     eval_f1 = 0.2502
2022-08-29 02:24:18.634 401:pos-tag                INFO     eval_mcc = 0.5893
2022-08-29 02:24:18.634 401:pos-tag                INFO     eval_precision = 0.3207
2022-08-29 02:24:18.634 401:pos-tag                INFO     eval_recall = 0.2436
2022-08-29 02:24:18.634 293:pos-tag                INFO     ********************
2022-08-29 02:24:18.634 294:pos-tag                INFO     Best f1:0.2502
2022-08-29 02:24:18.634 295:pos-tag                INFO     ********************
2022-08-29 02:24:19.731 310:pos-tag                INFO   Saving model checkpoint to ./pos_res_poj/random/saved_codebertmodels/4/layer_9/checkpoint-best-f1/model.bin
2022-08-29 02:24:20.947 351:pos-tag                INFO   ***** Running evaluation *****
2022-08-29 02:24:20.948 352:pos-tag                INFO     Num examples = 400
2022-08-29 02:24:20.948 353:pos-tag                INFO     Batch size = 32
2022-08-29 02:24:25.669 399:pos-tag                INFO   ***** Eval results *****
2022-08-29 02:24:25.669 401:pos-tag                INFO     eval_acc = 0.6236
2022-08-29 02:24:25.669 401:pos-tag                INFO     eval_f1 = 0.2535
2022-08-29 02:24:25.670 401:pos-tag                INFO     eval_mcc = 0.5906
2022-08-29 02:24:25.670 401:pos-tag                INFO     eval_precision = 0.3283
2022-08-29 02:24:25.670 401:pos-tag                INFO     eval_recall = 0.2458
2022-08-29 02:24:25.670 293:pos-tag                INFO     ********************
2022-08-29 02:24:25.670 294:pos-tag                INFO     Best f1:0.2535
2022-08-29 02:24:25.670 295:pos-tag                INFO     ********************
2022-08-29 02:24:26.849 310:pos-tag                INFO   Saving model checkpoint to ./pos_res_poj/random/saved_codebertmodels/4/layer_9/checkpoint-best-f1/model.bin
2022-08-29 02:24:27.863 351:pos-tag                INFO   ***** Running evaluation *****
2022-08-29 02:24:27.863 352:pos-tag                INFO     Num examples = 400
2022-08-29 02:24:27.863 353:pos-tag                INFO     Batch size = 32
2022-08-29 02:24:32.582 399:pos-tag                INFO   ***** Eval results *****
2022-08-29 02:24:32.583 401:pos-tag                INFO     eval_acc = 0.631
2022-08-29 02:24:32.583 401:pos-tag                INFO     eval_f1 = 0.2556
2022-08-29 02:24:32.583 401:pos-tag                INFO     eval_mcc = 0.6005
2022-08-29 02:24:32.583 401:pos-tag                INFO     eval_precision = 0.3309
2022-08-29 02:24:32.583 401:pos-tag                INFO     eval_recall = 0.2488
2022-08-29 02:24:32.583 293:pos-tag                INFO     ********************
2022-08-29 02:24:32.583 294:pos-tag                INFO     Best f1:0.2556
2022-08-29 02:24:32.583 295:pos-tag                INFO     ********************
2022-08-29 02:24:33.762 310:pos-tag                INFO   Saving model checkpoint to ./pos_res_poj/random/saved_codebertmodels/4/layer_9/checkpoint-best-f1/model.bin
2022-08-29 02:24:33.763 315:pos-tag                INFO     ********************
2022-08-29 02:24:33.763 316:pos-tag                INFO     Best MCC:0.6005
2022-08-29 02:24:33.763 317:pos-tag                INFO     ********************
2022-08-29 02:24:34.872 332:pos-tag                INFO   Saving model checkpoint to ./pos_res_poj/random/saved_codebertmodels/4/layer_9/checkpoint-best-mcc/model.bin
2022-08-29 02:24:36.092 351:pos-tag                INFO   ***** Running evaluation *****
2022-08-29 02:24:36.092 352:pos-tag                INFO     Num examples = 400
2022-08-29 02:24:36.093 353:pos-tag                INFO     Batch size = 32
2022-08-29 02:24:40.810 399:pos-tag                INFO   ***** Eval results *****
2022-08-29 02:24:40.811 401:pos-tag                INFO     eval_acc = 0.6269
2022-08-29 02:24:40.811 401:pos-tag                INFO     eval_f1 = 0.2543
2022-08-29 02:24:40.811 401:pos-tag                INFO     eval_mcc = 0.5975
2022-08-29 02:24:40.811 401:pos-tag                INFO     eval_precision = 0.3383
2022-08-29 02:24:40.811 401:pos-tag                INFO     eval_recall = 0.247
2022-08-29 02:24:42.019 351:pos-tag                INFO   ***** Running evaluation *****
2022-08-29 02:24:42.019 352:pos-tag                INFO     Num examples = 400
2022-08-29 02:24:42.019 353:pos-tag                INFO     Batch size = 32
2022-08-29 02:24:46.744 399:pos-tag                INFO   ***** Eval results *****
2022-08-29 02:24:46.744 401:pos-tag                INFO     eval_acc = 0.6273
2022-08-29 02:24:46.744 401:pos-tag                INFO     eval_f1 = 0.2566
2022-08-29 02:24:46.744 401:pos-tag                INFO     eval_mcc = 0.5972
2022-08-29 02:24:46.744 401:pos-tag                INFO     eval_precision = 0.3448
2022-08-29 02:24:46.744 401:pos-tag                INFO     eval_recall = 0.2484
2022-08-29 02:24:46.744 293:pos-tag                INFO     ********************
2022-08-29 02:24:46.745 294:pos-tag                INFO     Best f1:0.2566
2022-08-29 02:24:46.745 295:pos-tag                INFO     ********************
2022-08-29 02:24:47.938 310:pos-tag                INFO   Saving model checkpoint to ./pos_res_poj/random/saved_codebertmodels/4/layer_9/checkpoint-best-f1/model.bin
2022-08-29 02:24:49.152 351:pos-tag                INFO   ***** Running evaluation *****
2022-08-29 02:24:49.152 352:pos-tag                INFO     Num examples = 400
2022-08-29 02:24:49.152 353:pos-tag                INFO     Batch size = 32
2022-08-29 02:24:53.882 399:pos-tag                INFO   ***** Eval results *****
2022-08-29 02:24:53.882 401:pos-tag                INFO     eval_acc = 0.6286
2022-08-29 02:24:53.882 401:pos-tag                INFO     eval_f1 = 0.2619
2022-08-29 02:24:53.882 401:pos-tag                INFO     eval_mcc = 0.5971
2022-08-29 02:24:53.882 401:pos-tag                INFO     eval_precision = 0.3489
2022-08-29 02:24:53.882 401:pos-tag                INFO     eval_recall = 0.2525
2022-08-29 02:24:53.882 293:pos-tag                INFO     ********************
2022-08-29 02:24:53.882 294:pos-tag                INFO     Best f1:0.2619
2022-08-29 02:24:53.883 295:pos-tag                INFO     ********************
2022-08-29 02:24:54.909 310:pos-tag                INFO   Saving model checkpoint to ./pos_res_poj/random/saved_codebertmodels/4/layer_9/checkpoint-best-f1/model.bin
2022-08-29 02:24:56.129 351:pos-tag                INFO   ***** Running evaluation *****
2022-08-29 02:24:56.129 352:pos-tag                INFO     Num examples = 400
2022-08-29 02:24:56.129 353:pos-tag                INFO     Batch size = 32
2022-08-29 02:25:00.864 399:pos-tag                INFO   ***** Eval results *****
2022-08-29 02:25:00.865 401:pos-tag                INFO     eval_acc = 0.6306
2022-08-29 02:25:00.865 401:pos-tag                INFO     eval_f1 = 0.2654
2022-08-29 02:25:00.865 401:pos-tag                INFO     eval_mcc = 0.5994
2022-08-29 02:25:00.865 401:pos-tag                INFO     eval_precision = 0.3382
2022-08-29 02:25:00.865 401:pos-tag                INFO     eval_recall = 0.2548
2022-08-29 02:25:00.865 293:pos-tag                INFO     ********************
2022-08-29 02:25:00.865 294:pos-tag                INFO     Best f1:0.2654
2022-08-29 02:25:00.865 295:pos-tag                INFO     ********************
2022-08-29 02:25:02.025 310:pos-tag                INFO   Saving model checkpoint to ./pos_res_poj/random/saved_codebertmodels/4/layer_9/checkpoint-best-f1/model.bin
2022-08-29 02:25:03.242 351:pos-tag                INFO   ***** Running evaluation *****
2022-08-29 02:25:03.242 352:pos-tag                INFO     Num examples = 400
2022-08-29 02:25:03.243 353:pos-tag                INFO     Batch size = 32
2022-08-29 02:25:07.982 399:pos-tag                INFO   ***** Eval results *****
2022-08-29 02:25:07.982 401:pos-tag                INFO     eval_acc = 0.6335
2022-08-29 02:25:07.983 401:pos-tag                INFO     eval_f1 = 0.2704
2022-08-29 02:25:07.983 401:pos-tag                INFO     eval_mcc = 0.6037
2022-08-29 02:25:07.983 401:pos-tag                INFO     eval_precision = 0.3547
2022-08-29 02:25:07.983 401:pos-tag                INFO     eval_recall = 0.2587
2022-08-29 02:25:07.983 293:pos-tag                INFO     ********************
2022-08-29 02:25:07.983 294:pos-tag                INFO     Best f1:0.2704
2022-08-29 02:25:07.983 295:pos-tag                INFO     ********************
2022-08-29 02:25:09.156 310:pos-tag                INFO   Saving model checkpoint to ./pos_res_poj/random/saved_codebertmodels/4/layer_9/checkpoint-best-f1/model.bin
2022-08-29 02:25:09.157 315:pos-tag                INFO     ********************
2022-08-29 02:25:09.157 316:pos-tag                INFO     Best MCC:0.6037
2022-08-29 02:25:09.157 317:pos-tag                INFO     ********************
2022-08-29 02:25:10.278 332:pos-tag                INFO   Saving model checkpoint to ./pos_res_poj/random/saved_codebertmodels/4/layer_9/checkpoint-best-mcc/model.bin
2022-08-29 02:25:11.503 351:pos-tag                INFO   ***** Running evaluation *****
2022-08-29 02:25:11.503 352:pos-tag                INFO     Num examples = 400
2022-08-29 02:25:11.503 353:pos-tag                INFO     Batch size = 32
2022-08-29 02:25:16.235 399:pos-tag                INFO   ***** Eval results *****
2022-08-29 02:25:16.235 401:pos-tag                INFO     eval_acc = 0.6353
2022-08-29 02:25:16.235 401:pos-tag                INFO     eval_f1 = 0.2728
2022-08-29 02:25:16.235 401:pos-tag                INFO     eval_mcc = 0.6058
2022-08-29 02:25:16.235 401:pos-tag                INFO     eval_precision = 0.3417
2022-08-29 02:25:16.235 401:pos-tag                INFO     eval_recall = 0.2611
2022-08-29 02:25:16.235 293:pos-tag                INFO     ********************
2022-08-29 02:25:16.235 294:pos-tag                INFO     Best f1:0.2728
2022-08-29 02:25:16.235 295:pos-tag                INFO     ********************
2022-08-29 02:25:17.396 310:pos-tag                INFO   Saving model checkpoint to ./pos_res_poj/random/saved_codebertmodels/4/layer_9/checkpoint-best-f1/model.bin
2022-08-29 02:25:17.397 315:pos-tag                INFO     ********************
2022-08-29 02:25:17.397 316:pos-tag                INFO     Best MCC:0.6058
2022-08-29 02:25:17.397 317:pos-tag                INFO     ********************
2022-08-29 02:25:18.495 332:pos-tag                INFO   Saving model checkpoint to ./pos_res_poj/random/saved_codebertmodels/4/layer_9/checkpoint-best-mcc/model.bin
2022-08-29 02:25:19.727 351:pos-tag                INFO   ***** Running evaluation *****
2022-08-29 02:25:19.727 352:pos-tag                INFO     Num examples = 400
2022-08-29 02:25:19.727 353:pos-tag                INFO     Batch size = 32
2022-08-29 02:25:24.456 399:pos-tag                INFO   ***** Eval results *****
2022-08-29 02:25:24.456 401:pos-tag                INFO     eval_acc = 0.6347
2022-08-29 02:25:24.456 401:pos-tag                INFO     eval_f1 = 0.2728
2022-08-29 02:25:24.456 401:pos-tag                INFO     eval_mcc = 0.6036
2022-08-29 02:25:24.456 401:pos-tag                INFO     eval_precision = 0.3415
2022-08-29 02:25:24.456 401:pos-tag                INFO     eval_recall = 0.2611
2022-08-29 02:25:24.456 293:pos-tag                INFO     ********************
2022-08-29 02:25:24.456 294:pos-tag                INFO     Best f1:0.2728
2022-08-29 02:25:24.456 295:pos-tag                INFO     ********************
2022-08-29 02:25:25.123 310:pos-tag                INFO   Saving model checkpoint to ./pos_res_poj/random/saved_codebertmodels/4/layer_9/checkpoint-best-f1/model.bin
2022-08-29 02:25:26.334 351:pos-tag                INFO   ***** Running evaluation *****
2022-08-29 02:25:26.334 352:pos-tag                INFO     Num examples = 400
2022-08-29 02:25:26.335 353:pos-tag                INFO     Batch size = 32
2022-08-29 02:25:31.068 399:pos-tag                INFO   ***** Eval results *****
2022-08-29 02:25:31.068 401:pos-tag                INFO     eval_acc = 0.6369
2022-08-29 02:25:31.068 401:pos-tag                INFO     eval_f1 = 0.2707
2022-08-29 02:25:31.069 401:pos-tag                INFO     eval_mcc = 0.6062
2022-08-29 02:25:31.069 401:pos-tag                INFO     eval_precision = 0.3474
2022-08-29 02:25:31.069 401:pos-tag                INFO     eval_recall = 0.2605
2022-08-29 02:25:31.069 315:pos-tag                INFO     ********************
2022-08-29 02:25:31.069 316:pos-tag                INFO     Best MCC:0.6062
2022-08-29 02:25:31.069 317:pos-tag                INFO     ********************
2022-08-29 02:25:31.953 332:pos-tag                INFO   Saving model checkpoint to ./pos_res_poj/random/saved_codebertmodels/4/layer_9/checkpoint-best-mcc/model.bin
2022-08-29 02:25:33.169 351:pos-tag                INFO   ***** Running evaluation *****
2022-08-29 02:25:33.169 352:pos-tag                INFO     Num examples = 400
2022-08-29 02:25:33.169 353:pos-tag                INFO     Batch size = 32
2022-08-29 02:25:37.901 399:pos-tag                INFO   ***** Eval results *****
2022-08-29 02:25:37.901 401:pos-tag                INFO     eval_acc = 0.6369
2022-08-29 02:25:37.901 401:pos-tag                INFO     eval_f1 = 0.2703
2022-08-29 02:25:37.901 401:pos-tag                INFO     eval_mcc = 0.6062
2022-08-29 02:25:37.901 401:pos-tag                INFO     eval_precision = 0.3516
2022-08-29 02:25:37.901 401:pos-tag                INFO     eval_recall = 0.2606
2022-08-29 02:25:39.112 351:pos-tag                INFO   ***** Running evaluation *****
2022-08-29 02:25:39.112 352:pos-tag                INFO     Num examples = 400
2022-08-29 02:25:39.112 353:pos-tag                INFO     Batch size = 32
2022-08-29 02:25:43.846 399:pos-tag                INFO   ***** Eval results *****
2022-08-29 02:25:43.847 401:pos-tag                INFO     eval_acc = 0.6395
2022-08-29 02:25:43.847 401:pos-tag                INFO     eval_f1 = 0.2791
2022-08-29 02:25:43.847 401:pos-tag                INFO     eval_mcc = 0.6091
2022-08-29 02:25:43.847 401:pos-tag                INFO     eval_precision = 0.3724
2022-08-29 02:25:43.847 401:pos-tag                INFO     eval_recall = 0.2665
2022-08-29 02:25:43.847 293:pos-tag                INFO     ********************
2022-08-29 02:25:43.847 294:pos-tag                INFO     Best f1:0.2791
2022-08-29 02:25:43.847 295:pos-tag                INFO     ********************
2022-08-29 02:25:44.719 310:pos-tag                INFO   Saving model checkpoint to ./pos_res_poj/random/saved_codebertmodels/4/layer_9/checkpoint-best-f1/model.bin
2022-08-29 02:25:44.720 315:pos-tag                INFO     ********************
2022-08-29 02:25:44.720 316:pos-tag                INFO     Best MCC:0.6091
2022-08-29 02:25:44.721 317:pos-tag                INFO     ********************
2022-08-29 02:25:45.619 332:pos-tag                INFO   Saving model checkpoint to ./pos_res_poj/random/saved_codebertmodels/4/layer_9/checkpoint-best-mcc/model.bin
2022-08-29 02:25:46.857 351:pos-tag                INFO   ***** Running evaluation *****
2022-08-29 02:25:46.857 352:pos-tag                INFO     Num examples = 400
2022-08-29 02:25:46.857 353:pos-tag                INFO     Batch size = 32
2022-08-29 02:25:51.592 399:pos-tag                INFO   ***** Eval results *****
2022-08-29 02:25:51.592 401:pos-tag                INFO     eval_acc = 0.6414
2022-08-29 02:25:51.592 401:pos-tag                INFO     eval_f1 = 0.2861
2022-08-29 02:25:51.593 401:pos-tag                INFO     eval_mcc = 0.6119
2022-08-29 02:25:51.593 401:pos-tag                INFO     eval_precision = 0.4009
2022-08-29 02:25:51.593 401:pos-tag                INFO     eval_recall = 0.2717
2022-08-29 02:25:51.593 293:pos-tag                INFO     ********************
2022-08-29 02:25:51.593 294:pos-tag                INFO     Best f1:0.2861
2022-08-29 02:25:51.593 295:pos-tag                INFO     ********************
2022-08-29 02:25:52.458 310:pos-tag                INFO   Saving model checkpoint to ./pos_res_poj/random/saved_codebertmodels/4/layer_9/checkpoint-best-f1/model.bin
2022-08-29 02:25:52.459 315:pos-tag                INFO     ********************
2022-08-29 02:25:52.459 316:pos-tag                INFO     Best MCC:0.6119
2022-08-29 02:25:52.459 317:pos-tag                INFO     ********************
2022-08-29 02:25:53.333 332:pos-tag                INFO   Saving model checkpoint to ./pos_res_poj/random/saved_codebertmodels/4/layer_9/checkpoint-best-mcc/model.bin
2022-08-29 02:25:54.367 351:pos-tag                INFO   ***** Running evaluation *****
2022-08-29 02:25:54.367 352:pos-tag                INFO     Num examples = 400
2022-08-29 02:25:54.367 353:pos-tag                INFO     Batch size = 32
2022-08-29 02:25:59.104 399:pos-tag                INFO   ***** Eval results *****
2022-08-29 02:25:59.104 401:pos-tag                INFO     eval_acc = 0.6422
2022-08-29 02:25:59.104 401:pos-tag                INFO     eval_f1 = 0.2951
2022-08-29 02:25:59.104 401:pos-tag                INFO     eval_mcc = 0.6133
2022-08-29 02:25:59.104 401:pos-tag                INFO     eval_precision = 0.3981
2022-08-29 02:25:59.105 401:pos-tag                INFO     eval_recall = 0.2782
2022-08-29 02:25:59.105 293:pos-tag                INFO     ********************
2022-08-29 02:25:59.105 294:pos-tag                INFO     Best f1:0.2951
2022-08-29 02:25:59.105 295:pos-tag                INFO     ********************
2022-08-29 02:26:00.263 310:pos-tag                INFO   Saving model checkpoint to ./pos_res_poj/random/saved_codebertmodels/4/layer_9/checkpoint-best-f1/model.bin
2022-08-29 02:26:00.263 315:pos-tag                INFO     ********************
2022-08-29 02:26:00.264 316:pos-tag                INFO     Best MCC:0.6133
2022-08-29 02:26:00.264 317:pos-tag                INFO     ********************
2022-08-29 02:26:01.411 332:pos-tag                INFO   Saving model checkpoint to ./pos_res_poj/random/saved_codebertmodels/4/layer_9/checkpoint-best-mcc/model.bin
2022-08-29 02:26:02.669 351:pos-tag                INFO   ***** Running evaluation *****
2022-08-29 02:26:02.670 352:pos-tag                INFO     Num examples = 400
2022-08-29 02:26:02.670 353:pos-tag                INFO     Batch size = 32
2022-08-29 02:26:07.409 399:pos-tag                INFO   ***** Eval results *****
2022-08-29 02:26:07.409 401:pos-tag                INFO     eval_acc = 0.6413
2022-08-29 02:26:07.409 401:pos-tag                INFO     eval_f1 = 0.2991
2022-08-29 02:26:07.409 401:pos-tag                INFO     eval_mcc = 0.6121
2022-08-29 02:26:07.409 401:pos-tag                INFO     eval_precision = 0.3984
2022-08-29 02:26:07.409 401:pos-tag                INFO     eval_recall = 0.281
2022-08-29 02:26:07.410 293:pos-tag                INFO     ********************
2022-08-29 02:26:07.410 294:pos-tag                INFO     Best f1:0.2991
2022-08-29 02:26:07.410 295:pos-tag                INFO     ********************
2022-08-29 02:26:08.592 310:pos-tag                INFO   Saving model checkpoint to ./pos_res_poj/random/saved_codebertmodels/4/layer_9/checkpoint-best-f1/model.bin
2022-08-29 02:26:09.810 351:pos-tag                INFO   ***** Running evaluation *****
2022-08-29 02:26:09.810 352:pos-tag                INFO     Num examples = 400
2022-08-29 02:26:09.811 353:pos-tag                INFO     Batch size = 32
2022-08-29 02:26:14.552 399:pos-tag                INFO   ***** Eval results *****
2022-08-29 02:26:14.553 401:pos-tag                INFO     eval_acc = 0.6409
2022-08-29 02:26:14.553 401:pos-tag                INFO     eval_f1 = 0.2991
2022-08-29 02:26:14.553 401:pos-tag                INFO     eval_mcc = 0.6115
2022-08-29 02:26:14.553 401:pos-tag                INFO     eval_precision = 0.3916
2022-08-29 02:26:14.553 401:pos-tag                INFO     eval_recall = 0.2805
2022-08-29 02:26:15.764 351:pos-tag                INFO   ***** Running evaluation *****
2022-08-29 02:26:15.765 352:pos-tag                INFO     Num examples = 400
2022-08-29 02:26:15.765 353:pos-tag                INFO     Batch size = 32
2022-08-29 02:26:20.504 399:pos-tag                INFO   ***** Eval results *****
2022-08-29 02:26:20.504 401:pos-tag                INFO     eval_acc = 0.6413
2022-08-29 02:26:20.504 401:pos-tag                INFO     eval_f1 = 0.299
2022-08-29 02:26:20.505 401:pos-tag                INFO     eval_mcc = 0.6114
2022-08-29 02:26:20.505 401:pos-tag                INFO     eval_precision = 0.4076
2022-08-29 02:26:20.505 401:pos-tag                INFO     eval_recall = 0.2803
2022-08-29 02:26:21.717 351:pos-tag                INFO   ***** Running evaluation *****
2022-08-29 02:26:21.717 352:pos-tag                INFO     Num examples = 400
2022-08-29 02:26:21.717 353:pos-tag                INFO     Batch size = 32
2022-08-29 02:26:26.457 399:pos-tag                INFO   ***** Eval results *****
2022-08-29 02:26:26.457 401:pos-tag                INFO     eval_acc = 0.6416
2022-08-29 02:26:26.457 401:pos-tag                INFO     eval_f1 = 0.2983
2022-08-29 02:26:26.457 401:pos-tag                INFO     eval_mcc = 0.6116
2022-08-29 02:26:26.457 401:pos-tag                INFO     eval_precision = 0.4019
2022-08-29 02:26:26.458 401:pos-tag                INFO     eval_recall = 0.2807
2022-08-29 02:26:27.670 351:pos-tag                INFO   ***** Running evaluation *****
2022-08-29 02:26:27.670 352:pos-tag                INFO     Num examples = 400
2022-08-29 02:26:27.671 353:pos-tag                INFO     Batch size = 32
2022-08-29 02:26:32.410 399:pos-tag                INFO   ***** Eval results *****
2022-08-29 02:26:32.410 401:pos-tag                INFO     eval_acc = 0.6424
2022-08-29 02:26:32.410 401:pos-tag                INFO     eval_f1 = 0.2973
2022-08-29 02:26:32.410 401:pos-tag                INFO     eval_mcc = 0.6128
2022-08-29 02:26:32.411 401:pos-tag                INFO     eval_precision = 0.4025
2022-08-29 02:26:32.411 401:pos-tag                INFO     eval_recall = 0.2802
2022-08-29 02:26:33.622 351:pos-tag                INFO   ***** Running evaluation *****
2022-08-29 02:26:33.623 352:pos-tag                INFO     Num examples = 400
2022-08-29 02:26:33.623 353:pos-tag                INFO     Batch size = 32
2022-08-29 02:26:38.363 399:pos-tag                INFO   ***** Eval results *****
2022-08-29 02:26:38.363 401:pos-tag                INFO     eval_acc = 0.6426
2022-08-29 02:26:38.364 401:pos-tag                INFO     eval_f1 = 0.2972
2022-08-29 02:26:38.364 401:pos-tag                INFO     eval_mcc = 0.6135
2022-08-29 02:26:38.364 401:pos-tag                INFO     eval_precision = 0.4036
2022-08-29 02:26:38.364 401:pos-tag                INFO     eval_recall = 0.2803
2022-08-29 02:26:38.364 315:pos-tag                INFO     ********************
2022-08-29 02:26:38.364 316:pos-tag                INFO     Best MCC:0.6135
2022-08-29 02:26:38.364 317:pos-tag                INFO     ********************
2022-08-29 02:26:39.243 332:pos-tag                INFO   Saving model checkpoint to ./pos_res_poj/random/saved_codebertmodels/4/layer_9/checkpoint-best-mcc/model.bin
2022-08-29 02:26:40.463 351:pos-tag                INFO   ***** Running evaluation *****
2022-08-29 02:26:40.463 352:pos-tag                INFO     Num examples = 400
2022-08-29 02:26:40.463 353:pos-tag                INFO     Batch size = 32
2022-08-29 02:26:45.208 399:pos-tag                INFO   ***** Eval results *****
2022-08-29 02:26:45.208 401:pos-tag                INFO     eval_acc = 0.6438
2022-08-29 02:26:45.208 401:pos-tag                INFO     eval_f1 = 0.2988
2022-08-29 02:26:45.208 401:pos-tag                INFO     eval_mcc = 0.6148
2022-08-29 02:26:45.208 401:pos-tag                INFO     eval_precision = 0.3995
2022-08-29 02:26:45.208 401:pos-tag                INFO     eval_recall = 0.2805
2022-08-29 02:26:45.208 315:pos-tag                INFO     ********************
2022-08-29 02:26:45.208 316:pos-tag                INFO     Best MCC:0.6148
2022-08-29 02:26:45.208 317:pos-tag                INFO     ********************
2022-08-29 02:26:46.329 332:pos-tag                INFO   Saving model checkpoint to ./pos_res_poj/random/saved_codebertmodels/4/layer_9/checkpoint-best-mcc/model.bin
2022-08-29 02:26:47.546 351:pos-tag                INFO   ***** Running evaluation *****
2022-08-29 02:26:47.546 352:pos-tag                INFO     Num examples = 400
2022-08-29 02:26:47.546 353:pos-tag                INFO     Batch size = 32
2022-08-29 02:26:52.286 399:pos-tag                INFO   ***** Eval results *****
2022-08-29 02:26:52.286 401:pos-tag                INFO     eval_acc = 0.6445
2022-08-29 02:26:52.286 401:pos-tag                INFO     eval_f1 = 0.2995
2022-08-29 02:26:52.286 401:pos-tag                INFO     eval_mcc = 0.6154
2022-08-29 02:26:52.286 401:pos-tag                INFO     eval_precision = 0.412
2022-08-29 02:26:52.286 401:pos-tag                INFO     eval_recall = 0.2808
2022-08-29 02:26:52.286 293:pos-tag                INFO     ********************
2022-08-29 02:26:52.286 294:pos-tag                INFO     Best f1:0.2995
2022-08-29 02:26:52.287 295:pos-tag                INFO     ********************
2022-08-29 02:26:53.448 310:pos-tag                INFO   Saving model checkpoint to ./pos_res_poj/random/saved_codebertmodels/4/layer_9/checkpoint-best-f1/model.bin
2022-08-29 02:26:53.448 315:pos-tag                INFO     ********************
2022-08-29 02:26:53.448 316:pos-tag                INFO     Best MCC:0.6154
2022-08-29 02:26:53.449 317:pos-tag                INFO     ********************
2022-08-29 02:26:54.281 332:pos-tag                INFO   Saving model checkpoint to ./pos_res_poj/random/saved_codebertmodels/4/layer_9/checkpoint-best-mcc/model.bin
2022-08-29 02:26:55.516 351:pos-tag                INFO   ***** Running evaluation *****
2022-08-29 02:26:55.516 352:pos-tag                INFO     Num examples = 400
2022-08-29 02:26:55.516 353:pos-tag                INFO     Batch size = 32
2022-08-29 02:27:00.260 399:pos-tag                INFO   ***** Eval results *****
2022-08-29 02:27:00.260 401:pos-tag                INFO     eval_acc = 0.6444
2022-08-29 02:27:00.260 401:pos-tag                INFO     eval_f1 = 0.2997
2022-08-29 02:27:00.260 401:pos-tag                INFO     eval_mcc = 0.6148
2022-08-29 02:27:00.261 401:pos-tag                INFO     eval_precision = 0.3953
2022-08-29 02:27:00.261 401:pos-tag                INFO     eval_recall = 0.2817
2022-08-29 02:27:00.261 293:pos-tag                INFO     ********************
2022-08-29 02:27:00.261 294:pos-tag                INFO     Best f1:0.2997
2022-08-29 02:27:00.261 295:pos-tag                INFO     ********************
2022-08-29 02:27:01.451 310:pos-tag                INFO   Saving model checkpoint to ./pos_res_poj/random/saved_codebertmodels/4/layer_9/checkpoint-best-f1/model.bin
2022-08-29 02:27:02.683 351:pos-tag                INFO   ***** Running evaluation *****
2022-08-29 02:27:02.683 352:pos-tag                INFO     Num examples = 400
2022-08-29 02:27:02.683 353:pos-tag                INFO     Batch size = 32
2022-08-29 02:27:07.424 399:pos-tag                INFO   ***** Eval results *****
2022-08-29 02:27:07.425 401:pos-tag                INFO     eval_acc = 0.6448
2022-08-29 02:27:07.425 401:pos-tag                INFO     eval_f1 = 0.2985
2022-08-29 02:27:07.425 401:pos-tag                INFO     eval_mcc = 0.6153
2022-08-29 02:27:07.425 401:pos-tag                INFO     eval_precision = 0.3897
2022-08-29 02:27:07.425 401:pos-tag                INFO     eval_recall = 0.2817
2022-08-29 02:27:08.638 351:pos-tag                INFO   ***** Running evaluation *****
2022-08-29 02:27:08.638 352:pos-tag                INFO     Num examples = 400
2022-08-29 02:27:08.638 353:pos-tag                INFO     Batch size = 32
2022-08-29 02:27:13.383 399:pos-tag                INFO   ***** Eval results *****
2022-08-29 02:27:13.383 401:pos-tag                INFO     eval_acc = 0.645
2022-08-29 02:27:13.384 401:pos-tag                INFO     eval_f1 = 0.2987
2022-08-29 02:27:13.384 401:pos-tag                INFO     eval_mcc = 0.6156
2022-08-29 02:27:13.384 401:pos-tag                INFO     eval_precision = 0.3927
2022-08-29 02:27:13.384 401:pos-tag                INFO     eval_recall = 0.2823
2022-08-29 02:27:13.384 315:pos-tag                INFO     ********************
2022-08-29 02:27:13.384 316:pos-tag                INFO     Best MCC:0.6156
2022-08-29 02:27:13.384 317:pos-tag                INFO     ********************
2022-08-29 02:27:14.287 332:pos-tag                INFO   Saving model checkpoint to ./pos_res_poj/random/saved_codebertmodels/4/layer_9/checkpoint-best-mcc/model.bin
2022-08-29 02:27:15.505 351:pos-tag                INFO   ***** Running evaluation *****
2022-08-29 02:27:15.506 352:pos-tag                INFO     Num examples = 400
2022-08-29 02:27:15.506 353:pos-tag                INFO     Batch size = 32
2022-08-29 02:27:20.247 399:pos-tag                INFO   ***** Eval results *****
2022-08-29 02:27:20.247 401:pos-tag                INFO     eval_acc = 0.6448
2022-08-29 02:27:20.247 401:pos-tag                INFO     eval_f1 = 0.299
2022-08-29 02:27:20.247 401:pos-tag                INFO     eval_mcc = 0.6156
2022-08-29 02:27:20.247 401:pos-tag                INFO     eval_precision = 0.3948
2022-08-29 02:27:20.248 401:pos-tag                INFO     eval_recall = 0.2822
2022-08-29 02:27:21.262 351:pos-tag                INFO   ***** Running evaluation *****
2022-08-29 02:27:21.262 352:pos-tag                INFO     Num examples = 400
2022-08-29 02:27:21.262 353:pos-tag                INFO     Batch size = 32
2022-08-29 02:27:26.005 399:pos-tag                INFO   ***** Eval results *****
2022-08-29 02:27:26.005 401:pos-tag                INFO     eval_acc = 0.6446
2022-08-29 02:27:26.006 401:pos-tag                INFO     eval_f1 = 0.2987
2022-08-29 02:27:26.006 401:pos-tag                INFO     eval_mcc = 0.6155
2022-08-29 02:27:26.006 401:pos-tag                INFO     eval_precision = 0.3926
2022-08-29 02:27:26.006 401:pos-tag                INFO     eval_recall = 0.2821
2022-08-29 02:27:27.220 351:pos-tag                INFO   ***** Running evaluation *****
2022-08-29 02:27:27.221 352:pos-tag                INFO     Num examples = 400
2022-08-29 02:27:27.221 353:pos-tag                INFO     Batch size = 32
2022-08-29 02:27:31.963 399:pos-tag                INFO   ***** Eval results *****
2022-08-29 02:27:31.963 401:pos-tag                INFO     eval_acc = 0.6449
2022-08-29 02:27:31.963 401:pos-tag                INFO     eval_f1 = 0.3004
2022-08-29 02:27:31.963 401:pos-tag                INFO     eval_mcc = 0.6158
2022-08-29 02:27:31.963 401:pos-tag                INFO     eval_precision = 0.4044
2022-08-29 02:27:31.963 401:pos-tag                INFO     eval_recall = 0.2832
2022-08-29 02:27:31.964 293:pos-tag                INFO     ********************
2022-08-29 02:27:31.964 294:pos-tag                INFO     Best f1:0.3004
2022-08-29 02:27:31.964 295:pos-tag                INFO     ********************
2022-08-29 02:27:32.842 310:pos-tag                INFO   Saving model checkpoint to ./pos_res_poj/random/saved_codebertmodels/4/layer_9/checkpoint-best-f1/model.bin
2022-08-29 02:27:32.843 315:pos-tag                INFO     ********************
2022-08-29 02:27:32.843 316:pos-tag                INFO     Best MCC:0.6158
2022-08-29 02:27:32.844 317:pos-tag                INFO     ********************
2022-08-29 02:27:33.658 332:pos-tag                INFO   Saving model checkpoint to ./pos_res_poj/random/saved_codebertmodels/4/layer_9/checkpoint-best-mcc/model.bin
2022-08-29 02:27:34.884 351:pos-tag                INFO   ***** Running evaluation *****
2022-08-29 02:27:34.884 352:pos-tag                INFO     Num examples = 400
2022-08-29 02:27:34.884 353:pos-tag                INFO     Batch size = 32
2022-08-29 02:27:39.628 399:pos-tag                INFO   ***** Eval results *****
2022-08-29 02:27:39.628 401:pos-tag                INFO     eval_acc = 0.6455
2022-08-29 02:27:39.628 401:pos-tag                INFO     eval_f1 = 0.3028
2022-08-29 02:27:39.629 401:pos-tag                INFO     eval_mcc = 0.6161
2022-08-29 02:27:39.629 401:pos-tag                INFO     eval_precision = 0.4035
2022-08-29 02:27:39.629 401:pos-tag                INFO     eval_recall = 0.2846
2022-08-29 02:27:39.629 293:pos-tag                INFO     ********************
2022-08-29 02:27:39.629 294:pos-tag                INFO     Best f1:0.3028
2022-08-29 02:27:39.629 295:pos-tag                INFO     ********************
2022-08-29 02:27:40.516 310:pos-tag                INFO   Saving model checkpoint to ./pos_res_poj/random/saved_codebertmodels/4/layer_9/checkpoint-best-f1/model.bin
2022-08-29 02:27:40.516 315:pos-tag                INFO     ********************
2022-08-29 02:27:40.516 316:pos-tag                INFO     Best MCC:0.6161
2022-08-29 02:27:40.517 317:pos-tag                INFO     ********************
2022-08-29 02:27:41.405 332:pos-tag                INFO   Saving model checkpoint to ./pos_res_poj/random/saved_codebertmodels/4/layer_9/checkpoint-best-mcc/model.bin
2022-08-29 02:27:42.644 351:pos-tag                INFO   ***** Running evaluation *****
2022-08-29 02:27:42.644 352:pos-tag                INFO     Num examples = 400
2022-08-29 02:27:42.644 353:pos-tag                INFO     Batch size = 32
2022-08-29 02:27:47.387 399:pos-tag                INFO   ***** Eval results *****
2022-08-29 02:27:47.387 401:pos-tag                INFO     eval_acc = 0.6455
2022-08-29 02:27:47.387 401:pos-tag                INFO     eval_f1 = 0.3033
2022-08-29 02:27:47.387 401:pos-tag                INFO     eval_mcc = 0.6159
2022-08-29 02:27:47.387 401:pos-tag                INFO     eval_precision = 0.4078
2022-08-29 02:27:47.388 401:pos-tag                INFO     eval_recall = 0.2846
2022-08-29 02:27:47.388 293:pos-tag                INFO     ********************
2022-08-29 02:27:47.388 294:pos-tag                INFO     Best f1:0.3033
2022-08-29 02:27:47.388 295:pos-tag                INFO     ********************
2022-08-29 02:27:48.249 310:pos-tag                INFO   Saving model checkpoint to ./pos_res_poj/random/saved_codebertmodels/4/layer_9/checkpoint-best-f1/model.bin
2022-08-29 02:27:49.470 351:pos-tag                INFO   ***** Running evaluation *****
2022-08-29 02:27:49.470 352:pos-tag                INFO     Num examples = 400
2022-08-29 02:27:49.470 353:pos-tag                INFO     Batch size = 32
2022-08-29 02:27:54.212 399:pos-tag                INFO   ***** Eval results *****
2022-08-29 02:27:54.212 401:pos-tag                INFO     eval_acc = 0.6455
2022-08-29 02:27:54.213 401:pos-tag                INFO     eval_f1 = 0.3034
2022-08-29 02:27:54.213 401:pos-tag                INFO     eval_mcc = 0.616
2022-08-29 02:27:54.213 401:pos-tag                INFO     eval_precision = 0.4145
2022-08-29 02:27:54.213 401:pos-tag                INFO     eval_recall = 0.2843
2022-08-29 02:27:54.213 293:pos-tag                INFO     ********************
2022-08-29 02:27:54.213 294:pos-tag                INFO     Best f1:0.3034
2022-08-29 02:27:54.213 295:pos-tag                INFO     ********************
2022-08-29 02:27:55.094 310:pos-tag                INFO   Saving model checkpoint to ./pos_res_poj/random/saved_codebertmodels/4/layer_9/checkpoint-best-f1/model.bin
2022-08-29 02:27:56.315 351:pos-tag                INFO   ***** Running evaluation *****
2022-08-29 02:27:56.315 352:pos-tag                INFO     Num examples = 400
2022-08-29 02:27:56.315 353:pos-tag                INFO     Batch size = 32
2022-08-29 02:28:01.061 399:pos-tag                INFO   ***** Eval results *****
2022-08-29 02:28:01.061 401:pos-tag                INFO     eval_acc = 0.6459
2022-08-29 02:28:01.061 401:pos-tag                INFO     eval_f1 = 0.3036
2022-08-29 02:28:01.061 401:pos-tag                INFO     eval_mcc = 0.6164
2022-08-29 02:28:01.062 401:pos-tag                INFO     eval_precision = 0.4099
2022-08-29 02:28:01.062 401:pos-tag                INFO     eval_recall = 0.2845
2022-08-29 02:28:01.062 293:pos-tag                INFO     ********************
2022-08-29 02:28:01.062 294:pos-tag                INFO     Best f1:0.3036
2022-08-29 02:28:01.062 295:pos-tag                INFO     ********************
2022-08-29 02:28:02.071 310:pos-tag                INFO   Saving model checkpoint to ./pos_res_poj/random/saved_codebertmodels/4/layer_9/checkpoint-best-f1/model.bin
2022-08-29 02:28:02.072 315:pos-tag                INFO     ********************
2022-08-29 02:28:02.072 316:pos-tag                INFO     Best MCC:0.6164
2022-08-29 02:28:02.072 317:pos-tag                INFO     ********************
2022-08-29 02:28:03.177 332:pos-tag                INFO   Saving model checkpoint to ./pos_res_poj/random/saved_codebertmodels/4/layer_9/checkpoint-best-mcc/model.bin
2022-08-29 02:28:04.405 351:pos-tag                INFO   ***** Running evaluation *****
2022-08-29 02:28:04.405 352:pos-tag                INFO     Num examples = 400
2022-08-29 02:28:04.405 353:pos-tag                INFO     Batch size = 32
2022-08-29 02:28:09.147 399:pos-tag                INFO   ***** Eval results *****
2022-08-29 02:28:09.148 401:pos-tag                INFO     eval_acc = 0.6464
2022-08-29 02:28:09.148 401:pos-tag                INFO     eval_f1 = 0.3036
2022-08-29 02:28:09.148 401:pos-tag                INFO     eval_mcc = 0.6169
2022-08-29 02:28:09.148 401:pos-tag                INFO     eval_precision = 0.4047
2022-08-29 02:28:09.148 401:pos-tag                INFO     eval_recall = 0.2847
2022-08-29 02:28:09.148 293:pos-tag                INFO     ********************
2022-08-29 02:28:09.148 294:pos-tag                INFO     Best f1:0.3036
2022-08-29 02:28:09.148 295:pos-tag                INFO     ********************
2022-08-29 02:28:10.327 310:pos-tag                INFO   Saving model checkpoint to ./pos_res_poj/random/saved_codebertmodels/4/layer_9/checkpoint-best-f1/model.bin
2022-08-29 02:28:10.327 315:pos-tag                INFO     ********************
2022-08-29 02:28:10.327 316:pos-tag                INFO     Best MCC:0.6169
2022-08-29 02:28:10.327 317:pos-tag                INFO     ********************
2022-08-29 02:28:11.430 332:pos-tag                INFO   Saving model checkpoint to ./pos_res_poj/random/saved_codebertmodels/4/layer_9/checkpoint-best-mcc/model.bin
2022-08-29 02:28:12.661 351:pos-tag                INFO   ***** Running evaluation *****
2022-08-29 02:28:12.661 352:pos-tag                INFO     Num examples = 400
2022-08-29 02:28:12.661 353:pos-tag                INFO     Batch size = 32
2022-08-29 02:28:17.399 399:pos-tag                INFO   ***** Eval results *****
2022-08-29 02:28:17.399 401:pos-tag                INFO     eval_acc = 0.6468
2022-08-29 02:28:17.400 401:pos-tag                INFO     eval_f1 = 0.3039
2022-08-29 02:28:17.400 401:pos-tag                INFO     eval_mcc = 0.6175
2022-08-29 02:28:17.400 401:pos-tag                INFO     eval_precision = 0.4024
2022-08-29 02:28:17.400 401:pos-tag                INFO     eval_recall = 0.2853
2022-08-29 02:28:17.400 293:pos-tag                INFO     ********************
2022-08-29 02:28:17.400 294:pos-tag                INFO     Best f1:0.3039
2022-08-29 02:28:17.400 295:pos-tag                INFO     ********************
2022-08-29 02:28:18.284 310:pos-tag                INFO   Saving model checkpoint to ./pos_res_poj/random/saved_codebertmodels/4/layer_9/checkpoint-best-f1/model.bin
2022-08-29 02:28:18.285 315:pos-tag                INFO     ********************
2022-08-29 02:28:18.285 316:pos-tag                INFO     Best MCC:0.6175
2022-08-29 02:28:18.285 317:pos-tag                INFO     ********************
2022-08-29 02:28:19.171 332:pos-tag                INFO   Saving model checkpoint to ./pos_res_poj/random/saved_codebertmodels/4/layer_9/checkpoint-best-mcc/model.bin
2022-08-29 02:28:20.400 351:pos-tag                INFO   ***** Running evaluation *****
2022-08-29 02:28:20.400 352:pos-tag                INFO     Num examples = 400
2022-08-29 02:28:20.400 353:pos-tag                INFO     Batch size = 32
2022-08-29 02:28:25.141 399:pos-tag                INFO   ***** Eval results *****
2022-08-29 02:28:25.141 401:pos-tag                INFO     eval_acc = 0.6471
2022-08-29 02:28:25.141 401:pos-tag                INFO     eval_f1 = 0.3044
2022-08-29 02:28:25.141 401:pos-tag                INFO     eval_mcc = 0.618
2022-08-29 02:28:25.141 401:pos-tag                INFO     eval_precision = 0.3918
2022-08-29 02:28:25.141 401:pos-tag                INFO     eval_recall = 0.2859
2022-08-29 02:28:25.141 293:pos-tag                INFO     ********************
2022-08-29 02:28:25.141 294:pos-tag                INFO     Best f1:0.3044
2022-08-29 02:28:25.141 295:pos-tag                INFO     ********************
2022-08-29 02:28:26.306 310:pos-tag                INFO   Saving model checkpoint to ./pos_res_poj/random/saved_codebertmodels/4/layer_9/checkpoint-best-f1/model.bin
2022-08-29 02:28:26.307 315:pos-tag                INFO     ********************
2022-08-29 02:28:26.307 316:pos-tag                INFO     Best MCC:0.618
2022-08-29 02:28:26.307 317:pos-tag                INFO     ********************
2022-08-29 02:28:27.434 332:pos-tag                INFO   Saving model checkpoint to ./pos_res_poj/random/saved_codebertmodels/4/layer_9/checkpoint-best-mcc/model.bin
2022-08-29 02:28:28.661 351:pos-tag                INFO   ***** Running evaluation *****
2022-08-29 02:28:28.662 352:pos-tag                INFO     Num examples = 400
2022-08-29 02:28:28.662 353:pos-tag                INFO     Batch size = 32
2022-08-29 02:28:33.401 399:pos-tag                INFO   ***** Eval results *****
2022-08-29 02:28:33.401 401:pos-tag                INFO     eval_acc = 0.6472
2022-08-29 02:28:33.402 401:pos-tag                INFO     eval_f1 = 0.3047
2022-08-29 02:28:33.402 401:pos-tag                INFO     eval_mcc = 0.6182
2022-08-29 02:28:33.402 401:pos-tag                INFO     eval_precision = 0.4031
2022-08-29 02:28:33.402 401:pos-tag                INFO     eval_recall = 0.2863
2022-08-29 02:28:33.402 293:pos-tag                INFO     ********************
2022-08-29 02:28:33.402 294:pos-tag                INFO     Best f1:0.3047
2022-08-29 02:28:33.402 295:pos-tag                INFO     ********************
2022-08-29 02:28:34.563 310:pos-tag                INFO   Saving model checkpoint to ./pos_res_poj/random/saved_codebertmodels/4/layer_9/checkpoint-best-f1/model.bin
2022-08-29 02:28:34.563 315:pos-tag                INFO     ********************
2022-08-29 02:28:34.564 316:pos-tag                INFO     Best MCC:0.6182
2022-08-29 02:28:34.564 317:pos-tag                INFO     ********************
2022-08-29 02:28:35.402 332:pos-tag                INFO   Saving model checkpoint to ./pos_res_poj/random/saved_codebertmodels/4/layer_9/checkpoint-best-mcc/model.bin
2022-08-29 02:28:36.640 351:pos-tag                INFO   ***** Running evaluation *****
2022-08-29 02:28:36.640 352:pos-tag                INFO     Num examples = 400
2022-08-29 02:28:36.640 353:pos-tag                INFO     Batch size = 32
2022-08-29 02:28:41.380 399:pos-tag                INFO   ***** Eval results *****
2022-08-29 02:28:41.380 401:pos-tag                INFO     eval_acc = 0.6472
2022-08-29 02:28:41.380 401:pos-tag                INFO     eval_f1 = 0.3045
2022-08-29 02:28:41.380 401:pos-tag                INFO     eval_mcc = 0.6183
2022-08-29 02:28:41.381 401:pos-tag                INFO     eval_precision = 0.4032
2022-08-29 02:28:41.381 401:pos-tag                INFO     eval_recall = 0.2862
2022-08-29 02:28:41.381 315:pos-tag                INFO     ********************
2022-08-29 02:28:41.381 316:pos-tag                INFO     Best MCC:0.6183
2022-08-29 02:28:41.381 317:pos-tag                INFO     ********************
2022-08-29 02:28:42.655 332:pos-tag                INFO   Saving model checkpoint to ./pos_res_poj/random/saved_codebertmodels/4/layer_9/checkpoint-best-mcc/model.bin
2022-08-29 02:28:43.874 351:pos-tag                INFO   ***** Running evaluation *****
2022-08-29 02:28:43.874 352:pos-tag                INFO     Num examples = 400
2022-08-29 02:28:43.874 353:pos-tag                INFO     Batch size = 32
2022-08-29 02:28:48.612 399:pos-tag                INFO   ***** Eval results *****
2022-08-29 02:28:48.612 401:pos-tag                INFO     eval_acc = 0.6473
2022-08-29 02:28:48.612 401:pos-tag                INFO     eval_f1 = 0.3046
2022-08-29 02:28:48.612 401:pos-tag                INFO     eval_mcc = 0.6185
2022-08-29 02:28:48.612 401:pos-tag                INFO     eval_precision = 0.4033
2022-08-29 02:28:48.612 401:pos-tag                INFO     eval_recall = 0.2863
2022-08-29 02:28:48.612 315:pos-tag                INFO     ********************
2022-08-29 02:28:48.612 316:pos-tag                INFO     Best MCC:0.6185
2022-08-29 02:28:48.612 317:pos-tag                INFO     ********************
2022-08-29 02:28:49.726 332:pos-tag                INFO   Saving model checkpoint to ./pos_res_poj/random/saved_codebertmodels/4/layer_9/checkpoint-best-mcc/model.bin
2022-08-29 02:28:50.944 351:pos-tag                INFO   ***** Running evaluation *****
2022-08-29 02:28:50.944 352:pos-tag                INFO     Num examples = 400
2022-08-29 02:28:50.944 353:pos-tag                INFO     Batch size = 32
2022-08-29 02:28:55.685 399:pos-tag                INFO   ***** Eval results *****
2022-08-29 02:28:55.685 401:pos-tag                INFO     eval_acc = 0.6472
2022-08-29 02:28:55.685 401:pos-tag                INFO     eval_f1 = 0.3046
2022-08-29 02:28:55.685 401:pos-tag                INFO     eval_mcc = 0.6184
2022-08-29 02:28:55.685 401:pos-tag                INFO     eval_precision = 0.4033
2022-08-29 02:28:55.685 401:pos-tag                INFO     eval_recall = 0.2863
2022-08-29 02:28:56.175 351:pos-tag                INFO   ***** Running evaluation *****
2022-08-29 02:28:56.175 352:pos-tag                INFO     Num examples = 400
2022-08-29 02:28:56.175 353:pos-tag                INFO     Batch size = 32
2022-08-29 02:29:00.921 399:pos-tag                INFO   ***** Eval results *****
2022-08-29 02:29:00.921 401:pos-tag                INFO     eval_acc = 0.6472
2022-08-29 02:29:00.921 401:pos-tag                INFO     eval_f1 = 0.3047
2022-08-29 02:29:00.921 401:pos-tag                INFO     eval_mcc = 0.6182
2022-08-29 02:29:00.921 401:pos-tag                INFO     eval_precision = 0.4031
2022-08-29 02:29:00.921 401:pos-tag                INFO     eval_recall = 0.2863
2022-08-29 02:29:01.192 422:pos-tag                INFO   ***** Running Test *****
2022-08-29 02:29:01.192 423:pos-tag                INFO     Num examples = 400
2022-08-29 02:29:01.192 424:pos-tag                INFO     Batch size = 32
2022-08-29 02:29:05.942 471:pos-tag                INFO   ***** Test results *****
2022-08-29 02:29:05.942 473:pos-tag                INFO     eval_acc = 0.6566
2022-08-29 02:29:05.942 473:pos-tag                INFO     eval_f1 = 0.3163
2022-08-29 02:29:05.942 473:pos-tag                INFO     eval_mcc = 0.6268
2022-08-29 02:29:05.942 473:pos-tag                INFO     eval_precision = 0.4129
2022-08-29 02:29:05.942 473:pos-tag                INFO     eval_recall = 0.297
