2023-06-06 06:10:29.361 936:link-prediction        DEBUG  main message
2023-06-06 06:10:29.361 942:link-prediction        WARNING device: cuda, n_gpu: 1
2023-06-06 06:10:30.037 957:link-prediction        INFO   Load Dataset
2023-06-06 06:10:57.702 249:link-prediction        INFO   Load Span file and Graph data, data path: ../datasets/poj-104/graphs/exp1/unixcoder/unixcoder_train_ast_cleaned.pt
2023-06-06 06:11:01.098 301:link-prediction        INFO   Labels Counter({0: 61512, 1: 61383})
2023-06-06 06:11:09.341 249:link-prediction        INFO   Load Span file and Graph data, data path: ../datasets/poj-104/graphs/exp1/unixcoder/unixcoder_valid_ast_cleaned.pt
2023-06-06 06:11:10.776 301:link-prediction        INFO   Labels Counter({0: 21170, 1: 21146})
2023-06-06 06:11:19.062 249:link-prediction        INFO   Load Span file and Graph data, data path: ../datasets/poj-104/graphs/exp1/unixcoder/unixcoder_test_ast_cleaned.pt
2023-06-06 06:11:22.605 301:link-prediction        INFO   Labels Counter({0: 21806, 1: 21781})
2023-06-06 06:11:22.608 306:link-prediction        INFO   *** Example ***
2023-06-06 06:11:22.609 307:link-prediction        INFO   idx: 49482
2023-06-06 06:11:22.609 308:link-prediction        INFO   label: 1
2023-06-06 06:11:22.609 309:link-prediction        INFO   input_tokens_1: ['printf', '("', '19', '-', '35', ':', '_%.', '2', 'lf', '",', '_(', 'b', '_*', '_1', '.', '00', ')', '_*', '_100', '_/', '_n', ')']
2023-06-06 06:11:22.609 317:link-prediction        INFO   input_ids_1: 141 163
2023-06-06 06:11:22.609 324:link-prediction        INFO   span_arry_1: [141, 141] [151, 162], mask 1 1
2023-06-06 06:11:22.610 334:link-prediction        INFO   input_tokens_reverse_1: n "); Ġprintf (" 19 - 35 : Ġ%. 2 lf ", Ġ( b Ġ* Ġ1 . 00 ) Ġ* Ġ100 Ġ/
2023-06-06 06:11:22.610 344:link-prediction        INFO   input_tokens_2: ['"', '19', '-', '35', ':', '_%.', '2', 'lf', '"']
2023-06-06 06:11:22.610 352:link-prediction        INFO   input_ids_2: 142 151
2023-06-06 06:11:22.610 359:link-prediction        INFO   span_arry_2: [142, 150] [142, 150], mask 1 0
2023-06-06 06:11:22.610 369:link-prediction        INFO   input_tokens_reverse_2: "); Ġprintf (" 19 - 35 : Ġ%. 2
2023-06-06 06:11:22.610 306:link-prediction        INFO   *** Example ***
2023-06-06 06:11:22.610 307:link-prediction        INFO   idx: 50064
2023-06-06 06:11:22.610 308:link-prediction        INFO   label: 1
2023-06-06 06:11:22.610 309:link-prediction        INFO   input_tokens_1: ['a', '_+', '_(', 'b', '_>', '_a', ')', '_+', '_(', 'c', '_==', '_a', ')', '_==', '_2', '_&&', '_b', '_+', '_(', 'a', '_>', '_b', ')', '_+', '_(', 'a', '_>', '_c', ')', '_==', '_2', '_&&', '_c', '_+', '_(', 'c', '_>', '_b', ')', '_+', '_(', 'b', '_>', '_a', ')', '_==', '_2']
2023-06-06 06:11:22.610 317:link-prediction        INFO   input_ids_1: 79 126
2023-06-06 06:11:22.611 324:link-prediction        INFO   span_arry_1: [110, 125] [110, 125], mask 1 0
2023-06-06 06:11:22.611 334:link-prediction        INFO   input_tokens_reverse_1: Ġif Ġ( a Ġ+ Ġ( b Ġ> Ġa ) Ġ+ Ġ( c Ġ== Ġa ) Ġ== Ġ2 Ġ&& Ġb Ġ+ Ġ( a Ġ> Ġb ) Ġ+ Ġ( a Ġ> Ġc ) Ġ== Ġ2 Ġ&& Ġc Ġ+ Ġ( c Ġ> Ġb ) Ġ+ Ġ( b Ġ> Ġa )
2023-06-06 06:11:22.611 344:link-prediction        INFO   input_tokens_2: ['a', '_+', '_(', 'b', '_>', '_a', ')', '_+', '_(', 'c', '_==', '_a', ')', '_==', '_2', '_&&', '_b', '_+', '_(', 'a', '_>', '_b', ')', '_+', '_(', 'a', '_>', '_c', ')', '_==', '_2']
2023-06-06 06:11:22.611 352:link-prediction        INFO   input_ids_2: 79 110
2023-06-06 06:11:22.611 359:link-prediction        INFO   span_arry_2: [79, 109] [79, 109], mask 1 0
2023-06-06 06:11:22.611 369:link-prediction        INFO   input_tokens_reverse_2: Ġif Ġ( a Ġ+ Ġ( b Ġ> Ġa ) Ġ+ Ġ( c Ġ== Ġa ) Ġ== Ġ2 Ġ&& Ġb Ġ+ Ġ( a Ġ> Ġb ) Ġ+ Ġ( a Ġ> Ġc )
2023-06-06 06:11:22.611 306:link-prediction        INFO   *** Example ***
2023-06-06 06:11:22.611 307:link-prediction        INFO   idx: 47100
2023-06-06 06:11:22.611 308:link-prediction        INFO   label: 1
2023-06-06 06:11:22.611 309:link-prediction        INFO   input_tokens_1: ['printf', '("<', '")']
2023-06-06 06:11:22.612 317:link-prediction        INFO   input_ids_1: 246 249
2023-06-06 06:11:22.612 324:link-prediction        INFO   span_arry_1: [246, 246] [246, 246], mask 1 0
2023-06-06 06:11:22.612 334:link-prediction        INFO   input_tokens_reverse_1: ]) Ġ{ Ġprintf
2023-06-06 06:11:22.612 344:link-prediction        INFO   input_tokens_2: ['"<', '"']
2023-06-06 06:11:22.612 352:link-prediction        INFO   input_ids_2: 247 249
2023-06-06 06:11:22.612 359:link-prediction        INFO   span_arry_2: [247, 248] [247, 248], mask 1 0
2023-06-06 06:11:22.612 369:link-prediction        INFO   input_tokens_reverse_2: Ġ{ Ġprintf
2023-06-06 06:11:22.612 306:link-prediction        INFO   *** Example ***
2023-06-06 06:11:22.612 307:link-prediction        INFO   idx: 41100
2023-06-06 06:11:22.612 308:link-prediction        INFO   label: 1
2023-06-06 06:11:22.612 309:link-prediction        INFO   input_tokens_1: ['sz', '[', 'i', ']']
2023-06-06 06:11:22.612 317:link-prediction        INFO   input_ids_1: 148 152
2023-06-06 06:11:22.612 324:link-prediction        INFO   span_arry_1: [148, 149] [151, 151], mask 1 1
2023-06-06 06:11:22.612 334:link-prediction        INFO   input_tokens_reverse_1: ) Ġ{ Ġsz [
2023-06-06 06:11:22.613 344:link-prediction        INFO   input_tokens_2: ['i']
2023-06-06 06:11:22.613 352:link-prediction        INFO   input_ids_2: 150 151
2023-06-06 06:11:22.613 359:link-prediction        INFO   span_arry_2: [150, 150] [150, 150], mask 1 0
2023-06-06 06:11:22.613 369:link-prediction        INFO   input_tokens_reverse_2: Ġsz
2023-06-06 06:11:22.613 306:link-prediction        INFO   *** Example ***
2023-06-06 06:11:22.613 307:link-prediction        INFO   idx: 40535
2023-06-06 06:11:22.613 308:link-prediction        INFO   label: 0
2023-06-06 06:11:22.613 309:link-prediction        INFO   input_tokens_1: ['j']
2023-06-06 06:11:22.613 317:link-prediction        INFO   input_ids_1: 173 174
2023-06-06 06:11:22.613 324:link-prediction        INFO   span_arry_1: [173, 173] [173, 173], mask 1 0
2023-06-06 06:11:22.613 334:link-prediction        INFO   input_tokens_reverse_1: Ġ(
2023-06-06 06:11:22.613 344:link-prediction        INFO   input_tokens_2: ['a']
2023-06-06 06:11:22.614 352:link-prediction        INFO   input_ids_2: 8 9
2023-06-06 06:11:22.614 359:link-prediction        INFO   span_arry_2: [8, 8] [8, 8], mask 1 0
2023-06-06 06:11:22.614 369:link-prediction        INFO   input_tokens_reverse_2: Ġn
2023-06-06 06:11:22.614 306:link-prediction        INFO   *** Example ***
2023-06-06 06:11:22.614 307:link-prediction        INFO   idx: 40535
2023-06-06 06:11:22.614 308:link-prediction        INFO   label: 0
2023-06-06 06:11:22.614 309:link-prediction        INFO   input_tokens_1: ['i', '_=', '_0']
2023-06-06 06:11:22.614 317:link-prediction        INFO   input_ids_1: 40 43
2023-06-06 06:11:22.614 324:link-prediction        INFO   span_arry_1: [40, 42] [40, 42], mask 1 0
2023-06-06 06:11:22.614 334:link-prediction        INFO   input_tokens_reverse_1: Ġ( int Ġi
2023-06-06 06:11:22.614 344:link-prediction        INFO   input_tokens_2: ['n']
2023-06-06 06:11:22.614 352:link-prediction        INFO   input_ids_2: 83 84
2023-06-06 06:11:22.614 359:link-prediction        INFO   span_arry_2: [83, 83] [83, 83], mask 1 0
2023-06-06 06:11:22.614 369:link-prediction        INFO   input_tokens_reverse_2: Ġi
2023-06-06 06:11:22.615 306:link-prediction        INFO   *** Example ***
2023-06-06 06:11:22.615 307:link-prediction        INFO   idx: 41619
2023-06-06 06:11:22.615 308:link-prediction        INFO   label: 1
2023-06-06 06:11:22.615 309:link-prediction        INFO   input_tokens_1: ['if', '_(', 'n', '_>', '_1', '_&&', '_n', '_<', '_100', ')']
2023-06-06 06:11:22.615 317:link-prediction        INFO   input_ids_1: 18 28
2023-06-06 06:11:22.615 324:link-prediction        INFO   span_arry_1: [18, 19] [27, 27], mask 1 1
2023-06-06 06:11:22.615 334:link-prediction        INFO   input_tokens_reverse_1: Ġn ; Ġif Ġ( n Ġ> Ġ1 Ġ&& Ġn Ġ<
2023-06-06 06:11:22.615 344:link-prediction        INFO   input_tokens_2: ['n', '_>', '_1', '_&&', '_n', '_<', '_100']
2023-06-06 06:11:22.615 352:link-prediction        INFO   input_ids_2: 20 27
2023-06-06 06:11:22.615 359:link-prediction        INFO   span_arry_2: [20, 26] [20, 26], mask 1 0
2023-06-06 06:11:22.615 369:link-prediction        INFO   input_tokens_reverse_2: Ġif Ġ( n Ġ> Ġ1 Ġ&& Ġn
2023-06-06 06:11:22.615 306:link-prediction        INFO   *** Example ***
2023-06-06 06:11:22.616 307:link-prediction        INFO   idx: 40178
2023-06-06 06:11:22.616 308:link-prediction        INFO   label: 1
2023-06-06 06:11:22.616 309:link-prediction        INFO   input_tokens_1: ['p', '[', 'i', ']', '_=', '_&', 's', '[', 'i', '][', '0', ']']
2023-06-06 06:11:22.616 317:link-prediction        INFO   input_ids_1: 149 161
2023-06-06 06:11:22.616 324:link-prediction        INFO   span_arry_1: [153, 160] [153, 160], mask 1 0
2023-06-06 06:11:22.616 334:link-prediction        INFO   input_tokens_reverse_1: Ġi ++) Ġp [ i ] Ġ= Ġ& s [ i ][
2023-06-06 06:11:22.616 344:link-prediction        INFO   input_tokens_2: ['p', '[', 'i', ']']
2023-06-06 06:11:22.616 352:link-prediction        INFO   input_ids_2: 149 153
2023-06-06 06:11:22.616 359:link-prediction        INFO   span_arry_2: [149, 152] [149, 152], mask 1 0
2023-06-06 06:11:22.616 369:link-prediction        INFO   input_tokens_reverse_2: Ġi ++) Ġp [
2023-06-06 06:11:22.616 306:link-prediction        INFO   *** Example ***
2023-06-06 06:11:22.616 307:link-prediction        INFO   idx: 50096
2023-06-06 06:11:22.616 308:link-prediction        INFO   label: 1
2023-06-06 06:11:22.617 309:link-prediction        INFO   input_tokens_1: ['e', '[', '1', ']']
2023-06-06 06:11:22.617 317:link-prediction        INFO   input_ids_1: 477 481
2023-06-06 06:11:22.617 324:link-prediction        INFO   span_arry_1: [478, 480] [478, 480], mask 1 0
2023-06-06 06:11:22.617 334:link-prediction        INFO   input_tokens_reverse_1: ] Ġ+ Ġe [
2023-06-06 06:11:22.617 344:link-prediction        INFO   input_tokens_2: ['e']
2023-06-06 06:11:22.617 352:link-prediction        INFO   input_ids_2: 477 478
2023-06-06 06:11:22.617 359:link-prediction        INFO   span_arry_2: [477, 477] [477, 477], mask 1 0
2023-06-06 06:11:22.617 369:link-prediction        INFO   input_tokens_reverse_2: ]
2023-06-06 06:11:22.617 997:link-prediction        INFO   Finishing loading Dataset
2023-06-06 06:11:22.640 1006:link-prediction        INFO   Probimg Model Parameters 3843
2023-06-06 06:11:22.640 1007:link-prediction        INFO   Training/evaluation parameters Namespace(adam_epsilon=1e-08, class_num=2, config_name='microsoft/unixcoder-base', data_folder='../datasets/poj-104/graphs/exp1', dataset='poj-104', debug=False, device=device(type='cuda'), do_crossing='cleaned', do_eval=False, do_random=False, do_test=True, do_train=True, epochs=2, eval_batch_size=32, evaluate_during_training=False, gradient_accumulation_steps=1, graph_type='ast', layer=8, learning_rate=0.001, max_code_length=512, max_grad_norm=1.0, max_steps=-1, model_name='unixcoder', model_name_or_path='microsoft/unixcoder-base', n_gpu=1, output_dir='../link_prediction/poj/plm/saved_unixcodermodels/3/ast_8', posratio=0.5, seed=689, token_config='microsoft/unixcoder-base', train_batch_size=64, warmup_steps=0, weight_decay=0.0)
2023-06-06 06:11:23.527 472:link-prediction        INFO   ***** Running training *****
2023-06-06 06:11:23.527 473:link-prediction        INFO     Num examples = 122895
2023-06-06 06:11:23.527 474:link-prediction        INFO     Num Epochs = 2
2023-06-06 06:11:23.527 475:link-prediction        INFO     Instantaneous batch size per GPU = 64
2023-06-06 06:11:23.527 479:link-prediction        INFO     Total train batch size = 64
2023-06-06 06:11:23.527 483:link-prediction        INFO     Gradient Accumulation steps = 1
2023-06-06 06:11:23.527 486:link-prediction        INFO     Total optimization steps = 3842
2023-06-06 06:11:30.935 601:link-prediction        INFO   ***** Running evaluation *****
2023-06-06 06:11:30.935 602:link-prediction        INFO     Num examples = 42316
2023-06-06 06:11:30.936 603:link-prediction        INFO     Batch size = 32
2023-06-06 06:11:54.760 648:link-prediction        INFO   ***** Eval results *****
2023-06-06 06:11:54.760 650:link-prediction        INFO     eval_acc = 0.8256
2023-06-06 06:11:54.760 650:link-prediction        INFO     eval_f1 = 0.8411
2023-06-06 06:11:54.760 650:link-prediction        INFO     eval_mcc = 0.6641
2023-06-06 06:11:54.760 650:link-prediction        INFO     eval_precision = 0.7721
2023-06-06 06:11:54.760 650:link-prediction        INFO     eval_recall = 0.9236
2023-06-06 06:11:54.760 650:link-prediction        INFO     eval_threshold = 0.5
2023-06-06 06:11:54.760 543:link-prediction        INFO     ********************
2023-06-06 06:11:54.760 544:link-prediction        INFO     Best f1:0.8411
2023-06-06 06:11:54.761 545:link-prediction        INFO     ********************
2023-06-06 06:11:54.762 560:link-prediction        INFO   Saving model checkpoint to ../link_prediction/poj/plm/saved_unixcodermodels/3/ast_8/checkpoint-best-f1/model.bin
2023-06-06 06:11:54.762 565:link-prediction        INFO     ********************
2023-06-06 06:11:54.762 566:link-prediction        INFO     Best MCC:0.6641
2023-06-06 06:11:54.762 567:link-prediction        INFO     ********************
2023-06-06 06:11:54.763 582:link-prediction        INFO   Saving model checkpoint to ../link_prediction/poj/plm/saved_unixcodermodels/3/ast_8/checkpoint-best-mcc/model.bin
2023-06-06 06:12:02.032 601:link-prediction        INFO   ***** Running evaluation *****
2023-06-06 06:12:02.032 602:link-prediction        INFO     Num examples = 42316
2023-06-06 06:12:02.032 603:link-prediction        INFO     Batch size = 32
2023-06-06 06:12:25.765 648:link-prediction        INFO   ***** Eval results *****
2023-06-06 06:12:25.766 650:link-prediction        INFO     eval_acc = 0.8817
2023-06-06 06:12:25.766 650:link-prediction        INFO     eval_f1 = 0.8851
2023-06-06 06:12:25.766 650:link-prediction        INFO     eval_mcc = 0.7647
2023-06-06 06:12:25.766 650:link-prediction        INFO     eval_precision = 0.86
2023-06-06 06:12:25.766 650:link-prediction        INFO     eval_recall = 0.9116
2023-06-06 06:12:25.766 650:link-prediction        INFO     eval_threshold = 0.5
2023-06-06 06:12:25.766 543:link-prediction        INFO     ********************
2023-06-06 06:12:25.766 544:link-prediction        INFO     Best f1:0.8851
2023-06-06 06:12:25.766 545:link-prediction        INFO     ********************
2023-06-06 06:12:25.767 560:link-prediction        INFO   Saving model checkpoint to ../link_prediction/poj/plm/saved_unixcodermodels/3/ast_8/checkpoint-best-f1/model.bin
2023-06-06 06:12:25.767 565:link-prediction        INFO     ********************
2023-06-06 06:12:25.767 566:link-prediction        INFO     Best MCC:0.7647
2023-06-06 06:12:25.767 567:link-prediction        INFO     ********************
2023-06-06 06:12:25.768 582:link-prediction        INFO   Saving model checkpoint to ../link_prediction/poj/plm/saved_unixcodermodels/3/ast_8/checkpoint-best-mcc/model.bin
2023-06-06 06:12:32.976 601:link-prediction        INFO   ***** Running evaluation *****
2023-06-06 06:12:32.976 602:link-prediction        INFO     Num examples = 42316
2023-06-06 06:12:32.977 603:link-prediction        INFO     Batch size = 32
2023-06-06 06:12:56.846 648:link-prediction        INFO   ***** Eval results *****
2023-06-06 06:12:56.847 650:link-prediction        INFO     eval_acc = 0.8998
2023-06-06 06:12:56.847 650:link-prediction        INFO     eval_f1 = 0.905
2023-06-06 06:12:56.847 650:link-prediction        INFO     eval_mcc = 0.8046
2023-06-06 06:12:56.847 650:link-prediction        INFO     eval_precision = 0.8598
2023-06-06 06:12:56.847 650:link-prediction        INFO     eval_recall = 0.9553
2023-06-06 06:12:56.847 650:link-prediction        INFO     eval_threshold = 0.5
2023-06-06 06:12:56.847 543:link-prediction        INFO     ********************
2023-06-06 06:12:56.847 544:link-prediction        INFO     Best f1:0.905
2023-06-06 06:12:56.847 545:link-prediction        INFO     ********************
2023-06-06 06:12:56.848 560:link-prediction        INFO   Saving model checkpoint to ../link_prediction/poj/plm/saved_unixcodermodels/3/ast_8/checkpoint-best-f1/model.bin
2023-06-06 06:12:56.848 565:link-prediction        INFO     ********************
2023-06-06 06:12:56.848 566:link-prediction        INFO     Best MCC:0.8046
2023-06-06 06:12:56.848 567:link-prediction        INFO     ********************
2023-06-06 06:12:56.849 582:link-prediction        INFO   Saving model checkpoint to ../link_prediction/poj/plm/saved_unixcodermodels/3/ast_8/checkpoint-best-mcc/model.bin
2023-06-06 06:13:04.128 601:link-prediction        INFO   ***** Running evaluation *****
2023-06-06 06:13:04.128 602:link-prediction        INFO     Num examples = 42316
2023-06-06 06:13:04.128 603:link-prediction        INFO     Batch size = 32
2023-06-06 06:13:28.039 648:link-prediction        INFO   ***** Eval results *****
2023-06-06 06:13:28.039 650:link-prediction        INFO     eval_acc = 0.9001
2023-06-06 06:13:28.039 650:link-prediction        INFO     eval_f1 = 0.8971
2023-06-06 06:13:28.039 650:link-prediction        INFO     eval_mcc = 0.8015
2023-06-06 06:13:28.039 650:link-prediction        INFO     eval_precision = 0.9241
2023-06-06 06:13:28.039 650:link-prediction        INFO     eval_recall = 0.8716
2023-06-06 06:13:28.039 650:link-prediction        INFO     eval_threshold = 0.5
2023-06-06 06:13:35.362 601:link-prediction        INFO   ***** Running evaluation *****
2023-06-06 06:13:35.363 602:link-prediction        INFO     Num examples = 42316
2023-06-06 06:13:35.363 603:link-prediction        INFO     Batch size = 32
2023-06-06 06:13:59.270 648:link-prediction        INFO   ***** Eval results *****
2023-06-06 06:13:59.270 650:link-prediction        INFO     eval_acc = 0.8963
2023-06-06 06:13:59.270 650:link-prediction        INFO     eval_f1 = 0.9045
2023-06-06 06:13:59.270 650:link-prediction        INFO     eval_mcc = 0.8049
2023-06-06 06:13:59.271 650:link-prediction        INFO     eval_precision = 0.8373
2023-06-06 06:13:59.271 650:link-prediction        INFO     eval_recall = 0.9835
2023-06-06 06:13:59.271 650:link-prediction        INFO     eval_threshold = 0.5
2023-06-06 06:13:59.271 565:link-prediction        INFO     ********************
2023-06-06 06:13:59.271 566:link-prediction        INFO     Best MCC:0.8049
2023-06-06 06:13:59.271 567:link-prediction        INFO     ********************
2023-06-06 06:13:59.272 582:link-prediction        INFO   Saving model checkpoint to ../link_prediction/poj/plm/saved_unixcodermodels/3/ast_8/checkpoint-best-mcc/model.bin
2023-06-06 06:14:06.555 601:link-prediction        INFO   ***** Running evaluation *****
2023-06-06 06:14:06.555 602:link-prediction        INFO     Num examples = 42316
2023-06-06 06:14:06.555 603:link-prediction        INFO     Batch size = 32
2023-06-06 06:14:30.468 648:link-prediction        INFO   ***** Eval results *****
2023-06-06 06:14:30.469 650:link-prediction        INFO     eval_acc = 0.9202
2023-06-06 06:14:30.469 650:link-prediction        INFO     eval_f1 = 0.9225
2023-06-06 06:14:30.469 650:link-prediction        INFO     eval_mcc = 0.842
2023-06-06 06:14:30.469 650:link-prediction        INFO     eval_precision = 0.8966
2023-06-06 06:14:30.469 650:link-prediction        INFO     eval_recall = 0.95
2023-06-06 06:14:30.469 650:link-prediction        INFO     eval_threshold = 0.5
2023-06-06 06:14:30.469 543:link-prediction        INFO     ********************
2023-06-06 06:14:30.469 544:link-prediction        INFO     Best f1:0.9225
2023-06-06 06:14:30.469 545:link-prediction        INFO     ********************
2023-06-06 06:14:30.470 560:link-prediction        INFO   Saving model checkpoint to ../link_prediction/poj/plm/saved_unixcodermodels/3/ast_8/checkpoint-best-f1/model.bin
2023-06-06 06:14:30.470 565:link-prediction        INFO     ********************
2023-06-06 06:14:30.470 566:link-prediction        INFO     Best MCC:0.842
2023-06-06 06:14:30.470 567:link-prediction        INFO     ********************
2023-06-06 06:14:30.471 582:link-prediction        INFO   Saving model checkpoint to ../link_prediction/poj/plm/saved_unixcodermodels/3/ast_8/checkpoint-best-mcc/model.bin
2023-06-06 06:14:37.825 601:link-prediction        INFO   ***** Running evaluation *****
2023-06-06 06:14:37.826 602:link-prediction        INFO     Num examples = 42316
2023-06-06 06:14:37.826 603:link-prediction        INFO     Batch size = 32
2023-06-06 06:15:01.833 648:link-prediction        INFO   ***** Eval results *****
2023-06-06 06:15:01.833 650:link-prediction        INFO     eval_acc = 0.9234
2023-06-06 06:15:01.833 650:link-prediction        INFO     eval_f1 = 0.9263
2023-06-06 06:15:01.833 650:link-prediction        INFO     eval_mcc = 0.8495
2023-06-06 06:15:01.833 650:link-prediction        INFO     eval_precision = 0.8922
2023-06-06 06:15:01.833 650:link-prediction        INFO     eval_recall = 0.9631
2023-06-06 06:15:01.833 650:link-prediction        INFO     eval_threshold = 0.5
2023-06-06 06:15:01.834 543:link-prediction        INFO     ********************
2023-06-06 06:15:01.834 544:link-prediction        INFO     Best f1:0.9263
2023-06-06 06:15:01.834 545:link-prediction        INFO     ********************
2023-06-06 06:15:01.834 560:link-prediction        INFO   Saving model checkpoint to ../link_prediction/poj/plm/saved_unixcodermodels/3/ast_8/checkpoint-best-f1/model.bin
2023-06-06 06:15:01.835 565:link-prediction        INFO     ********************
2023-06-06 06:15:01.835 566:link-prediction        INFO     Best MCC:0.8495
2023-06-06 06:15:01.835 567:link-prediction        INFO     ********************
2023-06-06 06:15:01.835 582:link-prediction        INFO   Saving model checkpoint to ../link_prediction/poj/plm/saved_unixcodermodels/3/ast_8/checkpoint-best-mcc/model.bin
2023-06-06 06:15:09.212 601:link-prediction        INFO   ***** Running evaluation *****
2023-06-06 06:15:09.212 602:link-prediction        INFO     Num examples = 42316
2023-06-06 06:15:09.212 603:link-prediction        INFO     Batch size = 32
2023-06-06 06:15:33.222 648:link-prediction        INFO   ***** Eval results *****
2023-06-06 06:15:33.223 650:link-prediction        INFO     eval_acc = 0.9287
2023-06-06 06:15:33.223 650:link-prediction        INFO     eval_f1 = 0.9298
2023-06-06 06:15:33.223 650:link-prediction        INFO     eval_mcc = 0.8579
2023-06-06 06:15:33.223 650:link-prediction        INFO     eval_precision = 0.9145
2023-06-06 06:15:33.223 650:link-prediction        INFO     eval_recall = 0.9457
2023-06-06 06:15:33.223 650:link-prediction        INFO     eval_threshold = 0.5
2023-06-06 06:15:33.223 543:link-prediction        INFO     ********************
2023-06-06 06:15:33.223 544:link-prediction        INFO     Best f1:0.9298
2023-06-06 06:15:33.223 545:link-prediction        INFO     ********************
2023-06-06 06:15:33.224 560:link-prediction        INFO   Saving model checkpoint to ../link_prediction/poj/plm/saved_unixcodermodels/3/ast_8/checkpoint-best-f1/model.bin
2023-06-06 06:15:33.224 565:link-prediction        INFO     ********************
2023-06-06 06:15:33.224 566:link-prediction        INFO     Best MCC:0.8579
2023-06-06 06:15:33.224 567:link-prediction        INFO     ********************
2023-06-06 06:15:33.225 582:link-prediction        INFO   Saving model checkpoint to ../link_prediction/poj/plm/saved_unixcodermodels/3/ast_8/checkpoint-best-mcc/model.bin
2023-06-06 06:15:40.612 601:link-prediction        INFO   ***** Running evaluation *****
2023-06-06 06:15:40.612 602:link-prediction        INFO     Num examples = 42316
2023-06-06 06:15:40.612 603:link-prediction        INFO     Batch size = 32
2023-06-06 06:16:04.627 648:link-prediction        INFO   ***** Eval results *****
2023-06-06 06:16:04.627 650:link-prediction        INFO     eval_acc = 0.933
2023-06-06 06:16:04.627 650:link-prediction        INFO     eval_f1 = 0.9344
2023-06-06 06:16:04.627 650:link-prediction        INFO     eval_mcc = 0.8669
2023-06-06 06:16:04.627 650:link-prediction        INFO     eval_precision = 0.9146
2023-06-06 06:16:04.627 650:link-prediction        INFO     eval_recall = 0.9552
2023-06-06 06:16:04.627 650:link-prediction        INFO     eval_threshold = 0.5
2023-06-06 06:16:04.627 543:link-prediction        INFO     ********************
2023-06-06 06:16:04.627 544:link-prediction        INFO     Best f1:0.9344
2023-06-06 06:16:04.627 545:link-prediction        INFO     ********************
2023-06-06 06:16:04.628 560:link-prediction        INFO   Saving model checkpoint to ../link_prediction/poj/plm/saved_unixcodermodels/3/ast_8/checkpoint-best-f1/model.bin
2023-06-06 06:16:04.628 565:link-prediction        INFO     ********************
2023-06-06 06:16:04.628 566:link-prediction        INFO     Best MCC:0.8669
2023-06-06 06:16:04.628 567:link-prediction        INFO     ********************
2023-06-06 06:16:04.629 582:link-prediction        INFO   Saving model checkpoint to ../link_prediction/poj/plm/saved_unixcodermodels/3/ast_8/checkpoint-best-mcc/model.bin
2023-06-06 06:16:11.979 601:link-prediction        INFO   ***** Running evaluation *****
2023-06-06 06:16:11.979 602:link-prediction        INFO     Num examples = 42316
2023-06-06 06:16:11.980 603:link-prediction        INFO     Batch size = 32
2023-06-06 06:16:35.979 648:link-prediction        INFO   ***** Eval results *****
2023-06-06 06:16:35.979 650:link-prediction        INFO     eval_acc = 0.9262
2023-06-06 06:16:35.979 650:link-prediction        INFO     eval_f1 = 0.9296
2023-06-06 06:16:35.979 650:link-prediction        INFO     eval_mcc = 0.8564
2023-06-06 06:16:35.979 650:link-prediction        INFO     eval_precision = 0.8881
2023-06-06 06:16:35.980 650:link-prediction        INFO     eval_recall = 0.975
2023-06-06 06:16:35.980 650:link-prediction        INFO     eval_threshold = 0.5
2023-06-06 06:16:43.265 601:link-prediction        INFO   ***** Running evaluation *****
2023-06-06 06:16:43.266 602:link-prediction        INFO     Num examples = 42316
2023-06-06 06:16:43.266 603:link-prediction        INFO     Batch size = 32
2023-06-06 06:17:07.022 648:link-prediction        INFO   ***** Eval results *****
2023-06-06 06:17:07.022 650:link-prediction        INFO     eval_acc = 0.9354
2023-06-06 06:17:07.022 650:link-prediction        INFO     eval_f1 = 0.9367
2023-06-06 06:17:07.022 650:link-prediction        INFO     eval_mcc = 0.8716
2023-06-06 06:17:07.023 650:link-prediction        INFO     eval_precision = 0.9174
2023-06-06 06:17:07.023 650:link-prediction        INFO     eval_recall = 0.9568
2023-06-06 06:17:07.023 650:link-prediction        INFO     eval_threshold = 0.5
2023-06-06 06:17:07.023 543:link-prediction        INFO     ********************
2023-06-06 06:17:07.023 544:link-prediction        INFO     Best f1:0.9367
2023-06-06 06:17:07.023 545:link-prediction        INFO     ********************
2023-06-06 06:17:07.024 560:link-prediction        INFO   Saving model checkpoint to ../link_prediction/poj/plm/saved_unixcodermodels/3/ast_8/checkpoint-best-f1/model.bin
2023-06-06 06:17:07.024 565:link-prediction        INFO     ********************
2023-06-06 06:17:07.024 566:link-prediction        INFO     Best MCC:0.8716
2023-06-06 06:17:07.024 567:link-prediction        INFO     ********************
2023-06-06 06:17:07.025 582:link-prediction        INFO   Saving model checkpoint to ../link_prediction/poj/plm/saved_unixcodermodels/3/ast_8/checkpoint-best-mcc/model.bin
2023-06-06 06:17:14.326 601:link-prediction        INFO   ***** Running evaluation *****
2023-06-06 06:17:14.326 602:link-prediction        INFO     Num examples = 42316
2023-06-06 06:17:14.326 603:link-prediction        INFO     Batch size = 32
2023-06-06 06:17:38.171 648:link-prediction        INFO   ***** Eval results *****
2023-06-06 06:17:38.171 650:link-prediction        INFO     eval_acc = 0.9313
2023-06-06 06:17:38.171 650:link-prediction        INFO     eval_f1 = 0.9312
2023-06-06 06:17:38.171 650:link-prediction        INFO     eval_mcc = 0.8625
2023-06-06 06:17:38.171 650:link-prediction        INFO     eval_precision = 0.9316
2023-06-06 06:17:38.171 650:link-prediction        INFO     eval_recall = 0.9307
2023-06-06 06:17:38.171 650:link-prediction        INFO     eval_threshold = 0.5
2023-06-06 06:17:45.526 601:link-prediction        INFO   ***** Running evaluation *****
2023-06-06 06:17:45.526 602:link-prediction        INFO     Num examples = 42316
2023-06-06 06:17:45.526 603:link-prediction        INFO     Batch size = 32
2023-06-06 06:18:09.385 648:link-prediction        INFO   ***** Eval results *****
2023-06-06 06:18:09.385 650:link-prediction        INFO     eval_acc = 0.9384
2023-06-06 06:18:09.386 650:link-prediction        INFO     eval_f1 = 0.9397
2023-06-06 06:18:09.386 650:link-prediction        INFO     eval_mcc = 0.8777
2023-06-06 06:18:09.386 650:link-prediction        INFO     eval_precision = 0.9194
2023-06-06 06:18:09.386 650:link-prediction        INFO     eval_recall = 0.961
2023-06-06 06:18:09.386 650:link-prediction        INFO     eval_threshold = 0.5
2023-06-06 06:18:09.386 543:link-prediction        INFO     ********************
2023-06-06 06:18:09.386 544:link-prediction        INFO     Best f1:0.9397
2023-06-06 06:18:09.386 545:link-prediction        INFO     ********************
2023-06-06 06:18:09.387 560:link-prediction        INFO   Saving model checkpoint to ../link_prediction/poj/plm/saved_unixcodermodels/3/ast_8/checkpoint-best-f1/model.bin
2023-06-06 06:18:09.387 565:link-prediction        INFO     ********************
2023-06-06 06:18:09.387 566:link-prediction        INFO     Best MCC:0.8777
2023-06-06 06:18:09.387 567:link-prediction        INFO     ********************
2023-06-06 06:18:09.388 582:link-prediction        INFO   Saving model checkpoint to ../link_prediction/poj/plm/saved_unixcodermodels/3/ast_8/checkpoint-best-mcc/model.bin
2023-06-06 06:18:16.760 601:link-prediction        INFO   ***** Running evaluation *****
2023-06-06 06:18:16.761 602:link-prediction        INFO     Num examples = 42316
2023-06-06 06:18:16.761 603:link-prediction        INFO     Batch size = 32
2023-06-06 06:18:40.669 648:link-prediction        INFO   ***** Eval results *****
2023-06-06 06:18:40.669 650:link-prediction        INFO     eval_acc = 0.9382
2023-06-06 06:18:40.669 650:link-prediction        INFO     eval_f1 = 0.9397
2023-06-06 06:18:40.669 650:link-prediction        INFO     eval_mcc = 0.8776
2023-06-06 06:18:40.669 650:link-prediction        INFO     eval_precision = 0.9162
2023-06-06 06:18:40.669 650:link-prediction        INFO     eval_recall = 0.9645
2023-06-06 06:18:40.669 650:link-prediction        INFO     eval_threshold = 0.5
2023-06-06 06:18:48.036 601:link-prediction        INFO   ***** Running evaluation *****
2023-06-06 06:18:48.036 602:link-prediction        INFO     Num examples = 42316
2023-06-06 06:18:48.037 603:link-prediction        INFO     Batch size = 32
2023-06-06 06:19:11.971 648:link-prediction        INFO   ***** Eval results *****
2023-06-06 06:19:11.971 650:link-prediction        INFO     eval_acc = 0.9411
2023-06-06 06:19:11.972 650:link-prediction        INFO     eval_f1 = 0.942
2023-06-06 06:19:11.972 650:link-prediction        INFO     eval_mcc = 0.8827
2023-06-06 06:19:11.972 650:link-prediction        INFO     eval_precision = 0.9263
2023-06-06 06:19:11.972 650:link-prediction        INFO     eval_recall = 0.9583
2023-06-06 06:19:11.972 650:link-prediction        INFO     eval_threshold = 0.5
2023-06-06 06:19:11.972 543:link-prediction        INFO     ********************
2023-06-06 06:19:11.972 544:link-prediction        INFO     Best f1:0.942
2023-06-06 06:19:11.972 545:link-prediction        INFO     ********************
2023-06-06 06:19:11.973 560:link-prediction        INFO   Saving model checkpoint to ../link_prediction/poj/plm/saved_unixcodermodels/3/ast_8/checkpoint-best-f1/model.bin
2023-06-06 06:19:11.973 565:link-prediction        INFO     ********************
2023-06-06 06:19:11.973 566:link-prediction        INFO     Best MCC:0.8827
2023-06-06 06:19:11.973 567:link-prediction        INFO     ********************
2023-06-06 06:19:11.974 582:link-prediction        INFO   Saving model checkpoint to ../link_prediction/poj/plm/saved_unixcodermodels/3/ast_8/checkpoint-best-mcc/model.bin
2023-06-06 06:19:19.347 601:link-prediction        INFO   ***** Running evaluation *****
2023-06-06 06:19:19.347 602:link-prediction        INFO     Num examples = 42316
2023-06-06 06:19:19.347 603:link-prediction        INFO     Batch size = 32
2023-06-06 06:19:43.294 648:link-prediction        INFO   ***** Eval results *****
2023-06-06 06:19:43.294 650:link-prediction        INFO     eval_acc = 0.9334
2023-06-06 06:19:43.294 650:link-prediction        INFO     eval_f1 = 0.9363
2023-06-06 06:19:43.294 650:link-prediction        INFO     eval_mcc = 0.8704
2023-06-06 06:19:43.294 650:link-prediction        INFO     eval_precision = 0.8976
2023-06-06 06:19:43.295 650:link-prediction        INFO     eval_recall = 0.9784
2023-06-06 06:19:43.295 650:link-prediction        INFO     eval_threshold = 0.5
2023-06-06 06:19:50.686 601:link-prediction        INFO   ***** Running evaluation *****
2023-06-06 06:19:50.686 602:link-prediction        INFO     Num examples = 42316
2023-06-06 06:19:50.686 603:link-prediction        INFO     Batch size = 32
2023-06-06 06:20:14.650 648:link-prediction        INFO   ***** Eval results *****
2023-06-06 06:20:14.650 650:link-prediction        INFO     eval_acc = 0.9378
2023-06-06 06:20:14.650 650:link-prediction        INFO     eval_f1 = 0.94
2023-06-06 06:20:14.650 650:link-prediction        INFO     eval_mcc = 0.8779
2023-06-06 06:20:14.651 650:link-prediction        INFO     eval_precision = 0.9074
2023-06-06 06:20:14.651 650:link-prediction        INFO     eval_recall = 0.9749
2023-06-06 06:20:14.651 650:link-prediction        INFO     eval_threshold = 0.5
2023-06-06 06:20:22.037 601:link-prediction        INFO   ***** Running evaluation *****
2023-06-06 06:20:22.038 602:link-prediction        INFO     Num examples = 42316
2023-06-06 06:20:22.038 603:link-prediction        INFO     Batch size = 32
2023-06-06 06:20:46.041 648:link-prediction        INFO   ***** Eval results *****
2023-06-06 06:20:46.041 650:link-prediction        INFO     eval_acc = 0.9434
2023-06-06 06:20:46.041 650:link-prediction        INFO     eval_f1 = 0.9446
2023-06-06 06:20:46.041 650:link-prediction        INFO     eval_mcc = 0.8877
2023-06-06 06:20:46.041 650:link-prediction        INFO     eval_precision = 0.9245
2023-06-06 06:20:46.041 650:link-prediction        INFO     eval_recall = 0.9656
2023-06-06 06:20:46.041 650:link-prediction        INFO     eval_threshold = 0.5
2023-06-06 06:20:46.041 543:link-prediction        INFO     ********************
2023-06-06 06:20:46.042 544:link-prediction        INFO     Best f1:0.9446
2023-06-06 06:20:46.042 545:link-prediction        INFO     ********************
2023-06-06 06:20:46.042 560:link-prediction        INFO   Saving model checkpoint to ../link_prediction/poj/plm/saved_unixcodermodels/3/ast_8/checkpoint-best-f1/model.bin
2023-06-06 06:20:46.042 565:link-prediction        INFO     ********************
2023-06-06 06:20:46.043 566:link-prediction        INFO     Best MCC:0.8877
2023-06-06 06:20:46.043 567:link-prediction        INFO     ********************
2023-06-06 06:20:46.043 582:link-prediction        INFO   Saving model checkpoint to ../link_prediction/poj/plm/saved_unixcodermodels/3/ast_8/checkpoint-best-mcc/model.bin
2023-06-06 06:20:53.405 601:link-prediction        INFO   ***** Running evaluation *****
2023-06-06 06:20:53.405 602:link-prediction        INFO     Num examples = 42316
2023-06-06 06:20:53.405 603:link-prediction        INFO     Batch size = 32
2023-06-06 06:21:17.397 648:link-prediction        INFO   ***** Eval results *****
2023-06-06 06:21:17.397 650:link-prediction        INFO     eval_acc = 0.9373
2023-06-06 06:21:17.397 650:link-prediction        INFO     eval_f1 = 0.9397
2023-06-06 06:21:17.397 650:link-prediction        INFO     eval_mcc = 0.8776
2023-06-06 06:21:17.397 650:link-prediction        INFO     eval_precision = 0.9039
2023-06-06 06:21:17.397 650:link-prediction        INFO     eval_recall = 0.9786
2023-06-06 06:21:17.398 650:link-prediction        INFO     eval_threshold = 0.5
2023-06-06 06:21:24.751 601:link-prediction        INFO   ***** Running evaluation *****
2023-06-06 06:21:24.752 602:link-prediction        INFO     Num examples = 42316
2023-06-06 06:21:24.752 603:link-prediction        INFO     Batch size = 32
2023-06-06 06:21:48.703 648:link-prediction        INFO   ***** Eval results *****
2023-06-06 06:21:48.703 650:link-prediction        INFO     eval_acc = 0.9434
2023-06-06 06:21:48.703 650:link-prediction        INFO     eval_f1 = 0.9447
2023-06-06 06:21:48.703 650:link-prediction        INFO     eval_mcc = 0.8879
2023-06-06 06:21:48.703 650:link-prediction        INFO     eval_precision = 0.922
2023-06-06 06:21:48.703 650:link-prediction        INFO     eval_recall = 0.9687
2023-06-06 06:21:48.703 650:link-prediction        INFO     eval_threshold = 0.5
2023-06-06 06:21:48.703 543:link-prediction        INFO     ********************
2023-06-06 06:21:48.704 544:link-prediction        INFO     Best f1:0.9447
2023-06-06 06:21:48.704 545:link-prediction        INFO     ********************
2023-06-06 06:21:48.704 560:link-prediction        INFO   Saving model checkpoint to ../link_prediction/poj/plm/saved_unixcodermodels/3/ast_8/checkpoint-best-f1/model.bin
2023-06-06 06:21:48.704 565:link-prediction        INFO     ********************
2023-06-06 06:21:48.704 566:link-prediction        INFO     Best MCC:0.8879
2023-06-06 06:21:48.705 567:link-prediction        INFO     ********************
2023-06-06 06:21:48.705 582:link-prediction        INFO   Saving model checkpoint to ../link_prediction/poj/plm/saved_unixcodermodels/3/ast_8/checkpoint-best-mcc/model.bin
2023-06-06 06:21:48.770 671:link-prediction        INFO   ***** Running Test *****
2023-06-06 06:21:48.771 672:link-prediction        INFO     Num examples = 43587
2023-06-06 06:21:48.771 673:link-prediction        INFO     Batch size = 32
2023-06-06 06:22:13.457 714:link-prediction        INFO   ***** Test results *****
2023-06-06 06:22:13.458 716:link-prediction        INFO     eval_acc = 0.9389
2023-06-06 06:22:13.458 716:link-prediction        INFO     eval_f1 = 0.9406
2023-06-06 06:22:13.458 716:link-prediction        INFO     eval_mcc = 0.8793
2023-06-06 06:22:13.458 716:link-prediction        INFO     eval_precision = 0.9152
2023-06-06 06:22:13.458 716:link-prediction        INFO     eval_recall = 0.9674
2023-06-06 06:22:13.458 716:link-prediction        INFO     eval_threshold = 0.5
