2023-05-27 12:13:46.851 669:pos-tag                DEBUG  main message
2023-05-27 12:13:46.852 675:pos-tag                WARNING device: cuda, n_gpu: 1
2023-05-27 12:13:47.533 695:pos-tag                INFO   Load Dataset
2023-05-27 12:13:47.534 699:pos-tag                INFO   Num of Class 233
2023-05-27 12:13:50.608 719:pos-tag                INFO   Finishing loading Dataset
2023-05-27 12:13:50.609 724:pos-tag                INFO   Random Initialize the encoder
2023-05-27 12:13:55.089 755:pos-tag                INFO   Probimg Model Parameters 179177
2023-05-27 12:13:55.089 756:pos-tag                INFO   Training/evaluation parameters Namespace(adam_epsilon=1e-08, config_name='Salesforce/codet5-base', data_folder='../datasets/java250/postag/', dataset='postag', debug=False, device=device(type='cuda'), do_eval=True, do_random=True, do_test=True, do_train=True, epochs=5, eval_batch_size=32, evaluate_during_training=False, gradient_accumulation_steps=1, graph_type='ast', layer=5, learning_rate=0.001, max_code_length=512, max_grad_norm=1.0, max_steps=-1, model_name='codet5', model_name_or_path='Salesforce/codet5-base', n_gpu=1, output_dir='./pos_res_java/random/saved_codet5models/2/layer_5', posratio=0.5, seed=317, token_config='Salesforce/codet5-base', train_batch_size=32, warmup_steps=0, weight_decay=0.0)
2023-05-27 12:13:55.090 178:pos-tag                INFO   save steps 2
2023-05-27 12:13:57.377 217:pos-tag                INFO   ***** Running training *****
2023-05-27 12:13:57.378 218:pos-tag                INFO     Num examples = 880
2023-05-27 12:13:57.378 219:pos-tag                INFO     Num Epochs = 5
2023-05-27 12:13:57.378 220:pos-tag                INFO     Instantaneous batch size per GPU = 32
2023-05-27 12:13:57.378 224:pos-tag                INFO     Total train batch size = 32
2023-05-27 12:13:57.378 228:pos-tag                INFO     Gradient Accumulation steps = 1
2023-05-27 12:13:57.378 231:pos-tag                INFO     Total optimization steps = 140
2023-05-27 12:13:59.904 351:pos-tag                INFO   ***** Running evaluation *****
2023-05-27 12:13:59.904 352:pos-tag                INFO     Num examples = 293
2023-05-27 12:13:59.904 353:pos-tag                INFO     Batch size = 32
2023-05-27 12:14:07.247 399:pos-tag                INFO   ***** Eval results *****
2023-05-27 12:14:07.248 401:pos-tag                INFO     eval_acc = 0.0016
2023-05-27 12:14:07.248 401:pos-tag                INFO     eval_f1 = 0.0003
2023-05-27 12:14:07.248 401:pos-tag                INFO     eval_mcc = 0.0003
2023-05-27 12:14:07.248 401:pos-tag                INFO     eval_precision = 0.0019
2023-05-27 12:14:07.248 401:pos-tag                INFO     eval_recall = 0.0016
2023-05-27 12:14:07.248 293:pos-tag                INFO     ********************
2023-05-27 12:14:07.249 294:pos-tag                INFO     Best f1:0.0003
2023-05-27 12:14:07.249 295:pos-tag                INFO     ********************
2023-05-27 12:14:09.564 310:pos-tag                INFO   Saving model checkpoint to ./pos_res_java/random/saved_codet5models/2/layer_5/checkpoint-best-f1/model.bin
2023-05-27 12:14:09.564 315:pos-tag                INFO     ********************
2023-05-27 12:14:09.564 316:pos-tag                INFO     Best MCC:0.0003
2023-05-27 12:14:09.565 317:pos-tag                INFO     ********************
2023-05-27 12:14:11.890 332:pos-tag                INFO   Saving model checkpoint to ./pos_res_java/random/saved_codet5models/2/layer_5/checkpoint-best-mcc/model.bin
2023-05-27 12:14:13.502 351:pos-tag                INFO   ***** Running evaluation *****
2023-05-27 12:14:13.503 352:pos-tag                INFO     Num examples = 293
2023-05-27 12:14:13.503 353:pos-tag                INFO     Batch size = 32
2023-05-27 12:14:20.362 399:pos-tag                INFO   ***** Eval results *****
2023-05-27 12:14:20.362 401:pos-tag                INFO     eval_acc = 0.0053
2023-05-27 12:14:20.362 401:pos-tag                INFO     eval_f1 = 0.0008
2023-05-27 12:14:20.363 401:pos-tag                INFO     eval_mcc = 0.0021
2023-05-27 12:14:20.363 401:pos-tag                INFO     eval_precision = 0.0018
2023-05-27 12:14:20.363 401:pos-tag                INFO     eval_recall = 0.0019
2023-05-27 12:14:20.363 293:pos-tag                INFO     ********************
2023-05-27 12:14:20.363 294:pos-tag                INFO     Best f1:0.0008
2023-05-27 12:14:20.363 295:pos-tag                INFO     ********************
2023-05-27 12:14:23.041 310:pos-tag                INFO   Saving model checkpoint to ./pos_res_java/random/saved_codet5models/2/layer_5/checkpoint-best-f1/model.bin
2023-05-27 12:14:23.041 315:pos-tag                INFO     ********************
2023-05-27 12:14:23.041 316:pos-tag                INFO     Best MCC:0.0021
2023-05-27 12:14:23.042 317:pos-tag                INFO     ********************
2023-05-27 12:14:25.891 332:pos-tag                INFO   Saving model checkpoint to ./pos_res_java/random/saved_codet5models/2/layer_5/checkpoint-best-mcc/model.bin
2023-05-27 12:14:27.504 351:pos-tag                INFO   ***** Running evaluation *****
2023-05-27 12:14:27.504 352:pos-tag                INFO     Num examples = 293
2023-05-27 12:14:27.504 353:pos-tag                INFO     Batch size = 32
2023-05-27 12:14:34.358 399:pos-tag                INFO   ***** Eval results *****
2023-05-27 12:14:34.358 401:pos-tag                INFO     eval_acc = 0.0204
2023-05-27 12:14:34.358 401:pos-tag                INFO     eval_f1 = 0.002
2023-05-27 12:14:34.358 401:pos-tag                INFO     eval_mcc = 0.0023
2023-05-27 12:14:34.358 401:pos-tag                INFO     eval_precision = 0.0061
2023-05-27 12:14:34.359 401:pos-tag                INFO     eval_recall = 0.0019
2023-05-27 12:14:34.359 293:pos-tag                INFO     ********************
2023-05-27 12:14:34.359 294:pos-tag                INFO     Best f1:0.002
2023-05-27 12:14:34.359 295:pos-tag                INFO     ********************
2023-05-27 12:14:36.915 310:pos-tag                INFO   Saving model checkpoint to ./pos_res_java/random/saved_codet5models/2/layer_5/checkpoint-best-f1/model.bin
2023-05-27 12:14:36.915 315:pos-tag                INFO     ********************
2023-05-27 12:14:36.915 316:pos-tag                INFO     Best MCC:0.0023
2023-05-27 12:14:36.915 317:pos-tag                INFO     ********************
2023-05-27 12:14:39.477 332:pos-tag                INFO   Saving model checkpoint to ./pos_res_java/random/saved_codet5models/2/layer_5/checkpoint-best-mcc/model.bin
2023-05-27 12:14:41.110 351:pos-tag                INFO   ***** Running evaluation *****
2023-05-27 12:14:41.110 352:pos-tag                INFO     Num examples = 293
2023-05-27 12:14:41.111 353:pos-tag                INFO     Batch size = 32
2023-05-27 12:14:49.365 399:pos-tag                INFO   ***** Eval results *****
2023-05-27 12:14:49.365 401:pos-tag                INFO     eval_acc = 0.0475
2023-05-27 12:14:49.365 401:pos-tag                INFO     eval_f1 = 0.006
2023-05-27 12:14:49.365 401:pos-tag                INFO     eval_mcc = -0.0098
2023-05-27 12:14:49.366 401:pos-tag                INFO     eval_precision = 0.0088
2023-05-27 12:14:49.366 401:pos-tag                INFO     eval_recall = 0.0067
2023-05-27 12:14:49.366 293:pos-tag                INFO     ********************
2023-05-27 12:14:49.366 294:pos-tag                INFO     Best f1:0.006
2023-05-27 12:14:49.366 295:pos-tag                INFO     ********************
2023-05-27 12:14:51.736 310:pos-tag                INFO   Saving model checkpoint to ./pos_res_java/random/saved_codet5models/2/layer_5/checkpoint-best-f1/model.bin
2023-05-27 12:14:54.365 351:pos-tag                INFO   ***** Running evaluation *****
2023-05-27 12:14:54.366 352:pos-tag                INFO     Num examples = 293
2023-05-27 12:14:54.366 353:pos-tag                INFO     Batch size = 32
2023-05-27 12:15:05.476 399:pos-tag                INFO   ***** Eval results *****
2023-05-27 12:15:05.477 401:pos-tag                INFO     eval_acc = 0.0974
2023-05-27 12:15:05.477 401:pos-tag                INFO     eval_f1 = 0.0172
2023-05-27 12:15:05.477 401:pos-tag                INFO     eval_mcc = 0.0284
2023-05-27 12:15:05.477 401:pos-tag                INFO     eval_precision = 0.0194
2023-05-27 12:15:05.477 401:pos-tag                INFO     eval_recall = 0.0196
2023-05-27 12:15:05.477 293:pos-tag                INFO     ********************
2023-05-27 12:15:05.478 294:pos-tag                INFO     Best f1:0.0172
2023-05-27 12:15:05.478 295:pos-tag                INFO     ********************
2023-05-27 12:15:07.872 310:pos-tag                INFO   Saving model checkpoint to ./pos_res_java/random/saved_codet5models/2/layer_5/checkpoint-best-f1/model.bin
2023-05-27 12:15:07.873 315:pos-tag                INFO     ********************
2023-05-27 12:15:07.873 316:pos-tag                INFO     Best MCC:0.0284
2023-05-27 12:15:07.873 317:pos-tag                INFO     ********************
2023-05-27 12:15:10.311 332:pos-tag                INFO   Saving model checkpoint to ./pos_res_java/random/saved_codet5models/2/layer_5/checkpoint-best-mcc/model.bin
2023-05-27 12:15:12.804 351:pos-tag                INFO   ***** Running evaluation *****
2023-05-27 12:15:12.804 352:pos-tag                INFO     Num examples = 293
2023-05-27 12:15:12.804 353:pos-tag                INFO     Batch size = 32
2023-05-27 12:15:22.293 399:pos-tag                INFO   ***** Eval results *****
2023-05-27 12:15:22.293 401:pos-tag                INFO     eval_acc = 0.1408
2023-05-27 12:15:22.293 401:pos-tag                INFO     eval_f1 = 0.0232
2023-05-27 12:15:22.294 401:pos-tag                INFO     eval_mcc = 0.0723
2023-05-27 12:15:22.294 401:pos-tag                INFO     eval_precision = 0.0287
2023-05-27 12:15:22.294 401:pos-tag                INFO     eval_recall = 0.0278
2023-05-27 12:15:22.294 293:pos-tag                INFO     ********************
2023-05-27 12:15:22.294 294:pos-tag                INFO     Best f1:0.0232
2023-05-27 12:15:22.294 295:pos-tag                INFO     ********************
2023-05-27 12:15:24.695 310:pos-tag                INFO   Saving model checkpoint to ./pos_res_java/random/saved_codet5models/2/layer_5/checkpoint-best-f1/model.bin
2023-05-27 12:15:24.695 315:pos-tag                INFO     ********************
2023-05-27 12:15:24.696 316:pos-tag                INFO     Best MCC:0.0723
2023-05-27 12:15:24.696 317:pos-tag                INFO     ********************
2023-05-27 12:15:27.137 332:pos-tag                INFO   Saving model checkpoint to ./pos_res_java/random/saved_codet5models/2/layer_5/checkpoint-best-mcc/model.bin
2023-05-27 12:15:28.977 351:pos-tag                INFO   ***** Running evaluation *****
2023-05-27 12:15:28.977 352:pos-tag                INFO     Num examples = 293
2023-05-27 12:15:28.977 353:pos-tag                INFO     Batch size = 32
2023-05-27 12:15:36.749 399:pos-tag                INFO   ***** Eval results *****
2023-05-27 12:15:36.750 401:pos-tag                INFO     eval_acc = 0.208
2023-05-27 12:15:36.750 401:pos-tag                INFO     eval_f1 = 0.0284
2023-05-27 12:15:36.750 401:pos-tag                INFO     eval_mcc = 0.1404
2023-05-27 12:15:36.750 401:pos-tag                INFO     eval_precision = 0.0398
2023-05-27 12:15:36.750 401:pos-tag                INFO     eval_recall = 0.0343
2023-05-27 12:15:36.750 293:pos-tag                INFO     ********************
2023-05-27 12:15:36.750 294:pos-tag                INFO     Best f1:0.0284
2023-05-27 12:15:36.750 295:pos-tag                INFO     ********************
2023-05-27 12:15:39.156 310:pos-tag                INFO   Saving model checkpoint to ./pos_res_java/random/saved_codet5models/2/layer_5/checkpoint-best-f1/model.bin
2023-05-27 12:15:39.157 315:pos-tag                INFO     ********************
2023-05-27 12:15:39.157 316:pos-tag                INFO     Best MCC:0.1404
2023-05-27 12:15:39.157 317:pos-tag                INFO     ********************
2023-05-27 12:15:41.599 332:pos-tag                INFO   Saving model checkpoint to ./pos_res_java/random/saved_codet5models/2/layer_5/checkpoint-best-mcc/model.bin
2023-05-27 12:15:43.418 351:pos-tag                INFO   ***** Running evaluation *****
2023-05-27 12:15:43.419 352:pos-tag                INFO     Num examples = 293
2023-05-27 12:15:43.419 353:pos-tag                INFO     Batch size = 32
2023-05-27 12:15:50.979 399:pos-tag                INFO   ***** Eval results *****
2023-05-27 12:15:50.979 401:pos-tag                INFO     eval_acc = 0.3137
2023-05-27 12:15:50.979 401:pos-tag                INFO     eval_f1 = 0.0412
2023-05-27 12:15:50.979 401:pos-tag                INFO     eval_mcc = 0.2626
2023-05-27 12:15:50.979 401:pos-tag                INFO     eval_precision = 0.0631
2023-05-27 12:15:50.980 401:pos-tag                INFO     eval_recall = 0.0476
2023-05-27 12:15:50.980 293:pos-tag                INFO     ********************
2023-05-27 12:15:50.980 294:pos-tag                INFO     Best f1:0.0412
2023-05-27 12:15:50.980 295:pos-tag                INFO     ********************
2023-05-27 12:15:53.410 310:pos-tag                INFO   Saving model checkpoint to ./pos_res_java/random/saved_codet5models/2/layer_5/checkpoint-best-f1/model.bin
2023-05-27 12:15:53.410 315:pos-tag                INFO     ********************
2023-05-27 12:15:53.411 316:pos-tag                INFO     Best MCC:0.2626
2023-05-27 12:15:53.411 317:pos-tag                INFO     ********************
2023-05-27 12:15:55.805 332:pos-tag                INFO   Saving model checkpoint to ./pos_res_java/random/saved_codet5models/2/layer_5/checkpoint-best-mcc/model.bin
2023-05-27 12:15:57.619 351:pos-tag                INFO   ***** Running evaluation *****
2023-05-27 12:15:57.620 352:pos-tag                INFO     Num examples = 293
2023-05-27 12:15:57.620 353:pos-tag                INFO     Batch size = 32
2023-05-27 12:16:05.210 399:pos-tag                INFO   ***** Eval results *****
2023-05-27 12:16:05.211 401:pos-tag                INFO     eval_acc = 0.3689
2023-05-27 12:16:05.211 401:pos-tag                INFO     eval_f1 = 0.0604
2023-05-27 12:16:05.211 401:pos-tag                INFO     eval_mcc = 0.3216
2023-05-27 12:16:05.211 401:pos-tag                INFO     eval_precision = 0.0932
2023-05-27 12:16:05.211 401:pos-tag                INFO     eval_recall = 0.061
2023-05-27 12:16:05.212 293:pos-tag                INFO     ********************
2023-05-27 12:16:05.212 294:pos-tag                INFO     Best f1:0.0604
2023-05-27 12:16:05.212 295:pos-tag                INFO     ********************
2023-05-27 12:16:07.680 310:pos-tag                INFO   Saving model checkpoint to ./pos_res_java/random/saved_codet5models/2/layer_5/checkpoint-best-f1/model.bin
2023-05-27 12:16:07.680 315:pos-tag                INFO     ********************
2023-05-27 12:16:07.680 316:pos-tag                INFO     Best MCC:0.3216
2023-05-27 12:16:07.680 317:pos-tag                INFO     ********************
2023-05-27 12:16:10.195 332:pos-tag                INFO   Saving model checkpoint to ./pos_res_java/random/saved_codet5models/2/layer_5/checkpoint-best-mcc/model.bin
2023-05-27 12:16:11.946 351:pos-tag                INFO   ***** Running evaluation *****
2023-05-27 12:16:11.946 352:pos-tag                INFO     Num examples = 293
2023-05-27 12:16:11.946 353:pos-tag                INFO     Batch size = 32
2023-05-27 12:16:19.779 399:pos-tag                INFO   ***** Eval results *****
2023-05-27 12:16:19.780 401:pos-tag                INFO     eval_acc = 0.4281
2023-05-27 12:16:19.780 401:pos-tag                INFO     eval_f1 = 0.0861
2023-05-27 12:16:19.780 401:pos-tag                INFO     eval_mcc = 0.3867
2023-05-27 12:16:19.780 401:pos-tag                INFO     eval_precision = 0.13
2023-05-27 12:16:19.780 401:pos-tag                INFO     eval_recall = 0.0883
2023-05-27 12:16:19.781 293:pos-tag                INFO     ********************
2023-05-27 12:16:19.781 294:pos-tag                INFO     Best f1:0.0861
2023-05-27 12:16:19.781 295:pos-tag                INFO     ********************
2023-05-27 12:16:22.110 310:pos-tag                INFO   Saving model checkpoint to ./pos_res_java/random/saved_codet5models/2/layer_5/checkpoint-best-f1/model.bin
2023-05-27 12:16:22.110 315:pos-tag                INFO     ********************
2023-05-27 12:16:22.110 316:pos-tag                INFO     Best MCC:0.3867
2023-05-27 12:16:22.110 317:pos-tag                INFO     ********************
2023-05-27 12:16:24.503 332:pos-tag                INFO   Saving model checkpoint to ./pos_res_java/random/saved_codet5models/2/layer_5/checkpoint-best-mcc/model.bin
2023-05-27 12:16:26.312 351:pos-tag                INFO   ***** Running evaluation *****
2023-05-27 12:16:26.312 352:pos-tag                INFO     Num examples = 293
2023-05-27 12:16:26.312 353:pos-tag                INFO     Batch size = 32
2023-05-27 12:16:33.993 399:pos-tag                INFO   ***** Eval results *****
2023-05-27 12:16:33.993 401:pos-tag                INFO     eval_acc = 0.4807
2023-05-27 12:16:33.993 401:pos-tag                INFO     eval_f1 = 0.1293
2023-05-27 12:16:33.994 401:pos-tag                INFO     eval_mcc = 0.4425
2023-05-27 12:16:33.994 401:pos-tag                INFO     eval_precision = 0.1779
2023-05-27 12:16:33.994 401:pos-tag                INFO     eval_recall = 0.1258
2023-05-27 12:16:33.994 293:pos-tag                INFO     ********************
2023-05-27 12:16:33.994 294:pos-tag                INFO     Best f1:0.1293
2023-05-27 12:16:33.994 295:pos-tag                INFO     ********************
2023-05-27 12:16:36.302 310:pos-tag                INFO   Saving model checkpoint to ./pos_res_java/random/saved_codet5models/2/layer_5/checkpoint-best-f1/model.bin
2023-05-27 12:16:36.302 315:pos-tag                INFO     ********************
2023-05-27 12:16:36.303 316:pos-tag                INFO     Best MCC:0.4425
2023-05-27 12:16:36.303 317:pos-tag                INFO     ********************
2023-05-27 12:16:38.692 332:pos-tag                INFO   Saving model checkpoint to ./pos_res_java/random/saved_codet5models/2/layer_5/checkpoint-best-mcc/model.bin
2023-05-27 12:16:40.486 351:pos-tag                INFO   ***** Running evaluation *****
2023-05-27 12:16:40.487 352:pos-tag                INFO     Num examples = 293
2023-05-27 12:16:40.487 353:pos-tag                INFO     Batch size = 32
2023-05-27 12:16:48.036 399:pos-tag                INFO   ***** Eval results *****
2023-05-27 12:16:48.036 401:pos-tag                INFO     eval_acc = 0.5255
2023-05-27 12:16:48.037 401:pos-tag                INFO     eval_f1 = 0.153
2023-05-27 12:16:48.037 401:pos-tag                INFO     eval_mcc = 0.4892
2023-05-27 12:16:48.037 401:pos-tag                INFO     eval_precision = 0.2022
2023-05-27 12:16:48.037 401:pos-tag                INFO     eval_recall = 0.1506
2023-05-27 12:16:48.037 293:pos-tag                INFO     ********************
2023-05-27 12:16:48.037 294:pos-tag                INFO     Best f1:0.153
2023-05-27 12:16:48.037 295:pos-tag                INFO     ********************
2023-05-27 12:16:50.325 310:pos-tag                INFO   Saving model checkpoint to ./pos_res_java/random/saved_codet5models/2/layer_5/checkpoint-best-f1/model.bin
2023-05-27 12:16:50.325 315:pos-tag                INFO     ********************
2023-05-27 12:16:50.325 316:pos-tag                INFO     Best MCC:0.4892
2023-05-27 12:16:50.326 317:pos-tag                INFO     ********************
2023-05-27 12:16:52.655 332:pos-tag                INFO   Saving model checkpoint to ./pos_res_java/random/saved_codet5models/2/layer_5/checkpoint-best-mcc/model.bin
2023-05-27 12:16:54.391 351:pos-tag                INFO   ***** Running evaluation *****
2023-05-27 12:16:54.391 352:pos-tag                INFO     Num examples = 293
2023-05-27 12:16:54.391 353:pos-tag                INFO     Batch size = 32
2023-05-27 12:17:02.050 399:pos-tag                INFO   ***** Eval results *****
2023-05-27 12:17:02.050 401:pos-tag                INFO     eval_acc = 0.5484
2023-05-27 12:17:02.050 401:pos-tag                INFO     eval_f1 = 0.1795
2023-05-27 12:17:02.051 401:pos-tag                INFO     eval_mcc = 0.5206
2023-05-27 12:17:02.051 401:pos-tag                INFO     eval_precision = 0.2439
2023-05-27 12:17:02.051 401:pos-tag                INFO     eval_recall = 0.1748
2023-05-27 12:17:02.051 293:pos-tag                INFO     ********************
2023-05-27 12:17:02.051 294:pos-tag                INFO     Best f1:0.1795
2023-05-27 12:17:02.051 295:pos-tag                INFO     ********************
2023-05-27 12:17:04.406 310:pos-tag                INFO   Saving model checkpoint to ./pos_res_java/random/saved_codet5models/2/layer_5/checkpoint-best-f1/model.bin
2023-05-27 12:17:04.406 315:pos-tag                INFO     ********************
2023-05-27 12:17:04.407 316:pos-tag                INFO     Best MCC:0.5206
2023-05-27 12:17:04.407 317:pos-tag                INFO     ********************
2023-05-27 12:17:06.760 332:pos-tag                INFO   Saving model checkpoint to ./pos_res_java/random/saved_codet5models/2/layer_5/checkpoint-best-mcc/model.bin
2023-05-27 12:17:08.119 351:pos-tag                INFO   ***** Running evaluation *****
2023-05-27 12:17:08.119 352:pos-tag                INFO     Num examples = 293
2023-05-27 12:17:08.119 353:pos-tag                INFO     Batch size = 32
2023-05-27 12:17:15.847 399:pos-tag                INFO   ***** Eval results *****
2023-05-27 12:17:15.847 401:pos-tag                INFO     eval_acc = 0.5654
2023-05-27 12:17:15.847 401:pos-tag                INFO     eval_f1 = 0.1976
2023-05-27 12:17:15.848 401:pos-tag                INFO     eval_mcc = 0.5356
2023-05-27 12:17:15.848 401:pos-tag                INFO     eval_precision = 0.2462
2023-05-27 12:17:15.848 401:pos-tag                INFO     eval_recall = 0.1908
2023-05-27 12:17:15.848 293:pos-tag                INFO     ********************
2023-05-27 12:17:15.848 294:pos-tag                INFO     Best f1:0.1976
2023-05-27 12:17:15.848 295:pos-tag                INFO     ********************
2023-05-27 12:17:18.210 310:pos-tag                INFO   Saving model checkpoint to ./pos_res_java/random/saved_codet5models/2/layer_5/checkpoint-best-f1/model.bin
2023-05-27 12:17:18.211 315:pos-tag                INFO     ********************
2023-05-27 12:17:18.211 316:pos-tag                INFO     Best MCC:0.5356
2023-05-27 12:17:18.211 317:pos-tag                INFO     ********************
2023-05-27 12:17:20.571 332:pos-tag                INFO   Saving model checkpoint to ./pos_res_java/random/saved_codet5models/2/layer_5/checkpoint-best-mcc/model.bin
2023-05-27 12:17:22.308 351:pos-tag                INFO   ***** Running evaluation *****
2023-05-27 12:17:22.308 352:pos-tag                INFO     Num examples = 293
2023-05-27 12:17:22.308 353:pos-tag                INFO     Batch size = 32
2023-05-27 12:17:29.994 399:pos-tag                INFO   ***** Eval results *****
2023-05-27 12:17:29.994 401:pos-tag                INFO     eval_acc = 0.5803
2023-05-27 12:17:29.994 401:pos-tag                INFO     eval_f1 = 0.2216
2023-05-27 12:17:29.994 401:pos-tag                INFO     eval_mcc = 0.5498
2023-05-27 12:17:29.994 401:pos-tag                INFO     eval_precision = 0.2876
2023-05-27 12:17:29.994 401:pos-tag                INFO     eval_recall = 0.2116
2023-05-27 12:17:29.995 293:pos-tag                INFO     ********************
2023-05-27 12:17:29.995 294:pos-tag                INFO     Best f1:0.2216
2023-05-27 12:17:29.995 295:pos-tag                INFO     ********************
2023-05-27 12:17:32.325 310:pos-tag                INFO   Saving model checkpoint to ./pos_res_java/random/saved_codet5models/2/layer_5/checkpoint-best-f1/model.bin
2023-05-27 12:17:32.325 315:pos-tag                INFO     ********************
2023-05-27 12:17:32.325 316:pos-tag                INFO     Best MCC:0.5498
2023-05-27 12:17:32.326 317:pos-tag                INFO     ********************
2023-05-27 12:17:34.719 332:pos-tag                INFO   Saving model checkpoint to ./pos_res_java/random/saved_codet5models/2/layer_5/checkpoint-best-mcc/model.bin
2023-05-27 12:17:36.455 351:pos-tag                INFO   ***** Running evaluation *****
2023-05-27 12:17:36.456 352:pos-tag                INFO     Num examples = 293
2023-05-27 12:17:36.456 353:pos-tag                INFO     Batch size = 32
2023-05-27 12:17:44.211 399:pos-tag                INFO   ***** Eval results *****
2023-05-27 12:17:44.211 401:pos-tag                INFO     eval_acc = 0.595
2023-05-27 12:17:44.212 401:pos-tag                INFO     eval_f1 = 0.2354
2023-05-27 12:17:44.212 401:pos-tag                INFO     eval_mcc = 0.5651
2023-05-27 12:17:44.212 401:pos-tag                INFO     eval_precision = 0.3215
2023-05-27 12:17:44.212 401:pos-tag                INFO     eval_recall = 0.2235
2023-05-27 12:17:44.212 293:pos-tag                INFO     ********************
2023-05-27 12:17:44.212 294:pos-tag                INFO     Best f1:0.2354
2023-05-27 12:17:44.212 295:pos-tag                INFO     ********************
2023-05-27 12:17:46.521 310:pos-tag                INFO   Saving model checkpoint to ./pos_res_java/random/saved_codet5models/2/layer_5/checkpoint-best-f1/model.bin
2023-05-27 12:17:46.522 315:pos-tag                INFO     ********************
2023-05-27 12:17:46.522 316:pos-tag                INFO     Best MCC:0.5651
2023-05-27 12:17:46.522 317:pos-tag                INFO     ********************
2023-05-27 12:17:48.898 332:pos-tag                INFO   Saving model checkpoint to ./pos_res_java/random/saved_codet5models/2/layer_5/checkpoint-best-mcc/model.bin
2023-05-27 12:17:50.733 351:pos-tag                INFO   ***** Running evaluation *****
2023-05-27 12:17:50.734 352:pos-tag                INFO     Num examples = 293
2023-05-27 12:17:50.734 353:pos-tag                INFO     Batch size = 32
2023-05-27 12:17:58.384 399:pos-tag                INFO   ***** Eval results *****
2023-05-27 12:17:58.385 401:pos-tag                INFO     eval_acc = 0.6026
2023-05-27 12:17:58.385 401:pos-tag                INFO     eval_f1 = 0.2418
2023-05-27 12:17:58.385 401:pos-tag                INFO     eval_mcc = 0.5738
2023-05-27 12:17:58.385 401:pos-tag                INFO     eval_precision = 0.325
2023-05-27 12:17:58.385 401:pos-tag                INFO     eval_recall = 0.2335
2023-05-27 12:17:58.385 293:pos-tag                INFO     ********************
2023-05-27 12:17:58.386 294:pos-tag                INFO     Best f1:0.2418
2023-05-27 12:17:58.386 295:pos-tag                INFO     ********************
2023-05-27 12:18:00.716 310:pos-tag                INFO   Saving model checkpoint to ./pos_res_java/random/saved_codet5models/2/layer_5/checkpoint-best-f1/model.bin
2023-05-27 12:18:00.716 315:pos-tag                INFO     ********************
2023-05-27 12:18:00.716 316:pos-tag                INFO     Best MCC:0.5738
2023-05-27 12:18:00.717 317:pos-tag                INFO     ********************
2023-05-27 12:18:03.036 332:pos-tag                INFO   Saving model checkpoint to ./pos_res_java/random/saved_codet5models/2/layer_5/checkpoint-best-mcc/model.bin
2023-05-27 12:18:04.841 351:pos-tag                INFO   ***** Running evaluation *****
2023-05-27 12:18:04.842 352:pos-tag                INFO     Num examples = 293
2023-05-27 12:18:04.842 353:pos-tag                INFO     Batch size = 32
2023-05-27 12:18:12.443 399:pos-tag                INFO   ***** Eval results *****
2023-05-27 12:18:12.443 401:pos-tag                INFO     eval_acc = 0.5982
2023-05-27 12:18:12.443 401:pos-tag                INFO     eval_f1 = 0.2535
2023-05-27 12:18:12.443 401:pos-tag                INFO     eval_mcc = 0.5698
2023-05-27 12:18:12.444 401:pos-tag                INFO     eval_precision = 0.3298
2023-05-27 12:18:12.444 401:pos-tag                INFO     eval_recall = 0.2506
2023-05-27 12:18:12.444 293:pos-tag                INFO     ********************
2023-05-27 12:18:12.444 294:pos-tag                INFO     Best f1:0.2535
2023-05-27 12:18:12.444 295:pos-tag                INFO     ********************
2023-05-27 12:18:14.771 310:pos-tag                INFO   Saving model checkpoint to ./pos_res_java/random/saved_codet5models/2/layer_5/checkpoint-best-f1/model.bin
2023-05-27 12:18:16.531 351:pos-tag                INFO   ***** Running evaluation *****
2023-05-27 12:18:16.531 352:pos-tag                INFO     Num examples = 293
2023-05-27 12:18:16.531 353:pos-tag                INFO     Batch size = 32
2023-05-27 12:18:24.291 399:pos-tag                INFO   ***** Eval results *****
2023-05-27 12:18:24.292 401:pos-tag                INFO     eval_acc = 0.5971
2023-05-27 12:18:24.292 401:pos-tag                INFO     eval_f1 = 0.2704
2023-05-27 12:18:24.292 401:pos-tag                INFO     eval_mcc = 0.5693
2023-05-27 12:18:24.292 401:pos-tag                INFO     eval_precision = 0.3584
2023-05-27 12:18:24.292 401:pos-tag                INFO     eval_recall = 0.2665
2023-05-27 12:18:24.293 293:pos-tag                INFO     ********************
2023-05-27 12:18:24.293 294:pos-tag                INFO     Best f1:0.2704
2023-05-27 12:18:24.293 295:pos-tag                INFO     ********************
2023-05-27 12:18:26.686 310:pos-tag                INFO   Saving model checkpoint to ./pos_res_java/random/saved_codet5models/2/layer_5/checkpoint-best-f1/model.bin
2023-05-27 12:18:28.480 351:pos-tag                INFO   ***** Running evaluation *****
2023-05-27 12:18:28.481 352:pos-tag                INFO     Num examples = 293
2023-05-27 12:18:28.481 353:pos-tag                INFO     Batch size = 32
2023-05-27 12:18:36.309 399:pos-tag                INFO   ***** Eval results *****
2023-05-27 12:18:36.310 401:pos-tag                INFO     eval_acc = 0.6086
2023-05-27 12:18:36.310 401:pos-tag                INFO     eval_f1 = 0.2898
2023-05-27 12:18:36.310 401:pos-tag                INFO     eval_mcc = 0.5806
2023-05-27 12:18:36.310 401:pos-tag                INFO     eval_precision = 0.3684
2023-05-27 12:18:36.310 401:pos-tag                INFO     eval_recall = 0.279
2023-05-27 12:18:36.311 293:pos-tag                INFO     ********************
2023-05-27 12:18:36.311 294:pos-tag                INFO     Best f1:0.2898
2023-05-27 12:18:36.311 295:pos-tag                INFO     ********************
2023-05-27 12:18:38.798 310:pos-tag                INFO   Saving model checkpoint to ./pos_res_java/random/saved_codet5models/2/layer_5/checkpoint-best-f1/model.bin
2023-05-27 12:18:38.798 315:pos-tag                INFO     ********************
2023-05-27 12:18:38.798 316:pos-tag                INFO     Best MCC:0.5806
2023-05-27 12:18:38.799 317:pos-tag                INFO     ********************
2023-05-27 12:18:41.296 332:pos-tag                INFO   Saving model checkpoint to ./pos_res_java/random/saved_codet5models/2/layer_5/checkpoint-best-mcc/model.bin
2023-05-27 12:18:43.122 351:pos-tag                INFO   ***** Running evaluation *****
2023-05-27 12:18:43.122 352:pos-tag                INFO     Num examples = 293
2023-05-27 12:18:43.122 353:pos-tag                INFO     Batch size = 32
2023-05-27 12:18:50.883 399:pos-tag                INFO   ***** Eval results *****
2023-05-27 12:18:50.884 401:pos-tag                INFO     eval_acc = 0.6197
2023-05-27 12:18:50.884 401:pos-tag                INFO     eval_f1 = 0.2969
2023-05-27 12:18:50.884 401:pos-tag                INFO     eval_mcc = 0.5925
2023-05-27 12:18:50.884 401:pos-tag                INFO     eval_precision = 0.3845
2023-05-27 12:18:50.884 401:pos-tag                INFO     eval_recall = 0.2813
2023-05-27 12:18:50.885 293:pos-tag                INFO     ********************
2023-05-27 12:18:50.885 294:pos-tag                INFO     Best f1:0.2969
2023-05-27 12:18:50.885 295:pos-tag                INFO     ********************
2023-05-27 12:18:53.291 310:pos-tag                INFO   Saving model checkpoint to ./pos_res_java/random/saved_codet5models/2/layer_5/checkpoint-best-f1/model.bin
2023-05-27 12:18:53.292 315:pos-tag                INFO     ********************
2023-05-27 12:18:53.292 316:pos-tag                INFO     Best MCC:0.5925
2023-05-27 12:18:53.292 317:pos-tag                INFO     ********************
2023-05-27 12:18:55.854 332:pos-tag                INFO   Saving model checkpoint to ./pos_res_java/random/saved_codet5models/2/layer_5/checkpoint-best-mcc/model.bin
2023-05-27 12:18:57.662 351:pos-tag                INFO   ***** Running evaluation *****
2023-05-27 12:18:57.662 352:pos-tag                INFO     Num examples = 293
2023-05-27 12:18:57.662 353:pos-tag                INFO     Batch size = 32
2023-05-27 12:19:05.480 399:pos-tag                INFO   ***** Eval results *****
2023-05-27 12:19:05.480 401:pos-tag                INFO     eval_acc = 0.6182
2023-05-27 12:19:05.480 401:pos-tag                INFO     eval_f1 = 0.2958
2023-05-27 12:19:05.480 401:pos-tag                INFO     eval_mcc = 0.5921
2023-05-27 12:19:05.481 401:pos-tag                INFO     eval_precision = 0.3911
2023-05-27 12:19:05.481 401:pos-tag                INFO     eval_recall = 0.2823
2023-05-27 12:19:07.405 351:pos-tag                INFO   ***** Running evaluation *****
2023-05-27 12:19:07.405 352:pos-tag                INFO     Num examples = 293
2023-05-27 12:19:07.405 353:pos-tag                INFO     Batch size = 32
2023-05-27 12:19:15.668 399:pos-tag                INFO   ***** Eval results *****
2023-05-27 12:19:15.668 401:pos-tag                INFO     eval_acc = 0.6175
2023-05-27 12:19:15.669 401:pos-tag                INFO     eval_f1 = 0.2963
2023-05-27 12:19:15.669 401:pos-tag                INFO     eval_mcc = 0.592
2023-05-27 12:19:15.669 401:pos-tag                INFO     eval_precision = 0.3821
2023-05-27 12:19:15.669 401:pos-tag                INFO     eval_recall = 0.2813
2023-05-27 12:19:17.899 351:pos-tag                INFO   ***** Running evaluation *****
2023-05-27 12:19:17.899 352:pos-tag                INFO     Num examples = 293
2023-05-27 12:19:17.899 353:pos-tag                INFO     Batch size = 32
2023-05-27 12:19:25.900 399:pos-tag                INFO   ***** Eval results *****
2023-05-27 12:19:25.901 401:pos-tag                INFO     eval_acc = 0.6187
2023-05-27 12:19:25.901 401:pos-tag                INFO     eval_f1 = 0.3052
2023-05-27 12:19:25.901 401:pos-tag                INFO     eval_mcc = 0.5922
2023-05-27 12:19:25.901 401:pos-tag                INFO     eval_precision = 0.3949
2023-05-27 12:19:25.901 401:pos-tag                INFO     eval_recall = 0.2891
2023-05-27 12:19:25.901 293:pos-tag                INFO     ********************
2023-05-27 12:19:25.901 294:pos-tag                INFO     Best f1:0.3052
2023-05-27 12:19:25.902 295:pos-tag                INFO     ********************
2023-05-27 12:19:28.375 310:pos-tag                INFO   Saving model checkpoint to ./pos_res_java/random/saved_codet5models/2/layer_5/checkpoint-best-f1/model.bin
2023-05-27 12:19:30.187 351:pos-tag                INFO   ***** Running evaluation *****
2023-05-27 12:19:30.187 352:pos-tag                INFO     Num examples = 293
2023-05-27 12:19:30.187 353:pos-tag                INFO     Batch size = 32
2023-05-27 12:19:37.991 399:pos-tag                INFO   ***** Eval results *****
2023-05-27 12:19:37.991 401:pos-tag                INFO     eval_acc = 0.6252
2023-05-27 12:19:37.992 401:pos-tag                INFO     eval_f1 = 0.3424
2023-05-27 12:19:37.992 401:pos-tag                INFO     eval_mcc = 0.5982
2023-05-27 12:19:37.992 401:pos-tag                INFO     eval_precision = 0.4421
2023-05-27 12:19:37.992 401:pos-tag                INFO     eval_recall = 0.32
2023-05-27 12:19:37.992 293:pos-tag                INFO     ********************
2023-05-27 12:19:37.992 294:pos-tag                INFO     Best f1:0.3424
2023-05-27 12:19:37.992 295:pos-tag                INFO     ********************
2023-05-27 12:19:40.360 310:pos-tag                INFO   Saving model checkpoint to ./pos_res_java/random/saved_codet5models/2/layer_5/checkpoint-best-f1/model.bin
2023-05-27 12:19:40.361 315:pos-tag                INFO     ********************
2023-05-27 12:19:40.361 316:pos-tag                INFO     Best MCC:0.5982
2023-05-27 12:19:40.361 317:pos-tag                INFO     ********************
2023-05-27 12:19:42.768 332:pos-tag                INFO   Saving model checkpoint to ./pos_res_java/random/saved_codet5models/2/layer_5/checkpoint-best-mcc/model.bin
2023-05-27 12:19:44.527 351:pos-tag                INFO   ***** Running evaluation *****
2023-05-27 12:19:44.528 352:pos-tag                INFO     Num examples = 293
2023-05-27 12:19:44.528 353:pos-tag                INFO     Batch size = 32
2023-05-27 12:19:52.771 399:pos-tag                INFO   ***** Eval results *****
2023-05-27 12:19:52.772 401:pos-tag                INFO     eval_acc = 0.6298
2023-05-27 12:19:52.772 401:pos-tag                INFO     eval_f1 = 0.3372
2023-05-27 12:19:52.772 401:pos-tag                INFO     eval_mcc = 0.6031
2023-05-27 12:19:52.772 401:pos-tag                INFO     eval_precision = 0.4226
2023-05-27 12:19:52.772 401:pos-tag                INFO     eval_recall = 0.3147
2023-05-27 12:19:52.772 315:pos-tag                INFO     ********************
2023-05-27 12:19:52.773 316:pos-tag                INFO     Best MCC:0.6031
2023-05-27 12:19:52.773 317:pos-tag                INFO     ********************
2023-05-27 12:19:55.162 332:pos-tag                INFO   Saving model checkpoint to ./pos_res_java/random/saved_codet5models/2/layer_5/checkpoint-best-mcc/model.bin
2023-05-27 12:19:57.018 351:pos-tag                INFO   ***** Running evaluation *****
2023-05-27 12:19:57.018 352:pos-tag                INFO     Num examples = 293
2023-05-27 12:19:57.019 353:pos-tag                INFO     Batch size = 32
2023-05-27 12:20:05.670 399:pos-tag                INFO   ***** Eval results *****
2023-05-27 12:20:05.671 401:pos-tag                INFO     eval_acc = 0.626
2023-05-27 12:20:05.671 401:pos-tag                INFO     eval_f1 = 0.326
2023-05-27 12:20:05.671 401:pos-tag                INFO     eval_mcc = 0.6003
2023-05-27 12:20:05.671 401:pos-tag                INFO     eval_precision = 0.4178
2023-05-27 12:20:05.671 401:pos-tag                INFO     eval_recall = 0.304
2023-05-27 12:20:07.098 351:pos-tag                INFO   ***** Running evaluation *****
2023-05-27 12:20:07.098 352:pos-tag                INFO     Num examples = 293
2023-05-27 12:20:07.098 353:pos-tag                INFO     Batch size = 32
2023-05-27 12:20:15.051 399:pos-tag                INFO   ***** Eval results *****
2023-05-27 12:20:15.052 401:pos-tag                INFO     eval_acc = 0.6285
2023-05-27 12:20:15.052 401:pos-tag                INFO     eval_f1 = 0.3374
2023-05-27 12:20:15.052 401:pos-tag                INFO     eval_mcc = 0.6032
2023-05-27 12:20:15.052 401:pos-tag                INFO     eval_precision = 0.4327
2023-05-27 12:20:15.052 401:pos-tag                INFO     eval_recall = 0.3179
2023-05-27 12:20:15.052 315:pos-tag                INFO     ********************
2023-05-27 12:20:15.053 316:pos-tag                INFO     Best MCC:0.6032
2023-05-27 12:20:15.053 317:pos-tag                INFO     ********************
2023-05-27 12:20:17.487 332:pos-tag                INFO   Saving model checkpoint to ./pos_res_java/random/saved_codet5models/2/layer_5/checkpoint-best-mcc/model.bin
2023-05-27 12:20:19.369 351:pos-tag                INFO   ***** Running evaluation *****
2023-05-27 12:20:19.369 352:pos-tag                INFO     Num examples = 293
2023-05-27 12:20:19.369 353:pos-tag                INFO     Batch size = 32
2023-05-27 12:20:27.234 399:pos-tag                INFO   ***** Eval results *****
2023-05-27 12:20:27.235 401:pos-tag                INFO     eval_acc = 0.6293
2023-05-27 12:20:27.235 401:pos-tag                INFO     eval_f1 = 0.3371
2023-05-27 12:20:27.235 401:pos-tag                INFO     eval_mcc = 0.6042
2023-05-27 12:20:27.235 401:pos-tag                INFO     eval_precision = 0.4387
2023-05-27 12:20:27.235 401:pos-tag                INFO     eval_recall = 0.3188
2023-05-27 12:20:27.236 315:pos-tag                INFO     ********************
2023-05-27 12:20:27.236 316:pos-tag                INFO     Best MCC:0.6042
2023-05-27 12:20:27.236 317:pos-tag                INFO     ********************
2023-05-27 12:20:29.689 332:pos-tag                INFO   Saving model checkpoint to ./pos_res_java/random/saved_codet5models/2/layer_5/checkpoint-best-mcc/model.bin
2023-05-27 12:20:31.590 351:pos-tag                INFO   ***** Running evaluation *****
2023-05-27 12:20:31.590 352:pos-tag                INFO     Num examples = 293
2023-05-27 12:20:31.590 353:pos-tag                INFO     Batch size = 32
2023-05-27 12:20:39.667 399:pos-tag                INFO   ***** Eval results *****
2023-05-27 12:20:39.667 401:pos-tag                INFO     eval_acc = 0.6335
2023-05-27 12:20:39.667 401:pos-tag                INFO     eval_f1 = 0.3429
2023-05-27 12:20:39.667 401:pos-tag                INFO     eval_mcc = 0.6075
2023-05-27 12:20:39.667 401:pos-tag                INFO     eval_precision = 0.4367
2023-05-27 12:20:39.668 401:pos-tag                INFO     eval_recall = 0.3239
2023-05-27 12:20:39.668 293:pos-tag                INFO     ********************
2023-05-27 12:20:39.668 294:pos-tag                INFO     Best f1:0.3429
2023-05-27 12:20:39.668 295:pos-tag                INFO     ********************
2023-05-27 12:20:42.120 310:pos-tag                INFO   Saving model checkpoint to ./pos_res_java/random/saved_codet5models/2/layer_5/checkpoint-best-f1/model.bin
2023-05-27 12:20:42.121 315:pos-tag                INFO     ********************
2023-05-27 12:20:42.121 316:pos-tag                INFO     Best MCC:0.6075
2023-05-27 12:20:42.121 317:pos-tag                INFO     ********************
2023-05-27 12:20:44.608 332:pos-tag                INFO   Saving model checkpoint to ./pos_res_java/random/saved_codet5models/2/layer_5/checkpoint-best-mcc/model.bin
2023-05-27 12:20:46.391 351:pos-tag                INFO   ***** Running evaluation *****
2023-05-27 12:20:46.391 352:pos-tag                INFO     Num examples = 293
2023-05-27 12:20:46.392 353:pos-tag                INFO     Batch size = 32
2023-05-27 12:20:54.344 399:pos-tag                INFO   ***** Eval results *****
2023-05-27 12:20:54.344 401:pos-tag                INFO     eval_acc = 0.6341
2023-05-27 12:20:54.344 401:pos-tag                INFO     eval_f1 = 0.3448
2023-05-27 12:20:54.344 401:pos-tag                INFO     eval_mcc = 0.6079
2023-05-27 12:20:54.344 401:pos-tag                INFO     eval_precision = 0.4288
2023-05-27 12:20:54.345 401:pos-tag                INFO     eval_recall = 0.3266
2023-05-27 12:20:54.345 293:pos-tag                INFO     ********************
2023-05-27 12:20:54.345 294:pos-tag                INFO     Best f1:0.3448
2023-05-27 12:20:54.345 295:pos-tag                INFO     ********************
2023-05-27 12:20:56.800 310:pos-tag                INFO   Saving model checkpoint to ./pos_res_java/random/saved_codet5models/2/layer_5/checkpoint-best-f1/model.bin
2023-05-27 12:20:56.801 315:pos-tag                INFO     ********************
2023-05-27 12:20:56.801 316:pos-tag                INFO     Best MCC:0.6079
2023-05-27 12:20:56.801 317:pos-tag                INFO     ********************
2023-05-27 12:20:59.251 332:pos-tag                INFO   Saving model checkpoint to ./pos_res_java/random/saved_codet5models/2/layer_5/checkpoint-best-mcc/model.bin
2023-05-27 12:21:01.031 351:pos-tag                INFO   ***** Running evaluation *****
2023-05-27 12:21:01.032 352:pos-tag                INFO     Num examples = 293
2023-05-27 12:21:01.032 353:pos-tag                INFO     Batch size = 32
2023-05-27 12:21:08.705 399:pos-tag                INFO   ***** Eval results *****
2023-05-27 12:21:08.706 401:pos-tag                INFO     eval_acc = 0.6372
2023-05-27 12:21:08.706 401:pos-tag                INFO     eval_f1 = 0.3404
2023-05-27 12:21:08.706 401:pos-tag                INFO     eval_mcc = 0.6117
2023-05-27 12:21:08.706 401:pos-tag                INFO     eval_precision = 0.4296
2023-05-27 12:21:08.706 401:pos-tag                INFO     eval_recall = 0.3216
2023-05-27 12:21:08.706 315:pos-tag                INFO     ********************
2023-05-27 12:21:08.706 316:pos-tag                INFO     Best MCC:0.6117
2023-05-27 12:21:08.706 317:pos-tag                INFO     ********************
2023-05-27 12:21:11.087 332:pos-tag                INFO   Saving model checkpoint to ./pos_res_java/random/saved_codet5models/2/layer_5/checkpoint-best-mcc/model.bin
2023-05-27 12:21:12.711 351:pos-tag                INFO   ***** Running evaluation *****
2023-05-27 12:21:12.711 352:pos-tag                INFO     Num examples = 293
2023-05-27 12:21:12.711 353:pos-tag                INFO     Batch size = 32
2023-05-27 12:21:19.760 399:pos-tag                INFO   ***** Eval results *****
2023-05-27 12:21:19.761 401:pos-tag                INFO     eval_acc = 0.6395
2023-05-27 12:21:19.761 401:pos-tag                INFO     eval_f1 = 0.3444
2023-05-27 12:21:19.761 401:pos-tag                INFO     eval_mcc = 0.6147
2023-05-27 12:21:19.761 401:pos-tag                INFO     eval_precision = 0.4481
2023-05-27 12:21:19.761 401:pos-tag                INFO     eval_recall = 0.323
2023-05-27 12:21:19.761 315:pos-tag                INFO     ********************
2023-05-27 12:21:19.761 316:pos-tag                INFO     Best MCC:0.6147
2023-05-27 12:21:19.762 317:pos-tag                INFO     ********************
2023-05-27 12:21:22.105 332:pos-tag                INFO   Saving model checkpoint to ./pos_res_java/random/saved_codet5models/2/layer_5/checkpoint-best-mcc/model.bin
2023-05-27 12:21:23.738 351:pos-tag                INFO   ***** Running evaluation *****
2023-05-27 12:21:23.739 352:pos-tag                INFO     Num examples = 293
2023-05-27 12:21:23.739 353:pos-tag                INFO     Batch size = 32
2023-05-27 12:21:30.849 399:pos-tag                INFO   ***** Eval results *****
2023-05-27 12:21:30.850 401:pos-tag                INFO     eval_acc = 0.638
2023-05-27 12:21:30.850 401:pos-tag                INFO     eval_f1 = 0.3533
2023-05-27 12:21:30.850 401:pos-tag                INFO     eval_mcc = 0.6128
2023-05-27 12:21:30.850 401:pos-tag                INFO     eval_precision = 0.4614
2023-05-27 12:21:30.850 401:pos-tag                INFO     eval_recall = 0.3287
2023-05-27 12:21:30.850 293:pos-tag                INFO     ********************
2023-05-27 12:21:30.851 294:pos-tag                INFO     Best f1:0.3533
2023-05-27 12:21:30.851 295:pos-tag                INFO     ********************
2023-05-27 12:21:33.263 310:pos-tag                INFO   Saving model checkpoint to ./pos_res_java/random/saved_codet5models/2/layer_5/checkpoint-best-f1/model.bin
2023-05-27 12:21:34.886 351:pos-tag                INFO   ***** Running evaluation *****
2023-05-27 12:21:34.887 352:pos-tag                INFO     Num examples = 293
2023-05-27 12:21:34.887 353:pos-tag                INFO     Batch size = 32
2023-05-27 12:21:41.936 399:pos-tag                INFO   ***** Eval results *****
2023-05-27 12:21:41.936 401:pos-tag                INFO     eval_acc = 0.6369
2023-05-27 12:21:41.936 401:pos-tag                INFO     eval_f1 = 0.3564
2023-05-27 12:21:41.937 401:pos-tag                INFO     eval_mcc = 0.6113
2023-05-27 12:21:41.937 401:pos-tag                INFO     eval_precision = 0.4645
2023-05-27 12:21:41.937 401:pos-tag                INFO     eval_recall = 0.3306
2023-05-27 12:21:41.937 293:pos-tag                INFO     ********************
2023-05-27 12:21:41.937 294:pos-tag                INFO     Best f1:0.3564
2023-05-27 12:21:41.937 295:pos-tag                INFO     ********************
2023-05-27 12:21:44.437 310:pos-tag                INFO   Saving model checkpoint to ./pos_res_java/random/saved_codet5models/2/layer_5/checkpoint-best-f1/model.bin
2023-05-27 12:21:46.064 351:pos-tag                INFO   ***** Running evaluation *****
2023-05-27 12:21:46.065 352:pos-tag                INFO     Num examples = 293
2023-05-27 12:21:46.065 353:pos-tag                INFO     Batch size = 32
2023-05-27 12:21:53.485 399:pos-tag                INFO   ***** Eval results *****
2023-05-27 12:21:53.486 401:pos-tag                INFO     eval_acc = 0.637
2023-05-27 12:21:53.486 401:pos-tag                INFO     eval_f1 = 0.3601
2023-05-27 12:21:53.486 401:pos-tag                INFO     eval_mcc = 0.6113
2023-05-27 12:21:53.486 401:pos-tag                INFO     eval_precision = 0.4815
2023-05-27 12:21:53.486 401:pos-tag                INFO     eval_recall = 0.3337
2023-05-27 12:21:53.487 293:pos-tag                INFO     ********************
2023-05-27 12:21:53.487 294:pos-tag                INFO     Best f1:0.3601
2023-05-27 12:21:53.487 295:pos-tag                INFO     ********************
2023-05-27 12:21:56.001 310:pos-tag                INFO   Saving model checkpoint to ./pos_res_java/random/saved_codet5models/2/layer_5/checkpoint-best-f1/model.bin
2023-05-27 12:21:57.817 351:pos-tag                INFO   ***** Running evaluation *****
2023-05-27 12:21:57.817 352:pos-tag                INFO     Num examples = 293
2023-05-27 12:21:57.818 353:pos-tag                INFO     Batch size = 32
2023-05-27 12:22:04.882 399:pos-tag                INFO   ***** Eval results *****
2023-05-27 12:22:04.882 401:pos-tag                INFO     eval_acc = 0.6369
2023-05-27 12:22:04.882 401:pos-tag                INFO     eval_f1 = 0.3711
2023-05-27 12:22:04.882 401:pos-tag                INFO     eval_mcc = 0.6114
2023-05-27 12:22:04.883 401:pos-tag                INFO     eval_precision = 0.4722
2023-05-27 12:22:04.883 401:pos-tag                INFO     eval_recall = 0.3455
2023-05-27 12:22:04.883 293:pos-tag                INFO     ********************
2023-05-27 12:22:04.883 294:pos-tag                INFO     Best f1:0.3711
2023-05-27 12:22:04.883 295:pos-tag                INFO     ********************
2023-05-27 12:22:07.303 310:pos-tag                INFO   Saving model checkpoint to ./pos_res_java/random/saved_codet5models/2/layer_5/checkpoint-best-f1/model.bin
2023-05-27 12:22:08.978 351:pos-tag                INFO   ***** Running evaluation *****
2023-05-27 12:22:08.979 352:pos-tag                INFO     Num examples = 293
2023-05-27 12:22:08.979 353:pos-tag                INFO     Batch size = 32
2023-05-27 12:22:16.063 399:pos-tag                INFO   ***** Eval results *****
2023-05-27 12:22:16.064 401:pos-tag                INFO     eval_acc = 0.6376
2023-05-27 12:22:16.064 401:pos-tag                INFO     eval_f1 = 0.3664
2023-05-27 12:22:16.064 401:pos-tag                INFO     eval_mcc = 0.6125
2023-05-27 12:22:16.064 401:pos-tag                INFO     eval_precision = 0.4614
2023-05-27 12:22:16.064 401:pos-tag                INFO     eval_recall = 0.3416
2023-05-27 12:22:17.766 351:pos-tag                INFO   ***** Running evaluation *****
2023-05-27 12:22:17.767 352:pos-tag                INFO     Num examples = 293
2023-05-27 12:22:17.767 353:pos-tag                INFO     Batch size = 32
2023-05-27 12:22:24.915 399:pos-tag                INFO   ***** Eval results *****
2023-05-27 12:22:24.916 401:pos-tag                INFO     eval_acc = 0.6416
2023-05-27 12:22:24.916 401:pos-tag                INFO     eval_f1 = 0.3665
2023-05-27 12:22:24.916 401:pos-tag                INFO     eval_mcc = 0.6167
2023-05-27 12:22:24.916 401:pos-tag                INFO     eval_precision = 0.4624
2023-05-27 12:22:24.916 401:pos-tag                INFO     eval_recall = 0.341
2023-05-27 12:22:24.916 315:pos-tag                INFO     ********************
2023-05-27 12:22:24.916 316:pos-tag                INFO     Best MCC:0.6167
2023-05-27 12:22:24.917 317:pos-tag                INFO     ********************
2023-05-27 12:22:27.308 332:pos-tag                INFO   Saving model checkpoint to ./pos_res_java/random/saved_codet5models/2/layer_5/checkpoint-best-mcc/model.bin
2023-05-27 12:22:28.950 351:pos-tag                INFO   ***** Running evaluation *****
2023-05-27 12:22:28.950 352:pos-tag                INFO     Num examples = 293
2023-05-27 12:22:28.951 353:pos-tag                INFO     Batch size = 32
2023-05-27 12:22:36.080 399:pos-tag                INFO   ***** Eval results *****
2023-05-27 12:22:36.081 401:pos-tag                INFO     eval_acc = 0.6431
2023-05-27 12:22:36.081 401:pos-tag                INFO     eval_f1 = 0.378
2023-05-27 12:22:36.081 401:pos-tag                INFO     eval_mcc = 0.6186
2023-05-27 12:22:36.082 401:pos-tag                INFO     eval_precision = 0.4853
2023-05-27 12:22:36.082 401:pos-tag                INFO     eval_recall = 0.3531
2023-05-27 12:22:36.082 293:pos-tag                INFO     ********************
2023-05-27 12:22:36.082 294:pos-tag                INFO     Best f1:0.378
2023-05-27 12:22:36.082 295:pos-tag                INFO     ********************
2023-05-27 12:22:38.535 310:pos-tag                INFO   Saving model checkpoint to ./pos_res_java/random/saved_codet5models/2/layer_5/checkpoint-best-f1/model.bin
2023-05-27 12:22:38.535 315:pos-tag                INFO     ********************
2023-05-27 12:22:38.535 316:pos-tag                INFO     Best MCC:0.6186
2023-05-27 12:22:38.535 317:pos-tag                INFO     ********************
2023-05-27 12:22:40.910 332:pos-tag                INFO   Saving model checkpoint to ./pos_res_java/random/saved_codet5models/2/layer_5/checkpoint-best-mcc/model.bin
2023-05-27 12:22:43.246 351:pos-tag                INFO   ***** Running evaluation *****
2023-05-27 12:22:43.247 352:pos-tag                INFO     Num examples = 293
2023-05-27 12:22:43.247 353:pos-tag                INFO     Batch size = 32
2023-05-27 12:22:53.486 399:pos-tag                INFO   ***** Eval results *****
2023-05-27 12:22:53.486 401:pos-tag                INFO     eval_acc = 0.6443
2023-05-27 12:22:53.486 401:pos-tag                INFO     eval_f1 = 0.3873
2023-05-27 12:22:53.487 401:pos-tag                INFO     eval_mcc = 0.6196
2023-05-27 12:22:53.487 401:pos-tag                INFO     eval_precision = 0.4877
2023-05-27 12:22:53.487 401:pos-tag                INFO     eval_recall = 0.3638
2023-05-27 12:22:53.487 293:pos-tag                INFO     ********************
2023-05-27 12:22:53.487 294:pos-tag                INFO     Best f1:0.3873
2023-05-27 12:22:53.487 295:pos-tag                INFO     ********************
2023-05-27 12:22:55.808 310:pos-tag                INFO   Saving model checkpoint to ./pos_res_java/random/saved_codet5models/2/layer_5/checkpoint-best-f1/model.bin
2023-05-27 12:22:55.809 315:pos-tag                INFO     ********************
2023-05-27 12:22:55.809 316:pos-tag                INFO     Best MCC:0.6196
2023-05-27 12:22:55.809 317:pos-tag                INFO     ********************
2023-05-27 12:22:58.164 332:pos-tag                INFO   Saving model checkpoint to ./pos_res_java/random/saved_codet5models/2/layer_5/checkpoint-best-mcc/model.bin
2023-05-27 12:22:59.979 351:pos-tag                INFO   ***** Running evaluation *****
2023-05-27 12:22:59.979 352:pos-tag                INFO     Num examples = 293
2023-05-27 12:22:59.980 353:pos-tag                INFO     Batch size = 32
2023-05-27 12:23:10.021 399:pos-tag                INFO   ***** Eval results *****
2023-05-27 12:23:10.021 401:pos-tag                INFO     eval_acc = 0.646
2023-05-27 12:23:10.021 401:pos-tag                INFO     eval_f1 = 0.393
2023-05-27 12:23:10.021 401:pos-tag                INFO     eval_mcc = 0.621
2023-05-27 12:23:10.022 401:pos-tag                INFO     eval_precision = 0.4865
2023-05-27 12:23:10.022 401:pos-tag                INFO     eval_recall = 0.3716
2023-05-27 12:23:10.022 293:pos-tag                INFO     ********************
2023-05-27 12:23:10.022 294:pos-tag                INFO     Best f1:0.393
2023-05-27 12:23:10.022 295:pos-tag                INFO     ********************
2023-05-27 12:23:12.323 310:pos-tag                INFO   Saving model checkpoint to ./pos_res_java/random/saved_codet5models/2/layer_5/checkpoint-best-f1/model.bin
2023-05-27 12:23:12.324 315:pos-tag                INFO     ********************
2023-05-27 12:23:12.324 316:pos-tag                INFO     Best MCC:0.621
2023-05-27 12:23:12.324 317:pos-tag                INFO     ********************
2023-05-27 12:23:14.638 332:pos-tag                INFO   Saving model checkpoint to ./pos_res_java/random/saved_codet5models/2/layer_5/checkpoint-best-mcc/model.bin
2023-05-27 12:23:17.975 351:pos-tag                INFO   ***** Running evaluation *****
2023-05-27 12:23:17.976 352:pos-tag                INFO     Num examples = 293
2023-05-27 12:23:17.976 353:pos-tag                INFO     Batch size = 32
2023-05-27 12:23:26.473 399:pos-tag                INFO   ***** Eval results *****
2023-05-27 12:23:26.473 401:pos-tag                INFO     eval_acc = 0.6478
2023-05-27 12:23:26.473 401:pos-tag                INFO     eval_f1 = 0.4086
2023-05-27 12:23:26.473 401:pos-tag                INFO     eval_mcc = 0.6228
2023-05-27 12:23:26.474 401:pos-tag                INFO     eval_precision = 0.4975
2023-05-27 12:23:26.474 401:pos-tag                INFO     eval_recall = 0.3862
2023-05-27 12:23:26.474 293:pos-tag                INFO     ********************
2023-05-27 12:23:26.474 294:pos-tag                INFO     Best f1:0.4086
2023-05-27 12:23:26.474 295:pos-tag                INFO     ********************
2023-05-27 12:23:28.972 310:pos-tag                INFO   Saving model checkpoint to ./pos_res_java/random/saved_codet5models/2/layer_5/checkpoint-best-f1/model.bin
2023-05-27 12:23:28.972 315:pos-tag                INFO     ********************
2023-05-27 12:23:28.973 316:pos-tag                INFO     Best MCC:0.6228
2023-05-27 12:23:28.973 317:pos-tag                INFO     ********************
2023-05-27 12:23:31.488 332:pos-tag                INFO   Saving model checkpoint to ./pos_res_java/random/saved_codet5models/2/layer_5/checkpoint-best-mcc/model.bin
2023-05-27 12:23:33.257 351:pos-tag                INFO   ***** Running evaluation *****
2023-05-27 12:23:33.257 352:pos-tag                INFO     Num examples = 293
2023-05-27 12:23:33.257 353:pos-tag                INFO     Batch size = 32
2023-05-27 12:23:41.023 399:pos-tag                INFO   ***** Eval results *****
2023-05-27 12:23:41.024 401:pos-tag                INFO     eval_acc = 0.6465
2023-05-27 12:23:41.024 401:pos-tag                INFO     eval_f1 = 0.4084
2023-05-27 12:23:41.024 401:pos-tag                INFO     eval_mcc = 0.6214
2023-05-27 12:23:41.024 401:pos-tag                INFO     eval_precision = 0.4959
2023-05-27 12:23:41.024 401:pos-tag                INFO     eval_recall = 0.3872
2023-05-27 12:23:42.900 351:pos-tag                INFO   ***** Running evaluation *****
2023-05-27 12:23:42.900 352:pos-tag                INFO     Num examples = 293
2023-05-27 12:23:42.900 353:pos-tag                INFO     Batch size = 32
2023-05-27 12:23:51.516 399:pos-tag                INFO   ***** Eval results *****
2023-05-27 12:23:51.517 401:pos-tag                INFO     eval_acc = 0.6465
2023-05-27 12:23:51.517 401:pos-tag                INFO     eval_f1 = 0.4026
2023-05-27 12:23:51.517 401:pos-tag                INFO     eval_mcc = 0.6214
2023-05-27 12:23:51.517 401:pos-tag                INFO     eval_precision = 0.4949
2023-05-27 12:23:51.517 401:pos-tag                INFO     eval_recall = 0.3824
2023-05-27 12:23:53.510 351:pos-tag                INFO   ***** Running evaluation *****
2023-05-27 12:23:53.511 352:pos-tag                INFO     Num examples = 293
2023-05-27 12:23:53.511 353:pos-tag                INFO     Batch size = 32
2023-05-27 12:24:01.502 399:pos-tag                INFO   ***** Eval results *****
2023-05-27 12:24:01.503 401:pos-tag                INFO     eval_acc = 0.6456
2023-05-27 12:24:01.503 401:pos-tag                INFO     eval_f1 = 0.4063
2023-05-27 12:24:01.503 401:pos-tag                INFO     eval_mcc = 0.6206
2023-05-27 12:24:01.503 401:pos-tag                INFO     eval_precision = 0.5095
2023-05-27 12:24:01.503 401:pos-tag                INFO     eval_recall = 0.3821
2023-05-27 12:24:03.414 351:pos-tag                INFO   ***** Running evaluation *****
2023-05-27 12:24:03.414 352:pos-tag                INFO     Num examples = 293
2023-05-27 12:24:03.414 353:pos-tag                INFO     Batch size = 32
2023-05-27 12:24:11.501 399:pos-tag                INFO   ***** Eval results *****
2023-05-27 12:24:11.502 401:pos-tag                INFO     eval_acc = 0.6436
2023-05-27 12:24:11.502 401:pos-tag                INFO     eval_f1 = 0.4103
2023-05-27 12:24:11.502 401:pos-tag                INFO     eval_mcc = 0.6188
2023-05-27 12:24:11.503 401:pos-tag                INFO     eval_precision = 0.5109
2023-05-27 12:24:11.503 401:pos-tag                INFO     eval_recall = 0.3849
2023-05-27 12:24:11.503 293:pos-tag                INFO     ********************
2023-05-27 12:24:11.503 294:pos-tag                INFO     Best f1:0.4103
2023-05-27 12:24:11.503 295:pos-tag                INFO     ********************
2023-05-27 12:24:14.035 310:pos-tag                INFO   Saving model checkpoint to ./pos_res_java/random/saved_codet5models/2/layer_5/checkpoint-best-f1/model.bin
2023-05-27 12:24:15.912 351:pos-tag                INFO   ***** Running evaluation *****
2023-05-27 12:24:15.912 352:pos-tag                INFO     Num examples = 293
2023-05-27 12:24:15.913 353:pos-tag                INFO     Batch size = 32
2023-05-27 12:24:23.955 399:pos-tag                INFO   ***** Eval results *****
2023-05-27 12:24:23.955 401:pos-tag                INFO     eval_acc = 0.6444
2023-05-27 12:24:23.955 401:pos-tag                INFO     eval_f1 = 0.4097
2023-05-27 12:24:23.956 401:pos-tag                INFO     eval_mcc = 0.6204
2023-05-27 12:24:23.956 401:pos-tag                INFO     eval_precision = 0.5044
2023-05-27 12:24:23.956 401:pos-tag                INFO     eval_recall = 0.3879
2023-05-27 12:24:26.078 351:pos-tag                INFO   ***** Running evaluation *****
2023-05-27 12:24:26.079 352:pos-tag                INFO     Num examples = 293
2023-05-27 12:24:26.079 353:pos-tag                INFO     Batch size = 32
2023-05-27 12:24:34.336 399:pos-tag                INFO   ***** Eval results *****
2023-05-27 12:24:34.336 401:pos-tag                INFO     eval_acc = 0.6466
2023-05-27 12:24:34.336 401:pos-tag                INFO     eval_f1 = 0.3918
2023-05-27 12:24:34.337 401:pos-tag                INFO     eval_mcc = 0.6223
2023-05-27 12:24:34.337 401:pos-tag                INFO     eval_precision = 0.4837
2023-05-27 12:24:34.337 401:pos-tag                INFO     eval_recall = 0.3731
2023-05-27 12:24:36.194 351:pos-tag                INFO   ***** Running evaluation *****
2023-05-27 12:24:36.194 352:pos-tag                INFO     Num examples = 293
2023-05-27 12:24:36.194 353:pos-tag                INFO     Batch size = 32
2023-05-27 12:24:44.297 399:pos-tag                INFO   ***** Eval results *****
2023-05-27 12:24:44.298 401:pos-tag                INFO     eval_acc = 0.6484
2023-05-27 12:24:44.298 401:pos-tag                INFO     eval_f1 = 0.3933
2023-05-27 12:24:44.298 401:pos-tag                INFO     eval_mcc = 0.6239
2023-05-27 12:24:44.298 401:pos-tag                INFO     eval_precision = 0.4909
2023-05-27 12:24:44.298 401:pos-tag                INFO     eval_recall = 0.3738
2023-05-27 12:24:44.298 315:pos-tag                INFO     ********************
2023-05-27 12:24:44.299 316:pos-tag                INFO     Best MCC:0.6239
2023-05-27 12:24:44.299 317:pos-tag                INFO     ********************
2023-05-27 12:24:46.680 332:pos-tag                INFO   Saving model checkpoint to ./pos_res_java/random/saved_codet5models/2/layer_5/checkpoint-best-mcc/model.bin
2023-05-27 12:24:48.570 351:pos-tag                INFO   ***** Running evaluation *****
2023-05-27 12:24:48.571 352:pos-tag                INFO     Num examples = 293
2023-05-27 12:24:48.571 353:pos-tag                INFO     Batch size = 32
2023-05-27 12:24:56.655 399:pos-tag                INFO   ***** Eval results *****
2023-05-27 12:24:56.655 401:pos-tag                INFO     eval_acc = 0.6491
2023-05-27 12:24:56.656 401:pos-tag                INFO     eval_f1 = 0.3833
2023-05-27 12:24:56.656 401:pos-tag                INFO     eval_mcc = 0.6243
2023-05-27 12:24:56.656 401:pos-tag                INFO     eval_precision = 0.4807
2023-05-27 12:24:56.656 401:pos-tag                INFO     eval_recall = 0.3638
2023-05-27 12:24:56.656 315:pos-tag                INFO     ********************
2023-05-27 12:24:56.656 316:pos-tag                INFO     Best MCC:0.6243
2023-05-27 12:24:56.656 317:pos-tag                INFO     ********************
2023-05-27 12:24:59.193 332:pos-tag                INFO   Saving model checkpoint to ./pos_res_java/random/saved_codet5models/2/layer_5/checkpoint-best-mcc/model.bin
2023-05-27 12:25:01.123 351:pos-tag                INFO   ***** Running evaluation *****
2023-05-27 12:25:01.123 352:pos-tag                INFO     Num examples = 293
2023-05-27 12:25:01.123 353:pos-tag                INFO     Batch size = 32
2023-05-27 12:25:09.125 399:pos-tag                INFO   ***** Eval results *****
2023-05-27 12:25:09.125 401:pos-tag                INFO     eval_acc = 0.6489
2023-05-27 12:25:09.125 401:pos-tag                INFO     eval_f1 = 0.3944
2023-05-27 12:25:09.125 401:pos-tag                INFO     eval_mcc = 0.6241
2023-05-27 12:25:09.125 401:pos-tag                INFO     eval_precision = 0.4934
2023-05-27 12:25:09.125 401:pos-tag                INFO     eval_recall = 0.3735
2023-05-27 12:25:11.109 351:pos-tag                INFO   ***** Running evaluation *****
2023-05-27 12:25:11.109 352:pos-tag                INFO     Num examples = 293
2023-05-27 12:25:11.109 353:pos-tag                INFO     Batch size = 32
2023-05-27 12:25:19.204 399:pos-tag                INFO   ***** Eval results *****
2023-05-27 12:25:19.205 401:pos-tag                INFO     eval_acc = 0.6464
2023-05-27 12:25:19.205 401:pos-tag                INFO     eval_f1 = 0.3898
2023-05-27 12:25:19.205 401:pos-tag                INFO     eval_mcc = 0.6214
2023-05-27 12:25:19.205 401:pos-tag                INFO     eval_precision = 0.4833
2023-05-27 12:25:19.205 401:pos-tag                INFO     eval_recall = 0.3726
2023-05-27 12:25:21.104 351:pos-tag                INFO   ***** Running evaluation *****
2023-05-27 12:25:21.104 352:pos-tag                INFO     Num examples = 293
2023-05-27 12:25:21.104 353:pos-tag                INFO     Batch size = 32
2023-05-27 12:25:29.199 399:pos-tag                INFO   ***** Eval results *****
2023-05-27 12:25:29.200 401:pos-tag                INFO     eval_acc = 0.6468
2023-05-27 12:25:29.200 401:pos-tag                INFO     eval_f1 = 0.3896
2023-05-27 12:25:29.200 401:pos-tag                INFO     eval_mcc = 0.622
2023-05-27 12:25:29.200 401:pos-tag                INFO     eval_precision = 0.4831
2023-05-27 12:25:29.200 401:pos-tag                INFO     eval_recall = 0.3729
2023-05-27 12:25:31.106 351:pos-tag                INFO   ***** Running evaluation *****
2023-05-27 12:25:31.107 352:pos-tag                INFO     Num examples = 293
2023-05-27 12:25:31.107 353:pos-tag                INFO     Batch size = 32
2023-05-27 12:25:39.234 399:pos-tag                INFO   ***** Eval results *****
2023-05-27 12:25:39.235 401:pos-tag                INFO     eval_acc = 0.6488
2023-05-27 12:25:39.235 401:pos-tag                INFO     eval_f1 = 0.3889
2023-05-27 12:25:39.235 401:pos-tag                INFO     eval_mcc = 0.6243
2023-05-27 12:25:39.235 401:pos-tag                INFO     eval_precision = 0.4797
2023-05-27 12:25:39.235 401:pos-tag                INFO     eval_recall = 0.3723
2023-05-27 12:25:39.236 315:pos-tag                INFO     ********************
2023-05-27 12:25:39.236 316:pos-tag                INFO     Best MCC:0.6243
2023-05-27 12:25:39.236 317:pos-tag                INFO     ********************
2023-05-27 12:25:41.637 332:pos-tag                INFO   Saving model checkpoint to ./pos_res_java/random/saved_codet5models/2/layer_5/checkpoint-best-mcc/model.bin
2023-05-27 12:25:43.053 351:pos-tag                INFO   ***** Running evaluation *****
2023-05-27 12:25:43.054 352:pos-tag                INFO     Num examples = 293
2023-05-27 12:25:43.054 353:pos-tag                INFO     Batch size = 32
2023-05-27 12:25:51.242 399:pos-tag                INFO   ***** Eval results *****
2023-05-27 12:25:51.242 401:pos-tag                INFO     eval_acc = 0.6485
2023-05-27 12:25:51.242 401:pos-tag                INFO     eval_f1 = 0.4005
2023-05-27 12:25:51.242 401:pos-tag                INFO     eval_mcc = 0.6241
2023-05-27 12:25:51.242 401:pos-tag                INFO     eval_precision = 0.4926
2023-05-27 12:25:51.242 401:pos-tag                INFO     eval_recall = 0.3808
2023-05-27 12:25:53.193 351:pos-tag                INFO   ***** Running evaluation *****
2023-05-27 12:25:53.193 352:pos-tag                INFO     Num examples = 293
2023-05-27 12:25:53.193 353:pos-tag                INFO     Batch size = 32
2023-05-27 12:26:01.390 399:pos-tag                INFO   ***** Eval results *****
2023-05-27 12:26:01.391 401:pos-tag                INFO     eval_acc = 0.6462
2023-05-27 12:26:01.391 401:pos-tag                INFO     eval_f1 = 0.4131
2023-05-27 12:26:01.391 401:pos-tag                INFO     eval_mcc = 0.622
2023-05-27 12:26:01.391 401:pos-tag                INFO     eval_precision = 0.5011
2023-05-27 12:26:01.391 401:pos-tag                INFO     eval_recall = 0.3953
2023-05-27 12:26:01.391 293:pos-tag                INFO     ********************
2023-05-27 12:26:01.391 294:pos-tag                INFO     Best f1:0.4131
2023-05-27 12:26:01.391 295:pos-tag                INFO     ********************
2023-05-27 12:26:03.804 310:pos-tag                INFO   Saving model checkpoint to ./pos_res_java/random/saved_codet5models/2/layer_5/checkpoint-best-f1/model.bin
2023-05-27 12:26:05.582 351:pos-tag                INFO   ***** Running evaluation *****
2023-05-27 12:26:05.583 352:pos-tag                INFO     Num examples = 293
2023-05-27 12:26:05.583 353:pos-tag                INFO     Batch size = 32
2023-05-27 12:26:13.804 399:pos-tag                INFO   ***** Eval results *****
2023-05-27 12:26:13.805 401:pos-tag                INFO     eval_acc = 0.6456
2023-05-27 12:26:13.805 401:pos-tag                INFO     eval_f1 = 0.414
2023-05-27 12:26:13.805 401:pos-tag                INFO     eval_mcc = 0.6216
2023-05-27 12:26:13.805 401:pos-tag                INFO     eval_precision = 0.5041
2023-05-27 12:26:13.805 401:pos-tag                INFO     eval_recall = 0.3956
2023-05-27 12:26:13.805 293:pos-tag                INFO     ********************
2023-05-27 12:26:13.805 294:pos-tag                INFO     Best f1:0.414
2023-05-27 12:26:13.805 295:pos-tag                INFO     ********************
2023-05-27 12:26:16.471 310:pos-tag                INFO   Saving model checkpoint to ./pos_res_java/random/saved_codet5models/2/layer_5/checkpoint-best-f1/model.bin
2023-05-27 12:26:18.366 351:pos-tag                INFO   ***** Running evaluation *****
2023-05-27 12:26:18.366 352:pos-tag                INFO     Num examples = 293
2023-05-27 12:26:18.367 353:pos-tag                INFO     Batch size = 32
2023-05-27 12:26:26.399 399:pos-tag                INFO   ***** Eval results *****
2023-05-27 12:26:26.400 401:pos-tag                INFO     eval_acc = 0.6509
2023-05-27 12:26:26.400 401:pos-tag                INFO     eval_f1 = 0.4249
2023-05-27 12:26:26.400 401:pos-tag                INFO     eval_mcc = 0.6267
2023-05-27 12:26:26.400 401:pos-tag                INFO     eval_precision = 0.5158
2023-05-27 12:26:26.400 401:pos-tag                INFO     eval_recall = 0.4058
2023-05-27 12:26:26.400 293:pos-tag                INFO     ********************
2023-05-27 12:26:26.400 294:pos-tag                INFO     Best f1:0.4249
2023-05-27 12:26:26.401 295:pos-tag                INFO     ********************
2023-05-27 12:26:28.964 310:pos-tag                INFO   Saving model checkpoint to ./pos_res_java/random/saved_codet5models/2/layer_5/checkpoint-best-f1/model.bin
2023-05-27 12:26:28.964 315:pos-tag                INFO     ********************
2023-05-27 12:26:28.964 316:pos-tag                INFO     Best MCC:0.6267
2023-05-27 12:26:28.964 317:pos-tag                INFO     ********************
2023-05-27 12:26:31.677 332:pos-tag                INFO   Saving model checkpoint to ./pos_res_java/random/saved_codet5models/2/layer_5/checkpoint-best-mcc/model.bin
2023-05-27 12:26:33.415 351:pos-tag                INFO   ***** Running evaluation *****
2023-05-27 12:26:33.415 352:pos-tag                INFO     Num examples = 293
2023-05-27 12:26:33.415 353:pos-tag                INFO     Batch size = 32
2023-05-27 12:26:41.484 399:pos-tag                INFO   ***** Eval results *****
2023-05-27 12:26:41.484 401:pos-tag                INFO     eval_acc = 0.6503
2023-05-27 12:26:41.484 401:pos-tag                INFO     eval_f1 = 0.4234
2023-05-27 12:26:41.485 401:pos-tag                INFO     eval_mcc = 0.6259
2023-05-27 12:26:41.485 401:pos-tag                INFO     eval_precision = 0.5139
2023-05-27 12:26:41.485 401:pos-tag                INFO     eval_recall = 0.4057
2023-05-27 12:26:43.411 351:pos-tag                INFO   ***** Running evaluation *****
2023-05-27 12:26:43.411 352:pos-tag                INFO     Num examples = 293
2023-05-27 12:26:43.412 353:pos-tag                INFO     Batch size = 32
2023-05-27 12:26:51.289 399:pos-tag                INFO   ***** Eval results *****
2023-05-27 12:26:51.289 401:pos-tag                INFO     eval_acc = 0.6509
2023-05-27 12:26:51.289 401:pos-tag                INFO     eval_f1 = 0.4234
2023-05-27 12:26:51.289 401:pos-tag                INFO     eval_mcc = 0.6264
2023-05-27 12:26:51.289 401:pos-tag                INFO     eval_precision = 0.5139
2023-05-27 12:26:51.290 401:pos-tag                INFO     eval_recall = 0.4055
2023-05-27 12:26:53.240 351:pos-tag                INFO   ***** Running evaluation *****
2023-05-27 12:26:53.240 352:pos-tag                INFO     Num examples = 293
2023-05-27 12:26:53.240 353:pos-tag                INFO     Batch size = 32
2023-05-27 12:27:01.141 399:pos-tag                INFO   ***** Eval results *****
2023-05-27 12:27:01.141 401:pos-tag                INFO     eval_acc = 0.652
2023-05-27 12:27:01.141 401:pos-tag                INFO     eval_f1 = 0.4258
2023-05-27 12:27:01.141 401:pos-tag                INFO     eval_mcc = 0.6274
2023-05-27 12:27:01.141 401:pos-tag                INFO     eval_precision = 0.5187
2023-05-27 12:27:01.142 401:pos-tag                INFO     eval_recall = 0.4043
2023-05-27 12:27:01.142 293:pos-tag                INFO     ********************
2023-05-27 12:27:01.142 294:pos-tag                INFO     Best f1:0.4258
2023-05-27 12:27:01.142 295:pos-tag                INFO     ********************
2023-05-27 12:27:03.843 310:pos-tag                INFO   Saving model checkpoint to ./pos_res_java/random/saved_codet5models/2/layer_5/checkpoint-best-f1/model.bin
2023-05-27 12:27:03.844 315:pos-tag                INFO     ********************
2023-05-27 12:27:03.844 316:pos-tag                INFO     Best MCC:0.6274
2023-05-27 12:27:03.844 317:pos-tag                INFO     ********************
2023-05-27 12:27:06.519 332:pos-tag                INFO   Saving model checkpoint to ./pos_res_java/random/saved_codet5models/2/layer_5/checkpoint-best-mcc/model.bin
2023-05-27 12:27:08.369 351:pos-tag                INFO   ***** Running evaluation *****
2023-05-27 12:27:08.369 352:pos-tag                INFO     Num examples = 293
2023-05-27 12:27:08.369 353:pos-tag                INFO     Batch size = 32
2023-05-27 12:27:16.466 399:pos-tag                INFO   ***** Eval results *****
2023-05-27 12:27:16.467 401:pos-tag                INFO     eval_acc = 0.6525
2023-05-27 12:27:16.467 401:pos-tag                INFO     eval_f1 = 0.4239
2023-05-27 12:27:16.467 401:pos-tag                INFO     eval_mcc = 0.6279
2023-05-27 12:27:16.467 401:pos-tag                INFO     eval_precision = 0.5167
2023-05-27 12:27:16.467 401:pos-tag                INFO     eval_recall = 0.4027
2023-05-27 12:27:16.467 315:pos-tag                INFO     ********************
2023-05-27 12:27:16.467 316:pos-tag                INFO     Best MCC:0.6279
2023-05-27 12:27:16.468 317:pos-tag                INFO     ********************
2023-05-27 12:27:19.079 332:pos-tag                INFO   Saving model checkpoint to ./pos_res_java/random/saved_codet5models/2/layer_5/checkpoint-best-mcc/model.bin
2023-05-27 12:27:20.877 351:pos-tag                INFO   ***** Running evaluation *****
2023-05-27 12:27:20.877 352:pos-tag                INFO     Num examples = 293
2023-05-27 12:27:20.877 353:pos-tag                INFO     Batch size = 32
2023-05-27 12:27:28.926 399:pos-tag                INFO   ***** Eval results *****
2023-05-27 12:27:28.927 401:pos-tag                INFO     eval_acc = 0.6514
2023-05-27 12:27:28.927 401:pos-tag                INFO     eval_f1 = 0.4234
2023-05-27 12:27:28.927 401:pos-tag                INFO     eval_mcc = 0.6268
2023-05-27 12:27:28.927 401:pos-tag                INFO     eval_precision = 0.5249
2023-05-27 12:27:28.928 401:pos-tag                INFO     eval_recall = 0.4027
2023-05-27 12:27:30.880 351:pos-tag                INFO   ***** Running evaluation *****
2023-05-27 12:27:30.880 352:pos-tag                INFO     Num examples = 293
2023-05-27 12:27:30.880 353:pos-tag                INFO     Batch size = 32
2023-05-27 12:27:38.947 399:pos-tag                INFO   ***** Eval results *****
2023-05-27 12:27:38.948 401:pos-tag                INFO     eval_acc = 0.6511
2023-05-27 12:27:38.948 401:pos-tag                INFO     eval_f1 = 0.4233
2023-05-27 12:27:38.948 401:pos-tag                INFO     eval_mcc = 0.6266
2023-05-27 12:27:38.948 401:pos-tag                INFO     eval_precision = 0.5249
2023-05-27 12:27:38.948 401:pos-tag                INFO     eval_recall = 0.4025
2023-05-27 12:27:40.984 351:pos-tag                INFO   ***** Running evaluation *****
2023-05-27 12:27:40.984 352:pos-tag                INFO     Num examples = 293
2023-05-27 12:27:40.985 353:pos-tag                INFO     Batch size = 32
2023-05-27 12:27:49.150 399:pos-tag                INFO   ***** Eval results *****
2023-05-27 12:27:49.151 401:pos-tag                INFO     eval_acc = 0.6509
2023-05-27 12:27:49.151 401:pos-tag                INFO     eval_f1 = 0.4196
2023-05-27 12:27:49.151 401:pos-tag                INFO     eval_mcc = 0.6264
2023-05-27 12:27:49.151 401:pos-tag                INFO     eval_precision = 0.5164
2023-05-27 12:27:49.151 401:pos-tag                INFO     eval_recall = 0.4007
2023-05-27 12:27:51.089 351:pos-tag                INFO   ***** Running evaluation *****
2023-05-27 12:27:51.090 352:pos-tag                INFO     Num examples = 293
2023-05-27 12:27:51.090 353:pos-tag                INFO     Batch size = 32
2023-05-27 12:27:59.237 399:pos-tag                INFO   ***** Eval results *****
2023-05-27 12:27:59.238 401:pos-tag                INFO     eval_acc = 0.651
2023-05-27 12:27:59.238 401:pos-tag                INFO     eval_f1 = 0.4214
2023-05-27 12:27:59.238 401:pos-tag                INFO     eval_mcc = 0.6266
2023-05-27 12:27:59.238 401:pos-tag                INFO     eval_precision = 0.5206
2023-05-27 12:27:59.238 401:pos-tag                INFO     eval_recall = 0.4018
2023-05-27 12:28:01.215 351:pos-tag                INFO   ***** Running evaluation *****
2023-05-27 12:28:01.216 352:pos-tag                INFO     Num examples = 293
2023-05-27 12:28:01.216 353:pos-tag                INFO     Batch size = 32
2023-05-27 12:28:09.424 399:pos-tag                INFO   ***** Eval results *****
2023-05-27 12:28:09.424 401:pos-tag                INFO     eval_acc = 0.6507
2023-05-27 12:28:09.425 401:pos-tag                INFO     eval_f1 = 0.4208
2023-05-27 12:28:09.425 401:pos-tag                INFO     eval_mcc = 0.6263
2023-05-27 12:28:09.425 401:pos-tag                INFO     eval_precision = 0.5213
2023-05-27 12:28:09.425 401:pos-tag                INFO     eval_recall = 0.4014
2023-05-27 12:28:11.330 351:pos-tag                INFO   ***** Running evaluation *****
2023-05-27 12:28:11.331 352:pos-tag                INFO     Num examples = 293
2023-05-27 12:28:11.331 353:pos-tag                INFO     Batch size = 32
2023-05-27 12:28:19.330 399:pos-tag                INFO   ***** Eval results *****
2023-05-27 12:28:19.331 401:pos-tag                INFO     eval_acc = 0.6508
2023-05-27 12:28:19.331 401:pos-tag                INFO     eval_f1 = 0.4208
2023-05-27 12:28:19.331 401:pos-tag                INFO     eval_mcc = 0.6263
2023-05-27 12:28:19.331 401:pos-tag                INFO     eval_precision = 0.5213
2023-05-27 12:28:19.331 401:pos-tag                INFO     eval_recall = 0.4013
2023-05-27 12:28:20.651 351:pos-tag                INFO   ***** Running evaluation *****
2023-05-27 12:28:20.651 352:pos-tag                INFO     Num examples = 293
2023-05-27 12:28:20.651 353:pos-tag                INFO     Batch size = 32
2023-05-27 12:28:27.905 399:pos-tag                INFO   ***** Eval results *****
2023-05-27 12:28:27.905 401:pos-tag                INFO     eval_acc = 0.6511
2023-05-27 12:28:27.905 401:pos-tag                INFO     eval_f1 = 0.4209
2023-05-27 12:28:27.905 401:pos-tag                INFO     eval_mcc = 0.6267
2023-05-27 12:28:27.906 401:pos-tag                INFO     eval_precision = 0.5212
2023-05-27 12:28:27.906 401:pos-tag                INFO     eval_recall = 0.4013
2023-05-27 12:28:29.803 351:pos-tag                INFO   ***** Running evaluation *****
2023-05-27 12:28:29.803 352:pos-tag                INFO     Num examples = 293
2023-05-27 12:28:29.803 353:pos-tag                INFO     Batch size = 32
2023-05-27 12:28:36.879 399:pos-tag                INFO   ***** Eval results *****
2023-05-27 12:28:36.880 401:pos-tag                INFO     eval_acc = 0.652
2023-05-27 12:28:36.880 401:pos-tag                INFO     eval_f1 = 0.4258
2023-05-27 12:28:36.880 401:pos-tag                INFO     eval_mcc = 0.6274
2023-05-27 12:28:36.880 401:pos-tag                INFO     eval_precision = 0.5187
2023-05-27 12:28:36.880 401:pos-tag                INFO     eval_recall = 0.4043
2023-05-27 12:28:38.924 422:pos-tag                INFO   ***** Running Test *****
2023-05-27 12:28:38.925 423:pos-tag                INFO     Num examples = 295
2023-05-27 12:28:38.925 424:pos-tag                INFO     Batch size = 32
2023-05-27 12:28:46.304 471:pos-tag                INFO   ***** Test results *****
2023-05-27 12:28:46.304 473:pos-tag                INFO     eval_acc = 0.6368
2023-05-27 12:28:46.304 473:pos-tag                INFO     eval_f1 = 0.3679
2023-05-27 12:28:46.305 473:pos-tag                INFO     eval_mcc = 0.6127
2023-05-27 12:28:46.305 473:pos-tag                INFO     eval_precision = 0.4621
2023-05-27 12:28:46.305 473:pos-tag                INFO     eval_recall = 0.347
