2023-06-06 08:19:05.459 936:link-prediction        DEBUG  main message
2023-06-06 08:19:05.459 942:link-prediction        WARNING device: cuda, n_gpu: 1
2023-06-06 08:19:06.585 957:link-prediction        INFO   Load Dataset
2023-06-06 08:19:51.407 249:link-prediction        INFO   Load Span file and Graph data, data path: ../datasets/java250/graphs/unixcoder/unixcoder_train_cdg_cleaned.pt
2023-06-06 08:19:51.731 301:link-prediction        INFO   Labels Counter({1: 4848, 0: 4848})
2023-06-06 08:19:52.696 249:link-prediction        INFO   Load Span file and Graph data, data path: ../datasets/java250/graphs/unixcoder/unixcoder_valid_cdg_cleaned.pt
2023-06-06 08:19:52.954 301:link-prediction        INFO   Labels Counter({0: 1517, 1: 1517})
2023-06-06 08:19:53.950 249:link-prediction        INFO   Load Span file and Graph data, data path: ../datasets/java250/graphs/unixcoder/unixcoder_test_cdg_cleaned.pt
2023-06-06 08:19:54.014 301:link-prediction        INFO   Labels Counter({0: 1407, 1: 1407})
2023-06-06 08:19:54.015 306:link-prediction        INFO   *** Example ***
2023-06-06 08:19:54.015 307:link-prediction        INFO   idx: s991606671_main
2023-06-06 08:19:54.015 308:link-prediction        INFO   label: 1
2023-06-06 08:19:54.015 309:link-prediction        INFO   input_tokens_1: ['i', '_<', '_N']
2023-06-06 08:19:54.016 317:link-prediction        INFO   input_ids_1: 147 150
2023-06-06 08:19:54.016 324:link-prediction        INFO   span_arry_1: [147, 149] [147, 149], mask 1 0
2023-06-06 08:19:54.016 334:link-prediction        INFO   input_tokens_reverse_1: Ġ0 ; Ġi
2023-06-06 08:19:54.016 344:link-prediction        INFO   input_tokens_2: ['A', '[', 'i', ']']
2023-06-06 08:19:54.016 352:link-prediction        INFO   input_ids_2: 164 168
2023-06-06 08:19:54.016 359:link-prediction        INFO   span_arry_2: [164, 167] [164, 167], mask 1 0
2023-06-06 08:19:54.017 369:link-prediction        INFO   input_tokens_reverse_2: valueOf ( A [
2023-06-06 08:19:54.017 306:link-prediction        INFO   *** Example ***
2023-06-06 08:19:54.017 307:link-prediction        INFO   idx: s056825035_main
2023-06-06 08:19:54.017 308:link-prediction        INFO   label: 1
2023-06-06 08:19:54.017 309:link-prediction        INFO   input_tokens_1: ['previous', '_!=', '_list', '[', 'i', '].', 'charAt', '(', '0', ')']
2023-06-06 08:19:54.017 317:link-prediction        INFO   input_ids_1: 165 175
2023-06-06 08:19:54.017 324:link-prediction        INFO   span_arry_1: [165, 174] [165, 174], mask 1 0
2023-06-06 08:19:54.018 334:link-prediction        INFO   input_tokens_reverse_1: Ġif Ġ( previous Ġ!= Ġlist [ i ]. charAt (
2023-06-06 08:19:54.018 344:link-prediction        INFO   input_tokens_2: ['previous', '_=', '_list', '[', 'i', '].', 'charAt', '(', 'list', '[', 'i', '].', 'length', '()', '_-', '_1', ')']
2023-06-06 08:19:54.018 352:link-prediction        INFO   input_ids_2: 184 201
2023-06-06 08:19:54.018 359:link-prediction        INFO   span_arry_2: [184, 200] [184, 200], mask 1 0
2023-06-06 08:19:54.018 369:link-prediction        INFO   input_tokens_reverse_2: ; Ġ} Ġprevious Ġ= Ġlist [ i ]. charAt ( list [ i ]. length () Ġ-
2023-06-06 08:19:54.018 306:link-prediction        INFO   *** Example ***
2023-06-06 08:19:54.018 307:link-prediction        INFO   idx: s279088077_nextLong
2023-06-06 08:19:54.019 308:link-prediction        INFO   label: 1
2023-06-06 08:19:54.019 309:link-prediction        INFO   input_tokens_1: ['c', '_==', "_'-'"]
2023-06-06 08:19:54.019 317:link-prediction        INFO   input_ids_1: 43 46
2023-06-06 08:19:54.019 324:link-prediction        INFO   span_arry_1: [43, 45] [43, 45], mask 1 0
2023-06-06 08:19:54.019 334:link-prediction        INFO   input_tokens_reverse_1: Ġif Ġ( c
2023-06-06 08:19:54.019 344:link-prediction        INFO   input_tokens_2: ['c', '_=', '_read', 'Byte', '()']
2023-06-06 08:19:54.020 352:link-prediction        INFO   input_ids_2: 51 56
2023-06-06 08:19:54.020 359:link-prediction        INFO   span_arry_2: [51, 55] [51, 55], mask 1 0
2023-06-06 08:19:54.020 369:link-prediction        INFO   input_tokens_reverse_2: Ġtrue ; Ġc Ġ= Ġread
2023-06-06 08:19:54.020 306:link-prediction        INFO   *** Example ***
2023-06-06 08:19:54.020 307:link-prediction        INFO   idx: s809030941_next
2023-06-06 08:19:54.020 308:link-prediction        INFO   label: 0
2023-06-06 08:19:54.020 309:link-prediction        INFO   input_tokens_1: ['return', '_builder', '.', 'toString', '();']
2023-06-06 08:19:54.021 317:link-prediction        INFO   input_ids_1: 43 48
2023-06-06 08:19:54.021 324:link-prediction        INFO   span_arry_1: [43, 47] [43, 47], mask 1 0
2023-06-06 08:19:54.021 334:link-prediction        INFO   input_tokens_reverse_1: (); Ġ} Ġreturn Ġbuilder .
2023-06-06 08:19:54.021 344:link-prediction        INFO   input_tokens_2: ['read', '()']
2023-06-06 08:19:54.021 352:link-prediction        INFO   input_ids_2: 20 22
2023-06-06 08:19:54.021 359:link-prediction        INFO   span_arry_2: [20, 21] [20, 21], mask 1 0
2023-06-06 08:19:54.021 369:link-prediction        INFO   input_tokens_reverse_2: ĠcodePoint Ġ=
2023-06-06 08:19:54.021 306:link-prediction        INFO   *** Example ***
2023-06-06 08:19:54.022 307:link-prediction        INFO   idx: s809030941_next
2023-06-06 08:19:54.022 308:link-prediction        INFO   label: 0
2023-06-06 08:19:54.022 309:link-prediction        INFO   input_tokens_1: ['new', '_StringBuilder', '()']
2023-06-06 08:19:54.022 317:link-prediction        INFO   input_ids_1: 14 17
2023-06-06 08:19:54.022 324:link-prediction        INFO   span_arry_1: [14, 16] [14, 16], mask 1 0
2023-06-06 08:19:54.022 334:link-prediction        INFO   input_tokens_reverse_1: Ġbuilder Ġ= Ġnew
2023-06-06 08:19:54.023 344:link-prediction        INFO   input_tokens_2: ['read', '()']
2023-06-06 08:19:54.023 352:link-prediction        INFO   input_ids_2: 20 22
2023-06-06 08:19:54.023 359:link-prediction        INFO   span_arry_2: [20, 21] [20, 21], mask 1 0
2023-06-06 08:19:54.023 369:link-prediction        INFO   input_tokens_reverse_2: ĠcodePoint Ġ=
2023-06-06 08:19:54.023 306:link-prediction        INFO   *** Example ***
2023-06-06 08:19:54.023 307:link-prediction        INFO   idx: s460837934_main
2023-06-06 08:19:54.023 308:link-prediction        INFO   label: 1
2023-06-06 08:19:54.023 309:link-prediction        INFO   input_tokens_1: ['S', '.', 'equals', '("', 'AAA', '")', '_||', '_S', '.', 'equals', '("', 'BBB', '")']
2023-06-06 08:19:54.024 317:link-prediction        INFO   input_ids_1: 32 45
2023-06-06 08:19:54.024 324:link-prediction        INFO   span_arry_1: [32, 44] [32, 44], mask 1 0
2023-06-06 08:19:54.024 334:link-prediction        INFO   input_tokens_reverse_1: Ġif Ġ( S . equals (" AAA ") Ġ|| ĠS . equals ("
2023-06-06 08:19:54.024 344:link-prediction        INFO   input_tokens_2: ['System', '.', 'out', '.', 'println', '("', 'No', '")']
2023-06-06 08:19:54.024 352:link-prediction        INFO   input_ids_2: 46 54
2023-06-06 08:19:54.024 359:link-prediction        INFO   span_arry_2: [46, 53] [46, 53], mask 1 0
2023-06-06 08:19:54.024 369:link-prediction        INFO   input_tokens_reverse_2: ")) Ġ{ ĠSystem . out . println ("
2023-06-06 08:19:54.025 306:link-prediction        INFO   *** Example ***
2023-06-06 08:19:54.025 307:link-prediction        INFO   idx: s621434572_main
2023-06-06 08:19:54.025 308:link-prediction        INFO   label: 0
2023-06-06 08:19:54.025 309:link-prediction        INFO   input_tokens_1: ['(', 'a', '[', '0', ']', '_%', '_j', '_==', '_0', ')', '_&&', '_(', 'a', '[', '1', ']', '_%', '_j', '_==', '_0', ')']
2023-06-06 08:19:54.025 317:link-prediction        INFO   input_ids_1: 87 108
2023-06-06 08:19:54.025 324:link-prediction        INFO   span_arry_1: [87, 107] [87, 107], mask 1 0
2023-06-06 08:19:54.026 334:link-prediction        INFO   input_tokens_reverse_1: Ġ{ Ġif Ġ(( a [ 0 ] Ġ% Ġj Ġ== Ġ0 ) Ġ&& Ġ( a [ 1 ] Ġ% Ġj Ġ==
2023-06-06 08:19:54.026 344:link-prediction        INFO   input_tokens_2: ['b', '_=', '_false']
2023-06-06 08:19:54.026 352:link-prediction        INFO   input_ids_2: 171 174
2023-06-06 08:19:54.026 359:link-prediction        INFO   span_arry_2: [171, 173] [171, 173], mask 1 0
2023-06-06 08:19:54.026 369:link-prediction        INFO   input_tokens_reverse_2: Ġk ; Ġb
2023-06-06 08:19:54.026 306:link-prediction        INFO   *** Example ***
2023-06-06 08:19:54.026 307:link-prediction        INFO   idx: s466773133_getFrame
2023-06-06 08:19:54.026 308:link-prediction        INFO   label: 1
2023-06-06 08:19:54.027 309:link-prediction        INFO   input_tokens_1: ['i', '_==', '_0', '_||', '_i', '_==', '_(', 'height', '_-', '_1', ')']
2023-06-06 08:19:54.027 317:link-prediction        INFO   input_ids_1: 53 64
2023-06-06 08:19:54.027 324:link-prediction        INFO   span_arry_1: [53, 63] [53, 63], mask 1 0
2023-06-06 08:19:54.027 334:link-prediction        INFO   input_tokens_reverse_1: Ġif Ġ( i Ġ== Ġ0 Ġ|| Ġi Ġ== Ġ( height Ġ-
2023-06-06 08:19:54.027 344:link-prediction        INFO   input_tokens_2: ['j', '_==', '_0']
2023-06-06 08:19:54.027 352:link-prediction        INFO   input_ids_2: 65 68
2023-06-06 08:19:54.028 359:link-prediction        INFO   span_arry_2: [65, 67] [65, 67], mask 1 0
2023-06-06 08:19:54.028 369:link-prediction        INFO   input_tokens_reverse_2: ) Ġ|| Ġj
2023-06-06 08:19:54.028 306:link-prediction        INFO   *** Example ***
2023-06-06 08:19:54.028 307:link-prediction        INFO   idx: s368670864_nextLong
2023-06-06 08:19:54.028 308:link-prediction        INFO   label: 0
2023-06-06 08:19:54.028 309:link-prediction        INFO   input_tokens_1: ['b', '_<', "_'", '0', "'", '_||', "_'", '9', "'", '_<', '_b']
2023-06-06 08:19:54.028 317:link-prediction        INFO   input_ids_1: 51 62
2023-06-06 08:19:54.029 324:link-prediction        INFO   span_arry_1: [51, 61] [51, 61], mask 1 0
2023-06-06 08:19:54.029 334:link-prediction        INFO   input_tokens_reverse_1: Ġif Ġ( b Ġ< Ġ' 0 ' Ġ|| Ġ' 9 '
2023-06-06 08:19:54.029 344:link-prediction        INFO   input_tokens_2: ['minus', '_?', '_-', 'n', '_:', '_n']
2023-06-06 08:19:54.029 352:link-prediction        INFO   input_ids_2: 117 123
2023-06-06 08:19:54.029 359:link-prediction        INFO   span_arry_2: [117, 122] [117, 122], mask 1 0
2023-06-06 08:19:54.029 369:link-prediction        INFO   input_tokens_reverse_2: Ġ{ Ġreturn Ġminus Ġ? Ġ- n
2023-06-06 08:19:54.029 997:link-prediction        INFO   Finishing loading Dataset
2023-06-06 08:19:54.052 1006:link-prediction        INFO   Probimg Model Parameters 3843
2023-06-06 08:19:54.052 1007:link-prediction        INFO   Training/evaluation parameters Namespace(adam_epsilon=1e-08, class_num=2, config_name='microsoft/unixcoder-base', data_folder='../datasets/java250/graphs', dataset='java250', debug=False, device=device(type='cuda'), do_crossing='cleaned', do_eval=False, do_random=False, do_test=True, do_train=True, epochs=2, eval_batch_size=32, evaluate_during_training=False, gradient_accumulation_steps=1, graph_type='cdg', layer=6, learning_rate=0.001, max_code_length=512, max_grad_norm=1.0, max_steps=-1, model_name='unixcoder', model_name_or_path='microsoft/unixcoder-base', n_gpu=1, output_dir='../link_prediction/java250_res/plm/saved_unixcodermodels/3/cdg_6', posratio=0.5, seed=726, token_config='microsoft/unixcoder-base', train_batch_size=64, warmup_steps=0, weight_decay=0.0)
2023-06-06 08:19:55.797 472:link-prediction        INFO   ***** Running training *****
2023-06-06 08:19:55.797 473:link-prediction        INFO     Num examples = 9696
2023-06-06 08:19:55.797 474:link-prediction        INFO     Num Epochs = 2
2023-06-06 08:19:55.798 475:link-prediction        INFO     Instantaneous batch size per GPU = 64
2023-06-06 08:19:55.798 479:link-prediction        INFO     Total train batch size = 64
2023-06-06 08:19:55.798 483:link-prediction        INFO     Gradient Accumulation steps = 1
2023-06-06 08:19:55.798 486:link-prediction        INFO     Total optimization steps = 304
2023-06-06 08:19:58.009 601:link-prediction        INFO   ***** Running evaluation *****
2023-06-06 08:19:58.009 602:link-prediction        INFO     Num examples = 3034
2023-06-06 08:19:58.010 603:link-prediction        INFO     Batch size = 32
2023-06-06 08:20:01.483 648:link-prediction        INFO   ***** Eval results *****
2023-06-06 08:20:01.484 650:link-prediction        INFO     eval_acc = 0.6714
2023-06-06 08:20:01.484 650:link-prediction        INFO     eval_f1 = 0.6211
2023-06-06 08:20:01.484 650:link-prediction        INFO     eval_mcc = 0.3556
2023-06-06 08:20:01.484 650:link-prediction        INFO     eval_precision = 0.7334
2023-06-06 08:20:01.484 650:link-prediction        INFO     eval_recall = 0.5386
2023-06-06 08:20:01.484 650:link-prediction        INFO     eval_threshold = 0.5
2023-06-06 08:20:01.488 543:link-prediction        INFO     ********************
2023-06-06 08:20:01.488 544:link-prediction        INFO     Best f1:0.6211
2023-06-06 08:20:01.488 545:link-prediction        INFO     ********************
2023-06-06 08:20:01.492 560:link-prediction        INFO   Saving model checkpoint to ../link_prediction/java250_res/plm/saved_unixcodermodels/3/cdg_6/checkpoint-best-f1/model.bin
2023-06-06 08:20:01.493 565:link-prediction        INFO     ********************
2023-06-06 08:20:01.493 566:link-prediction        INFO     Best MCC:0.3556
2023-06-06 08:20:01.493 567:link-prediction        INFO     ********************
2023-06-06 08:20:01.495 582:link-prediction        INFO   Saving model checkpoint to ../link_prediction/java250_res/plm/saved_unixcodermodels/3/cdg_6/checkpoint-best-mcc/model.bin
2023-06-06 08:20:02.496 601:link-prediction        INFO   ***** Running evaluation *****
2023-06-06 08:20:02.496 602:link-prediction        INFO     Num examples = 3034
2023-06-06 08:20:02.497 603:link-prediction        INFO     Batch size = 32
2023-06-06 08:20:05.432 648:link-prediction        INFO   ***** Eval results *****
2023-06-06 08:20:05.433 650:link-prediction        INFO     eval_acc = 0.7897
2023-06-06 08:20:05.433 650:link-prediction        INFO     eval_f1 = 0.8198
2023-06-06 08:20:05.433 650:link-prediction        INFO     eval_mcc = 0.6146
2023-06-06 08:20:05.434 650:link-prediction        INFO     eval_precision = 0.7173
2023-06-06 08:20:05.434 650:link-prediction        INFO     eval_recall = 0.9565
2023-06-06 08:20:05.434 650:link-prediction        INFO     eval_threshold = 0.5
2023-06-06 08:20:05.437 543:link-prediction        INFO     ********************
2023-06-06 08:20:05.438 544:link-prediction        INFO     Best f1:0.8198
2023-06-06 08:20:05.438 545:link-prediction        INFO     ********************
2023-06-06 08:20:05.442 560:link-prediction        INFO   Saving model checkpoint to ../link_prediction/java250_res/plm/saved_unixcodermodels/3/cdg_6/checkpoint-best-f1/model.bin
2023-06-06 08:20:05.442 565:link-prediction        INFO     ********************
2023-06-06 08:20:05.442 566:link-prediction        INFO     Best MCC:0.6146
2023-06-06 08:20:05.442 567:link-prediction        INFO     ********************
2023-06-06 08:20:05.444 582:link-prediction        INFO   Saving model checkpoint to ../link_prediction/java250_res/plm/saved_unixcodermodels/3/cdg_6/checkpoint-best-mcc/model.bin
2023-06-06 08:20:06.371 601:link-prediction        INFO   ***** Running evaluation *****
2023-06-06 08:20:06.371 602:link-prediction        INFO     Num examples = 3034
2023-06-06 08:20:06.372 603:link-prediction        INFO     Batch size = 32
2023-06-06 08:20:09.021 648:link-prediction        INFO   ***** Eval results *****
2023-06-06 08:20:09.021 650:link-prediction        INFO     eval_acc = 0.8751
2023-06-06 08:20:09.021 650:link-prediction        INFO     eval_f1 = 0.8843
2023-06-06 08:20:09.022 650:link-prediction        INFO     eval_mcc = 0.7598
2023-06-06 08:20:09.022 650:link-prediction        INFO     eval_precision = 0.8237
2023-06-06 08:20:09.022 650:link-prediction        INFO     eval_recall = 0.9545
2023-06-06 08:20:09.022 650:link-prediction        INFO     eval_threshold = 0.5
2023-06-06 08:20:09.025 543:link-prediction        INFO     ********************
2023-06-06 08:20:09.026 544:link-prediction        INFO     Best f1:0.8843
2023-06-06 08:20:09.026 545:link-prediction        INFO     ********************
2023-06-06 08:20:09.028 560:link-prediction        INFO   Saving model checkpoint to ../link_prediction/java250_res/plm/saved_unixcodermodels/3/cdg_6/checkpoint-best-f1/model.bin
2023-06-06 08:20:09.029 565:link-prediction        INFO     ********************
2023-06-06 08:20:09.029 566:link-prediction        INFO     Best MCC:0.7598
2023-06-06 08:20:09.029 567:link-prediction        INFO     ********************
2023-06-06 08:20:09.030 582:link-prediction        INFO   Saving model checkpoint to ../link_prediction/java250_res/plm/saved_unixcodermodels/3/cdg_6/checkpoint-best-mcc/model.bin
2023-06-06 08:20:09.870 601:link-prediction        INFO   ***** Running evaluation *****
2023-06-06 08:20:09.870 602:link-prediction        INFO     Num examples = 3034
2023-06-06 08:20:09.871 603:link-prediction        INFO     Batch size = 32
2023-06-06 08:20:12.473 648:link-prediction        INFO   ***** Eval results *****
2023-06-06 08:20:12.473 650:link-prediction        INFO     eval_acc = 0.8899
2023-06-06 08:20:12.473 650:link-prediction        INFO     eval_f1 = 0.8948
2023-06-06 08:20:12.473 650:link-prediction        INFO     eval_mcc = 0.7833
2023-06-06 08:20:12.474 650:link-prediction        INFO     eval_precision = 0.8565
2023-06-06 08:20:12.474 650:link-prediction        INFO     eval_recall = 0.9367
2023-06-06 08:20:12.474 650:link-prediction        INFO     eval_threshold = 0.5
2023-06-06 08:20:12.477 543:link-prediction        INFO     ********************
2023-06-06 08:20:12.477 544:link-prediction        INFO     Best f1:0.8948
2023-06-06 08:20:12.478 545:link-prediction        INFO     ********************
2023-06-06 08:20:12.480 560:link-prediction        INFO   Saving model checkpoint to ../link_prediction/java250_res/plm/saved_unixcodermodels/3/cdg_6/checkpoint-best-f1/model.bin
2023-06-06 08:20:12.480 565:link-prediction        INFO     ********************
2023-06-06 08:20:12.480 566:link-prediction        INFO     Best MCC:0.7833
2023-06-06 08:20:12.480 567:link-prediction        INFO     ********************
2023-06-06 08:20:12.483 582:link-prediction        INFO   Saving model checkpoint to ../link_prediction/java250_res/plm/saved_unixcodermodels/3/cdg_6/checkpoint-best-mcc/model.bin
2023-06-06 08:20:13.345 601:link-prediction        INFO   ***** Running evaluation *****
2023-06-06 08:20:13.346 602:link-prediction        INFO     Num examples = 3034
2023-06-06 08:20:13.346 603:link-prediction        INFO     Batch size = 32
2023-06-06 08:20:15.938 648:link-prediction        INFO   ***** Eval results *****
2023-06-06 08:20:15.938 650:link-prediction        INFO     eval_acc = 0.8929
2023-06-06 08:20:15.938 650:link-prediction        INFO     eval_f1 = 0.8967
2023-06-06 08:20:15.938 650:link-prediction        INFO     eval_mcc = 0.788
2023-06-06 08:20:15.938 650:link-prediction        INFO     eval_precision = 0.8656
2023-06-06 08:20:15.938 650:link-prediction        INFO     eval_recall = 0.9301
2023-06-06 08:20:15.938 650:link-prediction        INFO     eval_threshold = 0.5
2023-06-06 08:20:15.943 543:link-prediction        INFO     ********************
2023-06-06 08:20:15.943 544:link-prediction        INFO     Best f1:0.8967
2023-06-06 08:20:15.943 545:link-prediction        INFO     ********************
2023-06-06 08:20:15.945 560:link-prediction        INFO   Saving model checkpoint to ../link_prediction/java250_res/plm/saved_unixcodermodels/3/cdg_6/checkpoint-best-f1/model.bin
2023-06-06 08:20:15.946 565:link-prediction        INFO     ********************
2023-06-06 08:20:15.946 566:link-prediction        INFO     Best MCC:0.788
2023-06-06 08:20:15.946 567:link-prediction        INFO     ********************
2023-06-06 08:20:15.947 582:link-prediction        INFO   Saving model checkpoint to ../link_prediction/java250_res/plm/saved_unixcodermodels/3/cdg_6/checkpoint-best-mcc/model.bin
2023-06-06 08:20:16.818 601:link-prediction        INFO   ***** Running evaluation *****
2023-06-06 08:20:16.819 602:link-prediction        INFO     Num examples = 3034
2023-06-06 08:20:16.819 603:link-prediction        INFO     Batch size = 32
2023-06-06 08:20:19.446 648:link-prediction        INFO   ***** Eval results *****
2023-06-06 08:20:19.446 650:link-prediction        INFO     eval_acc = 0.8945
2023-06-06 08:20:19.447 650:link-prediction        INFO     eval_f1 = 0.8979
2023-06-06 08:20:19.447 650:link-prediction        INFO     eval_mcc = 0.7908
2023-06-06 08:20:19.447 650:link-prediction        INFO     eval_precision = 0.8701
2023-06-06 08:20:19.447 650:link-prediction        INFO     eval_recall = 0.9275
2023-06-06 08:20:19.447 650:link-prediction        INFO     eval_threshold = 0.5
2023-06-06 08:20:19.451 543:link-prediction        INFO     ********************
2023-06-06 08:20:19.451 544:link-prediction        INFO     Best f1:0.8979
2023-06-06 08:20:19.451 545:link-prediction        INFO     ********************
2023-06-06 08:20:19.454 560:link-prediction        INFO   Saving model checkpoint to ../link_prediction/java250_res/plm/saved_unixcodermodels/3/cdg_6/checkpoint-best-f1/model.bin
2023-06-06 08:20:19.454 565:link-prediction        INFO     ********************
2023-06-06 08:20:19.454 566:link-prediction        INFO     Best MCC:0.7908
2023-06-06 08:20:19.454 567:link-prediction        INFO     ********************
2023-06-06 08:20:19.456 582:link-prediction        INFO   Saving model checkpoint to ../link_prediction/java250_res/plm/saved_unixcodermodels/3/cdg_6/checkpoint-best-mcc/model.bin
2023-06-06 08:20:20.317 601:link-prediction        INFO   ***** Running evaluation *****
2023-06-06 08:20:20.317 602:link-prediction        INFO     Num examples = 3034
2023-06-06 08:20:20.317 603:link-prediction        INFO     Batch size = 32
2023-06-06 08:20:23.050 648:link-prediction        INFO   ***** Eval results *****
2023-06-06 08:20:23.051 650:link-prediction        INFO     eval_acc = 0.9054
2023-06-06 08:20:23.051 650:link-prediction        INFO     eval_f1 = 0.9102
2023-06-06 08:20:23.051 650:link-prediction        INFO     eval_mcc = 0.8154
2023-06-06 08:20:23.051 650:link-prediction        INFO     eval_precision = 0.8665
2023-06-06 08:20:23.051 650:link-prediction        INFO     eval_recall = 0.9585
2023-06-06 08:20:23.051 650:link-prediction        INFO     eval_threshold = 0.5
2023-06-06 08:20:23.055 543:link-prediction        INFO     ********************
2023-06-06 08:20:23.055 544:link-prediction        INFO     Best f1:0.9102
2023-06-06 08:20:23.056 545:link-prediction        INFO     ********************
2023-06-06 08:20:23.058 560:link-prediction        INFO   Saving model checkpoint to ../link_prediction/java250_res/plm/saved_unixcodermodels/3/cdg_6/checkpoint-best-f1/model.bin
2023-06-06 08:20:23.058 565:link-prediction        INFO     ********************
2023-06-06 08:20:23.058 566:link-prediction        INFO     Best MCC:0.8154
2023-06-06 08:20:23.058 567:link-prediction        INFO     ********************
2023-06-06 08:20:23.060 582:link-prediction        INFO   Saving model checkpoint to ../link_prediction/java250_res/plm/saved_unixcodermodels/3/cdg_6/checkpoint-best-mcc/model.bin
2023-06-06 08:20:23.928 601:link-prediction        INFO   ***** Running evaluation *****
2023-06-06 08:20:23.929 602:link-prediction        INFO     Num examples = 3034
2023-06-06 08:20:23.929 603:link-prediction        INFO     Batch size = 32
2023-06-06 08:20:26.836 648:link-prediction        INFO   ***** Eval results *****
2023-06-06 08:20:26.837 650:link-prediction        INFO     eval_acc = 0.9028
2023-06-06 08:20:26.837 650:link-prediction        INFO     eval_f1 = 0.9074
2023-06-06 08:20:26.837 650:link-prediction        INFO     eval_mcc = 0.8096
2023-06-06 08:20:26.837 650:link-prediction        INFO     eval_precision = 0.8663
2023-06-06 08:20:26.837 650:link-prediction        INFO     eval_recall = 0.9525
2023-06-06 08:20:26.838 650:link-prediction        INFO     eval_threshold = 0.5
2023-06-06 08:20:27.714 601:link-prediction        INFO   ***** Running evaluation *****
2023-06-06 08:20:27.714 602:link-prediction        INFO     Num examples = 3034
2023-06-06 08:20:27.714 603:link-prediction        INFO     Batch size = 32
2023-06-06 08:20:30.433 648:link-prediction        INFO   ***** Eval results *****
2023-06-06 08:20:30.434 650:link-prediction        INFO     eval_acc = 0.9005
2023-06-06 08:20:30.434 650:link-prediction        INFO     eval_f1 = 0.9036
2023-06-06 08:20:30.434 650:link-prediction        INFO     eval_mcc = 0.8027
2023-06-06 08:20:30.434 650:link-prediction        INFO     eval_precision = 0.8757
2023-06-06 08:20:30.434 650:link-prediction        INFO     eval_recall = 0.9334
2023-06-06 08:20:30.434 650:link-prediction        INFO     eval_threshold = 0.5
2023-06-06 08:20:31.284 601:link-prediction        INFO   ***** Running evaluation *****
2023-06-06 08:20:31.284 602:link-prediction        INFO     Num examples = 3034
2023-06-06 08:20:31.284 603:link-prediction        INFO     Batch size = 32
2023-06-06 08:20:33.877 648:link-prediction        INFO   ***** Eval results *****
2023-06-06 08:20:33.877 650:link-prediction        INFO     eval_acc = 0.9097
2023-06-06 08:20:33.877 650:link-prediction        INFO     eval_f1 = 0.9151
2023-06-06 08:20:33.877 650:link-prediction        INFO     eval_mcc = 0.826
2023-06-06 08:20:33.877 650:link-prediction        INFO     eval_precision = 0.8637
2023-06-06 08:20:33.878 650:link-prediction        INFO     eval_recall = 0.973
2023-06-06 08:20:33.878 650:link-prediction        INFO     eval_threshold = 0.5
2023-06-06 08:20:33.881 543:link-prediction        INFO     ********************
2023-06-06 08:20:33.881 544:link-prediction        INFO     Best f1:0.9151
2023-06-06 08:20:33.881 545:link-prediction        INFO     ********************
2023-06-06 08:20:33.884 560:link-prediction        INFO   Saving model checkpoint to ../link_prediction/java250_res/plm/saved_unixcodermodels/3/cdg_6/checkpoint-best-f1/model.bin
2023-06-06 08:20:33.884 565:link-prediction        INFO     ********************
2023-06-06 08:20:33.885 566:link-prediction        INFO     Best MCC:0.826
2023-06-06 08:20:33.885 567:link-prediction        INFO     ********************
2023-06-06 08:20:33.886 582:link-prediction        INFO   Saving model checkpoint to ../link_prediction/java250_res/plm/saved_unixcodermodels/3/cdg_6/checkpoint-best-mcc/model.bin
2023-06-06 08:20:34.704 601:link-prediction        INFO   ***** Running evaluation *****
2023-06-06 08:20:34.704 602:link-prediction        INFO     Num examples = 3034
2023-06-06 08:20:34.704 603:link-prediction        INFO     Batch size = 32
2023-06-06 08:20:37.302 648:link-prediction        INFO   ***** Eval results *****
2023-06-06 08:20:37.302 650:link-prediction        INFO     eval_acc = 0.9005
2023-06-06 08:20:37.303 650:link-prediction        INFO     eval_f1 = 0.903
2023-06-06 08:20:37.303 650:link-prediction        INFO     eval_mcc = 0.802
2023-06-06 08:20:37.303 650:link-prediction        INFO     eval_precision = 0.8804
2023-06-06 08:20:37.303 650:link-prediction        INFO     eval_recall = 0.9268
2023-06-06 08:20:37.303 650:link-prediction        INFO     eval_threshold = 0.5
2023-06-06 08:20:38.137 601:link-prediction        INFO   ***** Running evaluation *****
2023-06-06 08:20:38.137 602:link-prediction        INFO     Num examples = 3034
2023-06-06 08:20:38.138 603:link-prediction        INFO     Batch size = 32
2023-06-06 08:20:40.824 648:link-prediction        INFO   ***** Eval results *****
2023-06-06 08:20:40.824 650:link-prediction        INFO     eval_acc = 0.9074
2023-06-06 08:20:40.824 650:link-prediction        INFO     eval_f1 = 0.9108
2023-06-06 08:20:40.824 650:link-prediction        INFO     eval_mcc = 0.8171
2023-06-06 08:20:40.825 650:link-prediction        INFO     eval_precision = 0.8787
2023-06-06 08:20:40.825 650:link-prediction        INFO     eval_recall = 0.9453
2023-06-06 08:20:40.825 650:link-prediction        INFO     eval_threshold = 0.5
2023-06-06 08:20:41.684 601:link-prediction        INFO   ***** Running evaluation *****
2023-06-06 08:20:41.684 602:link-prediction        INFO     Num examples = 3034
2023-06-06 08:20:41.684 603:link-prediction        INFO     Batch size = 32
2023-06-06 08:20:44.450 648:link-prediction        INFO   ***** Eval results *****
2023-06-06 08:20:44.451 650:link-prediction        INFO     eval_acc = 0.9034
2023-06-06 08:20:44.451 650:link-prediction        INFO     eval_f1 = 0.9072
2023-06-06 08:20:44.451 650:link-prediction        INFO     eval_mcc = 0.8096
2023-06-06 08:20:44.451 650:link-prediction        INFO     eval_precision = 0.8727
2023-06-06 08:20:44.451 650:link-prediction        INFO     eval_recall = 0.9446
2023-06-06 08:20:44.451 650:link-prediction        INFO     eval_threshold = 0.5
2023-06-06 08:20:45.308 601:link-prediction        INFO   ***** Running evaluation *****
2023-06-06 08:20:45.308 602:link-prediction        INFO     Num examples = 3034
2023-06-06 08:20:45.308 603:link-prediction        INFO     Batch size = 32
2023-06-06 08:20:48.028 648:link-prediction        INFO   ***** Eval results *****
2023-06-06 08:20:48.029 650:link-prediction        INFO     eval_acc = 0.9061
2023-06-06 08:20:48.029 650:link-prediction        INFO     eval_f1 = 0.9103
2023-06-06 08:20:48.029 650:link-prediction        INFO     eval_mcc = 0.8158
2023-06-06 08:20:48.029 650:link-prediction        INFO     eval_precision = 0.8711
2023-06-06 08:20:48.029 650:link-prediction        INFO     eval_recall = 0.9532
2023-06-06 08:20:48.029 650:link-prediction        INFO     eval_threshold = 0.5
2023-06-06 08:20:48.867 601:link-prediction        INFO   ***** Running evaluation *****
2023-06-06 08:20:48.868 602:link-prediction        INFO     Num examples = 3034
2023-06-06 08:20:48.868 603:link-prediction        INFO     Batch size = 32
2023-06-06 08:20:51.701 648:link-prediction        INFO   ***** Eval results *****
2023-06-06 08:20:51.701 650:link-prediction        INFO     eval_acc = 0.912
2023-06-06 08:20:51.701 650:link-prediction        INFO     eval_f1 = 0.917
2023-06-06 08:20:51.702 650:link-prediction        INFO     eval_mcc = 0.8301
2023-06-06 08:20:51.702 650:link-prediction        INFO     eval_precision = 0.8676
2023-06-06 08:20:51.702 650:link-prediction        INFO     eval_recall = 0.9723
2023-06-06 08:20:51.702 650:link-prediction        INFO     eval_threshold = 0.5
2023-06-06 08:20:51.706 543:link-prediction        INFO     ********************
2023-06-06 08:20:51.706 544:link-prediction        INFO     Best f1:0.917
2023-06-06 08:20:51.706 545:link-prediction        INFO     ********************
2023-06-06 08:20:51.710 560:link-prediction        INFO   Saving model checkpoint to ../link_prediction/java250_res/plm/saved_unixcodermodels/3/cdg_6/checkpoint-best-f1/model.bin
2023-06-06 08:20:51.710 565:link-prediction        INFO     ********************
2023-06-06 08:20:51.710 566:link-prediction        INFO     Best MCC:0.8301
2023-06-06 08:20:51.710 567:link-prediction        INFO     ********************
2023-06-06 08:20:51.715 582:link-prediction        INFO   Saving model checkpoint to ../link_prediction/java250_res/plm/saved_unixcodermodels/3/cdg_6/checkpoint-best-mcc/model.bin
2023-06-06 08:20:52.594 601:link-prediction        INFO   ***** Running evaluation *****
2023-06-06 08:20:52.594 602:link-prediction        INFO     Num examples = 3034
2023-06-06 08:20:52.594 603:link-prediction        INFO     Batch size = 32
2023-06-06 08:20:55.201 648:link-prediction        INFO   ***** Eval results *****
2023-06-06 08:20:55.201 650:link-prediction        INFO     eval_acc = 0.9041
2023-06-06 08:20:55.201 650:link-prediction        INFO     eval_f1 = 0.907
2023-06-06 08:20:55.201 650:link-prediction        INFO     eval_mcc = 0.8098
2023-06-06 08:20:55.202 650:link-prediction        INFO     eval_precision = 0.8803
2023-06-06 08:20:55.202 650:link-prediction        INFO     eval_recall = 0.9354
2023-06-06 08:20:55.202 650:link-prediction        INFO     eval_threshold = 0.5
2023-06-06 08:20:56.029 601:link-prediction        INFO   ***** Running evaluation *****
2023-06-06 08:20:56.029 602:link-prediction        INFO     Num examples = 3034
2023-06-06 08:20:56.029 603:link-prediction        INFO     Batch size = 32
2023-06-06 08:20:58.666 648:link-prediction        INFO   ***** Eval results *****
2023-06-06 08:20:58.667 650:link-prediction        INFO     eval_acc = 0.9107
2023-06-06 08:20:58.667 650:link-prediction        INFO     eval_f1 = 0.9153
2023-06-06 08:20:58.667 650:link-prediction        INFO     eval_mcc = 0.8263
2023-06-06 08:20:58.667 650:link-prediction        INFO     eval_precision = 0.8704
2023-06-06 08:20:58.667 650:link-prediction        INFO     eval_recall = 0.9651
2023-06-06 08:20:58.667 650:link-prediction        INFO     eval_threshold = 0.5
2023-06-06 08:20:59.489 601:link-prediction        INFO   ***** Running evaluation *****
2023-06-06 08:20:59.489 602:link-prediction        INFO     Num examples = 3034
2023-06-06 08:20:59.489 603:link-prediction        INFO     Batch size = 32
2023-06-06 08:21:02.135 648:link-prediction        INFO   ***** Eval results *****
2023-06-06 08:21:02.135 650:link-prediction        INFO     eval_acc = 0.912
2023-06-06 08:21:02.135 650:link-prediction        INFO     eval_f1 = 0.9161
2023-06-06 08:21:02.135 650:link-prediction        INFO     eval_mcc = 0.828
2023-06-06 08:21:02.135 650:link-prediction        INFO     eval_precision = 0.8752
2023-06-06 08:21:02.135 650:link-prediction        INFO     eval_recall = 0.9611
2023-06-06 08:21:02.136 650:link-prediction        INFO     eval_threshold = 0.5
2023-06-06 08:21:02.952 601:link-prediction        INFO   ***** Running evaluation *****
2023-06-06 08:21:02.952 602:link-prediction        INFO     Num examples = 3034
2023-06-06 08:21:02.953 603:link-prediction        INFO     Batch size = 32
2023-06-06 08:21:05.586 648:link-prediction        INFO   ***** Eval results *****
2023-06-06 08:21:05.586 650:link-prediction        INFO     eval_acc = 0.9123
2023-06-06 08:21:05.586 650:link-prediction        INFO     eval_f1 = 0.9169
2023-06-06 08:21:05.586 650:link-prediction        INFO     eval_mcc = 0.8298
2023-06-06 08:21:05.586 650:link-prediction        INFO     eval_precision = 0.8712
2023-06-06 08:21:05.587 650:link-prediction        INFO     eval_recall = 0.9677
2023-06-06 08:21:05.587 650:link-prediction        INFO     eval_threshold = 0.5
2023-06-06 08:21:06.449 601:link-prediction        INFO   ***** Running evaluation *****
2023-06-06 08:21:06.449 602:link-prediction        INFO     Num examples = 3034
2023-06-06 08:21:06.449 603:link-prediction        INFO     Batch size = 32
2023-06-06 08:21:09.122 648:link-prediction        INFO   ***** Eval results *****
2023-06-06 08:21:09.123 650:link-prediction        INFO     eval_acc = 0.912
2023-06-06 08:21:09.123 650:link-prediction        INFO     eval_f1 = 0.9164
2023-06-06 08:21:09.123 650:link-prediction        INFO     eval_mcc = 0.8286
2023-06-06 08:21:09.123 650:link-prediction        INFO     eval_precision = 0.8729
2023-06-06 08:21:09.123 650:link-prediction        INFO     eval_recall = 0.9644
2023-06-06 08:21:09.123 650:link-prediction        INFO     eval_threshold = 0.5
2023-06-06 08:21:09.353 671:link-prediction        INFO   ***** Running Test *****
2023-06-06 08:21:09.353 672:link-prediction        INFO     Num examples = 2814
2023-06-06 08:21:09.353 673:link-prediction        INFO     Batch size = 32
2023-06-06 08:21:11.967 714:link-prediction        INFO   ***** Test results *****
2023-06-06 08:21:11.967 716:link-prediction        INFO     eval_acc = 0.9033
2023-06-06 08:21:11.967 716:link-prediction        INFO     eval_f1 = 0.9095
2023-06-06 08:21:11.968 716:link-prediction        INFO     eval_mcc = 0.8143
2023-06-06 08:21:11.968 716:link-prediction        INFO     eval_precision = 0.8549
2023-06-06 08:21:11.968 716:link-prediction        INFO     eval_recall = 0.9716
2023-06-06 08:21:11.968 716:link-prediction        INFO     eval_threshold = 0.5
