2023-05-20 20:38:38.352 933:link-prediction        DEBUG  main message
2023-05-20 20:38:38.352 939:link-prediction        WARNING device: cuda, n_gpu: 1
2023-05-20 20:38:40.226 954:link-prediction        INFO   Load Dataset
2023-05-20 20:39:08.202 246:link-prediction        INFO   Load Span file and Graph data, data path: ../datasets/poj-104/graphs/exp1/codet5/codet5_train_ast_cleaned.pt
2023-05-20 20:39:12.526 298:link-prediction        INFO   Labels Counter({0: 61512, 1: 61511})
2023-05-20 20:39:13.001 246:link-prediction        INFO   Load Span file and Graph data, data path: ../datasets/poj-104/graphs/exp1/codet5/codet5_valid_ast_cleaned.pt
2023-05-20 20:39:14.773 298:link-prediction        INFO   Labels Counter({0: 21170, 1: 21168})
2023-05-20 20:39:15.253 246:link-prediction        INFO   Load Span file and Graph data, data path: ../datasets/poj-104/graphs/exp1/codet5/codet5_test_ast_cleaned.pt
2023-05-20 20:39:17.541 298:link-prediction        INFO   Labels Counter({0: 21806, 1: 21805})
2023-05-20 20:39:17.545 303:link-prediction        INFO   *** Example ***
2023-05-20 20:39:17.546 304:link-prediction        INFO   idx: 40404
2023-05-20 20:39:17.546 305:link-prediction        INFO   label: 1
2023-05-20 20:39:17.547 306:link-prediction        INFO   input_tokens_1: ['i', '_=', '_0']
2023-05-20 20:39:17.547 314:link-prediction        INFO   input_ids_1: 193 196
2023-05-20 20:39:17.547 321:link-prediction        INFO   span_arry_1: [193, 194] [193, 194], mask 1 0
2023-05-20 20:39:17.547 331:link-prediction        INFO   input_tokens_reverse_1: i ][ k
2023-05-20 20:39:17.548 341:link-prediction        INFO   input_tokens_2: ['0']
2023-05-20 20:39:17.548 349:link-prediction        INFO   input_ids_2: 195 196
2023-05-20 20:39:17.548 356:link-prediction        INFO   span_arry_2: [195, 195] [195, 195], mask 1 0
2023-05-20 20:39:17.548 366:link-prediction        INFO   input_tokens_reverse_2: k
2023-05-20 20:39:17.548 303:link-prediction        INFO   *** Example ***
2023-05-20 20:39:17.548 304:link-prediction        INFO   idx: 47926
2023-05-20 20:39:17.548 305:link-prediction        INFO   label: 0
2023-05-20 20:39:17.549 306:link-prediction        INFO   input_tokens_1: ['while', '_(', 'num', '[', 'j', ']', '_==', '_0', ')']
2023-05-20 20:39:17.549 314:link-prediction        INFO   input_ids_1: 90 99
2023-05-20 20:39:17.549 321:link-prediction        INFO   span_arry_1: [90, 98] [90, 98], mask 1 0
2023-05-20 20:39:17.549 331:link-prediction        INFO   input_tokens_reverse_1: Ġstr [ j ] Ġ- Ġ' 0 ') Ġ%
2023-05-20 20:39:17.550 341:link-prediction        INFO   input_tokens_2: ['j']
2023-05-20 20:39:17.550 349:link-prediction        INFO   input_ids_2: 137 138
2023-05-20 20:39:17.550 356:link-prediction        INFO   span_arry_2: [137, 137] [137, 137], mask 1 0
2023-05-20 20:39:17.550 366:link-prediction        INFO   input_tokens_reverse_2: ')
2023-05-20 20:39:17.550 303:link-prediction        INFO   *** Example ***
2023-05-20 20:39:17.550 304:link-prediction        INFO   idx: 42957
2023-05-20 20:39:17.551 305:link-prediction        INFO   label: 0
2023-05-20 20:39:17.551 306:link-prediction        INFO   input_tokens_1: ['for', '_(', 'j', '_=', '_1', ';', '_j', '_<=', '_fail', ';', '_j', '++)']
2023-05-20 20:39:17.551 314:link-prediction        INFO   input_ids_1: 76 88
2023-05-20 20:39:17.551 321:link-prediction        INFO   span_arry_1: [76, 87] [76, 87], mask 1 0
2023-05-20 20:39:17.552 331:link-prediction        INFO   input_tokens_reverse_1: Ġ( j Ġ= Ġ1 ; Ġj Ġ<= Ġfail ; Ġj ++) Ċ
2023-05-20 20:39:17.552 341:link-prediction        INFO   input_tokens_2: ['c', 'in']
2023-05-20 20:39:17.552 349:link-prediction        INFO   input_ids_2: 69 71
2023-05-20 20:39:17.552 356:link-prediction        INFO   span_arry_2: [69, 70] [69, 70], mask 1 0
2023-05-20 20:39:17.553 366:link-prediction        INFO   input_tokens_reverse_2: Ċ ĠĠĠ
2023-05-20 20:39:17.553 303:link-prediction        INFO   *** Example ***
2023-05-20 20:39:17.553 304:link-prediction        INFO   idx: 41214
2023-05-20 20:39:17.553 305:link-prediction        INFO   label: 1
2023-05-20 20:39:17.553 306:link-prediction        INFO   input_tokens_1: ['g', '[', 'i', ']', '_=', '_1', '.', '0']
2023-05-20 20:39:17.554 314:link-prediction        INFO   input_ids_1: 324 332
2023-05-20 20:39:17.554 321:link-prediction        INFO   span_arry_1: [324, 328] [324, 328], mask 1 0
2023-05-20 20:39:17.554 331:link-prediction        INFO   input_tokens_reverse_1: i ] Ġ= Ġ2 . 0 ; Ċ
2023-05-20 20:39:17.554 341:link-prediction        INFO   input_tokens_2: ['1', '.', '0']
2023-05-20 20:39:17.554 349:link-prediction        INFO   input_ids_2: 329 332
2023-05-20 20:39:17.555 356:link-prediction        INFO   span_arry_2: [329, 331] [329, 331], mask 1 0
2023-05-20 20:39:17.555 366:link-prediction        INFO   input_tokens_reverse_2: 0 ; Ċ
2023-05-20 20:39:17.555 303:link-prediction        INFO   *** Example ***
2023-05-20 20:39:17.555 304:link-prediction        INFO   idx: 49161
2023-05-20 20:39:17.555 305:link-prediction        INFO   label: 1
2023-05-20 20:39:17.556 306:link-prediction        INFO   input_tokens_1: ['(', '1', '.', '0', '_*', '_c', '_/', '_n', ')', '_*', '_100']
2023-05-20 20:39:17.556 314:link-prediction        INFO   input_ids_1: 273 284
2023-05-20 20:39:17.556 321:link-prediction        INFO   span_arry_1: [273, 273] [281, 283], mask 1 1
2023-05-20 20:39:17.556 331:link-prediction        INFO   input_tokens_reverse_1: Ċ ĠĠĠ Ġif Ġ( 61 Ġ< Ġsz [ i ] Ġ||
2023-05-20 20:39:17.557 341:link-prediction        INFO   input_tokens_2: ['1', '.', '0', '_*', '_c', '_/', '_n']
2023-05-20 20:39:17.557 349:link-prediction        INFO   input_ids_2: 274 281
2023-05-20 20:39:17.557 356:link-prediction        INFO   span_arry_2: [274, 280] [274, 280], mask 1 0
2023-05-20 20:39:17.557 366:link-prediction        INFO   input_tokens_reverse_2: ĠĠĠ Ġif Ġ( 61 Ġ< Ġsz [
2023-05-20 20:39:17.557 303:link-prediction        INFO   *** Example ***
2023-05-20 20:39:17.557 304:link-prediction        INFO   idx: 43029
2023-05-20 20:39:17.557 305:link-prediction        INFO   label: 1
2023-05-20 20:39:17.558 306:link-prediction        INFO   input_tokens_1: ['s', '_+', '_(', '60', '_-', '_c', ')']
2023-05-20 20:39:17.558 314:link-prediction        INFO   input_ids_1: 99 106
2023-05-20 20:39:17.558 321:link-prediction        INFO   span_arry_1: [100, 105] [100, 105], mask 1 0
2023-05-20 20:39:17.558 331:link-prediction        INFO   input_tokens_reverse_1: ĠĠĠĠĠ Ġbreak ; Ċ ĠĠĠ Ġ} Ċ
2023-05-20 20:39:17.559 341:link-prediction        INFO   input_tokens_2: ['s']
2023-05-20 20:39:17.559 349:link-prediction        INFO   input_ids_2: 99 100
2023-05-20 20:39:17.559 356:link-prediction        INFO   span_arry_2: [99, 99] [99, 99], mask 1 0
2023-05-20 20:39:17.559 366:link-prediction        INFO   input_tokens_reverse_2: ĠĠĠĠĠ
2023-05-20 20:39:17.559 303:link-prediction        INFO   *** Example ***
2023-05-20 20:39:17.559 304:link-prediction        INFO   idx: 51377
2023-05-20 20:39:17.559 305:link-prediction        INFO   label: 0
2023-05-20 20:39:17.560 306:link-prediction        INFO   input_tokens_1: ['i']
2023-05-20 20:39:17.560 314:link-prediction        INFO   input_ids_1: 195 196
2023-05-20 20:39:17.560 321:link-prediction        INFO   span_arry_1: [195, 195] [195, 195], mask 1 0
2023-05-20 20:39:17.560 331:link-prediction        INFO   input_tokens_reverse_1: Ġ!=
2023-05-20 20:39:17.561 341:link-prediction        INFO   input_tokens_2: ['i', '_=', '_0']
2023-05-20 20:39:17.561 349:link-prediction        INFO   input_ids_2: 120 123
2023-05-20 20:39:17.561 356:link-prediction        INFO   span_arry_2: [120, 122] [120, 122], mask 1 0
2023-05-20 20:39:17.561 366:link-prediction        INFO   input_tokens_reverse_2: Ċ ĠĠĠĠĠ Ġa
2023-05-20 20:39:17.561 303:link-prediction        INFO   *** Example ***
2023-05-20 20:39:17.561 304:link-prediction        INFO   idx: 47602
2023-05-20 20:39:17.561 305:link-prediction        INFO   label: 1
2023-05-20 20:39:17.562 306:link-prediction        INFO   input_tokens_1: ['a', '[', 'i', '_+', '_2', ']']
2023-05-20 20:39:17.562 314:link-prediction        INFO   input_ids_1: 299 305
2023-05-20 20:39:17.562 321:link-prediction        INFO   span_arry_1: [299, 300] [304, 304], mask 1 1
2023-05-20 20:39:17.562 331:link-prediction        INFO   input_tokens_reverse_1: Ġ13 ; Ċ ĠĠĠĠĠ Ġprintf ("%
2023-05-20 20:39:17.563 341:link-prediction        INFO   input_tokens_2: ['i', '_+', '_2']
2023-05-20 20:39:17.563 349:link-prediction        INFO   input_ids_2: 301 304
2023-05-20 20:39:17.563 356:link-prediction        INFO   span_arry_2: [301, 303] [301, 303], mask 1 0
2023-05-20 20:39:17.563 366:link-prediction        INFO   input_tokens_reverse_2: Ċ ĠĠĠĠĠ Ġprintf
2023-05-20 20:39:17.563 303:link-prediction        INFO   *** Example ***
2023-05-20 20:39:17.563 304:link-prediction        INFO   idx: 51408
2023-05-20 20:39:17.563 305:link-prediction        INFO   label: 1
2023-05-20 20:39:17.564 306:link-prediction        INFO   input_tokens_1: ['str', '[', '0', ']']
2023-05-20 20:39:17.564 314:link-prediction        INFO   input_ids_1: 37 41
2023-05-20 20:39:17.564 321:link-prediction        INFO   span_arry_1: [37, 38] [40, 40], mask 1 1
2023-05-20 20:39:17.564 331:link-prediction        INFO   input_tokens_reverse_1: Ċ Ġ Ġn Ġ=
2023-05-20 20:39:17.565 341:link-prediction        INFO   input_tokens_2: ['0']
2023-05-20 20:39:17.565 349:link-prediction        INFO   input_ids_2: 39 40
2023-05-20 20:39:17.565 356:link-prediction        INFO   span_arry_2: [39, 39] [39, 39], mask 1 0
2023-05-20 20:39:17.565 366:link-prediction        INFO   input_tokens_reverse_2: Ġn
2023-05-20 20:39:17.565 994:link-prediction        INFO   Finishing loading Dataset
2023-05-20 20:39:17.589 1003:link-prediction        INFO   Probimg Model Parameters 3843
2023-05-20 20:39:17.590 1004:link-prediction        INFO   Training/evaluation parameters Namespace(adam_epsilon=1e-08, class_num=2, config_name='Salesforce/codet5-base', data_folder='../datasets/poj-104/graphs/exp1', dataset='poj-104', debug=False, device=device(type='cuda'), do_crossing='cleaned', do_eval=False, do_random=True, do_test=True, do_train=True, epochs=2, eval_batch_size=32, evaluate_during_training=False, gradient_accumulation_steps=1, graph_type='ast', layer=4, learning_rate=0.001, max_code_length=512, max_grad_norm=1.0, max_steps=-1, model_name='codet5', model_name_or_path='Salesforce/codet5-base', n_gpu=1, output_dir='../link_prediction/poj/random/saved_codet5models/3/ast_layer_4', posratio=0.5, seed=702, token_config='Salesforce/codet5-base', train_batch_size=64, warmup_steps=0, weight_decay=0.0)
2023-05-20 20:39:19.096 469:link-prediction        INFO   ***** Running training *****
2023-05-20 20:39:19.096 470:link-prediction        INFO     Num examples = 123023
2023-05-20 20:39:19.097 471:link-prediction        INFO     Num Epochs = 2
2023-05-20 20:39:19.097 472:link-prediction        INFO     Instantaneous batch size per GPU = 64
2023-05-20 20:39:19.097 476:link-prediction        INFO     Total train batch size = 64
2023-05-20 20:39:19.097 480:link-prediction        INFO     Gradient Accumulation steps = 1
2023-05-20 20:39:19.097 483:link-prediction        INFO     Total optimization steps = 3846
2023-05-20 20:39:30.152 598:link-prediction        INFO   ***** Running evaluation *****
2023-05-20 20:39:30.153 599:link-prediction        INFO     Num examples = 42338
2023-05-20 20:39:30.153 600:link-prediction        INFO     Batch size = 32
2023-05-20 20:40:07.319 645:link-prediction        INFO   ***** Eval results *****
2023-05-20 20:40:07.320 647:link-prediction        INFO     eval_acc = 0.7621
2023-05-20 20:40:07.320 647:link-prediction        INFO     eval_f1 = 0.7528
2023-05-20 20:40:07.320 647:link-prediction        INFO     eval_mcc = 0.5256
2023-05-20 20:40:07.320 647:link-prediction        INFO     eval_precision = 0.7832
2023-05-20 20:40:07.320 647:link-prediction        INFO     eval_recall = 0.7247
2023-05-20 20:40:07.321 647:link-prediction        INFO     eval_threshold = 0.5
2023-05-20 20:40:07.321 540:link-prediction        INFO     ********************
2023-05-20 20:40:07.321 541:link-prediction        INFO     Best f1:0.7528
2023-05-20 20:40:07.321 542:link-prediction        INFO     ********************
2023-05-20 20:40:07.325 557:link-prediction        INFO   Saving model checkpoint to ../link_prediction/poj/random/saved_codet5models/3/ast_layer_4/checkpoint-best-f1/model.bin
2023-05-20 20:40:07.326 562:link-prediction        INFO     ********************
2023-05-20 20:40:07.326 563:link-prediction        INFO     Best MCC:0.5256
2023-05-20 20:40:07.326 564:link-prediction        INFO     ********************
2023-05-20 20:40:07.329 579:link-prediction        INFO   Saving model checkpoint to ../link_prediction/poj/random/saved_codet5models/3/ast_layer_4/checkpoint-best-mcc/model.bin
2023-05-20 20:40:18.205 598:link-prediction        INFO   ***** Running evaluation *****
2023-05-20 20:40:18.206 599:link-prediction        INFO     Num examples = 42338
2023-05-20 20:40:18.206 600:link-prediction        INFO     Batch size = 32
2023-05-20 20:40:52.142 645:link-prediction        INFO   ***** Eval results *****
2023-05-20 20:40:52.144 647:link-prediction        INFO     eval_acc = 0.837
2023-05-20 20:40:52.144 647:link-prediction        INFO     eval_f1 = 0.8359
2023-05-20 20:40:52.144 647:link-prediction        INFO     eval_mcc = 0.674
2023-05-20 20:40:52.145 647:link-prediction        INFO     eval_precision = 0.8412
2023-05-20 20:40:52.145 647:link-prediction        INFO     eval_recall = 0.8307
2023-05-20 20:40:52.145 647:link-prediction        INFO     eval_threshold = 0.5
2023-05-20 20:40:52.145 540:link-prediction        INFO     ********************
2023-05-20 20:40:52.145 541:link-prediction        INFO     Best f1:0.8359
2023-05-20 20:40:52.145 542:link-prediction        INFO     ********************
2023-05-20 20:40:52.149 557:link-prediction        INFO   Saving model checkpoint to ../link_prediction/poj/random/saved_codet5models/3/ast_layer_4/checkpoint-best-f1/model.bin
2023-05-20 20:40:52.149 562:link-prediction        INFO     ********************
2023-05-20 20:40:52.149 563:link-prediction        INFO     Best MCC:0.674
2023-05-20 20:40:52.149 564:link-prediction        INFO     ********************
2023-05-20 20:40:52.151 579:link-prediction        INFO   Saving model checkpoint to ../link_prediction/poj/random/saved_codet5models/3/ast_layer_4/checkpoint-best-mcc/model.bin
2023-05-20 20:41:02.725 598:link-prediction        INFO   ***** Running evaluation *****
2023-05-20 20:41:02.725 599:link-prediction        INFO     Num examples = 42338
2023-05-20 20:41:02.725 600:link-prediction        INFO     Batch size = 32
2023-05-20 20:41:36.309 645:link-prediction        INFO   ***** Eval results *****
2023-05-20 20:41:36.310 647:link-prediction        INFO     eval_acc = 0.8548
2023-05-20 20:41:36.310 647:link-prediction        INFO     eval_f1 = 0.856
2023-05-20 20:41:36.310 647:link-prediction        INFO     eval_mcc = 0.7096
2023-05-20 20:41:36.310 647:link-prediction        INFO     eval_precision = 0.8487
2023-05-20 20:41:36.310 647:link-prediction        INFO     eval_recall = 0.8634
2023-05-20 20:41:36.310 647:link-prediction        INFO     eval_threshold = 0.5
2023-05-20 20:41:36.310 540:link-prediction        INFO     ********************
2023-05-20 20:41:36.310 541:link-prediction        INFO     Best f1:0.856
2023-05-20 20:41:36.310 542:link-prediction        INFO     ********************
2023-05-20 20:41:36.315 557:link-prediction        INFO   Saving model checkpoint to ../link_prediction/poj/random/saved_codet5models/3/ast_layer_4/checkpoint-best-f1/model.bin
2023-05-20 20:41:36.315 562:link-prediction        INFO     ********************
2023-05-20 20:41:36.315 563:link-prediction        INFO     Best MCC:0.7096
2023-05-20 20:41:36.315 564:link-prediction        INFO     ********************
2023-05-20 20:41:36.317 579:link-prediction        INFO   Saving model checkpoint to ../link_prediction/poj/random/saved_codet5models/3/ast_layer_4/checkpoint-best-mcc/model.bin
2023-05-20 20:41:47.365 598:link-prediction        INFO   ***** Running evaluation *****
2023-05-20 20:41:47.365 599:link-prediction        INFO     Num examples = 42338
2023-05-20 20:41:47.366 600:link-prediction        INFO     Batch size = 32
2023-05-20 20:42:21.049 645:link-prediction        INFO   ***** Eval results *****
2023-05-20 20:42:21.049 647:link-prediction        INFO     eval_acc = 0.8451
2023-05-20 20:42:21.049 647:link-prediction        INFO     eval_f1 = 0.8445
2023-05-20 20:42:21.049 647:link-prediction        INFO     eval_mcc = 0.6902
2023-05-20 20:42:21.049 647:link-prediction        INFO     eval_precision = 0.8478
2023-05-20 20:42:21.049 647:link-prediction        INFO     eval_recall = 0.8412
2023-05-20 20:42:21.050 647:link-prediction        INFO     eval_threshold = 0.5
2023-05-20 20:42:31.652 598:link-prediction        INFO   ***** Running evaluation *****
2023-05-20 20:42:31.653 599:link-prediction        INFO     Num examples = 42338
2023-05-20 20:42:31.653 600:link-prediction        INFO     Batch size = 32
2023-05-20 20:43:04.362 645:link-prediction        INFO   ***** Eval results *****
2023-05-20 20:43:04.362 647:link-prediction        INFO     eval_acc = 0.8525
2023-05-20 20:43:04.362 647:link-prediction        INFO     eval_f1 = 0.8669
2023-05-20 20:43:04.362 647:link-prediction        INFO     eval_mcc = 0.7222
2023-05-20 20:43:04.362 647:link-prediction        INFO     eval_precision = 0.7897
2023-05-20 20:43:04.362 647:link-prediction        INFO     eval_recall = 0.9609
2023-05-20 20:43:04.363 647:link-prediction        INFO     eval_threshold = 0.5
2023-05-20 20:43:04.363 540:link-prediction        INFO     ********************
2023-05-20 20:43:04.363 541:link-prediction        INFO     Best f1:0.8669
2023-05-20 20:43:04.363 542:link-prediction        INFO     ********************
2023-05-20 20:43:04.366 557:link-prediction        INFO   Saving model checkpoint to ../link_prediction/poj/random/saved_codet5models/3/ast_layer_4/checkpoint-best-f1/model.bin
2023-05-20 20:43:04.366 562:link-prediction        INFO     ********************
2023-05-20 20:43:04.366 563:link-prediction        INFO     Best MCC:0.7222
2023-05-20 20:43:04.367 564:link-prediction        INFO     ********************
2023-05-20 20:43:04.368 579:link-prediction        INFO   Saving model checkpoint to ../link_prediction/poj/random/saved_codet5models/3/ast_layer_4/checkpoint-best-mcc/model.bin
2023-05-20 20:43:14.998 598:link-prediction        INFO   ***** Running evaluation *****
2023-05-20 20:43:14.998 599:link-prediction        INFO     Num examples = 42338
2023-05-20 20:43:14.998 600:link-prediction        INFO     Batch size = 32
2023-05-20 20:43:47.456 645:link-prediction        INFO   ***** Eval results *****
2023-05-20 20:43:47.456 647:link-prediction        INFO     eval_acc = 0.8524
2023-05-20 20:43:47.456 647:link-prediction        INFO     eval_f1 = 0.8488
2023-05-20 20:43:47.456 647:link-prediction        INFO     eval_mcc = 0.7055
2023-05-20 20:43:47.456 647:link-prediction        INFO     eval_precision = 0.8697
2023-05-20 20:43:47.456 647:link-prediction        INFO     eval_recall = 0.8289
2023-05-20 20:43:47.457 647:link-prediction        INFO     eval_threshold = 0.5
2023-05-20 20:43:57.615 598:link-prediction        INFO   ***** Running evaluation *****
2023-05-20 20:43:57.616 599:link-prediction        INFO     Num examples = 42338
2023-05-20 20:43:57.616 600:link-prediction        INFO     Batch size = 32
2023-05-20 20:44:31.639 645:link-prediction        INFO   ***** Eval results *****
2023-05-20 20:44:31.640 647:link-prediction        INFO     eval_acc = 0.8683
2023-05-20 20:44:31.640 647:link-prediction        INFO     eval_f1 = 0.8792
2023-05-20 20:44:31.640 647:link-prediction        INFO     eval_mcc = 0.749
2023-05-20 20:44:31.640 647:link-prediction        INFO     eval_precision = 0.8115
2023-05-20 20:44:31.640 647:link-prediction        INFO     eval_recall = 0.9594
2023-05-20 20:44:31.640 647:link-prediction        INFO     eval_threshold = 0.5
2023-05-20 20:44:31.640 540:link-prediction        INFO     ********************
2023-05-20 20:44:31.640 541:link-prediction        INFO     Best f1:0.8792
2023-05-20 20:44:31.641 542:link-prediction        INFO     ********************
2023-05-20 20:44:31.644 557:link-prediction        INFO   Saving model checkpoint to ../link_prediction/poj/random/saved_codet5models/3/ast_layer_4/checkpoint-best-f1/model.bin
2023-05-20 20:44:31.644 562:link-prediction        INFO     ********************
2023-05-20 20:44:31.645 563:link-prediction        INFO     Best MCC:0.749
2023-05-20 20:44:31.645 564:link-prediction        INFO     ********************
2023-05-20 20:44:31.646 579:link-prediction        INFO   Saving model checkpoint to ../link_prediction/poj/random/saved_codet5models/3/ast_layer_4/checkpoint-best-mcc/model.bin
