2022-10-11 03:10:29.612 933:link-prediction        DEBUG  main message
2022-10-11 03:10:29.612 939:link-prediction        WARNING device: cuda, n_gpu: 1
2022-10-11 03:10:37.462 954:link-prediction        INFO   Load Dataset
2022-10-11 03:11:14.447 246:link-prediction        INFO   Load Span file and Graph data, data path: ../datasets/poj-104/graphs/exp1/codebert/codebert_train_cfg_cleaned.pt
2022-10-11 03:11:15.935 298:link-prediction        INFO   Labels Counter({1: 23400, 0: 23400})
2022-10-11 03:11:16.174 246:link-prediction        INFO   Load Span file and Graph data, data path: ../datasets/poj-104/graphs/exp1/codebert/codebert_valid_cfg_cleaned.pt
2022-10-11 03:11:16.849 298:link-prediction        INFO   Labels Counter({0: 8225, 1: 8225})
2022-10-11 03:11:17.089 246:link-prediction        INFO   Load Span file and Graph data, data path: ../datasets/poj-104/graphs/exp1/codebert/codebert_test_cfg_cleaned.pt
2022-10-11 03:11:17.966 298:link-prediction        INFO   Labels Counter({1: 7694, 0: 7694})
2022-10-11 03:11:17.966 303:link-prediction        INFO   *** Example ***
2022-10-11 03:11:17.966 304:link-prediction        INFO   idx: 46068
2022-10-11 03:11:17.966 305:link-prediction        INFO   label: 1
2022-10-11 03:11:17.968 306:link-prediction        INFO   input_tokens_1: ['return', '_0', ';']
2022-10-11 03:11:17.968 314:link-prediction        INFO   input_ids_1: 256 259
2022-10-11 03:11:17.968 321:link-prediction        INFO   span_arry_1: [256, 258] [256, 258], mask 1 0
2022-10-11 03:11:17.968 331:link-prediction        INFO   input_tokens_reverse_1: Ġreturn Ġ0 ;
2022-10-11 03:11:17.968 341:link-prediction        INFO   input_tokens_2: ['int']
2022-10-11 03:11:17.969 349:link-prediction        INFO   input_ids_2: 1 2
2022-10-11 03:11:17.969 356:link-prediction        INFO   span_arry_2: [1, 1] [1, 1], mask 1 0
2022-10-11 03:11:17.969 366:link-prediction        INFO   input_tokens_reverse_2: int
2022-10-11 03:11:17.969 303:link-prediction        INFO   *** Example ***
2022-10-11 03:11:17.969 304:link-prediction        INFO   idx: 48588
2022-10-11 03:11:17.969 305:link-prediction        INFO   label: 1
2022-10-11 03:11:17.969 306:link-prediction        INFO   input_tokens_1: ['i', '1', '_<', '_n']
2022-10-11 03:11:17.969 314:link-prediction        INFO   input_ids_1: 37 41
2022-10-11 03:11:17.969 321:link-prediction        INFO   span_arry_1: [37, 40] [37, 40], mask 1 0
2022-10-11 03:11:17.969 331:link-prediction        INFO   input_tokens_reverse_1: Ġi 1 Ġ< Ġn
2022-10-11 03:11:17.969 341:link-prediction        INFO   input_tokens_2: ['num', '_=', '_0']
2022-10-11 03:11:17.969 349:link-prediction        INFO   input_ids_2: 56 59
2022-10-11 03:11:17.970 356:link-prediction        INFO   span_arry_2: [56, 58] [56, 58], mask 1 0
2022-10-11 03:11:17.970 366:link-prediction        INFO   input_tokens_reverse_2: Ġnum Ġ= Ġ0
2022-10-11 03:11:17.970 303:link-prediction        INFO   *** Example ***
2022-10-11 03:11:17.970 304:link-prediction        INFO   idx: 44228
2022-10-11 03:11:17.970 305:link-prediction        INFO   label: 1
2022-10-11 03:11:17.970 306:link-prediction        INFO   input_tokens_1: ['int', '_*']
2022-10-11 03:11:17.970 314:link-prediction        INFO   input_ids_1: 34 36
2022-10-11 03:11:17.970 321:link-prediction        INFO   span_arry_1: [34, 35] [34, 35], mask 1 0
2022-10-11 03:11:17.970 331:link-prediction        INFO   input_tokens_reverse_1: int Ġ*)
2022-10-11 03:11:17.970 341:link-prediction        INFO   input_tokens_2: ['n', '_*', '_n']
2022-10-11 03:11:17.970 349:link-prediction        INFO   input_ids_2: 39 42
2022-10-11 03:11:17.970 356:link-prediction        INFO   span_arry_2: [39, 41] [39, 41], mask 1 0
2022-10-11 03:11:17.970 366:link-prediction        INFO   input_tokens_reverse_2: n Ġ* Ġn
2022-10-11 03:11:17.971 303:link-prediction        INFO   *** Example ***
2022-10-11 03:11:17.971 304:link-prediction        INFO   idx: 45605
2022-10-11 03:11:17.971 305:link-prediction        INFO   label: 0
2022-10-11 03:11:17.971 306:link-prediction        INFO   input_tokens_1: ['j', '_+', '_1']
2022-10-11 03:11:17.971 314:link-prediction        INFO   input_ids_1: 133 136
2022-10-11 03:11:17.971 321:link-prediction        INFO   span_arry_1: [133, 135] [133, 135], mask 1 0
2022-10-11 03:11:17.971 331:link-prediction        INFO   input_tokens_reverse_1: j Ġ+ Ġ1
2022-10-11 03:11:17.971 341:link-prediction        INFO   input_tokens_2: ['i', '_<', '_n']
2022-10-11 03:11:17.971 349:link-prediction        INFO   input_ids_2: 433 436
2022-10-11 03:11:17.971 356:link-prediction        INFO   span_arry_2: [433, 435] [433, 435], mask 1 0
2022-10-11 03:11:17.971 366:link-prediction        INFO   input_tokens_reverse_2: Ġi Ġ< Ġn
2022-10-11 03:11:17.971 303:link-prediction        INFO   *** Example ***
2022-10-11 03:11:17.971 304:link-prediction        INFO   idx: 50520
2022-10-11 03:11:17.972 305:link-prediction        INFO   label: 1
2022-10-11 03:11:17.972 306:link-prediction        INFO   input_tokens_1: ['female', '[', 'm', '_-', '_1', ']', '_=', '_change']
2022-10-11 03:11:17.972 314:link-prediction        INFO   input_ids_1: 279 287
2022-10-11 03:11:17.972 321:link-prediction        INFO   span_arry_1: [279, 286] [279, 286], mask 1 0
2022-10-11 03:11:17.972 331:link-prediction        INFO   input_tokens_reverse_1: Ġfemale [ m Ġ- Ġ1 ] Ġ= Ġchange
2022-10-11 03:11:17.972 341:link-prediction        INFO   input_tokens_2: ['m', '_=', '_m', '_-', '_1']
2022-10-11 03:11:17.972 349:link-prediction        INFO   input_ids_2: 289 294
2022-10-11 03:11:17.972 356:link-prediction        INFO   span_arry_2: [289, 293] [289, 293], mask 1 0
2022-10-11 03:11:17.972 366:link-prediction        INFO   input_tokens_reverse_2: Ġm Ġ= Ġm Ġ- Ġ1
2022-10-11 03:11:17.972 303:link-prediction        INFO   *** Example ***
2022-10-11 03:11:17.972 304:link-prediction        INFO   idx: 48127
2022-10-11 03:11:17.972 305:link-prediction        INFO   label: 1
2022-10-11 03:11:17.973 306:link-prediction        INFO   input_tokens_1: ['d', '_=', '_0']
2022-10-11 03:11:17.973 314:link-prediction        INFO   input_ids_1: 107 110
2022-10-11 03:11:17.973 321:link-prediction        INFO   span_arry_1: [107, 109] [107, 109], mask 1 0
2022-10-11 03:11:17.973 331:link-prediction        INFO   input_tokens_reverse_1: Ġd Ġ= Ġ0
2022-10-11 03:11:17.973 341:link-prediction        INFO   input_tokens_2: ['(', 'n', '_%', '_10', ')', '_==', '_9']
2022-10-11 03:11:17.973 349:link-prediction        INFO   input_ids_2: 295 302
2022-10-11 03:11:17.973 356:link-prediction        INFO   span_arry_2: [295, 301] [295, 301], mask 1 0
2022-10-11 03:11:17.973 366:link-prediction        INFO   input_tokens_reverse_2: Ġ(( n Ġ% Ġ10 ) Ġ== Ġ9
2022-10-11 03:11:17.973 303:link-prediction        INFO   *** Example ***
2022-10-11 03:11:17.973 304:link-prediction        INFO   idx: 43986
2022-10-11 03:11:17.973 305:link-prediction        INFO   label: 1
2022-10-11 03:11:17.974 306:link-prediction        INFO   input_tokens_1: ['c', '[', 'i', ']']
2022-10-11 03:11:17.974 314:link-prediction        INFO   input_ids_1: 73 77
2022-10-11 03:11:17.974 321:link-prediction        INFO   span_arry_1: [73, 76] [73, 76], mask 1 0
2022-10-11 03:11:17.974 331:link-prediction        INFO   input_tokens_reverse_1: c [ i ]
2022-10-11 03:11:17.974 341:link-prediction        INFO   input_tokens_2: ['c', '[', 'i', ']', '_==', "_'", '1', "'", '_||', '_c', '[', 'i', ']', '_==', "_'", '2', "'"]
2022-10-11 03:11:17.974 349:link-prediction        INFO   input_ids_2: 73 90
2022-10-11 03:11:17.974 356:link-prediction        INFO   span_arry_2: [77, 89] [77, 89], mask 1 0
2022-10-11 03:11:17.974 366:link-prediction        INFO   input_tokens_reverse_2: c [ i ] Ġ== Ġ' 1 ' Ġ|| Ġc [ i ] Ġ== Ġ' 2 '
2022-10-11 03:11:17.974 303:link-prediction        INFO   *** Example ***
2022-10-11 03:11:17.974 304:link-prediction        INFO   idx: 50797
2022-10-11 03:11:17.974 305:link-prediction        INFO   label: 1
2022-10-11 03:11:17.974 306:link-prediction        INFO   input_tokens_1: ['printf', '("', '_%', '.', '2', 'lf', '",', '_a', '[', 'i', '])']
2022-10-11 03:11:17.975 314:link-prediction        INFO   input_ids_1: 329 340
2022-10-11 03:11:17.975 321:link-prediction        INFO   span_arry_1: [329, 339] [329, 339], mask 1 0
2022-10-11 03:11:17.975 331:link-prediction        INFO   input_tokens_reverse_1: Ġprintf (" Ġ% . 2 lf ", Ġa [ i ]);
2022-10-11 03:11:17.975 341:link-prediction        INFO   input_tokens_2: ['i', '++']
2022-10-11 03:11:17.975 349:link-prediction        INFO   input_ids_2: 326 328
2022-10-11 03:11:17.975 356:link-prediction        INFO   span_arry_2: [326, 327] [326, 327], mask 1 0
2022-10-11 03:11:17.975 366:link-prediction        INFO   input_tokens_reverse_2: Ġi ++)
2022-10-11 03:11:17.975 303:link-prediction        INFO   *** Example ***
2022-10-11 03:11:17.975 304:link-prediction        INFO   idx: 40012
2022-10-11 03:11:17.975 305:link-prediction        INFO   label: 0
2022-10-11 03:11:17.975 306:link-prediction        INFO   input_tokens_1: ['p', '_+', '_5', '_*', '_m', '_+', '_i']
2022-10-11 03:11:17.975 314:link-prediction        INFO   input_ids_1: 136 143
2022-10-11 03:11:17.976 321:link-prediction        INFO   span_arry_1: [136, 142] [136, 142], mask 1 0
2022-10-11 03:11:17.976 331:link-prediction        INFO   input_tokens_reverse_1: p Ġ+ Ġ5 Ġ* Ġm Ġ+ Ġi
2022-10-11 03:11:17.976 341:link-prediction        INFO   input_tokens_2: ['i', '_<', '_25']
2022-10-11 03:11:17.976 349:link-prediction        INFO   input_ids_2: 39 42
2022-10-11 03:11:17.976 356:link-prediction        INFO   span_arry_2: [39, 41] [39, 41], mask 1 0
2022-10-11 03:11:17.976 366:link-prediction        INFO   input_tokens_reverse_2: Ġi Ġ< Ġ25
2022-10-11 03:11:17.976 994:link-prediction        INFO   Finishing loading Dataset
2022-10-11 03:11:17.998 1003:link-prediction        INFO   Probimg Model Parameters 3843
2022-10-11 03:11:17.998 1004:link-prediction        INFO   Training/evaluation parameters Namespace(adam_epsilon=1e-08, class_num=2, config_name='microsoft/codebert-base', data_folder='../datasets/poj-104/graphs/exp1', dataset='poj-104', debug=False, device=device(type='cuda'), do_crossing='cleaned', do_eval=False, do_random=False, do_test=True, do_train=True, epochs=2, eval_batch_size=32, evaluate_during_training=False, gradient_accumulation_steps=1, graph_type='cfg', layer=4, learning_rate=0.001, max_code_length=512, max_grad_norm=1.0, max_steps=-1, model_name='codebert', model_name_or_path='microsoft/codebert-base', n_gpu=1, output_dir='../link_prediction/poj/plm/saved_codebertmodels/3/cfg_layer_4', posratio=0.5, seed=928, token_config='microsoft/codebert-base', train_batch_size=64, warmup_steps=0, weight_decay=0.0)
2022-10-11 03:11:18.746 469:link-prediction        INFO   ***** Running training *****
2022-10-11 03:11:18.746 470:link-prediction        INFO     Num examples = 46800
2022-10-11 03:11:18.746 471:link-prediction        INFO     Num Epochs = 2
2022-10-11 03:11:18.747 472:link-prediction        INFO     Instantaneous batch size per GPU = 64
2022-10-11 03:11:18.747 476:link-prediction        INFO     Total train batch size = 64
2022-10-11 03:11:18.747 480:link-prediction        INFO     Gradient Accumulation steps = 1
2022-10-11 03:11:18.747 483:link-prediction        INFO     Total optimization steps = 1464
2022-10-11 03:11:21.566 598:link-prediction        INFO   ***** Running evaluation *****
2022-10-11 03:11:21.566 599:link-prediction        INFO     Num examples = 16450
2022-10-11 03:11:21.566 600:link-prediction        INFO     Batch size = 32
2022-10-11 03:11:30.053 645:link-prediction        INFO   ***** Eval results *****
2022-10-11 03:11:30.053 647:link-prediction        INFO     eval_acc = 0.5749
2022-10-11 03:11:30.053 647:link-prediction        INFO     eval_f1 = 0.6082
2022-10-11 03:11:30.053 647:link-prediction        INFO     eval_mcc = 0.152
2022-10-11 03:11:30.054 647:link-prediction        INFO     eval_precision = 0.564
2022-10-11 03:11:30.054 647:link-prediction        INFO     eval_recall = 0.6598
2022-10-11 03:11:30.054 647:link-prediction        INFO     eval_threshold = 0.5
2022-10-11 03:11:30.054 540:link-prediction        INFO     ********************
2022-10-11 03:11:30.054 541:link-prediction        INFO     Best f1:0.6082
2022-10-11 03:11:30.054 542:link-prediction        INFO     ********************
2022-10-11 03:11:30.055 557:link-prediction        INFO   Saving model checkpoint to ../link_prediction/poj/plm/saved_codebertmodels/3/cfg_layer_4/checkpoint-best-f1/model.bin
2022-10-11 03:11:30.055 562:link-prediction        INFO     ********************
2022-10-11 03:11:30.055 563:link-prediction        INFO     Best MCC:0.152
2022-10-11 03:11:30.055 564:link-prediction        INFO     ********************
2022-10-11 03:11:30.056 579:link-prediction        INFO   Saving model checkpoint to ../link_prediction/poj/plm/saved_codebertmodels/3/cfg_layer_4/checkpoint-best-mcc/model.bin
2022-10-11 03:11:32.536 598:link-prediction        INFO   ***** Running evaluation *****
2022-10-11 03:11:32.536 599:link-prediction        INFO     Num examples = 16450
2022-10-11 03:11:32.536 600:link-prediction        INFO     Batch size = 32
2022-10-11 03:11:41.062 645:link-prediction        INFO   ***** Eval results *****
2022-10-11 03:11:41.062 647:link-prediction        INFO     eval_acc = 0.6215
2022-10-11 03:11:41.062 647:link-prediction        INFO     eval_f1 = 0.6237
2022-10-11 03:11:41.062 647:link-prediction        INFO     eval_mcc = 0.2429
2022-10-11 03:11:41.063 647:link-prediction        INFO     eval_precision = 0.62
2022-10-11 03:11:41.063 647:link-prediction        INFO     eval_recall = 0.6274
2022-10-11 03:11:41.063 647:link-prediction        INFO     eval_threshold = 0.5
2022-10-11 03:11:41.063 540:link-prediction        INFO     ********************
2022-10-11 03:11:41.063 541:link-prediction        INFO     Best f1:0.6237
2022-10-11 03:11:41.063 542:link-prediction        INFO     ********************
2022-10-11 03:11:41.064 557:link-prediction        INFO   Saving model checkpoint to ../link_prediction/poj/plm/saved_codebertmodels/3/cfg_layer_4/checkpoint-best-f1/model.bin
2022-10-11 03:11:41.064 562:link-prediction        INFO     ********************
2022-10-11 03:11:41.064 563:link-prediction        INFO     Best MCC:0.2429
2022-10-11 03:11:41.064 564:link-prediction        INFO     ********************
2022-10-11 03:11:41.065 579:link-prediction        INFO   Saving model checkpoint to ../link_prediction/poj/plm/saved_codebertmodels/3/cfg_layer_4/checkpoint-best-mcc/model.bin
2022-10-11 03:11:43.565 598:link-prediction        INFO   ***** Running evaluation *****
2022-10-11 03:11:43.566 599:link-prediction        INFO     Num examples = 16450
2022-10-11 03:11:43.566 600:link-prediction        INFO     Batch size = 32
2022-10-11 03:11:52.123 645:link-prediction        INFO   ***** Eval results *****
2022-10-11 03:11:52.123 647:link-prediction        INFO     eval_acc = 0.6205
2022-10-11 03:11:52.123 647:link-prediction        INFO     eval_f1 = 0.6556
2022-10-11 03:11:52.124 647:link-prediction        INFO     eval_mcc = 0.2462
2022-10-11 03:11:52.124 647:link-prediction        INFO     eval_precision = 0.6002
2022-10-11 03:11:52.124 647:link-prediction        INFO     eval_recall = 0.7222
2022-10-11 03:11:52.124 647:link-prediction        INFO     eval_threshold = 0.5
2022-10-11 03:11:52.124 540:link-prediction        INFO     ********************
2022-10-11 03:11:52.124 541:link-prediction        INFO     Best f1:0.6556
2022-10-11 03:11:52.124 542:link-prediction        INFO     ********************
2022-10-11 03:11:52.125 557:link-prediction        INFO   Saving model checkpoint to ../link_prediction/poj/plm/saved_codebertmodels/3/cfg_layer_4/checkpoint-best-f1/model.bin
2022-10-11 03:11:52.125 562:link-prediction        INFO     ********************
2022-10-11 03:11:52.125 563:link-prediction        INFO     Best MCC:0.2462
2022-10-11 03:11:52.125 564:link-prediction        INFO     ********************
2022-10-11 03:11:52.126 579:link-prediction        INFO   Saving model checkpoint to ../link_prediction/poj/plm/saved_codebertmodels/3/cfg_layer_4/checkpoint-best-mcc/model.bin
2022-10-11 03:11:54.634 598:link-prediction        INFO   ***** Running evaluation *****
2022-10-11 03:11:54.634 599:link-prediction        INFO     Num examples = 16450
2022-10-11 03:11:54.634 600:link-prediction        INFO     Batch size = 32
2022-10-11 03:12:03.212 645:link-prediction        INFO   ***** Eval results *****
2022-10-11 03:12:03.213 647:link-prediction        INFO     eval_acc = 0.6418
2022-10-11 03:12:03.213 647:link-prediction        INFO     eval_f1 = 0.6357
2022-10-11 03:12:03.213 647:link-prediction        INFO     eval_mcc = 0.2837
2022-10-11 03:12:03.213 647:link-prediction        INFO     eval_precision = 0.6467
2022-10-11 03:12:03.213 647:link-prediction        INFO     eval_recall = 0.625
2022-10-11 03:12:03.213 647:link-prediction        INFO     eval_threshold = 0.5
2022-10-11 03:12:03.213 562:link-prediction        INFO     ********************
2022-10-11 03:12:03.213 563:link-prediction        INFO     Best MCC:0.2837
2022-10-11 03:12:03.213 564:link-prediction        INFO     ********************
2022-10-11 03:12:03.214 579:link-prediction        INFO   Saving model checkpoint to ../link_prediction/poj/plm/saved_codebertmodels/3/cfg_layer_4/checkpoint-best-mcc/model.bin
2022-10-11 03:12:05.736 598:link-prediction        INFO   ***** Running evaluation *****
2022-10-11 03:12:05.736 599:link-prediction        INFO     Num examples = 16450
2022-10-11 03:12:05.736 600:link-prediction        INFO     Batch size = 32
2022-10-11 03:12:14.347 645:link-prediction        INFO   ***** Eval results *****
2022-10-11 03:12:14.347 647:link-prediction        INFO     eval_acc = 0.6337
2022-10-11 03:12:14.347 647:link-prediction        INFO     eval_f1 = 0.6293
2022-10-11 03:12:14.348 647:link-prediction        INFO     eval_mcc = 0.2676
2022-10-11 03:12:14.348 647:link-prediction        INFO     eval_precision = 0.637
2022-10-11 03:12:14.348 647:link-prediction        INFO     eval_recall = 0.6219
2022-10-11 03:12:14.348 647:link-prediction        INFO     eval_threshold = 0.5
2022-10-11 03:12:16.839 598:link-prediction        INFO   ***** Running evaluation *****
2022-10-11 03:12:16.840 599:link-prediction        INFO     Num examples = 16450
2022-10-11 03:12:16.840 600:link-prediction        INFO     Batch size = 32
2022-10-11 03:12:25.467 645:link-prediction        INFO   ***** Eval results *****
2022-10-11 03:12:25.467 647:link-prediction        INFO     eval_acc = 0.6443
2022-10-11 03:12:25.468 647:link-prediction        INFO     eval_f1 = 0.6717
2022-10-11 03:12:25.468 647:link-prediction        INFO     eval_mcc = 0.2927
2022-10-11 03:12:25.468 647:link-prediction        INFO     eval_precision = 0.6237
2022-10-11 03:12:25.468 647:link-prediction        INFO     eval_recall = 0.7278
2022-10-11 03:12:25.468 647:link-prediction        INFO     eval_threshold = 0.5
2022-10-11 03:12:25.468 540:link-prediction        INFO     ********************
2022-10-11 03:12:25.468 541:link-prediction        INFO     Best f1:0.6717
2022-10-11 03:12:25.468 542:link-prediction        INFO     ********************
2022-10-11 03:12:25.469 557:link-prediction        INFO   Saving model checkpoint to ../link_prediction/poj/plm/saved_codebertmodels/3/cfg_layer_4/checkpoint-best-f1/model.bin
2022-10-11 03:12:25.469 562:link-prediction        INFO     ********************
2022-10-11 03:12:25.469 563:link-prediction        INFO     Best MCC:0.2927
2022-10-11 03:12:25.469 564:link-prediction        INFO     ********************
2022-10-11 03:12:25.470 579:link-prediction        INFO   Saving model checkpoint to ../link_prediction/poj/plm/saved_codebertmodels/3/cfg_layer_4/checkpoint-best-mcc/model.bin
2022-10-11 03:12:27.973 598:link-prediction        INFO   ***** Running evaluation *****
2022-10-11 03:12:27.973 599:link-prediction        INFO     Num examples = 16450
2022-10-11 03:12:27.973 600:link-prediction        INFO     Batch size = 32
2022-10-11 03:12:36.641 645:link-prediction        INFO   ***** Eval results *****
2022-10-11 03:12:36.641 647:link-prediction        INFO     eval_acc = 0.6281
2022-10-11 03:12:36.641 647:link-prediction        INFO     eval_f1 = 0.5781
2022-10-11 03:12:36.641 647:link-prediction        INFO     eval_mcc = 0.2638
2022-10-11 03:12:36.641 647:link-prediction        INFO     eval_precision = 0.668
2022-10-11 03:12:36.642 647:link-prediction        INFO     eval_recall = 0.5095
2022-10-11 03:12:36.642 647:link-prediction        INFO     eval_threshold = 0.5
2022-10-11 03:12:39.134 598:link-prediction        INFO   ***** Running evaluation *****
2022-10-11 03:12:39.134 599:link-prediction        INFO     Num examples = 16450
2022-10-11 03:12:39.134 600:link-prediction        INFO     Batch size = 32
2022-10-11 03:12:47.798 645:link-prediction        INFO   ***** Eval results *****
2022-10-11 03:12:47.798 647:link-prediction        INFO     eval_acc = 0.6527
2022-10-11 03:12:47.798 647:link-prediction        INFO     eval_f1 = 0.6747
2022-10-11 03:12:47.798 647:link-prediction        INFO     eval_mcc = 0.3082
2022-10-11 03:12:47.799 647:link-prediction        INFO     eval_precision = 0.6345
2022-10-11 03:12:47.799 647:link-prediction        INFO     eval_recall = 0.7204
2022-10-11 03:12:47.799 647:link-prediction        INFO     eval_threshold = 0.5
2022-10-11 03:12:47.799 540:link-prediction        INFO     ********************
2022-10-11 03:12:47.799 541:link-prediction        INFO     Best f1:0.6747
2022-10-11 03:12:47.799 542:link-prediction        INFO     ********************
2022-10-11 03:12:47.800 557:link-prediction        INFO   Saving model checkpoint to ../link_prediction/poj/plm/saved_codebertmodels/3/cfg_layer_4/checkpoint-best-f1/model.bin
2022-10-11 03:12:47.800 562:link-prediction        INFO     ********************
2022-10-11 03:12:47.800 563:link-prediction        INFO     Best MCC:0.3082
2022-10-11 03:12:47.800 564:link-prediction        INFO     ********************
2022-10-11 03:12:47.801 579:link-prediction        INFO   Saving model checkpoint to ../link_prediction/poj/plm/saved_codebertmodels/3/cfg_layer_4/checkpoint-best-mcc/model.bin
2022-10-11 03:12:50.307 598:link-prediction        INFO   ***** Running evaluation *****
2022-10-11 03:12:50.308 599:link-prediction        INFO     Num examples = 16450
2022-10-11 03:12:50.308 600:link-prediction        INFO     Batch size = 32
2022-10-11 03:12:59.001 645:link-prediction        INFO   ***** Eval results *****
2022-10-11 03:12:59.001 647:link-prediction        INFO     eval_acc = 0.652
2022-10-11 03:12:59.001 647:link-prediction        INFO     eval_f1 = 0.666
2022-10-11 03:12:59.001 647:link-prediction        INFO     eval_mcc = 0.3051
2022-10-11 03:12:59.001 647:link-prediction        INFO     eval_precision = 0.6403
2022-10-11 03:12:59.001 647:link-prediction        INFO     eval_recall = 0.6937
2022-10-11 03:12:59.002 647:link-prediction        INFO     eval_threshold = 0.5
2022-10-11 03:13:01.504 598:link-prediction        INFO   ***** Running evaluation *****
2022-10-11 03:13:01.504 599:link-prediction        INFO     Num examples = 16450
2022-10-11 03:13:01.504 600:link-prediction        INFO     Batch size = 32
2022-10-11 03:13:10.187 645:link-prediction        INFO   ***** Eval results *****
2022-10-11 03:13:10.187 647:link-prediction        INFO     eval_acc = 0.6453
2022-10-11 03:13:10.188 647:link-prediction        INFO     eval_f1 = 0.6167
2022-10-11 03:13:10.188 647:link-prediction        INFO     eval_mcc = 0.294
2022-10-11 03:13:10.188 647:link-prediction        INFO     eval_precision = 0.6709
2022-10-11 03:13:10.188 647:link-prediction        INFO     eval_recall = 0.5707
2022-10-11 03:13:10.188 647:link-prediction        INFO     eval_threshold = 0.5
2022-10-11 03:13:12.646 598:link-prediction        INFO   ***** Running evaluation *****
2022-10-11 03:13:12.647 599:link-prediction        INFO     Num examples = 16450
2022-10-11 03:13:12.647 600:link-prediction        INFO     Batch size = 32
2022-10-11 03:13:21.135 645:link-prediction        INFO   ***** Eval results *****
2022-10-11 03:13:21.135 647:link-prediction        INFO     eval_acc = 0.6386
2022-10-11 03:13:21.135 647:link-prediction        INFO     eval_f1 = 0.6464
2022-10-11 03:13:21.135 647:link-prediction        INFO     eval_mcc = 0.2775
2022-10-11 03:13:21.135 647:link-prediction        INFO     eval_precision = 0.6327
2022-10-11 03:13:21.135 647:link-prediction        INFO     eval_recall = 0.6607
2022-10-11 03:13:21.135 647:link-prediction        INFO     eval_threshold = 0.5
2022-10-11 03:13:23.614 598:link-prediction        INFO   ***** Running evaluation *****
2022-10-11 03:13:23.614 599:link-prediction        INFO     Num examples = 16450
2022-10-11 03:13:23.614 600:link-prediction        INFO     Batch size = 32
2022-10-11 03:13:32.222 645:link-prediction        INFO   ***** Eval results *****
2022-10-11 03:13:32.223 647:link-prediction        INFO     eval_acc = 0.652
2022-10-11 03:13:32.223 647:link-prediction        INFO     eval_f1 = 0.6643
2022-10-11 03:13:32.223 647:link-prediction        INFO     eval_mcc = 0.3048
2022-10-11 03:13:32.223 647:link-prediction        INFO     eval_precision = 0.6416
2022-10-11 03:13:32.223 647:link-prediction        INFO     eval_recall = 0.6888
2022-10-11 03:13:32.223 647:link-prediction        INFO     eval_threshold = 0.5
2022-10-11 03:13:34.718 598:link-prediction        INFO   ***** Running evaluation *****
2022-10-11 03:13:34.718 599:link-prediction        INFO     Num examples = 16450
2022-10-11 03:13:34.718 600:link-prediction        INFO     Batch size = 32
2022-10-11 03:13:43.228 645:link-prediction        INFO   ***** Eval results *****
2022-10-11 03:13:43.228 647:link-prediction        INFO     eval_acc = 0.6566
2022-10-11 03:13:43.229 647:link-prediction        INFO     eval_f1 = 0.676
2022-10-11 03:13:43.229 647:link-prediction        INFO     eval_mcc = 0.3155
2022-10-11 03:13:43.229 647:link-prediction        INFO     eval_precision = 0.6399
2022-10-11 03:13:43.229 647:link-prediction        INFO     eval_recall = 0.7164
2022-10-11 03:13:43.229 647:link-prediction        INFO     eval_threshold = 0.5
2022-10-11 03:13:43.229 540:link-prediction        INFO     ********************
2022-10-11 03:13:43.229 541:link-prediction        INFO     Best f1:0.676
2022-10-11 03:13:43.229 542:link-prediction        INFO     ********************
2022-10-11 03:13:43.230 557:link-prediction        INFO   Saving model checkpoint to ../link_prediction/poj/plm/saved_codebertmodels/3/cfg_layer_4/checkpoint-best-f1/model.bin
2022-10-11 03:13:43.230 562:link-prediction        INFO     ********************
2022-10-11 03:13:43.230 563:link-prediction        INFO     Best MCC:0.3155
2022-10-11 03:13:43.230 564:link-prediction        INFO     ********************
2022-10-11 03:13:43.231 579:link-prediction        INFO   Saving model checkpoint to ../link_prediction/poj/plm/saved_codebertmodels/3/cfg_layer_4/checkpoint-best-mcc/model.bin
2022-10-11 03:13:45.719 598:link-prediction        INFO   ***** Running evaluation *****
2022-10-11 03:13:45.719 599:link-prediction        INFO     Num examples = 16450
2022-10-11 03:13:45.719 600:link-prediction        INFO     Batch size = 32
2022-10-11 03:13:54.358 645:link-prediction        INFO   ***** Eval results *****
2022-10-11 03:13:54.358 647:link-prediction        INFO     eval_acc = 0.6585
2022-10-11 03:13:54.358 647:link-prediction        INFO     eval_f1 = 0.658
2022-10-11 03:13:54.358 647:link-prediction        INFO     eval_mcc = 0.3171
2022-10-11 03:13:54.358 647:link-prediction        INFO     eval_precision = 0.659
2022-10-11 03:13:54.358 647:link-prediction        INFO     eval_recall = 0.657
2022-10-11 03:13:54.358 647:link-prediction        INFO     eval_threshold = 0.5
2022-10-11 03:13:54.358 562:link-prediction        INFO     ********************
2022-10-11 03:13:54.358 563:link-prediction        INFO     Best MCC:0.3171
2022-10-11 03:13:54.359 564:link-prediction        INFO     ********************
2022-10-11 03:13:54.359 579:link-prediction        INFO   Saving model checkpoint to ../link_prediction/poj/plm/saved_codebertmodels/3/cfg_layer_4/checkpoint-best-mcc/model.bin
2022-10-11 03:13:56.857 598:link-prediction        INFO   ***** Running evaluation *****
2022-10-11 03:13:56.857 599:link-prediction        INFO     Num examples = 16450
2022-10-11 03:13:56.857 600:link-prediction        INFO     Batch size = 32
2022-10-11 03:14:05.266 645:link-prediction        INFO   ***** Eval results *****
2022-10-11 03:14:05.267 647:link-prediction        INFO     eval_acc = 0.6657
2022-10-11 03:14:05.267 647:link-prediction        INFO     eval_f1 = 0.674
2022-10-11 03:14:05.267 647:link-prediction        INFO     eval_mcc = 0.3319
2022-10-11 03:14:05.267 647:link-prediction        INFO     eval_precision = 0.6577
2022-10-11 03:14:05.267 647:link-prediction        INFO     eval_recall = 0.6911
2022-10-11 03:14:05.267 647:link-prediction        INFO     eval_threshold = 0.5
2022-10-11 03:14:05.267 562:link-prediction        INFO     ********************
2022-10-11 03:14:05.267 563:link-prediction        INFO     Best MCC:0.3319
2022-10-11 03:14:05.267 564:link-prediction        INFO     ********************
2022-10-11 03:14:05.268 579:link-prediction        INFO   Saving model checkpoint to ../link_prediction/poj/plm/saved_codebertmodels/3/cfg_layer_4/checkpoint-best-mcc/model.bin
2022-10-11 03:14:07.755 598:link-prediction        INFO   ***** Running evaluation *****
2022-10-11 03:14:07.755 599:link-prediction        INFO     Num examples = 16450
2022-10-11 03:14:07.755 600:link-prediction        INFO     Batch size = 32
2022-10-11 03:14:16.415 645:link-prediction        INFO   ***** Eval results *****
2022-10-11 03:14:16.415 647:link-prediction        INFO     eval_acc = 0.6488
2022-10-11 03:14:16.426 647:link-prediction        INFO     eval_f1 = 0.6226
2022-10-11 03:14:16.426 647:link-prediction        INFO     eval_mcc = 0.3005
2022-10-11 03:14:16.426 647:link-prediction        INFO     eval_precision = 0.6728
2022-10-11 03:14:16.426 647:link-prediction        INFO     eval_recall = 0.5793
2022-10-11 03:14:16.427 647:link-prediction        INFO     eval_threshold = 0.5
2022-10-11 03:14:18.925 598:link-prediction        INFO   ***** Running evaluation *****
2022-10-11 03:14:18.925 599:link-prediction        INFO     Num examples = 16450
2022-10-11 03:14:18.925 600:link-prediction        INFO     Batch size = 32
2022-10-11 03:14:27.512 645:link-prediction        INFO   ***** Eval results *****
2022-10-11 03:14:27.512 647:link-prediction        INFO     eval_acc = 0.6521
2022-10-11 03:14:27.512 647:link-prediction        INFO     eval_f1 = 0.6456
2022-10-11 03:14:27.512 647:link-prediction        INFO     eval_mcc = 0.3044
2022-10-11 03:14:27.512 647:link-prediction        INFO     eval_precision = 0.6579
2022-10-11 03:14:27.512 647:link-prediction        INFO     eval_recall = 0.6338
2022-10-11 03:14:27.512 647:link-prediction        INFO     eval_threshold = 0.5
2022-10-11 03:14:30.000 598:link-prediction        INFO   ***** Running evaluation *****
2022-10-11 03:14:30.000 599:link-prediction        INFO     Num examples = 16450
2022-10-11 03:14:30.000 600:link-prediction        INFO     Batch size = 32
2022-10-11 03:14:38.667 645:link-prediction        INFO   ***** Eval results *****
2022-10-11 03:14:38.667 647:link-prediction        INFO     eval_acc = 0.6522
2022-10-11 03:14:38.667 647:link-prediction        INFO     eval_f1 = 0.6398
2022-10-11 03:14:38.667 647:link-prediction        INFO     eval_mcc = 0.3052
2022-10-11 03:14:38.667 647:link-prediction        INFO     eval_precision = 0.6634
2022-10-11 03:14:38.667 647:link-prediction        INFO     eval_recall = 0.6179
2022-10-11 03:14:38.667 647:link-prediction        INFO     eval_threshold = 0.5
2022-10-11 03:14:41.161 598:link-prediction        INFO   ***** Running evaluation *****
2022-10-11 03:14:41.161 599:link-prediction        INFO     Num examples = 16450
2022-10-11 03:14:41.161 600:link-prediction        INFO     Batch size = 32
2022-10-11 03:14:49.780 645:link-prediction        INFO   ***** Eval results *****
2022-10-11 03:14:49.781 647:link-prediction        INFO     eval_acc = 0.668
2022-10-11 03:14:49.781 647:link-prediction        INFO     eval_f1 = 0.6891
2022-10-11 03:14:49.781 647:link-prediction        INFO     eval_mcc = 0.3391
2022-10-11 03:14:49.781 647:link-prediction        INFO     eval_precision = 0.6478
2022-10-11 03:14:49.781 647:link-prediction        INFO     eval_recall = 0.736
2022-10-11 03:14:49.781 647:link-prediction        INFO     eval_threshold = 0.5
2022-10-11 03:14:49.781 540:link-prediction        INFO     ********************
2022-10-11 03:14:49.781 541:link-prediction        INFO     Best f1:0.6891
2022-10-11 03:14:49.781 542:link-prediction        INFO     ********************
2022-10-11 03:14:49.782 557:link-prediction        INFO   Saving model checkpoint to ../link_prediction/poj/plm/saved_codebertmodels/3/cfg_layer_4/checkpoint-best-f1/model.bin
2022-10-11 03:14:49.782 562:link-prediction        INFO     ********************
2022-10-11 03:14:49.782 563:link-prediction        INFO     Best MCC:0.3391
2022-10-11 03:14:49.782 564:link-prediction        INFO     ********************
2022-10-11 03:14:49.783 579:link-prediction        INFO   Saving model checkpoint to ../link_prediction/poj/plm/saved_codebertmodels/3/cfg_layer_4/checkpoint-best-mcc/model.bin
2022-10-11 03:14:52.280 598:link-prediction        INFO   ***** Running evaluation *****
2022-10-11 03:14:52.280 599:link-prediction        INFO     Num examples = 16450
2022-10-11 03:14:52.280 600:link-prediction        INFO     Batch size = 32
2022-10-11 03:15:00.963 645:link-prediction        INFO   ***** Eval results *****
2022-10-11 03:15:00.964 647:link-prediction        INFO     eval_acc = 0.6662
2022-10-11 03:15:00.964 647:link-prediction        INFO     eval_f1 = 0.6768
2022-10-11 03:15:00.964 647:link-prediction        INFO     eval_mcc = 0.3331
2022-10-11 03:15:00.964 647:link-prediction        INFO     eval_precision = 0.656
2022-10-11 03:15:00.964 647:link-prediction        INFO     eval_recall = 0.699
2022-10-11 03:15:00.964 647:link-prediction        INFO     eval_threshold = 0.5
2022-10-11 03:15:01.084 668:link-prediction        INFO   ***** Running Test *****
2022-10-11 03:15:01.084 669:link-prediction        INFO     Num examples = 15388
2022-10-11 03:15:01.084 670:link-prediction        INFO     Batch size = 32
2022-10-11 03:15:09.045 711:link-prediction        INFO   ***** Test results *****
2022-10-11 03:15:09.045 713:link-prediction        INFO     eval_acc = 0.6782
2022-10-11 03:15:09.045 713:link-prediction        INFO     eval_f1 = 0.6989
2022-10-11 03:15:09.045 713:link-prediction        INFO     eval_mcc = 0.3598
2022-10-11 03:15:09.045 713:link-prediction        INFO     eval_precision = 0.6566
2022-10-11 03:15:09.045 713:link-prediction        INFO     eval_recall = 0.7469
2022-10-11 03:15:09.045 713:link-prediction        INFO     eval_threshold = 0.5
