2023-01-20 03:40:20.972 1007:link-prediction        DEBUG  main message
2023-01-20 03:40:20.972 1013:link-prediction        WARNING device: cuda, n_gpu: 1
2023-01-20 03:40:23.092 1034:link-prediction        INFO   Probimg Model Parameters 3843
2023-01-20 03:40:23.092 1035:link-prediction        INFO   Training/evaluation parameters Namespace(adam_epsilon=1e-08, class_num=2, code_length=512, config_name='microsoft/graphcodebert-base', data_flow_length=128, data_folder='../datasets/java250/isINGraphs', dataset='java250', debug=False, device=device(type='cuda'), do_crossing=True, do_eval=False, do_random=False, do_test=True, do_train=True, epochs=1, eval_batch_size=32, evaluate_during_training=False, gradient_accumulation_steps=1, graph_type='cdg', layer=7, learning_rate=0.001, max_grad_norm=1.0, max_steps=-1, model_name='graphcodebert', model_name_or_path='microsoft/graphcodebert-base', n_gpu=1, output_dir='../isInGraph/java250_graph/plm/graphcodebert_saved_models/3/cdg_7', seed=527, token_config='microsoft/graphcodebert-base', train_batch_size=64, warmup_steps=0, weight_decay=0.0)
2023-01-20 03:40:23.093 1047:link-prediction        INFO   Load Dataset
2023-01-20 03:41:28.416 357:link-prediction        INFO   Load Span file and Graph data, data path: ../datasets/java250/isINGraphs/graphcodebert/graphcodebert_train_cdg_True.pt
2023-01-20 03:41:30.251 416:link-prediction        INFO   Labels Counter({0: 36546, 1: 36452})
2023-01-20 03:41:30.328 357:link-prediction        INFO   Load Span file and Graph data, data path: ../datasets/java250/isINGraphs/graphcodebert/graphcodebert_valid_cdg_True.pt
2023-01-20 03:41:31.904 416:link-prediction        INFO   Labels Counter({0: 12286, 1: 12263})
2023-01-20 03:41:31.991 357:link-prediction        INFO   Load Span file and Graph data, data path: ../datasets/java250/isINGraphs/graphcodebert/graphcodebert_test_cdg_True.pt
2023-01-20 03:41:33.215 416:link-prediction        INFO   Labels Counter({0: 12590, 1: 12568})
2023-01-20 03:41:33.215 420:link-prediction        INFO   *** Example ***
2023-01-20 03:41:33.215 421:link-prediction        INFO   idx: s848362941_main
2023-01-20 03:41:33.215 422:link-prediction        INFO   label: 0
2023-01-20 03:41:33.217 423:link-prediction        INFO   input_tokens_1: ['al']
2023-01-20 03:41:33.217 431:link-prediction        INFO   input_ids_1: 120 121, [[120, 120], [120, 120]]
2023-01-20 03:41:33.217 438:link-prediction        INFO   input_tokens_reverse_1: Ġal
2023-01-20 03:41:33.218 448:link-prediction        INFO   input_tokens_2: ['S']
2023-01-20 03:41:33.218 456:link-prediction        INFO   input_ids_2: 78 79, [[120, 120], [120, 120]]
2023-01-20 03:41:33.218 463:link-prediction        INFO   input_tokens_reverse_2: ĠS
2023-01-20 03:41:33.218 420:link-prediction        INFO   *** Example ***
2023-01-20 03:41:33.218 421:link-prediction        INFO   idx: s281478218_solve
2023-01-20 03:41:33.218 422:link-prediction        INFO   label: 0
2023-01-20 03:41:33.218 423:link-prediction        INFO   input_tokens_1: ['scan', '.', 'next', 'Int', '()']
2023-01-20 03:41:33.218 431:link-prediction        INFO   input_ids_1: 56 62, [[56, 61], [56, 61]]
2023-01-20 03:41:33.218 438:link-prediction        INFO   input_tokens_reverse_1: Ġscan Ġ. Ġnext Int Ġ( Ġ)
2023-01-20 03:41:33.218 448:link-prediction        INFO   input_tokens_2: ['abs']
2023-01-20 03:41:33.218 456:link-prediction        INFO   input_ids_2: 119 120, [[56, 61], [56, 61]]
2023-01-20 03:41:33.219 463:link-prediction        INFO   input_tokens_reverse_2: Ġabs
2023-01-20 03:41:33.219 420:link-prediction        INFO   *** Example ***
2023-01-20 03:41:33.219 421:link-prediction        INFO   idx: s788961029_readInt
2023-01-20 03:41:33.219 422:link-prediction        INFO   label: 1
2023-01-20 03:41:33.219 423:link-prediction        INFO   input_tokens_1: ['c', '_<', "_'", '0', "'", '_||', '_c', '_>', "_'", '9', "'"]
2023-01-20 03:41:33.219 431:link-prediction        INFO   input_ids_1: 69 80, [[74, 79], [74, 79]]
2023-01-20 03:41:33.219 438:link-prediction        INFO   input_tokens_reverse_1: Ġc Ġ< Ġ' 0 ' Ġ|| Ġc Ġ> Ġ' 9 '
2023-01-20 03:41:33.219 448:link-prediction        INFO   input_tokens_2: ['c', '_<', "_'", '0', "'"]
2023-01-20 03:41:33.219 456:link-prediction        INFO   input_ids_2: 69 74, [[74, 79], [74, 79]]
2023-01-20 03:41:33.219 463:link-prediction        INFO   input_tokens_reverse_2: Ġc Ġ< Ġ' 0 '
2023-01-20 03:41:33.219 420:link-prediction        INFO   *** Example ***
2023-01-20 03:41:33.220 421:link-prediction        INFO   idx: s170796941_nextIntArray
2023-01-20 03:41:33.220 422:link-prediction        INFO   label: 0
2023-01-20 03:41:33.220 423:link-prediction        INFO   input_tokens_1: ['0']
2023-01-20 03:41:33.220 431:link-prediction        INFO   input_ids_1: 29 30, [[29, 29], [29, 29]]
2023-01-20 03:41:33.220 438:link-prediction        INFO   input_tokens_reverse_1: Ġ0
2023-01-20 03:41:33.220 448:link-prediction        INFO   input_tokens_2: ['arr']
2023-01-20 03:41:33.220 456:link-prediction        INFO   input_ids_2: 49 50, [[29, 29], [29, 29]]
2023-01-20 03:41:33.220 463:link-prediction        INFO   input_tokens_reverse_2: Ġarr
2023-01-20 03:41:33.220 420:link-prediction        INFO   *** Example ***
2023-01-20 03:41:33.220 421:link-prediction        INFO   idx: s241706925_main
2023-01-20 03:41:33.220 422:link-prediction        INFO   label: 0
2023-01-20 03:41:33.220 423:link-prediction        INFO   input_tokens_1: ['ans']
2023-01-20 03:41:33.221 431:link-prediction        INFO   input_ids_1: 89 90, [[89, 89], [89, 89]]
2023-01-20 03:41:33.221 438:link-prediction        INFO   input_tokens_reverse_1: Ġans
2023-01-20 03:41:33.221 448:link-prediction        INFO   input_tokens_2: ['break', ';']
2023-01-20 03:41:33.221 456:link-prediction        INFO   input_ids_2: 44 46, [[89, 89], [89, 89]]
2023-01-20 03:41:33.221 463:link-prediction        INFO   input_tokens_reverse_2: Ġbreak Ġ;
2023-01-20 03:41:33.221 420:link-prediction        INFO   *** Example ***
2023-01-20 03:41:33.221 421:link-prediction        INFO   idx: s034764169_quickSort
2023-01-20 03:41:33.221 422:link-prediction        INFO   label: 0
2023-01-20 03:41:33.221 423:link-prediction        INFO   input_tokens_1: ['i', '_<=', '_j']
2023-01-20 03:41:33.221 431:link-prediction        INFO   input_ids_1: 105 108, [[105, 107], [105, 107]]
2023-01-20 03:41:33.221 438:link-prediction        INFO   input_tokens_reverse_1: Ġi Ġ<= Ġj
2023-01-20 03:41:33.221 448:link-prediction        INFO   input_tokens_2: ['0']
2023-01-20 03:41:33.222 456:link-prediction        INFO   input_ids_2: 71 72, [[105, 107], [105, 107]]
2023-01-20 03:41:33.222 463:link-prediction        INFO   input_tokens_reverse_2: Ġ0
2023-01-20 03:41:33.222 420:link-prediction        INFO   *** Example ***
2023-01-20 03:41:33.222 421:link-prediction        INFO   idx: s843005865_main
2023-01-20 03:41:33.222 422:link-prediction        INFO   label: 1
2023-01-20 03:41:33.222 423:link-prediction        INFO   input_tokens_1: ['fig', '_=', '_1']
2023-01-20 03:41:33.222 431:link-prediction        INFO   input_ids_1: 121 124, [[121, 123], [121, 123]]
2023-01-20 03:41:33.222 438:link-prediction        INFO   input_tokens_reverse_1: Ġfig Ġ= Ġ1
2023-01-20 03:41:33.222 448:link-prediction        INFO   input_tokens_2: ['count', '_=', '_i', '_+', '_1']
2023-01-20 03:41:33.222 456:link-prediction        INFO   input_ids_2: 125 130, [[121, 123], [121, 123]]
2023-01-20 03:41:33.222 463:link-prediction        INFO   input_tokens_reverse_2: Ġcount Ġ= Ġi Ġ+ Ġ1
2023-01-20 03:41:33.222 420:link-prediction        INFO   *** Example ***
2023-01-20 03:41:33.223 421:link-prediction        INFO   idx: s500322318_nextArrayLongsNM
2023-01-20 03:41:33.223 422:link-prediction        INFO   label: 0
2023-01-20 03:41:33.223 423:link-prediction        INFO   input_tokens_1: ['int', '_N']
2023-01-20 03:41:33.223 431:link-prediction        INFO   input_ids_1: 16 18, [[16, 17], [16, 17]]
2023-01-20 03:41:33.223 438:link-prediction        INFO   input_tokens_reverse_1: Ġint ĠN
2023-01-20 03:41:33.223 448:link-prediction        INFO   input_tokens_2: ['i', '_=', '_0']
2023-01-20 03:41:33.223 456:link-prediction        INFO   input_ids_2: 48 51, [[16, 17], [16, 17]]
2023-01-20 03:41:33.223 463:link-prediction        INFO   input_tokens_reverse_2: Ġi Ġ= Ġ0
2023-01-20 03:41:33.223 420:link-prediction        INFO   *** Example ***
2023-01-20 03:41:33.223 421:link-prediction        INFO   idx: s080014441_main
2023-01-20 03:41:33.223 422:link-prediction        INFO   label: 1
2023-01-20 03:41:33.224 423:link-prediction        INFO   input_tokens_1: ['i', '_<', '_str', 'In', '.', 'length', '()']
2023-01-20 03:41:33.224 431:link-prediction        INFO   input_ids_1: 55 63, [[55, 56], [55, 56]]
2023-01-20 03:41:33.224 438:link-prediction        INFO   input_tokens_reverse_1: Ġi Ġ< Ġstr In Ġ. Ġlength Ġ( Ġ)
2023-01-20 03:41:33.224 448:link-prediction        INFO   input_tokens_2: ['str', 'In', '.', 'length', '()']
2023-01-20 03:41:33.224 456:link-prediction        INFO   input_ids_2: 57 63, [[55, 56], [55, 56]]
2023-01-20 03:41:33.224 463:link-prediction        INFO   input_tokens_reverse_2: Ġstr In Ġ. Ġlength Ġ( Ġ)
2023-01-20 03:41:33.224 420:link-prediction        INFO   *** Example ***
2023-01-20 03:41:33.224 421:link-prediction        INFO   idx: s174406381_nextDouble
2023-01-20 03:41:33.224 422:link-prediction        INFO   label: 1
2023-01-20 03:41:33.224 423:link-prediction        INFO   input_tokens_1: ['c', '_=', '_read', '()']
2023-01-20 03:41:33.224 431:link-prediction        INFO   input_ids_1: 25 30, [[25, 29], [25, 29]]
2023-01-20 03:41:33.224 438:link-prediction        INFO   input_tokens_reverse_1: Ġc Ġ= Ġread Ġ( Ġ)
2023-01-20 03:41:33.225 448:link-prediction        INFO   input_tokens_2: ['c', '_-', "_'", '0', "'"]
2023-01-20 03:41:33.225 456:link-prediction        INFO   input_ids_2: 139 144, [[25, 29], [25, 29]]
2023-01-20 03:41:33.225 463:link-prediction        INFO   input_tokens_reverse_2: Ġc Ġ- Ġ' 0 '
2023-01-20 03:41:33.225 420:link-prediction        INFO   *** Example ***
2023-01-20 03:41:33.225 421:link-prediction        INFO   idx: s230671883_shuffle
2023-01-20 03:41:33.225 422:link-prediction        INFO   label: 1
2023-01-20 03:41:33.225 423:link-prediction        INFO   input_tokens_1: ['a', '[', 'r', ']']
2023-01-20 03:41:33.225 431:link-prediction        INFO   input_ids_1: 75 79, [[75, 78], [75, 78]]
2023-01-20 03:41:33.225 438:link-prediction        INFO   input_tokens_reverse_1: Ġa Ġ[ Ġr Ġ]
2023-01-20 03:41:33.225 448:link-prediction        INFO   input_tokens_2: ['i', '_<', '_n']
2023-01-20 03:41:33.225 456:link-prediction        INFO   input_ids_2: 27 30, [[75, 78], [75, 78]]
2023-01-20 03:41:33.225 463:link-prediction        INFO   input_tokens_reverse_2: Ġi Ġ< Ġn
2023-01-20 03:41:33.226 420:link-prediction        INFO   *** Example ***
2023-01-20 03:41:33.226 421:link-prediction        INFO   idx: s032249017_solve
2023-01-20 03:41:33.226 422:link-prediction        INFO   label: 1
2023-01-20 03:41:33.226 423:link-prediction        INFO   input_tokens_1: ['a', '[', 'i', ']', '_=', '_in', '.', 'read', 'Int', '()']
2023-01-20 03:41:33.226 431:link-prediction        INFO   input_ids_1: 57 68, [[61, 67], [61, 67]]
2023-01-20 03:41:33.226 438:link-prediction        INFO   input_tokens_reverse_1: Ġa Ġ[ Ġi Ġ] Ġ= Ġin Ġ. Ġread Int Ġ( Ġ)
2023-01-20 03:41:33.226 448:link-prediction        INFO   input_tokens_2: ['a', '[', 'i', ']']
2023-01-20 03:41:33.226 456:link-prediction        INFO   input_ids_2: 57 61, [[61, 67], [61, 67]]
2023-01-20 03:41:33.226 463:link-prediction        INFO   input_tokens_reverse_2: Ġa Ġ[ Ġi Ġ]
2023-01-20 03:41:33.226 420:link-prediction        INFO   *** Example ***
2023-01-20 03:41:33.226 421:link-prediction        INFO   idx: s913080375_update
2023-01-20 03:41:33.226 422:link-prediction        INFO   label: 1
2023-01-20 03:41:33.227 423:link-prediction        INFO   input_tokens_1: ['wa']
2023-01-20 03:41:33.227 431:link-prediction        INFO   input_ids_1: 46 47, [[46, 46], [46, 46]]
2023-01-20 03:41:33.227 438:link-prediction        INFO   input_tokens_reverse_1: Ġwa
2023-01-20 03:41:33.227 448:link-prediction        INFO   input_tokens_2: ['m']
2023-01-20 03:41:33.227 456:link-prediction        INFO   input_ids_2: 16 17, [[46, 46], [46, 46]]
2023-01-20 03:41:33.227 463:link-prediction        INFO   input_tokens_reverse_2: Ġm
2023-01-20 03:41:33.227 420:link-prediction        INFO   *** Example ***
2023-01-20 03:41:33.227 421:link-prediction        INFO   idx: s170241413_ll
2023-01-20 03:41:33.227 422:link-prediction        INFO   label: 0
2023-01-20 03:41:33.227 423:link-prediction        INFO   input_tokens_1: ['j']
2023-01-20 03:41:33.227 431:link-prediction        INFO   input_ids_1: 44 45, [[44, 44], [44, 44]]
2023-01-20 03:41:33.227 438:link-prediction        INFO   input_tokens_reverse_1: Ġj
2023-01-20 03:41:33.228 448:link-prediction        INFO   input_tokens_2: ['ss', '[', 'j', ']']
2023-01-20 03:41:33.228 456:link-prediction        INFO   input_ids_2: 57 61, [[44, 44], [44, 44]]
2023-01-20 03:41:33.228 463:link-prediction        INFO   input_tokens_reverse_2: Ġss Ġ[ Ġj Ġ]
2023-01-20 03:41:33.228 420:link-prediction        INFO   *** Example ***
2023-01-20 03:41:33.228 421:link-prediction        INFO   idx: s298263382_main
2023-01-20 03:41:33.228 422:link-prediction        INFO   label: 1
2023-01-20 03:41:33.228 423:link-prediction        INFO   input_tokens_1: ['c', '[', '0', ']', '_==', '_c', '[', '2', ']', '_&&', '_c', '[', '1', ']', '_==', '_c', '[', '3', ']', '_&&', '_c', '[', '0', ']', '_!=', '_c', '[', '1', ']']
2023-01-20 03:41:33.228 431:link-prediction        INFO   input_ids_1: 169 198, [[169, 197], [169, 197]]
2023-01-20 03:41:33.228 438:link-prediction        INFO   input_tokens_reverse_1: Ġc Ġ[ Ġ0 Ġ] Ġ== Ġc Ġ[ Ġ2 Ġ] Ġ&& Ġc Ġ[ Ġ1 Ġ] Ġ== Ġc Ġ[ Ġ3 Ġ] Ġ&& Ġc Ġ[ Ġ0 Ġ] Ġ!= Ġc Ġ[ Ġ1 Ġ]
2023-01-20 03:41:33.228 448:link-prediction        INFO   input_tokens_2: ['c', '[', '3', ']']
2023-01-20 03:41:33.228 456:link-prediction        INFO   input_ids_2: 138 142, [[169, 197], [169, 197]]
2023-01-20 03:41:33.229 463:link-prediction        INFO   input_tokens_reverse_2: Ġc Ġ[ Ġ3 Ġ]
2023-01-20 03:41:33.229 420:link-prediction        INFO   *** Example ***
2023-01-20 03:41:33.229 421:link-prediction        INFO   idx: s856388125_main
2023-01-20 03:41:33.229 422:link-prediction        INFO   label: 0
2023-01-20 03:41:33.229 423:link-prediction        INFO   input_tokens_1: ['arr']
2023-01-20 03:41:33.229 431:link-prediction        INFO   input_ids_1: 39 40, [[39, 39], [39, 39]]
2023-01-20 03:41:33.229 438:link-prediction        INFO   input_tokens_reverse_1: Ġarr
2023-01-20 03:41:33.229 448:link-prediction        INFO   input_tokens_2: ['String', '[]', '_args']
2023-01-20 03:41:33.229 456:link-prediction        INFO   input_ids_2: 7 11, [[39, 39], [39, 39]]
2023-01-20 03:41:33.229 463:link-prediction        INFO   input_tokens_reverse_2: ĠString Ġ[ Ġ] Ġargs
2023-01-20 03:41:33.229 420:link-prediction        INFO   *** Example ***
2023-01-20 03:41:33.229 421:link-prediction        INFO   idx: s864940284_nextLong
2023-01-20 03:41:33.229 422:link-prediction        INFO   label: 0
2023-01-20 03:41:33.230 423:link-prediction        INFO   input_tokens_1: ['c']
2023-01-20 03:41:33.230 431:link-prediction        INFO   input_ids_1: 105 106, [[105, 105], [105, 105]]
2023-01-20 03:41:33.230 438:link-prediction        INFO   input_tokens_reverse_1: Ġc
2023-01-20 03:41:33.230 448:link-prediction        INFO   input_tokens_2: ['val', '_<<', '_3']
2023-01-20 03:41:33.230 456:link-prediction        INFO   input_ids_2: 93 96, [[105, 105], [105, 105]]
2023-01-20 03:41:33.230 463:link-prediction        INFO   input_tokens_reverse_2: Ġval Ġ<< Ġ3
2023-01-20 03:41:33.230 420:link-prediction        INFO   *** Example ***
2023-01-20 03:41:33.230 421:link-prediction        INFO   idx: s688215538_solve
2023-01-20 03:41:33.230 422:link-prediction        INFO   label: 1
2023-01-20 03:41:33.230 423:link-prediction        INFO   input_tokens_1: ['c', '_-', "_'", 'A', "'"]
2023-01-20 03:41:33.230 431:link-prediction        INFO   input_ids_1: 89 94, [[89, 93], [89, 93]]
2023-01-20 03:41:33.231 438:link-prediction        INFO   input_tokens_reverse_1: Ġc Ġ- Ġ' A '
2023-01-20 03:41:33.231 448:link-prediction        INFO   input_tokens_2: ['s', '.', 'char', 'At', '(', 'i', ')']
2023-01-20 03:41:33.231 456:link-prediction        INFO   input_ids_2: 74 81, [[89, 93], [89, 93]]
2023-01-20 03:41:33.231 463:link-prediction        INFO   input_tokens_reverse_2: Ġs Ġ. Ġchar At Ġ( Ġi Ġ)
2023-01-20 03:41:33.231 420:link-prediction        INFO   *** Example ***
2023-01-20 03:41:33.231 421:link-prediction        INFO   idx: s911696320_main
2023-01-20 03:41:33.231 422:link-prediction        INFO   label: 1
2023-01-20 03:41:33.231 423:link-prediction        INFO   input_tokens_1: ['System', '.', 'out']
2023-01-20 03:41:33.231 431:link-prediction        INFO   input_ids_1: 70 73, [[70, 72], [70, 72]]
2023-01-20 03:41:33.231 438:link-prediction        INFO   input_tokens_reverse_1: ĠSystem Ġ. Ġout
2023-01-20 03:41:33.231 448:link-prediction        INFO   input_tokens_2: ['System', '.', 'out', '.', 'println', '(-', '1', ')']
2023-01-20 03:41:33.232 456:link-prediction        INFO   input_ids_2: 57 66, [[70, 72], [70, 72]]
2023-01-20 03:41:33.232 463:link-prediction        INFO   input_tokens_reverse_2: ĠSystem Ġ. Ġout Ġ. Ġprintln Ġ( Ġ- Ġ1 Ġ)
2023-01-20 03:41:33.232 420:link-prediction        INFO   *** Example ***
2023-01-20 03:41:33.232 421:link-prediction        INFO   idx: s988608818_main
2023-01-20 03:41:33.232 422:link-prediction        INFO   label: 0
2023-01-20 03:41:33.232 423:link-prediction        INFO   input_tokens_1: ['0']
2023-01-20 03:41:33.232 431:link-prediction        INFO   input_ids_1: 80 81, [[80, 80], [80, 80]]
2023-01-20 03:41:33.232 438:link-prediction        INFO   input_tokens_reverse_1: Ġ0
2023-01-20 03:41:33.232 448:link-prediction        INFO   input_tokens_2: ['onel', 'ast']
2023-01-20 03:41:33.232 456:link-prediction        INFO   input_ids_2: 61 64, [[80, 80], [80, 80]]
2023-01-20 03:41:33.232 463:link-prediction        INFO   input_tokens_reverse_2: Ġon el ast
2023-01-20 03:41:33.232 420:link-prediction        INFO   *** Example ***
2023-01-20 03:41:33.232 421:link-prediction        INFO   idx: s703142686_nextLine
2023-01-20 03:41:33.233 422:link-prediction        INFO   label: 1
2023-01-20 03:41:33.233 423:link-prediction        INFO   input_tokens_1: ['s', 'next', '()']
2023-01-20 03:41:33.233 431:link-prediction        INFO   input_ids_1: 28 32, [[28, 31], [28, 31]]
2023-01-20 03:41:33.233 438:link-prediction        INFO   input_tokens_reverse_1: Ġsne xt Ġ( Ġ)
2023-01-20 03:41:33.233 448:link-prediction        INFO   input_tokens_2: ['c', '_=', '_sne', 'xt', '()']
2023-01-20 03:41:33.233 456:link-prediction        INFO   input_ids_2: 26 32, [[28, 31], [28, 31]]
2023-01-20 03:41:33.233 463:link-prediction        INFO   input_tokens_reverse_2: Ġc Ġ= Ġsne xt Ġ( Ġ)
2023-01-20 03:41:33.233 420:link-prediction        INFO   *** Example ***
2023-01-20 03:41:33.233 421:link-prediction        INFO   idx: s116660511_main
2023-01-20 03:41:33.233 422:link-prediction        INFO   label: 0
2023-01-20 03:41:33.233 423:link-prediction        INFO   input_tokens_1: ['Array', '[', 'n', '_-', '_1', ']']
2023-01-20 03:41:33.234 431:link-prediction        INFO   input_ids_1: 81 87, [[81, 86], [81, 86]]
2023-01-20 03:41:33.234 438:link-prediction        INFO   input_tokens_reverse_1: ĠArray Ġ[ Ġn Ġ- Ġ1 Ġ]
2023-01-20 03:41:33.234 448:link-prediction        INFO   input_tokens_2: ['System']
2023-01-20 03:41:33.234 456:link-prediction        INFO   input_ids_2: 21 22, [[81, 86], [81, 86]]
2023-01-20 03:41:33.234 463:link-prediction        INFO   input_tokens_reverse_2: ĠSystem
2023-01-20 03:41:33.234 420:link-prediction        INFO   *** Example ***
2023-01-20 03:41:33.234 421:link-prediction        INFO   idx: s975045471_main
2023-01-20 03:41:33.234 422:link-prediction        INFO   label: 0
2023-01-20 03:41:33.234 423:link-prediction        INFO   input_tokens_1: ['s']
2023-01-20 03:41:33.234 431:link-prediction        INFO   input_ids_1: 37 38, [[37, 37], [37, 37]]
2023-01-20 03:41:33.234 438:link-prediction        INFO   input_tokens_reverse_1: Ġs
2023-01-20 03:41:33.234 448:link-prediction        INFO   input_tokens_2: ['if', '_(', 's', '.', 'equ', 'als', '("', 'R', 'SS', '"))']
2023-01-20 03:41:33.235 456:link-prediction        INFO   input_ids_2: 127 139, [[37, 37], [37, 37]]
2023-01-20 03:41:33.235 463:link-prediction        INFO   input_tokens_reverse_2: Ġif Ġ( Ġs Ġ. Ġequals Ġ( Ġ" R SS " Ġ) Ġ)
2023-01-20 03:41:33.235 420:link-prediction        INFO   *** Example ***
2023-01-20 03:41:33.235 421:link-prediction        INFO   idx: s559744278_main
2023-01-20 03:41:33.235 422:link-prediction        INFO   label: 1
2023-01-20 03:41:33.235 423:link-prediction        INFO   input_tokens_1: ['A', '_+=', '_a']
2023-01-20 03:41:33.235 431:link-prediction        INFO   input_ids_1: 75 78, [[75, 77], [75, 77]]
2023-01-20 03:41:33.235 438:link-prediction        INFO   input_tokens_reverse_1: ĠA Ġ+= Ġa
2023-01-20 03:41:33.235 448:link-prediction        INFO   input_tokens_2: ['B', '_+=', '_b']
2023-01-20 03:41:33.235 456:link-prediction        INFO   input_ids_2: 101 104, [[75, 77], [75, 77]]
2023-01-20 03:41:33.235 463:link-prediction        INFO   input_tokens_reverse_2: ĠB Ġ+= Ġb
2023-01-20 03:41:33.235 420:link-prediction        INFO   *** Example ***
2023-01-20 03:41:33.236 421:link-prediction        INFO   idx: s746165454_doStuff
2023-01-20 03:41:33.236 422:link-prediction        INFO   label: 0
2023-01-20 03:41:33.236 423:link-prediction        INFO   input_tokens_1: ['c', '.', 'length', '_-', '_i']
2023-01-20 03:41:33.236 431:link-prediction        INFO   input_ids_1: 73 78, [[73, 77], [73, 77]]
2023-01-20 03:41:33.236 438:link-prediction        INFO   input_tokens_reverse_1: Ġc Ġ. Ġlength Ġ- Ġi
2023-01-20 03:41:33.236 448:link-prediction        INFO   input_tokens_2: ['System']
2023-01-20 03:41:33.236 456:link-prediction        INFO   input_ids_2: 94 95, [[73, 77], [73, 77]]
2023-01-20 03:41:33.236 463:link-prediction        INFO   input_tokens_reverse_2: ĠSystem
2023-01-20 03:41:33.236 420:link-prediction        INFO   *** Example ***
2023-01-20 03:41:33.236 421:link-prediction        INFO   idx: s881876898_main
2023-01-20 03:41:33.236 422:link-prediction        INFO   label: 0
2023-01-20 03:41:33.236 423:link-prediction        INFO   input_tokens_1: ['i', '_=', '_0']
2023-01-20 03:41:33.237 431:link-prediction        INFO   input_ids_1: 63 66, [[63, 65], [63, 65]]
2023-01-20 03:41:33.237 438:link-prediction        INFO   input_tokens_reverse_1: Ġi Ġ= Ġ0
2023-01-20 03:41:33.237 448:link-prediction        INFO   input_tokens_2: ['in']
2023-01-20 03:41:33.237 456:link-prediction        INFO   input_ids_2: 23 24, [[63, 65], [63, 65]]
2023-01-20 03:41:33.237 463:link-prediction        INFO   input_tokens_reverse_2: Ġin
2023-01-20 03:41:33.237 420:link-prediction        INFO   *** Example ***
2023-01-20 03:41:33.237 421:link-prediction        INFO   idx: s226490000_main
2023-01-20 03:41:33.237 422:link-prediction        INFO   label: 0
2023-01-20 03:41:33.237 423:link-prediction        INFO   input_tokens_1: ['b']
2023-01-20 03:41:33.237 431:link-prediction        INFO   input_ids_1: 66 67, [[66, 66], [66, 66]]
2023-01-20 03:41:33.237 438:link-prediction        INFO   input_tokens_reverse_1: Ġb
2023-01-20 03:41:33.237 448:link-prediction        INFO   input_tokens_2: ['a', '_=', '_in', '.', 'read', 'Int', '()']
2023-01-20 03:41:33.237 456:link-prediction        INFO   input_ids_2: 35 43, [[66, 66], [66, 66]]
2023-01-20 03:41:33.238 463:link-prediction        INFO   input_tokens_reverse_2: Ġa Ġ= Ġin Ġ. Ġread Int Ġ( Ġ)
2023-01-20 03:41:33.238 420:link-prediction        INFO   *** Example ***
2023-01-20 03:41:33.238 421:link-prediction        INFO   idx: s496704101_main
2023-01-20 03:41:33.238 422:link-prediction        INFO   label: 1
2023-01-20 03:41:33.238 423:link-prediction        INFO   input_tokens_1: ['i', '_<', '_s', '.', 'length', '()']
2023-01-20 03:41:33.238 431:link-prediction        INFO   input_ids_1: 134 141, [[134, 140], [134, 140]]
2023-01-20 03:41:33.238 438:link-prediction        INFO   input_tokens_reverse_1: Ġi Ġ< Ġs Ġ. Ġlength Ġ( Ġ)
2023-01-20 03:41:33.238 448:link-prediction        INFO   input_tokens_2: ['s', '.', 'char', 'At', '(', 'i', ')', '_!=', "_'", '0', "'"]
2023-01-20 03:41:33.238 456:link-prediction        INFO   input_ids_2: 178 189, [[134, 140], [134, 140]]
2023-01-20 03:41:33.238 463:link-prediction        INFO   input_tokens_reverse_2: Ġs Ġ. Ġchar At Ġ( Ġi Ġ) Ġ!= Ġ' 0 '
2023-01-20 03:41:33.238 420:link-prediction        INFO   *** Example ***
2023-01-20 03:41:33.238 421:link-prediction        INFO   idx: s766047369_main
2023-01-20 03:41:33.239 422:link-prediction        INFO   label: 0
2023-01-20 03:41:33.239 423:link-prediction        INFO   input_tokens_1: ['ab']
2023-01-20 03:41:33.239 431:link-prediction        INFO   input_ids_1: 138 139, [[138, 138], [138, 138]]
2023-01-20 03:41:33.239 438:link-prediction        INFO   input_tokens_reverse_1: Ġab
2023-01-20 03:41:33.239 448:link-prediction        INFO   input_tokens_2: ['sc']
2023-01-20 03:41:33.239 456:link-prediction        INFO   input_ids_2: 15 16, [[138, 138], [138, 138]]
2023-01-20 03:41:33.239 463:link-prediction        INFO   input_tokens_reverse_2: Ġsc
2023-01-20 03:41:33.239 420:link-prediction        INFO   *** Example ***
2023-01-20 03:41:33.239 421:link-prediction        INFO   idx: s866310383_main
2023-01-20 03:41:33.239 422:link-prediction        INFO   label: 0
2023-01-20 03:41:33.239 423:link-prediction        INFO   input_tokens_1: ['new', '_Scan', 'ner', '(', 'System', '.', 'in', ')']
2023-01-20 03:41:33.239 431:link-prediction        INFO   input_ids_1: 19 27, [[19, 26], [19, 26]]
2023-01-20 03:41:33.240 438:link-prediction        INFO   input_tokens_reverse_1: Ġnew ĠScan ner Ġ( ĠSystem Ġ. Ġin Ġ)
2023-01-20 03:41:33.240 448:link-prediction        INFO   input_tokens_2: ['N', '.', 'char', 'At', '(', 'i', ')']
2023-01-20 03:41:33.240 456:link-prediction        INFO   input_ids_2: 83 90, [[19, 26], [19, 26]]
2023-01-20 03:41:33.240 463:link-prediction        INFO   input_tokens_reverse_2: ĠN Ġ. Ġchar At Ġ( Ġi Ġ)
2023-01-20 03:41:34.066 564:link-prediction        INFO   ***** Running training *****
2023-01-20 03:41:34.067 565:link-prediction        INFO     Num examples = 72998
2023-01-20 03:41:34.067 566:link-prediction        INFO     Num Epochs = 1
2023-01-20 03:41:34.067 567:link-prediction        INFO     Instantaneous batch size per GPU = 64
2023-01-20 03:41:34.067 571:link-prediction        INFO     Total train batch size = 64
2023-01-20 03:41:34.067 575:link-prediction        INFO     Gradient Accumulation steps = 1
2023-01-20 03:41:34.067 578:link-prediction        INFO     Total optimization steps = 1141
2023-01-20 03:41:39.962 694:link-prediction        INFO   ***** Running evaluation *****
2023-01-20 03:41:39.962 695:link-prediction        INFO     Num examples = 24549
2023-01-20 03:41:39.962 696:link-prediction        INFO     Batch size = 32
2023-01-20 03:41:57.137 741:link-prediction        INFO   ***** Eval results *****
2023-01-20 03:41:57.138 743:link-prediction        INFO     eval_acc = 0.8981
2023-01-20 03:41:57.138 743:link-prediction        INFO     eval_f1 = 0.9037
2023-01-20 03:41:57.138 743:link-prediction        INFO     eval_mcc = 0.8019
2023-01-20 03:41:57.138 743:link-prediction        INFO     eval_precision = 0.8556
2023-01-20 03:41:57.138 743:link-prediction        INFO     eval_recall = 0.9576
2023-01-20 03:41:57.138 743:link-prediction        INFO     eval_threshold = 0.5
2023-01-20 03:41:57.138 636:link-prediction        INFO     ********************
2023-01-20 03:41:57.138 637:link-prediction        INFO     Best f1:0.9037
2023-01-20 03:41:57.138 638:link-prediction        INFO     ********************
2023-01-20 03:41:57.139 653:link-prediction        INFO   Saving model checkpoint to ../isInGraph/java250_graph/plm/graphcodebert_saved_models/3/cdg_7/checkpoint-best-f1/model.bin
2023-01-20 03:41:57.140 658:link-prediction        INFO     ********************
2023-01-20 03:41:57.140 659:link-prediction        INFO     Best MCC:0.8019
2023-01-20 03:41:57.140 660:link-prediction        INFO     ********************
2023-01-20 03:41:57.140 675:link-prediction        INFO   Saving model checkpoint to ../isInGraph/java250_graph/plm/graphcodebert_saved_models/3/cdg_7/checkpoint-best-mcc/model.bin
2023-01-20 03:42:02.689 694:link-prediction        INFO   ***** Running evaluation *****
2023-01-20 03:42:02.689 695:link-prediction        INFO     Num examples = 24549
2023-01-20 03:42:02.689 696:link-prediction        INFO     Batch size = 32
2023-01-20 03:42:19.679 741:link-prediction        INFO   ***** Eval results *****
2023-01-20 03:42:19.679 743:link-prediction        INFO     eval_acc = 0.9394
2023-01-20 03:42:19.679 743:link-prediction        INFO     eval_f1 = 0.9415
2023-01-20 03:42:19.679 743:link-prediction        INFO     eval_mcc = 0.8811
2023-01-20 03:42:19.680 743:link-prediction        INFO     eval_precision = 0.9096
2023-01-20 03:42:19.680 743:link-prediction        INFO     eval_recall = 0.9756
2023-01-20 03:42:19.680 743:link-prediction        INFO     eval_threshold = 0.5
2023-01-20 03:42:19.680 636:link-prediction        INFO     ********************
2023-01-20 03:42:19.680 637:link-prediction        INFO     Best f1:0.9415
2023-01-20 03:42:19.680 638:link-prediction        INFO     ********************
2023-01-20 03:42:19.681 653:link-prediction        INFO   Saving model checkpoint to ../isInGraph/java250_graph/plm/graphcodebert_saved_models/3/cdg_7/checkpoint-best-f1/model.bin
2023-01-20 03:42:19.681 658:link-prediction        INFO     ********************
2023-01-20 03:42:19.681 659:link-prediction        INFO     Best MCC:0.8811
2023-01-20 03:42:19.681 660:link-prediction        INFO     ********************
2023-01-20 03:42:19.682 675:link-prediction        INFO   Saving model checkpoint to ../isInGraph/java250_graph/plm/graphcodebert_saved_models/3/cdg_7/checkpoint-best-mcc/model.bin
2023-01-20 03:42:25.242 694:link-prediction        INFO   ***** Running evaluation *****
2023-01-20 03:42:25.243 695:link-prediction        INFO     Num examples = 24549
2023-01-20 03:42:25.243 696:link-prediction        INFO     Batch size = 32
2023-01-20 03:42:42.250 741:link-prediction        INFO   ***** Eval results *****
2023-01-20 03:42:42.250 743:link-prediction        INFO     eval_acc = 0.9536
2023-01-20 03:42:42.250 743:link-prediction        INFO     eval_f1 = 0.9545
2023-01-20 03:42:42.251 743:link-prediction        INFO     eval_mcc = 0.9079
2023-01-20 03:42:42.251 743:link-prediction        INFO     eval_precision = 0.9357
2023-01-20 03:42:42.251 743:link-prediction        INFO     eval_recall = 0.974
2023-01-20 03:42:42.251 743:link-prediction        INFO     eval_threshold = 0.5
2023-01-20 03:42:42.251 636:link-prediction        INFO     ********************
2023-01-20 03:42:42.251 637:link-prediction        INFO     Best f1:0.9545
2023-01-20 03:42:42.251 638:link-prediction        INFO     ********************
2023-01-20 03:42:42.252 653:link-prediction        INFO   Saving model checkpoint to ../isInGraph/java250_graph/plm/graphcodebert_saved_models/3/cdg_7/checkpoint-best-f1/model.bin
2023-01-20 03:42:42.252 658:link-prediction        INFO     ********************
2023-01-20 03:42:42.252 659:link-prediction        INFO     Best MCC:0.9079
2023-01-20 03:42:42.252 660:link-prediction        INFO     ********************
2023-01-20 03:42:42.253 675:link-prediction        INFO   Saving model checkpoint to ../isInGraph/java250_graph/plm/graphcodebert_saved_models/3/cdg_7/checkpoint-best-mcc/model.bin
2023-01-20 03:42:47.799 694:link-prediction        INFO   ***** Running evaluation *****
2023-01-20 03:42:47.800 695:link-prediction        INFO     Num examples = 24549
2023-01-20 03:42:47.800 696:link-prediction        INFO     Batch size = 32
2023-01-20 03:43:04.781 741:link-prediction        INFO   ***** Eval results *****
2023-01-20 03:43:04.781 743:link-prediction        INFO     eval_acc = 0.9562
2023-01-20 03:43:04.781 743:link-prediction        INFO     eval_f1 = 0.9567
2023-01-20 03:43:04.781 743:link-prediction        INFO     eval_mcc = 0.9127
2023-01-20 03:43:04.781 743:link-prediction        INFO     eval_precision = 0.9445
2023-01-20 03:43:04.781 743:link-prediction        INFO     eval_recall = 0.9692
2023-01-20 03:43:04.781 743:link-prediction        INFO     eval_threshold = 0.5
2023-01-20 03:43:04.781 636:link-prediction        INFO     ********************
2023-01-20 03:43:04.782 637:link-prediction        INFO     Best f1:0.9567
2023-01-20 03:43:04.782 638:link-prediction        INFO     ********************
2023-01-20 03:43:04.782 653:link-prediction        INFO   Saving model checkpoint to ../isInGraph/java250_graph/plm/graphcodebert_saved_models/3/cdg_7/checkpoint-best-f1/model.bin
2023-01-20 03:43:04.782 658:link-prediction        INFO     ********************
2023-01-20 03:43:04.782 659:link-prediction        INFO     Best MCC:0.9127
2023-01-20 03:43:04.783 660:link-prediction        INFO     ********************
2023-01-20 03:43:04.783 675:link-prediction        INFO   Saving model checkpoint to ../isInGraph/java250_graph/plm/graphcodebert_saved_models/3/cdg_7/checkpoint-best-mcc/model.bin
2023-01-20 03:43:10.327 694:link-prediction        INFO   ***** Running evaluation *****
2023-01-20 03:43:10.327 695:link-prediction        INFO     Num examples = 24549
2023-01-20 03:43:10.327 696:link-prediction        INFO     Batch size = 32
2023-01-20 03:43:27.344 741:link-prediction        INFO   ***** Eval results *****
2023-01-20 03:43:27.345 743:link-prediction        INFO     eval_acc = 0.9578
2023-01-20 03:43:27.345 743:link-prediction        INFO     eval_f1 = 0.9587
2023-01-20 03:43:27.345 743:link-prediction        INFO     eval_mcc = 0.9165
2023-01-20 03:43:27.345 743:link-prediction        INFO     eval_precision = 0.938
2023-01-20 03:43:27.345 743:link-prediction        INFO     eval_recall = 0.9803
2023-01-20 03:43:27.345 743:link-prediction        INFO     eval_threshold = 0.5
2023-01-20 03:43:27.345 636:link-prediction        INFO     ********************
2023-01-20 03:43:27.345 637:link-prediction        INFO     Best f1:0.9587
2023-01-20 03:43:27.345 638:link-prediction        INFO     ********************
2023-01-20 03:43:27.346 653:link-prediction        INFO   Saving model checkpoint to ../isInGraph/java250_graph/plm/graphcodebert_saved_models/3/cdg_7/checkpoint-best-f1/model.bin
2023-01-20 03:43:27.346 658:link-prediction        INFO     ********************
2023-01-20 03:43:27.346 659:link-prediction        INFO     Best MCC:0.9165
2023-01-20 03:43:27.347 660:link-prediction        INFO     ********************
2023-01-20 03:43:27.347 675:link-prediction        INFO   Saving model checkpoint to ../isInGraph/java250_graph/plm/graphcodebert_saved_models/3/cdg_7/checkpoint-best-mcc/model.bin
2023-01-20 03:43:32.883 694:link-prediction        INFO   ***** Running evaluation *****
2023-01-20 03:43:32.883 695:link-prediction        INFO     Num examples = 24549
2023-01-20 03:43:32.884 696:link-prediction        INFO     Batch size = 32
2023-01-20 03:43:49.855 741:link-prediction        INFO   ***** Eval results *****
2023-01-20 03:43:49.855 743:link-prediction        INFO     eval_acc = 0.9609
2023-01-20 03:43:49.855 743:link-prediction        INFO     eval_f1 = 0.9613
2023-01-20 03:43:49.855 743:link-prediction        INFO     eval_mcc = 0.922
2023-01-20 03:43:49.855 743:link-prediction        INFO     eval_precision = 0.9491
2023-01-20 03:43:49.855 743:link-prediction        INFO     eval_recall = 0.9739
2023-01-20 03:43:49.855 743:link-prediction        INFO     eval_threshold = 0.5
2023-01-20 03:43:49.856 636:link-prediction        INFO     ********************
2023-01-20 03:43:49.856 637:link-prediction        INFO     Best f1:0.9613
2023-01-20 03:43:49.856 638:link-prediction        INFO     ********************
2023-01-20 03:43:49.857 653:link-prediction        INFO   Saving model checkpoint to ../isInGraph/java250_graph/plm/graphcodebert_saved_models/3/cdg_7/checkpoint-best-f1/model.bin
2023-01-20 03:43:49.857 658:link-prediction        INFO     ********************
2023-01-20 03:43:49.857 659:link-prediction        INFO     Best MCC:0.922
2023-01-20 03:43:49.857 660:link-prediction        INFO     ********************
2023-01-20 03:43:49.858 675:link-prediction        INFO   Saving model checkpoint to ../isInGraph/java250_graph/plm/graphcodebert_saved_models/3/cdg_7/checkpoint-best-mcc/model.bin
2023-01-20 03:43:55.425 694:link-prediction        INFO   ***** Running evaluation *****
2023-01-20 03:43:55.425 695:link-prediction        INFO     Num examples = 24549
2023-01-20 03:43:55.425 696:link-prediction        INFO     Batch size = 32
2023-01-20 03:44:12.473 741:link-prediction        INFO   ***** Eval results *****
2023-01-20 03:44:12.473 743:link-prediction        INFO     eval_acc = 0.9598
2023-01-20 03:44:12.473 743:link-prediction        INFO     eval_f1 = 0.9606
2023-01-20 03:44:12.473 743:link-prediction        INFO     eval_mcc = 0.9205
2023-01-20 03:44:12.473 743:link-prediction        INFO     eval_precision = 0.9415
2023-01-20 03:44:12.473 743:link-prediction        INFO     eval_recall = 0.9805
2023-01-20 03:44:12.473 743:link-prediction        INFO     eval_threshold = 0.5
2023-01-20 03:44:18.023 694:link-prediction        INFO   ***** Running evaluation *****
2023-01-20 03:44:18.023 695:link-prediction        INFO     Num examples = 24549
2023-01-20 03:44:18.023 696:link-prediction        INFO     Batch size = 32
2023-01-20 03:44:35.081 741:link-prediction        INFO   ***** Eval results *****
2023-01-20 03:44:35.081 743:link-prediction        INFO     eval_acc = 0.9616
2023-01-20 03:44:35.082 743:link-prediction        INFO     eval_f1 = 0.9621
2023-01-20 03:44:35.082 743:link-prediction        INFO     eval_mcc = 0.9236
2023-01-20 03:44:35.082 743:link-prediction        INFO     eval_precision = 0.9501
2023-01-20 03:44:35.082 743:link-prediction        INFO     eval_recall = 0.9744
2023-01-20 03:44:35.082 743:link-prediction        INFO     eval_threshold = 0.5
2023-01-20 03:44:35.082 636:link-prediction        INFO     ********************
2023-01-20 03:44:35.082 637:link-prediction        INFO     Best f1:0.9621
2023-01-20 03:44:35.082 638:link-prediction        INFO     ********************
2023-01-20 03:44:35.083 653:link-prediction        INFO   Saving model checkpoint to ../isInGraph/java250_graph/plm/graphcodebert_saved_models/3/cdg_7/checkpoint-best-f1/model.bin
2023-01-20 03:44:35.083 658:link-prediction        INFO     ********************
2023-01-20 03:44:35.084 659:link-prediction        INFO     Best MCC:0.9236
2023-01-20 03:44:35.084 660:link-prediction        INFO     ********************
2023-01-20 03:44:35.084 675:link-prediction        INFO   Saving model checkpoint to ../isInGraph/java250_graph/plm/graphcodebert_saved_models/3/cdg_7/checkpoint-best-mcc/model.bin
2023-01-20 03:44:40.627 694:link-prediction        INFO   ***** Running evaluation *****
2023-01-20 03:44:40.627 695:link-prediction        INFO     Num examples = 24549
2023-01-20 03:44:40.628 696:link-prediction        INFO     Batch size = 32
2023-01-20 03:44:57.628 741:link-prediction        INFO   ***** Eval results *****
2023-01-20 03:44:57.628 743:link-prediction        INFO     eval_acc = 0.9628
2023-01-20 03:44:57.628 743:link-prediction        INFO     eval_f1 = 0.9633
2023-01-20 03:44:57.628 743:link-prediction        INFO     eval_mcc = 0.926
2023-01-20 03:44:57.629 743:link-prediction        INFO     eval_precision = 0.9493
2023-01-20 03:44:57.629 743:link-prediction        INFO     eval_recall = 0.9777
2023-01-20 03:44:57.629 743:link-prediction        INFO     eval_threshold = 0.5
2023-01-20 03:44:57.629 636:link-prediction        INFO     ********************
2023-01-20 03:44:57.629 637:link-prediction        INFO     Best f1:0.9633
2023-01-20 03:44:57.629 638:link-prediction        INFO     ********************
2023-01-20 03:44:57.630 653:link-prediction        INFO   Saving model checkpoint to ../isInGraph/java250_graph/plm/graphcodebert_saved_models/3/cdg_7/checkpoint-best-f1/model.bin
2023-01-20 03:44:57.630 658:link-prediction        INFO     ********************
2023-01-20 03:44:57.630 659:link-prediction        INFO     Best MCC:0.926
2023-01-20 03:44:57.630 660:link-prediction        INFO     ********************
2023-01-20 03:44:57.631 675:link-prediction        INFO   Saving model checkpoint to ../isInGraph/java250_graph/plm/graphcodebert_saved_models/3/cdg_7/checkpoint-best-mcc/model.bin
2023-01-20 03:45:03.177 694:link-prediction        INFO   ***** Running evaluation *****
2023-01-20 03:45:03.178 695:link-prediction        INFO     Num examples = 24549
2023-01-20 03:45:03.178 696:link-prediction        INFO     Batch size = 32
2023-01-20 03:45:20.204 741:link-prediction        INFO   ***** Eval results *****
2023-01-20 03:45:20.205 743:link-prediction        INFO     eval_acc = 0.9628
2023-01-20 03:45:20.205 743:link-prediction        INFO     eval_f1 = 0.9634
2023-01-20 03:45:20.205 743:link-prediction        INFO     eval_mcc = 0.9261
2023-01-20 03:45:20.205 743:link-prediction        INFO     eval_precision = 0.9496
2023-01-20 03:45:20.205 743:link-prediction        INFO     eval_recall = 0.9775
2023-01-20 03:45:20.205 743:link-prediction        INFO     eval_threshold = 0.5
2023-01-20 03:45:20.205 636:link-prediction        INFO     ********************
2023-01-20 03:45:20.205 637:link-prediction        INFO     Best f1:0.9634
2023-01-20 03:45:20.205 638:link-prediction        INFO     ********************
2023-01-20 03:45:20.206 653:link-prediction        INFO   Saving model checkpoint to ../isInGraph/java250_graph/plm/graphcodebert_saved_models/3/cdg_7/checkpoint-best-f1/model.bin
2023-01-20 03:45:20.206 658:link-prediction        INFO     ********************
2023-01-20 03:45:20.206 659:link-prediction        INFO     Best MCC:0.9261
2023-01-20 03:45:20.206 660:link-prediction        INFO     ********************
2023-01-20 03:45:20.207 675:link-prediction        INFO   Saving model checkpoint to ../isInGraph/java250_graph/plm/graphcodebert_saved_models/3/cdg_7/checkpoint-best-mcc/model.bin
2023-01-20 03:45:20.249 763:link-prediction        INFO   ***** Running Test *****
2023-01-20 03:45:20.249 764:link-prediction        INFO     Num examples = 25158
2023-01-20 03:45:20.249 765:link-prediction        INFO     Batch size = 32
2023-01-20 03:45:37.643 806:link-prediction        INFO   ***** Test results *****
2023-01-20 03:45:37.643 808:link-prediction        INFO     eval_acc = 0.9639
2023-01-20 03:45:37.644 808:link-prediction        INFO     eval_f1 = 0.9641
2023-01-20 03:45:37.644 808:link-prediction        INFO     eval_mcc = 0.9279
2023-01-20 03:45:37.644 808:link-prediction        INFO     eval_precision = 0.9583
2023-01-20 03:45:37.644 808:link-prediction        INFO     eval_recall = 0.97
2023-01-20 03:45:37.644 808:link-prediction        INFO     eval_threshold = 0.5
