2022-10-21 09:52:44.828 933:link-prediction        DEBUG  main message
2022-10-21 09:52:44.829 939:link-prediction        WARNING device: cuda, n_gpu: 1
2022-10-21 09:52:52.796 954:link-prediction        INFO   Load Dataset
2022-10-21 09:53:20.781 246:link-prediction        INFO   Load Span file and Graph data, data path: ../datasets/poj-104/graphs/exp1/graphcodebert/graphcodebert_train_ast_cleaned.pt
2022-10-21 09:53:24.796 298:link-prediction        INFO   Labels Counter({0: 61512, 1: 61512})
2022-10-21 09:53:25.105 246:link-prediction        INFO   Load Span file and Graph data, data path: ../datasets/poj-104/graphs/exp1/graphcodebert/graphcodebert_valid_ast_cleaned.pt
2022-10-21 09:53:28.370 298:link-prediction        INFO   Labels Counter({1: 21170, 0: 21170})
2022-10-21 09:53:28.679 246:link-prediction        INFO   Load Span file and Graph data, data path: ../datasets/poj-104/graphs/exp1/graphcodebert/graphcodebert_test_ast_cleaned.pt
2022-10-21 09:53:31.233 298:link-prediction        INFO   Labels Counter({0: 21806, 1: 21806})
2022-10-21 09:53:31.234 303:link-prediction        INFO   *** Example ***
2022-10-21 09:53:31.234 304:link-prediction        INFO   idx: 40145
2022-10-21 09:53:31.234 305:link-prediction        INFO   label: 0
2022-10-21 09:53:31.235 306:link-prediction        INFO   input_tokens_1: ['s', 'z']
2022-10-21 09:53:31.235 314:link-prediction        INFO   input_ids_1: 57 59
2022-10-21 09:53:31.235 321:link-prediction        INFO   span_arry_1: [57, 58] [57, 58], mask 1 0
2022-10-21 09:53:31.235 331:link-prediction        INFO   input_tokens_reverse_1: s z
2022-10-21 09:53:31.236 341:link-prediction        INFO   input_tokens_2: ['i']
2022-10-21 09:53:31.236 349:link-prediction        INFO   input_ids_2: 163 164
2022-10-21 09:53:31.236 356:link-prediction        INFO   span_arry_2: [163, 163] [163, 163], mask 1 0
2022-10-21 09:53:31.236 366:link-prediction        INFO   input_tokens_reverse_2: Ġi
2022-10-21 09:53:31.236 303:link-prediction        INFO   *** Example ***
2022-10-21 09:53:31.236 304:link-prediction        INFO   idx: 49700
2022-10-21 09:53:31.236 305:link-prediction        INFO   label: 1
2022-10-21 09:53:31.236 306:link-prediction        INFO   input_tokens_1: ['a', '[', 'i', ']', '_!=', '_0']
2022-10-21 09:53:31.236 314:link-prediction        INFO   input_ids_1: 166 172
2022-10-21 09:53:31.236 321:link-prediction        INFO   span_arry_1: [170, 171] [170, 171], mask 1 0
2022-10-21 09:53:31.237 331:link-prediction        INFO   input_tokens_reverse_1: a [ i ] Ġ!= Ġ0
2022-10-21 09:53:31.237 341:link-prediction        INFO   input_tokens_2: ['a', '[', 'i', ']']
2022-10-21 09:53:31.237 349:link-prediction        INFO   input_ids_2: 166 170
2022-10-21 09:53:31.237 356:link-prediction        INFO   span_arry_2: [166, 169] [166, 169], mask 1 0
2022-10-21 09:53:31.237 366:link-prediction        INFO   input_tokens_reverse_2: a [ i ]
2022-10-21 09:53:31.237 303:link-prediction        INFO   *** Example ***
2022-10-21 09:53:31.237 304:link-prediction        INFO   idx: 45201
2022-10-21 09:53:31.237 305:link-prediction        INFO   label: 1
2022-10-21 09:53:31.237 306:link-prediction        INFO   input_tokens_1: ['for', '_(', 'i', '_=', '_0', ';', '_i', '_<=', '_120', ';', '_i', '++)']
2022-10-21 09:53:31.237 314:link-prediction        INFO   input_ids_1: 21 33
2022-10-21 09:53:31.237 321:link-prediction        INFO   span_arry_1: [21, 32] [21, 32], mask 1 0
2022-10-21 09:53:31.237 331:link-prediction        INFO   input_tokens_reverse_1: Ġfor Ġ( i Ġ= Ġ0 ; Ġi Ġ<= Ġ120 ; Ġi ++)
2022-10-21 09:53:31.238 341:link-prediction        INFO   input_tokens_2: ['y', '[', 'i', ']', '_=', '_0']
2022-10-21 09:53:31.238 349:link-prediction        INFO   input_ids_2: 33 39
2022-10-21 09:53:31.238 356:link-prediction        INFO   span_arry_2: [33, 38] [33, 38], mask 1 0
2022-10-21 09:53:31.238 366:link-prediction        INFO   input_tokens_reverse_2: Ġy [ i ] Ġ= Ġ0
2022-10-21 09:53:31.238 303:link-prediction        INFO   *** Example ***
2022-10-21 09:53:31.238 304:link-prediction        INFO   idx: 43157
2022-10-21 09:53:31.238 305:link-prediction        INFO   label: 1
2022-10-21 09:53:31.238 306:link-prediction        INFO   input_tokens_1: ['a', '[', '0', ']']
2022-10-21 09:53:31.238 314:link-prediction        INFO   input_ids_1: 81 85
2022-10-21 09:53:31.238 321:link-prediction        INFO   span_arry_1: [82, 84] [82, 84], mask 1 0
2022-10-21 09:53:31.238 331:link-prediction        INFO   input_tokens_reverse_1: Ġa [ 0 ]
2022-10-21 09:53:31.239 341:link-prediction        INFO   input_tokens_2: ['a']
2022-10-21 09:53:31.239 349:link-prediction        INFO   input_ids_2: 81 82
2022-10-21 09:53:31.239 356:link-prediction        INFO   span_arry_2: [81, 81] [81, 81], mask 1 0
2022-10-21 09:53:31.239 366:link-prediction        INFO   input_tokens_reverse_2: Ġa
2022-10-21 09:53:31.239 303:link-prediction        INFO   *** Example ***
2022-10-21 09:53:31.239 304:link-prediction        INFO   idx: 40986
2022-10-21 09:53:31.239 305:link-prediction        INFO   label: 1
2022-10-21 09:53:31.239 306:link-prediction        INFO   input_tokens_1: ['i', '_=', '_0']
2022-10-21 09:53:31.239 314:link-prediction        INFO   input_ids_1: 98 101
2022-10-21 09:53:31.239 321:link-prediction        INFO   span_arry_1: [98, 99] [98, 99], mask 1 0
2022-10-21 09:53:31.239 331:link-prediction        INFO   input_tokens_reverse_1: i Ġ= Ġ0
2022-10-21 09:53:31.239 341:link-prediction        INFO   input_tokens_2: ['0']
2022-10-21 09:53:31.239 349:link-prediction        INFO   input_ids_2: 100 101
2022-10-21 09:53:31.240 356:link-prediction        INFO   span_arry_2: [100, 100] [100, 100], mask 1 0
2022-10-21 09:53:31.240 366:link-prediction        INFO   input_tokens_reverse_2: Ġ0
2022-10-21 09:53:31.240 303:link-prediction        INFO   *** Example ***
2022-10-21 09:53:31.240 304:link-prediction        INFO   idx: 42082
2022-10-21 09:53:31.240 305:link-prediction        INFO   label: 1
2022-10-21 09:53:31.240 306:link-prediction        INFO   input_tokens_1: ['a', '[', 'j', ']', '_>=', "_'", 'A', "'", '_&&', '_a', '[', 'j', ']', '_<=', "_'", 'Z', "'"]
2022-10-21 09:53:31.240 314:link-prediction        INFO   input_ids_1: 113 130
2022-10-21 09:53:31.240 321:link-prediction        INFO   span_arry_1: [121, 129] [121, 129], mask 1 0
2022-10-21 09:53:31.240 331:link-prediction        INFO   input_tokens_reverse_1: a [ j ] Ġ>= Ġ' A ' Ġ&& Ġa [ j ] Ġ<= Ġ' Z ')
2022-10-21 09:53:31.240 341:link-prediction        INFO   input_tokens_2: ['a', '[', 'j', ']', '_>=', "_'", 'A', "'"]
2022-10-21 09:53:31.240 349:link-prediction        INFO   input_ids_2: 113 121
2022-10-21 09:53:31.240 356:link-prediction        INFO   span_arry_2: [113, 120] [113, 120], mask 1 0
2022-10-21 09:53:31.241 366:link-prediction        INFO   input_tokens_reverse_2: a [ j ] Ġ>= Ġ' A '
2022-10-21 09:53:31.241 303:link-prediction        INFO   *** Example ***
2022-10-21 09:53:31.241 304:link-prediction        INFO   idx: 41222
2022-10-21 09:53:31.241 305:link-prediction        INFO   label: 0
2022-10-21 09:53:31.241 306:link-prediction        INFO   input_tokens_1: ['60']
2022-10-21 09:53:31.241 314:link-prediction        INFO   input_ids_1: 355 356
2022-10-21 09:53:31.241 321:link-prediction        INFO   span_arry_1: [355, 355] [355, 355], mask 1 0
2022-10-21 09:53:31.241 331:link-prediction        INFO   input_tokens_reverse_1: Ġ60
2022-10-21 09:53:31.241 341:link-prediction        INFO   input_tokens_2: ['gra', '[', 'i', ']', '_<', '_60']
2022-10-21 09:53:31.241 349:link-prediction        INFO   input_ids_2: 376 382
2022-10-21 09:53:31.241 356:link-prediction        INFO   span_arry_2: [376, 381] [376, 381], mask 1 0
2022-10-21 09:53:31.241 366:link-prediction        INFO   input_tokens_reverse_2: gra [ i ] Ġ< Ġ60
2022-10-21 09:53:31.242 303:link-prediction        INFO   *** Example ***
2022-10-21 09:53:31.242 304:link-prediction        INFO   idx: 50107
2022-10-21 09:53:31.242 305:link-prediction        INFO   label: 1
2022-10-21 09:53:31.242 306:link-prediction        INFO   input_tokens_1: ['c', '_<', '_a']
2022-10-21 09:53:31.242 314:link-prediction        INFO   input_ids_1: 269 272
2022-10-21 09:53:31.242 321:link-prediction        INFO   span_arry_1: [270, 271] [270, 271], mask 1 0
2022-10-21 09:53:31.242 331:link-prediction        INFO   input_tokens_reverse_1: c Ġ< Ġa
2022-10-21 09:53:31.242 341:link-prediction        INFO   input_tokens_2: ['c']
2022-10-21 09:53:31.242 349:link-prediction        INFO   input_ids_2: 269 270
2022-10-21 09:53:31.242 356:link-prediction        INFO   span_arry_2: [269, 269] [269, 269], mask 1 0
2022-10-21 09:53:31.242 366:link-prediction        INFO   input_tokens_reverse_2: c
2022-10-21 09:53:31.242 303:link-prediction        INFO   *** Example ***
2022-10-21 09:53:31.242 304:link-prediction        INFO   idx: 49031
2022-10-21 09:53:31.242 305:link-prediction        INFO   label: 1
2022-10-21 09:53:31.243 306:link-prediction        INFO   input_tokens_1: ['a', '[', 'i', ']', '_<=', '_35']
2022-10-21 09:53:31.243 314:link-prediction        INFO   input_ids_1: 128 134
2022-10-21 09:53:31.243 321:link-prediction        INFO   span_arry_1: [128, 132] [128, 132], mask 1 0
2022-10-21 09:53:31.243 331:link-prediction        INFO   input_tokens_reverse_1: Ġa [ i ] Ġ<= Ġ35
2022-10-21 09:53:31.243 341:link-prediction        INFO   input_tokens_2: ['35']
2022-10-21 09:53:31.243 349:link-prediction        INFO   input_ids_2: 133 134
2022-10-21 09:53:31.243 356:link-prediction        INFO   span_arry_2: [133, 133] [133, 133], mask 1 0
2022-10-21 09:53:31.243 366:link-prediction        INFO   input_tokens_reverse_2: Ġ35
2022-10-21 09:53:31.243 994:link-prediction        INFO   Finishing loading Dataset
2022-10-21 09:53:31.265 1003:link-prediction        INFO   Probimg Model Parameters 3843
2022-10-21 09:53:31.266 1004:link-prediction        INFO   Training/evaluation parameters Namespace(adam_epsilon=1e-08, class_num=2, config_name='microsoft/graphcodebert-base', data_folder='../datasets/poj-104/graphs/exp1', dataset='poj-104', debug=False, device=device(type='cuda'), do_crossing='cleaned', do_eval=False, do_random=True, do_test=True, do_train=True, epochs=2, eval_batch_size=32, evaluate_during_training=False, gradient_accumulation_steps=1, graph_type='ast', layer=8, learning_rate=0.001, max_code_length=512, max_grad_norm=1.0, max_steps=-1, model_name='graphcodebert', model_name_or_path='microsoft/graphcodebert-base', n_gpu=1, output_dir='../link_prediction/poj/random/saved_graphcodebertmodels/2/ast_layer_8', posratio=0.5, seed=783, token_config='microsoft/graphcodebert-base', train_batch_size=64, warmup_steps=0, weight_decay=0.0)
2022-10-21 09:53:32.496 469:link-prediction        INFO   ***** Running training *****
2022-10-21 09:53:32.496 470:link-prediction        INFO     Num examples = 123024
2022-10-21 09:53:32.497 471:link-prediction        INFO     Num Epochs = 2
2022-10-21 09:53:32.497 472:link-prediction        INFO     Instantaneous batch size per GPU = 64
2022-10-21 09:53:32.497 476:link-prediction        INFO     Total train batch size = 64
2022-10-21 09:53:32.497 480:link-prediction        INFO     Gradient Accumulation steps = 1
2022-10-21 09:53:32.497 483:link-prediction        INFO     Total optimization steps = 3846
2022-10-21 09:53:42.645 598:link-prediction        INFO   ***** Running evaluation *****
2022-10-21 09:53:42.645 599:link-prediction        INFO     Num examples = 42340
2022-10-21 09:53:42.646 600:link-prediction        INFO     Batch size = 32
2022-10-21 09:54:14.746 645:link-prediction        INFO   ***** Eval results *****
2022-10-21 09:54:14.746 647:link-prediction        INFO     eval_acc = 0.7105
2022-10-21 09:54:14.746 647:link-prediction        INFO     eval_f1 = 0.6436
2022-10-21 09:54:14.746 647:link-prediction        INFO     eval_mcc = 0.4543
2022-10-21 09:54:14.746 647:link-prediction        INFO     eval_precision = 0.8371
2022-10-21 09:54:14.746 647:link-prediction        INFO     eval_recall = 0.5228
2022-10-21 09:54:14.746 647:link-prediction        INFO     eval_threshold = 0.5
2022-10-21 09:54:14.747 540:link-prediction        INFO     ********************
2022-10-21 09:54:14.747 541:link-prediction        INFO     Best f1:0.6436
2022-10-21 09:54:14.747 542:link-prediction        INFO     ********************
2022-10-21 09:54:14.748 557:link-prediction        INFO   Saving model checkpoint to ../link_prediction/poj/random/saved_graphcodebertmodels/2/ast_layer_8/checkpoint-best-f1/model.bin
2022-10-21 09:54:14.748 562:link-prediction        INFO     ********************
2022-10-21 09:54:14.748 563:link-prediction        INFO     Best MCC:0.4543
2022-10-21 09:54:14.748 564:link-prediction        INFO     ********************
2022-10-21 09:54:14.749 579:link-prediction        INFO   Saving model checkpoint to ../link_prediction/poj/random/saved_graphcodebertmodels/2/ast_layer_8/checkpoint-best-mcc/model.bin
2022-10-21 09:54:24.447 598:link-prediction        INFO   ***** Running evaluation *****
2022-10-21 09:54:24.447 599:link-prediction        INFO     Num examples = 42340
2022-10-21 09:54:24.447 600:link-prediction        INFO     Batch size = 32
2022-10-21 09:54:56.406 645:link-prediction        INFO   ***** Eval results *****
2022-10-21 09:54:56.406 647:link-prediction        INFO     eval_acc = 0.7983
2022-10-21 09:54:56.406 647:link-prediction        INFO     eval_f1 = 0.807
2022-10-21 09:54:56.406 647:link-prediction        INFO     eval_mcc = 0.5991
2022-10-21 09:54:56.407 647:link-prediction        INFO     eval_precision = 0.7738
2022-10-21 09:54:56.407 647:link-prediction        INFO     eval_recall = 0.8432
2022-10-21 09:54:56.407 647:link-prediction        INFO     eval_threshold = 0.5
2022-10-21 09:54:56.407 540:link-prediction        INFO     ********************
2022-10-21 09:54:56.407 541:link-prediction        INFO     Best f1:0.807
2022-10-21 09:54:56.407 542:link-prediction        INFO     ********************
2022-10-21 09:54:56.408 557:link-prediction        INFO   Saving model checkpoint to ../link_prediction/poj/random/saved_graphcodebertmodels/2/ast_layer_8/checkpoint-best-f1/model.bin
2022-10-21 09:54:56.409 562:link-prediction        INFO     ********************
2022-10-21 09:54:56.409 563:link-prediction        INFO     Best MCC:0.5991
2022-10-21 09:54:56.409 564:link-prediction        INFO     ********************
2022-10-21 09:54:56.410 579:link-prediction        INFO   Saving model checkpoint to ../link_prediction/poj/random/saved_graphcodebertmodels/2/ast_layer_8/checkpoint-best-mcc/model.bin
2022-10-21 09:55:06.104 598:link-prediction        INFO   ***** Running evaluation *****
2022-10-21 09:55:06.104 599:link-prediction        INFO     Num examples = 42340
2022-10-21 09:55:06.104 600:link-prediction        INFO     Batch size = 32
2022-10-21 09:55:37.526 645:link-prediction        INFO   ***** Eval results *****
2022-10-21 09:55:37.526 647:link-prediction        INFO     eval_acc = 0.8091
2022-10-21 09:55:37.527 647:link-prediction        INFO     eval_f1 = 0.7988
2022-10-21 09:55:37.527 647:link-prediction        INFO     eval_mcc = 0.6214
2022-10-21 09:55:37.527 647:link-prediction        INFO     eval_precision = 0.8442
2022-10-21 09:55:37.527 647:link-prediction        INFO     eval_recall = 0.7581
2022-10-21 09:55:37.527 647:link-prediction        INFO     eval_threshold = 0.5
2022-10-21 09:55:37.527 562:link-prediction        INFO     ********************
2022-10-21 09:55:37.527 563:link-prediction        INFO     Best MCC:0.6214
2022-10-21 09:55:37.527 564:link-prediction        INFO     ********************
2022-10-21 09:55:37.528 579:link-prediction        INFO   Saving model checkpoint to ../link_prediction/poj/random/saved_graphcodebertmodels/2/ast_layer_8/checkpoint-best-mcc/model.bin
2022-10-21 09:55:47.056 598:link-prediction        INFO   ***** Running evaluation *****
2022-10-21 09:55:47.057 599:link-prediction        INFO     Num examples = 42340
2022-10-21 09:55:47.057 600:link-prediction        INFO     Batch size = 32
2022-10-21 09:56:18.506 645:link-prediction        INFO   ***** Eval results *****
2022-10-21 09:56:18.507 647:link-prediction        INFO     eval_acc = 0.8327
2022-10-21 09:56:18.507 647:link-prediction        INFO     eval_f1 = 0.8314
2022-10-21 09:56:18.507 647:link-prediction        INFO     eval_mcc = 0.6655
2022-10-21 09:56:18.507 647:link-prediction        INFO     eval_precision = 0.8379
2022-10-21 09:56:18.507 647:link-prediction        INFO     eval_recall = 0.8251
2022-10-21 09:56:18.507 647:link-prediction        INFO     eval_threshold = 0.5
2022-10-21 09:56:18.507 540:link-prediction        INFO     ********************
2022-10-21 09:56:18.508 541:link-prediction        INFO     Best f1:0.8314
2022-10-21 09:56:18.508 542:link-prediction        INFO     ********************
2022-10-21 09:56:18.519 557:link-prediction        INFO   Saving model checkpoint to ../link_prediction/poj/random/saved_graphcodebertmodels/2/ast_layer_8/checkpoint-best-f1/model.bin
2022-10-21 09:56:18.520 562:link-prediction        INFO     ********************
2022-10-21 09:56:18.520 563:link-prediction        INFO     Best MCC:0.6655
2022-10-21 09:56:18.520 564:link-prediction        INFO     ********************
2022-10-21 09:56:18.521 579:link-prediction        INFO   Saving model checkpoint to ../link_prediction/poj/random/saved_graphcodebertmodels/2/ast_layer_8/checkpoint-best-mcc/model.bin
2022-10-21 09:56:27.918 598:link-prediction        INFO   ***** Running evaluation *****
2022-10-21 09:56:27.918 599:link-prediction        INFO     Num examples = 42340
2022-10-21 09:56:27.918 600:link-prediction        INFO     Batch size = 32
2022-10-21 09:56:59.679 645:link-prediction        INFO   ***** Eval results *****
2022-10-21 09:56:59.680 647:link-prediction        INFO     eval_acc = 0.8403
2022-10-21 09:56:59.680 647:link-prediction        INFO     eval_f1 = 0.8403
2022-10-21 09:56:59.680 647:link-prediction        INFO     eval_mcc = 0.6805
2022-10-21 09:56:59.680 647:link-prediction        INFO     eval_precision = 0.8403
2022-10-21 09:56:59.680 647:link-prediction        INFO     eval_recall = 0.8402
2022-10-21 09:56:59.680 647:link-prediction        INFO     eval_threshold = 0.5
2022-10-21 09:56:59.680 540:link-prediction        INFO     ********************
2022-10-21 09:56:59.680 541:link-prediction        INFO     Best f1:0.8403
2022-10-21 09:56:59.680 542:link-prediction        INFO     ********************
2022-10-21 09:56:59.681 557:link-prediction        INFO   Saving model checkpoint to ../link_prediction/poj/random/saved_graphcodebertmodels/2/ast_layer_8/checkpoint-best-f1/model.bin
2022-10-21 09:56:59.681 562:link-prediction        INFO     ********************
2022-10-21 09:56:59.681 563:link-prediction        INFO     Best MCC:0.6805
2022-10-21 09:56:59.682 564:link-prediction        INFO     ********************
2022-10-21 09:56:59.682 579:link-prediction        INFO   Saving model checkpoint to ../link_prediction/poj/random/saved_graphcodebertmodels/2/ast_layer_8/checkpoint-best-mcc/model.bin
2022-10-21 09:57:09.283 598:link-prediction        INFO   ***** Running evaluation *****
2022-10-21 09:57:09.283 599:link-prediction        INFO     Num examples = 42340
2022-10-21 09:57:09.283 600:link-prediction        INFO     Batch size = 32
2022-10-21 09:57:40.842 645:link-prediction        INFO   ***** Eval results *****
2022-10-21 09:57:40.842 647:link-prediction        INFO     eval_acc = 0.8461
2022-10-21 09:57:40.842 647:link-prediction        INFO     eval_f1 = 0.8528
2022-10-21 09:57:40.842 647:link-prediction        INFO     eval_mcc = 0.695
2022-10-21 09:57:40.842 647:link-prediction        INFO     eval_precision = 0.817
2022-10-21 09:57:40.842 647:link-prediction        INFO     eval_recall = 0.8919
2022-10-21 09:57:40.842 647:link-prediction        INFO     eval_threshold = 0.5
2022-10-21 09:57:40.842 540:link-prediction        INFO     ********************
2022-10-21 09:57:40.842 541:link-prediction        INFO     Best f1:0.8528
2022-10-21 09:57:40.842 542:link-prediction        INFO     ********************
2022-10-21 09:57:40.843 557:link-prediction        INFO   Saving model checkpoint to ../link_prediction/poj/random/saved_graphcodebertmodels/2/ast_layer_8/checkpoint-best-f1/model.bin
2022-10-21 09:57:40.844 562:link-prediction        INFO     ********************
2022-10-21 09:57:40.844 563:link-prediction        INFO     Best MCC:0.695
2022-10-21 09:57:40.844 564:link-prediction        INFO     ********************
2022-10-21 09:57:40.844 579:link-prediction        INFO   Saving model checkpoint to ../link_prediction/poj/random/saved_graphcodebertmodels/2/ast_layer_8/checkpoint-best-mcc/model.bin
2022-10-21 09:57:50.650 598:link-prediction        INFO   ***** Running evaluation *****
2022-10-21 09:57:50.650 599:link-prediction        INFO     Num examples = 42340
2022-10-21 09:57:50.650 600:link-prediction        INFO     Batch size = 32
2022-10-21 09:58:17.095 645:link-prediction        INFO   ***** Eval results *****
2022-10-21 09:58:17.095 647:link-prediction        INFO     eval_acc = 0.8437
2022-10-21 09:58:17.095 647:link-prediction        INFO     eval_f1 = 0.8588
2022-10-21 09:58:17.096 647:link-prediction        INFO     eval_mcc = 0.7037
2022-10-21 09:58:17.096 647:link-prediction        INFO     eval_precision = 0.783
2022-10-21 09:58:17.096 647:link-prediction        INFO     eval_recall = 0.9508
2022-10-21 09:58:17.096 647:link-prediction        INFO     eval_threshold = 0.5
2022-10-21 09:58:17.096 540:link-prediction        INFO     ********************
2022-10-21 09:58:17.096 541:link-prediction        INFO     Best f1:0.8588
2022-10-21 09:58:17.096 542:link-prediction        INFO     ********************
2022-10-21 09:58:17.097 557:link-prediction        INFO   Saving model checkpoint to ../link_prediction/poj/random/saved_graphcodebertmodels/2/ast_layer_8/checkpoint-best-f1/model.bin
2022-10-21 09:58:17.097 562:link-prediction        INFO     ********************
2022-10-21 09:58:17.097 563:link-prediction        INFO     Best MCC:0.7037
2022-10-21 09:58:17.097 564:link-prediction        INFO     ********************
2022-10-21 09:58:17.098 579:link-prediction        INFO   Saving model checkpoint to ../link_prediction/poj/random/saved_graphcodebertmodels/2/ast_layer_8/checkpoint-best-mcc/model.bin
2022-10-21 09:58:24.533 598:link-prediction        INFO   ***** Running evaluation *****
2022-10-21 09:58:24.533 599:link-prediction        INFO     Num examples = 42340
2022-10-21 09:58:24.534 600:link-prediction        INFO     Batch size = 32
2022-10-21 09:58:48.144 645:link-prediction        INFO   ***** Eval results *****
2022-10-21 09:58:48.145 647:link-prediction        INFO     eval_acc = 0.8517
2022-10-21 09:58:48.145 647:link-prediction        INFO     eval_f1 = 0.8618
2022-10-21 09:58:48.145 647:link-prediction        INFO     eval_mcc = 0.7111
2022-10-21 09:58:48.145 647:link-prediction        INFO     eval_precision = 0.807
2022-10-21 09:58:48.145 647:link-prediction        INFO     eval_recall = 0.9246
2022-10-21 09:58:48.145 647:link-prediction        INFO     eval_threshold = 0.5
2022-10-21 09:58:48.145 540:link-prediction        INFO     ********************
2022-10-21 09:58:48.145 541:link-prediction        INFO     Best f1:0.8618
2022-10-21 09:58:48.145 542:link-prediction        INFO     ********************
2022-10-21 09:58:48.147 557:link-prediction        INFO   Saving model checkpoint to ../link_prediction/poj/random/saved_graphcodebertmodels/2/ast_layer_8/checkpoint-best-f1/model.bin
2022-10-21 09:58:48.147 562:link-prediction        INFO     ********************
2022-10-21 09:58:48.147 563:link-prediction        INFO     Best MCC:0.7111
2022-10-21 09:58:48.147 564:link-prediction        INFO     ********************
2022-10-21 09:58:48.148 579:link-prediction        INFO   Saving model checkpoint to ../link_prediction/poj/random/saved_graphcodebertmodels/2/ast_layer_8/checkpoint-best-mcc/model.bin
2022-10-21 09:58:57.378 598:link-prediction        INFO   ***** Running evaluation *****
2022-10-21 09:58:57.378 599:link-prediction        INFO     Num examples = 42340
2022-10-21 09:58:57.378 600:link-prediction        INFO     Batch size = 32
2022-10-21 09:59:31.249 645:link-prediction        INFO   ***** Eval results *****
2022-10-21 09:59:31.250 647:link-prediction        INFO     eval_acc = 0.8564
2022-10-21 09:59:31.250 647:link-prediction        INFO     eval_f1 = 0.8561
2022-10-21 09:59:31.250 647:link-prediction        INFO     eval_mcc = 0.7129
2022-10-21 09:59:31.250 647:link-prediction        INFO     eval_precision = 0.8582
2022-10-21 09:59:31.250 647:link-prediction        INFO     eval_recall = 0.854
2022-10-21 09:59:31.250 647:link-prediction        INFO     eval_threshold = 0.5
2022-10-21 09:59:31.250 562:link-prediction        INFO     ********************
2022-10-21 09:59:31.250 563:link-prediction        INFO     Best MCC:0.7129
2022-10-21 09:59:31.250 564:link-prediction        INFO     ********************
2022-10-21 09:59:31.251 579:link-prediction        INFO   Saving model checkpoint to ../link_prediction/poj/random/saved_graphcodebertmodels/2/ast_layer_8/checkpoint-best-mcc/model.bin
2022-10-21 09:59:40.990 598:link-prediction        INFO   ***** Running evaluation *****
2022-10-21 09:59:40.990 599:link-prediction        INFO     Num examples = 42340
2022-10-21 09:59:40.990 600:link-prediction        INFO     Batch size = 32
2022-10-21 10:00:13.901 645:link-prediction        INFO   ***** Eval results *****
2022-10-21 10:00:13.901 647:link-prediction        INFO     eval_acc = 0.8611
2022-10-21 10:00:13.902 647:link-prediction        INFO     eval_f1 = 0.8664
2022-10-21 10:00:13.902 647:link-prediction        INFO     eval_mcc = 0.7245
2022-10-21 10:00:13.902 647:link-prediction        INFO     eval_precision = 0.8345
2022-10-21 10:00:13.902 647:link-prediction        INFO     eval_recall = 0.9008
2022-10-21 10:00:13.902 647:link-prediction        INFO     eval_threshold = 0.5
2022-10-21 10:00:13.902 540:link-prediction        INFO     ********************
2022-10-21 10:00:13.902 541:link-prediction        INFO     Best f1:0.8664
2022-10-21 10:00:13.902 542:link-prediction        INFO     ********************
2022-10-21 10:00:13.903 557:link-prediction        INFO   Saving model checkpoint to ../link_prediction/poj/random/saved_graphcodebertmodels/2/ast_layer_8/checkpoint-best-f1/model.bin
2022-10-21 10:00:13.903 562:link-prediction        INFO     ********************
2022-10-21 10:00:13.904 563:link-prediction        INFO     Best MCC:0.7245
2022-10-21 10:00:13.904 564:link-prediction        INFO     ********************
2022-10-21 10:00:13.904 579:link-prediction        INFO   Saving model checkpoint to ../link_prediction/poj/random/saved_graphcodebertmodels/2/ast_layer_8/checkpoint-best-mcc/model.bin
2022-10-21 10:00:23.295 598:link-prediction        INFO   ***** Running evaluation *****
2022-10-21 10:00:23.296 599:link-prediction        INFO     Num examples = 42340
2022-10-21 10:00:23.296 600:link-prediction        INFO     Batch size = 32
2022-10-21 10:00:57.064 645:link-prediction        INFO   ***** Eval results *****
2022-10-21 10:00:57.064 647:link-prediction        INFO     eval_acc = 0.8445
2022-10-21 10:00:57.065 647:link-prediction        INFO     eval_f1 = 0.8362
2022-10-21 10:00:57.065 647:link-prediction        INFO     eval_mcc = 0.6926
2022-10-21 10:00:57.065 647:link-prediction        INFO     eval_precision = 0.8836
2022-10-21 10:00:57.065 647:link-prediction        INFO     eval_recall = 0.7936
2022-10-21 10:00:57.065 647:link-prediction        INFO     eval_threshold = 0.5
2022-10-21 10:01:06.537 598:link-prediction        INFO   ***** Running evaluation *****
2022-10-21 10:01:06.537 599:link-prediction        INFO     Num examples = 42340
2022-10-21 10:01:06.538 600:link-prediction        INFO     Batch size = 32
2022-10-21 10:01:39.942 645:link-prediction        INFO   ***** Eval results *****
2022-10-21 10:01:39.942 647:link-prediction        INFO     eval_acc = 0.8641
2022-10-21 10:01:39.942 647:link-prediction        INFO     eval_f1 = 0.8681
2022-10-21 10:01:39.942 647:link-prediction        INFO     eval_mcc = 0.7295
2022-10-21 10:01:39.942 647:link-prediction        INFO     eval_precision = 0.8428
2022-10-21 10:01:39.942 647:link-prediction        INFO     eval_recall = 0.8951
2022-10-21 10:01:39.942 647:link-prediction        INFO     eval_threshold = 0.5
2022-10-21 10:01:39.943 540:link-prediction        INFO     ********************
2022-10-21 10:01:39.943 541:link-prediction        INFO     Best f1:0.8681
2022-10-21 10:01:39.943 542:link-prediction        INFO     ********************
2022-10-21 10:01:39.944 557:link-prediction        INFO   Saving model checkpoint to ../link_prediction/poj/random/saved_graphcodebertmodels/2/ast_layer_8/checkpoint-best-f1/model.bin
2022-10-21 10:01:39.944 562:link-prediction        INFO     ********************
2022-10-21 10:01:39.944 563:link-prediction        INFO     Best MCC:0.7295
2022-10-21 10:01:39.944 564:link-prediction        INFO     ********************
2022-10-21 10:01:39.945 579:link-prediction        INFO   Saving model checkpoint to ../link_prediction/poj/random/saved_graphcodebertmodels/2/ast_layer_8/checkpoint-best-mcc/model.bin
2022-10-21 10:01:49.381 598:link-prediction        INFO   ***** Running evaluation *****
2022-10-21 10:01:49.382 599:link-prediction        INFO     Num examples = 42340
2022-10-21 10:01:49.382 600:link-prediction        INFO     Batch size = 32
2022-10-21 10:02:22.671 645:link-prediction        INFO   ***** Eval results *****
2022-10-21 10:02:22.671 647:link-prediction        INFO     eval_acc = 0.86
2022-10-21 10:02:22.671 647:link-prediction        INFO     eval_f1 = 0.8702
2022-10-21 10:02:22.671 647:link-prediction        INFO     eval_mcc = 0.729
2022-10-21 10:02:22.671 647:link-prediction        INFO     eval_precision = 0.8115
2022-10-21 10:02:22.671 647:link-prediction        INFO     eval_recall = 0.938
2022-10-21 10:02:22.671 647:link-prediction        INFO     eval_threshold = 0.5
2022-10-21 10:02:22.671 540:link-prediction        INFO     ********************
2022-10-21 10:02:22.672 541:link-prediction        INFO     Best f1:0.8702
2022-10-21 10:02:22.672 542:link-prediction        INFO     ********************
2022-10-21 10:02:22.672 557:link-prediction        INFO   Saving model checkpoint to ../link_prediction/poj/random/saved_graphcodebertmodels/2/ast_layer_8/checkpoint-best-f1/model.bin
2022-10-21 10:02:31.927 598:link-prediction        INFO   ***** Running evaluation *****
2022-10-21 10:02:31.927 599:link-prediction        INFO     Num examples = 42340
2022-10-21 10:02:31.927 600:link-prediction        INFO     Batch size = 32
2022-10-21 10:03:05.414 645:link-prediction        INFO   ***** Eval results *****
2022-10-21 10:03:05.414 647:link-prediction        INFO     eval_acc = 0.8583
2022-10-21 10:03:05.414 647:link-prediction        INFO     eval_f1 = 0.8698
2022-10-21 10:03:05.414 647:link-prediction        INFO     eval_mcc = 0.7281
2022-10-21 10:03:05.414 647:link-prediction        INFO     eval_precision = 0.8042
2022-10-21 10:03:05.414 647:link-prediction        INFO     eval_recall = 0.9471
2022-10-21 10:03:05.414 647:link-prediction        INFO     eval_threshold = 0.5
2022-10-21 10:03:14.660 598:link-prediction        INFO   ***** Running evaluation *****
2022-10-21 10:03:14.661 599:link-prediction        INFO     Num examples = 42340
2022-10-21 10:03:14.661 600:link-prediction        INFO     Batch size = 32
2022-10-21 10:03:48.811 645:link-prediction        INFO   ***** Eval results *****
2022-10-21 10:03:48.811 647:link-prediction        INFO     eval_acc = 0.8673
2022-10-21 10:03:48.811 647:link-prediction        INFO     eval_f1 = 0.8748
2022-10-21 10:03:48.812 647:link-prediction        INFO     eval_mcc = 0.74
2022-10-21 10:03:48.812 647:link-prediction        INFO     eval_precision = 0.828
2022-10-21 10:03:48.812 647:link-prediction        INFO     eval_recall = 0.9274
2022-10-21 10:03:48.812 647:link-prediction        INFO     eval_threshold = 0.5
2022-10-21 10:03:48.812 540:link-prediction        INFO     ********************
2022-10-21 10:03:48.812 541:link-prediction        INFO     Best f1:0.8748
2022-10-21 10:03:48.812 542:link-prediction        INFO     ********************
2022-10-21 10:03:48.813 557:link-prediction        INFO   Saving model checkpoint to ../link_prediction/poj/random/saved_graphcodebertmodels/2/ast_layer_8/checkpoint-best-f1/model.bin
2022-10-21 10:03:48.813 562:link-prediction        INFO     ********************
2022-10-21 10:03:48.814 563:link-prediction        INFO     Best MCC:0.74
2022-10-21 10:03:48.814 564:link-prediction        INFO     ********************
2022-10-21 10:03:48.814 579:link-prediction        INFO   Saving model checkpoint to ../link_prediction/poj/random/saved_graphcodebertmodels/2/ast_layer_8/checkpoint-best-mcc/model.bin
2022-10-21 10:03:58.563 598:link-prediction        INFO   ***** Running evaluation *****
2022-10-21 10:03:58.564 599:link-prediction        INFO     Num examples = 42340
2022-10-21 10:03:58.564 600:link-prediction        INFO     Batch size = 32
2022-10-21 10:04:32.512 645:link-prediction        INFO   ***** Eval results *****
2022-10-21 10:04:32.513 647:link-prediction        INFO     eval_acc = 0.8684
2022-10-21 10:04:32.513 647:link-prediction        INFO     eval_f1 = 0.8739
2022-10-21 10:04:32.513 647:link-prediction        INFO     eval_mcc = 0.7396
2022-10-21 10:04:32.513 647:link-prediction        INFO     eval_precision = 0.8385
2022-10-21 10:04:32.513 647:link-prediction        INFO     eval_recall = 0.9125
2022-10-21 10:04:32.513 647:link-prediction        INFO     eval_threshold = 0.5
2022-10-21 10:04:42.098 598:link-prediction        INFO   ***** Running evaluation *****
2022-10-21 10:04:42.099 599:link-prediction        INFO     Num examples = 42340
2022-10-21 10:04:42.099 600:link-prediction        INFO     Batch size = 32
2022-10-21 10:05:15.871 645:link-prediction        INFO   ***** Eval results *****
2022-10-21 10:05:15.871 647:link-prediction        INFO     eval_acc = 0.8692
2022-10-21 10:05:15.871 647:link-prediction        INFO     eval_f1 = 0.8734
2022-10-21 10:05:15.872 647:link-prediction        INFO     eval_mcc = 0.7401
2022-10-21 10:05:15.872 647:link-prediction        INFO     eval_precision = 0.8463
2022-10-21 10:05:15.872 647:link-prediction        INFO     eval_recall = 0.9023
2022-10-21 10:05:15.872 647:link-prediction        INFO     eval_threshold = 0.5
2022-10-21 10:05:15.872 562:link-prediction        INFO     ********************
2022-10-21 10:05:15.872 563:link-prediction        INFO     Best MCC:0.7401
2022-10-21 10:05:15.872 564:link-prediction        INFO     ********************
2022-10-21 10:05:15.873 579:link-prediction        INFO   Saving model checkpoint to ../link_prediction/poj/random/saved_graphcodebertmodels/2/ast_layer_8/checkpoint-best-mcc/model.bin
2022-10-21 10:05:25.435 598:link-prediction        INFO   ***** Running evaluation *****
2022-10-21 10:05:25.435 599:link-prediction        INFO     Num examples = 42340
2022-10-21 10:05:25.435 600:link-prediction        INFO     Batch size = 32
2022-10-21 10:05:49.786 645:link-prediction        INFO   ***** Eval results *****
2022-10-21 10:05:49.786 647:link-prediction        INFO     eval_acc = 0.8674
2022-10-21 10:05:49.786 647:link-prediction        INFO     eval_f1 = 0.8683
2022-10-21 10:05:49.786 647:link-prediction        INFO     eval_mcc = 0.7348
2022-10-21 10:05:49.786 647:link-prediction        INFO     eval_precision = 0.8626
2022-10-21 10:05:49.786 647:link-prediction        INFO     eval_recall = 0.874
2022-10-21 10:05:49.786 647:link-prediction        INFO     eval_threshold = 0.5
2022-10-21 10:05:57.161 598:link-prediction        INFO   ***** Running evaluation *****
2022-10-21 10:05:57.161 599:link-prediction        INFO     Num examples = 42340
2022-10-21 10:05:57.161 600:link-prediction        INFO     Batch size = 32
2022-10-21 10:06:21.046 645:link-prediction        INFO   ***** Eval results *****
2022-10-21 10:06:21.046 647:link-prediction        INFO     eval_acc = 0.8682
2022-10-21 10:06:21.047 647:link-prediction        INFO     eval_f1 = 0.8756
2022-10-21 10:06:21.047 647:link-prediction        INFO     eval_mcc = 0.7416
2022-10-21 10:06:21.047 647:link-prediction        INFO     eval_precision = 0.8289
2022-10-21 10:06:21.047 647:link-prediction        INFO     eval_recall = 0.9278
2022-10-21 10:06:21.047 647:link-prediction        INFO     eval_threshold = 0.5
2022-10-21 10:06:21.047 540:link-prediction        INFO     ********************
2022-10-21 10:06:21.047 541:link-prediction        INFO     Best f1:0.8756
2022-10-21 10:06:21.047 542:link-prediction        INFO     ********************
2022-10-21 10:06:21.048 557:link-prediction        INFO   Saving model checkpoint to ../link_prediction/poj/random/saved_graphcodebertmodels/2/ast_layer_8/checkpoint-best-f1/model.bin
2022-10-21 10:06:21.048 562:link-prediction        INFO     ********************
2022-10-21 10:06:21.048 563:link-prediction        INFO     Best MCC:0.7416
2022-10-21 10:06:21.048 564:link-prediction        INFO     ********************
2022-10-21 10:06:21.049 579:link-prediction        INFO   Saving model checkpoint to ../link_prediction/poj/random/saved_graphcodebertmodels/2/ast_layer_8/checkpoint-best-mcc/model.bin
2022-10-21 10:06:30.438 598:link-prediction        INFO   ***** Running evaluation *****
2022-10-21 10:06:30.438 599:link-prediction        INFO     Num examples = 42340
2022-10-21 10:06:30.439 600:link-prediction        INFO     Batch size = 32
2022-10-21 10:07:04.158 645:link-prediction        INFO   ***** Eval results *****
2022-10-21 10:07:04.159 647:link-prediction        INFO     eval_acc = 0.8708
2022-10-21 10:07:04.159 647:link-prediction        INFO     eval_f1 = 0.8758
2022-10-21 10:07:04.159 647:link-prediction        INFO     eval_mcc = 0.744
2022-10-21 10:07:04.159 647:link-prediction        INFO     eval_precision = 0.843
2022-10-21 10:07:04.159 647:link-prediction        INFO     eval_recall = 0.9112
2022-10-21 10:07:04.159 647:link-prediction        INFO     eval_threshold = 0.5
2022-10-21 10:07:04.160 540:link-prediction        INFO     ********************
2022-10-21 10:07:04.160 541:link-prediction        INFO     Best f1:0.8758
2022-10-21 10:07:04.160 542:link-prediction        INFO     ********************
2022-10-21 10:07:04.161 557:link-prediction        INFO   Saving model checkpoint to ../link_prediction/poj/random/saved_graphcodebertmodels/2/ast_layer_8/checkpoint-best-f1/model.bin
2022-10-21 10:07:04.161 562:link-prediction        INFO     ********************
2022-10-21 10:07:04.162 563:link-prediction        INFO     Best MCC:0.744
2022-10-21 10:07:04.162 564:link-prediction        INFO     ********************
2022-10-21 10:07:04.163 579:link-prediction        INFO   Saving model checkpoint to ../link_prediction/poj/random/saved_graphcodebertmodels/2/ast_layer_8/checkpoint-best-mcc/model.bin
2022-10-21 10:07:04.441 668:link-prediction        INFO   ***** Running Test *****
2022-10-21 10:07:04.442 669:link-prediction        INFO     Num examples = 43612
2022-10-21 10:07:04.442 670:link-prediction        INFO     Batch size = 32
2022-10-21 10:07:38.443 711:link-prediction        INFO   ***** Test results *****
2022-10-21 10:07:38.443 713:link-prediction        INFO     eval_acc = 0.8652
2022-10-21 10:07:38.443 713:link-prediction        INFO     eval_f1 = 0.8697
2022-10-21 10:07:38.443 713:link-prediction        INFO     eval_mcc = 0.7322
2022-10-21 10:07:38.443 713:link-prediction        INFO     eval_precision = 0.8412
2022-10-21 10:07:38.444 713:link-prediction        INFO     eval_recall = 0.9003
2022-10-21 10:07:38.444 713:link-prediction        INFO     eval_threshold = 0.5
