2023-05-26 18:44:40.189 669:pos-tag                DEBUG  main message
2023-05-26 18:44:40.190 675:pos-tag                WARNING device: cuda, n_gpu: 1
2023-05-26 18:44:40.888 695:pos-tag                INFO   Load Dataset
2023-05-26 18:44:40.889 699:pos-tag                INFO   Num of Class 233
2023-05-26 18:44:43.990 719:pos-tag                INFO   Finishing loading Dataset
2023-05-26 18:44:43.990 724:pos-tag                INFO   Random Initialize the encoder
2023-05-26 18:44:48.201 755:pos-tag                INFO   Probimg Model Parameters 179177
2023-05-26 18:44:48.201 756:pos-tag                INFO   Training/evaluation parameters Namespace(adam_epsilon=1e-08, config_name='Salesforce/codet5-base', data_folder='../datasets/java250/postag/', dataset='postag', debug=False, device=device(type='cuda'), do_eval=True, do_random=True, do_test=True, do_train=True, epochs=5, eval_batch_size=32, evaluate_during_training=False, gradient_accumulation_steps=1, graph_type='ast', layer=12, learning_rate=0.001, max_code_length=512, max_grad_norm=1.0, max_steps=-1, model_name='codet5', model_name_or_path='Salesforce/codet5-base', n_gpu=1, output_dir='./pos_res_java/random/saved_codet5models/1/layer_12', posratio=0.5, seed=179, token_config='Salesforce/codet5-base', train_batch_size=32, warmup_steps=0, weight_decay=0.0)
2023-05-26 18:44:48.202 178:pos-tag                INFO   save steps 2
2023-05-26 18:44:50.269 217:pos-tag                INFO   ***** Running training *****
2023-05-26 18:44:50.269 218:pos-tag                INFO     Num examples = 880
2023-05-26 18:44:50.269 219:pos-tag                INFO     Num Epochs = 5
2023-05-26 18:44:50.270 220:pos-tag                INFO     Instantaneous batch size per GPU = 32
2023-05-26 18:44:50.270 224:pos-tag                INFO     Total train batch size = 32
2023-05-26 18:44:50.270 228:pos-tag                INFO     Gradient Accumulation steps = 1
2023-05-26 18:44:50.270 231:pos-tag                INFO     Total optimization steps = 140
2023-05-26 18:44:52.674 351:pos-tag                INFO   ***** Running evaluation *****
2023-05-26 18:44:52.674 352:pos-tag                INFO     Num examples = 293
2023-05-26 18:44:52.674 353:pos-tag                INFO     Batch size = 32
2023-05-26 18:45:00.315 399:pos-tag                INFO   ***** Eval results *****
2023-05-26 18:45:00.316 401:pos-tag                INFO     eval_acc = 0.0097
2023-05-26 18:45:00.316 401:pos-tag                INFO     eval_f1 = 0.0012
2023-05-26 18:45:00.316 401:pos-tag                INFO     eval_mcc = 0.0026
2023-05-26 18:45:00.316 401:pos-tag                INFO     eval_precision = 0.0031
2023-05-26 18:45:00.316 401:pos-tag                INFO     eval_recall = 0.0016
2023-05-26 18:45:00.316 293:pos-tag                INFO     ********************
2023-05-26 18:45:00.316 294:pos-tag                INFO     Best f1:0.0012
2023-05-26 18:45:00.317 295:pos-tag                INFO     ********************
2023-05-26 18:45:02.493 310:pos-tag                INFO   Saving model checkpoint to ./pos_res_java/random/saved_codet5models/1/layer_12/checkpoint-best-f1/model.bin
2023-05-26 18:45:02.493 315:pos-tag                INFO     ********************
2023-05-26 18:45:02.493 316:pos-tag                INFO     Best MCC:0.0026
2023-05-26 18:45:02.493 317:pos-tag                INFO     ********************
2023-05-26 18:45:04.680 332:pos-tag                INFO   Saving model checkpoint to ./pos_res_java/random/saved_codet5models/1/layer_12/checkpoint-best-mcc/model.bin
2023-05-26 18:45:06.270 351:pos-tag                INFO   ***** Running evaluation *****
2023-05-26 18:45:06.271 352:pos-tag                INFO     Num examples = 293
2023-05-26 18:45:06.271 353:pos-tag                INFO     Batch size = 32
2023-05-26 18:45:13.084 399:pos-tag                INFO   ***** Eval results *****
2023-05-26 18:45:13.085 401:pos-tag                INFO     eval_acc = 0.0167
2023-05-26 18:45:13.085 401:pos-tag                INFO     eval_f1 = 0.0027
2023-05-26 18:45:13.085 401:pos-tag                INFO     eval_mcc = 0.0046
2023-05-26 18:45:13.085 401:pos-tag                INFO     eval_precision = 0.0104
2023-05-26 18:45:13.085 401:pos-tag                INFO     eval_recall = 0.0028
2023-05-26 18:45:13.085 293:pos-tag                INFO     ********************
2023-05-26 18:45:13.086 294:pos-tag                INFO     Best f1:0.0027
2023-05-26 18:45:13.086 295:pos-tag                INFO     ********************
2023-05-26 18:45:15.356 310:pos-tag                INFO   Saving model checkpoint to ./pos_res_java/random/saved_codet5models/1/layer_12/checkpoint-best-f1/model.bin
2023-05-26 18:45:15.357 315:pos-tag                INFO     ********************
2023-05-26 18:45:15.357 316:pos-tag                INFO     Best MCC:0.0046
2023-05-26 18:45:15.357 317:pos-tag                INFO     ********************
2023-05-26 18:45:17.718 332:pos-tag                INFO   Saving model checkpoint to ./pos_res_java/random/saved_codet5models/1/layer_12/checkpoint-best-mcc/model.bin
2023-05-26 18:45:19.314 351:pos-tag                INFO   ***** Running evaluation *****
2023-05-26 18:45:19.315 352:pos-tag                INFO     Num examples = 293
2023-05-26 18:45:19.315 353:pos-tag                INFO     Batch size = 32
2023-05-26 18:45:26.182 399:pos-tag                INFO   ***** Eval results *****
2023-05-26 18:45:26.183 401:pos-tag                INFO     eval_acc = 0.0427
2023-05-26 18:45:26.183 401:pos-tag                INFO     eval_f1 = 0.005
2023-05-26 18:45:26.183 401:pos-tag                INFO     eval_mcc = 0.015
2023-05-26 18:45:26.184 401:pos-tag                INFO     eval_precision = 0.0108
2023-05-26 18:45:26.184 401:pos-tag                INFO     eval_recall = 0.0079
2023-05-26 18:45:26.184 293:pos-tag                INFO     ********************
2023-05-26 18:45:26.184 294:pos-tag                INFO     Best f1:0.005
2023-05-26 18:45:26.184 295:pos-tag                INFO     ********************
2023-05-26 18:45:28.597 310:pos-tag                INFO   Saving model checkpoint to ./pos_res_java/random/saved_codet5models/1/layer_12/checkpoint-best-f1/model.bin
2023-05-26 18:45:28.597 315:pos-tag                INFO     ********************
2023-05-26 18:45:28.598 316:pos-tag                INFO     Best MCC:0.015
2023-05-26 18:45:28.598 317:pos-tag                INFO     ********************
2023-05-26 18:45:30.907 332:pos-tag                INFO   Saving model checkpoint to ./pos_res_java/random/saved_codet5models/1/layer_12/checkpoint-best-mcc/model.bin
2023-05-26 18:45:32.512 351:pos-tag                INFO   ***** Running evaluation *****
2023-05-26 18:45:32.512 352:pos-tag                INFO     Num examples = 293
2023-05-26 18:45:32.513 353:pos-tag                INFO     Batch size = 32
2023-05-26 18:45:39.357 399:pos-tag                INFO   ***** Eval results *****
2023-05-26 18:45:39.358 401:pos-tag                INFO     eval_acc = 0.0735
2023-05-26 18:45:39.358 401:pos-tag                INFO     eval_f1 = 0.0063
2023-05-26 18:45:39.358 401:pos-tag                INFO     eval_mcc = 0.0323
2023-05-26 18:45:39.358 401:pos-tag                INFO     eval_precision = 0.0119
2023-05-26 18:45:39.358 401:pos-tag                INFO     eval_recall = 0.015
2023-05-26 18:45:39.358 293:pos-tag                INFO     ********************
2023-05-26 18:45:39.358 294:pos-tag                INFO     Best f1:0.0063
2023-05-26 18:45:39.358 295:pos-tag                INFO     ********************
2023-05-26 18:45:41.667 310:pos-tag                INFO   Saving model checkpoint to ./pos_res_java/random/saved_codet5models/1/layer_12/checkpoint-best-f1/model.bin
2023-05-26 18:45:41.668 315:pos-tag                INFO     ********************
2023-05-26 18:45:41.669 316:pos-tag                INFO     Best MCC:0.0323
2023-05-26 18:45:41.669 317:pos-tag                INFO     ********************
2023-05-26 18:45:44.028 332:pos-tag                INFO   Saving model checkpoint to ./pos_res_java/random/saved_codet5models/1/layer_12/checkpoint-best-mcc/model.bin
2023-05-26 18:45:45.626 351:pos-tag                INFO   ***** Running evaluation *****
2023-05-26 18:45:45.626 352:pos-tag                INFO     Num examples = 293
2023-05-26 18:45:45.626 353:pos-tag                INFO     Batch size = 32
2023-05-26 18:45:52.407 399:pos-tag                INFO   ***** Eval results *****
2023-05-26 18:45:52.408 401:pos-tag                INFO     eval_acc = 0.0856
2023-05-26 18:45:52.408 401:pos-tag                INFO     eval_f1 = 0.0086
2023-05-26 18:45:52.408 401:pos-tag                INFO     eval_mcc = 0.0417
2023-05-26 18:45:52.408 401:pos-tag                INFO     eval_precision = 0.0179
2023-05-26 18:45:52.408 401:pos-tag                INFO     eval_recall = 0.0187
2023-05-26 18:45:52.409 293:pos-tag                INFO     ********************
2023-05-26 18:45:52.409 294:pos-tag                INFO     Best f1:0.0086
2023-05-26 18:45:52.409 295:pos-tag                INFO     ********************
2023-05-26 18:45:54.714 310:pos-tag                INFO   Saving model checkpoint to ./pos_res_java/random/saved_codet5models/1/layer_12/checkpoint-best-f1/model.bin
2023-05-26 18:45:54.715 315:pos-tag                INFO     ********************
2023-05-26 18:45:54.715 316:pos-tag                INFO     Best MCC:0.0417
2023-05-26 18:45:54.715 317:pos-tag                INFO     ********************
2023-05-26 18:45:56.993 332:pos-tag                INFO   Saving model checkpoint to ./pos_res_java/random/saved_codet5models/1/layer_12/checkpoint-best-mcc/model.bin
2023-05-26 18:45:58.592 351:pos-tag                INFO   ***** Running evaluation *****
2023-05-26 18:45:58.593 352:pos-tag                INFO     Num examples = 293
2023-05-26 18:45:58.593 353:pos-tag                INFO     Batch size = 32
2023-05-26 18:46:05.443 399:pos-tag                INFO   ***** Eval results *****
2023-05-26 18:46:05.443 401:pos-tag                INFO     eval_acc = 0.1053
2023-05-26 18:46:05.443 401:pos-tag                INFO     eval_f1 = 0.0136
2023-05-26 18:46:05.444 401:pos-tag                INFO     eval_mcc = 0.0587
2023-05-26 18:46:05.444 401:pos-tag                INFO     eval_precision = 0.0229
2023-05-26 18:46:05.444 401:pos-tag                INFO     eval_recall = 0.0212
2023-05-26 18:46:05.444 293:pos-tag                INFO     ********************
2023-05-26 18:46:05.444 294:pos-tag                INFO     Best f1:0.0136
2023-05-26 18:46:05.444 295:pos-tag                INFO     ********************
2023-05-26 18:46:07.711 310:pos-tag                INFO   Saving model checkpoint to ./pos_res_java/random/saved_codet5models/1/layer_12/checkpoint-best-f1/model.bin
2023-05-26 18:46:07.712 315:pos-tag                INFO     ********************
2023-05-26 18:46:07.712 316:pos-tag                INFO     Best MCC:0.0587
2023-05-26 18:46:07.712 317:pos-tag                INFO     ********************
2023-05-26 18:46:10.012 332:pos-tag                INFO   Saving model checkpoint to ./pos_res_java/random/saved_codet5models/1/layer_12/checkpoint-best-mcc/model.bin
2023-05-26 18:46:11.608 351:pos-tag                INFO   ***** Running evaluation *****
2023-05-26 18:46:11.608 352:pos-tag                INFO     Num examples = 293
2023-05-26 18:46:11.608 353:pos-tag                INFO     Batch size = 32
2023-05-26 18:46:18.398 399:pos-tag                INFO   ***** Eval results *****
2023-05-26 18:46:18.398 401:pos-tag                INFO     eval_acc = 0.1523
2023-05-26 18:46:18.398 401:pos-tag                INFO     eval_f1 = 0.0199
2023-05-26 18:46:18.398 401:pos-tag                INFO     eval_mcc = 0.0992
2023-05-26 18:46:18.399 401:pos-tag                INFO     eval_precision = 0.027
2023-05-26 18:46:18.399 401:pos-tag                INFO     eval_recall = 0.0267
2023-05-26 18:46:18.399 293:pos-tag                INFO     ********************
2023-05-26 18:46:18.399 294:pos-tag                INFO     Best f1:0.0199
2023-05-26 18:46:18.399 295:pos-tag                INFO     ********************
2023-05-26 18:46:20.667 310:pos-tag                INFO   Saving model checkpoint to ./pos_res_java/random/saved_codet5models/1/layer_12/checkpoint-best-f1/model.bin
2023-05-26 18:46:20.667 315:pos-tag                INFO     ********************
2023-05-26 18:46:20.668 316:pos-tag                INFO     Best MCC:0.0992
2023-05-26 18:46:20.668 317:pos-tag                INFO     ********************
2023-05-26 18:46:23.069 332:pos-tag                INFO   Saving model checkpoint to ./pos_res_java/random/saved_codet5models/1/layer_12/checkpoint-best-mcc/model.bin
2023-05-26 18:46:24.652 351:pos-tag                INFO   ***** Running evaluation *****
2023-05-26 18:46:24.653 352:pos-tag                INFO     Num examples = 293
2023-05-26 18:46:24.653 353:pos-tag                INFO     Batch size = 32
2023-05-26 18:46:31.455 399:pos-tag                INFO   ***** Eval results *****
2023-05-26 18:46:31.455 401:pos-tag                INFO     eval_acc = 0.1938
2023-05-26 18:46:31.455 401:pos-tag                INFO     eval_f1 = 0.0206
2023-05-26 18:46:31.456 401:pos-tag                INFO     eval_mcc = 0.137
2023-05-26 18:46:31.456 401:pos-tag                INFO     eval_precision = 0.0322
2023-05-26 18:46:31.456 401:pos-tag                INFO     eval_recall = 0.027
2023-05-26 18:46:31.456 293:pos-tag                INFO     ********************
2023-05-26 18:46:31.456 294:pos-tag                INFO     Best f1:0.0206
2023-05-26 18:46:31.456 295:pos-tag                INFO     ********************
2023-05-26 18:46:33.733 310:pos-tag                INFO   Saving model checkpoint to ./pos_res_java/random/saved_codet5models/1/layer_12/checkpoint-best-f1/model.bin
2023-05-26 18:46:33.734 315:pos-tag                INFO     ********************
2023-05-26 18:46:33.734 316:pos-tag                INFO     Best MCC:0.137
2023-05-26 18:46:33.734 317:pos-tag                INFO     ********************
2023-05-26 18:46:36.098 332:pos-tag                INFO   Saving model checkpoint to ./pos_res_java/random/saved_codet5models/1/layer_12/checkpoint-best-mcc/model.bin
2023-05-26 18:46:37.688 351:pos-tag                INFO   ***** Running evaluation *****
2023-05-26 18:46:37.689 352:pos-tag                INFO     Num examples = 293
2023-05-26 18:46:37.689 353:pos-tag                INFO     Batch size = 32
2023-05-26 18:46:44.536 399:pos-tag                INFO   ***** Eval results *****
2023-05-26 18:46:44.537 401:pos-tag                INFO     eval_acc = 0.2118
2023-05-26 18:46:44.537 401:pos-tag                INFO     eval_f1 = 0.0166
2023-05-26 18:46:44.537 401:pos-tag                INFO     eval_mcc = 0.1506
2023-05-26 18:46:44.537 401:pos-tag                INFO     eval_precision = 0.0425
2023-05-26 18:46:44.537 401:pos-tag                INFO     eval_recall = 0.0234
2023-05-26 18:46:44.537 315:pos-tag                INFO     ********************
2023-05-26 18:46:44.537 316:pos-tag                INFO     Best MCC:0.1506
2023-05-26 18:46:44.538 317:pos-tag                INFO     ********************
2023-05-26 18:46:46.820 332:pos-tag                INFO   Saving model checkpoint to ./pos_res_java/random/saved_codet5models/1/layer_12/checkpoint-best-mcc/model.bin
2023-05-26 18:46:48.425 351:pos-tag                INFO   ***** Running evaluation *****
2023-05-26 18:46:48.425 352:pos-tag                INFO     Num examples = 293
2023-05-26 18:46:48.425 353:pos-tag                INFO     Batch size = 32
2023-05-26 18:46:55.255 399:pos-tag                INFO   ***** Eval results *****
2023-05-26 18:46:55.256 401:pos-tag                INFO     eval_acc = 0.2327
2023-05-26 18:46:55.256 401:pos-tag                INFO     eval_f1 = 0.0163
2023-05-26 18:46:55.256 401:pos-tag                INFO     eval_mcc = 0.1638
2023-05-26 18:46:55.256 401:pos-tag                INFO     eval_precision = 0.0292
2023-05-26 18:46:55.256 401:pos-tag                INFO     eval_recall = 0.0244
2023-05-26 18:46:55.257 315:pos-tag                INFO     ********************
2023-05-26 18:46:55.257 316:pos-tag                INFO     Best MCC:0.1638
2023-05-26 18:46:55.257 317:pos-tag                INFO     ********************
2023-05-26 18:46:57.531 332:pos-tag                INFO   Saving model checkpoint to ./pos_res_java/random/saved_codet5models/1/layer_12/checkpoint-best-mcc/model.bin
2023-05-26 18:46:59.145 351:pos-tag                INFO   ***** Running evaluation *****
2023-05-26 18:46:59.145 352:pos-tag                INFO     Num examples = 293
2023-05-26 18:46:59.146 353:pos-tag                INFO     Batch size = 32
2023-05-26 18:47:05.949 399:pos-tag                INFO   ***** Eval results *****
2023-05-26 18:47:05.949 401:pos-tag                INFO     eval_acc = 0.2661
2023-05-26 18:47:05.949 401:pos-tag                INFO     eval_f1 = 0.0208
2023-05-26 18:47:05.950 401:pos-tag                INFO     eval_mcc = 0.1994
2023-05-26 18:47:05.950 401:pos-tag                INFO     eval_precision = 0.0528
2023-05-26 18:47:05.950 401:pos-tag                INFO     eval_recall = 0.029
2023-05-26 18:47:05.950 293:pos-tag                INFO     ********************
2023-05-26 18:47:05.950 294:pos-tag                INFO     Best f1:0.0208
2023-05-26 18:47:05.950 295:pos-tag                INFO     ********************
2023-05-26 18:47:08.196 310:pos-tag                INFO   Saving model checkpoint to ./pos_res_java/random/saved_codet5models/1/layer_12/checkpoint-best-f1/model.bin
2023-05-26 18:47:08.197 315:pos-tag                INFO     ********************
2023-05-26 18:47:08.197 316:pos-tag                INFO     Best MCC:0.1994
2023-05-26 18:47:08.197 317:pos-tag                INFO     ********************
2023-05-26 18:47:10.434 332:pos-tag                INFO   Saving model checkpoint to ./pos_res_java/random/saved_codet5models/1/layer_12/checkpoint-best-mcc/model.bin
2023-05-26 18:47:12.021 351:pos-tag                INFO   ***** Running evaluation *****
2023-05-26 18:47:12.021 352:pos-tag                INFO     Num examples = 293
2023-05-26 18:47:12.021 353:pos-tag                INFO     Batch size = 32
2023-05-26 18:47:18.793 399:pos-tag                INFO   ***** Eval results *****
2023-05-26 18:47:18.793 401:pos-tag                INFO     eval_acc = 0.3442
2023-05-26 18:47:18.793 401:pos-tag                INFO     eval_f1 = 0.0382
2023-05-26 18:47:18.793 401:pos-tag                INFO     eval_mcc = 0.2949
2023-05-26 18:47:18.794 401:pos-tag                INFO     eval_precision = 0.0575
2023-05-26 18:47:18.794 401:pos-tag                INFO     eval_recall = 0.0439
2023-05-26 18:47:18.794 293:pos-tag                INFO     ********************
2023-05-26 18:47:18.794 294:pos-tag                INFO     Best f1:0.0382
2023-05-26 18:47:18.794 295:pos-tag                INFO     ********************
2023-05-26 18:47:21.169 310:pos-tag                INFO   Saving model checkpoint to ./pos_res_java/random/saved_codet5models/1/layer_12/checkpoint-best-f1/model.bin
2023-05-26 18:47:21.170 315:pos-tag                INFO     ********************
2023-05-26 18:47:21.170 316:pos-tag                INFO     Best MCC:0.2949
2023-05-26 18:47:21.171 317:pos-tag                INFO     ********************
2023-05-26 18:47:23.494 332:pos-tag                INFO   Saving model checkpoint to ./pos_res_java/random/saved_codet5models/1/layer_12/checkpoint-best-mcc/model.bin
2023-05-26 18:47:25.097 351:pos-tag                INFO   ***** Running evaluation *****
2023-05-26 18:47:25.098 352:pos-tag                INFO     Num examples = 293
2023-05-26 18:47:25.098 353:pos-tag                INFO     Batch size = 32
2023-05-26 18:47:32.135 399:pos-tag                INFO   ***** Eval results *****
2023-05-26 18:47:32.136 401:pos-tag                INFO     eval_acc = 0.3762
2023-05-26 18:47:32.136 401:pos-tag                INFO     eval_f1 = 0.0421
2023-05-26 18:47:32.136 401:pos-tag                INFO     eval_mcc = 0.3293
2023-05-26 18:47:32.136 401:pos-tag                INFO     eval_precision = 0.0541
2023-05-26 18:47:32.136 401:pos-tag                INFO     eval_recall = 0.0508
2023-05-26 18:47:32.137 293:pos-tag                INFO     ********************
2023-05-26 18:47:32.137 294:pos-tag                INFO     Best f1:0.0421
2023-05-26 18:47:32.137 295:pos-tag                INFO     ********************
2023-05-26 18:47:34.550 310:pos-tag                INFO   Saving model checkpoint to ./pos_res_java/random/saved_codet5models/1/layer_12/checkpoint-best-f1/model.bin
2023-05-26 18:47:34.550 315:pos-tag                INFO     ********************
2023-05-26 18:47:34.550 316:pos-tag                INFO     Best MCC:0.3293
2023-05-26 18:47:34.550 317:pos-tag                INFO     ********************
2023-05-26 18:47:36.930 332:pos-tag                INFO   Saving model checkpoint to ./pos_res_java/random/saved_codet5models/1/layer_12/checkpoint-best-mcc/model.bin
2023-05-26 18:47:38.184 351:pos-tag                INFO   ***** Running evaluation *****
2023-05-26 18:47:38.185 352:pos-tag                INFO     Num examples = 293
2023-05-26 18:47:38.185 353:pos-tag                INFO     Batch size = 32
2023-05-26 18:47:44.994 399:pos-tag                INFO   ***** Eval results *****
2023-05-26 18:47:44.995 401:pos-tag                INFO     eval_acc = 0.405
2023-05-26 18:47:44.995 401:pos-tag                INFO     eval_f1 = 0.0601
2023-05-26 18:47:44.995 401:pos-tag                INFO     eval_mcc = 0.3731
2023-05-26 18:47:44.995 401:pos-tag                INFO     eval_precision = 0.0919
2023-05-26 18:47:44.996 401:pos-tag                INFO     eval_recall = 0.063
2023-05-26 18:47:44.996 293:pos-tag                INFO     ********************
2023-05-26 18:47:44.996 294:pos-tag                INFO     Best f1:0.0601
2023-05-26 18:47:44.996 295:pos-tag                INFO     ********************
2023-05-26 18:47:47.420 310:pos-tag                INFO   Saving model checkpoint to ./pos_res_java/random/saved_codet5models/1/layer_12/checkpoint-best-f1/model.bin
2023-05-26 18:47:47.421 315:pos-tag                INFO     ********************
2023-05-26 18:47:47.421 316:pos-tag                INFO     Best MCC:0.3731
2023-05-26 18:47:47.421 317:pos-tag                INFO     ********************
2023-05-26 18:47:49.809 332:pos-tag                INFO   Saving model checkpoint to ./pos_res_java/random/saved_codet5models/1/layer_12/checkpoint-best-mcc/model.bin
2023-05-26 18:47:51.436 351:pos-tag                INFO   ***** Running evaluation *****
2023-05-26 18:47:51.437 352:pos-tag                INFO     Num examples = 293
2023-05-26 18:47:51.437 353:pos-tag                INFO     Batch size = 32
2023-05-26 18:47:58.787 399:pos-tag                INFO   ***** Eval results *****
2023-05-26 18:47:58.788 401:pos-tag                INFO     eval_acc = 0.4618
2023-05-26 18:47:58.788 401:pos-tag                INFO     eval_f1 = 0.0988
2023-05-26 18:47:58.788 401:pos-tag                INFO     eval_mcc = 0.4322
2023-05-26 18:47:58.788 401:pos-tag                INFO     eval_precision = 0.136
2023-05-26 18:47:58.789 401:pos-tag                INFO     eval_recall = 0.0993
2023-05-26 18:47:58.789 293:pos-tag                INFO     ********************
2023-05-26 18:47:58.789 294:pos-tag                INFO     Best f1:0.0988
2023-05-26 18:47:58.789 295:pos-tag                INFO     ********************
2023-05-26 18:48:01.054 310:pos-tag                INFO   Saving model checkpoint to ./pos_res_java/random/saved_codet5models/1/layer_12/checkpoint-best-f1/model.bin
2023-05-26 18:48:01.055 315:pos-tag                INFO     ********************
2023-05-26 18:48:01.055 316:pos-tag                INFO     Best MCC:0.4322
2023-05-26 18:48:01.055 317:pos-tag                INFO     ********************
2023-05-26 18:48:03.455 332:pos-tag                INFO   Saving model checkpoint to ./pos_res_java/random/saved_codet5models/1/layer_12/checkpoint-best-mcc/model.bin
2023-05-26 18:48:05.050 351:pos-tag                INFO   ***** Running evaluation *****
2023-05-26 18:48:05.050 352:pos-tag                INFO     Num examples = 293
2023-05-26 18:48:05.050 353:pos-tag                INFO     Batch size = 32
2023-05-26 18:48:11.847 399:pos-tag                INFO   ***** Eval results *****
2023-05-26 18:48:11.847 401:pos-tag                INFO     eval_acc = 0.5206
2023-05-26 18:48:11.847 401:pos-tag                INFO     eval_f1 = 0.1223
2023-05-26 18:48:11.847 401:pos-tag                INFO     eval_mcc = 0.4839
2023-05-26 18:48:11.847 401:pos-tag                INFO     eval_precision = 0.153
2023-05-26 18:48:11.848 401:pos-tag                INFO     eval_recall = 0.1221
2023-05-26 18:48:11.848 293:pos-tag                INFO     ********************
2023-05-26 18:48:11.848 294:pos-tag                INFO     Best f1:0.1223
2023-05-26 18:48:11.848 295:pos-tag                INFO     ********************
2023-05-26 18:48:14.156 310:pos-tag                INFO   Saving model checkpoint to ./pos_res_java/random/saved_codet5models/1/layer_12/checkpoint-best-f1/model.bin
2023-05-26 18:48:14.157 315:pos-tag                INFO     ********************
2023-05-26 18:48:14.157 316:pos-tag                INFO     Best MCC:0.4839
2023-05-26 18:48:14.157 317:pos-tag                INFO     ********************
2023-05-26 18:48:16.487 332:pos-tag                INFO   Saving model checkpoint to ./pos_res_java/random/saved_codet5models/1/layer_12/checkpoint-best-mcc/model.bin
2023-05-26 18:48:18.083 351:pos-tag                INFO   ***** Running evaluation *****
2023-05-26 18:48:18.083 352:pos-tag                INFO     Num examples = 293
2023-05-26 18:48:18.084 353:pos-tag                INFO     Batch size = 32
2023-05-26 18:48:25.041 399:pos-tag                INFO   ***** Eval results *****
2023-05-26 18:48:25.041 401:pos-tag                INFO     eval_acc = 0.5329
2023-05-26 18:48:25.041 401:pos-tag                INFO     eval_f1 = 0.129
2023-05-26 18:48:25.042 401:pos-tag                INFO     eval_mcc = 0.5028
2023-05-26 18:48:25.042 401:pos-tag                INFO     eval_precision = 0.1599
2023-05-26 18:48:25.042 401:pos-tag                INFO     eval_recall = 0.1301
2023-05-26 18:48:25.042 293:pos-tag                INFO     ********************
2023-05-26 18:48:25.042 294:pos-tag                INFO     Best f1:0.129
2023-05-26 18:48:25.042 295:pos-tag                INFO     ********************
2023-05-26 18:48:27.332 310:pos-tag                INFO   Saving model checkpoint to ./pos_res_java/random/saved_codet5models/1/layer_12/checkpoint-best-f1/model.bin
2023-05-26 18:48:27.333 315:pos-tag                INFO     ********************
2023-05-26 18:48:27.333 316:pos-tag                INFO     Best MCC:0.5028
2023-05-26 18:48:27.333 317:pos-tag                INFO     ********************
2023-05-26 18:48:29.640 332:pos-tag                INFO   Saving model checkpoint to ./pos_res_java/random/saved_codet5models/1/layer_12/checkpoint-best-mcc/model.bin
2023-05-26 18:48:31.238 351:pos-tag                INFO   ***** Running evaluation *****
2023-05-26 18:48:31.238 352:pos-tag                INFO     Num examples = 293
2023-05-26 18:48:31.238 353:pos-tag                INFO     Batch size = 32
2023-05-26 18:48:38.009 399:pos-tag                INFO   ***** Eval results *****
2023-05-26 18:48:38.009 401:pos-tag                INFO     eval_acc = 0.5415
2023-05-26 18:48:38.009 401:pos-tag                INFO     eval_f1 = 0.1351
2023-05-26 18:48:38.009 401:pos-tag                INFO     eval_mcc = 0.5117
2023-05-26 18:48:38.010 401:pos-tag                INFO     eval_precision = 0.1877
2023-05-26 18:48:38.010 401:pos-tag                INFO     eval_recall = 0.136
2023-05-26 18:48:38.010 293:pos-tag                INFO     ********************
2023-05-26 18:48:38.010 294:pos-tag                INFO     Best f1:0.1351
2023-05-26 18:48:38.010 295:pos-tag                INFO     ********************
2023-05-26 18:48:40.279 310:pos-tag                INFO   Saving model checkpoint to ./pos_res_java/random/saved_codet5models/1/layer_12/checkpoint-best-f1/model.bin
2023-05-26 18:48:40.279 315:pos-tag                INFO     ********************
2023-05-26 18:48:40.280 316:pos-tag                INFO     Best MCC:0.5117
2023-05-26 18:48:40.280 317:pos-tag                INFO     ********************
2023-05-26 18:48:42.530 332:pos-tag                INFO   Saving model checkpoint to ./pos_res_java/random/saved_codet5models/1/layer_12/checkpoint-best-mcc/model.bin
2023-05-26 18:48:44.132 351:pos-tag                INFO   ***** Running evaluation *****
2023-05-26 18:48:44.133 352:pos-tag                INFO     Num examples = 293
2023-05-26 18:48:44.133 353:pos-tag                INFO     Batch size = 32
2023-05-26 18:48:50.884 399:pos-tag                INFO   ***** Eval results *****
2023-05-26 18:48:50.884 401:pos-tag                INFO     eval_acc = 0.5535
2023-05-26 18:48:50.884 401:pos-tag                INFO     eval_f1 = 0.1474
2023-05-26 18:48:50.885 401:pos-tag                INFO     eval_mcc = 0.5243
2023-05-26 18:48:50.885 401:pos-tag                INFO     eval_precision = 0.2028
2023-05-26 18:48:50.885 401:pos-tag                INFO     eval_recall = 0.1483
2023-05-26 18:48:50.885 293:pos-tag                INFO     ********************
2023-05-26 18:48:50.885 294:pos-tag                INFO     Best f1:0.1474
2023-05-26 18:48:50.885 295:pos-tag                INFO     ********************
2023-05-26 18:48:53.122 310:pos-tag                INFO   Saving model checkpoint to ./pos_res_java/random/saved_codet5models/1/layer_12/checkpoint-best-f1/model.bin
2023-05-26 18:48:53.122 315:pos-tag                INFO     ********************
2023-05-26 18:48:53.122 316:pos-tag                INFO     Best MCC:0.5243
2023-05-26 18:48:53.122 317:pos-tag                INFO     ********************
2023-05-26 18:48:55.441 332:pos-tag                INFO   Saving model checkpoint to ./pos_res_java/random/saved_codet5models/1/layer_12/checkpoint-best-mcc/model.bin
2023-05-26 18:48:57.027 351:pos-tag                INFO   ***** Running evaluation *****
2023-05-26 18:48:57.027 352:pos-tag                INFO     Num examples = 293
2023-05-26 18:48:57.028 353:pos-tag                INFO     Batch size = 32
2023-05-26 18:49:03.785 399:pos-tag                INFO   ***** Eval results *****
2023-05-26 18:49:03.786 401:pos-tag                INFO     eval_acc = 0.5675
2023-05-26 18:49:03.786 401:pos-tag                INFO     eval_f1 = 0.1526
2023-05-26 18:49:03.786 401:pos-tag                INFO     eval_mcc = 0.5381
2023-05-26 18:49:03.786 401:pos-tag                INFO     eval_precision = 0.1927
2023-05-26 18:49:03.786 401:pos-tag                INFO     eval_recall = 0.1533
2023-05-26 18:49:03.787 293:pos-tag                INFO     ********************
2023-05-26 18:49:03.787 294:pos-tag                INFO     Best f1:0.1526
2023-05-26 18:49:03.787 295:pos-tag                INFO     ********************
2023-05-26 18:49:06.055 310:pos-tag                INFO   Saving model checkpoint to ./pos_res_java/random/saved_codet5models/1/layer_12/checkpoint-best-f1/model.bin
2023-05-26 18:49:06.056 315:pos-tag                INFO     ********************
2023-05-26 18:49:06.056 316:pos-tag                INFO     Best MCC:0.5381
2023-05-26 18:49:06.056 317:pos-tag                INFO     ********************
2023-05-26 18:49:08.355 332:pos-tag                INFO   Saving model checkpoint to ./pos_res_java/random/saved_codet5models/1/layer_12/checkpoint-best-mcc/model.bin
2023-05-26 18:49:09.953 351:pos-tag                INFO   ***** Running evaluation *****
2023-05-26 18:49:09.954 352:pos-tag                INFO     Num examples = 293
2023-05-26 18:49:09.954 353:pos-tag                INFO     Batch size = 32
2023-05-26 18:49:16.770 399:pos-tag                INFO   ***** Eval results *****
2023-05-26 18:49:16.771 401:pos-tag                INFO     eval_acc = 0.5743
2023-05-26 18:49:16.771 401:pos-tag                INFO     eval_f1 = 0.1545
2023-05-26 18:49:16.771 401:pos-tag                INFO     eval_mcc = 0.5442
2023-05-26 18:49:16.771 401:pos-tag                INFO     eval_precision = 0.2039
2023-05-26 18:49:16.771 401:pos-tag                INFO     eval_recall = 0.1544
2023-05-26 18:49:16.771 293:pos-tag                INFO     ********************
2023-05-26 18:49:16.772 294:pos-tag                INFO     Best f1:0.1545
2023-05-26 18:49:16.772 295:pos-tag                INFO     ********************
2023-05-26 18:49:19.155 310:pos-tag                INFO   Saving model checkpoint to ./pos_res_java/random/saved_codet5models/1/layer_12/checkpoint-best-f1/model.bin
2023-05-26 18:49:19.155 315:pos-tag                INFO     ********************
2023-05-26 18:49:19.156 316:pos-tag                INFO     Best MCC:0.5442
2023-05-26 18:49:19.156 317:pos-tag                INFO     ********************
2023-05-26 18:49:21.464 332:pos-tag                INFO   Saving model checkpoint to ./pos_res_java/random/saved_codet5models/1/layer_12/checkpoint-best-mcc/model.bin
2023-05-26 18:49:23.086 351:pos-tag                INFO   ***** Running evaluation *****
2023-05-26 18:49:23.087 352:pos-tag                INFO     Num examples = 293
2023-05-26 18:49:23.087 353:pos-tag                INFO     Batch size = 32
2023-05-26 18:49:29.953 399:pos-tag                INFO   ***** Eval results *****
2023-05-26 18:49:29.954 401:pos-tag                INFO     eval_acc = 0.5755
2023-05-26 18:49:29.954 401:pos-tag                INFO     eval_f1 = 0.1589
2023-05-26 18:49:29.954 401:pos-tag                INFO     eval_mcc = 0.5459
2023-05-26 18:49:29.954 401:pos-tag                INFO     eval_precision = 0.215
2023-05-26 18:49:29.954 401:pos-tag                INFO     eval_recall = 0.1569
2023-05-26 18:49:29.955 293:pos-tag                INFO     ********************
2023-05-26 18:49:29.955 294:pos-tag                INFO     Best f1:0.1589
2023-05-26 18:49:29.955 295:pos-tag                INFO     ********************
2023-05-26 18:49:32.296 310:pos-tag                INFO   Saving model checkpoint to ./pos_res_java/random/saved_codet5models/1/layer_12/checkpoint-best-f1/model.bin
2023-05-26 18:49:32.296 315:pos-tag                INFO     ********************
2023-05-26 18:49:32.297 316:pos-tag                INFO     Best MCC:0.5459
2023-05-26 18:49:32.297 317:pos-tag                INFO     ********************
2023-05-26 18:49:34.666 332:pos-tag                INFO   Saving model checkpoint to ./pos_res_java/random/saved_codet5models/1/layer_12/checkpoint-best-mcc/model.bin
2023-05-26 18:49:36.274 351:pos-tag                INFO   ***** Running evaluation *****
2023-05-26 18:49:36.275 352:pos-tag                INFO     Num examples = 293
2023-05-26 18:49:36.275 353:pos-tag                INFO     Batch size = 32
2023-05-26 18:49:43.095 399:pos-tag                INFO   ***** Eval results *****
2023-05-26 18:49:43.096 401:pos-tag                INFO     eval_acc = 0.5791
2023-05-26 18:49:43.096 401:pos-tag                INFO     eval_f1 = 0.1639
2023-05-26 18:49:43.096 401:pos-tag                INFO     eval_mcc = 0.5503
2023-05-26 18:49:43.096 401:pos-tag                INFO     eval_precision = 0.2166
2023-05-26 18:49:43.096 401:pos-tag                INFO     eval_recall = 0.1612
2023-05-26 18:49:43.096 293:pos-tag                INFO     ********************
2023-05-26 18:49:43.096 294:pos-tag                INFO     Best f1:0.1639
2023-05-26 18:49:43.097 295:pos-tag                INFO     ********************
2023-05-26 18:49:45.312 310:pos-tag                INFO   Saving model checkpoint to ./pos_res_java/random/saved_codet5models/1/layer_12/checkpoint-best-f1/model.bin
2023-05-26 18:49:45.312 315:pos-tag                INFO     ********************
2023-05-26 18:49:45.312 316:pos-tag                INFO     Best MCC:0.5503
2023-05-26 18:49:45.313 317:pos-tag                INFO     ********************
2023-05-26 18:49:47.626 332:pos-tag                INFO   Saving model checkpoint to ./pos_res_java/random/saved_codet5models/1/layer_12/checkpoint-best-mcc/model.bin
2023-05-26 18:49:49.221 351:pos-tag                INFO   ***** Running evaluation *****
2023-05-26 18:49:49.221 352:pos-tag                INFO     Num examples = 293
2023-05-26 18:49:49.221 353:pos-tag                INFO     Batch size = 32
2023-05-26 18:49:55.978 399:pos-tag                INFO   ***** Eval results *****
2023-05-26 18:49:55.979 401:pos-tag                INFO     eval_acc = 0.5874
2023-05-26 18:49:55.979 401:pos-tag                INFO     eval_f1 = 0.1697
2023-05-26 18:49:55.979 401:pos-tag                INFO     eval_mcc = 0.5581
2023-05-26 18:49:55.979 401:pos-tag                INFO     eval_precision = 0.225
2023-05-26 18:49:55.979 401:pos-tag                INFO     eval_recall = 0.1671
2023-05-26 18:49:55.980 293:pos-tag                INFO     ********************
2023-05-26 18:49:55.980 294:pos-tag                INFO     Best f1:0.1697
2023-05-26 18:49:55.980 295:pos-tag                INFO     ********************
2023-05-26 18:49:58.267 310:pos-tag                INFO   Saving model checkpoint to ./pos_res_java/random/saved_codet5models/1/layer_12/checkpoint-best-f1/model.bin
2023-05-26 18:49:58.267 315:pos-tag                INFO     ********************
2023-05-26 18:49:58.267 316:pos-tag                INFO     Best MCC:0.5581
2023-05-26 18:49:58.267 317:pos-tag                INFO     ********************
2023-05-26 18:50:00.513 332:pos-tag                INFO   Saving model checkpoint to ./pos_res_java/random/saved_codet5models/1/layer_12/checkpoint-best-mcc/model.bin
2023-05-26 18:50:02.103 351:pos-tag                INFO   ***** Running evaluation *****
2023-05-26 18:50:02.103 352:pos-tag                INFO     Num examples = 293
2023-05-26 18:50:02.103 353:pos-tag                INFO     Batch size = 32
2023-05-26 18:50:08.846 399:pos-tag                INFO   ***** Eval results *****
2023-05-26 18:50:08.846 401:pos-tag                INFO     eval_acc = 0.593
2023-05-26 18:50:08.846 401:pos-tag                INFO     eval_f1 = 0.1814
2023-05-26 18:50:08.847 401:pos-tag                INFO     eval_mcc = 0.5642
2023-05-26 18:50:08.847 401:pos-tag                INFO     eval_precision = 0.2572
2023-05-26 18:50:08.847 401:pos-tag                INFO     eval_recall = 0.1764
2023-05-26 18:50:08.847 293:pos-tag                INFO     ********************
2023-05-26 18:50:08.847 294:pos-tag                INFO     Best f1:0.1814
2023-05-26 18:50:08.847 295:pos-tag                INFO     ********************
2023-05-26 18:50:11.048 310:pos-tag                INFO   Saving model checkpoint to ./pos_res_java/random/saved_codet5models/1/layer_12/checkpoint-best-f1/model.bin
2023-05-26 18:50:11.049 315:pos-tag                INFO     ********************
2023-05-26 18:50:11.049 316:pos-tag                INFO     Best MCC:0.5642
2023-05-26 18:50:11.049 317:pos-tag                INFO     ********************
2023-05-26 18:50:13.251 332:pos-tag                INFO   Saving model checkpoint to ./pos_res_java/random/saved_codet5models/1/layer_12/checkpoint-best-mcc/model.bin
2023-05-26 18:50:14.835 351:pos-tag                INFO   ***** Running evaluation *****
2023-05-26 18:50:14.835 352:pos-tag                INFO     Num examples = 293
2023-05-26 18:50:14.836 353:pos-tag                INFO     Batch size = 32
2023-05-26 18:50:21.615 399:pos-tag                INFO   ***** Eval results *****
2023-05-26 18:50:21.615 401:pos-tag                INFO     eval_acc = 0.5928
2023-05-26 18:50:21.616 401:pos-tag                INFO     eval_f1 = 0.1863
2023-05-26 18:50:21.616 401:pos-tag                INFO     eval_mcc = 0.5641
2023-05-26 18:50:21.616 401:pos-tag                INFO     eval_precision = 0.2611
2023-05-26 18:50:21.616 401:pos-tag                INFO     eval_recall = 0.1807
2023-05-26 18:50:21.616 293:pos-tag                INFO     ********************
2023-05-26 18:50:21.616 294:pos-tag                INFO     Best f1:0.1863
2023-05-26 18:50:21.616 295:pos-tag                INFO     ********************
2023-05-26 18:50:23.793 310:pos-tag                INFO   Saving model checkpoint to ./pos_res_java/random/saved_codet5models/1/layer_12/checkpoint-best-f1/model.bin
2023-05-26 18:50:25.381 351:pos-tag                INFO   ***** Running evaluation *****
2023-05-26 18:50:25.381 352:pos-tag                INFO     Num examples = 293
2023-05-26 18:50:25.382 353:pos-tag                INFO     Batch size = 32
2023-05-26 18:50:32.158 399:pos-tag                INFO   ***** Eval results *****
2023-05-26 18:50:32.158 401:pos-tag                INFO     eval_acc = 0.5938
2023-05-26 18:50:32.158 401:pos-tag                INFO     eval_f1 = 0.1992
2023-05-26 18:50:32.158 401:pos-tag                INFO     eval_mcc = 0.5653
2023-05-26 18:50:32.158 401:pos-tag                INFO     eval_precision = 0.291
2023-05-26 18:50:32.159 401:pos-tag                INFO     eval_recall = 0.1906
2023-05-26 18:50:32.159 293:pos-tag                INFO     ********************
2023-05-26 18:50:32.159 294:pos-tag                INFO     Best f1:0.1992
2023-05-26 18:50:32.159 295:pos-tag                INFO     ********************
2023-05-26 18:50:34.341 310:pos-tag                INFO   Saving model checkpoint to ./pos_res_java/random/saved_codet5models/1/layer_12/checkpoint-best-f1/model.bin
2023-05-26 18:50:34.341 315:pos-tag                INFO     ********************
2023-05-26 18:50:34.341 316:pos-tag                INFO     Best MCC:0.5653
2023-05-26 18:50:34.342 317:pos-tag                INFO     ********************
2023-05-26 18:50:36.628 332:pos-tag                INFO   Saving model checkpoint to ./pos_res_java/random/saved_codet5models/1/layer_12/checkpoint-best-mcc/model.bin
2023-05-26 18:50:37.840 351:pos-tag                INFO   ***** Running evaluation *****
2023-05-26 18:50:37.841 352:pos-tag                INFO     Num examples = 293
2023-05-26 18:50:37.841 353:pos-tag                INFO     Batch size = 32
2023-05-26 18:50:44.606 399:pos-tag                INFO   ***** Eval results *****
2023-05-26 18:50:44.606 401:pos-tag                INFO     eval_acc = 0.595
2023-05-26 18:50:44.607 401:pos-tag                INFO     eval_f1 = 0.2087
2023-05-26 18:50:44.607 401:pos-tag                INFO     eval_mcc = 0.5669
2023-05-26 18:50:44.607 401:pos-tag                INFO     eval_precision = 0.2997
2023-05-26 18:50:44.607 401:pos-tag                INFO     eval_recall = 0.2004
2023-05-26 18:50:44.607 293:pos-tag                INFO     ********************
2023-05-26 18:50:44.607 294:pos-tag                INFO     Best f1:0.2087
2023-05-26 18:50:44.607 295:pos-tag                INFO     ********************
2023-05-26 18:50:46.815 310:pos-tag                INFO   Saving model checkpoint to ./pos_res_java/random/saved_codet5models/1/layer_12/checkpoint-best-f1/model.bin
2023-05-26 18:50:46.815 315:pos-tag                INFO     ********************
2023-05-26 18:50:46.815 316:pos-tag                INFO     Best MCC:0.5669
2023-05-26 18:50:46.816 317:pos-tag                INFO     ********************
2023-05-26 18:50:49.020 332:pos-tag                INFO   Saving model checkpoint to ./pos_res_java/random/saved_codet5models/1/layer_12/checkpoint-best-mcc/model.bin
2023-05-26 18:50:50.596 351:pos-tag                INFO   ***** Running evaluation *****
2023-05-26 18:50:50.597 352:pos-tag                INFO     Num examples = 293
2023-05-26 18:50:50.597 353:pos-tag                INFO     Batch size = 32
2023-05-26 18:50:57.351 399:pos-tag                INFO   ***** Eval results *****
2023-05-26 18:50:57.352 401:pos-tag                INFO     eval_acc = 0.6024
2023-05-26 18:50:57.352 401:pos-tag                INFO     eval_f1 = 0.2168
2023-05-26 18:50:57.352 401:pos-tag                INFO     eval_mcc = 0.5746
2023-05-26 18:50:57.352 401:pos-tag                INFO     eval_precision = 0.309
2023-05-26 18:50:57.352 401:pos-tag                INFO     eval_recall = 0.2054
2023-05-26 18:50:57.352 293:pos-tag                INFO     ********************
2023-05-26 18:50:57.352 294:pos-tag                INFO     Best f1:0.2168
2023-05-26 18:50:57.353 295:pos-tag                INFO     ********************
2023-05-26 18:50:59.588 310:pos-tag                INFO   Saving model checkpoint to ./pos_res_java/random/saved_codet5models/1/layer_12/checkpoint-best-f1/model.bin
2023-05-26 18:50:59.588 315:pos-tag                INFO     ********************
2023-05-26 18:50:59.588 316:pos-tag                INFO     Best MCC:0.5746
2023-05-26 18:50:59.589 317:pos-tag                INFO     ********************
2023-05-26 18:51:01.829 332:pos-tag                INFO   Saving model checkpoint to ./pos_res_java/random/saved_codet5models/1/layer_12/checkpoint-best-mcc/model.bin
2023-05-26 18:51:03.426 351:pos-tag                INFO   ***** Running evaluation *****
2023-05-26 18:51:03.427 352:pos-tag                INFO     Num examples = 293
2023-05-26 18:51:03.427 353:pos-tag                INFO     Batch size = 32
2023-05-26 18:51:10.196 399:pos-tag                INFO   ***** Eval results *****
2023-05-26 18:51:10.196 401:pos-tag                INFO     eval_acc = 0.6055
2023-05-26 18:51:10.196 401:pos-tag                INFO     eval_f1 = 0.2184
2023-05-26 18:51:10.196 401:pos-tag                INFO     eval_mcc = 0.5783
2023-05-26 18:51:10.197 401:pos-tag                INFO     eval_precision = 0.3131
2023-05-26 18:51:10.197 401:pos-tag                INFO     eval_recall = 0.2056
2023-05-26 18:51:10.197 293:pos-tag                INFO     ********************
2023-05-26 18:51:10.197 294:pos-tag                INFO     Best f1:0.2184
2023-05-26 18:51:10.197 295:pos-tag                INFO     ********************
2023-05-26 18:51:12.476 310:pos-tag                INFO   Saving model checkpoint to ./pos_res_java/random/saved_codet5models/1/layer_12/checkpoint-best-f1/model.bin
2023-05-26 18:51:12.476 315:pos-tag                INFO     ********************
2023-05-26 18:51:12.477 316:pos-tag                INFO     Best MCC:0.5783
2023-05-26 18:51:12.477 317:pos-tag                INFO     ********************
2023-05-26 18:51:14.768 332:pos-tag                INFO   Saving model checkpoint to ./pos_res_java/random/saved_codet5models/1/layer_12/checkpoint-best-mcc/model.bin
2023-05-26 18:51:16.383 351:pos-tag                INFO   ***** Running evaluation *****
2023-05-26 18:51:16.383 352:pos-tag                INFO     Num examples = 293
2023-05-26 18:51:16.383 353:pos-tag                INFO     Batch size = 32
2023-05-26 18:51:23.234 399:pos-tag                INFO   ***** Eval results *****
2023-05-26 18:51:23.234 401:pos-tag                INFO     eval_acc = 0.6079
2023-05-26 18:51:23.234 401:pos-tag                INFO     eval_f1 = 0.2218
2023-05-26 18:51:23.235 401:pos-tag                INFO     eval_mcc = 0.5808
2023-05-26 18:51:23.235 401:pos-tag                INFO     eval_precision = 0.3069
2023-05-26 18:51:23.235 401:pos-tag                INFO     eval_recall = 0.2081
2023-05-26 18:51:23.235 293:pos-tag                INFO     ********************
2023-05-26 18:51:23.235 294:pos-tag                INFO     Best f1:0.2218
2023-05-26 18:51:23.235 295:pos-tag                INFO     ********************
2023-05-26 18:51:25.478 310:pos-tag                INFO   Saving model checkpoint to ./pos_res_java/random/saved_codet5models/1/layer_12/checkpoint-best-f1/model.bin
2023-05-26 18:51:25.478 315:pos-tag                INFO     ********************
2023-05-26 18:51:25.479 316:pos-tag                INFO     Best MCC:0.5808
2023-05-26 18:51:25.479 317:pos-tag                INFO     ********************
2023-05-26 18:51:27.814 332:pos-tag                INFO   Saving model checkpoint to ./pos_res_java/random/saved_codet5models/1/layer_12/checkpoint-best-mcc/model.bin
2023-05-26 18:51:29.441 351:pos-tag                INFO   ***** Running evaluation *****
2023-05-26 18:51:29.441 352:pos-tag                INFO     Num examples = 293
2023-05-26 18:51:29.441 353:pos-tag                INFO     Batch size = 32
2023-05-26 18:51:36.270 399:pos-tag                INFO   ***** Eval results *****
2023-05-26 18:51:36.270 401:pos-tag                INFO     eval_acc = 0.6083
2023-05-26 18:51:36.270 401:pos-tag                INFO     eval_f1 = 0.2252
2023-05-26 18:51:36.271 401:pos-tag                INFO     eval_mcc = 0.5812
2023-05-26 18:51:36.271 401:pos-tag                INFO     eval_precision = 0.3021
2023-05-26 18:51:36.271 401:pos-tag                INFO     eval_recall = 0.2108
2023-05-26 18:51:36.271 293:pos-tag                INFO     ********************
2023-05-26 18:51:36.271 294:pos-tag                INFO     Best f1:0.2252
2023-05-26 18:51:36.271 295:pos-tag                INFO     ********************
2023-05-26 18:51:38.594 310:pos-tag                INFO   Saving model checkpoint to ./pos_res_java/random/saved_codet5models/1/layer_12/checkpoint-best-f1/model.bin
2023-05-26 18:51:38.595 315:pos-tag                INFO     ********************
2023-05-26 18:51:38.595 316:pos-tag                INFO     Best MCC:0.5812
2023-05-26 18:51:38.596 317:pos-tag                INFO     ********************
2023-05-26 18:51:40.932 332:pos-tag                INFO   Saving model checkpoint to ./pos_res_java/random/saved_codet5models/1/layer_12/checkpoint-best-mcc/model.bin
2023-05-26 18:51:42.561 351:pos-tag                INFO   ***** Running evaluation *****
2023-05-26 18:51:42.562 352:pos-tag                INFO     Num examples = 293
2023-05-26 18:51:42.562 353:pos-tag                INFO     Batch size = 32
2023-05-26 18:51:49.521 399:pos-tag                INFO   ***** Eval results *****
2023-05-26 18:51:49.521 401:pos-tag                INFO     eval_acc = 0.6085
2023-05-26 18:51:49.521 401:pos-tag                INFO     eval_f1 = 0.2294
2023-05-26 18:51:49.521 401:pos-tag                INFO     eval_mcc = 0.5815
2023-05-26 18:51:49.522 401:pos-tag                INFO     eval_precision = 0.3086
2023-05-26 18:51:49.522 401:pos-tag                INFO     eval_recall = 0.2146
2023-05-26 18:51:49.522 293:pos-tag                INFO     ********************
2023-05-26 18:51:49.522 294:pos-tag                INFO     Best f1:0.2294
2023-05-26 18:51:49.522 295:pos-tag                INFO     ********************
2023-05-26 18:51:51.805 310:pos-tag                INFO   Saving model checkpoint to ./pos_res_java/random/saved_codet5models/1/layer_12/checkpoint-best-f1/model.bin
2023-05-26 18:51:51.806 315:pos-tag                INFO     ********************
2023-05-26 18:51:51.806 316:pos-tag                INFO     Best MCC:0.5815
2023-05-26 18:51:51.806 317:pos-tag                INFO     ********************
2023-05-26 18:51:54.103 332:pos-tag                INFO   Saving model checkpoint to ./pos_res_java/random/saved_codet5models/1/layer_12/checkpoint-best-mcc/model.bin
2023-05-26 18:51:55.706 351:pos-tag                INFO   ***** Running evaluation *****
2023-05-26 18:51:55.707 352:pos-tag                INFO     Num examples = 293
2023-05-26 18:51:55.707 353:pos-tag                INFO     Batch size = 32
2023-05-26 18:52:02.513 399:pos-tag                INFO   ***** Eval results *****
2023-05-26 18:52:02.514 401:pos-tag                INFO     eval_acc = 0.6097
2023-05-26 18:52:02.514 401:pos-tag                INFO     eval_f1 = 0.2353
2023-05-26 18:52:02.514 401:pos-tag                INFO     eval_mcc = 0.5823
2023-05-26 18:52:02.514 401:pos-tag                INFO     eval_precision = 0.3119
2023-05-26 18:52:02.514 401:pos-tag                INFO     eval_recall = 0.22
2023-05-26 18:52:02.514 293:pos-tag                INFO     ********************
2023-05-26 18:52:02.515 294:pos-tag                INFO     Best f1:0.2353
2023-05-26 18:52:02.515 295:pos-tag                INFO     ********************
2023-05-26 18:52:04.796 310:pos-tag                INFO   Saving model checkpoint to ./pos_res_java/random/saved_codet5models/1/layer_12/checkpoint-best-f1/model.bin
2023-05-26 18:52:04.797 315:pos-tag                INFO     ********************
2023-05-26 18:52:04.797 316:pos-tag                INFO     Best MCC:0.5823
2023-05-26 18:52:04.797 317:pos-tag                INFO     ********************
2023-05-26 18:52:07.161 332:pos-tag                INFO   Saving model checkpoint to ./pos_res_java/random/saved_codet5models/1/layer_12/checkpoint-best-mcc/model.bin
2023-05-26 18:52:08.777 351:pos-tag                INFO   ***** Running evaluation *****
2023-05-26 18:52:08.777 352:pos-tag                INFO     Num examples = 293
2023-05-26 18:52:08.777 353:pos-tag                INFO     Batch size = 32
2023-05-26 18:52:15.645 399:pos-tag                INFO   ***** Eval results *****
2023-05-26 18:52:15.646 401:pos-tag                INFO     eval_acc = 0.6111
2023-05-26 18:52:15.646 401:pos-tag                INFO     eval_f1 = 0.236
2023-05-26 18:52:15.646 401:pos-tag                INFO     eval_mcc = 0.5838
2023-05-26 18:52:15.646 401:pos-tag                INFO     eval_precision = 0.3144
2023-05-26 18:52:15.646 401:pos-tag                INFO     eval_recall = 0.2217
2023-05-26 18:52:15.646 293:pos-tag                INFO     ********************
2023-05-26 18:52:15.646 294:pos-tag                INFO     Best f1:0.236
2023-05-26 18:52:15.647 295:pos-tag                INFO     ********************
2023-05-26 18:52:17.924 310:pos-tag                INFO   Saving model checkpoint to ./pos_res_java/random/saved_codet5models/1/layer_12/checkpoint-best-f1/model.bin
2023-05-26 18:52:17.925 315:pos-tag                INFO     ********************
2023-05-26 18:52:17.925 316:pos-tag                INFO     Best MCC:0.5838
2023-05-26 18:52:17.925 317:pos-tag                INFO     ********************
2023-05-26 18:52:20.205 332:pos-tag                INFO   Saving model checkpoint to ./pos_res_java/random/saved_codet5models/1/layer_12/checkpoint-best-mcc/model.bin
2023-05-26 18:52:21.814 351:pos-tag                INFO   ***** Running evaluation *****
2023-05-26 18:52:21.814 352:pos-tag                INFO     Num examples = 293
2023-05-26 18:52:21.815 353:pos-tag                INFO     Batch size = 32
2023-05-26 18:52:28.735 399:pos-tag                INFO   ***** Eval results *****
2023-05-26 18:52:28.736 401:pos-tag                INFO     eval_acc = 0.6131
2023-05-26 18:52:28.736 401:pos-tag                INFO     eval_f1 = 0.2409
2023-05-26 18:52:28.736 401:pos-tag                INFO     eval_mcc = 0.5857
2023-05-26 18:52:28.736 401:pos-tag                INFO     eval_precision = 0.3228
2023-05-26 18:52:28.737 401:pos-tag                INFO     eval_recall = 0.2257
2023-05-26 18:52:28.737 293:pos-tag                INFO     ********************
2023-05-26 18:52:28.737 294:pos-tag                INFO     Best f1:0.2409
2023-05-26 18:52:28.737 295:pos-tag                INFO     ********************
2023-05-26 18:52:31.010 310:pos-tag                INFO   Saving model checkpoint to ./pos_res_java/random/saved_codet5models/1/layer_12/checkpoint-best-f1/model.bin
2023-05-26 18:52:31.011 315:pos-tag                INFO     ********************
2023-05-26 18:52:31.011 316:pos-tag                INFO     Best MCC:0.5857
2023-05-26 18:52:31.011 317:pos-tag                INFO     ********************
2023-05-26 18:52:33.437 332:pos-tag                INFO   Saving model checkpoint to ./pos_res_java/random/saved_codet5models/1/layer_12/checkpoint-best-mcc/model.bin
2023-05-26 18:52:35.043 351:pos-tag                INFO   ***** Running evaluation *****
2023-05-26 18:52:35.043 352:pos-tag                INFO     Num examples = 293
2023-05-26 18:52:35.043 353:pos-tag                INFO     Batch size = 32
2023-05-26 18:52:41.938 399:pos-tag                INFO   ***** Eval results *****
2023-05-26 18:52:41.939 401:pos-tag                INFO     eval_acc = 0.6147
2023-05-26 18:52:41.939 401:pos-tag                INFO     eval_f1 = 0.2434
2023-05-26 18:52:41.939 401:pos-tag                INFO     eval_mcc = 0.5875
2023-05-26 18:52:41.939 401:pos-tag                INFO     eval_precision = 0.3203
2023-05-26 18:52:41.939 401:pos-tag                INFO     eval_recall = 0.2288
2023-05-26 18:52:41.940 293:pos-tag                INFO     ********************
2023-05-26 18:52:41.940 294:pos-tag                INFO     Best f1:0.2434
2023-05-26 18:52:41.940 295:pos-tag                INFO     ********************
2023-05-26 18:52:44.195 310:pos-tag                INFO   Saving model checkpoint to ./pos_res_java/random/saved_codet5models/1/layer_12/checkpoint-best-f1/model.bin
2023-05-26 18:52:44.196 315:pos-tag                INFO     ********************
2023-05-26 18:52:44.196 316:pos-tag                INFO     Best MCC:0.5875
2023-05-26 18:52:44.196 317:pos-tag                INFO     ********************
2023-05-26 18:52:46.480 332:pos-tag                INFO   Saving model checkpoint to ./pos_res_java/random/saved_codet5models/1/layer_12/checkpoint-best-mcc/model.bin
2023-05-26 18:52:48.067 351:pos-tag                INFO   ***** Running evaluation *****
2023-05-26 18:52:48.067 352:pos-tag                INFO     Num examples = 293
2023-05-26 18:52:48.067 353:pos-tag                INFO     Batch size = 32
2023-05-26 18:52:54.885 399:pos-tag                INFO   ***** Eval results *****
2023-05-26 18:52:54.885 401:pos-tag                INFO     eval_acc = 0.6151
2023-05-26 18:52:54.885 401:pos-tag                INFO     eval_f1 = 0.2442
2023-05-26 18:52:54.886 401:pos-tag                INFO     eval_mcc = 0.5881
2023-05-26 18:52:54.886 401:pos-tag                INFO     eval_precision = 0.3229
2023-05-26 18:52:54.886 401:pos-tag                INFO     eval_recall = 0.2293
2023-05-26 18:52:54.886 293:pos-tag                INFO     ********************
2023-05-26 18:52:54.886 294:pos-tag                INFO     Best f1:0.2442
2023-05-26 18:52:54.886 295:pos-tag                INFO     ********************
2023-05-26 18:52:57.120 310:pos-tag                INFO   Saving model checkpoint to ./pos_res_java/random/saved_codet5models/1/layer_12/checkpoint-best-f1/model.bin
2023-05-26 18:52:57.121 315:pos-tag                INFO     ********************
2023-05-26 18:52:57.121 316:pos-tag                INFO     Best MCC:0.5881
2023-05-26 18:52:57.121 317:pos-tag                INFO     ********************
2023-05-26 18:52:59.389 332:pos-tag                INFO   Saving model checkpoint to ./pos_res_java/random/saved_codet5models/1/layer_12/checkpoint-best-mcc/model.bin
2023-05-26 18:53:00.990 351:pos-tag                INFO   ***** Running evaluation *****
2023-05-26 18:53:00.991 352:pos-tag                INFO     Num examples = 293
2023-05-26 18:53:00.991 353:pos-tag                INFO     Batch size = 32
2023-05-26 18:53:07.799 399:pos-tag                INFO   ***** Eval results *****
2023-05-26 18:53:07.800 401:pos-tag                INFO     eval_acc = 0.6151
2023-05-26 18:53:07.800 401:pos-tag                INFO     eval_f1 = 0.2466
2023-05-26 18:53:07.800 401:pos-tag                INFO     eval_mcc = 0.5884
2023-05-26 18:53:07.800 401:pos-tag                INFO     eval_precision = 0.3267
2023-05-26 18:53:07.800 401:pos-tag                INFO     eval_recall = 0.2306
2023-05-26 18:53:07.801 293:pos-tag                INFO     ********************
2023-05-26 18:53:07.801 294:pos-tag                INFO     Best f1:0.2466
2023-05-26 18:53:07.801 295:pos-tag                INFO     ********************
2023-05-26 18:53:10.110 310:pos-tag                INFO   Saving model checkpoint to ./pos_res_java/random/saved_codet5models/1/layer_12/checkpoint-best-f1/model.bin
2023-05-26 18:53:10.110 315:pos-tag                INFO     ********************
2023-05-26 18:53:10.110 316:pos-tag                INFO     Best MCC:0.5884
2023-05-26 18:53:10.111 317:pos-tag                INFO     ********************
2023-05-26 18:53:12.408 332:pos-tag                INFO   Saving model checkpoint to ./pos_res_java/random/saved_codet5models/1/layer_12/checkpoint-best-mcc/model.bin
2023-05-26 18:53:14.006 351:pos-tag                INFO   ***** Running evaluation *****
2023-05-26 18:53:14.006 352:pos-tag                INFO     Num examples = 293
2023-05-26 18:53:14.007 353:pos-tag                INFO     Batch size = 32
2023-05-26 18:53:20.768 399:pos-tag                INFO   ***** Eval results *****
2023-05-26 18:53:20.769 401:pos-tag                INFO     eval_acc = 0.6154
2023-05-26 18:53:20.769 401:pos-tag                INFO     eval_f1 = 0.2549
2023-05-26 18:53:20.769 401:pos-tag                INFO     eval_mcc = 0.5889
2023-05-26 18:53:20.769 401:pos-tag                INFO     eval_precision = 0.341
2023-05-26 18:53:20.769 401:pos-tag                INFO     eval_recall = 0.2385
2023-05-26 18:53:20.770 293:pos-tag                INFO     ********************
2023-05-26 18:53:20.770 294:pos-tag                INFO     Best f1:0.2549
2023-05-26 18:53:20.770 295:pos-tag                INFO     ********************
2023-05-26 18:53:23.020 310:pos-tag                INFO   Saving model checkpoint to ./pos_res_java/random/saved_codet5models/1/layer_12/checkpoint-best-f1/model.bin
2023-05-26 18:53:23.021 315:pos-tag                INFO     ********************
2023-05-26 18:53:23.021 316:pos-tag                INFO     Best MCC:0.5889
2023-05-26 18:53:23.021 317:pos-tag                INFO     ********************
2023-05-26 18:53:25.382 332:pos-tag                INFO   Saving model checkpoint to ./pos_res_java/random/saved_codet5models/1/layer_12/checkpoint-best-mcc/model.bin
2023-05-26 18:53:26.981 351:pos-tag                INFO   ***** Running evaluation *****
2023-05-26 18:53:26.981 352:pos-tag                INFO     Num examples = 293
2023-05-26 18:53:26.982 353:pos-tag                INFO     Batch size = 32
2023-05-26 18:53:33.758 399:pos-tag                INFO   ***** Eval results *****
2023-05-26 18:53:33.759 401:pos-tag                INFO     eval_acc = 0.6145
2023-05-26 18:53:33.759 401:pos-tag                INFO     eval_f1 = 0.2553
2023-05-26 18:53:33.759 401:pos-tag                INFO     eval_mcc = 0.5883
2023-05-26 18:53:33.759 401:pos-tag                INFO     eval_precision = 0.3363
2023-05-26 18:53:33.759 401:pos-tag                INFO     eval_recall = 0.2411
2023-05-26 18:53:33.759 293:pos-tag                INFO     ********************
2023-05-26 18:53:33.759 294:pos-tag                INFO     Best f1:0.2553
2023-05-26 18:53:33.759 295:pos-tag                INFO     ********************
2023-05-26 18:53:36.014 310:pos-tag                INFO   Saving model checkpoint to ./pos_res_java/random/saved_codet5models/1/layer_12/checkpoint-best-f1/model.bin
2023-05-26 18:53:37.237 351:pos-tag                INFO   ***** Running evaluation *****
2023-05-26 18:53:37.238 352:pos-tag                INFO     Num examples = 293
2023-05-26 18:53:37.238 353:pos-tag                INFO     Batch size = 32
2023-05-26 18:53:44.521 399:pos-tag                INFO   ***** Eval results *****
2023-05-26 18:53:44.522 401:pos-tag                INFO     eval_acc = 0.6177
2023-05-26 18:53:44.522 401:pos-tag                INFO     eval_f1 = 0.2576
2023-05-26 18:53:44.522 401:pos-tag                INFO     eval_mcc = 0.5915
2023-05-26 18:53:44.522 401:pos-tag                INFO     eval_precision = 0.347
2023-05-26 18:53:44.523 401:pos-tag                INFO     eval_recall = 0.2424
2023-05-26 18:53:44.523 293:pos-tag                INFO     ********************
2023-05-26 18:53:44.523 294:pos-tag                INFO     Best f1:0.2576
2023-05-26 18:53:44.523 295:pos-tag                INFO     ********************
2023-05-26 18:53:46.811 310:pos-tag                INFO   Saving model checkpoint to ./pos_res_java/random/saved_codet5models/1/layer_12/checkpoint-best-f1/model.bin
2023-05-26 18:53:46.811 315:pos-tag                INFO     ********************
2023-05-26 18:53:46.811 316:pos-tag                INFO     Best MCC:0.5915
2023-05-26 18:53:46.812 317:pos-tag                INFO     ********************
2023-05-26 18:53:49.267 332:pos-tag                INFO   Saving model checkpoint to ./pos_res_java/random/saved_codet5models/1/layer_12/checkpoint-best-mcc/model.bin
2023-05-26 18:53:50.870 351:pos-tag                INFO   ***** Running evaluation *****
2023-05-26 18:53:50.871 352:pos-tag                INFO     Num examples = 293
2023-05-26 18:53:50.871 353:pos-tag                INFO     Batch size = 32
2023-05-26 18:53:57.633 399:pos-tag                INFO   ***** Eval results *****
2023-05-26 18:53:57.634 401:pos-tag                INFO     eval_acc = 0.6206
2023-05-26 18:53:57.634 401:pos-tag                INFO     eval_f1 = 0.2645
2023-05-26 18:53:57.634 401:pos-tag                INFO     eval_mcc = 0.5943
2023-05-26 18:53:57.634 401:pos-tag                INFO     eval_precision = 0.3588
2023-05-26 18:53:57.634 401:pos-tag                INFO     eval_recall = 0.2458
2023-05-26 18:53:57.634 293:pos-tag                INFO     ********************
2023-05-26 18:53:57.635 294:pos-tag                INFO     Best f1:0.2645
2023-05-26 18:53:57.635 295:pos-tag                INFO     ********************
2023-05-26 18:53:59.978 310:pos-tag                INFO   Saving model checkpoint to ./pos_res_java/random/saved_codet5models/1/layer_12/checkpoint-best-f1/model.bin
2023-05-26 18:53:59.979 315:pos-tag                INFO     ********************
2023-05-26 18:53:59.979 316:pos-tag                INFO     Best MCC:0.5943
2023-05-26 18:53:59.979 317:pos-tag                INFO     ********************
2023-05-26 18:54:02.411 332:pos-tag                INFO   Saving model checkpoint to ./pos_res_java/random/saved_codet5models/1/layer_12/checkpoint-best-mcc/model.bin
2023-05-26 18:54:04.046 351:pos-tag                INFO   ***** Running evaluation *****
2023-05-26 18:54:04.046 352:pos-tag                INFO     Num examples = 293
2023-05-26 18:54:04.046 353:pos-tag                INFO     Batch size = 32
2023-05-26 18:54:10.887 399:pos-tag                INFO   ***** Eval results *****
2023-05-26 18:54:10.887 401:pos-tag                INFO     eval_acc = 0.6214
2023-05-26 18:54:10.888 401:pos-tag                INFO     eval_f1 = 0.2652
2023-05-26 18:54:10.888 401:pos-tag                INFO     eval_mcc = 0.5949
2023-05-26 18:54:10.888 401:pos-tag                INFO     eval_precision = 0.3665
2023-05-26 18:54:10.888 401:pos-tag                INFO     eval_recall = 0.2462
2023-05-26 18:54:10.888 293:pos-tag                INFO     ********************
2023-05-26 18:54:10.888 294:pos-tag                INFO     Best f1:0.2652
2023-05-26 18:54:10.888 295:pos-tag                INFO     ********************
2023-05-26 18:54:13.186 310:pos-tag                INFO   Saving model checkpoint to ./pos_res_java/random/saved_codet5models/1/layer_12/checkpoint-best-f1/model.bin
2023-05-26 18:54:13.187 315:pos-tag                INFO     ********************
2023-05-26 18:54:13.187 316:pos-tag                INFO     Best MCC:0.5949
2023-05-26 18:54:13.187 317:pos-tag                INFO     ********************
2023-05-26 18:54:15.593 332:pos-tag                INFO   Saving model checkpoint to ./pos_res_java/random/saved_codet5models/1/layer_12/checkpoint-best-mcc/model.bin
2023-05-26 18:54:17.209 351:pos-tag                INFO   ***** Running evaluation *****
2023-05-26 18:54:17.209 352:pos-tag                INFO     Num examples = 293
2023-05-26 18:54:17.209 353:pos-tag                INFO     Batch size = 32
2023-05-26 18:54:24.458 399:pos-tag                INFO   ***** Eval results *****
2023-05-26 18:54:24.459 401:pos-tag                INFO     eval_acc = 0.62
2023-05-26 18:54:24.459 401:pos-tag                INFO     eval_f1 = 0.2657
2023-05-26 18:54:24.459 401:pos-tag                INFO     eval_mcc = 0.5929
2023-05-26 18:54:24.459 401:pos-tag                INFO     eval_precision = 0.3621
2023-05-26 18:54:24.459 401:pos-tag                INFO     eval_recall = 0.2478
2023-05-26 18:54:24.460 293:pos-tag                INFO     ********************
2023-05-26 18:54:24.460 294:pos-tag                INFO     Best f1:0.2657
2023-05-26 18:54:24.460 295:pos-tag                INFO     ********************
2023-05-26 18:54:26.757 310:pos-tag                INFO   Saving model checkpoint to ./pos_res_java/random/saved_codet5models/1/layer_12/checkpoint-best-f1/model.bin
2023-05-26 18:54:28.408 351:pos-tag                INFO   ***** Running evaluation *****
2023-05-26 18:54:28.408 352:pos-tag                INFO     Num examples = 293
2023-05-26 18:54:28.408 353:pos-tag                INFO     Batch size = 32
2023-05-26 18:54:35.202 399:pos-tag                INFO   ***** Eval results *****
2023-05-26 18:54:35.203 401:pos-tag                INFO     eval_acc = 0.62
2023-05-26 18:54:35.203 401:pos-tag                INFO     eval_f1 = 0.2653
2023-05-26 18:54:35.203 401:pos-tag                INFO     eval_mcc = 0.5929
2023-05-26 18:54:35.203 401:pos-tag                INFO     eval_precision = 0.3611
2023-05-26 18:54:35.203 401:pos-tag                INFO     eval_recall = 0.2488
2023-05-26 18:54:36.831 351:pos-tag                INFO   ***** Running evaluation *****
2023-05-26 18:54:36.831 352:pos-tag                INFO     Num examples = 293
2023-05-26 18:54:36.832 353:pos-tag                INFO     Batch size = 32
2023-05-26 18:54:43.712 399:pos-tag                INFO   ***** Eval results *****
2023-05-26 18:54:43.712 401:pos-tag                INFO     eval_acc = 0.6187
2023-05-26 18:54:43.713 401:pos-tag                INFO     eval_f1 = 0.2656
2023-05-26 18:54:43.713 401:pos-tag                INFO     eval_mcc = 0.5916
2023-05-26 18:54:43.713 401:pos-tag                INFO     eval_precision = 0.3681
2023-05-26 18:54:43.713 401:pos-tag                INFO     eval_recall = 0.249
2023-05-26 18:54:45.354 351:pos-tag                INFO   ***** Running evaluation *****
2023-05-26 18:54:45.354 352:pos-tag                INFO     Num examples = 293
2023-05-26 18:54:45.355 353:pos-tag                INFO     Batch size = 32
2023-05-26 18:54:52.289 399:pos-tag                INFO   ***** Eval results *****
2023-05-26 18:54:52.289 401:pos-tag                INFO     eval_acc = 0.6183
2023-05-26 18:54:52.289 401:pos-tag                INFO     eval_f1 = 0.267
2023-05-26 18:54:52.290 401:pos-tag                INFO     eval_mcc = 0.5915
2023-05-26 18:54:52.290 401:pos-tag                INFO     eval_precision = 0.378
2023-05-26 18:54:52.290 401:pos-tag                INFO     eval_recall = 0.2498
2023-05-26 18:54:52.290 293:pos-tag                INFO     ********************
2023-05-26 18:54:52.290 294:pos-tag                INFO     Best f1:0.267
2023-05-26 18:54:52.291 295:pos-tag                INFO     ********************
2023-05-26 18:54:54.606 310:pos-tag                INFO   Saving model checkpoint to ./pos_res_java/random/saved_codet5models/1/layer_12/checkpoint-best-f1/model.bin
2023-05-26 18:54:56.212 351:pos-tag                INFO   ***** Running evaluation *****
2023-05-26 18:54:56.212 352:pos-tag                INFO     Num examples = 293
2023-05-26 18:54:56.212 353:pos-tag                INFO     Batch size = 32
2023-05-26 18:55:03.111 399:pos-tag                INFO   ***** Eval results *****
2023-05-26 18:55:03.112 401:pos-tag                INFO     eval_acc = 0.6196
2023-05-26 18:55:03.112 401:pos-tag                INFO     eval_f1 = 0.2692
2023-05-26 18:55:03.112 401:pos-tag                INFO     eval_mcc = 0.5932
2023-05-26 18:55:03.112 401:pos-tag                INFO     eval_precision = 0.3812
2023-05-26 18:55:03.112 401:pos-tag                INFO     eval_recall = 0.2507
2023-05-26 18:55:03.113 293:pos-tag                INFO     ********************
2023-05-26 18:55:03.113 294:pos-tag                INFO     Best f1:0.2692
2023-05-26 18:55:03.113 295:pos-tag                INFO     ********************
2023-05-26 18:55:05.370 310:pos-tag                INFO   Saving model checkpoint to ./pos_res_java/random/saved_codet5models/1/layer_12/checkpoint-best-f1/model.bin
2023-05-26 18:55:06.976 351:pos-tag                INFO   ***** Running evaluation *****
2023-05-26 18:55:06.977 352:pos-tag                INFO     Num examples = 293
2023-05-26 18:55:06.977 353:pos-tag                INFO     Batch size = 32
2023-05-26 18:55:13.830 399:pos-tag                INFO   ***** Eval results *****
2023-05-26 18:55:13.830 401:pos-tag                INFO     eval_acc = 0.6206
2023-05-26 18:55:13.830 401:pos-tag                INFO     eval_f1 = 0.2706
2023-05-26 18:55:13.831 401:pos-tag                INFO     eval_mcc = 0.5944
2023-05-26 18:55:13.831 401:pos-tag                INFO     eval_precision = 0.3804
2023-05-26 18:55:13.831 401:pos-tag                INFO     eval_recall = 0.2515
2023-05-26 18:55:13.831 293:pos-tag                INFO     ********************
2023-05-26 18:55:13.831 294:pos-tag                INFO     Best f1:0.2706
2023-05-26 18:55:13.831 295:pos-tag                INFO     ********************
2023-05-26 18:55:16.070 310:pos-tag                INFO   Saving model checkpoint to ./pos_res_java/random/saved_codet5models/1/layer_12/checkpoint-best-f1/model.bin
2023-05-26 18:55:17.669 351:pos-tag                INFO   ***** Running evaluation *****
2023-05-26 18:55:17.669 352:pos-tag                INFO     Num examples = 293
2023-05-26 18:55:17.669 353:pos-tag                INFO     Batch size = 32
2023-05-26 18:55:24.558 399:pos-tag                INFO   ***** Eval results *****
2023-05-26 18:55:24.559 401:pos-tag                INFO     eval_acc = 0.6219
2023-05-26 18:55:24.559 401:pos-tag                INFO     eval_f1 = 0.2715
2023-05-26 18:55:24.559 401:pos-tag                INFO     eval_mcc = 0.596
2023-05-26 18:55:24.559 401:pos-tag                INFO     eval_precision = 0.3713
2023-05-26 18:55:24.559 401:pos-tag                INFO     eval_recall = 0.252
2023-05-26 18:55:24.560 293:pos-tag                INFO     ********************
2023-05-26 18:55:24.560 294:pos-tag                INFO     Best f1:0.2715
2023-05-26 18:55:24.560 295:pos-tag                INFO     ********************
2023-05-26 18:55:27.088 310:pos-tag                INFO   Saving model checkpoint to ./pos_res_java/random/saved_codet5models/1/layer_12/checkpoint-best-f1/model.bin
2023-05-26 18:55:27.089 315:pos-tag                INFO     ********************
2023-05-26 18:55:27.089 316:pos-tag                INFO     Best MCC:0.596
2023-05-26 18:55:27.090 317:pos-tag                INFO     ********************
2023-05-26 18:55:29.880 332:pos-tag                INFO   Saving model checkpoint to ./pos_res_java/random/saved_codet5models/1/layer_12/checkpoint-best-mcc/model.bin
2023-05-26 18:55:31.491 351:pos-tag                INFO   ***** Running evaluation *****
2023-05-26 18:55:31.491 352:pos-tag                INFO     Num examples = 293
2023-05-26 18:55:31.491 353:pos-tag                INFO     Batch size = 32
2023-05-26 18:55:38.866 399:pos-tag                INFO   ***** Eval results *****
2023-05-26 18:55:38.867 401:pos-tag                INFO     eval_acc = 0.6235
2023-05-26 18:55:38.867 401:pos-tag                INFO     eval_f1 = 0.2722
2023-05-26 18:55:38.867 401:pos-tag                INFO     eval_mcc = 0.5977
2023-05-26 18:55:38.867 401:pos-tag                INFO     eval_precision = 0.3703
2023-05-26 18:55:38.867 401:pos-tag                INFO     eval_recall = 0.2525
2023-05-26 18:55:38.867 293:pos-tag                INFO     ********************
2023-05-26 18:55:38.868 294:pos-tag                INFO     Best f1:0.2722
2023-05-26 18:55:38.868 295:pos-tag                INFO     ********************
2023-05-26 18:55:41.806 310:pos-tag                INFO   Saving model checkpoint to ./pos_res_java/random/saved_codet5models/1/layer_12/checkpoint-best-f1/model.bin
2023-05-26 18:55:41.807 315:pos-tag                INFO     ********************
2023-05-26 18:55:41.807 316:pos-tag                INFO     Best MCC:0.5977
2023-05-26 18:55:41.807 317:pos-tag                INFO     ********************
2023-05-26 18:55:44.774 332:pos-tag                INFO   Saving model checkpoint to ./pos_res_java/random/saved_codet5models/1/layer_12/checkpoint-best-mcc/model.bin
2023-05-26 18:55:46.382 351:pos-tag                INFO   ***** Running evaluation *****
2023-05-26 18:55:46.382 352:pos-tag                INFO     Num examples = 293
2023-05-26 18:55:46.382 353:pos-tag                INFO     Batch size = 32
2023-05-26 18:55:53.183 399:pos-tag                INFO   ***** Eval results *****
2023-05-26 18:55:53.183 401:pos-tag                INFO     eval_acc = 0.6237
2023-05-26 18:55:53.183 401:pos-tag                INFO     eval_f1 = 0.2736
2023-05-26 18:55:53.184 401:pos-tag                INFO     eval_mcc = 0.598
2023-05-26 18:55:53.184 401:pos-tag                INFO     eval_precision = 0.3701
2023-05-26 18:55:53.184 401:pos-tag                INFO     eval_recall = 0.2536
2023-05-26 18:55:53.184 293:pos-tag                INFO     ********************
2023-05-26 18:55:53.184 294:pos-tag                INFO     Best f1:0.2736
2023-05-26 18:55:53.184 295:pos-tag                INFO     ********************
2023-05-26 18:55:56.086 310:pos-tag                INFO   Saving model checkpoint to ./pos_res_java/random/saved_codet5models/1/layer_12/checkpoint-best-f1/model.bin
2023-05-26 18:55:56.086 315:pos-tag                INFO     ********************
2023-05-26 18:55:56.086 316:pos-tag                INFO     Best MCC:0.598
2023-05-26 18:55:56.087 317:pos-tag                INFO     ********************
2023-05-26 18:55:59.081 332:pos-tag                INFO   Saving model checkpoint to ./pos_res_java/random/saved_codet5models/1/layer_12/checkpoint-best-mcc/model.bin
2023-05-26 18:56:00.695 351:pos-tag                INFO   ***** Running evaluation *****
2023-05-26 18:56:00.695 352:pos-tag                INFO     Num examples = 293
2023-05-26 18:56:00.695 353:pos-tag                INFO     Batch size = 32
2023-05-26 18:56:07.566 399:pos-tag                INFO   ***** Eval results *****
2023-05-26 18:56:07.567 401:pos-tag                INFO     eval_acc = 0.6237
2023-05-26 18:56:07.567 401:pos-tag                INFO     eval_f1 = 0.2784
2023-05-26 18:56:07.567 401:pos-tag                INFO     eval_mcc = 0.5982
2023-05-26 18:56:07.567 401:pos-tag                INFO     eval_precision = 0.3921
2023-05-26 18:56:07.568 401:pos-tag                INFO     eval_recall = 0.257
2023-05-26 18:56:07.568 293:pos-tag                INFO     ********************
2023-05-26 18:56:07.568 294:pos-tag                INFO     Best f1:0.2784
2023-05-26 18:56:07.568 295:pos-tag                INFO     ********************
2023-05-26 18:56:10.411 310:pos-tag                INFO   Saving model checkpoint to ./pos_res_java/random/saved_codet5models/1/layer_12/checkpoint-best-f1/model.bin
2023-05-26 18:56:10.412 315:pos-tag                INFO     ********************
2023-05-26 18:56:10.412 316:pos-tag                INFO     Best MCC:0.5982
2023-05-26 18:56:10.412 317:pos-tag                INFO     ********************
2023-05-26 18:56:13.302 332:pos-tag                INFO   Saving model checkpoint to ./pos_res_java/random/saved_codet5models/1/layer_12/checkpoint-best-mcc/model.bin
2023-05-26 18:56:14.893 351:pos-tag                INFO   ***** Running evaluation *****
2023-05-26 18:56:14.893 352:pos-tag                INFO     Num examples = 293
2023-05-26 18:56:14.894 353:pos-tag                INFO     Batch size = 32
2023-05-26 18:56:21.669 399:pos-tag                INFO   ***** Eval results *****
2023-05-26 18:56:21.670 401:pos-tag                INFO     eval_acc = 0.6227
2023-05-26 18:56:21.670 401:pos-tag                INFO     eval_f1 = 0.2824
2023-05-26 18:56:21.670 401:pos-tag                INFO     eval_mcc = 0.5971
2023-05-26 18:56:21.670 401:pos-tag                INFO     eval_precision = 0.3903
2023-05-26 18:56:21.670 401:pos-tag                INFO     eval_recall = 0.2611
2023-05-26 18:56:21.670 293:pos-tag                INFO     ********************
2023-05-26 18:56:21.670 294:pos-tag                INFO     Best f1:0.2824
2023-05-26 18:56:21.671 295:pos-tag                INFO     ********************
2023-05-26 18:56:24.318 310:pos-tag                INFO   Saving model checkpoint to ./pos_res_java/random/saved_codet5models/1/layer_12/checkpoint-best-f1/model.bin
2023-05-26 18:56:25.551 351:pos-tag                INFO   ***** Running evaluation *****
2023-05-26 18:56:25.552 352:pos-tag                INFO     Num examples = 293
2023-05-26 18:56:25.552 353:pos-tag                INFO     Batch size = 32
2023-05-26 18:56:32.808 399:pos-tag                INFO   ***** Eval results *****
2023-05-26 18:56:32.809 401:pos-tag                INFO     eval_acc = 0.6229
2023-05-26 18:56:32.809 401:pos-tag                INFO     eval_f1 = 0.2849
2023-05-26 18:56:32.809 401:pos-tag                INFO     eval_mcc = 0.5971
2023-05-26 18:56:32.809 401:pos-tag                INFO     eval_precision = 0.4002
2023-05-26 18:56:32.809 401:pos-tag                INFO     eval_recall = 0.264
2023-05-26 18:56:32.809 293:pos-tag                INFO     ********************
2023-05-26 18:56:32.810 294:pos-tag                INFO     Best f1:0.2849
2023-05-26 18:56:32.810 295:pos-tag                INFO     ********************
2023-05-26 18:56:35.065 310:pos-tag                INFO   Saving model checkpoint to ./pos_res_java/random/saved_codet5models/1/layer_12/checkpoint-best-f1/model.bin
2023-05-26 18:56:36.682 351:pos-tag                INFO   ***** Running evaluation *****
2023-05-26 18:56:36.682 352:pos-tag                INFO     Num examples = 293
2023-05-26 18:56:36.682 353:pos-tag                INFO     Batch size = 32
2023-05-26 18:56:43.608 399:pos-tag                INFO   ***** Eval results *****
2023-05-26 18:56:43.609 401:pos-tag                INFO     eval_acc = 0.6221
2023-05-26 18:56:43.609 401:pos-tag                INFO     eval_f1 = 0.2852
2023-05-26 18:56:43.609 401:pos-tag                INFO     eval_mcc = 0.5959
2023-05-26 18:56:43.609 401:pos-tag                INFO     eval_precision = 0.3996
2023-05-26 18:56:43.609 401:pos-tag                INFO     eval_recall = 0.266
2023-05-26 18:56:43.609 293:pos-tag                INFO     ********************
2023-05-26 18:56:43.610 294:pos-tag                INFO     Best f1:0.2852
2023-05-26 18:56:43.610 295:pos-tag                INFO     ********************
2023-05-26 18:56:45.873 310:pos-tag                INFO   Saving model checkpoint to ./pos_res_java/random/saved_codet5models/1/layer_12/checkpoint-best-f1/model.bin
2023-05-26 18:56:47.477 351:pos-tag                INFO   ***** Running evaluation *****
2023-05-26 18:56:47.477 352:pos-tag                INFO     Num examples = 293
2023-05-26 18:56:47.478 353:pos-tag                INFO     Batch size = 32
2023-05-26 18:56:54.319 399:pos-tag                INFO   ***** Eval results *****
2023-05-26 18:56:54.319 401:pos-tag                INFO     eval_acc = 0.6213
2023-05-26 18:56:54.319 401:pos-tag                INFO     eval_f1 = 0.2874
2023-05-26 18:56:54.319 401:pos-tag                INFO     eval_mcc = 0.5948
2023-05-26 18:56:54.320 401:pos-tag                INFO     eval_precision = 0.4083
2023-05-26 18:56:54.320 401:pos-tag                INFO     eval_recall = 0.2684
2023-05-26 18:56:54.320 293:pos-tag                INFO     ********************
2023-05-26 18:56:54.320 294:pos-tag                INFO     Best f1:0.2874
2023-05-26 18:56:54.320 295:pos-tag                INFO     ********************
2023-05-26 18:56:56.530 310:pos-tag                INFO   Saving model checkpoint to ./pos_res_java/random/saved_codet5models/1/layer_12/checkpoint-best-f1/model.bin
2023-05-26 18:56:58.134 351:pos-tag                INFO   ***** Running evaluation *****
2023-05-26 18:56:58.135 352:pos-tag                INFO     Num examples = 293
2023-05-26 18:56:58.135 353:pos-tag                INFO     Batch size = 32
2023-05-26 18:57:04.986 399:pos-tag                INFO   ***** Eval results *****
2023-05-26 18:57:04.987 401:pos-tag                INFO     eval_acc = 0.6217
2023-05-26 18:57:04.987 401:pos-tag                INFO     eval_f1 = 0.289
2023-05-26 18:57:04.987 401:pos-tag                INFO     eval_mcc = 0.5952
2023-05-26 18:57:04.987 401:pos-tag                INFO     eval_precision = 0.4076
2023-05-26 18:57:04.987 401:pos-tag                INFO     eval_recall = 0.2704
2023-05-26 18:57:04.987 293:pos-tag                INFO     ********************
2023-05-26 18:57:04.987 294:pos-tag                INFO     Best f1:0.289
2023-05-26 18:57:04.987 295:pos-tag                INFO     ********************
2023-05-26 18:57:07.167 310:pos-tag                INFO   Saving model checkpoint to ./pos_res_java/random/saved_codet5models/1/layer_12/checkpoint-best-f1/model.bin
2023-05-26 18:57:08.749 351:pos-tag                INFO   ***** Running evaluation *****
2023-05-26 18:57:08.750 352:pos-tag                INFO     Num examples = 293
2023-05-26 18:57:08.750 353:pos-tag                INFO     Batch size = 32
2023-05-26 18:57:15.546 399:pos-tag                INFO   ***** Eval results *****
2023-05-26 18:57:15.547 401:pos-tag                INFO     eval_acc = 0.6224
2023-05-26 18:57:15.547 401:pos-tag                INFO     eval_f1 = 0.2879
2023-05-26 18:57:15.547 401:pos-tag                INFO     eval_mcc = 0.596
2023-05-26 18:57:15.547 401:pos-tag                INFO     eval_precision = 0.3982
2023-05-26 18:57:15.547 401:pos-tag                INFO     eval_recall = 0.27
2023-05-26 18:57:17.151 351:pos-tag                INFO   ***** Running evaluation *****
2023-05-26 18:57:17.151 352:pos-tag                INFO     Num examples = 293
2023-05-26 18:57:17.151 353:pos-tag                INFO     Batch size = 32
2023-05-26 18:57:24.050 399:pos-tag                INFO   ***** Eval results *****
2023-05-26 18:57:24.050 401:pos-tag                INFO     eval_acc = 0.6231
2023-05-26 18:57:24.050 401:pos-tag                INFO     eval_f1 = 0.2895
2023-05-26 18:57:24.050 401:pos-tag                INFO     eval_mcc = 0.5968
2023-05-26 18:57:24.050 401:pos-tag                INFO     eval_precision = 0.3998
2023-05-26 18:57:24.051 401:pos-tag                INFO     eval_recall = 0.2707
2023-05-26 18:57:24.051 293:pos-tag                INFO     ********************
2023-05-26 18:57:24.051 294:pos-tag                INFO     Best f1:0.2895
2023-05-26 18:57:24.051 295:pos-tag                INFO     ********************
2023-05-26 18:57:26.276 310:pos-tag                INFO   Saving model checkpoint to ./pos_res_java/random/saved_codet5models/1/layer_12/checkpoint-best-f1/model.bin
2023-05-26 18:57:27.864 351:pos-tag                INFO   ***** Running evaluation *****
2023-05-26 18:57:27.864 352:pos-tag                INFO     Num examples = 293
2023-05-26 18:57:27.864 353:pos-tag                INFO     Batch size = 32
2023-05-26 18:57:34.695 399:pos-tag                INFO   ***** Eval results *****
2023-05-26 18:57:34.695 401:pos-tag                INFO     eval_acc = 0.6247
2023-05-26 18:57:34.695 401:pos-tag                INFO     eval_f1 = 0.2924
2023-05-26 18:57:34.696 401:pos-tag                INFO     eval_mcc = 0.5986
2023-05-26 18:57:34.696 401:pos-tag                INFO     eval_precision = 0.3912
2023-05-26 18:57:34.696 401:pos-tag                INFO     eval_recall = 0.2732
2023-05-26 18:57:34.696 293:pos-tag                INFO     ********************
2023-05-26 18:57:34.696 294:pos-tag                INFO     Best f1:0.2924
2023-05-26 18:57:34.696 295:pos-tag                INFO     ********************
2023-05-26 18:57:36.897 310:pos-tag                INFO   Saving model checkpoint to ./pos_res_java/random/saved_codet5models/1/layer_12/checkpoint-best-f1/model.bin
2023-05-26 18:57:36.898 315:pos-tag                INFO     ********************
2023-05-26 18:57:36.898 316:pos-tag                INFO     Best MCC:0.5986
2023-05-26 18:57:36.898 317:pos-tag                INFO     ********************
2023-05-26 18:57:39.116 332:pos-tag                INFO   Saving model checkpoint to ./pos_res_java/random/saved_codet5models/1/layer_12/checkpoint-best-mcc/model.bin
2023-05-26 18:57:40.698 351:pos-tag                INFO   ***** Running evaluation *****
2023-05-26 18:57:40.698 352:pos-tag                INFO     Num examples = 293
2023-05-26 18:57:40.698 353:pos-tag                INFO     Batch size = 32
2023-05-26 18:57:47.454 399:pos-tag                INFO   ***** Eval results *****
2023-05-26 18:57:47.455 401:pos-tag                INFO     eval_acc = 0.6255
2023-05-26 18:57:47.455 401:pos-tag                INFO     eval_f1 = 0.2925
2023-05-26 18:57:47.455 401:pos-tag                INFO     eval_mcc = 0.5994
2023-05-26 18:57:47.455 401:pos-tag                INFO     eval_precision = 0.3914
2023-05-26 18:57:47.455 401:pos-tag                INFO     eval_recall = 0.2731
2023-05-26 18:57:47.455 293:pos-tag                INFO     ********************
2023-05-26 18:57:47.455 294:pos-tag                INFO     Best f1:0.2925
2023-05-26 18:57:47.456 295:pos-tag                INFO     ********************
2023-05-26 18:57:49.626 310:pos-tag                INFO   Saving model checkpoint to ./pos_res_java/random/saved_codet5models/1/layer_12/checkpoint-best-f1/model.bin
2023-05-26 18:57:49.626 315:pos-tag                INFO     ********************
2023-05-26 18:57:49.627 316:pos-tag                INFO     Best MCC:0.5994
2023-05-26 18:57:49.627 317:pos-tag                INFO     ********************
2023-05-26 18:57:51.900 332:pos-tag                INFO   Saving model checkpoint to ./pos_res_java/random/saved_codet5models/1/layer_12/checkpoint-best-mcc/model.bin
2023-05-26 18:57:53.493 351:pos-tag                INFO   ***** Running evaluation *****
2023-05-26 18:57:53.494 352:pos-tag                INFO     Num examples = 293
2023-05-26 18:57:53.494 353:pos-tag                INFO     Batch size = 32
2023-05-26 18:58:00.437 399:pos-tag                INFO   ***** Eval results *****
2023-05-26 18:58:00.438 401:pos-tag                INFO     eval_acc = 0.6264
2023-05-26 18:58:00.438 401:pos-tag                INFO     eval_f1 = 0.2938
2023-05-26 18:58:00.438 401:pos-tag                INFO     eval_mcc = 0.6004
2023-05-26 18:58:00.438 401:pos-tag                INFO     eval_precision = 0.4024
2023-05-26 18:58:00.438 401:pos-tag                INFO     eval_recall = 0.2736
2023-05-26 18:58:00.438 293:pos-tag                INFO     ********************
2023-05-26 18:58:00.439 294:pos-tag                INFO     Best f1:0.2938
2023-05-26 18:58:00.439 295:pos-tag                INFO     ********************
2023-05-26 18:58:02.751 310:pos-tag                INFO   Saving model checkpoint to ./pos_res_java/random/saved_codet5models/1/layer_12/checkpoint-best-f1/model.bin
2023-05-26 18:58:02.751 315:pos-tag                INFO     ********************
2023-05-26 18:58:02.751 316:pos-tag                INFO     Best MCC:0.6004
2023-05-26 18:58:02.752 317:pos-tag                INFO     ********************
2023-05-26 18:58:05.161 332:pos-tag                INFO   Saving model checkpoint to ./pos_res_java/random/saved_codet5models/1/layer_12/checkpoint-best-mcc/model.bin
2023-05-26 18:58:06.795 351:pos-tag                INFO   ***** Running evaluation *****
2023-05-26 18:58:06.795 352:pos-tag                INFO     Num examples = 293
2023-05-26 18:58:06.796 353:pos-tag                INFO     Batch size = 32
2023-05-26 18:58:13.675 399:pos-tag                INFO   ***** Eval results *****
2023-05-26 18:58:13.676 401:pos-tag                INFO     eval_acc = 0.6261
2023-05-26 18:58:13.676 401:pos-tag                INFO     eval_f1 = 0.2939
2023-05-26 18:58:13.676 401:pos-tag                INFO     eval_mcc = 0.6001
2023-05-26 18:58:13.676 401:pos-tag                INFO     eval_precision = 0.3966
2023-05-26 18:58:13.676 401:pos-tag                INFO     eval_recall = 0.2735
2023-05-26 18:58:13.677 293:pos-tag                INFO     ********************
2023-05-26 18:58:13.677 294:pos-tag                INFO     Best f1:0.2939
2023-05-26 18:58:13.677 295:pos-tag                INFO     ********************
2023-05-26 18:58:15.971 310:pos-tag                INFO   Saving model checkpoint to ./pos_res_java/random/saved_codet5models/1/layer_12/checkpoint-best-f1/model.bin
2023-05-26 18:58:17.587 351:pos-tag                INFO   ***** Running evaluation *****
2023-05-26 18:58:17.587 352:pos-tag                INFO     Num examples = 293
2023-05-26 18:58:17.587 353:pos-tag                INFO     Batch size = 32
2023-05-26 18:58:24.427 399:pos-tag                INFO   ***** Eval results *****
2023-05-26 18:58:24.427 401:pos-tag                INFO     eval_acc = 0.6259
2023-05-26 18:58:24.427 401:pos-tag                INFO     eval_f1 = 0.2933
2023-05-26 18:58:24.427 401:pos-tag                INFO     eval_mcc = 0.6
2023-05-26 18:58:24.428 401:pos-tag                INFO     eval_precision = 0.3966
2023-05-26 18:58:24.428 401:pos-tag                INFO     eval_recall = 0.2727
2023-05-26 18:58:26.085 351:pos-tag                INFO   ***** Running evaluation *****
2023-05-26 18:58:26.085 352:pos-tag                INFO     Num examples = 293
2023-05-26 18:58:26.085 353:pos-tag                INFO     Batch size = 32
2023-05-26 18:58:33.005 399:pos-tag                INFO   ***** Eval results *****
2023-05-26 18:58:33.006 401:pos-tag                INFO     eval_acc = 0.6265
2023-05-26 18:58:33.006 401:pos-tag                INFO     eval_f1 = 0.2924
2023-05-26 18:58:33.006 401:pos-tag                INFO     eval_mcc = 0.6007
2023-05-26 18:58:33.006 401:pos-tag                INFO     eval_precision = 0.3912
2023-05-26 18:58:33.007 401:pos-tag                INFO     eval_recall = 0.2723
2023-05-26 18:58:33.007 315:pos-tag                INFO     ********************
2023-05-26 18:58:33.007 316:pos-tag                INFO     Best MCC:0.6007
2023-05-26 18:58:33.007 317:pos-tag                INFO     ********************
2023-05-26 18:58:35.336 332:pos-tag                INFO   Saving model checkpoint to ./pos_res_java/random/saved_codet5models/1/layer_12/checkpoint-best-mcc/model.bin
2023-05-26 18:58:36.924 351:pos-tag                INFO   ***** Running evaluation *****
2023-05-26 18:58:36.924 352:pos-tag                INFO     Num examples = 293
2023-05-26 18:58:36.924 353:pos-tag                INFO     Batch size = 32
2023-05-26 18:58:43.852 399:pos-tag                INFO   ***** Eval results *****
2023-05-26 18:58:43.853 401:pos-tag                INFO     eval_acc = 0.6262
2023-05-26 18:58:43.853 401:pos-tag                INFO     eval_f1 = 0.2918
2023-05-26 18:58:43.853 401:pos-tag                INFO     eval_mcc = 0.6003
2023-05-26 18:58:43.853 401:pos-tag                INFO     eval_precision = 0.39
2023-05-26 18:58:43.853 401:pos-tag                INFO     eval_recall = 0.2722
2023-05-26 18:58:45.492 351:pos-tag                INFO   ***** Running evaluation *****
2023-05-26 18:58:45.492 352:pos-tag                INFO     Num examples = 293
2023-05-26 18:58:45.492 353:pos-tag                INFO     Batch size = 32
2023-05-26 18:58:52.446 399:pos-tag                INFO   ***** Eval results *****
2023-05-26 18:58:52.447 401:pos-tag                INFO     eval_acc = 0.6263
2023-05-26 18:58:52.447 401:pos-tag                INFO     eval_f1 = 0.2917
2023-05-26 18:58:52.447 401:pos-tag                INFO     eval_mcc = 0.6004
2023-05-26 18:58:52.447 401:pos-tag                INFO     eval_precision = 0.39
2023-05-26 18:58:52.447 401:pos-tag                INFO     eval_recall = 0.2722
2023-05-26 18:58:53.732 351:pos-tag                INFO   ***** Running evaluation *****
2023-05-26 18:58:53.733 352:pos-tag                INFO     Num examples = 293
2023-05-26 18:58:53.733 353:pos-tag                INFO     Batch size = 32
2023-05-26 18:59:00.739 399:pos-tag                INFO   ***** Eval results *****
2023-05-26 18:59:00.740 401:pos-tag                INFO     eval_acc = 0.6261
2023-05-26 18:59:00.740 401:pos-tag                INFO     eval_f1 = 0.2917
2023-05-26 18:59:00.740 401:pos-tag                INFO     eval_mcc = 0.6002
2023-05-26 18:59:00.740 401:pos-tag                INFO     eval_precision = 0.3899
2023-05-26 18:59:00.740 401:pos-tag                INFO     eval_recall = 0.2722
2023-05-26 18:59:02.712 351:pos-tag                INFO   ***** Running evaluation *****
2023-05-26 18:59:02.713 352:pos-tag                INFO     Num examples = 293
2023-05-26 18:59:02.713 353:pos-tag                INFO     Batch size = 32
2023-05-26 18:59:09.605 399:pos-tag                INFO   ***** Eval results *****
2023-05-26 18:59:09.608 401:pos-tag                INFO     eval_acc = 0.6261
2023-05-26 18:59:09.608 401:pos-tag                INFO     eval_f1 = 0.2939
2023-05-26 18:59:09.609 401:pos-tag                INFO     eval_mcc = 0.6001
2023-05-26 18:59:09.609 401:pos-tag                INFO     eval_precision = 0.3966
2023-05-26 18:59:09.609 401:pos-tag                INFO     eval_recall = 0.2735
2023-05-26 18:59:11.623 422:pos-tag                INFO   ***** Running Test *****
2023-05-26 18:59:11.624 423:pos-tag                INFO     Num examples = 295
2023-05-26 18:59:11.624 424:pos-tag                INFO     Batch size = 32
2023-05-26 18:59:18.552 471:pos-tag                INFO   ***** Test results *****
2023-05-26 18:59:18.552 473:pos-tag                INFO     eval_acc = 0.6077
2023-05-26 18:59:18.552 473:pos-tag                INFO     eval_f1 = 0.2422
2023-05-26 18:59:18.552 473:pos-tag                INFO     eval_mcc = 0.582
2023-05-26 18:59:18.552 473:pos-tag                INFO     eval_precision = 0.3184
2023-05-26 18:59:18.553 473:pos-tag                INFO     eval_recall = 0.2322
