2022-10-07 06:36:24.376 933:link-prediction        DEBUG  main message
2022-10-07 06:36:24.376 939:link-prediction        WARNING device: cuda, n_gpu: 1
2022-10-07 06:36:32.447 954:link-prediction        INFO   Load Dataset
2022-10-07 06:37:26.206 246:link-prediction        INFO   Load Span file and Graph data, data path: ../datasets/java250/graphs/codebert/codebert_train_cfg_cleaned.pt
2022-10-07 06:37:27.101 298:link-prediction        INFO   Labels Counter({0: 16457, 1: 16457})
2022-10-07 06:37:27.125 246:link-prediction        INFO   Load Span file and Graph data, data path: ../datasets/java250/graphs/codebert/codebert_valid_cfg_cleaned.pt
2022-10-07 06:37:27.576 298:link-prediction        INFO   Labels Counter({1: 5470, 0: 5470})
2022-10-07 06:37:27.605 246:link-prediction        INFO   Load Span file and Graph data, data path: ../datasets/java250/graphs/codebert/codebert_test_cfg_cleaned.pt
2022-10-07 06:37:28.162 298:link-prediction        INFO   Labels Counter({0: 5420, 1: 5420})
2022-10-07 06:37:28.163 303:link-prediction        INFO   *** Example ***
2022-10-07 06:37:28.163 304:link-prediction        INFO   idx: s412223136_main
2022-10-07 06:37:28.163 305:link-prediction        INFO   label: 0
2022-10-07 06:37:28.165 306:link-prediction        INFO   input_tokens_1: ['a', '_==', '_911']
2022-10-07 06:37:28.165 314:link-prediction        INFO   input_ids_1: 56 59
2022-10-07 06:37:28.166 321:link-prediction        INFO   span_arry_1: [56, 58] [56, 58], mask 1 0
2022-10-07 06:37:28.166 331:link-prediction        INFO   input_tokens_reverse_1: a Ġ== Ġ911
2022-10-07 06:37:28.166 341:link-prediction        INFO   input_tokens_2: ['out']
2022-10-07 06:37:28.167 349:link-prediction        INFO   input_ids_2: 136 137
2022-10-07 06:37:28.167 356:link-prediction        INFO   span_arry_2: [136, 136] [136, 136], mask 1 0
2022-10-07 06:37:28.167 366:link-prediction        INFO   input_tokens_reverse_2: out
2022-10-07 06:37:28.168 303:link-prediction        INFO   *** Example ***
2022-10-07 06:37:28.168 304:link-prediction        INFO   idx: s504361653_main
2022-10-07 06:37:28.168 305:link-prediction        INFO   label: 0
2022-10-07 06:37:28.168 306:link-prediction        INFO   input_tokens_1: ['s', '5', '_=', '_Ar', 'rays', '.', 'as', 'List', '(', 'str', 'Array', '[', '4', '])']
2022-10-07 06:37:28.168 314:link-prediction        INFO   input_ids_1: 124 138
2022-10-07 06:37:28.168 321:link-prediction        INFO   span_arry_1: [124, 137] [124, 137], mask 1 0
2022-10-07 06:37:28.168 331:link-prediction        INFO   input_tokens_reverse_1: Ġs 5 Ġ= ĠAr rays . as List ( str Array [ 4 ]);
2022-10-07 06:37:28.168 341:link-prediction        INFO   input_tokens_2: ['s', '6', '_=', '_Ar', 'rays', '.', 'as', 'List', '(', 'str', 'Array', '[', '5', '])']
2022-10-07 06:37:28.169 349:link-prediction        INFO   input_ids_2: 142 156
2022-10-07 06:37:28.169 356:link-prediction        INFO   span_arry_2: [142, 155] [142, 155], mask 1 0
2022-10-07 06:37:28.169 366:link-prediction        INFO   input_tokens_reverse_2: Ġs 6 Ġ= ĠAr rays . as List ( str Array [ 5 ]);
2022-10-07 06:37:28.169 303:link-prediction        INFO   *** Example ***
2022-10-07 06:37:28.169 304:link-prediction        INFO   idx: s958389796_main
2022-10-07 06:37:28.169 305:link-prediction        INFO   label: 1
2022-10-07 06:37:28.169 306:link-prediction        INFO   input_tokens_1: ['i', '_=', '_A']
2022-10-07 06:37:28.169 314:link-prediction        INFO   input_ids_1: 56 59
2022-10-07 06:37:28.169 321:link-prediction        INFO   span_arry_1: [56, 58] [56, 58], mask 1 0
2022-10-07 06:37:28.169 331:link-prediction        INFO   input_tokens_reverse_1: Ġi Ġ= ĠA
2022-10-07 06:37:28.169 341:link-prediction        INFO   input_tokens_2: ['i', '_<=', '_B']
2022-10-07 06:37:28.169 349:link-prediction        INFO   input_ids_2: 60 63
2022-10-07 06:37:28.169 356:link-prediction        INFO   span_arry_2: [60, 62] [60, 62], mask 1 0
2022-10-07 06:37:28.170 366:link-prediction        INFO   input_tokens_reverse_2: Ġi Ġ<= ĠB
2022-10-07 06:37:28.170 303:link-prediction        INFO   *** Example ***
2022-10-07 06:37:28.170 304:link-prediction        INFO   idx: s249527235_main
2022-10-07 06:37:28.170 305:link-prediction        INFO   label: 1
2022-10-07 06:37:28.170 306:link-prediction        INFO   input_tokens_1: ['public', '_static', '_void', '_main', '(', 'String', '[]', '_args', ')']
2022-10-07 06:37:28.170 314:link-prediction        INFO   input_ids_1: 1 10
2022-10-07 06:37:28.170 321:link-prediction        INFO   span_arry_1: [1, 9] [1, 9], mask 1 0
2022-10-07 06:37:28.170 331:link-prediction        INFO   input_tokens_reverse_1: public Ġstatic Ġvoid Ġmain ( String [] Ġargs )
2022-10-07 06:37:28.170 341:link-prediction        INFO   input_tokens_2: ['new', '_Scan', 'ner', '(', 'System', '.', 'in', ')']
2022-10-07 06:37:28.170 349:link-prediction        INFO   input_ids_2: 15 23
2022-10-07 06:37:28.171 356:link-prediction        INFO   span_arry_2: [15, 22] [15, 22], mask 1 0
2022-10-07 06:37:28.171 366:link-prediction        INFO   input_tokens_reverse_2: Ġnew ĠScan ner ( System . in );
2022-10-07 06:37:28.171 303:link-prediction        INFO   *** Example ***
2022-10-07 06:37:28.171 304:link-prediction        INFO   idx: s290975769_main
2022-10-07 06:37:28.171 305:link-prediction        INFO   label: 0
2022-10-07 06:37:28.171 306:link-prediction        INFO   input_tokens_1: ['public', '_static', '_void', '_main', '(', 'String', '[]', '_args', ')']
2022-10-07 06:37:28.171 314:link-prediction        INFO   input_ids_1: 1 10
2022-10-07 06:37:28.171 321:link-prediction        INFO   span_arry_1: [1, 9] [1, 9], mask 1 0
2022-10-07 06:37:28.171 331:link-prediction        INFO   input_tokens_reverse_1: public Ġstatic Ġvoid Ġmain ( String [] Ġargs )
2022-10-07 06:37:28.171 341:link-prediction        INFO   input_tokens_2: ['sc', '.', 'next', 'Int', '()']
2022-10-07 06:37:28.171 349:link-prediction        INFO   input_ids_2: 52 57
2022-10-07 06:37:28.171 356:link-prediction        INFO   span_arry_2: [52, 56] [52, 56], mask 1 0
2022-10-07 06:37:28.172 366:link-prediction        INFO   input_tokens_reverse_2: Ġsc . next Int ();
2022-10-07 06:37:28.172 303:link-prediction        INFO   *** Example ***
2022-10-07 06:37:28.172 304:link-prediction        INFO   idx: s561517244_main
2022-10-07 06:37:28.172 305:link-prediction        INFO   label: 1
2022-10-07 06:37:28.172 306:link-prediction        INFO   input_tokens_1: ['out']
2022-10-07 06:37:28.172 314:link-prediction        INFO   input_ids_1: 142 143
2022-10-07 06:37:28.172 321:link-prediction        INFO   span_arry_1: [142, 142] [142, 142], mask 1 0
2022-10-07 06:37:28.172 331:link-prediction        INFO   input_tokens_reverse_1: out
2022-10-07 06:37:28.172 341:link-prediction        INFO   input_tokens_2: ['System', '.', 'out', '.', 'println', '(', 'c', ')']
2022-10-07 06:37:28.172 349:link-prediction        INFO   input_ids_2: 140 148
2022-10-07 06:37:28.172 356:link-prediction        INFO   span_arry_2: [140, 141] [143, 147], mask 1 1
2022-10-07 06:37:28.172 366:link-prediction        INFO   input_tokens_reverse_2: ĠSystem . out . println ( c );
2022-10-07 06:37:28.172 303:link-prediction        INFO   *** Example ***
2022-10-07 06:37:28.173 304:link-prediction        INFO   idx: s144417010_main
2022-10-07 06:37:28.173 305:link-prediction        INFO   label: 0
2022-10-07 06:37:28.173 306:link-prediction        INFO   input_tokens_1: ['len', '_=', '_A', '.', 'length']
2022-10-07 06:37:28.173 314:link-prediction        INFO   input_ids_1: 68 73
2022-10-07 06:37:28.173 321:link-prediction        INFO   span_arry_1: [68, 72] [68, 72], mask 1 0
2022-10-07 06:37:28.173 331:link-prediction        INFO   input_tokens_reverse_1: Ġlen Ġ= ĠA . length
2022-10-07 06:37:28.173 341:link-prediction        INFO   input_tokens_2: ['System', '.', 'out', '.', 'println', '(', 'A', '[', 'len', '_-', '_2', '])']
2022-10-07 06:37:28.173 349:link-prediction        INFO   input_ids_2: 121 133
2022-10-07 06:37:28.173 356:link-prediction        INFO   span_arry_2: [121, 132] [121, 132], mask 1 0
2022-10-07 06:37:28.173 366:link-prediction        INFO   input_tokens_reverse_2: ĠSystem . out . println ( A [ len Ġ- Ġ2 ]);
2022-10-07 06:37:28.173 303:link-prediction        INFO   *** Example ***
2022-10-07 06:37:28.173 304:link-prediction        INFO   idx: s087729968_main
2022-10-07 06:37:28.174 305:link-prediction        INFO   label: 0
2022-10-07 06:37:28.174 306:link-prediction        INFO   input_tokens_1: ['System', '.', 'out', '.', 'println', '("', '"', '_+', '_a', '_+', '_"', '_"', '_+', '_b', ')']
2022-10-07 06:37:28.174 314:link-prediction        INFO   input_ids_1: 89 104
2022-10-07 06:37:28.174 321:link-prediction        INFO   span_arry_1: [89, 103] [89, 103], mask 1 0
2022-10-07 06:37:28.174 331:link-prediction        INFO   input_tokens_reverse_1: ĠSystem . out . println (" " Ġ+ Ġa Ġ+ Ġ" Ġ" Ġ+ Ġb );
2022-10-07 06:37:28.174 341:link-prediction        INFO   input_tokens_2: ['sc', '.', 'next', 'Long', '()']
2022-10-07 06:37:28.174 349:link-prediction        INFO   input_ids_2: 42 47
2022-10-07 06:37:28.174 356:link-prediction        INFO   span_arry_2: [42, 46] [42, 46], mask 1 0
2022-10-07 06:37:28.174 366:link-prediction        INFO   input_tokens_reverse_2: Ġsc . next Long ();
2022-10-07 06:37:28.174 303:link-prediction        INFO   *** Example ***
2022-10-07 06:37:28.174 304:link-prediction        INFO   idx: s055543972_main
2022-10-07 06:37:28.174 305:link-prediction        INFO   label: 0
2022-10-07 06:37:28.175 306:link-prediction        INFO   input_tokens_1: ['i', '_<', '_n']
2022-10-07 06:37:28.175 314:link-prediction        INFO   input_ids_1: 101 104
2022-10-07 06:37:28.175 321:link-prediction        INFO   span_arry_1: [101, 103] [101, 103], mask 1 0
2022-10-07 06:37:28.175 331:link-prediction        INFO   input_tokens_reverse_1: Ġi Ġ< Ġn
2022-10-07 06:37:28.175 341:link-prediction        INFO   input_tokens_2: ['public', '_static', '_void', '_main', '(', 'String', '[]', '_args', ')']
2022-10-07 06:37:28.175 349:link-prediction        INFO   input_ids_2: 1 10
2022-10-07 06:37:28.175 356:link-prediction        INFO   span_arry_2: [1, 9] [1, 9], mask 1 0
2022-10-07 06:37:28.175 366:link-prediction        INFO   input_tokens_reverse_2: public Ġstatic Ġvoid Ġmain ( String [] Ġargs )
2022-10-07 06:37:28.175 994:link-prediction        INFO   Finishing loading Dataset
2022-10-07 06:37:28.198 1003:link-prediction        INFO   Probimg Model Parameters 3843
2022-10-07 06:37:28.198 1004:link-prediction        INFO   Training/evaluation parameters Namespace(adam_epsilon=1e-08, class_num=2, config_name='microsoft/codebert-base', data_folder='../datasets/java250/graphs', dataset='java250', debug=False, device=device(type='cuda'), do_crossing='cleaned', do_eval=False, do_random=False, do_test=True, do_train=True, epochs=2, eval_batch_size=32, evaluate_during_training=False, gradient_accumulation_steps=1, graph_type='cfg', layer=1, learning_rate=0.001, max_code_length=512, max_grad_norm=1.0, max_steps=-1, model_name='codebert', model_name_or_path='microsoft/codebert-base', n_gpu=1, output_dir='../link_prediction/java250_res/plm/saved_codebertmodels/2/cfg_1', posratio=0.5, seed=862, token_config='microsoft/codebert-base', train_batch_size=64, warmup_steps=0, weight_decay=0.0)
2022-10-07 06:38:16.349 469:link-prediction        INFO   ***** Running training *****
2022-10-07 06:38:16.349 470:link-prediction        INFO     Num examples = 32914
2022-10-07 06:38:16.349 471:link-prediction        INFO     Num Epochs = 2
2022-10-07 06:38:16.349 472:link-prediction        INFO     Instantaneous batch size per GPU = 64
2022-10-07 06:38:16.349 476:link-prediction        INFO     Total train batch size = 64
2022-10-07 06:38:16.349 480:link-prediction        INFO     Gradient Accumulation steps = 1
2022-10-07 06:38:16.350 483:link-prediction        INFO     Total optimization steps = 1030
2022-10-07 06:38:18.884 598:link-prediction        INFO   ***** Running evaluation *****
2022-10-07 06:38:18.884 599:link-prediction        INFO     Num examples = 10940
2022-10-07 06:38:18.884 600:link-prediction        INFO     Batch size = 32
2022-10-07 06:38:24.727 645:link-prediction        INFO   ***** Eval results *****
2022-10-07 06:38:24.727 647:link-prediction        INFO     eval_acc = 0.5538
2022-10-07 06:38:24.727 647:link-prediction        INFO     eval_f1 = 0.6565
2022-10-07 06:38:24.727 647:link-prediction        INFO     eval_mcc = 0.1343
2022-10-07 06:38:24.728 647:link-prediction        INFO     eval_precision = 0.5337
2022-10-07 06:38:24.728 647:link-prediction        INFO     eval_recall = 0.8527
2022-10-07 06:38:24.728 647:link-prediction        INFO     eval_threshold = 0.5
2022-10-07 06:38:24.730 540:link-prediction        INFO     ********************
2022-10-07 06:38:24.730 541:link-prediction        INFO     Best f1:0.6565
2022-10-07 06:38:24.730 542:link-prediction        INFO     ********************
2022-10-07 06:38:24.731 557:link-prediction        INFO   Saving model checkpoint to ../link_prediction/java250_res/plm/saved_codebertmodels/2/cfg_1/checkpoint-best-f1/model.bin
2022-10-07 06:38:24.731 562:link-prediction        INFO     ********************
2022-10-07 06:38:24.731 563:link-prediction        INFO     Best MCC:0.1343
2022-10-07 06:38:24.731 564:link-prediction        INFO     ********************
2022-10-07 06:38:24.732 579:link-prediction        INFO   Saving model checkpoint to ../link_prediction/java250_res/plm/saved_codebertmodels/2/cfg_1/checkpoint-best-mcc/model.bin
2022-10-07 06:38:26.626 598:link-prediction        INFO   ***** Running evaluation *****
2022-10-07 06:38:26.626 599:link-prediction        INFO     Num examples = 10940
2022-10-07 06:38:26.626 600:link-prediction        INFO     Batch size = 32
2022-10-07 06:38:32.719 645:link-prediction        INFO   ***** Eval results *****
2022-10-07 06:38:32.719 647:link-prediction        INFO     eval_acc = 0.658
2022-10-07 06:38:32.720 647:link-prediction        INFO     eval_f1 = 0.6651
2022-10-07 06:38:32.720 647:link-prediction        INFO     eval_mcc = 0.3164
2022-10-07 06:38:32.720 647:link-prediction        INFO     eval_precision = 0.6516
2022-10-07 06:38:32.720 647:link-prediction        INFO     eval_recall = 0.6792
2022-10-07 06:38:32.720 647:link-prediction        INFO     eval_threshold = 0.5
2022-10-07 06:38:32.722 540:link-prediction        INFO     ********************
2022-10-07 06:38:32.722 541:link-prediction        INFO     Best f1:0.6651
2022-10-07 06:38:32.722 542:link-prediction        INFO     ********************
2022-10-07 06:38:32.723 557:link-prediction        INFO   Saving model checkpoint to ../link_prediction/java250_res/plm/saved_codebertmodels/2/cfg_1/checkpoint-best-f1/model.bin
2022-10-07 06:38:32.723 562:link-prediction        INFO     ********************
2022-10-07 06:38:32.723 563:link-prediction        INFO     Best MCC:0.3164
2022-10-07 06:38:32.723 564:link-prediction        INFO     ********************
2022-10-07 06:38:32.724 579:link-prediction        INFO   Saving model checkpoint to ../link_prediction/java250_res/plm/saved_codebertmodels/2/cfg_1/checkpoint-best-mcc/model.bin
2022-10-07 06:38:34.605 598:link-prediction        INFO   ***** Running evaluation *****
2022-10-07 06:38:34.605 599:link-prediction        INFO     Num examples = 10940
2022-10-07 06:38:34.606 600:link-prediction        INFO     Batch size = 32
2022-10-07 06:38:40.313 645:link-prediction        INFO   ***** Eval results *****
2022-10-07 06:38:40.313 647:link-prediction        INFO     eval_acc = 0.6694
2022-10-07 06:38:40.314 647:link-prediction        INFO     eval_f1 = 0.6939
2022-10-07 06:38:40.314 647:link-prediction        INFO     eval_mcc = 0.3432
2022-10-07 06:38:40.314 647:link-prediction        INFO     eval_precision = 0.646
2022-10-07 06:38:40.314 647:link-prediction        INFO     eval_recall = 0.7494
2022-10-07 06:38:40.314 647:link-prediction        INFO     eval_threshold = 0.5
2022-10-07 06:38:40.316 540:link-prediction        INFO     ********************
2022-10-07 06:38:40.316 541:link-prediction        INFO     Best f1:0.6939
2022-10-07 06:38:40.316 542:link-prediction        INFO     ********************
2022-10-07 06:38:40.317 557:link-prediction        INFO   Saving model checkpoint to ../link_prediction/java250_res/plm/saved_codebertmodels/2/cfg_1/checkpoint-best-f1/model.bin
2022-10-07 06:38:40.317 562:link-prediction        INFO     ********************
2022-10-07 06:38:40.317 563:link-prediction        INFO     Best MCC:0.3432
2022-10-07 06:38:40.317 564:link-prediction        INFO     ********************
2022-10-07 06:38:40.317 579:link-prediction        INFO   Saving model checkpoint to ../link_prediction/java250_res/plm/saved_codebertmodels/2/cfg_1/checkpoint-best-mcc/model.bin
2022-10-07 06:38:42.158 598:link-prediction        INFO   ***** Running evaluation *****
2022-10-07 06:38:42.158 599:link-prediction        INFO     Num examples = 10940
2022-10-07 06:38:42.158 600:link-prediction        INFO     Batch size = 32
2022-10-07 06:38:48.265 645:link-prediction        INFO   ***** Eval results *****
2022-10-07 06:38:48.265 647:link-prediction        INFO     eval_acc = 0.6856
2022-10-07 06:38:48.265 647:link-prediction        INFO     eval_f1 = 0.6872
2022-10-07 06:38:48.265 647:link-prediction        INFO     eval_mcc = 0.3711
2022-10-07 06:38:48.266 647:link-prediction        INFO     eval_precision = 0.6837
2022-10-07 06:38:48.266 647:link-prediction        INFO     eval_recall = 0.6907
2022-10-07 06:38:48.266 647:link-prediction        INFO     eval_threshold = 0.5
2022-10-07 06:38:48.268 562:link-prediction        INFO     ********************
2022-10-07 06:38:48.268 563:link-prediction        INFO     Best MCC:0.3711
2022-10-07 06:38:48.268 564:link-prediction        INFO     ********************
2022-10-07 06:38:48.269 579:link-prediction        INFO   Saving model checkpoint to ../link_prediction/java250_res/plm/saved_codebertmodels/2/cfg_1/checkpoint-best-mcc/model.bin
2022-10-07 06:38:50.120 598:link-prediction        INFO   ***** Running evaluation *****
2022-10-07 06:38:50.120 599:link-prediction        INFO     Num examples = 10940
2022-10-07 06:38:50.120 600:link-prediction        INFO     Batch size = 32
2022-10-07 06:38:56.062 645:link-prediction        INFO   ***** Eval results *****
2022-10-07 06:38:56.062 647:link-prediction        INFO     eval_acc = 0.6941
2022-10-07 06:38:56.062 647:link-prediction        INFO     eval_f1 = 0.7218
2022-10-07 06:38:56.062 647:link-prediction        INFO     eval_mcc = 0.3961
2022-10-07 06:38:56.062 647:link-prediction        INFO     eval_precision = 0.6617
2022-10-07 06:38:56.062 647:link-prediction        INFO     eval_recall = 0.794
2022-10-07 06:38:56.062 647:link-prediction        INFO     eval_threshold = 0.5
2022-10-07 06:38:56.064 540:link-prediction        INFO     ********************
2022-10-07 06:38:56.064 541:link-prediction        INFO     Best f1:0.7218
2022-10-07 06:38:56.064 542:link-prediction        INFO     ********************
2022-10-07 06:38:56.065 557:link-prediction        INFO   Saving model checkpoint to ../link_prediction/java250_res/plm/saved_codebertmodels/2/cfg_1/checkpoint-best-f1/model.bin
2022-10-07 06:38:56.065 562:link-prediction        INFO     ********************
2022-10-07 06:38:56.065 563:link-prediction        INFO     Best MCC:0.3961
2022-10-07 06:38:56.065 564:link-prediction        INFO     ********************
2022-10-07 06:38:56.066 579:link-prediction        INFO   Saving model checkpoint to ../link_prediction/java250_res/plm/saved_codebertmodels/2/cfg_1/checkpoint-best-mcc/model.bin
2022-10-07 06:38:57.929 598:link-prediction        INFO   ***** Running evaluation *****
2022-10-07 06:38:57.930 599:link-prediction        INFO     Num examples = 10940
2022-10-07 06:38:57.930 600:link-prediction        INFO     Batch size = 32
2022-10-07 06:39:04.040 645:link-prediction        INFO   ***** Eval results *****
2022-10-07 06:39:04.040 647:link-prediction        INFO     eval_acc = 0.6985
2022-10-07 06:39:04.040 647:link-prediction        INFO     eval_f1 = 0.6798
2022-10-07 06:39:04.041 647:link-prediction        INFO     eval_mcc = 0.3998
2022-10-07 06:39:04.041 647:link-prediction        INFO     eval_precision = 0.7248
2022-10-07 06:39:04.041 647:link-prediction        INFO     eval_recall = 0.64
2022-10-07 06:39:04.041 647:link-prediction        INFO     eval_threshold = 0.5
2022-10-07 06:39:04.043 562:link-prediction        INFO     ********************
2022-10-07 06:39:04.043 563:link-prediction        INFO     Best MCC:0.3998
2022-10-07 06:39:04.043 564:link-prediction        INFO     ********************
2022-10-07 06:39:04.044 579:link-prediction        INFO   Saving model checkpoint to ../link_prediction/java250_res/plm/saved_codebertmodels/2/cfg_1/checkpoint-best-mcc/model.bin
2022-10-07 06:39:05.915 598:link-prediction        INFO   ***** Running evaluation *****
2022-10-07 06:39:05.915 599:link-prediction        INFO     Num examples = 10940
2022-10-07 06:39:05.915 600:link-prediction        INFO     Batch size = 32
2022-10-07 06:39:11.925 645:link-prediction        INFO   ***** Eval results *****
2022-10-07 06:39:11.925 647:link-prediction        INFO     eval_acc = 0.6904
2022-10-07 06:39:11.925 647:link-prediction        INFO     eval_f1 = 0.6834
2022-10-07 06:39:11.925 647:link-prediction        INFO     eval_mcc = 0.3812
2022-10-07 06:39:11.925 647:link-prediction        INFO     eval_precision = 0.6993
2022-10-07 06:39:11.925 647:link-prediction        INFO     eval_recall = 0.6682
2022-10-07 06:39:11.925 647:link-prediction        INFO     eval_threshold = 0.5
2022-10-07 06:39:13.795 598:link-prediction        INFO   ***** Running evaluation *****
2022-10-07 06:39:13.795 599:link-prediction        INFO     Num examples = 10940
2022-10-07 06:39:13.796 600:link-prediction        INFO     Batch size = 32
2022-10-07 06:39:19.817 645:link-prediction        INFO   ***** Eval results *****
2022-10-07 06:39:19.817 647:link-prediction        INFO     eval_acc = 0.7082
2022-10-07 06:39:19.817 647:link-prediction        INFO     eval_f1 = 0.6759
2022-10-07 06:39:19.818 647:link-prediction        INFO     eval_mcc = 0.425
2022-10-07 06:39:19.818 647:link-prediction        INFO     eval_precision = 0.76
2022-10-07 06:39:19.818 647:link-prediction        INFO     eval_recall = 0.6086
2022-10-07 06:39:19.818 647:link-prediction        INFO     eval_threshold = 0.5
2022-10-07 06:39:19.820 562:link-prediction        INFO     ********************
2022-10-07 06:39:19.820 563:link-prediction        INFO     Best MCC:0.425
2022-10-07 06:39:19.820 564:link-prediction        INFO     ********************
2022-10-07 06:39:19.821 579:link-prediction        INFO   Saving model checkpoint to ../link_prediction/java250_res/plm/saved_codebertmodels/2/cfg_1/checkpoint-best-mcc/model.bin
2022-10-07 06:39:21.670 598:link-prediction        INFO   ***** Running evaluation *****
2022-10-07 06:39:21.670 599:link-prediction        INFO     Num examples = 10940
2022-10-07 06:39:21.671 600:link-prediction        INFO     Batch size = 32
2022-10-07 06:39:27.608 645:link-prediction        INFO   ***** Eval results *****
2022-10-07 06:39:27.608 647:link-prediction        INFO     eval_acc = 0.6933
2022-10-07 06:39:27.609 647:link-prediction        INFO     eval_f1 = 0.6643
2022-10-07 06:39:27.609 647:link-prediction        INFO     eval_mcc = 0.3926
2022-10-07 06:39:27.609 647:link-prediction        INFO     eval_precision = 0.7337
2022-10-07 06:39:27.609 647:link-prediction        INFO     eval_recall = 0.6069
2022-10-07 06:39:27.609 647:link-prediction        INFO     eval_threshold = 0.5
2022-10-07 06:39:29.462 598:link-prediction        INFO   ***** Running evaluation *****
2022-10-07 06:39:29.462 599:link-prediction        INFO     Num examples = 10940
2022-10-07 06:39:29.462 600:link-prediction        INFO     Batch size = 32
2022-10-07 06:39:35.294 645:link-prediction        INFO   ***** Eval results *****
2022-10-07 06:39:35.295 647:link-prediction        INFO     eval_acc = 0.7076
2022-10-07 06:39:35.295 647:link-prediction        INFO     eval_f1 = 0.6969
2022-10-07 06:39:35.295 647:link-prediction        INFO     eval_mcc = 0.4162
2022-10-07 06:39:35.295 647:link-prediction        INFO     eval_precision = 0.7233
2022-10-07 06:39:35.295 647:link-prediction        INFO     eval_recall = 0.6724
2022-10-07 06:39:35.295 647:link-prediction        INFO     eval_threshold = 0.5
2022-10-07 06:39:37.090 598:link-prediction        INFO   ***** Running evaluation *****
2022-10-07 06:39:37.090 599:link-prediction        INFO     Num examples = 10940
2022-10-07 06:39:37.090 600:link-prediction        INFO     Batch size = 32
2022-10-07 06:39:43.129 645:link-prediction        INFO   ***** Eval results *****
2022-10-07 06:39:43.130 647:link-prediction        INFO     eval_acc = 0.7165
2022-10-07 06:39:43.130 647:link-prediction        INFO     eval_f1 = 0.7209
2022-10-07 06:39:43.130 647:link-prediction        INFO     eval_mcc = 0.4333
2022-10-07 06:39:43.130 647:link-prediction        INFO     eval_precision = 0.71
2022-10-07 06:39:43.130 647:link-prediction        INFO     eval_recall = 0.7322
2022-10-07 06:39:43.130 647:link-prediction        INFO     eval_threshold = 0.5
2022-10-07 06:39:43.132 562:link-prediction        INFO     ********************
2022-10-07 06:39:43.132 563:link-prediction        INFO     Best MCC:0.4333
2022-10-07 06:39:43.132 564:link-prediction        INFO     ********************
2022-10-07 06:39:43.133 579:link-prediction        INFO   Saving model checkpoint to ../link_prediction/java250_res/plm/saved_codebertmodels/2/cfg_1/checkpoint-best-mcc/model.bin
2022-10-07 06:39:44.985 598:link-prediction        INFO   ***** Running evaluation *****
2022-10-07 06:39:44.986 599:link-prediction        INFO     Num examples = 10940
2022-10-07 06:39:44.986 600:link-prediction        INFO     Batch size = 32
2022-10-07 06:39:50.853 645:link-prediction        INFO   ***** Eval results *****
2022-10-07 06:39:50.854 647:link-prediction        INFO     eval_acc = 0.7015
2022-10-07 06:39:50.854 647:link-prediction        INFO     eval_f1 = 0.6841
2022-10-07 06:39:50.854 647:link-prediction        INFO     eval_mcc = 0.4054
2022-10-07 06:39:50.854 647:link-prediction        INFO     eval_precision = 0.7263
2022-10-07 06:39:50.854 647:link-prediction        INFO     eval_recall = 0.6466
2022-10-07 06:39:50.854 647:link-prediction        INFO     eval_threshold = 0.5
2022-10-07 06:39:52.828 598:link-prediction        INFO   ***** Running evaluation *****
2022-10-07 06:39:52.828 599:link-prediction        INFO     Num examples = 10940
2022-10-07 06:39:52.828 600:link-prediction        INFO     Batch size = 32
2022-10-07 06:39:58.906 645:link-prediction        INFO   ***** Eval results *****
2022-10-07 06:39:58.906 647:link-prediction        INFO     eval_acc = 0.7024
2022-10-07 06:39:58.906 647:link-prediction        INFO     eval_f1 = 0.7025
2022-10-07 06:39:58.906 647:link-prediction        INFO     eval_mcc = 0.4048
2022-10-07 06:39:58.906 647:link-prediction        INFO     eval_precision = 0.7022
2022-10-07 06:39:58.906 647:link-prediction        INFO     eval_recall = 0.7027
2022-10-07 06:39:58.907 647:link-prediction        INFO     eval_threshold = 0.5
2022-10-07 06:40:00.881 598:link-prediction        INFO   ***** Running evaluation *****
2022-10-07 06:40:00.881 599:link-prediction        INFO     Num examples = 10940
2022-10-07 06:40:00.881 600:link-prediction        INFO     Batch size = 32
2022-10-07 06:40:06.813 645:link-prediction        INFO   ***** Eval results *****
2022-10-07 06:40:06.813 647:link-prediction        INFO     eval_acc = 0.6989
2022-10-07 06:40:06.813 647:link-prediction        INFO     eval_f1 = 0.6839
2022-10-07 06:40:06.814 647:link-prediction        INFO     eval_mcc = 0.3996
2022-10-07 06:40:06.814 647:link-prediction        INFO     eval_precision = 0.7198
2022-10-07 06:40:06.814 647:link-prediction        INFO     eval_recall = 0.6514
2022-10-07 06:40:06.814 647:link-prediction        INFO     eval_threshold = 0.5
2022-10-07 06:40:08.704 598:link-prediction        INFO   ***** Running evaluation *****
2022-10-07 06:40:08.704 599:link-prediction        INFO     Num examples = 10940
2022-10-07 06:40:08.704 600:link-prediction        INFO     Batch size = 32
2022-10-07 06:40:14.811 645:link-prediction        INFO   ***** Eval results *****
2022-10-07 06:40:14.812 647:link-prediction        INFO     eval_acc = 0.7037
2022-10-07 06:40:14.812 647:link-prediction        INFO     eval_f1 = 0.7061
2022-10-07 06:40:14.812 647:link-prediction        INFO     eval_mcc = 0.4074
2022-10-07 06:40:14.812 647:link-prediction        INFO     eval_precision = 0.7004
2022-10-07 06:40:14.812 647:link-prediction        INFO     eval_recall = 0.7119
2022-10-07 06:40:14.812 647:link-prediction        INFO     eval_threshold = 0.5
2022-10-07 06:40:16.665 598:link-prediction        INFO   ***** Running evaluation *****
2022-10-07 06:40:16.665 599:link-prediction        INFO     Num examples = 10940
2022-10-07 06:40:16.665 600:link-prediction        INFO     Batch size = 32
2022-10-07 06:40:22.792 645:link-prediction        INFO   ***** Eval results *****
2022-10-07 06:40:22.792 647:link-prediction        INFO     eval_acc = 0.7113
2022-10-07 06:40:22.793 647:link-prediction        INFO     eval_f1 = 0.6932
2022-10-07 06:40:22.793 647:link-prediction        INFO     eval_mcc = 0.4257
2022-10-07 06:40:22.793 647:link-prediction        INFO     eval_precision = 0.7397
2022-10-07 06:40:22.793 647:link-prediction        INFO     eval_recall = 0.6521
2022-10-07 06:40:22.793 647:link-prediction        INFO     eval_threshold = 0.5
2022-10-07 06:40:24.724 598:link-prediction        INFO   ***** Running evaluation *****
2022-10-07 06:40:24.724 599:link-prediction        INFO     Num examples = 10940
2022-10-07 06:40:24.725 600:link-prediction        INFO     Batch size = 32
2022-10-07 06:40:30.955 645:link-prediction        INFO   ***** Eval results *****
2022-10-07 06:40:30.956 647:link-prediction        INFO     eval_acc = 0.7075
2022-10-07 06:40:30.956 647:link-prediction        INFO     eval_f1 = 0.6996
2022-10-07 06:40:30.956 647:link-prediction        INFO     eval_mcc = 0.4156
2022-10-07 06:40:30.956 647:link-prediction        INFO     eval_precision = 0.719
2022-10-07 06:40:30.956 647:link-prediction        INFO     eval_recall = 0.6812
2022-10-07 06:40:30.956 647:link-prediction        INFO     eval_threshold = 0.5
2022-10-07 06:40:32.864 598:link-prediction        INFO   ***** Running evaluation *****
2022-10-07 06:40:32.864 599:link-prediction        INFO     Num examples = 10940
2022-10-07 06:40:32.864 600:link-prediction        INFO     Batch size = 32
2022-10-07 06:40:39.093 645:link-prediction        INFO   ***** Eval results *****
2022-10-07 06:40:39.093 647:link-prediction        INFO     eval_acc = 0.7043
2022-10-07 06:40:39.093 647:link-prediction        INFO     eval_f1 = 0.6912
2022-10-07 06:40:39.093 647:link-prediction        INFO     eval_mcc = 0.4101
2022-10-07 06:40:39.093 647:link-prediction        INFO     eval_precision = 0.7233
2022-10-07 06:40:39.093 647:link-prediction        INFO     eval_recall = 0.6618
2022-10-07 06:40:39.093 647:link-prediction        INFO     eval_threshold = 0.5
2022-10-07 06:40:40.954 598:link-prediction        INFO   ***** Running evaluation *****
2022-10-07 06:40:40.954 599:link-prediction        INFO     Num examples = 10940
2022-10-07 06:40:40.954 600:link-prediction        INFO     Batch size = 32
2022-10-07 06:40:47.175 645:link-prediction        INFO   ***** Eval results *****
2022-10-07 06:40:47.176 647:link-prediction        INFO     eval_acc = 0.7073
2022-10-07 06:40:47.176 647:link-prediction        INFO     eval_f1 = 0.6936
2022-10-07 06:40:47.176 647:link-prediction        INFO     eval_mcc = 0.4163
2022-10-07 06:40:47.176 647:link-prediction        INFO     eval_precision = 0.7276
2022-10-07 06:40:47.176 647:link-prediction        INFO     eval_recall = 0.6627
2022-10-07 06:40:47.176 647:link-prediction        INFO     eval_threshold = 0.5
2022-10-07 06:40:49.079 598:link-prediction        INFO   ***** Running evaluation *****
2022-10-07 06:40:49.080 599:link-prediction        INFO     Num examples = 10940
2022-10-07 06:40:49.080 600:link-prediction        INFO     Batch size = 32
2022-10-07 06:40:55.341 645:link-prediction        INFO   ***** Eval results *****
2022-10-07 06:40:55.341 647:link-prediction        INFO     eval_acc = 0.7171
2022-10-07 06:40:55.341 647:link-prediction        INFO     eval_f1 = 0.7093
2022-10-07 06:40:55.341 647:link-prediction        INFO     eval_mcc = 0.4348
2022-10-07 06:40:55.341 647:link-prediction        INFO     eval_precision = 0.7295
2022-10-07 06:40:55.342 647:link-prediction        INFO     eval_recall = 0.6901
2022-10-07 06:40:55.342 647:link-prediction        INFO     eval_threshold = 0.5
2022-10-07 06:40:55.344 562:link-prediction        INFO     ********************
2022-10-07 06:40:55.344 563:link-prediction        INFO     Best MCC:0.4348
2022-10-07 06:40:55.344 564:link-prediction        INFO     ********************
2022-10-07 06:40:55.345 579:link-prediction        INFO   Saving model checkpoint to ../link_prediction/java250_res/plm/saved_codebertmodels/2/cfg_1/checkpoint-best-mcc/model.bin
2022-10-07 06:40:55.713 668:link-prediction        INFO   ***** Running Test *****
2022-10-07 06:40:55.713 669:link-prediction        INFO     Num examples = 10840
2022-10-07 06:40:55.713 670:link-prediction        INFO     Batch size = 32
2022-10-07 06:41:01.828 711:link-prediction        INFO   ***** Test results *****
2022-10-07 06:41:01.829 713:link-prediction        INFO     eval_acc = 0.718
2022-10-07 06:41:01.829 713:link-prediction        INFO     eval_f1 = 0.7126
2022-10-07 06:41:01.829 713:link-prediction        INFO     eval_mcc = 0.4363
2022-10-07 06:41:01.829 713:link-prediction        INFO     eval_precision = 0.7266
2022-10-07 06:41:01.829 713:link-prediction        INFO     eval_recall = 0.6991
2022-10-07 06:41:01.829 713:link-prediction        INFO     eval_threshold = 0.5
