2023-05-22 13:30:12.744 952:link-prediction        DEBUG  main message
2023-05-22 13:30:12.745 958:link-prediction        WARNING device: cuda, n_gpu: 1
2023-05-22 13:30:13.420 973:link-prediction        INFO   Load Dataset
2023-05-22 13:30:54.417 243:link-prediction        INFO   Load Span file and Graph data, data path: ../datasets/java250/graphs/codet5/codet5_train_ast_cleaned.pt
2023-05-22 13:30:56.905 295:link-prediction        INFO   Labels Counter({0: 38946, 1: 38567})
2023-05-22 13:30:56.962 243:link-prediction        INFO   Load Span file and Graph data, data path: ../datasets/java250/graphs/codet5/codet5_valid_ast_cleaned.pt
2023-05-22 13:30:58.061 295:link-prediction        INFO   Labels Counter({0: 12975, 1: 12839})
2023-05-22 13:30:58.108 243:link-prediction        INFO   Load Span file and Graph data, data path: ../datasets/java250/graphs/codet5/codet5_test_ast_cleaned.pt
2023-05-22 13:30:59.498 295:link-prediction        INFO   Labels Counter({0: 12840, 1: 12718})
2023-05-22 13:30:59.499 300:link-prediction        INFO   *** Example ***
2023-05-22 13:30:59.499 301:link-prediction        INFO   idx: s549792591_main
2023-05-22 13:30:59.499 302:link-prediction        INFO   label: 0
2023-05-22 13:30:59.502 303:link-prediction        INFO   input_tokens_1: ['System', '.', 'out']
2023-05-22 13:30:59.503 311:link-prediction        INFO   input_ids_1: 62 65
2023-05-22 13:30:59.503 318:link-prediction        INFO   span_arry_1: [62, 64] [62, 64], mask 1 0
2023-05-22 13:30:59.503 328:link-prediction        INFO   input_tokens_reverse_1: ĠSystem . out
2023-05-22 13:30:59.503 338:link-prediction        INFO   input_tokens_2: ['s']
2023-05-22 13:30:59.503 346:link-prediction        INFO   input_ids_2: 12 13
2023-05-22 13:30:59.503 353:link-prediction        INFO   span_arry_2: [12, 12] [12, 12], mask 1 0
2023-05-22 13:30:59.504 363:link-prediction        INFO   input_tokens_reverse_2: Ġs
2023-05-22 13:30:59.504 300:link-prediction        INFO   *** Example ***
2023-05-22 13:30:59.504 301:link-prediction        INFO   idx: s004694720_main
2023-05-22 13:30:59.504 302:link-prediction        INFO   label: 0
2023-05-22 13:30:59.504 303:link-prediction        INFO   input_tokens_1: ['i']
2023-05-22 13:30:59.504 311:link-prediction        INFO   input_ids_1: 119 120
2023-05-22 13:30:59.505 318:link-prediction        INFO   span_arry_1: [119, 119] [119, 119], mask 1 0
2023-05-22 13:30:59.505 328:link-prediction        INFO   input_tokens_reverse_1: Ġi
2023-05-22 13:30:59.505 338:link-prediction        INFO   input_tokens_2: ['System', '.', 'out']
2023-05-22 13:30:59.505 346:link-prediction        INFO   input_ids_2: 237 240
2023-05-22 13:30:59.505 353:link-prediction        INFO   span_arry_2: [237, 239] [237, 239], mask 1 0
2023-05-22 13:30:59.505 363:link-prediction        INFO   input_tokens_reverse_2: ĠSystem . out
2023-05-22 13:30:59.506 300:link-prediction        INFO   *** Example ***
2023-05-22 13:30:59.506 301:link-prediction        INFO   idx: s871054988_gcb
2023-05-22 13:30:59.506 302:link-prediction        INFO   label: 1
2023-05-22 13:30:59.506 303:link-prediction        INFO   input_tokens_1: ['private', '_static', '_BigInteger', '_g', 'cb', '(', 'BigInteger', '_A', ',', '_BigInteger', '_B', ')']
2023-05-22 13:30:59.507 311:link-prediction        INFO   input_ids_1: 1 13
2023-05-22 13:30:59.507 318:link-prediction        INFO   span_arry_1: [1, 2] [4, 12], mask 1 1
2023-05-22 13:30:59.507 328:link-prediction        INFO   input_tokens_reverse_1: private Ġstatic ĠBigInteger Ġg cb ( BigInteger ĠA , ĠBigInteger ĠB )
2023-05-22 13:30:59.507 338:link-prediction        INFO   input_tokens_2: ['BigInteger']
2023-05-22 13:30:59.507 346:link-prediction        INFO   input_ids_2: 3 4
2023-05-22 13:30:59.507 353:link-prediction        INFO   span_arry_2: [3, 3] [3, 3], mask 1 0
2023-05-22 13:30:59.508 363:link-prediction        INFO   input_tokens_reverse_2: ĠBigInteger
2023-05-22 13:30:59.508 300:link-prediction        INFO   *** Example ***
2023-05-22 13:30:59.508 301:link-prediction        INFO   idx: s231160993_main
2023-05-22 13:30:59.508 302:link-prediction        INFO   label: 1
2023-05-22 13:30:59.508 303:link-prediction        INFO   input_tokens_1: ['list', '_=', '_new', '_ArrayList', '<>', '()']
2023-05-22 13:30:59.509 311:link-prediction        INFO   input_ids_1: 33 39
2023-05-22 13:30:59.509 318:link-prediction        INFO   span_arry_1: [33, 34] [33, 34], mask 1 0
2023-05-22 13:30:59.509 328:link-prediction        INFO   input_tokens_reverse_1: Ġlist Ġ= Ġnew ĠArrayList <> ();
2023-05-22 13:30:59.509 338:link-prediction        INFO   input_tokens_2: ['new', '_ArrayList', '<>', '()']
2023-05-22 13:30:59.509 346:link-prediction        INFO   input_ids_2: 35 39
2023-05-22 13:30:59.510 353:link-prediction        INFO   span_arry_2: [35, 38] [35, 38], mask 1 0
2023-05-22 13:30:59.510 363:link-prediction        INFO   input_tokens_reverse_2: Ġnew ĠArrayList <> ();
2023-05-22 13:30:59.510 300:link-prediction        INFO   *** Example ***
2023-05-22 13:30:59.510 301:link-prediction        INFO   idx: s027443282_connect
2023-05-22 13:30:59.510 302:link-prediction        INFO   label: 0
2023-05-22 13:30:59.510 303:link-prediction        INFO   input_tokens_1: ['parent', '[', 'root', 'P', ']']
2023-05-22 13:30:59.511 311:link-prediction        INFO   input_ids_1: 78 83
2023-05-22 13:30:59.511 318:link-prediction        INFO   span_arry_1: [78, 82] [78, 82], mask 1 0
2023-05-22 13:30:59.511 328:link-prediction        INFO   input_tokens_reverse_1: Ġparent [ root P ]
2023-05-22 13:30:59.511 338:link-prediction        INFO   input_tokens_2: ['rank', '[', 'root', 'P', ']']
2023-05-22 13:30:59.512 346:link-prediction        INFO   input_ids_2: 51 56
2023-05-22 13:30:59.512 353:link-prediction        INFO   span_arry_2: [51, 55] [51, 55], mask 1 0
2023-05-22 13:30:59.512 363:link-prediction        INFO   input_tokens_reverse_2: Ġrank [ root P ]
2023-05-22 13:30:59.512 300:link-prediction        INFO   *** Example ***
2023-05-22 13:30:59.512 301:link-prediction        INFO   idx: s355253302_quick_sort
2023-05-22 13:30:59.512 302:link-prediction        INFO   label: 1
2023-05-22 13:30:59.513 303:link-prediction        INFO   input_tokens_1: ['l', '_=', '_left']
2023-05-22 13:30:59.513 311:link-prediction        INFO   input_ids_1: 42 45
2023-05-22 13:30:59.513 318:link-prediction        INFO   span_arry_1: [43, 44] [43, 44], mask 1 0
2023-05-22 13:30:59.513 328:link-prediction        INFO   input_tokens_reverse_1: Ġl Ġ= Ġleft
2023-05-22 13:30:59.513 338:link-prediction        INFO   input_tokens_2: ['l']
2023-05-22 13:30:59.513 346:link-prediction        INFO   input_ids_2: 42 43
2023-05-22 13:30:59.514 353:link-prediction        INFO   span_arry_2: [42, 42] [42, 42], mask 1 0
2023-05-22 13:30:59.514 363:link-prediction        INFO   input_tokens_reverse_2: Ġl
2023-05-22 13:30:59.514 300:link-prediction        INFO   *** Example ***
2023-05-22 13:30:59.514 301:link-prediction        INFO   idx: s597774623_nextLine
2023-05-22 13:30:59.514 302:link-prediction        INFO   label: 1
2023-05-22 13:30:59.514 303:link-prediction        INFO   input_tokens_1: ['str', '_=', '_br', '.', 'read', 'Line', '()']
2023-05-22 13:30:59.514 311:link-prediction        INFO   input_ids_1: 12 19
2023-05-22 13:30:59.515 318:link-prediction        INFO   span_arry_1: [12, 13] [12, 13], mask 1 0
2023-05-22 13:30:59.515 328:link-prediction        INFO   input_tokens_reverse_1: Ġstr Ġ= Ġbr . read Line ();
2023-05-22 13:30:59.515 338:link-prediction        INFO   input_tokens_2: ['br', '.', 'read', 'Line', '()']
2023-05-22 13:30:59.515 346:link-prediction        INFO   input_ids_2: 14 19
2023-05-22 13:30:59.515 353:link-prediction        INFO   span_arry_2: [14, 18] [14, 18], mask 1 0
2023-05-22 13:30:59.515 363:link-prediction        INFO   input_tokens_reverse_2: Ġbr . read Line ();
2023-05-22 13:30:59.515 300:link-prediction        INFO   *** Example ***
2023-05-22 13:30:59.516 301:link-prediction        INFO   idx: s597774623_main
2023-05-22 13:30:59.516 302:link-prediction        INFO   label: 0
2023-05-22 13:30:59.516 303:link-prediction        INFO   input_tokens_1: ['i', '_<', '_N']
2023-05-22 13:30:59.516 311:link-prediction        INFO   input_ids_1: 70 73
2023-05-22 13:30:59.516 318:link-prediction        INFO   span_arry_1: [70, 72] [70, 72], mask 1 0
2023-05-22 13:30:59.516 328:link-prediction        INFO   input_tokens_reverse_1: Ġi Ġ< ĠN
2023-05-22 13:30:59.516 338:link-prediction        INFO   input_tokens_2: ['N']
2023-05-22 13:30:59.517 346:link-prediction        INFO   input_ids_2: 61 62
2023-05-22 13:30:59.517 353:link-prediction        INFO   span_arry_2: [61, 61] [61, 61], mask 1 0
2023-05-22 13:30:59.517 363:link-prediction        INFO   input_tokens_reverse_2: N
2023-05-22 13:30:59.517 300:link-prediction        INFO   *** Example ***
2023-05-22 13:30:59.517 301:link-prediction        INFO   idx: s809030941_run
2023-05-22 13:30:59.517 302:link-prediction        INFO   label: 0
2023-05-22 13:30:59.518 303:link-prediction        INFO   input_tokens_1: ['i']
2023-05-22 13:30:59.518 311:link-prediction        INFO   input_ids_1: 155 156
2023-05-22 13:30:59.518 318:link-prediction        INFO   span_arry_1: [155, 155] [155, 155], mask 1 0
2023-05-22 13:30:59.518 328:link-prediction        INFO   input_tokens_reverse_1: Ġi
2023-05-22 13:30:59.518 338:link-prediction        INFO   input_tokens_2: ['a', '_=', '_new', '_int', '[', '2', '][', 'n', ']']
2023-05-22 13:30:59.518 346:link-prediction        INFO   input_ids_2: 32 41
2023-05-22 13:30:59.519 353:link-prediction        INFO   span_arry_2: [32, 40] [32, 40], mask 1 0
2023-05-22 13:30:59.519 363:link-prediction        INFO   input_tokens_reverse_2: Ġa Ġ= Ġnew Ġint [ 2 ][ n ];
2023-05-22 13:31:00.920 1017:link-prediction        INFO   Finishing loading Dataset
2023-05-22 13:31:00.945 1026:link-prediction        INFO   Probimg Model Parameters 3843
2023-05-22 13:31:00.945 1027:link-prediction        INFO   Training/evaluation parameters Namespace(adam_epsilon=1e-08, class_num=2, config_name='Salesforce/codet5-base', data_folder='../datasets/java250/graphs', dataset='java250', debug=False, device=device(type='cuda'), do_crossing='cleaned', do_eval=False, do_random=True, do_test=True, do_train=True, epochs=2, eval_batch_size=32, evaluate_during_training=False, gradient_accumulation_steps=1, graph_type='ast', layer=7, learning_rate=0.001, max_code_length=512, max_grad_norm=1.0, max_steps=-1, model_name='codet5', model_name_or_path='Salesforce/codet5-base', n_gpu=1, output_dir='../link_prediction/java250_res/random/saved_codet5models/2/ast_7', posratio=0.5, seed=603, token_config='Salesforce/codet5-base', train_batch_size=64, warmup_steps=0, weight_decay=0.0)
2023-05-22 13:31:02.547 488:link-prediction        INFO   ***** Running training *****
2023-05-22 13:31:02.547 489:link-prediction        INFO     Num examples = 77513
2023-05-22 13:31:02.547 490:link-prediction        INFO     Num Epochs = 2
2023-05-22 13:31:02.547 491:link-prediction        INFO     Instantaneous batch size per GPU = 64
2023-05-22 13:31:02.547 495:link-prediction        INFO     Total train batch size = 64
2023-05-22 13:31:02.547 499:link-prediction        INFO     Gradient Accumulation steps = 1
2023-05-22 13:31:02.548 502:link-prediction        INFO     Total optimization steps = 2424
2023-05-22 13:31:10.400 617:link-prediction        INFO   ***** Running evaluation *****
2023-05-22 13:31:10.400 618:link-prediction        INFO     Num examples = 25814
2023-05-22 13:31:10.401 619:link-prediction        INFO     Batch size = 32
2023-05-22 13:31:34.180 664:link-prediction        INFO   ***** Eval results *****
2023-05-22 13:31:34.181 666:link-prediction        INFO     eval_acc = 0.7575
2023-05-22 13:31:34.181 666:link-prediction        INFO     eval_f1 = 0.7596
2023-05-22 13:31:34.181 666:link-prediction        INFO     eval_mcc = 0.5152
2023-05-22 13:31:34.181 666:link-prediction        INFO     eval_precision = 0.7491
2023-05-22 13:31:34.181 666:link-prediction        INFO     eval_recall = 0.7705
2023-05-22 13:31:34.182 666:link-prediction        INFO     eval_threshold = 0.5
2023-05-22 13:31:34.184 559:link-prediction        INFO     ********************
2023-05-22 13:31:34.184 560:link-prediction        INFO     Best f1:0.7596
2023-05-22 13:31:34.185 561:link-prediction        INFO     ********************
2023-05-22 13:31:34.187 576:link-prediction        INFO   Saving model checkpoint to ../link_prediction/java250_res/random/saved_codet5models/2/ast_7/checkpoint-best-f1/model.bin
2023-05-22 13:31:34.188 581:link-prediction        INFO     ********************
2023-05-22 13:31:34.188 582:link-prediction        INFO     Best MCC:0.5152
2023-05-22 13:31:34.188 583:link-prediction        INFO     ********************
2023-05-22 13:31:34.190 598:link-prediction        INFO   Saving model checkpoint to ../link_prediction/java250_res/random/saved_codet5models/2/ast_7/checkpoint-best-mcc/model.bin
2023-05-22 13:31:41.306 617:link-prediction        INFO   ***** Running evaluation *****
2023-05-22 13:31:41.307 618:link-prediction        INFO     Num examples = 25814
2023-05-22 13:31:41.307 619:link-prediction        INFO     Batch size = 32
2023-05-22 13:32:04.877 664:link-prediction        INFO   ***** Eval results *****
2023-05-22 13:32:04.878 666:link-prediction        INFO     eval_acc = 0.8161
2023-05-22 13:32:04.878 666:link-prediction        INFO     eval_f1 = 0.816
2023-05-22 13:32:04.878 666:link-prediction        INFO     eval_mcc = 0.6322
2023-05-22 13:32:04.878 666:link-prediction        INFO     eval_precision = 0.8121
2023-05-22 13:32:04.878 666:link-prediction        INFO     eval_recall = 0.8199
2023-05-22 13:32:04.879 666:link-prediction        INFO     eval_threshold = 0.5
2023-05-22 13:32:04.881 559:link-prediction        INFO     ********************
2023-05-22 13:32:04.881 560:link-prediction        INFO     Best f1:0.816
2023-05-22 13:32:04.882 561:link-prediction        INFO     ********************
2023-05-22 13:32:04.884 576:link-prediction        INFO   Saving model checkpoint to ../link_prediction/java250_res/random/saved_codet5models/2/ast_7/checkpoint-best-f1/model.bin
2023-05-22 13:32:04.884 581:link-prediction        INFO     ********************
2023-05-22 13:32:04.884 582:link-prediction        INFO     Best MCC:0.6322
2023-05-22 13:32:04.884 583:link-prediction        INFO     ********************
2023-05-22 13:32:04.886 598:link-prediction        INFO   Saving model checkpoint to ../link_prediction/java250_res/random/saved_codet5models/2/ast_7/checkpoint-best-mcc/model.bin
2023-05-22 13:32:12.053 617:link-prediction        INFO   ***** Running evaluation *****
2023-05-22 13:32:12.053 618:link-prediction        INFO     Num examples = 25814
2023-05-22 13:32:12.054 619:link-prediction        INFO     Batch size = 32
2023-05-22 13:32:34.108 664:link-prediction        INFO   ***** Eval results *****
2023-05-22 13:32:34.108 666:link-prediction        INFO     eval_acc = 0.8099
2023-05-22 13:32:34.108 666:link-prediction        INFO     eval_f1 = 0.8334
2023-05-22 13:32:34.109 666:link-prediction        INFO     eval_mcc = 0.6486
2023-05-22 13:32:34.109 666:link-prediction        INFO     eval_precision = 0.7387
2023-05-22 13:32:34.109 666:link-prediction        INFO     eval_recall = 0.9558
2023-05-22 13:32:34.109 666:link-prediction        INFO     eval_threshold = 0.5
2023-05-22 13:32:34.112 559:link-prediction        INFO     ********************
2023-05-22 13:32:34.112 560:link-prediction        INFO     Best f1:0.8334
2023-05-22 13:32:34.113 561:link-prediction        INFO     ********************
2023-05-22 13:32:34.115 576:link-prediction        INFO   Saving model checkpoint to ../link_prediction/java250_res/random/saved_codet5models/2/ast_7/checkpoint-best-f1/model.bin
2023-05-22 13:32:34.115 581:link-prediction        INFO     ********************
2023-05-22 13:32:34.116 582:link-prediction        INFO     Best MCC:0.6486
2023-05-22 13:32:34.116 583:link-prediction        INFO     ********************
2023-05-22 13:32:34.118 598:link-prediction        INFO   Saving model checkpoint to ../link_prediction/java250_res/random/saved_codet5models/2/ast_7/checkpoint-best-mcc/model.bin
2023-05-22 13:32:41.314 617:link-prediction        INFO   ***** Running evaluation *****
2023-05-22 13:32:41.315 618:link-prediction        INFO     Num examples = 25814
2023-05-22 13:32:41.315 619:link-prediction        INFO     Batch size = 32
2023-05-22 13:33:04.329 664:link-prediction        INFO   ***** Eval results *****
2023-05-22 13:33:04.330 666:link-prediction        INFO     eval_acc = 0.8338
2023-05-22 13:33:04.330 666:link-prediction        INFO     eval_f1 = 0.8472
2023-05-22 13:33:04.330 666:link-prediction        INFO     eval_mcc = 0.6798
2023-05-22 13:33:04.330 666:link-prediction        INFO     eval_precision = 0.7803
2023-05-22 13:33:04.330 666:link-prediction        INFO     eval_recall = 0.9268
2023-05-22 13:33:04.330 666:link-prediction        INFO     eval_threshold = 0.5
2023-05-22 13:33:04.334 559:link-prediction        INFO     ********************
2023-05-22 13:33:04.334 560:link-prediction        INFO     Best f1:0.8472
2023-05-22 13:33:04.334 561:link-prediction        INFO     ********************
2023-05-22 13:33:04.337 576:link-prediction        INFO   Saving model checkpoint to ../link_prediction/java250_res/random/saved_codet5models/2/ast_7/checkpoint-best-f1/model.bin
2023-05-22 13:33:04.337 581:link-prediction        INFO     ********************
2023-05-22 13:33:04.338 582:link-prediction        INFO     Best MCC:0.6798
2023-05-22 13:33:04.338 583:link-prediction        INFO     ********************
2023-05-22 13:33:04.339 598:link-prediction        INFO   Saving model checkpoint to ../link_prediction/java250_res/random/saved_codet5models/2/ast_7/checkpoint-best-mcc/model.bin
2023-05-22 13:33:11.440 617:link-prediction        INFO   ***** Running evaluation *****
2023-05-22 13:33:11.441 618:link-prediction        INFO     Num examples = 25814
2023-05-22 13:33:11.441 619:link-prediction        INFO     Batch size = 32
2023-05-22 13:33:34.808 664:link-prediction        INFO   ***** Eval results *****
2023-05-22 13:33:34.808 666:link-prediction        INFO     eval_acc = 0.843
2023-05-22 13:33:34.808 666:link-prediction        INFO     eval_f1 = 0.8426
2023-05-22 13:33:34.808 666:link-prediction        INFO     eval_mcc = 0.6859
2023-05-22 13:33:34.809 666:link-prediction        INFO     eval_precision = 0.8403
2023-05-22 13:33:34.809 666:link-prediction        INFO     eval_recall = 0.8448
2023-05-22 13:33:34.809 666:link-prediction        INFO     eval_threshold = 0.5
2023-05-22 13:33:34.811 581:link-prediction        INFO     ********************
2023-05-22 13:33:34.812 582:link-prediction        INFO     Best MCC:0.6859
2023-05-22 13:33:34.812 583:link-prediction        INFO     ********************
2023-05-22 13:33:34.814 598:link-prediction        INFO   Saving model checkpoint to ../link_prediction/java250_res/random/saved_codet5models/2/ast_7/checkpoint-best-mcc/model.bin
2023-05-22 13:33:42.109 617:link-prediction        INFO   ***** Running evaluation *****
2023-05-22 13:33:42.110 618:link-prediction        INFO     Num examples = 25814
2023-05-22 13:33:42.110 619:link-prediction        INFO     Batch size = 32
2023-05-22 13:34:05.589 664:link-prediction        INFO   ***** Eval results *****
2023-05-22 13:34:05.590 666:link-prediction        INFO     eval_acc = 0.8389
2023-05-22 13:34:05.590 666:link-prediction        INFO     eval_f1 = 0.8388
2023-05-22 13:34:05.590 666:link-prediction        INFO     eval_mcc = 0.6779
2023-05-22 13:34:05.590 666:link-prediction        INFO     eval_precision = 0.835
2023-05-22 13:34:05.590 666:link-prediction        INFO     eval_recall = 0.8427
2023-05-22 13:34:05.590 666:link-prediction        INFO     eval_threshold = 0.5
2023-05-22 13:34:12.506 617:link-prediction        INFO   ***** Running evaluation *****
2023-05-22 13:34:12.506 618:link-prediction        INFO     Num examples = 25814
2023-05-22 13:34:12.506 619:link-prediction        INFO     Batch size = 32
2023-05-22 13:34:35.143 664:link-prediction        INFO   ***** Eval results *****
2023-05-22 13:34:35.143 666:link-prediction        INFO     eval_acc = 0.8579
2023-05-22 13:34:35.143 666:link-prediction        INFO     eval_f1 = 0.8652
2023-05-22 13:34:35.144 666:link-prediction        INFO     eval_mcc = 0.7211
2023-05-22 13:34:35.144 666:link-prediction        INFO     eval_precision = 0.8194
2023-05-22 13:34:35.144 666:link-prediction        INFO     eval_recall = 0.9163
2023-05-22 13:34:35.144 666:link-prediction        INFO     eval_threshold = 0.5
2023-05-22 13:34:35.147 559:link-prediction        INFO     ********************
2023-05-22 13:34:35.147 560:link-prediction        INFO     Best f1:0.8652
2023-05-22 13:34:35.147 561:link-prediction        INFO     ********************
2023-05-22 13:34:35.151 576:link-prediction        INFO   Saving model checkpoint to ../link_prediction/java250_res/random/saved_codet5models/2/ast_7/checkpoint-best-f1/model.bin
2023-05-22 13:34:35.151 581:link-prediction        INFO     ********************
2023-05-22 13:34:35.151 582:link-prediction        INFO     Best MCC:0.7211
2023-05-22 13:34:35.151 583:link-prediction        INFO     ********************
2023-05-22 13:34:35.153 598:link-prediction        INFO   Saving model checkpoint to ../link_prediction/java250_res/random/saved_codet5models/2/ast_7/checkpoint-best-mcc/model.bin
2023-05-22 13:34:42.026 617:link-prediction        INFO   ***** Running evaluation *****
2023-05-22 13:34:42.027 618:link-prediction        INFO     Num examples = 25814
2023-05-22 13:34:42.027 619:link-prediction        INFO     Batch size = 32
2023-05-22 13:35:05.528 664:link-prediction        INFO   ***** Eval results *****
2023-05-22 13:35:05.529 666:link-prediction        INFO     eval_acc = 0.8639
2023-05-22 13:35:05.529 666:link-prediction        INFO     eval_f1 = 0.8683
2023-05-22 13:35:05.529 666:link-prediction        INFO     eval_mcc = 0.7301
2023-05-22 13:35:05.529 666:link-prediction        INFO     eval_precision = 0.8372
2023-05-22 13:35:05.529 666:link-prediction        INFO     eval_recall = 0.9018
2023-05-22 13:35:05.529 666:link-prediction        INFO     eval_threshold = 0.5
2023-05-22 13:35:05.532 559:link-prediction        INFO     ********************
2023-05-22 13:35:05.532 560:link-prediction        INFO     Best f1:0.8683
2023-05-22 13:35:05.532 561:link-prediction        INFO     ********************
2023-05-22 13:35:05.534 576:link-prediction        INFO   Saving model checkpoint to ../link_prediction/java250_res/random/saved_codet5models/2/ast_7/checkpoint-best-f1/model.bin
2023-05-22 13:35:05.534 581:link-prediction        INFO     ********************
2023-05-22 13:35:05.534 582:link-prediction        INFO     Best MCC:0.7301
2023-05-22 13:35:05.534 583:link-prediction        INFO     ********************
2023-05-22 13:35:05.536 598:link-prediction        INFO   Saving model checkpoint to ../link_prediction/java250_res/random/saved_codet5models/2/ast_7/checkpoint-best-mcc/model.bin
2023-05-22 13:35:12.385 617:link-prediction        INFO   ***** Running evaluation *****
2023-05-22 13:35:12.385 618:link-prediction        INFO     Num examples = 25814
2023-05-22 13:35:12.385 619:link-prediction        INFO     Batch size = 32
2023-05-22 13:35:35.340 664:link-prediction        INFO   ***** Eval results *****
2023-05-22 13:35:35.341 666:link-prediction        INFO     eval_acc = 0.8599
2023-05-22 13:35:35.341 666:link-prediction        INFO     eval_f1 = 0.8693
2023-05-22 13:35:35.341 666:link-prediction        INFO     eval_mcc = 0.7288
2023-05-22 13:35:35.341 666:link-prediction        INFO     eval_precision = 0.811
2023-05-22 13:35:35.341 666:link-prediction        INFO     eval_recall = 0.9367
2023-05-22 13:35:35.341 666:link-prediction        INFO     eval_threshold = 0.5
2023-05-22 13:35:35.344 559:link-prediction        INFO     ********************
2023-05-22 13:35:35.344 560:link-prediction        INFO     Best f1:0.8693
2023-05-22 13:35:35.344 561:link-prediction        INFO     ********************
2023-05-22 13:35:35.347 576:link-prediction        INFO   Saving model checkpoint to ../link_prediction/java250_res/random/saved_codet5models/2/ast_7/checkpoint-best-f1/model.bin
2023-05-22 13:35:42.463 617:link-prediction        INFO   ***** Running evaluation *****
2023-05-22 13:35:42.464 618:link-prediction        INFO     Num examples = 25814
2023-05-22 13:35:42.464 619:link-prediction        INFO     Batch size = 32
2023-05-22 13:36:05.709 664:link-prediction        INFO   ***** Eval results *****
2023-05-22 13:36:05.710 666:link-prediction        INFO     eval_acc = 0.8664
2023-05-22 13:36:05.710 666:link-prediction        INFO     eval_f1 = 0.8752
2023-05-22 13:36:05.710 666:link-prediction        INFO     eval_mcc = 0.7415
2023-05-22 13:36:05.710 666:link-prediction        INFO     eval_precision = 0.8171
2023-05-22 13:36:05.710 666:link-prediction        INFO     eval_recall = 0.9422
2023-05-22 13:36:05.710 666:link-prediction        INFO     eval_threshold = 0.5
2023-05-22 13:36:05.713 559:link-prediction        INFO     ********************
2023-05-22 13:36:05.713 560:link-prediction        INFO     Best f1:0.8752
2023-05-22 13:36:05.713 561:link-prediction        INFO     ********************
2023-05-22 13:36:05.715 576:link-prediction        INFO   Saving model checkpoint to ../link_prediction/java250_res/random/saved_codet5models/2/ast_7/checkpoint-best-f1/model.bin
2023-05-22 13:36:05.715 581:link-prediction        INFO     ********************
2023-05-22 13:36:05.715 582:link-prediction        INFO     Best MCC:0.7415
2023-05-22 13:36:05.715 583:link-prediction        INFO     ********************
2023-05-22 13:36:05.717 598:link-prediction        INFO   Saving model checkpoint to ../link_prediction/java250_res/random/saved_codet5models/2/ast_7/checkpoint-best-mcc/model.bin
2023-05-22 13:36:12.831 617:link-prediction        INFO   ***** Running evaluation *****
2023-05-22 13:36:12.831 618:link-prediction        INFO     Num examples = 25814
2023-05-22 13:36:12.832 619:link-prediction        INFO     Batch size = 32
2023-05-22 13:36:36.207 664:link-prediction        INFO   ***** Eval results *****
2023-05-22 13:36:36.207 666:link-prediction        INFO     eval_acc = 0.8621
2023-05-22 13:36:36.208 666:link-prediction        INFO     eval_f1 = 0.8675
2023-05-22 13:36:36.208 666:link-prediction        INFO     eval_mcc = 0.7274
2023-05-22 13:36:36.208 666:link-prediction        INFO     eval_precision = 0.8311
2023-05-22 13:36:36.208 666:link-prediction        INFO     eval_recall = 0.9072
2023-05-22 13:36:36.208 666:link-prediction        INFO     eval_threshold = 0.5
2023-05-22 13:36:42.927 617:link-prediction        INFO   ***** Running evaluation *****
2023-05-22 13:36:42.928 618:link-prediction        INFO     Num examples = 25814
2023-05-22 13:36:42.928 619:link-prediction        INFO     Batch size = 32
2023-05-22 13:37:05.535 664:link-prediction        INFO   ***** Eval results *****
2023-05-22 13:37:05.537 666:link-prediction        INFO     eval_acc = 0.8529
2023-05-22 13:37:05.537 666:link-prediction        INFO     eval_f1 = 0.8421
2023-05-22 13:37:05.537 666:link-prediction        INFO     eval_mcc = 0.7113
2023-05-22 13:37:05.537 666:link-prediction        INFO     eval_precision = 0.9034
2023-05-22 13:37:05.537 666:link-prediction        INFO     eval_recall = 0.7885
2023-05-22 13:37:05.538 666:link-prediction        INFO     eval_threshold = 0.5
2023-05-22 13:37:12.619 617:link-prediction        INFO   ***** Running evaluation *****
2023-05-22 13:37:12.620 618:link-prediction        INFO     Num examples = 25814
2023-05-22 13:37:12.620 619:link-prediction        INFO     Batch size = 32
2023-05-22 13:37:36.222 664:link-prediction        INFO   ***** Eval results *****
2023-05-22 13:37:36.222 666:link-prediction        INFO     eval_acc = 0.8734
2023-05-22 13:37:36.222 666:link-prediction        INFO     eval_f1 = 0.8809
2023-05-22 13:37:36.222 666:link-prediction        INFO     eval_mcc = 0.7541
2023-05-22 13:37:36.222 666:link-prediction        INFO     eval_precision = 0.8276
2023-05-22 13:37:36.223 666:link-prediction        INFO     eval_recall = 0.9416
2023-05-22 13:37:36.223 666:link-prediction        INFO     eval_threshold = 0.5
2023-05-22 13:37:36.226 559:link-prediction        INFO     ********************
2023-05-22 13:37:36.226 560:link-prediction        INFO     Best f1:0.8809
2023-05-22 13:37:36.226 561:link-prediction        INFO     ********************
2023-05-22 13:37:36.229 576:link-prediction        INFO   Saving model checkpoint to ../link_prediction/java250_res/random/saved_codet5models/2/ast_7/checkpoint-best-f1/model.bin
2023-05-22 13:37:36.229 581:link-prediction        INFO     ********************
2023-05-22 13:37:36.229 582:link-prediction        INFO     Best MCC:0.7541
2023-05-22 13:37:36.229 583:link-prediction        INFO     ********************
2023-05-22 13:37:36.231 598:link-prediction        INFO   Saving model checkpoint to ../link_prediction/java250_res/random/saved_codet5models/2/ast_7/checkpoint-best-mcc/model.bin
2023-05-22 13:37:43.105 617:link-prediction        INFO   ***** Running evaluation *****
2023-05-22 13:37:43.106 618:link-prediction        INFO     Num examples = 25814
2023-05-22 13:37:43.106 619:link-prediction        INFO     Batch size = 32
2023-05-22 13:38:06.206 664:link-prediction        INFO   ***** Eval results *****
2023-05-22 13:38:06.207 666:link-prediction        INFO     eval_acc = 0.8662
2023-05-22 13:38:06.208 666:link-prediction        INFO     eval_f1 = 0.861
2023-05-22 13:38:06.208 666:link-prediction        INFO     eval_mcc = 0.7338
2023-05-22 13:38:06.208 666:link-prediction        INFO     eval_precision = 0.891
2023-05-22 13:38:06.208 666:link-prediction        INFO     eval_recall = 0.8329
2023-05-22 13:38:06.208 666:link-prediction        INFO     eval_threshold = 0.5
2023-05-22 13:38:12.936 617:link-prediction        INFO   ***** Running evaluation *****
2023-05-22 13:38:12.936 618:link-prediction        INFO     Num examples = 25814
2023-05-22 13:38:12.936 619:link-prediction        INFO     Batch size = 32
2023-05-22 13:38:36.018 664:link-prediction        INFO   ***** Eval results *****
2023-05-22 13:38:36.019 666:link-prediction        INFO     eval_acc = 0.8794
2023-05-22 13:38:36.019 666:link-prediction        INFO     eval_f1 = 0.8803
2023-05-22 13:38:36.019 666:link-prediction        INFO     eval_mcc = 0.7591
2023-05-22 13:38:36.019 666:link-prediction        INFO     eval_precision = 0.8697
2023-05-22 13:38:36.019 666:link-prediction        INFO     eval_recall = 0.8911
2023-05-22 13:38:36.019 666:link-prediction        INFO     eval_threshold = 0.5
2023-05-22 13:38:36.022 581:link-prediction        INFO     ********************
2023-05-22 13:38:36.022 582:link-prediction        INFO     Best MCC:0.7591
2023-05-22 13:38:36.022 583:link-prediction        INFO     ********************
2023-05-22 13:38:36.024 598:link-prediction        INFO   Saving model checkpoint to ../link_prediction/java250_res/random/saved_codet5models/2/ast_7/checkpoint-best-mcc/model.bin
2023-05-22 13:38:43.201 617:link-prediction        INFO   ***** Running evaluation *****
2023-05-22 13:38:43.201 618:link-prediction        INFO     Num examples = 25814
2023-05-22 13:38:43.202 619:link-prediction        INFO     Batch size = 32
2023-05-22 13:39:06.325 664:link-prediction        INFO   ***** Eval results *****
2023-05-22 13:39:06.325 666:link-prediction        INFO     eval_acc = 0.8835
2023-05-22 13:39:06.325 666:link-prediction        INFO     eval_f1 = 0.8886
2023-05-22 13:39:06.325 666:link-prediction        INFO     eval_mcc = 0.7712
2023-05-22 13:39:06.325 666:link-prediction        INFO     eval_precision = 0.8469
2023-05-22 13:39:06.326 666:link-prediction        INFO     eval_recall = 0.9347
2023-05-22 13:39:06.326 666:link-prediction        INFO     eval_threshold = 0.5
2023-05-22 13:39:06.328 559:link-prediction        INFO     ********************
2023-05-22 13:39:06.328 560:link-prediction        INFO     Best f1:0.8886
2023-05-22 13:39:06.328 561:link-prediction        INFO     ********************
2023-05-22 13:39:06.331 576:link-prediction        INFO   Saving model checkpoint to ../link_prediction/java250_res/random/saved_codet5models/2/ast_7/checkpoint-best-f1/model.bin
2023-05-22 13:39:06.331 581:link-prediction        INFO     ********************
2023-05-22 13:39:06.331 582:link-prediction        INFO     Best MCC:0.7712
2023-05-22 13:39:06.331 583:link-prediction        INFO     ********************
2023-05-22 13:39:06.333 598:link-prediction        INFO   Saving model checkpoint to ../link_prediction/java250_res/random/saved_codet5models/2/ast_7/checkpoint-best-mcc/model.bin
2023-05-22 13:39:13.286 617:link-prediction        INFO   ***** Running evaluation *****
2023-05-22 13:39:13.286 618:link-prediction        INFO     Num examples = 25814
2023-05-22 13:39:13.286 619:link-prediction        INFO     Batch size = 32
2023-05-22 13:39:36.651 664:link-prediction        INFO   ***** Eval results *****
2023-05-22 13:39:36.651 666:link-prediction        INFO     eval_acc = 0.8877
2023-05-22 13:39:36.652 666:link-prediction        INFO     eval_f1 = 0.8904
2023-05-22 13:39:36.652 666:link-prediction        INFO     eval_mcc = 0.7768
2023-05-22 13:39:36.652 666:link-prediction        INFO     eval_precision = 0.8654
2023-05-22 13:39:36.652 666:link-prediction        INFO     eval_recall = 0.9168
2023-05-22 13:39:36.652 666:link-prediction        INFO     eval_threshold = 0.5
2023-05-22 13:39:36.655 559:link-prediction        INFO     ********************
2023-05-22 13:39:36.655 560:link-prediction        INFO     Best f1:0.8904
2023-05-22 13:39:36.656 561:link-prediction        INFO     ********************
2023-05-22 13:39:36.658 576:link-prediction        INFO   Saving model checkpoint to ../link_prediction/java250_res/random/saved_codet5models/2/ast_7/checkpoint-best-f1/model.bin
2023-05-22 13:39:36.658 581:link-prediction        INFO     ********************
2023-05-22 13:39:36.658 582:link-prediction        INFO     Best MCC:0.7768
2023-05-22 13:39:36.658 583:link-prediction        INFO     ********************
2023-05-22 13:39:36.660 598:link-prediction        INFO   Saving model checkpoint to ../link_prediction/java250_res/random/saved_codet5models/2/ast_7/checkpoint-best-mcc/model.bin
2023-05-22 13:39:43.645 617:link-prediction        INFO   ***** Running evaluation *****
2023-05-22 13:39:43.646 618:link-prediction        INFO     Num examples = 25814
2023-05-22 13:39:43.646 619:link-prediction        INFO     Batch size = 32
2023-05-22 13:40:05.559 664:link-prediction        INFO   ***** Eval results *****
2023-05-22 13:40:05.560 666:link-prediction        INFO     eval_acc = 0.8867
2023-05-22 13:40:05.560 666:link-prediction        INFO     eval_f1 = 0.8912
2023-05-22 13:40:05.560 666:link-prediction        INFO     eval_mcc = 0.7769
2023-05-22 13:40:05.560 666:link-prediction        INFO     eval_precision = 0.8531
2023-05-22 13:40:05.560 666:link-prediction        INFO     eval_recall = 0.9329
2023-05-22 13:40:05.560 666:link-prediction        INFO     eval_threshold = 0.5
2023-05-22 13:40:05.564 559:link-prediction        INFO     ********************
2023-05-22 13:40:05.565 560:link-prediction        INFO     Best f1:0.8912
2023-05-22 13:40:05.565 561:link-prediction        INFO     ********************
2023-05-22 13:40:05.567 576:link-prediction        INFO   Saving model checkpoint to ../link_prediction/java250_res/random/saved_codet5models/2/ast_7/checkpoint-best-f1/model.bin
2023-05-22 13:40:05.567 581:link-prediction        INFO     ********************
2023-05-22 13:40:05.567 582:link-prediction        INFO     Best MCC:0.7769
2023-05-22 13:40:05.568 583:link-prediction        INFO     ********************
2023-05-22 13:40:05.569 598:link-prediction        INFO   Saving model checkpoint to ../link_prediction/java250_res/random/saved_codet5models/2/ast_7/checkpoint-best-mcc/model.bin
2023-05-22 13:40:12.565 617:link-prediction        INFO   ***** Running evaluation *****
2023-05-22 13:40:12.565 618:link-prediction        INFO     Num examples = 25814
2023-05-22 13:40:12.565 619:link-prediction        INFO     Batch size = 32
2023-05-22 13:40:35.161 664:link-prediction        INFO   ***** Eval results *****
2023-05-22 13:40:35.162 666:link-prediction        INFO     eval_acc = 0.8919
2023-05-22 13:40:35.162 666:link-prediction        INFO     eval_f1 = 0.8932
2023-05-22 13:40:35.162 666:link-prediction        INFO     eval_mcc = 0.7843
2023-05-22 13:40:35.162 666:link-prediction        INFO     eval_precision = 0.878
2023-05-22 13:40:35.162 666:link-prediction        INFO     eval_recall = 0.9089
2023-05-22 13:40:35.162 666:link-prediction        INFO     eval_threshold = 0.5
2023-05-22 13:40:35.165 559:link-prediction        INFO     ********************
2023-05-22 13:40:35.166 560:link-prediction        INFO     Best f1:0.8932
2023-05-22 13:40:35.166 561:link-prediction        INFO     ********************
2023-05-22 13:40:35.169 576:link-prediction        INFO   Saving model checkpoint to ../link_prediction/java250_res/random/saved_codet5models/2/ast_7/checkpoint-best-f1/model.bin
2023-05-22 13:40:35.169 581:link-prediction        INFO     ********************
2023-05-22 13:40:35.169 582:link-prediction        INFO     Best MCC:0.7843
2023-05-22 13:40:35.169 583:link-prediction        INFO     ********************
2023-05-22 13:40:35.171 598:link-prediction        INFO   Saving model checkpoint to ../link_prediction/java250_res/random/saved_codet5models/2/ast_7/checkpoint-best-mcc/model.bin
2023-05-22 13:40:42.035 617:link-prediction        INFO   ***** Running evaluation *****
2023-05-22 13:40:42.035 618:link-prediction        INFO     Num examples = 25814
2023-05-22 13:40:42.035 619:link-prediction        INFO     Batch size = 32
2023-05-22 13:41:05.571 664:link-prediction        INFO   ***** Eval results *****
2023-05-22 13:41:05.572 666:link-prediction        INFO     eval_acc = 0.8884
2023-05-22 13:41:05.572 666:link-prediction        INFO     eval_f1 = 0.8917
2023-05-22 13:41:05.572 666:link-prediction        INFO     eval_mcc = 0.7788
2023-05-22 13:41:05.572 666:link-prediction        INFO     eval_precision = 0.8616
2023-05-22 13:41:05.572 666:link-prediction        INFO     eval_recall = 0.9239
2023-05-22 13:41:05.573 666:link-prediction        INFO     eval_threshold = 0.5
2023-05-22 13:41:05.798 687:link-prediction        INFO   ***** Running Test *****
2023-05-22 13:41:05.798 688:link-prediction        INFO     Num examples = 25558
2023-05-22 13:41:05.798 689:link-prediction        INFO     Batch size = 32
2023-05-22 13:41:28.422 730:link-prediction        INFO   ***** Test results *****
2023-05-22 13:41:28.423 732:link-prediction        INFO     eval_acc = 0.8947
2023-05-22 13:41:28.423 732:link-prediction        INFO     eval_f1 = 0.8968
2023-05-22 13:41:28.423 732:link-prediction        INFO     eval_mcc = 0.7905
2023-05-22 13:41:28.423 732:link-prediction        INFO     eval_precision = 0.8757
2023-05-22 13:41:28.423 732:link-prediction        INFO     eval_recall = 0.9189
2023-05-22 13:41:28.424 732:link-prediction        INFO     eval_threshold = 0.5
