2023-01-20 21:46:55.802 1007:link-prediction        DEBUG  main message
2023-01-20 21:46:55.802 1013:link-prediction        WARNING device: cuda, n_gpu: 1
2023-01-20 21:46:57.968 1034:link-prediction        INFO   Probimg Model Parameters 3843
2023-01-20 21:46:57.968 1035:link-prediction        INFO   Training/evaluation parameters Namespace(adam_epsilon=1e-08, class_num=2, code_length=512, config_name='microsoft/graphcodebert-base', data_flow_length=128, data_folder='../datasets/java250/isINGraphs', dataset='java250', debug=False, device=device(type='cuda'), do_crossing=True, do_eval=False, do_random=False, do_test=True, do_train=True, epochs=1, eval_batch_size=32, evaluate_during_training=False, gradient_accumulation_steps=1, graph_type='ddg', layer=6, learning_rate=0.001, max_grad_norm=1.0, max_steps=-1, model_name='graphcodebert', model_name_or_path='microsoft/graphcodebert-base', n_gpu=1, output_dir='../isInGraph/java250_graph/plm/graphcodebert_saved_models/2/ddg_6', seed=740, token_config='microsoft/graphcodebert-base', train_batch_size=64, warmup_steps=0, weight_decay=0.0)
2023-01-20 21:46:57.969 1047:link-prediction        INFO   Load Dataset
2023-01-20 21:48:17.547 357:link-prediction        INFO   Load Span file and Graph data, data path: ../datasets/java250/isINGraphs/graphcodebert/graphcodebert_train_ddg_True.pt
2023-01-20 21:48:20.546 416:link-prediction        INFO   Labels Counter({1: 55950, 0: 55934})
2023-01-20 21:48:20.634 357:link-prediction        INFO   Load Span file and Graph data, data path: ../datasets/java250/isINGraphs/graphcodebert/graphcodebert_valid_ddg_True.pt
2023-01-20 21:48:21.969 416:link-prediction        INFO   Labels Counter({0: 18986, 1: 18985})
2023-01-20 21:48:23.329 357:link-prediction        INFO   Load Span file and Graph data, data path: ../datasets/java250/isINGraphs/graphcodebert/graphcodebert_test_ddg_True.pt
2023-01-20 21:48:25.296 416:link-prediction        INFO   Labels Counter({1: 18621, 0: 18621})
2023-01-20 21:48:25.297 420:link-prediction        INFO   *** Example ***
2023-01-20 21:48:25.297 421:link-prediction        INFO   idx: s170347756_main
2023-01-20 21:48:25.297 422:link-prediction        INFO   label: 0
2023-01-20 21:48:25.299 423:link-prediction        INFO   input_tokens_1: ['str', '[', '1', ']']
2023-01-20 21:48:25.299 431:link-prediction        INFO   input_ids_1: 77 81, [[77, 80], [77, 80]]
2023-01-20 21:48:25.299 438:link-prediction        INFO   input_tokens_reverse_1: Ġstr Ġ[ Ġ1 Ġ]
2023-01-20 21:48:25.299 448:link-prediction        INFO   input_tokens_2: ['k']
2023-01-20 21:48:25.299 456:link-prediction        INFO   input_ids_2: 205 206, [[77, 80], [77, 80]]
2023-01-20 21:48:25.299 463:link-prediction        INFO   input_tokens_reverse_2: Ġk
2023-01-20 21:48:25.300 420:link-prediction        INFO   *** Example ***
2023-01-20 21:48:25.300 421:link-prediction        INFO   idx: s848360923_main
2023-01-20 21:48:25.300 422:link-prediction        INFO   label: 0
2023-01-20 21:48:25.300 423:link-prediction        INFO   input_tokens_1: ['1']
2023-01-20 21:48:25.300 431:link-prediction        INFO   input_ids_1: 94 95, [[94, 94], [94, 94]]
2023-01-20 21:48:25.300 438:link-prediction        INFO   input_tokens_reverse_1: Ġ1
2023-01-20 21:48:25.300 448:link-prediction        INFO   input_tokens_2: ['public', '_static', '_void', '_main', '(', 'String', '[]', '_args', ')']
2023-01-20 21:48:25.300 456:link-prediction        INFO   input_ids_2: 1 12, [[94, 94], [94, 94]]
2023-01-20 21:48:25.300 463:link-prediction        INFO   input_tokens_reverse_2: public Ġstatic Ġvoid Ġmain Ġ Ġ( ĠString Ġ[ Ġ] Ġargs Ġ)
2023-01-20 21:48:25.300 420:link-prediction        INFO   *** Example ***
2023-01-20 21:48:25.300 421:link-prediction        INFO   idx: s329560074_main
2023-01-20 21:48:25.301 422:link-prediction        INFO   label: 1
2023-01-20 21:48:25.301 423:link-prediction        INFO   input_tokens_1: ['list', '_=', '_new', '_int', '[', 'N', ']']
2023-01-20 21:48:25.301 431:link-prediction        INFO   input_ids_1: 39 46, [[39, 45], [39, 45]]
2023-01-20 21:48:25.301 438:link-prediction        INFO   input_tokens_reverse_1: Ġlist Ġ= Ġnew Ġint Ġ[ ĠN Ġ]
2023-01-20 21:48:25.301 448:link-prediction        INFO   input_tokens_2: ['all', '_-=', '_Max']
2023-01-20 21:48:25.301 456:link-prediction        INFO   input_ids_2: 110 113, [[39, 45], [39, 45]]
2023-01-20 21:48:25.301 463:link-prediction        INFO   input_tokens_reverse_2: Ġall Ġ-= ĠMax
2023-01-20 21:48:25.301 420:link-prediction        INFO   *** Example ***
2023-01-20 21:48:25.301 421:link-prediction        INFO   idx: s560583732_main
2023-01-20 21:48:25.301 422:link-prediction        INFO   label: 0
2023-01-20 21:48:25.302 423:link-prediction        INFO   input_tokens_1: ['a']
2023-01-20 21:48:25.302 431:link-prediction        INFO   input_ids_1: 84 85, [[84, 84], [84, 84]]
2023-01-20 21:48:25.302 438:link-prediction        INFO   input_tokens_reverse_1: Ġa
2023-01-20 21:48:25.302 448:link-prediction        INFO   input_tokens_2: ['ket', 'a', '(', 'i', ')']
2023-01-20 21:48:25.302 456:link-prediction        INFO   input_ids_2: 86 91, [[84, 84], [84, 84]]
2023-01-20 21:48:25.302 463:link-prediction        INFO   input_tokens_reverse_2: Ġk eta Ġ( Ġi Ġ)
2023-01-20 21:48:25.302 420:link-prediction        INFO   *** Example ***
2023-01-20 21:48:25.302 421:link-prediction        INFO   idx: s723973420_main
2023-01-20 21:48:25.302 422:link-prediction        INFO   label: 0
2023-01-20 21:48:25.302 423:link-prediction        INFO   input_tokens_1: ['num']
2023-01-20 21:48:25.302 431:link-prediction        INFO   input_ids_1: 226 227, [[226, 226], [226, 226]]
2023-01-20 21:48:25.303 438:link-prediction        INFO   input_tokens_reverse_1: Ġnum
2023-01-20 21:48:25.303 448:link-prediction        INFO   input_tokens_2: ['Integer']
2023-01-20 21:48:25.303 456:link-prediction        INFO   input_ids_2: 175 176, [[226, 226], [226, 226]]
2023-01-20 21:48:25.303 463:link-prediction        INFO   input_tokens_reverse_2: ĠInteger
2023-01-20 21:48:25.303 420:link-prediction        INFO   *** Example ***
2023-01-20 21:48:25.303 421:link-prediction        INFO   idx: s349738971_readArray
2023-01-20 21:48:25.303 422:link-prediction        INFO   label: 0
2023-01-20 21:48:25.303 423:link-prediction        INFO   input_tokens_1: ['i']
2023-01-20 21:48:25.303 431:link-prediction        INFO   input_ids_1: 27 28, [[27, 27], [27, 27]]
2023-01-20 21:48:25.303 438:link-prediction        INFO   input_tokens_reverse_1: Ġi
2023-01-20 21:48:25.303 448:link-prediction        INFO   input_tokens_2: ['arr']
2023-01-20 21:48:25.303 456:link-prediction        INFO   input_ids_2: 16 17, [[27, 27], [27, 27]]
2023-01-20 21:48:25.304 463:link-prediction        INFO   input_tokens_reverse_2: Ġarr
2023-01-20 21:48:25.304 420:link-prediction        INFO   *** Example ***
2023-01-20 21:48:25.304 421:link-prediction        INFO   idx: s066046156_main
2023-01-20 21:48:25.304 422:link-prediction        INFO   label: 0
2023-01-20 21:48:25.304 423:link-prediction        INFO   input_tokens_1: ['station']
2023-01-20 21:48:25.304 431:link-prediction        INFO   input_ids_1: 29 30, [[29, 29], [29, 29]]
2023-01-20 21:48:25.304 438:link-prediction        INFO   input_tokens_reverse_1: Ġstation
2023-01-20 21:48:25.304 448:link-prediction        INFO   input_tokens_2: ['station', '3']
2023-01-20 21:48:25.304 456:link-prediction        INFO   input_ids_2: 67 69, [[29, 29], [29, 29]]
2023-01-20 21:48:25.304 463:link-prediction        INFO   input_tokens_reverse_2: Ġstation 3
2023-01-20 21:48:25.304 420:link-prediction        INFO   *** Example ***
2023-01-20 21:48:25.304 421:link-prediction        INFO   idx: s465469366_main
2023-01-20 21:48:25.304 422:link-prediction        INFO   label: 1
2023-01-20 21:48:25.305 423:link-prediction        INFO   input_tokens_1: ['g', 'cd', '(', 'x', ',', '_y', ')', '_+', '_"', '_"']
2023-01-20 21:48:25.305 431:link-prediction        INFO   input_ids_1: 62 72, [[62, 71], [62, 71]]
2023-01-20 21:48:25.305 438:link-prediction        INFO   input_tokens_reverse_1: Ġg cd Ġ( Ġx Ġ, Ġy Ġ) Ġ+ Ġ" Ġ"
2023-01-20 21:48:25.305 448:link-prediction        INFO   input_tokens_2: ['l', 'cm', '(', 'x', ',', '_y', ')']
2023-01-20 21:48:25.305 456:link-prediction        INFO   input_ids_2: 73 80, [[62, 71], [62, 71]]
2023-01-20 21:48:25.305 463:link-prediction        INFO   input_tokens_reverse_2: Ġl cm Ġ( Ġx Ġ, Ġy Ġ)
2023-01-20 21:48:25.305 420:link-prediction        INFO   *** Example ***
2023-01-20 21:48:25.305 421:link-prediction        INFO   idx: s638693565_main
2023-01-20 21:48:25.305 422:link-prediction        INFO   label: 0
2023-01-20 21:48:25.306 423:link-prediction        INFO   input_tokens_1: ['s', 'olver', '_=', '_new', '_Task', '()']
2023-01-20 21:48:25.306 431:link-prediction        INFO   input_ids_1: 56 63, [[56, 62], [56, 62]]
2023-01-20 21:48:25.306 438:link-prediction        INFO   input_tokens_reverse_1: Ġsol ver Ġ= Ġnew ĠTask Ġ( Ġ)
2023-01-20 21:48:25.306 448:link-prediction        INFO   input_tokens_2: ['output', 'Stream']
2023-01-20 21:48:25.306 456:link-prediction        INFO   input_ids_2: 51 53, [[56, 62], [56, 62]]
2023-01-20 21:48:25.306 463:link-prediction        INFO   input_tokens_reverse_2: Ġoutput Stream
2023-01-20 21:48:25.306 420:link-prediction        INFO   *** Example ***
2023-01-20 21:48:25.306 421:link-prediction        INFO   idx: s513823079_disp
2023-01-20 21:48:25.306 422:link-prediction        INFO   label: 0
2023-01-20 21:48:25.306 423:link-prediction        INFO   input_tokens_1: ['sb']
2023-01-20 21:48:25.306 431:link-prediction        INFO   input_ids_1: 105 107, [[105, 106], [105, 106]]
2023-01-20 21:48:25.306 438:link-prediction        INFO   input_tokens_reverse_1: Ġs b
2023-01-20 21:48:25.307 448:link-prediction        INFO   input_tokens_2: ['ary']
2023-01-20 21:48:25.307 456:link-prediction        INFO   input_ids_2: 76 78, [[105, 106], [105, 106]]
2023-01-20 21:48:25.307 463:link-prediction        INFO   input_tokens_reverse_2: Ġa ry
2023-01-20 21:48:25.307 420:link-prediction        INFO   *** Example ***
2023-01-20 21:48:25.307 421:link-prediction        INFO   idx: s295343060_main
2023-01-20 21:48:25.307 422:link-prediction        INFO   label: 1
2023-01-20 21:48:25.307 423:link-prediction        INFO   input_tokens_1: ['second', 'Half', '_>=', '_1']
2023-01-20 21:48:25.307 431:link-prediction        INFO   input_ids_1: 98 102, [[98, 101], [98, 101]]
2023-01-20 21:48:25.307 438:link-prediction        INFO   input_tokens_reverse_1: Ġsecond Half Ġ>= Ġ1
2023-01-20 21:48:25.307 448:link-prediction        INFO   input_tokens_2: ['public', '_static', '_void', '_main', '(', 'String', '[]', '_args', ')']
2023-01-20 21:48:25.308 456:link-prediction        INFO   input_ids_2: 1 12, [[98, 101], [98, 101]]
2023-01-20 21:48:25.308 463:link-prediction        INFO   input_tokens_reverse_2: public Ġstatic Ġvoid Ġmain Ġ Ġ( ĠString Ġ[ Ġ] Ġargs Ġ)
2023-01-20 21:48:25.308 420:link-prediction        INFO   *** Example ***
2023-01-20 21:48:25.308 421:link-prediction        INFO   idx: s079927398_nextIntArray
2023-01-20 21:48:25.308 422:link-prediction        INFO   label: 0
2023-01-20 21:48:25.308 423:link-prediction        INFO   input_tokens_1: ['Array', 'List']
2023-01-20 21:48:25.308 431:link-prediction        INFO   input_ids_1: 2 4, [[2, 3], [2, 3]]
2023-01-20 21:48:25.308 438:link-prediction        INFO   input_tokens_reverse_1: ĠArray List
2023-01-20 21:48:25.308 448:link-prediction        INFO   input_tokens_2: ['for', '_(', 'int', '_i', '_=', '_0', ';', '_i', '_<', '_input', '.', 'size', '();', '_i', '++)']
2023-01-20 21:48:25.308 456:link-prediction        INFO   input_ids_2: 48 66, [[2, 3], [2, 3]]
2023-01-20 21:48:25.308 463:link-prediction        INFO   input_tokens_reverse_2: Ġfor Ġ( Ġint Ġi Ġ= Ġ0 Ġ; Ġi Ġ< Ġinput Ġ. Ġsize Ġ( Ġ) Ġ; Ġi Ġ++ Ġ)
2023-01-20 21:48:25.309 420:link-prediction        INFO   *** Example ***
2023-01-20 21:48:25.309 421:link-prediction        INFO   idx: s295343060_main
2023-01-20 21:48:25.309 422:link-prediction        INFO   label: 0
2023-01-20 21:48:25.309 423:link-prediction        INFO   input_tokens_1: ['second', 'Half']
2023-01-20 21:48:25.309 431:link-prediction        INFO   input_ids_1: 61 63, [[61, 62], [61, 62]]
2023-01-20 21:48:25.309 438:link-prediction        INFO   input_tokens_reverse_1: Ġsecond Half
2023-01-20 21:48:25.309 448:link-prediction        INFO   input_tokens_2: ['is', 'MM', 'YY']
2023-01-20 21:48:25.309 456:link-prediction        INFO   input_ids_2: 90 93, [[61, 62], [61, 62]]
2023-01-20 21:48:25.309 463:link-prediction        INFO   input_tokens_reverse_2: Ġis MM YY
2023-01-20 21:48:25.309 420:link-prediction        INFO   *** Example ***
2023-01-20 21:48:25.309 421:link-prediction        INFO   idx: s550273429_main
2023-01-20 21:48:25.309 422:link-prediction        INFO   label: 1
2023-01-20 21:48:25.310 423:link-prediction        INFO   input_tokens_1: ['public', '_static', '_void', '_main', '(', 'String', '[]', '_args', ')', '_throws', '_Exception']
2023-01-20 21:48:25.310 431:link-prediction        INFO   input_ids_1: 1 14, [[1, 13], [1, 13]]
2023-01-20 21:48:25.310 438:link-prediction        INFO   input_tokens_reverse_1: public Ġstatic Ġvoid Ġmain Ġ Ġ( ĠString Ġ[ Ġ] Ġargs Ġ) Ġthrows ĠException
2023-01-20 21:48:25.310 448:link-prediction        INFO   input_tokens_2: ['m', '.', 'find', '()']
2023-01-20 21:48:25.310 456:link-prediction        INFO   input_ids_2: 111 116, [[1, 13], [1, 13]]
2023-01-20 21:48:25.310 463:link-prediction        INFO   input_tokens_reverse_2: Ġm Ġ. Ġfind Ġ( Ġ)
2023-01-20 21:48:25.310 420:link-prediction        INFO   *** Example ***
2023-01-20 21:48:25.310 421:link-prediction        INFO   idx: s454511405_main
2023-01-20 21:48:25.310 422:link-prediction        INFO   label: 1
2023-01-20 21:48:25.310 423:link-prediction        INFO   input_tokens_1: ['public', '_static', '_void', '_main', '(', 'String', '[]', '_args', ')']
2023-01-20 21:48:25.311 431:link-prediction        INFO   input_ids_1: 1 12, [[1, 11], [1, 11]]
2023-01-20 21:48:25.311 438:link-prediction        INFO   input_tokens_reverse_1: public Ġstatic Ġvoid Ġmain Ġ Ġ( ĠString Ġ[ Ġ] Ġargs Ġ)
2023-01-20 21:48:25.311 448:link-prediction        INFO   input_tokens_2: ['sc', '_=', '_new', '_Scan', 'ner', '(', 'System', '.', 'in', ')']
2023-01-20 21:48:25.311 456:link-prediction        INFO   input_ids_2: 15 25, [[1, 11], [1, 11]]
2023-01-20 21:48:25.311 463:link-prediction        INFO   input_tokens_reverse_2: Ġsc Ġ= Ġnew ĠScan ner Ġ( ĠSystem Ġ. Ġin Ġ)
2023-01-20 21:48:25.311 420:link-prediction        INFO   *** Example ***
2023-01-20 21:48:25.311 421:link-prediction        INFO   idx: s010008352_main
2023-01-20 21:48:25.311 422:link-prediction        INFO   label: 0
2023-01-20 21:48:25.311 423:link-prediction        INFO   input_tokens_1: ['1']
2023-01-20 21:48:25.311 431:link-prediction        INFO   input_ids_1: 104 105, [[104, 104], [104, 104]]
2023-01-20 21:48:25.311 438:link-prediction        INFO   input_tokens_reverse_1: Ġ1
2023-01-20 21:48:25.312 448:link-prediction        INFO   input_tokens_2: ['0']
2023-01-20 21:48:25.312 456:link-prediction        INFO   input_ids_2: 84 85, [[104, 104], [104, 104]]
2023-01-20 21:48:25.312 463:link-prediction        INFO   input_tokens_reverse_2: Ġ0
2023-01-20 21:48:25.312 420:link-prediction        INFO   *** Example ***
2023-01-20 21:48:25.312 421:link-prediction        INFO   idx: s268942674_main
2023-01-20 21:48:25.312 422:link-prediction        INFO   label: 0
2023-01-20 21:48:25.312 423:link-prediction        INFO   input_tokens_1: ['System']
2023-01-20 21:48:25.312 431:link-prediction        INFO   input_ids_1: 171 172, [[171, 171], [171, 171]]
2023-01-20 21:48:25.312 438:link-prediction        INFO   input_tokens_reverse_1: ĠSystem
2023-01-20 21:48:25.312 448:link-prediction        INFO   input_tokens_2: ['sc', '_=', '_new', '_Scan', 'ner', '(', 'System', '.', 'in', ')']
2023-01-20 21:48:25.312 456:link-prediction        INFO   input_ids_2: 15 25, [[171, 171], [171, 171]]
2023-01-20 21:48:25.312 463:link-prediction        INFO   input_tokens_reverse_2: Ġsc Ġ= Ġnew ĠScan ner Ġ( ĠSystem Ġ. Ġin Ġ)
2023-01-20 21:48:25.313 420:link-prediction        INFO   *** Example ***
2023-01-20 21:48:25.313 421:link-prediction        INFO   idx: s828224447_main
2023-01-20 21:48:25.313 422:link-prediction        INFO   label: 0
2023-01-20 21:48:25.313 423:link-prediction        INFO   input_tokens_1: ['t']
2023-01-20 21:48:25.313 431:link-prediction        INFO   input_ids_1: 64 65, [[64, 64], [64, 64]]
2023-01-20 21:48:25.313 438:link-prediction        INFO   input_tokens_reverse_1: Ġt
2023-01-20 21:48:25.313 448:link-prediction        INFO   input_tokens_2: ['t']
2023-01-20 21:48:25.313 456:link-prediction        INFO   input_ids_2: 36 37, [[64, 64], [64, 64]]
2023-01-20 21:48:25.313 463:link-prediction        INFO   input_tokens_reverse_2: Ġt
2023-01-20 21:48:25.313 420:link-prediction        INFO   *** Example ***
2023-01-20 21:48:25.313 421:link-prediction        INFO   idx: s629938885_main
2023-01-20 21:48:25.313 422:link-prediction        INFO   label: 0
2023-01-20 21:48:25.314 423:link-prediction        INFO   input_tokens_1: ['char']
2023-01-20 21:48:25.314 431:link-prediction        INFO   input_ids_1: 190 191, [[190, 190], [190, 190]]
2023-01-20 21:48:25.314 438:link-prediction        INFO   input_tokens_reverse_1: Ġchar
2023-01-20 21:48:25.314 448:link-prediction        INFO   input_tokens_2: ['System', '.', 'out']
2023-01-20 21:48:25.314 456:link-prediction        INFO   input_ids_2: 183 186, [[190, 190], [190, 190]]
2023-01-20 21:48:25.314 463:link-prediction        INFO   input_tokens_reverse_2: ĠSystem Ġ. Ġout
2023-01-20 21:48:25.314 420:link-prediction        INFO   *** Example ***
2023-01-20 21:48:25.314 421:link-prediction        INFO   idx: s077177638_main
2023-01-20 21:48:25.314 422:link-prediction        INFO   label: 1
2023-01-20 21:48:25.314 423:link-prediction        INFO   input_tokens_1: ['void']
2023-01-20 21:48:25.314 431:link-prediction        INFO   input_ids_1: 3 4, [[3, 3], [3, 3]]
2023-01-20 21:48:25.314 438:link-prediction        INFO   input_tokens_reverse_1: Ġvoid
2023-01-20 21:48:25.315 448:link-prediction        INFO   input_tokens_2: ['String', '[]', '_args']
2023-01-20 21:48:25.315 456:link-prediction        INFO   input_ids_2: 7 11, [[3, 3], [3, 3]]
2023-01-20 21:48:25.315 463:link-prediction        INFO   input_tokens_reverse_2: ĠString Ġ[ Ġ] Ġargs
2023-01-20 21:48:25.315 420:link-prediction        INFO   *** Example ***
2023-01-20 21:48:25.315 421:link-prediction        INFO   idx: s718489778_main
2023-01-20 21:48:25.315 422:link-prediction        INFO   label: 1
2023-01-20 21:48:25.315 423:link-prediction        INFO   input_tokens_1: ['i', '_<', '_n']
2023-01-20 21:48:25.315 431:link-prediction        INFO   input_ids_1: 157 160, [[157, 159], [157, 159]]
2023-01-20 21:48:25.315 438:link-prediction        INFO   input_tokens_reverse_1: Ġi Ġ< Ġn
2023-01-20 21:48:25.315 448:link-prediction        INFO   input_tokens_2: ['String', '[]', '_args']
2023-01-20 21:48:25.315 456:link-prediction        INFO   input_ids_2: 7 11, [[157, 159], [157, 159]]
2023-01-20 21:48:25.315 463:link-prediction        INFO   input_tokens_reverse_2: ĠString Ġ[ Ġ] Ġargs
2023-01-20 21:48:25.316 420:link-prediction        INFO   *** Example ***
2023-01-20 21:48:25.316 421:link-prediction        INFO   idx: s731506176_main
2023-01-20 21:48:25.316 422:link-prediction        INFO   label: 0
2023-01-20 21:48:25.316 423:link-prediction        INFO   input_tokens_1: ['System']
2023-01-20 21:48:25.316 431:link-prediction        INFO   input_ids_1: 262 263, [[262, 262], [262, 262]]
2023-01-20 21:48:25.316 438:link-prediction        INFO   input_tokens_reverse_1: ĠSystem
2023-01-20 21:48:25.316 448:link-prediction        INFO   input_tokens_2: ['i']
2023-01-20 21:48:25.316 456:link-prediction        INFO   input_ids_2: 70 71, [[262, 262], [262, 262]]
2023-01-20 21:48:25.316 463:link-prediction        INFO   input_tokens_reverse_2: Ġi
2023-01-20 21:48:25.316 420:link-prediction        INFO   *** Example ***
2023-01-20 21:48:25.316 421:link-prediction        INFO   idx: s581006431_main
2023-01-20 21:48:25.316 422:link-prediction        INFO   label: 0
2023-01-20 21:48:25.317 423:link-prediction        INFO   input_tokens_1: ['n', '_=', '_sc', '.', 'next', 'Int', '()']
2023-01-20 21:48:25.317 431:link-prediction        INFO   input_ids_1: 27 35, [[27, 34], [27, 34]]
2023-01-20 21:48:25.317 438:link-prediction        INFO   input_tokens_reverse_1: Ġn Ġ= Ġsc Ġ. Ġnext Int Ġ( Ġ)
2023-01-20 21:48:25.317 448:link-prediction        INFO   input_tokens_2: ['""']
2023-01-20 21:48:25.317 456:link-prediction        INFO   input_ids_2: 78 79, [[27, 34], [27, 34]]
2023-01-20 21:48:25.317 463:link-prediction        INFO   input_tokens_reverse_2: Ġ""
2023-01-20 21:48:25.317 420:link-prediction        INFO   *** Example ***
2023-01-20 21:48:25.317 421:link-prediction        INFO   idx: s486556836_nextLine
2023-01-20 21:48:25.317 422:link-prediction        INFO   label: 1
2023-01-20 21:48:25.317 423:link-prediction        INFO   input_tokens_1: ['String', '_next', 'Line', '()']
2023-01-20 21:48:25.317 431:link-prediction        INFO   input_ids_1: 1 7, [[2, 6], [2, 6]]
2023-01-20 21:48:25.317 438:link-prediction        INFO   input_tokens_reverse_1: String Ġnext Line Ġ Ġ( Ġ)
2023-01-20 21:48:25.318 448:link-prediction        INFO   input_tokens_2: ['String']
2023-01-20 21:48:25.318 456:link-prediction        INFO   input_ids_2: 1 2, [[2, 6], [2, 6]]
2023-01-20 21:48:25.318 463:link-prediction        INFO   input_tokens_reverse_2: String
2023-01-20 21:48:25.318 420:link-prediction        INFO   *** Example ***
2023-01-20 21:48:25.318 421:link-prediction        INFO   idx: s892038669_main
2023-01-20 21:48:25.318 422:link-prediction        INFO   label: 0
2023-01-20 21:48:25.318 423:link-prediction        INFO   input_tokens_1: ['queue']
2023-01-20 21:48:25.318 431:link-prediction        INFO   input_ids_1: 77 78, [[77, 77], [77, 77]]
2023-01-20 21:48:25.318 438:link-prediction        INFO   input_tokens_reverse_1: Ġqueue
2023-01-20 21:48:25.318 448:link-prediction        INFO   input_tokens_2: ['Integer', '.', 'to', 'String', '(', 'el', 'apsed', 'Time', ')']
2023-01-20 21:48:25.318 456:link-prediction        INFO   input_ids_2: 209 217, [[77, 77], [77, 77]]
2023-01-20 21:48:25.319 463:link-prediction        INFO   input_tokens_reverse_2: ĠInteger Ġ. Ġto String Ġ( Ġelapsed Time Ġ)
2023-01-20 21:48:25.319 420:link-prediction        INFO   *** Example ***
2023-01-20 21:48:25.319 421:link-prediction        INFO   idx: s434971943_main
2023-01-20 21:48:25.319 422:link-prediction        INFO   label: 0
2023-01-20 21:48:25.319 423:link-prediction        INFO   input_tokens_1: ['s', '1']
2023-01-20 21:48:25.319 431:link-prediction        INFO   input_ids_1: 24 26, [[24, 25], [24, 25]]
2023-01-20 21:48:25.319 438:link-prediction        INFO   input_tokens_reverse_1: Ġs 1
2023-01-20 21:48:25.319 448:link-prediction        INFO   input_tokens_2: ['out']
2023-01-20 21:48:25.319 456:link-prediction        INFO   input_ids_2: 47 48, [[24, 25], [24, 25]]
2023-01-20 21:48:25.319 463:link-prediction        INFO   input_tokens_reverse_2: Ġout
2023-01-20 21:48:25.319 420:link-prediction        INFO   *** Example ***
2023-01-20 21:48:25.319 421:link-prediction        INFO   idx: s579085948_main
2023-01-20 21:48:25.319 422:link-prediction        INFO   label: 0
2023-01-20 21:48:25.320 423:link-prediction        INFO   input_tokens_1: ['ans']
2023-01-20 21:48:25.320 431:link-prediction        INFO   input_ids_1: 103 104, [[103, 103], [103, 103]]
2023-01-20 21:48:25.320 438:link-prediction        INFO   input_tokens_reverse_1: Ġans
2023-01-20 21:48:25.320 448:link-prediction        INFO   input_tokens_2: ['count', '_=', '_0']
2023-01-20 21:48:25.320 456:link-prediction        INFO   input_ids_2: 69 72, [[103, 103], [103, 103]]
2023-01-20 21:48:25.320 463:link-prediction        INFO   input_tokens_reverse_2: Ġcount Ġ= Ġ0
2023-01-20 21:48:25.320 420:link-prediction        INFO   *** Example ***
2023-01-20 21:48:25.320 421:link-prediction        INFO   idx: s172737812_main
2023-01-20 21:48:25.320 422:link-prediction        INFO   label: 0
2023-01-20 21:48:25.320 423:link-prediction        INFO   input_tokens_1: ['s', 'olver']
2023-01-20 21:48:25.320 431:link-prediction        INFO   input_ids_1: 37 39, [[37, 38], [37, 38]]
2023-01-20 21:48:25.321 438:link-prediction        INFO   input_tokens_reverse_1: Ġsol ver
2023-01-20 21:48:25.321 448:link-prediction        INFO   input_tokens_2: ['s', 'olver']
2023-01-20 21:48:25.321 456:link-prediction        INFO   input_ids_2: 30 32, [[37, 38], [37, 38]]
2023-01-20 21:48:25.321 463:link-prediction        INFO   input_tokens_reverse_2: Ġsol ver
2023-01-20 21:48:25.321 420:link-prediction        INFO   *** Example ***
2023-01-20 21:48:25.321 421:link-prediction        INFO   idx: s249252402_isPrime
2023-01-20 21:48:25.321 422:link-prediction        INFO   label: 0
2023-01-20 21:48:25.321 423:link-prediction        INFO   input_tokens_1: ['i']
2023-01-20 21:48:25.321 431:link-prediction        INFO   input_ids_1: 49 50, [[49, 49], [49, 49]]
2023-01-20 21:48:25.321 438:link-prediction        INFO   input_tokens_reverse_1: Ġi
2023-01-20 21:48:25.321 448:link-prediction        INFO   input_tokens_2: ['i', '_*', '_i', '_<=', '_n']
2023-01-20 21:48:25.321 456:link-prediction        INFO   input_ids_2: 35 40, [[49, 49], [49, 49]]
2023-01-20 21:48:25.322 463:link-prediction        INFO   input_tokens_reverse_2: Ġi Ġ* Ġi Ġ<= Ġn
2023-01-20 21:48:25.322 420:link-prediction        INFO   *** Example ***
2023-01-20 21:48:25.322 421:link-prediction        INFO   idx: s218837597_isPrime
2023-01-20 21:48:25.322 422:link-prediction        INFO   label: 1
2023-01-20 21:48:25.322 423:link-prediction        INFO   input_tokens_1: ['return', '_false', ';']
2023-01-20 21:48:25.322 431:link-prediction        INFO   input_ids_1: 70 73, [[70, 72], [70, 72]]
2023-01-20 21:48:25.322 438:link-prediction        INFO   input_tokens_reverse_1: Ġreturn Ġfalse Ġ;
2023-01-20 21:48:25.322 448:link-prediction        INFO   input_tokens_2: ['return', '_true', ';']
2023-01-20 21:48:25.322 456:link-prediction        INFO   input_ids_2: 17 20, [[70, 72], [70, 72]]
2023-01-20 21:48:25.322 463:link-prediction        INFO   input_tokens_reverse_2: Ġreturn Ġtrue Ġ;
2023-01-20 21:48:26.190 564:link-prediction        INFO   ***** Running training *****
2023-01-20 21:48:26.190 565:link-prediction        INFO     Num examples = 111884
2023-01-20 21:48:26.190 566:link-prediction        INFO     Num Epochs = 1
2023-01-20 21:48:26.191 567:link-prediction        INFO     Instantaneous batch size per GPU = 64
2023-01-20 21:48:26.191 571:link-prediction        INFO     Total train batch size = 64
2023-01-20 21:48:26.191 575:link-prediction        INFO     Gradient Accumulation steps = 1
2023-01-20 21:48:26.191 578:link-prediction        INFO     Total optimization steps = 1749
2023-01-20 21:48:34.894 694:link-prediction        INFO   ***** Running evaluation *****
2023-01-20 21:48:34.894 695:link-prediction        INFO     Num examples = 37971
2023-01-20 21:48:34.894 696:link-prediction        INFO     Batch size = 32
2023-01-20 21:49:01.058 741:link-prediction        INFO   ***** Eval results *****
2023-01-20 21:49:01.058 743:link-prediction        INFO     eval_acc = 0.9252
2023-01-20 21:49:01.059 743:link-prediction        INFO     eval_f1 = 0.9287
2023-01-20 21:49:01.059 743:link-prediction        INFO     eval_mcc = 0.8544
2023-01-20 21:49:01.059 743:link-prediction        INFO     eval_precision = 0.8878
2023-01-20 21:49:01.059 743:link-prediction        INFO     eval_recall = 0.9735
2023-01-20 21:49:01.059 743:link-prediction        INFO     eval_threshold = 0.5
2023-01-20 21:49:01.061 636:link-prediction        INFO     ********************
2023-01-20 21:49:01.061 637:link-prediction        INFO     Best f1:0.9287
2023-01-20 21:49:01.061 638:link-prediction        INFO     ********************
2023-01-20 21:49:01.062 653:link-prediction        INFO   Saving model checkpoint to ../isInGraph/java250_graph/plm/graphcodebert_saved_models/2/ddg_6/checkpoint-best-f1/model.bin
2023-01-20 21:49:01.063 658:link-prediction        INFO     ********************
2023-01-20 21:49:01.063 659:link-prediction        INFO     Best MCC:0.8544
2023-01-20 21:49:01.063 660:link-prediction        INFO     ********************
2023-01-20 21:49:01.063 675:link-prediction        INFO   Saving model checkpoint to ../isInGraph/java250_graph/plm/graphcodebert_saved_models/2/ddg_6/checkpoint-best-mcc/model.bin
2023-01-20 21:49:09.416 694:link-prediction        INFO   ***** Running evaluation *****
2023-01-20 21:49:09.417 695:link-prediction        INFO     Num examples = 37971
2023-01-20 21:49:09.417 696:link-prediction        INFO     Batch size = 32
2023-01-20 21:49:35.398 741:link-prediction        INFO   ***** Eval results *****
2023-01-20 21:49:35.398 743:link-prediction        INFO     eval_acc = 0.9688
2023-01-20 21:49:35.398 743:link-prediction        INFO     eval_f1 = 0.9693
2023-01-20 21:49:35.399 743:link-prediction        INFO     eval_mcc = 0.9381
2023-01-20 21:49:35.399 743:link-prediction        INFO     eval_precision = 0.9542
2023-01-20 21:49:35.399 743:link-prediction        INFO     eval_recall = 0.9849
2023-01-20 21:49:35.399 743:link-prediction        INFO     eval_threshold = 0.5
2023-01-20 21:49:35.401 636:link-prediction        INFO     ********************
2023-01-20 21:49:35.401 637:link-prediction        INFO     Best f1:0.9693
2023-01-20 21:49:35.401 638:link-prediction        INFO     ********************
2023-01-20 21:49:35.402 653:link-prediction        INFO   Saving model checkpoint to ../isInGraph/java250_graph/plm/graphcodebert_saved_models/2/ddg_6/checkpoint-best-f1/model.bin
2023-01-20 21:49:35.402 658:link-prediction        INFO     ********************
2023-01-20 21:49:35.403 659:link-prediction        INFO     Best MCC:0.9381
2023-01-20 21:49:35.403 660:link-prediction        INFO     ********************
2023-01-20 21:49:35.403 675:link-prediction        INFO   Saving model checkpoint to ../isInGraph/java250_graph/plm/graphcodebert_saved_models/2/ddg_6/checkpoint-best-mcc/model.bin
2023-01-20 21:49:43.766 694:link-prediction        INFO   ***** Running evaluation *****
2023-01-20 21:49:43.766 695:link-prediction        INFO     Num examples = 37971
2023-01-20 21:49:43.766 696:link-prediction        INFO     Batch size = 32
2023-01-20 21:50:09.822 741:link-prediction        INFO   ***** Eval results *****
2023-01-20 21:50:09.822 743:link-prediction        INFO     eval_acc = 0.9843
2023-01-20 21:50:09.823 743:link-prediction        INFO     eval_f1 = 0.9843
2023-01-20 21:50:09.823 743:link-prediction        INFO     eval_mcc = 0.9686
2023-01-20 21:50:09.823 743:link-prediction        INFO     eval_precision = 0.9818
2023-01-20 21:50:09.823 743:link-prediction        INFO     eval_recall = 0.9869
2023-01-20 21:50:09.823 743:link-prediction        INFO     eval_threshold = 0.5
2023-01-20 21:50:09.825 636:link-prediction        INFO     ********************
2023-01-20 21:50:09.825 637:link-prediction        INFO     Best f1:0.9843
2023-01-20 21:50:09.825 638:link-prediction        INFO     ********************
2023-01-20 21:50:09.826 653:link-prediction        INFO   Saving model checkpoint to ../isInGraph/java250_graph/plm/graphcodebert_saved_models/2/ddg_6/checkpoint-best-f1/model.bin
2023-01-20 21:50:09.826 658:link-prediction        INFO     ********************
2023-01-20 21:50:09.826 659:link-prediction        INFO     Best MCC:0.9686
2023-01-20 21:50:09.826 660:link-prediction        INFO     ********************
2023-01-20 21:50:09.827 675:link-prediction        INFO   Saving model checkpoint to ../isInGraph/java250_graph/plm/graphcodebert_saved_models/2/ddg_6/checkpoint-best-mcc/model.bin
2023-01-20 21:50:18.165 694:link-prediction        INFO   ***** Running evaluation *****
2023-01-20 21:50:18.165 695:link-prediction        INFO     Num examples = 37971
2023-01-20 21:50:18.165 696:link-prediction        INFO     Batch size = 32
2023-01-20 21:50:44.253 741:link-prediction        INFO   ***** Eval results *****
2023-01-20 21:50:44.253 743:link-prediction        INFO     eval_acc = 0.9886
2023-01-20 21:50:44.253 743:link-prediction        INFO     eval_f1 = 0.9886
2023-01-20 21:50:44.254 743:link-prediction        INFO     eval_mcc = 0.9772
2023-01-20 21:50:44.254 743:link-prediction        INFO     eval_precision = 0.9846
2023-01-20 21:50:44.254 743:link-prediction        INFO     eval_recall = 0.9927
2023-01-20 21:50:44.254 743:link-prediction        INFO     eval_threshold = 0.5
2023-01-20 21:50:44.256 636:link-prediction        INFO     ********************
2023-01-20 21:50:44.256 637:link-prediction        INFO     Best f1:0.9886
2023-01-20 21:50:44.256 638:link-prediction        INFO     ********************
2023-01-20 21:50:44.257 653:link-prediction        INFO   Saving model checkpoint to ../isInGraph/java250_graph/plm/graphcodebert_saved_models/2/ddg_6/checkpoint-best-f1/model.bin
2023-01-20 21:50:44.257 658:link-prediction        INFO     ********************
2023-01-20 21:50:44.257 659:link-prediction        INFO     Best MCC:0.9772
2023-01-20 21:50:44.257 660:link-prediction        INFO     ********************
2023-01-20 21:50:44.258 675:link-prediction        INFO   Saving model checkpoint to ../isInGraph/java250_graph/plm/graphcodebert_saved_models/2/ddg_6/checkpoint-best-mcc/model.bin
2023-01-20 21:50:52.724 694:link-prediction        INFO   ***** Running evaluation *****
2023-01-20 21:50:52.724 695:link-prediction        INFO     Num examples = 37971
2023-01-20 21:50:52.724 696:link-prediction        INFO     Batch size = 32
2023-01-20 21:51:19.082 741:link-prediction        INFO   ***** Eval results *****
2023-01-20 21:51:19.082 743:link-prediction        INFO     eval_acc = 0.9897
2023-01-20 21:51:19.083 743:link-prediction        INFO     eval_f1 = 0.9897
2023-01-20 21:51:19.083 743:link-prediction        INFO     eval_mcc = 0.9794
2023-01-20 21:51:19.083 743:link-prediction        INFO     eval_precision = 0.9859
2023-01-20 21:51:19.083 743:link-prediction        INFO     eval_recall = 0.9936
2023-01-20 21:51:19.083 743:link-prediction        INFO     eval_threshold = 0.5
2023-01-20 21:51:19.085 636:link-prediction        INFO     ********************
2023-01-20 21:51:19.085 637:link-prediction        INFO     Best f1:0.9897
2023-01-20 21:51:19.085 638:link-prediction        INFO     ********************
2023-01-20 21:51:19.086 653:link-prediction        INFO   Saving model checkpoint to ../isInGraph/java250_graph/plm/graphcodebert_saved_models/2/ddg_6/checkpoint-best-f1/model.bin
2023-01-20 21:51:19.086 658:link-prediction        INFO     ********************
2023-01-20 21:51:19.086 659:link-prediction        INFO     Best MCC:0.9794
2023-01-20 21:51:19.086 660:link-prediction        INFO     ********************
2023-01-20 21:51:19.087 675:link-prediction        INFO   Saving model checkpoint to ../isInGraph/java250_graph/plm/graphcodebert_saved_models/2/ddg_6/checkpoint-best-mcc/model.bin
2023-01-20 21:51:27.516 694:link-prediction        INFO   ***** Running evaluation *****
2023-01-20 21:51:27.516 695:link-prediction        INFO     Num examples = 37971
2023-01-20 21:51:27.516 696:link-prediction        INFO     Batch size = 32
2023-01-20 21:51:53.871 741:link-prediction        INFO   ***** Eval results *****
2023-01-20 21:51:53.872 743:link-prediction        INFO     eval_acc = 0.9904
2023-01-20 21:51:53.872 743:link-prediction        INFO     eval_f1 = 0.9905
2023-01-20 21:51:53.872 743:link-prediction        INFO     eval_mcc = 0.9809
2023-01-20 21:51:53.872 743:link-prediction        INFO     eval_precision = 0.9865
2023-01-20 21:51:53.872 743:link-prediction        INFO     eval_recall = 0.9945
2023-01-20 21:51:53.872 743:link-prediction        INFO     eval_threshold = 0.5
2023-01-20 21:51:53.874 636:link-prediction        INFO     ********************
2023-01-20 21:51:53.874 637:link-prediction        INFO     Best f1:0.9905
2023-01-20 21:51:53.874 638:link-prediction        INFO     ********************
2023-01-20 21:51:53.875 653:link-prediction        INFO   Saving model checkpoint to ../isInGraph/java250_graph/plm/graphcodebert_saved_models/2/ddg_6/checkpoint-best-f1/model.bin
2023-01-20 21:51:53.875 658:link-prediction        INFO     ********************
2023-01-20 21:51:53.875 659:link-prediction        INFO     Best MCC:0.9809
2023-01-20 21:51:53.875 660:link-prediction        INFO     ********************
2023-01-20 21:51:53.876 675:link-prediction        INFO   Saving model checkpoint to ../isInGraph/java250_graph/plm/graphcodebert_saved_models/2/ddg_6/checkpoint-best-mcc/model.bin
2023-01-20 21:52:02.268 694:link-prediction        INFO   ***** Running evaluation *****
2023-01-20 21:52:02.268 695:link-prediction        INFO     Num examples = 37971
2023-01-20 21:52:02.268 696:link-prediction        INFO     Batch size = 32
2023-01-20 21:52:28.631 741:link-prediction        INFO   ***** Eval results *****
2023-01-20 21:52:28.632 743:link-prediction        INFO     eval_acc = 0.991
2023-01-20 21:52:28.632 743:link-prediction        INFO     eval_f1 = 0.991
2023-01-20 21:52:28.632 743:link-prediction        INFO     eval_mcc = 0.982
2023-01-20 21:52:28.632 743:link-prediction        INFO     eval_precision = 0.989
2023-01-20 21:52:28.632 743:link-prediction        INFO     eval_recall = 0.993
2023-01-20 21:52:28.632 743:link-prediction        INFO     eval_threshold = 0.5
2023-01-20 21:52:28.634 636:link-prediction        INFO     ********************
2023-01-20 21:52:28.634 637:link-prediction        INFO     Best f1:0.991
2023-01-20 21:52:28.635 638:link-prediction        INFO     ********************
2023-01-20 21:52:28.635 653:link-prediction        INFO   Saving model checkpoint to ../isInGraph/java250_graph/plm/graphcodebert_saved_models/2/ddg_6/checkpoint-best-f1/model.bin
2023-01-20 21:52:28.636 658:link-prediction        INFO     ********************
2023-01-20 21:52:28.636 659:link-prediction        INFO     Best MCC:0.982
2023-01-20 21:52:28.636 660:link-prediction        INFO     ********************
2023-01-20 21:52:28.636 675:link-prediction        INFO   Saving model checkpoint to ../isInGraph/java250_graph/plm/graphcodebert_saved_models/2/ddg_6/checkpoint-best-mcc/model.bin
2023-01-20 21:52:37.097 694:link-prediction        INFO   ***** Running evaluation *****
2023-01-20 21:52:37.097 695:link-prediction        INFO     Num examples = 37971
2023-01-20 21:52:37.097 696:link-prediction        INFO     Batch size = 32
2023-01-20 21:53:03.486 741:link-prediction        INFO   ***** Eval results *****
2023-01-20 21:53:03.486 743:link-prediction        INFO     eval_acc = 0.9914
2023-01-20 21:53:03.486 743:link-prediction        INFO     eval_f1 = 0.9914
2023-01-20 21:53:03.486 743:link-prediction        INFO     eval_mcc = 0.9828
2023-01-20 21:53:03.486 743:link-prediction        INFO     eval_precision = 0.9886
2023-01-20 21:53:03.486 743:link-prediction        INFO     eval_recall = 0.9943
2023-01-20 21:53:03.486 743:link-prediction        INFO     eval_threshold = 0.5
2023-01-20 21:53:03.488 636:link-prediction        INFO     ********************
2023-01-20 21:53:03.489 637:link-prediction        INFO     Best f1:0.9914
2023-01-20 21:53:03.489 638:link-prediction        INFO     ********************
2023-01-20 21:53:03.489 653:link-prediction        INFO   Saving model checkpoint to ../isInGraph/java250_graph/plm/graphcodebert_saved_models/2/ddg_6/checkpoint-best-f1/model.bin
2023-01-20 21:53:03.490 658:link-prediction        INFO     ********************
2023-01-20 21:53:03.490 659:link-prediction        INFO     Best MCC:0.9828
2023-01-20 21:53:03.490 660:link-prediction        INFO     ********************
2023-01-20 21:53:03.490 675:link-prediction        INFO   Saving model checkpoint to ../isInGraph/java250_graph/plm/graphcodebert_saved_models/2/ddg_6/checkpoint-best-mcc/model.bin
2023-01-20 21:53:11.949 694:link-prediction        INFO   ***** Running evaluation *****
2023-01-20 21:53:11.949 695:link-prediction        INFO     Num examples = 37971
2023-01-20 21:53:11.949 696:link-prediction        INFO     Batch size = 32
2023-01-20 21:53:38.300 741:link-prediction        INFO   ***** Eval results *****
2023-01-20 21:53:38.300 743:link-prediction        INFO     eval_acc = 0.9917
2023-01-20 21:53:38.300 743:link-prediction        INFO     eval_f1 = 0.9918
2023-01-20 21:53:38.300 743:link-prediction        INFO     eval_mcc = 0.9835
2023-01-20 21:53:38.300 743:link-prediction        INFO     eval_precision = 0.9889
2023-01-20 21:53:38.300 743:link-prediction        INFO     eval_recall = 0.9946
2023-01-20 21:53:38.300 743:link-prediction        INFO     eval_threshold = 0.5
2023-01-20 21:53:38.302 636:link-prediction        INFO     ********************
2023-01-20 21:53:38.303 637:link-prediction        INFO     Best f1:0.9918
2023-01-20 21:53:38.303 638:link-prediction        INFO     ********************
2023-01-20 21:53:38.303 653:link-prediction        INFO   Saving model checkpoint to ../isInGraph/java250_graph/plm/graphcodebert_saved_models/2/ddg_6/checkpoint-best-f1/model.bin
2023-01-20 21:53:38.304 658:link-prediction        INFO     ********************
2023-01-20 21:53:38.304 659:link-prediction        INFO     Best MCC:0.9835
2023-01-20 21:53:38.304 660:link-prediction        INFO     ********************
2023-01-20 21:53:38.304 675:link-prediction        INFO   Saving model checkpoint to ../isInGraph/java250_graph/plm/graphcodebert_saved_models/2/ddg_6/checkpoint-best-mcc/model.bin
2023-01-20 21:53:46.784 694:link-prediction        INFO   ***** Running evaluation *****
2023-01-20 21:53:46.785 695:link-prediction        INFO     Num examples = 37971
2023-01-20 21:53:46.785 696:link-prediction        INFO     Batch size = 32
2023-01-20 21:54:13.121 741:link-prediction        INFO   ***** Eval results *****
2023-01-20 21:54:13.121 743:link-prediction        INFO     eval_acc = 0.9917
2023-01-20 21:54:13.121 743:link-prediction        INFO     eval_f1 = 0.9917
2023-01-20 21:54:13.121 743:link-prediction        INFO     eval_mcc = 0.9834
2023-01-20 21:54:13.121 743:link-prediction        INFO     eval_precision = 0.9885
2023-01-20 21:54:13.122 743:link-prediction        INFO     eval_recall = 0.9949
2023-01-20 21:54:13.122 743:link-prediction        INFO     eval_threshold = 0.5
2023-01-20 21:54:13.542 763:link-prediction        INFO   ***** Running Test *****
2023-01-20 21:54:13.542 764:link-prediction        INFO     Num examples = 37242
2023-01-20 21:54:13.543 765:link-prediction        INFO     Batch size = 32
2023-01-20 21:54:39.227 806:link-prediction        INFO   ***** Test results *****
2023-01-20 21:54:39.228 808:link-prediction        INFO     eval_acc = 0.9874
2023-01-20 21:54:39.228 808:link-prediction        INFO     eval_f1 = 0.9874
2023-01-20 21:54:39.228 808:link-prediction        INFO     eval_mcc = 0.9748
2023-01-20 21:54:39.228 808:link-prediction        INFO     eval_precision = 0.9891
2023-01-20 21:54:39.228 808:link-prediction        INFO     eval_recall = 0.9857
2023-01-20 21:54:39.228 808:link-prediction        INFO     eval_threshold = 0.5
