2023-01-16 18:10:23.652 669:pos-tag                DEBUG  main message
2023-01-16 18:10:23.652 675:pos-tag                WARNING device: cuda, n_gpu: 1
2023-01-16 18:10:25.812 690:pos-tag                INFO   Load Dataset
2023-01-16 18:10:25.812 694:pos-tag                INFO   Num of Class 229
2023-01-16 18:10:28.741 714:pos-tag                INFO   Finishing loading Dataset
2023-01-16 18:10:28.741 718:pos-tag                INFO   Random Initialize the encoder
2023-01-16 18:10:30.053 733:pos-tag                INFO   Probimg Model Parameters 176101
2023-01-16 18:10:30.053 734:pos-tag                INFO   Training/evaluation parameters Namespace(adam_epsilon=1e-08, config_name='microsoft/graphcodebert-base', data_folder='../datasets/poj-104/postag/', dataset='postag', debug=False, device=device(type='cuda'), do_eval=True, do_random=True, do_test=True, do_train=True, epochs=5, eval_batch_size=32, evaluate_during_training=False, gradient_accumulation_steps=1, graph_type='ast', layer=3, learning_rate=0.001, max_code_length=512, max_grad_norm=1.0, max_steps=-1, model_name='graphcodebert', model_name_or_path='microsoft/graphcodebert-base', n_gpu=1, output_dir='./pos_res_poj/random/saved_graphcodebertmodels/4/layer_3', posratio=0.5, seed=768, token_config='microsoft/graphcodebert-base', train_batch_size=32, warmup_steps=0, weight_decay=0.0)
2023-01-16 18:10:30.054 178:pos-tag                INFO   save steps 3
2023-01-16 18:10:31.121 217:pos-tag                INFO   ***** Running training *****
2023-01-16 18:10:31.121 218:pos-tag                INFO     Num examples = 1200
2023-01-16 18:10:31.121 219:pos-tag                INFO     Num Epochs = 5
2023-01-16 18:10:31.121 220:pos-tag                INFO     Instantaneous batch size per GPU = 32
2023-01-16 18:10:31.121 224:pos-tag                INFO     Total train batch size = 32
2023-01-16 18:10:31.121 228:pos-tag                INFO     Gradient Accumulation steps = 1
2023-01-16 18:10:31.121 231:pos-tag                INFO     Total optimization steps = 190
2023-01-16 18:10:32.696 351:pos-tag                INFO   ***** Running evaluation *****
2023-01-16 18:10:32.696 352:pos-tag                INFO     Num examples = 400
2023-01-16 18:10:32.697 353:pos-tag                INFO     Batch size = 32
2023-01-16 18:10:37.736 399:pos-tag                INFO   ***** Eval results *****
2023-01-16 18:10:37.736 401:pos-tag                INFO     eval_acc = 0.0014
2023-01-16 18:10:37.737 401:pos-tag                INFO     eval_f1 = 0.0004
2023-01-16 18:10:37.737 401:pos-tag                INFO     eval_mcc = -0.0007
2023-01-16 18:10:37.737 401:pos-tag                INFO     eval_precision = 0.0026
2023-01-16 18:10:37.737 401:pos-tag                INFO     eval_recall = 0.0017
2023-01-16 18:10:37.737 293:pos-tag                INFO     ********************
2023-01-16 18:10:37.737 294:pos-tag                INFO     Best f1:0.0004
2023-01-16 18:10:37.737 295:pos-tag                INFO     ********************
2023-01-16 18:10:38.438 310:pos-tag                INFO   Saving model checkpoint to ./pos_res_poj/random/saved_graphcodebertmodels/4/layer_3/checkpoint-best-f1/model.bin
2023-01-16 18:10:39.642 351:pos-tag                INFO   ***** Running evaluation *****
2023-01-16 18:10:39.642 352:pos-tag                INFO     Num examples = 400
2023-01-16 18:10:39.642 353:pos-tag                INFO     Batch size = 32
2023-01-16 18:10:44.375 399:pos-tag                INFO   ***** Eval results *****
2023-01-16 18:10:44.375 401:pos-tag                INFO     eval_acc = 0.0049
2023-01-16 18:10:44.375 401:pos-tag                INFO     eval_f1 = 0.0008
2023-01-16 18:10:44.375 401:pos-tag                INFO     eval_mcc = -0.0001
2023-01-16 18:10:44.375 401:pos-tag                INFO     eval_precision = 0.0022
2023-01-16 18:10:44.376 401:pos-tag                INFO     eval_recall = 0.0025
2023-01-16 18:10:44.376 293:pos-tag                INFO     ********************
2023-01-16 18:10:44.376 294:pos-tag                INFO     Best f1:0.0008
2023-01-16 18:10:44.376 295:pos-tag                INFO     ********************
2023-01-16 18:10:45.378 310:pos-tag                INFO   Saving model checkpoint to ./pos_res_poj/random/saved_graphcodebertmodels/4/layer_3/checkpoint-best-f1/model.bin
2023-01-16 18:10:46.593 351:pos-tag                INFO   ***** Running evaluation *****
2023-01-16 18:10:46.593 352:pos-tag                INFO     Num examples = 400
2023-01-16 18:10:46.593 353:pos-tag                INFO     Batch size = 32
2023-01-16 18:10:51.323 399:pos-tag                INFO   ***** Eval results *****
2023-01-16 18:10:51.323 401:pos-tag                INFO     eval_acc = 0.0201
2023-01-16 18:10:51.323 401:pos-tag                INFO     eval_f1 = 0.0021
2023-01-16 18:10:51.323 401:pos-tag                INFO     eval_mcc = 0.0026
2023-01-16 18:10:51.323 401:pos-tag                INFO     eval_precision = 0.0047
2023-01-16 18:10:51.324 401:pos-tag                INFO     eval_recall = 0.0056
2023-01-16 18:10:51.324 293:pos-tag                INFO     ********************
2023-01-16 18:10:51.324 294:pos-tag                INFO     Best f1:0.0021
2023-01-16 18:10:51.324 295:pos-tag                INFO     ********************
2023-01-16 18:10:52.620 310:pos-tag                INFO   Saving model checkpoint to ./pos_res_poj/random/saved_graphcodebertmodels/4/layer_3/checkpoint-best-f1/model.bin
2023-01-16 18:10:52.621 315:pos-tag                INFO     ********************
2023-01-16 18:10:52.621 316:pos-tag                INFO     Best MCC:0.0026
2023-01-16 18:10:52.621 317:pos-tag                INFO     ********************
2023-01-16 18:10:53.314 332:pos-tag                INFO   Saving model checkpoint to ./pos_res_poj/random/saved_graphcodebertmodels/4/layer_3/checkpoint-best-mcc/model.bin
2023-01-16 18:10:54.535 351:pos-tag                INFO   ***** Running evaluation *****
2023-01-16 18:10:54.536 352:pos-tag                INFO     Num examples = 400
2023-01-16 18:10:54.536 353:pos-tag                INFO     Batch size = 32
2023-01-16 18:10:59.256 399:pos-tag                INFO   ***** Eval results *****
2023-01-16 18:10:59.256 401:pos-tag                INFO     eval_acc = 0.0455
2023-01-16 18:10:59.256 401:pos-tag                INFO     eval_f1 = 0.0049
2023-01-16 18:10:59.256 401:pos-tag                INFO     eval_mcc = 0.0083
2023-01-16 18:10:59.256 401:pos-tag                INFO     eval_precision = 0.0077
2023-01-16 18:10:59.256 401:pos-tag                INFO     eval_recall = 0.0105
2023-01-16 18:10:59.256 293:pos-tag                INFO     ********************
2023-01-16 18:10:59.257 294:pos-tag                INFO     Best f1:0.0049
2023-01-16 18:10:59.257 295:pos-tag                INFO     ********************
2023-01-16 18:11:00.198 310:pos-tag                INFO   Saving model checkpoint to ./pos_res_poj/random/saved_graphcodebertmodels/4/layer_3/checkpoint-best-f1/model.bin
2023-01-16 18:11:00.199 315:pos-tag                INFO     ********************
2023-01-16 18:11:00.199 316:pos-tag                INFO     Best MCC:0.0083
2023-01-16 18:11:00.199 317:pos-tag                INFO     ********************
2023-01-16 18:11:01.070 332:pos-tag                INFO   Saving model checkpoint to ./pos_res_poj/random/saved_graphcodebertmodels/4/layer_3/checkpoint-best-mcc/model.bin
2023-01-16 18:11:02.291 351:pos-tag                INFO   ***** Running evaluation *****
2023-01-16 18:11:02.292 352:pos-tag                INFO     Num examples = 400
2023-01-16 18:11:02.292 353:pos-tag                INFO     Batch size = 32
2023-01-16 18:11:07.011 399:pos-tag                INFO   ***** Eval results *****
2023-01-16 18:11:07.012 401:pos-tag                INFO     eval_acc = 0.088
2023-01-16 18:11:07.012 401:pos-tag                INFO     eval_f1 = 0.0188
2023-01-16 18:11:07.012 401:pos-tag                INFO     eval_mcc = 0.0371
2023-01-16 18:11:07.012 401:pos-tag                INFO     eval_precision = 0.0226
2023-01-16 18:11:07.012 401:pos-tag                INFO     eval_recall = 0.0234
2023-01-16 18:11:07.012 293:pos-tag                INFO     ********************
2023-01-16 18:11:07.012 294:pos-tag                INFO     Best f1:0.0188
2023-01-16 18:11:07.012 295:pos-tag                INFO     ********************
2023-01-16 18:11:07.983 310:pos-tag                INFO   Saving model checkpoint to ./pos_res_poj/random/saved_graphcodebertmodels/4/layer_3/checkpoint-best-f1/model.bin
2023-01-16 18:11:07.984 315:pos-tag                INFO     ********************
2023-01-16 18:11:07.984 316:pos-tag                INFO     Best MCC:0.0371
2023-01-16 18:11:07.984 317:pos-tag                INFO     ********************
2023-01-16 18:11:08.968 332:pos-tag                INFO   Saving model checkpoint to ./pos_res_poj/random/saved_graphcodebertmodels/4/layer_3/checkpoint-best-mcc/model.bin
2023-01-16 18:11:10.192 351:pos-tag                INFO   ***** Running evaluation *****
2023-01-16 18:11:10.192 352:pos-tag                INFO     Num examples = 400
2023-01-16 18:11:10.192 353:pos-tag                INFO     Batch size = 32
2023-01-16 18:11:14.908 399:pos-tag                INFO   ***** Eval results *****
2023-01-16 18:11:14.908 401:pos-tag                INFO     eval_acc = 0.1512
2023-01-16 18:11:14.908 401:pos-tag                INFO     eval_f1 = 0.0278
2023-01-16 18:11:14.908 401:pos-tag                INFO     eval_mcc = 0.0935
2023-01-16 18:11:14.908 401:pos-tag                INFO     eval_precision = 0.0419
2023-01-16 18:11:14.908 401:pos-tag                INFO     eval_recall = 0.0313
2023-01-16 18:11:14.908 293:pos-tag                INFO     ********************
2023-01-16 18:11:14.908 294:pos-tag                INFO     Best f1:0.0278
2023-01-16 18:11:14.909 295:pos-tag                INFO     ********************
2023-01-16 18:11:15.891 310:pos-tag                INFO   Saving model checkpoint to ./pos_res_poj/random/saved_graphcodebertmodels/4/layer_3/checkpoint-best-f1/model.bin
2023-01-16 18:11:15.892 315:pos-tag                INFO     ********************
2023-01-16 18:11:15.892 316:pos-tag                INFO     Best MCC:0.0935
2023-01-16 18:11:15.893 317:pos-tag                INFO     ********************
2023-01-16 18:11:16.811 332:pos-tag                INFO   Saving model checkpoint to ./pos_res_poj/random/saved_graphcodebertmodels/4/layer_3/checkpoint-best-mcc/model.bin
2023-01-16 18:11:18.034 351:pos-tag                INFO   ***** Running evaluation *****
2023-01-16 18:11:18.034 352:pos-tag                INFO     Num examples = 400
2023-01-16 18:11:18.034 353:pos-tag                INFO     Batch size = 32
2023-01-16 18:11:22.748 399:pos-tag                INFO   ***** Eval results *****
2023-01-16 18:11:22.749 401:pos-tag                INFO     eval_acc = 0.2273
2023-01-16 18:11:22.749 401:pos-tag                INFO     eval_f1 = 0.0371
2023-01-16 18:11:22.749 401:pos-tag                INFO     eval_mcc = 0.1611
2023-01-16 18:11:22.749 401:pos-tag                INFO     eval_precision = 0.0735
2023-01-16 18:11:22.749 401:pos-tag                INFO     eval_recall = 0.0406
2023-01-16 18:11:22.749 293:pos-tag                INFO     ********************
2023-01-16 18:11:22.749 294:pos-tag                INFO     Best f1:0.0371
2023-01-16 18:11:22.749 295:pos-tag                INFO     ********************
2023-01-16 18:11:23.690 310:pos-tag                INFO   Saving model checkpoint to ./pos_res_poj/random/saved_graphcodebertmodels/4/layer_3/checkpoint-best-f1/model.bin
2023-01-16 18:11:23.691 315:pos-tag                INFO     ********************
2023-01-16 18:11:23.691 316:pos-tag                INFO     Best MCC:0.1611
2023-01-16 18:11:23.691 317:pos-tag                INFO     ********************
2023-01-16 18:11:24.557 332:pos-tag                INFO   Saving model checkpoint to ./pos_res_poj/random/saved_graphcodebertmodels/4/layer_3/checkpoint-best-mcc/model.bin
2023-01-16 18:11:25.773 351:pos-tag                INFO   ***** Running evaluation *****
2023-01-16 18:11:25.773 352:pos-tag                INFO     Num examples = 400
2023-01-16 18:11:25.773 353:pos-tag                INFO     Batch size = 32
2023-01-16 18:11:30.487 399:pos-tag                INFO   ***** Eval results *****
2023-01-16 18:11:30.487 401:pos-tag                INFO     eval_acc = 0.2994
2023-01-16 18:11:30.487 401:pos-tag                INFO     eval_f1 = 0.0465
2023-01-16 18:11:30.487 401:pos-tag                INFO     eval_mcc = 0.2201
2023-01-16 18:11:30.487 401:pos-tag                INFO     eval_precision = 0.0775
2023-01-16 18:11:30.487 401:pos-tag                INFO     eval_recall = 0.0478
2023-01-16 18:11:30.488 293:pos-tag                INFO     ********************
2023-01-16 18:11:30.488 294:pos-tag                INFO     Best f1:0.0465
2023-01-16 18:11:30.488 295:pos-tag                INFO     ********************
2023-01-16 18:11:31.731 310:pos-tag                INFO   Saving model checkpoint to ./pos_res_poj/random/saved_graphcodebertmodels/4/layer_3/checkpoint-best-f1/model.bin
2023-01-16 18:11:31.732 315:pos-tag                INFO     ********************
2023-01-16 18:11:31.732 316:pos-tag                INFO     Best MCC:0.2201
2023-01-16 18:11:31.732 317:pos-tag                INFO     ********************
2023-01-16 18:11:33.100 332:pos-tag                INFO   Saving model checkpoint to ./pos_res_poj/random/saved_graphcodebertmodels/4/layer_3/checkpoint-best-mcc/model.bin
2023-01-16 18:11:34.333 351:pos-tag                INFO   ***** Running evaluation *****
2023-01-16 18:11:34.333 352:pos-tag                INFO     Num examples = 400
2023-01-16 18:11:34.333 353:pos-tag                INFO     Batch size = 32
2023-01-16 18:11:39.042 399:pos-tag                INFO   ***** Eval results *****
2023-01-16 18:11:39.042 401:pos-tag                INFO     eval_acc = 0.3385
2023-01-16 18:11:39.042 401:pos-tag                INFO     eval_f1 = 0.0498
2023-01-16 18:11:39.042 401:pos-tag                INFO     eval_mcc = 0.2606
2023-01-16 18:11:39.042 401:pos-tag                INFO     eval_precision = 0.0901
2023-01-16 18:11:39.042 401:pos-tag                INFO     eval_recall = 0.0489
2023-01-16 18:11:39.042 293:pos-tag                INFO     ********************
2023-01-16 18:11:39.042 294:pos-tag                INFO     Best f1:0.0498
2023-01-16 18:11:39.043 295:pos-tag                INFO     ********************
2023-01-16 18:11:40.040 310:pos-tag                INFO   Saving model checkpoint to ./pos_res_poj/random/saved_graphcodebertmodels/4/layer_3/checkpoint-best-f1/model.bin
2023-01-16 18:11:40.040 315:pos-tag                INFO     ********************
2023-01-16 18:11:40.041 316:pos-tag                INFO     Best MCC:0.2606
2023-01-16 18:11:40.041 317:pos-tag                INFO     ********************
2023-01-16 18:11:41.012 332:pos-tag                INFO   Saving model checkpoint to ./pos_res_poj/random/saved_graphcodebertmodels/4/layer_3/checkpoint-best-mcc/model.bin
2023-01-16 18:11:42.250 351:pos-tag                INFO   ***** Running evaluation *****
2023-01-16 18:11:42.250 352:pos-tag                INFO     Num examples = 400
2023-01-16 18:11:42.251 353:pos-tag                INFO     Batch size = 32
2023-01-16 18:11:46.962 399:pos-tag                INFO   ***** Eval results *****
2023-01-16 18:11:46.962 401:pos-tag                INFO     eval_acc = 0.3786
2023-01-16 18:11:46.962 401:pos-tag                INFO     eval_f1 = 0.054
2023-01-16 18:11:46.962 401:pos-tag                INFO     eval_mcc = 0.3182
2023-01-16 18:11:46.962 401:pos-tag                INFO     eval_precision = 0.1107
2023-01-16 18:11:46.962 401:pos-tag                INFO     eval_recall = 0.0531
2023-01-16 18:11:46.962 293:pos-tag                INFO     ********************
2023-01-16 18:11:46.963 294:pos-tag                INFO     Best f1:0.054
2023-01-16 18:11:46.963 295:pos-tag                INFO     ********************
2023-01-16 18:11:48.308 310:pos-tag                INFO   Saving model checkpoint to ./pos_res_poj/random/saved_graphcodebertmodels/4/layer_3/checkpoint-best-f1/model.bin
2023-01-16 18:11:48.308 315:pos-tag                INFO     ********************
2023-01-16 18:11:48.308 316:pos-tag                INFO     Best MCC:0.3182
2023-01-16 18:11:48.309 317:pos-tag                INFO     ********************
2023-01-16 18:11:49.655 332:pos-tag                INFO   Saving model checkpoint to ./pos_res_poj/random/saved_graphcodebertmodels/4/layer_3/checkpoint-best-mcc/model.bin
2023-01-16 18:11:50.890 351:pos-tag                INFO   ***** Running evaluation *****
2023-01-16 18:11:50.890 352:pos-tag                INFO     Num examples = 400
2023-01-16 18:11:50.891 353:pos-tag                INFO     Batch size = 32
2023-01-16 18:11:55.606 399:pos-tag                INFO   ***** Eval results *****
2023-01-16 18:11:55.606 401:pos-tag                INFO     eval_acc = 0.4591
2023-01-16 18:11:55.606 401:pos-tag                INFO     eval_f1 = 0.0864
2023-01-16 18:11:55.606 401:pos-tag                INFO     eval_mcc = 0.4189
2023-01-16 18:11:55.606 401:pos-tag                INFO     eval_precision = 0.1586
2023-01-16 18:11:55.606 401:pos-tag                INFO     eval_recall = 0.0811
2023-01-16 18:11:55.607 293:pos-tag                INFO     ********************
2023-01-16 18:11:55.607 294:pos-tag                INFO     Best f1:0.0864
2023-01-16 18:11:55.607 295:pos-tag                INFO     ********************
2023-01-16 18:11:56.580 310:pos-tag                INFO   Saving model checkpoint to ./pos_res_poj/random/saved_graphcodebertmodels/4/layer_3/checkpoint-best-f1/model.bin
2023-01-16 18:11:56.580 315:pos-tag                INFO     ********************
2023-01-16 18:11:56.581 316:pos-tag                INFO     Best MCC:0.4189
2023-01-16 18:11:56.581 317:pos-tag                INFO     ********************
2023-01-16 18:11:57.518 332:pos-tag                INFO   Saving model checkpoint to ./pos_res_poj/random/saved_graphcodebertmodels/4/layer_3/checkpoint-best-mcc/model.bin
2023-01-16 18:11:58.758 351:pos-tag                INFO   ***** Running evaluation *****
2023-01-16 18:11:58.758 352:pos-tag                INFO     Num examples = 400
2023-01-16 18:11:58.758 353:pos-tag                INFO     Batch size = 32
2023-01-16 18:12:03.470 399:pos-tag                INFO   ***** Eval results *****
2023-01-16 18:12:03.470 401:pos-tag                INFO     eval_acc = 0.537
2023-01-16 18:12:03.470 401:pos-tag                INFO     eval_f1 = 0.1223
2023-01-16 18:12:03.470 401:pos-tag                INFO     eval_mcc = 0.5
2023-01-16 18:12:03.470 401:pos-tag                INFO     eval_precision = 0.1646
2023-01-16 18:12:03.471 401:pos-tag                INFO     eval_recall = 0.1149
2023-01-16 18:12:03.471 293:pos-tag                INFO     ********************
2023-01-16 18:12:03.471 294:pos-tag                INFO     Best f1:0.1223
2023-01-16 18:12:03.471 295:pos-tag                INFO     ********************
2023-01-16 18:12:04.842 310:pos-tag                INFO   Saving model checkpoint to ./pos_res_poj/random/saved_graphcodebertmodels/4/layer_3/checkpoint-best-f1/model.bin
2023-01-16 18:12:04.842 315:pos-tag                INFO     ********************
2023-01-16 18:12:04.842 316:pos-tag                INFO     Best MCC:0.5
2023-01-16 18:12:04.843 317:pos-tag                INFO     ********************
2023-01-16 18:12:06.249 332:pos-tag                INFO   Saving model checkpoint to ./pos_res_poj/random/saved_graphcodebertmodels/4/layer_3/checkpoint-best-mcc/model.bin
2023-01-16 18:12:07.278 351:pos-tag                INFO   ***** Running evaluation *****
2023-01-16 18:12:07.278 352:pos-tag                INFO     Num examples = 400
2023-01-16 18:12:07.278 353:pos-tag                INFO     Batch size = 32
2023-01-16 18:12:11.993 399:pos-tag                INFO   ***** Eval results *****
2023-01-16 18:12:11.993 401:pos-tag                INFO     eval_acc = 0.5711
2023-01-16 18:12:11.993 401:pos-tag                INFO     eval_f1 = 0.1464
2023-01-16 18:12:11.993 401:pos-tag                INFO     eval_mcc = 0.5351
2023-01-16 18:12:11.993 401:pos-tag                INFO     eval_precision = 0.1845
2023-01-16 18:12:11.994 401:pos-tag                INFO     eval_recall = 0.1415
2023-01-16 18:12:11.994 293:pos-tag                INFO     ********************
2023-01-16 18:12:11.994 294:pos-tag                INFO     Best f1:0.1464
2023-01-16 18:12:11.994 295:pos-tag                INFO     ********************
2023-01-16 18:12:12.942 310:pos-tag                INFO   Saving model checkpoint to ./pos_res_poj/random/saved_graphcodebertmodels/4/layer_3/checkpoint-best-f1/model.bin
2023-01-16 18:12:12.943 315:pos-tag                INFO     ********************
2023-01-16 18:12:12.943 316:pos-tag                INFO     Best MCC:0.5351
2023-01-16 18:12:12.944 317:pos-tag                INFO     ********************
2023-01-16 18:12:13.872 332:pos-tag                INFO   Saving model checkpoint to ./pos_res_poj/random/saved_graphcodebertmodels/4/layer_3/checkpoint-best-mcc/model.bin
2023-01-16 18:12:15.096 351:pos-tag                INFO   ***** Running evaluation *****
2023-01-16 18:12:15.097 352:pos-tag                INFO     Num examples = 400
2023-01-16 18:12:15.097 353:pos-tag                INFO     Batch size = 32
2023-01-16 18:12:19.818 399:pos-tag                INFO   ***** Eval results *****
2023-01-16 18:12:19.818 401:pos-tag                INFO     eval_acc = 0.5817
2023-01-16 18:12:19.818 401:pos-tag                INFO     eval_f1 = 0.1561
2023-01-16 18:12:19.818 401:pos-tag                INFO     eval_mcc = 0.5501
2023-01-16 18:12:19.818 401:pos-tag                INFO     eval_precision = 0.2111
2023-01-16 18:12:19.818 401:pos-tag                INFO     eval_recall = 0.1497
2023-01-16 18:12:19.818 293:pos-tag                INFO     ********************
2023-01-16 18:12:19.818 294:pos-tag                INFO     Best f1:0.1561
2023-01-16 18:12:19.819 295:pos-tag                INFO     ********************
2023-01-16 18:12:21.163 310:pos-tag                INFO   Saving model checkpoint to ./pos_res_poj/random/saved_graphcodebertmodels/4/layer_3/checkpoint-best-f1/model.bin
2023-01-16 18:12:21.164 315:pos-tag                INFO     ********************
2023-01-16 18:12:21.164 316:pos-tag                INFO     Best MCC:0.5501
2023-01-16 18:12:21.164 317:pos-tag                INFO     ********************
2023-01-16 18:12:22.500 332:pos-tag                INFO   Saving model checkpoint to ./pos_res_poj/random/saved_graphcodebertmodels/4/layer_3/checkpoint-best-mcc/model.bin
2023-01-16 18:12:23.734 351:pos-tag                INFO   ***** Running evaluation *****
2023-01-16 18:12:23.735 352:pos-tag                INFO     Num examples = 400
2023-01-16 18:12:23.735 353:pos-tag                INFO     Batch size = 32
2023-01-16 18:12:28.461 399:pos-tag                INFO   ***** Eval results *****
2023-01-16 18:12:28.461 401:pos-tag                INFO     eval_acc = 0.5942
2023-01-16 18:12:28.462 401:pos-tag                INFO     eval_f1 = 0.1707
2023-01-16 18:12:28.462 401:pos-tag                INFO     eval_mcc = 0.564
2023-01-16 18:12:28.462 401:pos-tag                INFO     eval_precision = 0.241
2023-01-16 18:12:28.462 401:pos-tag                INFO     eval_recall = 0.1608
2023-01-16 18:12:28.462 293:pos-tag                INFO     ********************
2023-01-16 18:12:28.462 294:pos-tag                INFO     Best f1:0.1707
2023-01-16 18:12:28.462 295:pos-tag                INFO     ********************
2023-01-16 18:12:29.640 310:pos-tag                INFO   Saving model checkpoint to ./pos_res_poj/random/saved_graphcodebertmodels/4/layer_3/checkpoint-best-f1/model.bin
2023-01-16 18:12:29.641 315:pos-tag                INFO     ********************
2023-01-16 18:12:29.641 316:pos-tag                INFO     Best MCC:0.564
2023-01-16 18:12:29.641 317:pos-tag                INFO     ********************
2023-01-16 18:12:30.630 332:pos-tag                INFO   Saving model checkpoint to ./pos_res_poj/random/saved_graphcodebertmodels/4/layer_3/checkpoint-best-mcc/model.bin
2023-01-16 18:12:31.857 351:pos-tag                INFO   ***** Running evaluation *****
2023-01-16 18:12:31.857 352:pos-tag                INFO     Num examples = 400
2023-01-16 18:12:31.858 353:pos-tag                INFO     Batch size = 32
2023-01-16 18:12:36.577 399:pos-tag                INFO   ***** Eval results *****
2023-01-16 18:12:36.577 401:pos-tag                INFO     eval_acc = 0.6013
2023-01-16 18:12:36.577 401:pos-tag                INFO     eval_f1 = 0.1777
2023-01-16 18:12:36.578 401:pos-tag                INFO     eval_mcc = 0.5706
2023-01-16 18:12:36.578 401:pos-tag                INFO     eval_precision = 0.2444
2023-01-16 18:12:36.578 401:pos-tag                INFO     eval_recall = 0.1687
2023-01-16 18:12:36.578 293:pos-tag                INFO     ********************
2023-01-16 18:12:36.578 294:pos-tag                INFO     Best f1:0.1777
2023-01-16 18:12:36.578 295:pos-tag                INFO     ********************
2023-01-16 18:12:37.795 310:pos-tag                INFO   Saving model checkpoint to ./pos_res_poj/random/saved_graphcodebertmodels/4/layer_3/checkpoint-best-f1/model.bin
2023-01-16 18:12:37.796 315:pos-tag                INFO     ********************
2023-01-16 18:12:37.796 316:pos-tag                INFO     Best MCC:0.5706
2023-01-16 18:12:37.796 317:pos-tag                INFO     ********************
2023-01-16 18:12:41.214 332:pos-tag                INFO   Saving model checkpoint to ./pos_res_poj/random/saved_graphcodebertmodels/4/layer_3/checkpoint-best-mcc/model.bin
2023-01-16 18:12:42.434 351:pos-tag                INFO   ***** Running evaluation *****
2023-01-16 18:12:42.434 352:pos-tag                INFO     Num examples = 400
2023-01-16 18:12:42.434 353:pos-tag                INFO     Batch size = 32
2023-01-16 18:12:47.148 399:pos-tag                INFO   ***** Eval results *****
2023-01-16 18:12:47.148 401:pos-tag                INFO     eval_acc = 0.6081
2023-01-16 18:12:47.148 401:pos-tag                INFO     eval_f1 = 0.1834
2023-01-16 18:12:47.148 401:pos-tag                INFO     eval_mcc = 0.576
2023-01-16 18:12:47.148 401:pos-tag                INFO     eval_precision = 0.2534
2023-01-16 18:12:47.148 401:pos-tag                INFO     eval_recall = 0.1736
2023-01-16 18:12:47.148 293:pos-tag                INFO     ********************
2023-01-16 18:12:47.148 294:pos-tag                INFO     Best f1:0.1834
2023-01-16 18:12:47.149 295:pos-tag                INFO     ********************
2023-01-16 18:12:50.780 310:pos-tag                INFO   Saving model checkpoint to ./pos_res_poj/random/saved_graphcodebertmodels/4/layer_3/checkpoint-best-f1/model.bin
2023-01-16 18:12:50.780 315:pos-tag                INFO     ********************
2023-01-16 18:12:50.780 316:pos-tag                INFO     Best MCC:0.576
2023-01-16 18:12:50.780 317:pos-tag                INFO     ********************
2023-01-16 18:12:54.409 332:pos-tag                INFO   Saving model checkpoint to ./pos_res_poj/random/saved_graphcodebertmodels/4/layer_3/checkpoint-best-mcc/model.bin
2023-01-16 18:12:55.634 351:pos-tag                INFO   ***** Running evaluation *****
2023-01-16 18:12:55.634 352:pos-tag                INFO     Num examples = 400
2023-01-16 18:12:55.634 353:pos-tag                INFO     Batch size = 32
2023-01-16 18:13:00.346 399:pos-tag                INFO   ***** Eval results *****
2023-01-16 18:13:00.347 401:pos-tag                INFO     eval_acc = 0.6183
2023-01-16 18:13:00.347 401:pos-tag                INFO     eval_f1 = 0.1908
2023-01-16 18:13:00.347 401:pos-tag                INFO     eval_mcc = 0.5862
2023-01-16 18:13:00.347 401:pos-tag                INFO     eval_precision = 0.2596
2023-01-16 18:13:00.347 401:pos-tag                INFO     eval_recall = 0.1826
2023-01-16 18:13:00.347 293:pos-tag                INFO     ********************
2023-01-16 18:13:00.347 294:pos-tag                INFO     Best f1:0.1908
2023-01-16 18:13:00.347 295:pos-tag                INFO     ********************
2023-01-16 18:13:04.063 310:pos-tag                INFO   Saving model checkpoint to ./pos_res_poj/random/saved_graphcodebertmodels/4/layer_3/checkpoint-best-f1/model.bin
2023-01-16 18:13:04.063 315:pos-tag                INFO     ********************
2023-01-16 18:13:04.063 316:pos-tag                INFO     Best MCC:0.5862
2023-01-16 18:13:04.063 317:pos-tag                INFO     ********************
2023-01-16 18:13:09.948 332:pos-tag                INFO   Saving model checkpoint to ./pos_res_poj/random/saved_graphcodebertmodels/4/layer_3/checkpoint-best-mcc/model.bin
2023-01-16 18:13:11.173 351:pos-tag                INFO   ***** Running evaluation *****
2023-01-16 18:13:11.173 352:pos-tag                INFO     Num examples = 400
2023-01-16 18:13:11.173 353:pos-tag                INFO     Batch size = 32
2023-01-16 18:13:15.879 399:pos-tag                INFO   ***** Eval results *****
2023-01-16 18:13:15.879 401:pos-tag                INFO     eval_acc = 0.6234
2023-01-16 18:13:15.879 401:pos-tag                INFO     eval_f1 = 0.1947
2023-01-16 18:13:15.880 401:pos-tag                INFO     eval_mcc = 0.5926
2023-01-16 18:13:15.880 401:pos-tag                INFO     eval_precision = 0.2439
2023-01-16 18:13:15.880 401:pos-tag                INFO     eval_recall = 0.189
2023-01-16 18:13:15.880 293:pos-tag                INFO     ********************
2023-01-16 18:13:15.880 294:pos-tag                INFO     Best f1:0.1947
2023-01-16 18:13:15.880 295:pos-tag                INFO     ********************
2023-01-16 18:13:19.641 310:pos-tag                INFO   Saving model checkpoint to ./pos_res_poj/random/saved_graphcodebertmodels/4/layer_3/checkpoint-best-f1/model.bin
2023-01-16 18:13:19.641 315:pos-tag                INFO     ********************
2023-01-16 18:13:19.641 316:pos-tag                INFO     Best MCC:0.5926
2023-01-16 18:13:19.641 317:pos-tag                INFO     ********************
2023-01-16 18:13:24.235 332:pos-tag                INFO   Saving model checkpoint to ./pos_res_poj/random/saved_graphcodebertmodels/4/layer_3/checkpoint-best-mcc/model.bin
2023-01-16 18:13:25.461 351:pos-tag                INFO   ***** Running evaluation *****
2023-01-16 18:13:25.479 352:pos-tag                INFO     Num examples = 400
2023-01-16 18:13:25.479 353:pos-tag                INFO     Batch size = 32
2023-01-16 18:13:30.188 399:pos-tag                INFO   ***** Eval results *****
2023-01-16 18:13:30.188 401:pos-tag                INFO     eval_acc = 0.6244
2023-01-16 18:13:30.188 401:pos-tag                INFO     eval_f1 = 0.1963
2023-01-16 18:13:30.188 401:pos-tag                INFO     eval_mcc = 0.5946
2023-01-16 18:13:30.188 401:pos-tag                INFO     eval_precision = 0.254
2023-01-16 18:13:30.188 401:pos-tag                INFO     eval_recall = 0.191
2023-01-16 18:13:30.189 293:pos-tag                INFO     ********************
2023-01-16 18:13:30.189 294:pos-tag                INFO     Best f1:0.1963
2023-01-16 18:13:30.189 295:pos-tag                INFO     ********************
2023-01-16 18:13:33.581 310:pos-tag                INFO   Saving model checkpoint to ./pos_res_poj/random/saved_graphcodebertmodels/4/layer_3/checkpoint-best-f1/model.bin
2023-01-16 18:13:33.581 315:pos-tag                INFO     ********************
2023-01-16 18:13:33.581 316:pos-tag                INFO     Best MCC:0.5946
2023-01-16 18:13:33.581 317:pos-tag                INFO     ********************
2023-01-16 18:13:36.925 332:pos-tag                INFO   Saving model checkpoint to ./pos_res_poj/random/saved_graphcodebertmodels/4/layer_3/checkpoint-best-mcc/model.bin
2023-01-16 18:13:38.151 351:pos-tag                INFO   ***** Running evaluation *****
2023-01-16 18:13:38.151 352:pos-tag                INFO     Num examples = 400
2023-01-16 18:13:38.151 353:pos-tag                INFO     Batch size = 32
2023-01-16 18:13:42.854 399:pos-tag                INFO   ***** Eval results *****
2023-01-16 18:13:42.854 401:pos-tag                INFO     eval_acc = 0.6243
2023-01-16 18:13:42.855 401:pos-tag                INFO     eval_f1 = 0.2013
2023-01-16 18:13:42.855 401:pos-tag                INFO     eval_mcc = 0.5946
2023-01-16 18:13:42.855 401:pos-tag                INFO     eval_precision = 0.2769
2023-01-16 18:13:42.855 401:pos-tag                INFO     eval_recall = 0.1943
2023-01-16 18:13:42.855 293:pos-tag                INFO     ********************
2023-01-16 18:13:42.855 294:pos-tag                INFO     Best f1:0.2013
2023-01-16 18:13:42.855 295:pos-tag                INFO     ********************
2023-01-16 18:13:45.390 310:pos-tag                INFO   Saving model checkpoint to ./pos_res_poj/random/saved_graphcodebertmodels/4/layer_3/checkpoint-best-f1/model.bin
2023-01-16 18:13:46.606 351:pos-tag                INFO   ***** Running evaluation *****
2023-01-16 18:13:46.606 352:pos-tag                INFO     Num examples = 400
2023-01-16 18:13:46.606 353:pos-tag                INFO     Batch size = 32
2023-01-16 18:13:51.315 399:pos-tag                INFO   ***** Eval results *****
2023-01-16 18:13:51.315 401:pos-tag                INFO     eval_acc = 0.6234
2023-01-16 18:13:51.315 401:pos-tag                INFO     eval_f1 = 0.2095
2023-01-16 18:13:51.315 401:pos-tag                INFO     eval_mcc = 0.5909
2023-01-16 18:13:51.315 401:pos-tag                INFO     eval_precision = 0.2727
2023-01-16 18:13:51.315 401:pos-tag                INFO     eval_recall = 0.1998
2023-01-16 18:13:51.316 293:pos-tag                INFO     ********************
2023-01-16 18:13:51.316 294:pos-tag                INFO     Best f1:0.2095
2023-01-16 18:13:51.316 295:pos-tag                INFO     ********************
2023-01-16 18:13:54.499 310:pos-tag                INFO   Saving model checkpoint to ./pos_res_poj/random/saved_graphcodebertmodels/4/layer_3/checkpoint-best-f1/model.bin
2023-01-16 18:13:55.715 351:pos-tag                INFO   ***** Running evaluation *****
2023-01-16 18:13:55.715 352:pos-tag                INFO     Num examples = 400
2023-01-16 18:13:55.715 353:pos-tag                INFO     Batch size = 32
2023-01-16 18:14:00.422 399:pos-tag                INFO   ***** Eval results *****
2023-01-16 18:14:00.422 401:pos-tag                INFO     eval_acc = 0.6285
2023-01-16 18:14:00.422 401:pos-tag                INFO     eval_f1 = 0.2175
2023-01-16 18:14:00.422 401:pos-tag                INFO     eval_mcc = 0.5958
2023-01-16 18:14:00.422 401:pos-tag                INFO     eval_precision = 0.2959
2023-01-16 18:14:00.422 401:pos-tag                INFO     eval_recall = 0.205
2023-01-16 18:14:00.422 293:pos-tag                INFO     ********************
2023-01-16 18:14:00.422 294:pos-tag                INFO     Best f1:0.2175
2023-01-16 18:14:00.422 295:pos-tag                INFO     ********************
2023-01-16 18:14:03.556 310:pos-tag                INFO   Saving model checkpoint to ./pos_res_poj/random/saved_graphcodebertmodels/4/layer_3/checkpoint-best-f1/model.bin
2023-01-16 18:14:03.557 315:pos-tag                INFO     ********************
2023-01-16 18:14:03.557 316:pos-tag                INFO     Best MCC:0.5958
2023-01-16 18:14:03.557 317:pos-tag                INFO     ********************
2023-01-16 18:14:06.643 332:pos-tag                INFO   Saving model checkpoint to ./pos_res_poj/random/saved_graphcodebertmodels/4/layer_3/checkpoint-best-mcc/model.bin
2023-01-16 18:14:07.876 351:pos-tag                INFO   ***** Running evaluation *****
2023-01-16 18:14:07.876 352:pos-tag                INFO     Num examples = 400
2023-01-16 18:14:07.876 353:pos-tag                INFO     Batch size = 32
2023-01-16 18:14:12.579 399:pos-tag                INFO   ***** Eval results *****
2023-01-16 18:14:12.580 401:pos-tag                INFO     eval_acc = 0.6354
2023-01-16 18:14:12.580 401:pos-tag                INFO     eval_f1 = 0.2244
2023-01-16 18:14:12.580 401:pos-tag                INFO     eval_mcc = 0.6047
2023-01-16 18:14:12.580 401:pos-tag                INFO     eval_precision = 0.2931
2023-01-16 18:14:12.580 401:pos-tag                INFO     eval_recall = 0.2115
2023-01-16 18:14:12.580 293:pos-tag                INFO     ********************
2023-01-16 18:14:12.580 294:pos-tag                INFO     Best f1:0.2244
2023-01-16 18:14:12.580 295:pos-tag                INFO     ********************
2023-01-16 18:14:15.605 310:pos-tag                INFO   Saving model checkpoint to ./pos_res_poj/random/saved_graphcodebertmodels/4/layer_3/checkpoint-best-f1/model.bin
2023-01-16 18:14:15.606 315:pos-tag                INFO     ********************
2023-01-16 18:14:15.606 316:pos-tag                INFO     Best MCC:0.6047
2023-01-16 18:14:15.606 317:pos-tag                INFO     ********************
2023-01-16 18:14:17.583 332:pos-tag                INFO   Saving model checkpoint to ./pos_res_poj/random/saved_graphcodebertmodels/4/layer_3/checkpoint-best-mcc/model.bin
2023-01-16 18:14:18.808 351:pos-tag                INFO   ***** Running evaluation *****
2023-01-16 18:14:18.809 352:pos-tag                INFO     Num examples = 400
2023-01-16 18:14:18.809 353:pos-tag                INFO     Batch size = 32
2023-01-16 18:14:23.511 399:pos-tag                INFO   ***** Eval results *****
2023-01-16 18:14:23.511 401:pos-tag                INFO     eval_acc = 0.6365
2023-01-16 18:14:23.511 401:pos-tag                INFO     eval_f1 = 0.2263
2023-01-16 18:14:23.511 401:pos-tag                INFO     eval_mcc = 0.6071
2023-01-16 18:14:23.511 401:pos-tag                INFO     eval_precision = 0.2948
2023-01-16 18:14:23.512 401:pos-tag                INFO     eval_recall = 0.2134
2023-01-16 18:14:23.512 293:pos-tag                INFO     ********************
2023-01-16 18:14:23.512 294:pos-tag                INFO     Best f1:0.2263
2023-01-16 18:14:23.512 295:pos-tag                INFO     ********************
2023-01-16 18:14:26.751 310:pos-tag                INFO   Saving model checkpoint to ./pos_res_poj/random/saved_graphcodebertmodels/4/layer_3/checkpoint-best-f1/model.bin
2023-01-16 18:14:26.752 315:pos-tag                INFO     ********************
2023-01-16 18:14:26.752 316:pos-tag                INFO     Best MCC:0.6071
2023-01-16 18:14:26.752 317:pos-tag                INFO     ********************
2023-01-16 18:14:29.901 332:pos-tag                INFO   Saving model checkpoint to ./pos_res_poj/random/saved_graphcodebertmodels/4/layer_3/checkpoint-best-mcc/model.bin
2023-01-16 18:14:30.933 351:pos-tag                INFO   ***** Running evaluation *****
2023-01-16 18:14:30.933 352:pos-tag                INFO     Num examples = 400
2023-01-16 18:14:30.933 353:pos-tag                INFO     Batch size = 32
2023-01-16 18:14:35.634 399:pos-tag                INFO   ***** Eval results *****
2023-01-16 18:14:35.634 401:pos-tag                INFO     eval_acc = 0.6381
2023-01-16 18:14:35.634 401:pos-tag                INFO     eval_f1 = 0.2302
2023-01-16 18:14:35.634 401:pos-tag                INFO     eval_mcc = 0.6098
2023-01-16 18:14:35.634 401:pos-tag                INFO     eval_precision = 0.3015
2023-01-16 18:14:35.635 401:pos-tag                INFO     eval_recall = 0.2158
2023-01-16 18:14:35.635 293:pos-tag                INFO     ********************
2023-01-16 18:14:35.635 294:pos-tag                INFO     Best f1:0.2302
2023-01-16 18:14:35.635 295:pos-tag                INFO     ********************
2023-01-16 18:14:37.900 310:pos-tag                INFO   Saving model checkpoint to ./pos_res_poj/random/saved_graphcodebertmodels/4/layer_3/checkpoint-best-f1/model.bin
2023-01-16 18:14:37.901 315:pos-tag                INFO     ********************
2023-01-16 18:14:37.901 316:pos-tag                INFO     Best MCC:0.6098
2023-01-16 18:14:37.902 317:pos-tag                INFO     ********************
2023-01-16 18:14:39.750 332:pos-tag                INFO   Saving model checkpoint to ./pos_res_poj/random/saved_graphcodebertmodels/4/layer_3/checkpoint-best-mcc/model.bin
2023-01-16 18:14:40.964 351:pos-tag                INFO   ***** Running evaluation *****
2023-01-16 18:14:40.964 352:pos-tag                INFO     Num examples = 400
2023-01-16 18:14:40.964 353:pos-tag                INFO     Batch size = 32
2023-01-16 18:14:45.669 399:pos-tag                INFO   ***** Eval results *****
2023-01-16 18:14:45.669 401:pos-tag                INFO     eval_acc = 0.639
2023-01-16 18:14:45.680 401:pos-tag                INFO     eval_f1 = 0.2374
2023-01-16 18:14:45.680 401:pos-tag                INFO     eval_mcc = 0.61
2023-01-16 18:14:45.680 401:pos-tag                INFO     eval_precision = 0.3091
2023-01-16 18:14:45.681 401:pos-tag                INFO     eval_recall = 0.22
2023-01-16 18:14:45.681 293:pos-tag                INFO     ********************
2023-01-16 18:14:45.681 294:pos-tag                INFO     Best f1:0.2374
2023-01-16 18:14:45.681 295:pos-tag                INFO     ********************
2023-01-16 18:14:47.834 310:pos-tag                INFO   Saving model checkpoint to ./pos_res_poj/random/saved_graphcodebertmodels/4/layer_3/checkpoint-best-f1/model.bin
2023-01-16 18:14:47.835 315:pos-tag                INFO     ********************
2023-01-16 18:14:47.835 316:pos-tag                INFO     Best MCC:0.61
2023-01-16 18:14:47.835 317:pos-tag                INFO     ********************
2023-01-16 18:14:49.662 332:pos-tag                INFO   Saving model checkpoint to ./pos_res_poj/random/saved_graphcodebertmodels/4/layer_3/checkpoint-best-mcc/model.bin
2023-01-16 18:14:50.877 351:pos-tag                INFO   ***** Running evaluation *****
2023-01-16 18:14:50.888 352:pos-tag                INFO     Num examples = 400
2023-01-16 18:14:50.888 353:pos-tag                INFO     Batch size = 32
2023-01-16 18:14:55.599 399:pos-tag                INFO   ***** Eval results *****
2023-01-16 18:14:55.599 401:pos-tag                INFO     eval_acc = 0.6402
2023-01-16 18:14:55.600 401:pos-tag                INFO     eval_f1 = 0.2435
2023-01-16 18:14:55.600 401:pos-tag                INFO     eval_mcc = 0.6107
2023-01-16 18:14:55.600 401:pos-tag                INFO     eval_precision = 0.324
2023-01-16 18:14:55.600 401:pos-tag                INFO     eval_recall = 0.2252
2023-01-16 18:14:55.600 293:pos-tag                INFO     ********************
2023-01-16 18:14:55.600 294:pos-tag                INFO     Best f1:0.2435
2023-01-16 18:14:55.600 295:pos-tag                INFO     ********************
2023-01-16 18:14:57.634 310:pos-tag                INFO   Saving model checkpoint to ./pos_res_poj/random/saved_graphcodebertmodels/4/layer_3/checkpoint-best-f1/model.bin
2023-01-16 18:14:57.635 315:pos-tag                INFO     ********************
2023-01-16 18:14:57.635 316:pos-tag                INFO     Best MCC:0.6107
2023-01-16 18:14:57.635 317:pos-tag                INFO     ********************
2023-01-16 18:14:59.559 332:pos-tag                INFO   Saving model checkpoint to ./pos_res_poj/random/saved_graphcodebertmodels/4/layer_3/checkpoint-best-mcc/model.bin
2023-01-16 18:15:00.775 351:pos-tag                INFO   ***** Running evaluation *****
2023-01-16 18:15:00.775 352:pos-tag                INFO     Num examples = 400
2023-01-16 18:15:00.775 353:pos-tag                INFO     Batch size = 32
2023-01-16 18:15:05.487 399:pos-tag                INFO   ***** Eval results *****
2023-01-16 18:15:05.487 401:pos-tag                INFO     eval_acc = 0.6426
2023-01-16 18:15:05.487 401:pos-tag                INFO     eval_f1 = 0.2482
2023-01-16 18:15:05.488 401:pos-tag                INFO     eval_mcc = 0.6122
2023-01-16 18:15:05.488 401:pos-tag                INFO     eval_precision = 0.3234
2023-01-16 18:15:05.488 401:pos-tag                INFO     eval_recall = 0.2295
2023-01-16 18:15:05.488 293:pos-tag                INFO     ********************
2023-01-16 18:15:05.488 294:pos-tag                INFO     Best f1:0.2482
2023-01-16 18:15:05.488 295:pos-tag                INFO     ********************
2023-01-16 18:15:08.676 310:pos-tag                INFO   Saving model checkpoint to ./pos_res_poj/random/saved_graphcodebertmodels/4/layer_3/checkpoint-best-f1/model.bin
2023-01-16 18:15:08.676 315:pos-tag                INFO     ********************
2023-01-16 18:15:08.676 316:pos-tag                INFO     Best MCC:0.6122
2023-01-16 18:15:08.676 317:pos-tag                INFO     ********************
2023-01-16 18:15:11.788 332:pos-tag                INFO   Saving model checkpoint to ./pos_res_poj/random/saved_graphcodebertmodels/4/layer_3/checkpoint-best-mcc/model.bin
2023-01-16 18:15:13.012 351:pos-tag                INFO   ***** Running evaluation *****
2023-01-16 18:15:13.012 352:pos-tag                INFO     Num examples = 400
2023-01-16 18:15:13.012 353:pos-tag                INFO     Batch size = 32
2023-01-16 18:15:17.718 399:pos-tag                INFO   ***** Eval results *****
2023-01-16 18:15:17.718 401:pos-tag                INFO     eval_acc = 0.6445
2023-01-16 18:15:17.718 401:pos-tag                INFO     eval_f1 = 0.254
2023-01-16 18:15:17.719 401:pos-tag                INFO     eval_mcc = 0.6137
2023-01-16 18:15:17.719 401:pos-tag                INFO     eval_precision = 0.3263
2023-01-16 18:15:17.719 401:pos-tag                INFO     eval_recall = 0.2355
2023-01-16 18:15:17.719 293:pos-tag                INFO     ********************
2023-01-16 18:15:17.719 294:pos-tag                INFO     Best f1:0.254
2023-01-16 18:15:17.719 295:pos-tag                INFO     ********************
2023-01-16 18:15:20.875 310:pos-tag                INFO   Saving model checkpoint to ./pos_res_poj/random/saved_graphcodebertmodels/4/layer_3/checkpoint-best-f1/model.bin
2023-01-16 18:15:20.876 315:pos-tag                INFO     ********************
2023-01-16 18:15:20.876 316:pos-tag                INFO     Best MCC:0.6137
2023-01-16 18:15:20.876 317:pos-tag                INFO     ********************
2023-01-16 18:15:23.934 332:pos-tag                INFO   Saving model checkpoint to ./pos_res_poj/random/saved_graphcodebertmodels/4/layer_3/checkpoint-best-mcc/model.bin
2023-01-16 18:15:25.161 351:pos-tag                INFO   ***** Running evaluation *****
2023-01-16 18:15:25.161 352:pos-tag                INFO     Num examples = 400
2023-01-16 18:15:25.161 353:pos-tag                INFO     Batch size = 32
2023-01-16 18:15:29.865 399:pos-tag                INFO   ***** Eval results *****
2023-01-16 18:15:29.865 401:pos-tag                INFO     eval_acc = 0.6475
2023-01-16 18:15:29.865 401:pos-tag                INFO     eval_f1 = 0.2563
2023-01-16 18:15:29.866 401:pos-tag                INFO     eval_mcc = 0.6175
2023-01-16 18:15:29.866 401:pos-tag                INFO     eval_precision = 0.3284
2023-01-16 18:15:29.866 401:pos-tag                INFO     eval_recall = 0.239
2023-01-16 18:15:29.866 293:pos-tag                INFO     ********************
2023-01-16 18:15:29.866 294:pos-tag                INFO     Best f1:0.2563
2023-01-16 18:15:29.866 295:pos-tag                INFO     ********************
2023-01-16 18:15:30.841 310:pos-tag                INFO   Saving model checkpoint to ./pos_res_poj/random/saved_graphcodebertmodels/4/layer_3/checkpoint-best-f1/model.bin
2023-01-16 18:15:30.842 315:pos-tag                INFO     ********************
2023-01-16 18:15:30.842 316:pos-tag                INFO     Best MCC:0.6175
2023-01-16 18:15:30.842 317:pos-tag                INFO     ********************
2023-01-16 18:15:31.765 332:pos-tag                INFO   Saving model checkpoint to ./pos_res_poj/random/saved_graphcodebertmodels/4/layer_3/checkpoint-best-mcc/model.bin
2023-01-16 18:15:32.994 351:pos-tag                INFO   ***** Running evaluation *****
2023-01-16 18:15:32.994 352:pos-tag                INFO     Num examples = 400
2023-01-16 18:15:32.994 353:pos-tag                INFO     Batch size = 32
2023-01-16 18:15:37.700 399:pos-tag                INFO   ***** Eval results *****
2023-01-16 18:15:37.700 401:pos-tag                INFO     eval_acc = 0.6473
2023-01-16 18:15:37.700 401:pos-tag                INFO     eval_f1 = 0.2541
2023-01-16 18:15:37.701 401:pos-tag                INFO     eval_mcc = 0.6187
2023-01-16 18:15:37.701 401:pos-tag                INFO     eval_precision = 0.3284
2023-01-16 18:15:37.701 401:pos-tag                INFO     eval_recall = 0.2372
2023-01-16 18:15:37.701 315:pos-tag                INFO     ********************
2023-01-16 18:15:37.701 316:pos-tag                INFO     Best MCC:0.6187
2023-01-16 18:15:37.701 317:pos-tag                INFO     ********************
2023-01-16 18:15:39.044 332:pos-tag                INFO   Saving model checkpoint to ./pos_res_poj/random/saved_graphcodebertmodels/4/layer_3/checkpoint-best-mcc/model.bin
2023-01-16 18:15:40.254 351:pos-tag                INFO   ***** Running evaluation *****
2023-01-16 18:15:40.254 352:pos-tag                INFO     Num examples = 400
2023-01-16 18:15:40.254 353:pos-tag                INFO     Batch size = 32
2023-01-16 18:15:44.964 399:pos-tag                INFO   ***** Eval results *****
2023-01-16 18:15:44.964 401:pos-tag                INFO     eval_acc = 0.6456
2023-01-16 18:15:44.965 401:pos-tag                INFO     eval_f1 = 0.2528
2023-01-16 18:15:44.965 401:pos-tag                INFO     eval_mcc = 0.6173
2023-01-16 18:15:44.965 401:pos-tag                INFO     eval_precision = 0.331
2023-01-16 18:15:44.965 401:pos-tag                INFO     eval_recall = 0.2358
2023-01-16 18:15:46.169 351:pos-tag                INFO   ***** Running evaluation *****
2023-01-16 18:15:46.170 352:pos-tag                INFO     Num examples = 400
2023-01-16 18:15:46.170 353:pos-tag                INFO     Batch size = 32
2023-01-16 18:15:50.885 399:pos-tag                INFO   ***** Eval results *****
2023-01-16 18:15:50.885 401:pos-tag                INFO     eval_acc = 0.6457
2023-01-16 18:15:50.885 401:pos-tag                INFO     eval_f1 = 0.2529
2023-01-16 18:15:50.885 401:pos-tag                INFO     eval_mcc = 0.6174
2023-01-16 18:15:50.885 401:pos-tag                INFO     eval_precision = 0.3322
2023-01-16 18:15:50.885 401:pos-tag                INFO     eval_recall = 0.2354
2023-01-16 18:15:52.090 351:pos-tag                INFO   ***** Running evaluation *****
2023-01-16 18:15:52.090 352:pos-tag                INFO     Num examples = 400
2023-01-16 18:15:52.090 353:pos-tag                INFO     Batch size = 32
2023-01-16 18:15:56.806 399:pos-tag                INFO   ***** Eval results *****
2023-01-16 18:15:56.806 401:pos-tag                INFO     eval_acc = 0.6468
2023-01-16 18:15:56.806 401:pos-tag                INFO     eval_f1 = 0.254
2023-01-16 18:15:56.806 401:pos-tag                INFO     eval_mcc = 0.6185
2023-01-16 18:15:56.806 401:pos-tag                INFO     eval_precision = 0.332
2023-01-16 18:15:56.806 401:pos-tag                INFO     eval_recall = 0.2361
2023-01-16 18:15:58.012 351:pos-tag                INFO   ***** Running evaluation *****
2023-01-16 18:15:58.012 352:pos-tag                INFO     Num examples = 400
2023-01-16 18:15:58.012 353:pos-tag                INFO     Batch size = 32
2023-01-16 18:16:02.734 399:pos-tag                INFO   ***** Eval results *****
2023-01-16 18:16:02.734 401:pos-tag                INFO     eval_acc = 0.6496
2023-01-16 18:16:02.734 401:pos-tag                INFO     eval_f1 = 0.2556
2023-01-16 18:16:02.734 401:pos-tag                INFO     eval_mcc = 0.6206
2023-01-16 18:16:02.734 401:pos-tag                INFO     eval_precision = 0.3319
2023-01-16 18:16:02.734 401:pos-tag                INFO     eval_recall = 0.2377
2023-01-16 18:16:02.735 315:pos-tag                INFO     ********************
2023-01-16 18:16:02.735 316:pos-tag                INFO     Best MCC:0.6206
2023-01-16 18:16:02.735 317:pos-tag                INFO     ********************
2023-01-16 18:16:03.696 332:pos-tag                INFO   Saving model checkpoint to ./pos_res_poj/random/saved_graphcodebertmodels/4/layer_3/checkpoint-best-mcc/model.bin
2023-01-16 18:16:04.908 351:pos-tag                INFO   ***** Running evaluation *****
2023-01-16 18:16:04.908 352:pos-tag                INFO     Num examples = 400
2023-01-16 18:16:04.908 353:pos-tag                INFO     Batch size = 32
2023-01-16 18:16:09.628 399:pos-tag                INFO   ***** Eval results *****
2023-01-16 18:16:09.628 401:pos-tag                INFO     eval_acc = 0.651
2023-01-16 18:16:09.629 401:pos-tag                INFO     eval_f1 = 0.2572
2023-01-16 18:16:09.629 401:pos-tag                INFO     eval_mcc = 0.6213
2023-01-16 18:16:09.629 401:pos-tag                INFO     eval_precision = 0.3382
2023-01-16 18:16:09.629 401:pos-tag                INFO     eval_recall = 0.2393
2023-01-16 18:16:09.629 293:pos-tag                INFO     ********************
2023-01-16 18:16:09.629 294:pos-tag                INFO     Best f1:0.2572
2023-01-16 18:16:09.629 295:pos-tag                INFO     ********************
2023-01-16 18:16:10.598 310:pos-tag                INFO   Saving model checkpoint to ./pos_res_poj/random/saved_graphcodebertmodels/4/layer_3/checkpoint-best-f1/model.bin
2023-01-16 18:16:10.598 315:pos-tag                INFO     ********************
2023-01-16 18:16:10.598 316:pos-tag                INFO     Best MCC:0.6213
2023-01-16 18:16:10.599 317:pos-tag                INFO     ********************
2023-01-16 18:16:11.562 332:pos-tag                INFO   Saving model checkpoint to ./pos_res_poj/random/saved_graphcodebertmodels/4/layer_3/checkpoint-best-mcc/model.bin
2023-01-16 18:16:12.598 351:pos-tag                INFO   ***** Running evaluation *****
2023-01-16 18:16:12.598 352:pos-tag                INFO     Num examples = 400
2023-01-16 18:16:12.598 353:pos-tag                INFO     Batch size = 32
2023-01-16 18:16:17.316 399:pos-tag                INFO   ***** Eval results *****
2023-01-16 18:16:17.317 401:pos-tag                INFO     eval_acc = 0.6528
2023-01-16 18:16:17.317 401:pos-tag                INFO     eval_f1 = 0.2602
2023-01-16 18:16:17.317 401:pos-tag                INFO     eval_mcc = 0.6229
2023-01-16 18:16:17.317 401:pos-tag                INFO     eval_precision = 0.3277
2023-01-16 18:16:17.317 401:pos-tag                INFO     eval_recall = 0.2426
2023-01-16 18:16:17.317 293:pos-tag                INFO     ********************
2023-01-16 18:16:17.317 294:pos-tag                INFO     Best f1:0.2602
2023-01-16 18:16:17.317 295:pos-tag                INFO     ********************
2023-01-16 18:16:18.247 310:pos-tag                INFO   Saving model checkpoint to ./pos_res_poj/random/saved_graphcodebertmodels/4/layer_3/checkpoint-best-f1/model.bin
2023-01-16 18:16:18.247 315:pos-tag                INFO     ********************
2023-01-16 18:16:18.248 316:pos-tag                INFO     Best MCC:0.6229
2023-01-16 18:16:18.248 317:pos-tag                INFO     ********************
2023-01-16 18:16:19.137 332:pos-tag                INFO   Saving model checkpoint to ./pos_res_poj/random/saved_graphcodebertmodels/4/layer_3/checkpoint-best-mcc/model.bin
2023-01-16 18:16:20.357 351:pos-tag                INFO   ***** Running evaluation *****
2023-01-16 18:16:20.357 352:pos-tag                INFO     Num examples = 400
2023-01-16 18:16:20.357 353:pos-tag                INFO     Batch size = 32
2023-01-16 18:16:25.077 399:pos-tag                INFO   ***** Eval results *****
2023-01-16 18:16:25.077 401:pos-tag                INFO     eval_acc = 0.6544
2023-01-16 18:16:25.077 401:pos-tag                INFO     eval_f1 = 0.2628
2023-01-16 18:16:25.077 401:pos-tag                INFO     eval_mcc = 0.6248
2023-01-16 18:16:25.077 401:pos-tag                INFO     eval_precision = 0.337
2023-01-16 18:16:25.077 401:pos-tag                INFO     eval_recall = 0.2451
2023-01-16 18:16:25.077 293:pos-tag                INFO     ********************
2023-01-16 18:16:25.077 294:pos-tag                INFO     Best f1:0.2628
2023-01-16 18:16:25.077 295:pos-tag                INFO     ********************
2023-01-16 18:16:26.036 310:pos-tag                INFO   Saving model checkpoint to ./pos_res_poj/random/saved_graphcodebertmodels/4/layer_3/checkpoint-best-f1/model.bin
2023-01-16 18:16:26.037 315:pos-tag                INFO     ********************
2023-01-16 18:16:26.037 316:pos-tag                INFO     Best MCC:0.6248
2023-01-16 18:16:26.037 317:pos-tag                INFO     ********************
2023-01-16 18:16:26.972 332:pos-tag                INFO   Saving model checkpoint to ./pos_res_poj/random/saved_graphcodebertmodels/4/layer_3/checkpoint-best-mcc/model.bin
2023-01-16 18:16:28.198 351:pos-tag                INFO   ***** Running evaluation *****
2023-01-16 18:16:28.198 352:pos-tag                INFO     Num examples = 400
2023-01-16 18:16:28.198 353:pos-tag                INFO     Batch size = 32
2023-01-16 18:16:32.920 399:pos-tag                INFO   ***** Eval results *****
2023-01-16 18:16:32.920 401:pos-tag                INFO     eval_acc = 0.6539
2023-01-16 18:16:32.920 401:pos-tag                INFO     eval_f1 = 0.2642
2023-01-16 18:16:32.920 401:pos-tag                INFO     eval_mcc = 0.6253
2023-01-16 18:16:32.921 401:pos-tag                INFO     eval_precision = 0.3358
2023-01-16 18:16:32.921 401:pos-tag                INFO     eval_recall = 0.2467
2023-01-16 18:16:32.921 293:pos-tag                INFO     ********************
2023-01-16 18:16:32.921 294:pos-tag                INFO     Best f1:0.2642
2023-01-16 18:16:32.921 295:pos-tag                INFO     ********************
2023-01-16 18:16:33.897 310:pos-tag                INFO   Saving model checkpoint to ./pos_res_poj/random/saved_graphcodebertmodels/4/layer_3/checkpoint-best-f1/model.bin
2023-01-16 18:16:33.898 315:pos-tag                INFO     ********************
2023-01-16 18:16:33.898 316:pos-tag                INFO     Best MCC:0.6253
2023-01-16 18:16:33.898 317:pos-tag                INFO     ********************
2023-01-16 18:16:34.823 332:pos-tag                INFO   Saving model checkpoint to ./pos_res_poj/random/saved_graphcodebertmodels/4/layer_3/checkpoint-best-mcc/model.bin
2023-01-16 18:16:36.053 351:pos-tag                INFO   ***** Running evaluation *****
2023-01-16 18:16:36.053 352:pos-tag                INFO     Num examples = 400
2023-01-16 18:16:36.053 353:pos-tag                INFO     Batch size = 32
2023-01-16 18:16:40.772 399:pos-tag                INFO   ***** Eval results *****
2023-01-16 18:16:40.772 401:pos-tag                INFO     eval_acc = 0.6533
2023-01-16 18:16:40.773 401:pos-tag                INFO     eval_f1 = 0.2644
2023-01-16 18:16:40.773 401:pos-tag                INFO     eval_mcc = 0.6252
2023-01-16 18:16:40.773 401:pos-tag                INFO     eval_precision = 0.3398
2023-01-16 18:16:40.773 401:pos-tag                INFO     eval_recall = 0.2472
2023-01-16 18:16:40.773 293:pos-tag                INFO     ********************
2023-01-16 18:16:40.773 294:pos-tag                INFO     Best f1:0.2644
2023-01-16 18:16:40.773 295:pos-tag                INFO     ********************
2023-01-16 18:16:42.121 310:pos-tag                INFO   Saving model checkpoint to ./pos_res_poj/random/saved_graphcodebertmodels/4/layer_3/checkpoint-best-f1/model.bin
2023-01-16 18:16:43.335 351:pos-tag                INFO   ***** Running evaluation *****
2023-01-16 18:16:43.335 352:pos-tag                INFO     Num examples = 400
2023-01-16 18:16:43.335 353:pos-tag                INFO     Batch size = 32
2023-01-16 18:16:48.057 399:pos-tag                INFO   ***** Eval results *****
2023-01-16 18:16:48.057 401:pos-tag                INFO     eval_acc = 0.6533
2023-01-16 18:16:48.058 401:pos-tag                INFO     eval_f1 = 0.2644
2023-01-16 18:16:48.058 401:pos-tag                INFO     eval_mcc = 0.6251
2023-01-16 18:16:48.058 401:pos-tag                INFO     eval_precision = 0.3364
2023-01-16 18:16:48.058 401:pos-tag                INFO     eval_recall = 0.2473
2023-01-16 18:16:49.265 351:pos-tag                INFO   ***** Running evaluation *****
2023-01-16 18:16:49.265 352:pos-tag                INFO     Num examples = 400
2023-01-16 18:16:49.265 353:pos-tag                INFO     Batch size = 32
2023-01-16 18:16:53.989 399:pos-tag                INFO   ***** Eval results *****
2023-01-16 18:16:53.989 401:pos-tag                INFO     eval_acc = 0.6536
2023-01-16 18:16:53.989 401:pos-tag                INFO     eval_f1 = 0.2646
2023-01-16 18:16:53.989 401:pos-tag                INFO     eval_mcc = 0.625
2023-01-16 18:16:53.989 401:pos-tag                INFO     eval_precision = 0.3251
2023-01-16 18:16:53.990 401:pos-tag                INFO     eval_recall = 0.2482
2023-01-16 18:16:53.990 293:pos-tag                INFO     ********************
2023-01-16 18:16:53.990 294:pos-tag                INFO     Best f1:0.2646
2023-01-16 18:16:53.990 295:pos-tag                INFO     ********************
2023-01-16 18:16:54.949 310:pos-tag                INFO   Saving model checkpoint to ./pos_res_poj/random/saved_graphcodebertmodels/4/layer_3/checkpoint-best-f1/model.bin
2023-01-16 18:16:56.164 351:pos-tag                INFO   ***** Running evaluation *****
2023-01-16 18:16:56.164 352:pos-tag                INFO     Num examples = 400
2023-01-16 18:16:56.164 353:pos-tag                INFO     Batch size = 32
2023-01-16 18:17:00.892 399:pos-tag                INFO   ***** Eval results *****
2023-01-16 18:17:00.892 401:pos-tag                INFO     eval_acc = 0.6544
2023-01-16 18:17:00.892 401:pos-tag                INFO     eval_f1 = 0.2649
2023-01-16 18:17:00.892 401:pos-tag                INFO     eval_mcc = 0.6259
2023-01-16 18:17:00.892 401:pos-tag                INFO     eval_precision = 0.3272
2023-01-16 18:17:00.892 401:pos-tag                INFO     eval_recall = 0.2483
2023-01-16 18:17:00.892 293:pos-tag                INFO     ********************
2023-01-16 18:17:00.892 294:pos-tag                INFO     Best f1:0.2649
2023-01-16 18:17:00.892 295:pos-tag                INFO     ********************
2023-01-16 18:17:01.860 310:pos-tag                INFO   Saving model checkpoint to ./pos_res_poj/random/saved_graphcodebertmodels/4/layer_3/checkpoint-best-f1/model.bin
2023-01-16 18:17:01.861 315:pos-tag                INFO     ********************
2023-01-16 18:17:01.861 316:pos-tag                INFO     Best MCC:0.6259
2023-01-16 18:17:01.861 317:pos-tag                INFO     ********************
2023-01-16 18:17:02.985 332:pos-tag                INFO   Saving model checkpoint to ./pos_res_poj/random/saved_graphcodebertmodels/4/layer_3/checkpoint-best-mcc/model.bin
2023-01-16 18:17:04.220 351:pos-tag                INFO   ***** Running evaluation *****
2023-01-16 18:17:04.221 352:pos-tag                INFO     Num examples = 400
2023-01-16 18:17:04.221 353:pos-tag                INFO     Batch size = 32
2023-01-16 18:17:08.947 399:pos-tag                INFO   ***** Eval results *****
2023-01-16 18:17:08.947 401:pos-tag                INFO     eval_acc = 0.6553
2023-01-16 18:17:08.947 401:pos-tag                INFO     eval_f1 = 0.2652
2023-01-16 18:17:08.947 401:pos-tag                INFO     eval_mcc = 0.627
2023-01-16 18:17:08.947 401:pos-tag                INFO     eval_precision = 0.3381
2023-01-16 18:17:08.947 401:pos-tag                INFO     eval_recall = 0.2485
2023-01-16 18:17:08.947 293:pos-tag                INFO     ********************
2023-01-16 18:17:08.947 294:pos-tag                INFO     Best f1:0.2652
2023-01-16 18:17:08.947 295:pos-tag                INFO     ********************
2023-01-16 18:17:10.233 310:pos-tag                INFO   Saving model checkpoint to ./pos_res_poj/random/saved_graphcodebertmodels/4/layer_3/checkpoint-best-f1/model.bin
2023-01-16 18:17:10.233 315:pos-tag                INFO     ********************
2023-01-16 18:17:10.234 316:pos-tag                INFO     Best MCC:0.627
2023-01-16 18:17:10.234 317:pos-tag                INFO     ********************
2023-01-16 18:17:11.588 332:pos-tag                INFO   Saving model checkpoint to ./pos_res_poj/random/saved_graphcodebertmodels/4/layer_3/checkpoint-best-mcc/model.bin
2023-01-16 18:17:12.831 351:pos-tag                INFO   ***** Running evaluation *****
2023-01-16 18:17:12.831 352:pos-tag                INFO     Num examples = 400
2023-01-16 18:17:12.831 353:pos-tag                INFO     Batch size = 32
2023-01-16 18:17:17.553 399:pos-tag                INFO   ***** Eval results *****
2023-01-16 18:17:17.554 401:pos-tag                INFO     eval_acc = 0.6558
2023-01-16 18:17:17.554 401:pos-tag                INFO     eval_f1 = 0.266
2023-01-16 18:17:17.554 401:pos-tag                INFO     eval_mcc = 0.6277
2023-01-16 18:17:17.554 401:pos-tag                INFO     eval_precision = 0.3486
2023-01-16 18:17:17.554 401:pos-tag                INFO     eval_recall = 0.2489
2023-01-16 18:17:17.554 293:pos-tag                INFO     ********************
2023-01-16 18:17:17.554 294:pos-tag                INFO     Best f1:0.266
2023-01-16 18:17:17.554 295:pos-tag                INFO     ********************
2023-01-16 18:17:18.816 310:pos-tag                INFO   Saving model checkpoint to ./pos_res_poj/random/saved_graphcodebertmodels/4/layer_3/checkpoint-best-f1/model.bin
2023-01-16 18:17:18.816 315:pos-tag                INFO     ********************
2023-01-16 18:17:18.816 316:pos-tag                INFO     Best MCC:0.6277
2023-01-16 18:17:18.816 317:pos-tag                INFO     ********************
2023-01-16 18:17:20.139 332:pos-tag                INFO   Saving model checkpoint to ./pos_res_poj/random/saved_graphcodebertmodels/4/layer_3/checkpoint-best-mcc/model.bin
2023-01-16 18:17:21.390 351:pos-tag                INFO   ***** Running evaluation *****
2023-01-16 18:17:21.390 352:pos-tag                INFO     Num examples = 400
2023-01-16 18:17:21.390 353:pos-tag                INFO     Batch size = 32
2023-01-16 18:17:26.113 399:pos-tag                INFO   ***** Eval results *****
2023-01-16 18:17:26.113 401:pos-tag                INFO     eval_acc = 0.6567
2023-01-16 18:17:26.113 401:pos-tag                INFO     eval_f1 = 0.2673
2023-01-16 18:17:26.113 401:pos-tag                INFO     eval_mcc = 0.6285
2023-01-16 18:17:26.113 401:pos-tag                INFO     eval_precision = 0.3591
2023-01-16 18:17:26.113 401:pos-tag                INFO     eval_recall = 0.2491
2023-01-16 18:17:26.113 293:pos-tag                INFO     ********************
2023-01-16 18:17:26.113 294:pos-tag                INFO     Best f1:0.2673
2023-01-16 18:17:26.113 295:pos-tag                INFO     ********************
2023-01-16 18:17:27.456 310:pos-tag                INFO   Saving model checkpoint to ./pos_res_poj/random/saved_graphcodebertmodels/4/layer_3/checkpoint-best-f1/model.bin
2023-01-16 18:17:27.456 315:pos-tag                INFO     ********************
2023-01-16 18:17:27.457 316:pos-tag                INFO     Best MCC:0.6285
2023-01-16 18:17:27.457 317:pos-tag                INFO     ********************
2023-01-16 18:17:29.099 332:pos-tag                INFO   Saving model checkpoint to ./pos_res_poj/random/saved_graphcodebertmodels/4/layer_3/checkpoint-best-mcc/model.bin
2023-01-16 18:17:30.328 351:pos-tag                INFO   ***** Running evaluation *****
2023-01-16 18:17:30.328 352:pos-tag                INFO     Num examples = 400
2023-01-16 18:17:30.328 353:pos-tag                INFO     Batch size = 32
2023-01-16 18:17:35.050 399:pos-tag                INFO   ***** Eval results *****
2023-01-16 18:17:35.050 401:pos-tag                INFO     eval_acc = 0.6569
2023-01-16 18:17:35.050 401:pos-tag                INFO     eval_f1 = 0.2676
2023-01-16 18:17:35.050 401:pos-tag                INFO     eval_mcc = 0.6287
2023-01-16 18:17:35.050 401:pos-tag                INFO     eval_precision = 0.3586
2023-01-16 18:17:35.050 401:pos-tag                INFO     eval_recall = 0.2484
2023-01-16 18:17:35.050 293:pos-tag                INFO     ********************
2023-01-16 18:17:35.051 294:pos-tag                INFO     Best f1:0.2676
2023-01-16 18:17:35.051 295:pos-tag                INFO     ********************
2023-01-16 18:17:36.339 310:pos-tag                INFO   Saving model checkpoint to ./pos_res_poj/random/saved_graphcodebertmodels/4/layer_3/checkpoint-best-f1/model.bin
2023-01-16 18:17:36.339 315:pos-tag                INFO     ********************
2023-01-16 18:17:36.339 316:pos-tag                INFO     Best MCC:0.6287
2023-01-16 18:17:36.339 317:pos-tag                INFO     ********************
2023-01-16 18:17:39.288 332:pos-tag                INFO   Saving model checkpoint to ./pos_res_poj/random/saved_graphcodebertmodels/4/layer_3/checkpoint-best-mcc/model.bin
2023-01-16 18:17:40.506 351:pos-tag                INFO   ***** Running evaluation *****
2023-01-16 18:17:40.506 352:pos-tag                INFO     Num examples = 400
2023-01-16 18:17:40.506 353:pos-tag                INFO     Batch size = 32
2023-01-16 18:17:45.227 399:pos-tag                INFO   ***** Eval results *****
2023-01-16 18:17:45.228 401:pos-tag                INFO     eval_acc = 0.6571
2023-01-16 18:17:45.228 401:pos-tag                INFO     eval_f1 = 0.2681
2023-01-16 18:17:45.228 401:pos-tag                INFO     eval_mcc = 0.6289
2023-01-16 18:17:45.228 401:pos-tag                INFO     eval_precision = 0.3582
2023-01-16 18:17:45.228 401:pos-tag                INFO     eval_recall = 0.2483
2023-01-16 18:17:45.228 293:pos-tag                INFO     ********************
2023-01-16 18:17:45.228 294:pos-tag                INFO     Best f1:0.2681
2023-01-16 18:17:45.228 295:pos-tag                INFO     ********************
2023-01-16 18:17:48.049 310:pos-tag                INFO   Saving model checkpoint to ./pos_res_poj/random/saved_graphcodebertmodels/4/layer_3/checkpoint-best-f1/model.bin
2023-01-16 18:17:48.049 315:pos-tag                INFO     ********************
2023-01-16 18:17:48.049 316:pos-tag                INFO     Best MCC:0.6289
2023-01-16 18:17:48.049 317:pos-tag                INFO     ********************
2023-01-16 18:17:51.167 332:pos-tag                INFO   Saving model checkpoint to ./pos_res_poj/random/saved_graphcodebertmodels/4/layer_3/checkpoint-best-mcc/model.bin
2023-01-16 18:17:52.390 351:pos-tag                INFO   ***** Running evaluation *****
2023-01-16 18:17:52.391 352:pos-tag                INFO     Num examples = 400
2023-01-16 18:17:52.391 353:pos-tag                INFO     Batch size = 32
2023-01-16 18:17:57.116 399:pos-tag                INFO   ***** Eval results *****
2023-01-16 18:17:57.116 401:pos-tag                INFO     eval_acc = 0.6569
2023-01-16 18:17:57.116 401:pos-tag                INFO     eval_f1 = 0.268
2023-01-16 18:17:57.116 401:pos-tag                INFO     eval_mcc = 0.6287
2023-01-16 18:17:57.116 401:pos-tag                INFO     eval_precision = 0.3498
2023-01-16 18:17:57.116 401:pos-tag                INFO     eval_recall = 0.248
2023-01-16 18:17:58.138 351:pos-tag                INFO   ***** Running evaluation *****
2023-01-16 18:17:58.138 352:pos-tag                INFO     Num examples = 400
2023-01-16 18:17:58.139 353:pos-tag                INFO     Batch size = 32
2023-01-16 18:18:02.867 399:pos-tag                INFO   ***** Eval results *****
2023-01-16 18:18:02.867 401:pos-tag                INFO     eval_acc = 0.6574
2023-01-16 18:18:02.867 401:pos-tag                INFO     eval_f1 = 0.2687
2023-01-16 18:18:02.867 401:pos-tag                INFO     eval_mcc = 0.6292
2023-01-16 18:18:02.867 401:pos-tag                INFO     eval_precision = 0.3586
2023-01-16 18:18:02.867 401:pos-tag                INFO     eval_recall = 0.2495
2023-01-16 18:18:02.867 293:pos-tag                INFO     ********************
2023-01-16 18:18:02.867 294:pos-tag                INFO     Best f1:0.2687
2023-01-16 18:18:02.867 295:pos-tag                INFO     ********************
2023-01-16 18:18:06.233 310:pos-tag                INFO   Saving model checkpoint to ./pos_res_poj/random/saved_graphcodebertmodels/4/layer_3/checkpoint-best-f1/model.bin
2023-01-16 18:18:06.234 315:pos-tag                INFO     ********************
2023-01-16 18:18:06.234 316:pos-tag                INFO     Best MCC:0.6292
2023-01-16 18:18:06.234 317:pos-tag                INFO     ********************
2023-01-16 18:18:09.928 332:pos-tag                INFO   Saving model checkpoint to ./pos_res_poj/random/saved_graphcodebertmodels/4/layer_3/checkpoint-best-mcc/model.bin
2023-01-16 18:18:11.152 351:pos-tag                INFO   ***** Running evaluation *****
2023-01-16 18:18:11.152 352:pos-tag                INFO     Num examples = 400
2023-01-16 18:18:11.152 353:pos-tag                INFO     Batch size = 32
2023-01-16 18:18:15.864 399:pos-tag                INFO   ***** Eval results *****
2023-01-16 18:18:15.864 401:pos-tag                INFO     eval_acc = 0.6579
2023-01-16 18:18:15.865 401:pos-tag                INFO     eval_f1 = 0.269
2023-01-16 18:18:15.865 401:pos-tag                INFO     eval_mcc = 0.6299
2023-01-16 18:18:15.865 401:pos-tag                INFO     eval_precision = 0.357
2023-01-16 18:18:15.865 401:pos-tag                INFO     eval_recall = 0.251
2023-01-16 18:18:15.865 293:pos-tag                INFO     ********************
2023-01-16 18:18:15.865 294:pos-tag                INFO     Best f1:0.269
2023-01-16 18:18:15.865 295:pos-tag                INFO     ********************
2023-01-16 18:18:19.140 310:pos-tag                INFO   Saving model checkpoint to ./pos_res_poj/random/saved_graphcodebertmodels/4/layer_3/checkpoint-best-f1/model.bin
2023-01-16 18:18:19.140 315:pos-tag                INFO     ********************
2023-01-16 18:18:19.141 316:pos-tag                INFO     Best MCC:0.6299
2023-01-16 18:18:19.141 317:pos-tag                INFO     ********************
2023-01-16 18:18:22.303 332:pos-tag                INFO   Saving model checkpoint to ./pos_res_poj/random/saved_graphcodebertmodels/4/layer_3/checkpoint-best-mcc/model.bin
2023-01-16 18:18:23.519 351:pos-tag                INFO   ***** Running evaluation *****
2023-01-16 18:18:23.519 352:pos-tag                INFO     Num examples = 400
2023-01-16 18:18:23.519 353:pos-tag                INFO     Batch size = 32
2023-01-16 18:18:28.232 399:pos-tag                INFO   ***** Eval results *****
2023-01-16 18:18:28.232 401:pos-tag                INFO     eval_acc = 0.6586
2023-01-16 18:18:28.233 401:pos-tag                INFO     eval_f1 = 0.2696
2023-01-16 18:18:28.233 401:pos-tag                INFO     eval_mcc = 0.6306
2023-01-16 18:18:28.233 401:pos-tag                INFO     eval_precision = 0.3575
2023-01-16 18:18:28.233 401:pos-tag                INFO     eval_recall = 0.2522
2023-01-16 18:18:28.233 293:pos-tag                INFO     ********************
2023-01-16 18:18:28.233 294:pos-tag                INFO     Best f1:0.2696
2023-01-16 18:18:28.233 295:pos-tag                INFO     ********************
2023-01-16 18:18:30.874 310:pos-tag                INFO   Saving model checkpoint to ./pos_res_poj/random/saved_graphcodebertmodels/4/layer_3/checkpoint-best-f1/model.bin
2023-01-16 18:18:30.874 315:pos-tag                INFO     ********************
2023-01-16 18:18:30.874 316:pos-tag                INFO     Best MCC:0.6306
2023-01-16 18:18:30.875 317:pos-tag                INFO     ********************
2023-01-16 18:18:34.039 332:pos-tag                INFO   Saving model checkpoint to ./pos_res_poj/random/saved_graphcodebertmodels/4/layer_3/checkpoint-best-mcc/model.bin
2023-01-16 18:18:35.261 351:pos-tag                INFO   ***** Running evaluation *****
2023-01-16 18:18:35.261 352:pos-tag                INFO     Num examples = 400
2023-01-16 18:18:35.261 353:pos-tag                INFO     Batch size = 32
2023-01-16 18:18:39.972 399:pos-tag                INFO   ***** Eval results *****
2023-01-16 18:18:39.972 401:pos-tag                INFO     eval_acc = 0.6586
2023-01-16 18:18:39.972 401:pos-tag                INFO     eval_f1 = 0.2695
2023-01-16 18:18:39.972 401:pos-tag                INFO     eval_mcc = 0.6305
2023-01-16 18:18:39.972 401:pos-tag                INFO     eval_precision = 0.3552
2023-01-16 18:18:39.972 401:pos-tag                INFO     eval_recall = 0.2528
2023-01-16 18:18:41.177 351:pos-tag                INFO   ***** Running evaluation *****
2023-01-16 18:18:41.177 352:pos-tag                INFO     Num examples = 400
2023-01-16 18:18:41.177 353:pos-tag                INFO     Batch size = 32
2023-01-16 18:18:45.891 399:pos-tag                INFO   ***** Eval results *****
2023-01-16 18:18:45.891 401:pos-tag                INFO     eval_acc = 0.6593
2023-01-16 18:18:45.891 401:pos-tag                INFO     eval_f1 = 0.2698
2023-01-16 18:18:45.891 401:pos-tag                INFO     eval_mcc = 0.6312
2023-01-16 18:18:45.892 401:pos-tag                INFO     eval_precision = 0.3458
2023-01-16 18:18:45.892 401:pos-tag                INFO     eval_recall = 0.2538
2023-01-16 18:18:45.892 293:pos-tag                INFO     ********************
2023-01-16 18:18:45.892 294:pos-tag                INFO     Best f1:0.2698
2023-01-16 18:18:45.892 295:pos-tag                INFO     ********************
2023-01-16 18:18:48.880 310:pos-tag                INFO   Saving model checkpoint to ./pos_res_poj/random/saved_graphcodebertmodels/4/layer_3/checkpoint-best-f1/model.bin
2023-01-16 18:18:48.881 315:pos-tag                INFO     ********************
2023-01-16 18:18:48.881 316:pos-tag                INFO     Best MCC:0.6312
2023-01-16 18:18:48.881 317:pos-tag                INFO     ********************
2023-01-16 18:18:51.734 332:pos-tag                INFO   Saving model checkpoint to ./pos_res_poj/random/saved_graphcodebertmodels/4/layer_3/checkpoint-best-mcc/model.bin
2023-01-16 18:18:52.960 351:pos-tag                INFO   ***** Running evaluation *****
2023-01-16 18:18:52.960 352:pos-tag                INFO     Num examples = 400
2023-01-16 18:18:52.960 353:pos-tag                INFO     Batch size = 32
2023-01-16 18:18:57.671 399:pos-tag                INFO   ***** Eval results *****
2023-01-16 18:18:57.671 401:pos-tag                INFO     eval_acc = 0.6596
2023-01-16 18:18:57.671 401:pos-tag                INFO     eval_f1 = 0.2703
2023-01-16 18:18:57.671 401:pos-tag                INFO     eval_mcc = 0.6314
2023-01-16 18:18:57.671 401:pos-tag                INFO     eval_precision = 0.3471
2023-01-16 18:18:57.671 401:pos-tag                INFO     eval_recall = 0.2544
2023-01-16 18:18:57.671 293:pos-tag                INFO     ********************
2023-01-16 18:18:57.671 294:pos-tag                INFO     Best f1:0.2703
2023-01-16 18:18:57.671 295:pos-tag                INFO     ********************
2023-01-16 18:19:00.445 310:pos-tag                INFO   Saving model checkpoint to ./pos_res_poj/random/saved_graphcodebertmodels/4/layer_3/checkpoint-best-f1/model.bin
2023-01-16 18:19:00.445 315:pos-tag                INFO     ********************
2023-01-16 18:19:00.445 316:pos-tag                INFO     Best MCC:0.6314
2023-01-16 18:19:00.446 317:pos-tag                INFO     ********************
2023-01-16 18:19:02.157 332:pos-tag                INFO   Saving model checkpoint to ./pos_res_poj/random/saved_graphcodebertmodels/4/layer_3/checkpoint-best-mcc/model.bin
2023-01-16 18:19:03.386 351:pos-tag                INFO   ***** Running evaluation *****
2023-01-16 18:19:03.386 352:pos-tag                INFO     Num examples = 400
2023-01-16 18:19:03.386 353:pos-tag                INFO     Batch size = 32
2023-01-16 18:19:08.096 399:pos-tag                INFO   ***** Eval results *****
2023-01-16 18:19:08.096 401:pos-tag                INFO     eval_acc = 0.66
2023-01-16 18:19:08.096 401:pos-tag                INFO     eval_f1 = 0.2703
2023-01-16 18:19:08.096 401:pos-tag                INFO     eval_mcc = 0.6317
2023-01-16 18:19:08.096 401:pos-tag                INFO     eval_precision = 0.3477
2023-01-16 18:19:08.096 401:pos-tag                INFO     eval_recall = 0.2542
2023-01-16 18:19:08.097 293:pos-tag                INFO     ********************
2023-01-16 18:19:08.097 294:pos-tag                INFO     Best f1:0.2703
2023-01-16 18:19:08.097 295:pos-tag                INFO     ********************
2023-01-16 18:19:09.494 310:pos-tag                INFO   Saving model checkpoint to ./pos_res_poj/random/saved_graphcodebertmodels/4/layer_3/checkpoint-best-f1/model.bin
2023-01-16 18:19:09.494 315:pos-tag                INFO     ********************
2023-01-16 18:19:09.494 316:pos-tag                INFO     Best MCC:0.6317
2023-01-16 18:19:09.494 317:pos-tag                INFO     ********************
2023-01-16 18:19:11.170 332:pos-tag                INFO   Saving model checkpoint to ./pos_res_poj/random/saved_graphcodebertmodels/4/layer_3/checkpoint-best-mcc/model.bin
2023-01-16 18:19:12.395 351:pos-tag                INFO   ***** Running evaluation *****
2023-01-16 18:19:12.395 352:pos-tag                INFO     Num examples = 400
2023-01-16 18:19:12.395 353:pos-tag                INFO     Batch size = 32
2023-01-16 18:19:17.105 399:pos-tag                INFO   ***** Eval results *****
2023-01-16 18:19:17.105 401:pos-tag                INFO     eval_acc = 0.6604
2023-01-16 18:19:17.105 401:pos-tag                INFO     eval_f1 = 0.2703
2023-01-16 18:19:17.105 401:pos-tag                INFO     eval_mcc = 0.632
2023-01-16 18:19:17.106 401:pos-tag                INFO     eval_precision = 0.3488
2023-01-16 18:19:17.106 401:pos-tag                INFO     eval_recall = 0.2541
2023-01-16 18:19:17.106 293:pos-tag                INFO     ********************
2023-01-16 18:19:17.106 294:pos-tag                INFO     Best f1:0.2703
2023-01-16 18:19:17.106 295:pos-tag                INFO     ********************
2023-01-16 18:19:18.977 310:pos-tag                INFO   Saving model checkpoint to ./pos_res_poj/random/saved_graphcodebertmodels/4/layer_3/checkpoint-best-f1/model.bin
2023-01-16 18:19:18.978 315:pos-tag                INFO     ********************
2023-01-16 18:19:18.978 316:pos-tag                INFO     Best MCC:0.632
2023-01-16 18:19:18.978 317:pos-tag                INFO     ********************
2023-01-16 18:19:20.761 332:pos-tag                INFO   Saving model checkpoint to ./pos_res_poj/random/saved_graphcodebertmodels/4/layer_3/checkpoint-best-mcc/model.bin
2023-01-16 18:19:21.994 351:pos-tag                INFO   ***** Running evaluation *****
2023-01-16 18:19:21.994 352:pos-tag                INFO     Num examples = 400
2023-01-16 18:19:21.994 353:pos-tag                INFO     Batch size = 32
2023-01-16 18:19:26.706 399:pos-tag                INFO   ***** Eval results *****
2023-01-16 18:19:26.706 401:pos-tag                INFO     eval_acc = 0.6605
2023-01-16 18:19:26.706 401:pos-tag                INFO     eval_f1 = 0.2702
2023-01-16 18:19:26.707 401:pos-tag                INFO     eval_mcc = 0.6321
2023-01-16 18:19:26.707 401:pos-tag                INFO     eval_precision = 0.3457
2023-01-16 18:19:26.707 401:pos-tag                INFO     eval_recall = 0.2539
2023-01-16 18:19:26.707 315:pos-tag                INFO     ********************
2023-01-16 18:19:26.707 316:pos-tag                INFO     Best MCC:0.6321
2023-01-16 18:19:26.707 317:pos-tag                INFO     ********************
2023-01-16 18:19:28.062 332:pos-tag                INFO   Saving model checkpoint to ./pos_res_poj/random/saved_graphcodebertmodels/4/layer_3/checkpoint-best-mcc/model.bin
2023-01-16 18:19:29.274 351:pos-tag                INFO   ***** Running evaluation *****
2023-01-16 18:19:29.274 352:pos-tag                INFO     Num examples = 400
2023-01-16 18:19:29.274 353:pos-tag                INFO     Batch size = 32
2023-01-16 18:19:33.986 399:pos-tag                INFO   ***** Eval results *****
2023-01-16 18:19:33.986 401:pos-tag                INFO     eval_acc = 0.6603
2023-01-16 18:19:33.986 401:pos-tag                INFO     eval_f1 = 0.2699
2023-01-16 18:19:33.987 401:pos-tag                INFO     eval_mcc = 0.6319
2023-01-16 18:19:33.987 401:pos-tag                INFO     eval_precision = 0.3459
2023-01-16 18:19:33.987 401:pos-tag                INFO     eval_recall = 0.2535
2023-01-16 18:19:35.193 351:pos-tag                INFO   ***** Running evaluation *****
2023-01-16 18:19:35.193 352:pos-tag                INFO     Num examples = 400
2023-01-16 18:19:35.193 353:pos-tag                INFO     Batch size = 32
2023-01-16 18:19:39.906 399:pos-tag                INFO   ***** Eval results *****
2023-01-16 18:19:39.906 401:pos-tag                INFO     eval_acc = 0.6596
2023-01-16 18:19:39.906 401:pos-tag                INFO     eval_f1 = 0.2691
2023-01-16 18:19:39.906 401:pos-tag                INFO     eval_mcc = 0.6313
2023-01-16 18:19:39.907 401:pos-tag                INFO     eval_precision = 0.3463
2023-01-16 18:19:39.907 401:pos-tag                INFO     eval_recall = 0.2526
2023-01-16 18:19:41.111 351:pos-tag                INFO   ***** Running evaluation *****
2023-01-16 18:19:41.111 352:pos-tag                INFO     Num examples = 400
2023-01-16 18:19:41.111 353:pos-tag                INFO     Batch size = 32
2023-01-16 18:19:45.832 399:pos-tag                INFO   ***** Eval results *****
2023-01-16 18:19:45.832 401:pos-tag                INFO     eval_acc = 0.6592
2023-01-16 18:19:45.832 401:pos-tag                INFO     eval_f1 = 0.2693
2023-01-16 18:19:45.832 401:pos-tag                INFO     eval_mcc = 0.6309
2023-01-16 18:19:45.832 401:pos-tag                INFO     eval_precision = 0.3475
2023-01-16 18:19:45.832 401:pos-tag                INFO     eval_recall = 0.2527
2023-01-16 18:19:47.038 351:pos-tag                INFO   ***** Running evaluation *****
2023-01-16 18:19:47.038 352:pos-tag                INFO     Num examples = 400
2023-01-16 18:19:47.038 353:pos-tag                INFO     Batch size = 32
2023-01-16 18:19:51.764 399:pos-tag                INFO   ***** Eval results *****
2023-01-16 18:19:51.764 401:pos-tag                INFO     eval_acc = 0.6592
2023-01-16 18:19:51.765 401:pos-tag                INFO     eval_f1 = 0.2693
2023-01-16 18:19:51.765 401:pos-tag                INFO     eval_mcc = 0.6309
2023-01-16 18:19:51.765 401:pos-tag                INFO     eval_precision = 0.3475
2023-01-16 18:19:51.765 401:pos-tag                INFO     eval_recall = 0.2526
2023-01-16 18:19:52.284 351:pos-tag                INFO   ***** Running evaluation *****
2023-01-16 18:19:52.284 352:pos-tag                INFO     Num examples = 400
2023-01-16 18:19:52.285 353:pos-tag                INFO     Batch size = 32
2023-01-16 18:19:57.024 399:pos-tag                INFO   ***** Eval results *****
2023-01-16 18:19:57.024 401:pos-tag                INFO     eval_acc = 0.6604
2023-01-16 18:19:57.024 401:pos-tag                INFO     eval_f1 = 0.2703
2023-01-16 18:19:57.025 401:pos-tag                INFO     eval_mcc = 0.632
2023-01-16 18:19:57.025 401:pos-tag                INFO     eval_precision = 0.3488
2023-01-16 18:19:57.025 401:pos-tag                INFO     eval_recall = 0.2541
2023-01-16 18:19:57.385 422:pos-tag                INFO   ***** Running Test *****
2023-01-16 18:19:57.386 423:pos-tag                INFO     Num examples = 400
2023-01-16 18:19:57.386 424:pos-tag                INFO     Batch size = 32
2023-01-16 18:20:02.123 471:pos-tag                INFO   ***** Test results *****
2023-01-16 18:20:02.123 473:pos-tag                INFO     eval_acc = 0.6688
2023-01-16 18:20:02.123 473:pos-tag                INFO     eval_f1 = 0.2743
2023-01-16 18:20:02.123 473:pos-tag                INFO     eval_mcc = 0.6396
2023-01-16 18:20:02.123 473:pos-tag                INFO     eval_precision = 0.3416
2023-01-16 18:20:02.123 473:pos-tag                INFO     eval_recall = 0.2562
