2022-10-19 04:34:32.359 1013:link-prediction        DEBUG  main message
2022-10-19 04:34:32.359 1019:link-prediction        WARNING device: cuda, n_gpu: 1
2022-10-19 04:34:40.243 1040:link-prediction        INFO   Probimg Model Parameters 3843
2022-10-19 04:34:40.243 1041:link-prediction        INFO   Training/evaluation parameters Namespace(adam_epsilon=1e-08, class_num=2, code_length=512, config_name='microsoft/graphcodebert-base', data_flow_length=128, data_folder='../datasets/java250/graphs', dataset='java250', debug=False, device=device(type='cuda'), do_crossing=True, do_eval=False, do_random=True, do_test=True, do_train=True, epochs=2, eval_batch_size=32, evaluate_during_training=False, gradient_accumulation_steps=1, graph_type='ddg', layer=10, learning_rate=0.001, max_grad_norm=1.0, max_steps=-1, model_name='graphcodebert', model_name_or_path='microsoft/graphcodebert-base', n_gpu=1, output_dir='../link_prediction/random/graphcodebert_saved_models/2/ddg_10', seed=601, token_config='microsoft/graphcodebert-base', train_batch_size=64, warmup_steps=0, weight_decay=0.0)
2022-10-19 04:34:40.244 1053:link-prediction        INFO   Load Dataset
2022-10-19 04:35:41.138 356:link-prediction        INFO   Load Span file and Graph data, data path: ../datasets/java250/graphs/graphcodebert/graphcodebert_train_ddg_cleaned.pt
2022-10-19 04:35:42.840 415:link-prediction        INFO   Labels Counter({1: 33191, 0: 33189})
2022-10-19 04:35:43.427 356:link-prediction        INFO   Load Span file and Graph data, data path: ../datasets/java250/graphs/graphcodebert/graphcodebert_valid_ddg_cleaned.pt
2022-10-19 04:35:44.341 415:link-prediction        INFO   Labels Counter({1: 11126, 0: 11125})
2022-10-19 04:35:44.428 356:link-prediction        INFO   Load Span file and Graph data, data path: ../datasets/java250/graphs/graphcodebert/graphcodebert_test_ddg_cleaned.pt
2022-10-19 04:35:45.479 415:link-prediction        INFO   Labels Counter({1: 10933, 0: 10933})
2022-10-19 04:35:45.480 419:link-prediction        INFO   *** Example ***
2022-10-19 04:35:45.480 420:link-prediction        INFO   idx: s153508240_main
2022-10-19 04:35:45.480 421:link-prediction        INFO   label: 1
2022-10-19 04:35:45.482 422:link-prediction        INFO   input_tokens_1: ['n', 'Pi', '_+=', '_l', '_+', '_i', '_-', '_1']
2022-10-19 04:35:45.482 430:link-prediction        INFO   input_ids_1: 67 75
2022-10-19 04:35:45.483 437:link-prediction        INFO   input_tokens_reverse_1: Ġn Pi Ġ+= Ġl Ġ+ Ġi Ġ- Ġ1
2022-10-19 04:35:45.483 447:link-prediction        INFO   input_tokens_2: ['n', 'Pi', '_-', '_(', 'l', '_+', '_i', '_-', '_1', ')']
2022-10-19 04:35:45.483 455:link-prediction        INFO   input_ids_2: 112 122
2022-10-19 04:35:45.484 462:link-prediction        INFO   input_tokens_reverse_2: Ġn Pi Ġ- Ġ( Ġl Ġ+ Ġi Ġ- Ġ1 Ġ)
2022-10-19 04:35:45.484 419:link-prediction        INFO   *** Example ***
2022-10-19 04:35:45.484 420:link-prediction        INFO   idx: s002071722_main
2022-10-19 04:35:45.484 421:link-prediction        INFO   label: 0
2022-10-19 04:35:45.485 422:link-prediction        INFO   input_tokens_1: ['b', '_+', '_c']
2022-10-19 04:35:45.485 430:link-prediction        INFO   input_ids_1: 58 61
2022-10-19 04:35:45.485 437:link-prediction        INFO   input_tokens_reverse_1: Ġb Ġ+ Ġc
2022-10-19 04:35:45.485 447:link-prediction        INFO   input_tokens_2: ['sc', '.', 'next', 'Int', '()']
2022-10-19 04:35:45.485 455:link-prediction        INFO   input_ids_2: 39 45
2022-10-19 04:35:45.485 462:link-prediction        INFO   input_tokens_reverse_2: Ġsc Ġ. Ġnext Int Ġ( Ġ)
2022-10-19 04:35:45.485 419:link-prediction        INFO   *** Example ***
2022-10-19 04:35:45.485 420:link-prediction        INFO   idx: s638042089_next
2022-10-19 04:35:45.485 421:link-prediction        INFO   label: 1
2022-10-19 04:35:45.485 422:link-prediction        INFO   input_tokens_1: ['has', 'Next', '()']
2022-10-19 04:35:45.485 430:link-prediction        INFO   input_ids_1: 11 15
2022-10-19 04:35:45.485 437:link-prediction        INFO   input_tokens_reverse_1: Ġhas Next Ġ( Ġ)
2022-10-19 04:35:45.486 447:link-prediction        INFO   input_tokens_2: ['throw', '_new', '_No', 'Such', 'Element', 'Exception', '();']
2022-10-19 04:35:45.486 455:link-prediction        INFO   input_ids_2: 16 25
2022-10-19 04:35:45.486 462:link-prediction        INFO   input_tokens_reverse_2: Ġthrow Ġnew ĠNo Such Element Exception Ġ( Ġ) Ġ;
2022-10-19 04:35:45.486 419:link-prediction        INFO   *** Example ***
2022-10-19 04:35:45.486 420:link-prediction        INFO   idx: s705760875_main
2022-10-19 04:35:45.486 421:link-prediction        INFO   label: 1
2022-10-19 04:35:45.486 422:link-prediction        INFO   input_tokens_1: ['public', '_static', '_void', '_main', '(', 'String', '[]', '_args', ')']
2022-10-19 04:35:45.486 430:link-prediction        INFO   input_ids_1: 1 12
2022-10-19 04:35:45.486 437:link-prediction        INFO   input_tokens_reverse_1: public Ġstatic Ġvoid Ġmain Ġ Ġ( ĠString Ġ[ Ġ] Ġargs Ġ)
2022-10-19 04:35:45.487 447:link-prediction        INFO   input_tokens_2: ['all', '_=', '_b', '_-', '_a', '_+', '_1']
2022-10-19 04:35:45.487 455:link-prediction        INFO   input_ids_2: 67 74
2022-10-19 04:35:45.487 462:link-prediction        INFO   input_tokens_reverse_2: Ġall Ġ= Ġb Ġ- Ġa Ġ+ Ġ1
2022-10-19 04:35:45.487 419:link-prediction        INFO   *** Example ***
2022-10-19 04:35:45.487 420:link-prediction        INFO   idx: s311921876_main
2022-10-19 04:35:45.487 421:link-prediction        INFO   label: 0
2022-10-19 04:35:45.487 422:link-prediction        INFO   input_tokens_1: ['sc', '.', 'next', 'Int', '()']
2022-10-19 04:35:45.487 430:link-prediction        INFO   input_ids_1: 31 37
2022-10-19 04:35:45.487 437:link-prediction        INFO   input_tokens_reverse_1: Ġsc Ġ. Ġnext Int Ġ( Ġ)
2022-10-19 04:35:45.487 447:link-prediction        INFO   input_tokens_2: ['public', '_static', '_void', '_main', '(', 'String', '[]', '_args', ')']
2022-10-19 04:35:45.487 455:link-prediction        INFO   input_ids_2: 1 12
2022-10-19 04:35:45.488 462:link-prediction        INFO   input_tokens_reverse_2: public Ġstatic Ġvoid Ġmain Ġ Ġ( ĠString Ġ[ Ġ] Ġargs Ġ)
2022-10-19 04:35:45.488 419:link-prediction        INFO   *** Example ***
2022-10-19 04:35:45.488 420:link-prediction        INFO   idx: s898986763_main
2022-10-19 04:35:45.488 421:link-prediction        INFO   label: 0
2022-10-19 04:35:45.488 422:link-prediction        INFO   input_tokens_1: ['count', '_+=', '_(', 'm', '_*', '_(', 'm', '_-', '_1', '))', '_/', '_2']
2022-10-19 04:35:45.488 430:link-prediction        INFO   input_ids_1: 80 93
2022-10-19 04:35:45.488 437:link-prediction        INFO   input_tokens_reverse_1: Ġcount Ġ+= Ġ( Ġm Ġ* Ġ( Ġm Ġ- Ġ1 Ġ) Ġ) Ġ/ Ġ2
2022-10-19 04:35:45.488 447:link-prediction        INFO   input_tokens_2: ['count', '_+=', '_(', 'n', '_*', '_(', 'n', '_-', '_1', '))', '_/', '_2']
2022-10-19 04:35:45.488 455:link-prediction        INFO   input_ids_2: 58 71
2022-10-19 04:35:45.488 462:link-prediction        INFO   input_tokens_reverse_2: Ġcount Ġ+= Ġ( Ġn Ġ* Ġ( Ġn Ġ- Ġ1 Ġ) Ġ) Ġ/ Ġ2
2022-10-19 04:35:45.488 419:link-prediction        INFO   *** Example ***
2022-10-19 04:35:45.488 420:link-prediction        INFO   idx: s270240066_main
2022-10-19 04:35:45.489 421:link-prediction        INFO   label: 1
2022-10-19 04:35:45.489 422:link-prediction        INFO   input_tokens_1: ['num', 'N', '_=', '_sc', '.', 'next', 'Int', '()']
2022-10-19 04:35:45.489 430:link-prediction        INFO   input_ids_1: 27 36
2022-10-19 04:35:45.489 437:link-prediction        INFO   input_tokens_reverse_1: Ġnum N Ġ= Ġsc Ġ. Ġnext Int Ġ( Ġ)
2022-10-19 04:35:45.489 447:link-prediction        INFO   input_tokens_2: ['num', 'N', '_*', '_train', 'A']
2022-10-19 04:35:45.489 455:link-prediction        INFO   input_ids_2: 65 70
2022-10-19 04:35:45.489 462:link-prediction        INFO   input_tokens_reverse_2: Ġnum N Ġ* Ġtrain A
2022-10-19 04:35:45.489 419:link-prediction        INFO   *** Example ***
2022-10-19 04:35:45.489 420:link-prediction        INFO   idx: s192441284_main
2022-10-19 04:35:45.489 421:link-prediction        INFO   label: 0
2022-10-19 04:35:45.489 422:link-prediction        INFO   input_tokens_1: ['n', '_=', '_scanner', '.', 'next', 'Int', '()']
2022-10-19 04:35:45.490 430:link-prediction        INFO   input_ids_1: 27 35
2022-10-19 04:35:45.490 437:link-prediction        INFO   input_tokens_reverse_1: Ġn Ġ= Ġscanner Ġ. Ġnext Int Ġ( Ġ)
2022-10-19 04:35:45.490 447:link-prediction        INFO   input_tokens_2: ['s', '[', 'x', '].', 'equ', 'als', '("', 'A', '")', '_&&', '_s', '[', 'x', '_+', '_1', '].', 'equ', 'als', '("', 'B', '")', '_&&', '_s', '[', 'x', '_+', '_2', '].', 'equ', 'als', '("', 'C', '")']
2022-10-19 04:35:45.490 455:link-prediction        INFO   input_ids_2: 84 123
2022-10-19 04:35:45.490 462:link-prediction        INFO   input_tokens_reverse_2: Ġs Ġ[ Ġx Ġ] Ġ. Ġequals Ġ( Ġ" A " Ġ) Ġ&& Ġs Ġ[ Ġx Ġ+ Ġ1 Ġ] Ġ. Ġequals Ġ( Ġ" B " Ġ) Ġ&& Ġs Ġ[ Ġx Ġ+ Ġ2 Ġ] Ġ. Ġequals Ġ( Ġ" C " Ġ)
2022-10-19 04:35:45.490 419:link-prediction        INFO   *** Example ***
2022-10-19 04:35:45.490 420:link-prediction        INFO   idx: s355253302_main
2022-10-19 04:35:45.490 421:link-prediction        INFO   label: 0
2022-10-19 04:35:45.490 422:link-prediction        INFO   input_tokens_1: ['apple', '_=', '_new', '_int', '[', 'N', ']']
2022-10-19 04:35:45.490 430:link-prediction        INFO   input_ids_1: 52 59
2022-10-19 04:35:45.491 437:link-prediction        INFO   input_tokens_reverse_1: Ġapple Ġ= Ġnew Ġint Ġ[ ĠN Ġ]
2022-10-19 04:35:45.491 447:link-prediction        INFO   input_tokens_2: ['copy', 'apple', '[', 'i', ']', '_=', '_(', 'int', ')', '_Math', '.', 'abs', '(', 'L', '_+', '_(', 'i', '_+', '_1', ')', '_-', '_1', ')']
2022-10-19 04:35:45.491 455:link-prediction        INFO   input_ids_2: 219 242
2022-10-19 04:35:45.491 462:link-prediction        INFO   input_tokens_reverse_2: Ġcopy apple Ġ[ Ġi Ġ] Ġ= Ġ( Ġint Ġ) ĠMath Ġ. Ġabs Ġ( ĠL Ġ+ Ġ( Ġi Ġ+ Ġ1 Ġ) Ġ- Ġ1 Ġ)
2022-10-19 04:35:45.491 419:link-prediction        INFO   *** Example ***
2022-10-19 04:35:45.491 420:link-prediction        INFO   idx: s792242436_main
2022-10-19 04:35:45.491 421:link-prediction        INFO   label: 0
2022-10-19 04:35:45.491 422:link-prediction        INFO   input_tokens_1: ['s', '[', 'i', ']', '_=', '_sc', '.', 'next', '()']
2022-10-19 04:35:45.491 430:link-prediction        INFO   input_ids_1: 62 72
2022-10-19 04:35:45.491 437:link-prediction        INFO   input_tokens_reverse_1: Ġs Ġ[ Ġi Ġ] Ġ= Ġsc Ġ. Ġnext Ġ( Ġ)
2022-10-19 04:35:45.492 447:link-prediction        INFO   input_tokens_2: ['i', '_+', '_1']
2022-10-19 04:35:45.492 455:link-prediction        INFO   input_ids_2: 190 193
2022-10-19 04:35:45.492 462:link-prediction        INFO   input_tokens_reverse_2: Ġi Ġ+ Ġ1
2022-10-19 04:35:45.492 419:link-prediction        INFO   *** Example ***
2022-10-19 04:35:45.492 420:link-prediction        INFO   idx: s290975769_main
2022-10-19 04:35:45.492 421:link-prediction        INFO   label: 1
2022-10-19 04:35:45.492 422:link-prediction        INFO   input_tokens_1: ['public', '_static', '_void', '_main', '(', 'String', '[]', '_args', ')']
2022-10-19 04:35:45.492 430:link-prediction        INFO   input_ids_1: 1 12
2022-10-19 04:35:45.492 437:link-prediction        INFO   input_tokens_reverse_1: public Ġstatic Ġvoid Ġmain Ġ Ġ( ĠString Ġ[ Ġ] Ġargs Ġ)
2022-10-19 04:35:45.492 447:link-prediction        INFO   input_tokens_2: ['void']
2022-10-19 04:35:45.492 455:link-prediction        INFO   input_ids_2: 3 4
2022-10-19 04:35:45.492 462:link-prediction        INFO   input_tokens_reverse_2: Ġvoid
2022-10-19 04:35:45.493 419:link-prediction        INFO   *** Example ***
2022-10-19 04:35:45.493 420:link-prediction        INFO   idx: s742329093_main
2022-10-19 04:35:45.493 421:link-prediction        INFO   label: 0
2022-10-19 04:35:45.493 422:link-prediction        INFO   input_tokens_1: ['x', '_+', '_1']
2022-10-19 04:35:45.493 430:link-prediction        INFO   input_ids_1: 183 186
2022-10-19 04:35:45.493 437:link-prediction        INFO   input_tokens_reverse_1: Ġx Ġ+ Ġ1
2022-10-19 04:35:45.493 447:link-prediction        INFO   input_tokens_2: ['sc', '.', 'next', 'Int', '()']
2022-10-19 04:35:45.493 455:link-prediction        INFO   input_ids_2: 39 45
2022-10-19 04:35:45.493 462:link-prediction        INFO   input_tokens_reverse_2: Ġsc Ġ. Ġnext Int Ġ( Ġ)
2022-10-19 04:35:45.493 419:link-prediction        INFO   *** Example ***
2022-10-19 04:35:45.493 420:link-prediction        INFO   idx: s887564205_solve
2022-10-19 04:35:45.493 421:link-prediction        INFO   label: 1
2022-10-19 04:35:45.494 422:link-prediction        INFO   input_tokens_1: ['q', '_=', '_sc', '.', 'next', 'Int', '()']
2022-10-19 04:35:45.494 430:link-prediction        INFO   input_ids_1: 18 26
2022-10-19 04:35:45.494 437:link-prediction        INFO   input_tokens_reverse_1: Ġq Ġ= Ġsc Ġ. Ġnext Int Ġ( Ġ)
2022-10-19 04:35:45.494 447:link-prediction        INFO   input_tokens_2: ['que', '.', 'add', '(', 'new', '_Process', '(', 'sc', '.', 'next', '(),', '_sc', '.', 'next', 'Int', '()', '))']
2022-10-19 04:35:45.494 455:link-prediction        INFO   input_ids_2: 58 79
2022-10-19 04:35:45.494 462:link-prediction        INFO   input_tokens_reverse_2: Ġque Ġ. Ġadd Ġ( Ġnew ĠProcess Ġ( Ġsc Ġ. Ġnext Ġ( Ġ) Ġ, Ġsc Ġ. Ġnext Int Ġ( Ġ) Ġ) Ġ)
2022-10-19 04:35:45.494 419:link-prediction        INFO   *** Example ***
2022-10-19 04:35:45.494 420:link-prediction        INFO   idx: s322975752_main
2022-10-19 04:35:45.494 421:link-prediction        INFO   label: 1
2022-10-19 04:35:45.494 422:link-prediction        INFO   input_tokens_1: ['public', '_static', '_void', '_main', '(', 'String', '[]', '_args', ')']
2022-10-19 04:35:45.494 430:link-prediction        INFO   input_ids_1: 1 12
2022-10-19 04:35:45.495 437:link-prediction        INFO   input_tokens_reverse_1: public Ġstatic Ġvoid Ġmain Ġ Ġ( ĠString Ġ[ Ġ] Ġargs Ġ)
2022-10-19 04:35:45.495 447:link-prediction        INFO   input_tokens_2: ['scan', '_=', '_new', '_Scan', 'ner', '(', 'System', '.', 'in', ')']
2022-10-19 04:35:45.495 455:link-prediction        INFO   input_ids_2: 15 25
2022-10-19 04:35:45.495 462:link-prediction        INFO   input_tokens_reverse_2: Ġscan Ġ= Ġnew ĠScan ner Ġ( ĠSystem Ġ. Ġin Ġ)
2022-10-19 04:35:45.495 419:link-prediction        INFO   *** Example ***
2022-10-19 04:35:45.495 420:link-prediction        INFO   idx: s353217198_main
2022-10-19 04:35:45.495 421:link-prediction        INFO   label: 0
2022-10-19 04:35:45.495 422:link-prediction        INFO   input_tokens_1: ['System', '.', 'out', '.', 'println', '(', 'String', '.', 'format', '("', '%.', '10', 'f', '",', '_ans', '))']
2022-10-19 04:35:45.495 430:link-prediction        INFO   input_ids_1: 149 168
2022-10-19 04:35:45.495 437:link-prediction        INFO   input_tokens_reverse_1: ĠSystem Ġ. Ġout Ġ. Ġprintln Ġ( ĠString Ġ. Ġformat Ġ( Ġ" %. 10 f " Ġ, Ġans Ġ) Ġ)
2022-10-19 04:35:45.496 447:link-prediction        INFO   input_tokens_2: ['sc', '_=', '_new', '_Scan', 'ner', '(', 'System', '.', 'in', ')']
2022-10-19 04:35:45.496 455:link-prediction        INFO   input_ids_2: 15 25
2022-10-19 04:35:45.496 462:link-prediction        INFO   input_tokens_reverse_2: Ġsc Ġ= Ġnew ĠScan ner Ġ( ĠSystem Ġ. Ġin Ġ)
2022-10-19 04:35:45.496 419:link-prediction        INFO   *** Example ***
2022-10-19 04:35:45.496 420:link-prediction        INFO   idx: s249252402_lastcard
2022-10-19 04:35:45.496 421:link-prediction        INFO   label: 0
2022-10-19 04:35:45.496 422:link-prediction        INFO   input_tokens_1: ['ret', '_+=', "_'", 'S', "'"]
2022-10-19 04:35:45.496 430:link-prediction        INFO   input_ids_1: 244 249
2022-10-19 04:35:45.496 437:link-prediction        INFO   input_tokens_reverse_1: Ġret Ġ+= Ġ' S '
2022-10-19 04:35:45.496 447:link-prediction        INFO   input_tokens_2: ['a', '.', 'char', 'At', '(', 'i', ')', '_==', "_'", 'E', "'", '_&&', '_b', '.', 'char', 'At', '(', 'i', ')', '_==', "_'", 'T', "'", '_||', '_a', '.', 'char', 'At', '(', 'i', ')', '_==', "_'", 'T', "'", '_&&', '_b', '.', 'char', 'At', '(', 'i', ')', '_==', "_'", 'E', "'"]
2022-10-19 04:35:45.497 455:link-prediction        INFO   input_ids_2: 195 242
2022-10-19 04:35:45.497 462:link-prediction        INFO   input_tokens_reverse_2: Ġa Ġ. Ġchar At Ġ( Ġi Ġ) Ġ== Ġ' E ' Ġ&& Ġb Ġ. Ġchar At Ġ( Ġi Ġ) Ġ== Ġ' T ' Ġ|| Ġa Ġ. Ġchar At Ġ( Ġi Ġ) Ġ== Ġ' T ' Ġ&& Ġb Ġ. Ġchar At Ġ( Ġi Ġ) Ġ== Ġ' E '
2022-10-19 04:35:45.497 419:link-prediction        INFO   *** Example ***
2022-10-19 04:35:45.497 420:link-prediction        INFO   idx: s082959882_main
2022-10-19 04:35:45.497 421:link-prediction        INFO   label: 0
2022-10-19 04:35:45.497 422:link-prediction        INFO   input_tokens_1: ['A', '_-', '_K']
2022-10-19 04:35:45.497 430:link-prediction        INFO   input_ids_1: 117 120
2022-10-19 04:35:45.497 437:link-prediction        INFO   input_tokens_reverse_1: ĠA Ġ- ĠK
2022-10-19 04:35:45.497 447:link-prediction        INFO   input_tokens_2: ['Long', '.', 'parse', 'Long', '(', 'Ws', '[', '1', '])']
2022-10-19 04:35:45.497 455:link-prediction        INFO   input_ids_2: 78 89
2022-10-19 04:35:45.497 462:link-prediction        INFO   input_tokens_reverse_2: ĠLong Ġ. Ġparse Long Ġ( ĠW s Ġ[ Ġ1 Ġ] Ġ)
2022-10-19 04:35:45.498 419:link-prediction        INFO   *** Example ***
2022-10-19 04:35:45.498 420:link-prediction        INFO   idx: s077481161_main
2022-10-19 04:35:45.498 421:link-prediction        INFO   label: 1
2022-10-19 04:35:45.498 422:link-prediction        INFO   input_tokens_1: ['public', '_static', '_void', '_main', '(', 'String', '[]', '_args', ')']
2022-10-19 04:35:45.498 430:link-prediction        INFO   input_ids_1: 1 12
2022-10-19 04:35:45.498 437:link-prediction        INFO   input_tokens_reverse_1: public Ġstatic Ġvoid Ġmain Ġ Ġ( ĠString Ġ[ Ġ] Ġargs Ġ)
2022-10-19 04:35:45.498 447:link-prediction        INFO   input_tokens_2: ['b', '_=', '_(', 'array', '2', '[', '2', ']', '_*', '_10', ')', '_+', '_array', '2', '[', '3', ']']
2022-10-19 04:35:45.498 455:link-prediction        INFO   input_ids_2: 127 144
2022-10-19 04:35:45.498 462:link-prediction        INFO   input_tokens_reverse_2: Ġb Ġ= Ġ( Ġarray 2 Ġ[ Ġ2 Ġ] Ġ* Ġ10 Ġ) Ġ+ Ġarray 2 Ġ[ Ġ3 Ġ]
2022-10-19 04:35:45.498 419:link-prediction        INFO   *** Example ***
2022-10-19 04:35:45.498 420:link-prediction        INFO   idx: s170796941_getUpper
2022-10-19 04:35:45.498 421:link-prediction        INFO   label: 0
2022-10-19 04:35:45.499 422:link-prediction        INFO   input_tokens_1: ['end', '_=', '_arr', '.', 'length', '_-', '_1']
2022-10-19 04:35:45.499 430:link-prediction        INFO   input_ids_1: 22 29
2022-10-19 04:35:45.499 437:link-prediction        INFO   input_tokens_reverse_1: Ġend Ġ= Ġarr Ġ. Ġlength Ġ- Ġ1
2022-10-19 04:35:45.499 447:link-prediction        INFO   input_tokens_2: ['mid', '_=', '_(', 'start', '_+', '_end', ')', '_/', '_2']
2022-10-19 04:35:45.499 455:link-prediction        INFO   input_ids_2: 44 53
2022-10-19 04:35:45.499 462:link-prediction        INFO   input_tokens_reverse_2: Ġmid Ġ= Ġ( Ġstart Ġ+ Ġend Ġ) Ġ/ Ġ2
2022-10-19 04:35:45.499 419:link-prediction        INFO   *** Example ***
2022-10-19 04:35:45.499 420:link-prediction        INFO   idx: s974183078_main
2022-10-19 04:35:45.499 421:link-prediction        INFO   label: 1
2022-10-19 04:35:45.499 422:link-prediction        INFO   input_tokens_1: ['Integer', '.', 'parse', 'Int', '(', 'reader', '.', 'read', 'Line', '())']
2022-10-19 04:35:45.500 430:link-prediction        INFO   input_ids_1: 39 51
2022-10-19 04:35:45.500 437:link-prediction        INFO   input_tokens_reverse_1: ĠInteger Ġ. Ġparse Int Ġ( Ġreader Ġ. Ġread Line Ġ( Ġ) Ġ)
2022-10-19 04:35:45.500 447:link-prediction        INFO   input_tokens_2: ['void']
2022-10-19 04:35:45.500 455:link-prediction        INFO   input_ids_2: 3 4
2022-10-19 04:35:45.500 462:link-prediction        INFO   input_tokens_reverse_2: Ġvoid
2022-10-19 04:35:45.500 419:link-prediction        INFO   *** Example ***
2022-10-19 04:35:45.500 420:link-prediction        INFO   idx: s349321013_main
2022-10-19 04:35:45.500 421:link-prediction        INFO   label: 1
2022-10-19 04:35:45.500 422:link-prediction        INFO   input_tokens_1: ['public', '_static', '_void', '_main', '(', 'String', '[]', '_args', ')']
2022-10-19 04:35:45.500 430:link-prediction        INFO   input_ids_1: 1 12
2022-10-19 04:35:45.500 437:link-prediction        INFO   input_tokens_reverse_1: public Ġstatic Ġvoid Ġmain Ġ Ġ( ĠString Ġ[ Ġ] Ġargs Ġ)
2022-10-19 04:35:45.501 447:link-prediction        INFO   input_tokens_2: ['a', '_=', '_new', '_int', '[', 'n', ']']
2022-10-19 04:35:45.501 455:link-prediction        INFO   input_ids_2: 39 46
2022-10-19 04:35:45.501 462:link-prediction        INFO   input_tokens_reverse_2: Ġa Ġ= Ġnew Ġint Ġ[ Ġn Ġ]
2022-10-19 04:35:45.501 419:link-prediction        INFO   *** Example ***
2022-10-19 04:35:45.501 420:link-prediction        INFO   idx: s809030941_nextLong
2022-10-19 04:35:45.501 421:link-prediction        INFO   label: 1
2022-10-19 04:35:45.501 422:link-prediction        INFO   input_tokens_1: ['public', '_long', '_next', 'Long', '()']
2022-10-19 04:35:45.501 430:link-prediction        INFO   input_ids_1: 1 8
2022-10-19 04:35:45.501 437:link-prediction        INFO   input_tokens_reverse_1: public Ġlong Ġnext Long Ġ Ġ( Ġ)
2022-10-19 04:35:45.501 447:link-prediction        INFO   input_tokens_2: ['has', 'Next', '()']
2022-10-19 04:35:45.501 455:link-prediction        INFO   input_ids_2: 11 15
2022-10-19 04:35:45.501 462:link-prediction        INFO   input_tokens_reverse_2: Ġhas Next Ġ( Ġ)
2022-10-19 04:35:45.501 419:link-prediction        INFO   *** Example ***
2022-10-19 04:35:45.502 420:link-prediction        INFO   idx: s327296390_main
2022-10-19 04:35:45.502 421:link-prediction        INFO   label: 1
2022-10-19 04:35:45.502 422:link-prediction        INFO   input_tokens_1: ['buf', '.', 'split', '("', '_"', ')']
2022-10-19 04:35:45.502 430:link-prediction        INFO   input_ids_1: 170 177
2022-10-19 04:35:45.502 437:link-prediction        INFO   input_tokens_reverse_1: Ġbuf Ġ. Ġsplit Ġ( Ġ" Ġ" Ġ)
2022-10-19 04:35:45.502 447:link-prediction        INFO   input_tokens_2: ['array', '2', '_=', '_buf', '.', 'split', '("', '_"', ')']
2022-10-19 04:35:45.502 455:link-prediction        INFO   input_ids_2: 167 177
2022-10-19 04:35:45.502 462:link-prediction        INFO   input_tokens_reverse_2: Ġarray 2 Ġ= Ġbuf Ġ. Ġsplit Ġ( Ġ" Ġ" Ġ)
2022-10-19 04:35:45.502 419:link-prediction        INFO   *** Example ***
2022-10-19 04:35:45.502 420:link-prediction        INFO   idx: s689694412_main
2022-10-19 04:35:45.502 421:link-prediction        INFO   label: 1
2022-10-19 04:35:45.503 422:link-prediction        INFO   input_tokens_1: ['public', '_static', '_void', '_main', '(', 'String', '[]', '_args', ')']
2022-10-19 04:35:45.503 430:link-prediction        INFO   input_ids_1: 1 12
2022-10-19 04:35:45.503 437:link-prediction        INFO   input_tokens_reverse_1: public Ġstatic Ġvoid Ġmain Ġ Ġ( ĠString Ġ[ Ġ] Ġargs Ġ)
2022-10-19 04:35:45.503 447:link-prediction        INFO   input_tokens_2: ['k', '_=', '_scanner', '.', 'next', 'Int', '()']
2022-10-19 04:35:45.503 455:link-prediction        INFO   input_ids_2: 70 78
2022-10-19 04:35:45.503 462:link-prediction        INFO   input_tokens_reverse_2: Ġk Ġ= Ġscanner Ġ. Ġnext Int Ġ( Ġ)
2022-10-19 04:35:45.503 419:link-prediction        INFO   *** Example ***
2022-10-19 04:35:45.503 420:link-prediction        INFO   idx: s087729968_main
2022-10-19 04:35:45.503 421:link-prediction        INFO   label: 0
2022-10-19 04:35:45.503 422:link-prediction        INFO   input_tokens_1: ['a', '_=', '_0']
2022-10-19 04:35:45.503 430:link-prediction        INFO   input_ids_1: 67 70
2022-10-19 04:35:45.503 437:link-prediction        INFO   input_tokens_reverse_1: Ġa Ġ= Ġ0
2022-10-19 04:35:45.504 447:link-prediction        INFO   input_tokens_2: ['public', '_static', '_void', '_main', '(', 'String', '[]', '_args', ')']
2022-10-19 04:35:45.504 455:link-prediction        INFO   input_ids_2: 1 12
2022-10-19 04:35:45.504 462:link-prediction        INFO   input_tokens_reverse_2: public Ġstatic Ġvoid Ġmain Ġ Ġ( ĠString Ġ[ Ġ] Ġargs Ġ)
2022-10-19 04:35:45.504 419:link-prediction        INFO   *** Example ***
2022-10-19 04:35:45.504 420:link-prediction        INFO   idx: s141381070_main
2022-10-19 04:35:45.504 421:link-prediction        INFO   label: 1
2022-10-19 04:35:45.504 422:link-prediction        INFO   input_tokens_1: ['input', '[]', '_=', '_S', '.', 'to', 'Char', 'Array', '()']
2022-10-19 04:35:45.504 430:link-prediction        INFO   input_ids_1: 42 53
2022-10-19 04:35:45.504 437:link-prediction        INFO   input_tokens_reverse_1: Ġinput Ġ[ Ġ] Ġ= ĠS Ġ. Ġto Char Array Ġ( Ġ)
2022-10-19 04:35:45.504 447:link-prediction        INFO   input_tokens_2: ['input', '[', '2', ']', '_==', '_input', '[', '3', ']', '_&&', '_input', '[', '4', ']', '_==', '_input', '[', '5', ']']
2022-10-19 04:35:45.505 455:link-prediction        INFO   input_ids_2: 56 75
2022-10-19 04:35:45.505 462:link-prediction        INFO   input_tokens_reverse_2: Ġinput Ġ[ Ġ2 Ġ] Ġ== Ġinput Ġ[ Ġ3 Ġ] Ġ&& Ġinput Ġ[ Ġ4 Ġ] Ġ== Ġinput Ġ[ Ġ5 Ġ]
2022-10-19 04:35:45.505 419:link-prediction        INFO   *** Example ***
2022-10-19 04:35:45.505 420:link-prediction        INFO   idx: s268599817_main
2022-10-19 04:35:45.505 421:link-prediction        INFO   label: 0
2022-10-19 04:35:45.505 422:link-prediction        INFO   input_tokens_1: ['i', '_=', '_3']
2022-10-19 04:35:45.505 430:link-prediction        INFO   input_ids_1: 110 113
2022-10-19 04:35:45.505 437:link-prediction        INFO   input_tokens_reverse_1: Ġi Ġ= Ġ3
2022-10-19 04:35:45.505 447:link-prediction        INFO   input_tokens_2: ['System', '.', 'out', '.', 'println', '(', 'count', ')']
2022-10-19 04:35:45.505 455:link-prediction        INFO   input_ids_2: 172 180
2022-10-19 04:35:45.505 462:link-prediction        INFO   input_tokens_reverse_2: ĠSystem Ġ. Ġout Ġ. Ġprintln Ġ( Ġcount Ġ)
2022-10-19 04:35:45.505 419:link-prediction        INFO   *** Example ***
2022-10-19 04:35:45.505 420:link-prediction        INFO   idx: s407521227_main
2022-10-19 04:35:45.506 421:link-prediction        INFO   label: 0
2022-10-19 04:35:45.506 422:link-prediction        INFO   input_tokens_1: ['i', '_+', '_n', '2']
2022-10-19 04:35:45.506 430:link-prediction        INFO   input_ids_1: 151 155
2022-10-19 04:35:45.506 437:link-prediction        INFO   input_tokens_reverse_1: Ġi Ġ+ Ġn 2
2022-10-19 04:35:45.506 447:link-prediction        INFO   input_tokens_2: ['str', '2', '_=', '_sc', '.', 'next', 'Line', '()']
2022-10-19 04:35:45.506 455:link-prediction        INFO   input_ids_2: 38 47
2022-10-19 04:35:45.506 462:link-prediction        INFO   input_tokens_reverse_2: Ġstr 2 Ġ= Ġsc Ġ. Ġnext Line Ġ( Ġ)
2022-10-19 04:35:45.506 419:link-prediction        INFO   *** Example ***
2022-10-19 04:35:45.506 420:link-prediction        INFO   idx: s136793165_main
2022-10-19 04:35:45.506 421:link-prediction        INFO   label: 1
2022-10-19 04:35:45.506 422:link-prediction        INFO   input_tokens_1: ['m', '_+', '_1']
2022-10-19 04:35:45.506 430:link-prediction        INFO   input_ids_1: 135 138
2022-10-19 04:35:45.507 437:link-prediction        INFO   input_tokens_reverse_1: Ġm Ġ+ Ġ1
2022-10-19 04:35:45.507 447:link-prediction        INFO   input_tokens_2: ['void']
2022-10-19 04:35:45.507 455:link-prediction        INFO   input_ids_2: 3 4
2022-10-19 04:35:45.507 462:link-prediction        INFO   input_tokens_reverse_2: Ġvoid
2022-10-19 04:35:45.507 419:link-prediction        INFO   *** Example ***
2022-10-19 04:35:45.507 420:link-prediction        INFO   idx: s085362093_doIt
2022-10-19 04:35:45.507 421:link-prediction        INFO   label: 0
2022-10-19 04:35:45.507 422:link-prediction        INFO   input_tokens_1: ['sc', '.', 'next', 'Int', '()']
2022-10-19 04:35:45.507 430:link-prediction        INFO   input_ids_1: 21 27
2022-10-19 04:35:45.507 437:link-prediction        INFO   input_tokens_reverse_1: Ġsc Ġ. Ġnext Int Ġ( Ġ)
2022-10-19 04:35:45.507 447:link-prediction        INFO   input_tokens_2: ['A', '_%', '_i']
2022-10-19 04:35:45.507 455:link-prediction        INFO   input_ids_2: 55 58
2022-10-19 04:35:45.508 462:link-prediction        INFO   input_tokens_reverse_2: ĠA Ġ% Ġi
2022-10-19 04:35:46.259 571:link-prediction        INFO   ***** Running training *****
2022-10-19 04:35:46.259 572:link-prediction        INFO     Num examples = 66380
2022-10-19 04:35:46.269 573:link-prediction        INFO     Num Epochs = 2
2022-10-19 04:35:46.270 574:link-prediction        INFO     Instantaneous batch size per GPU = 64
2022-10-19 04:35:46.270 578:link-prediction        INFO     Total train batch size = 64
2022-10-19 04:35:46.270 582:link-prediction        INFO     Gradient Accumulation steps = 1
2022-10-19 04:35:46.270 585:link-prediction        INFO     Total optimization steps = 2076
2022-10-19 04:35:52.050 700:link-prediction        INFO   ***** Running evaluation *****
2022-10-19 04:35:52.050 701:link-prediction        INFO     Num examples = 22251
2022-10-19 04:35:52.050 702:link-prediction        INFO     Batch size = 32
2022-10-19 04:36:06.667 747:link-prediction        INFO   ***** Eval results *****
2022-10-19 04:36:06.667 749:link-prediction        INFO     eval_acc = 0.7809
2022-10-19 04:36:06.667 749:link-prediction        INFO     eval_f1 = 0.7334
2022-10-19 04:36:06.668 749:link-prediction        INFO     eval_mcc = 0.6014
2022-10-19 04:36:06.668 749:link-prediction        INFO     eval_precision = 0.9366
2022-10-19 04:36:06.668 749:link-prediction        INFO     eval_recall = 0.6026
2022-10-19 04:36:06.668 749:link-prediction        INFO     eval_threshold = 0.5
2022-10-19 04:36:06.668 642:link-prediction        INFO     ********************
2022-10-19 04:36:06.668 643:link-prediction        INFO     Best f1:0.7334
2022-10-19 04:36:06.668 644:link-prediction        INFO     ********************
2022-10-19 04:36:06.670 659:link-prediction        INFO   Saving model checkpoint to ../link_prediction/random/graphcodebert_saved_models/2/ddg_10/checkpoint-best-f1/model.bin
2022-10-19 04:36:06.671 664:link-prediction        INFO     ********************
2022-10-19 04:36:06.671 665:link-prediction        INFO     Best MCC:0.6014
2022-10-19 04:36:06.671 666:link-prediction        INFO     ********************
2022-10-19 04:36:06.671 681:link-prediction        INFO   Saving model checkpoint to ../link_prediction/random/graphcodebert_saved_models/2/ddg_10/checkpoint-best-mcc/model.bin
2022-10-19 04:36:11.461 700:link-prediction        INFO   ***** Running evaluation *****
2022-10-19 04:36:11.461 701:link-prediction        INFO     Num examples = 22251
2022-10-19 04:36:11.461 702:link-prediction        INFO     Batch size = 32
2022-10-19 04:36:26.583 747:link-prediction        INFO   ***** Eval results *****
2022-10-19 04:36:26.583 749:link-prediction        INFO     eval_acc = 0.7983
2022-10-19 04:36:26.583 749:link-prediction        INFO     eval_f1 = 0.7613
2022-10-19 04:36:26.583 749:link-prediction        INFO     eval_mcc = 0.6277
2022-10-19 04:36:26.583 749:link-prediction        INFO     eval_precision = 0.9326
2022-10-19 04:36:26.583 749:link-prediction        INFO     eval_recall = 0.6432
2022-10-19 04:36:26.583 749:link-prediction        INFO     eval_threshold = 0.5
2022-10-19 04:36:26.584 642:link-prediction        INFO     ********************
2022-10-19 04:36:26.584 643:link-prediction        INFO     Best f1:0.7613
2022-10-19 04:36:26.584 644:link-prediction        INFO     ********************
2022-10-19 04:36:26.584 659:link-prediction        INFO   Saving model checkpoint to ../link_prediction/random/graphcodebert_saved_models/2/ddg_10/checkpoint-best-f1/model.bin
2022-10-19 04:36:26.585 664:link-prediction        INFO     ********************
2022-10-19 04:36:26.585 665:link-prediction        INFO     Best MCC:0.6277
2022-10-19 04:36:26.585 666:link-prediction        INFO     ********************
2022-10-19 04:36:26.585 681:link-prediction        INFO   Saving model checkpoint to ../link_prediction/random/graphcodebert_saved_models/2/ddg_10/checkpoint-best-mcc/model.bin
2022-10-19 04:36:31.378 700:link-prediction        INFO   ***** Running evaluation *****
2022-10-19 04:36:31.378 701:link-prediction        INFO     Num examples = 22251
2022-10-19 04:36:31.378 702:link-prediction        INFO     Batch size = 32
2022-10-19 04:36:46.632 747:link-prediction        INFO   ***** Eval results *****
2022-10-19 04:36:46.633 749:link-prediction        INFO     eval_acc = 0.8004
2022-10-19 04:36:46.633 749:link-prediction        INFO     eval_f1 = 0.785
2022-10-19 04:36:46.633 749:link-prediction        INFO     eval_mcc = 0.607
2022-10-19 04:36:46.633 749:link-prediction        INFO     eval_precision = 0.8507
2022-10-19 04:36:46.633 749:link-prediction        INFO     eval_recall = 0.7287
2022-10-19 04:36:46.633 749:link-prediction        INFO     eval_threshold = 0.5
2022-10-19 04:36:46.633 642:link-prediction        INFO     ********************
2022-10-19 04:36:46.633 643:link-prediction        INFO     Best f1:0.785
2022-10-19 04:36:46.633 644:link-prediction        INFO     ********************
2022-10-19 04:36:46.634 659:link-prediction        INFO   Saving model checkpoint to ../link_prediction/random/graphcodebert_saved_models/2/ddg_10/checkpoint-best-f1/model.bin
2022-10-19 04:36:51.446 700:link-prediction        INFO   ***** Running evaluation *****
2022-10-19 04:36:51.446 701:link-prediction        INFO     Num examples = 22251
2022-10-19 04:36:51.446 702:link-prediction        INFO     Batch size = 32
2022-10-19 04:37:06.710 747:link-prediction        INFO   ***** Eval results *****
2022-10-19 04:37:06.710 749:link-prediction        INFO     eval_acc = 0.8017
2022-10-19 04:37:06.710 749:link-prediction        INFO     eval_f1 = 0.7627
2022-10-19 04:37:06.711 749:link-prediction        INFO     eval_mcc = 0.639
2022-10-19 04:37:06.711 749:link-prediction        INFO     eval_precision = 0.9495
2022-10-19 04:37:06.711 749:link-prediction        INFO     eval_recall = 0.6373
2022-10-19 04:37:06.711 749:link-prediction        INFO     eval_threshold = 0.5
2022-10-19 04:37:06.711 664:link-prediction        INFO     ********************
2022-10-19 04:37:06.711 665:link-prediction        INFO     Best MCC:0.639
2022-10-19 04:37:06.711 666:link-prediction        INFO     ********************
2022-10-19 04:37:06.712 681:link-prediction        INFO   Saving model checkpoint to ../link_prediction/random/graphcodebert_saved_models/2/ddg_10/checkpoint-best-mcc/model.bin
2022-10-19 04:37:11.562 700:link-prediction        INFO   ***** Running evaluation *****
2022-10-19 04:37:11.562 701:link-prediction        INFO     Num examples = 22251
2022-10-19 04:37:11.563 702:link-prediction        INFO     Batch size = 32
2022-10-19 04:37:26.451 747:link-prediction        INFO   ***** Eval results *****
2022-10-19 04:37:26.451 749:link-prediction        INFO     eval_acc = 0.808
2022-10-19 04:37:26.451 749:link-prediction        INFO     eval_f1 = 0.7857
2022-10-19 04:37:26.451 749:link-prediction        INFO     eval_mcc = 0.6297
2022-10-19 04:37:26.451 749:link-prediction        INFO     eval_precision = 0.8889
2022-10-19 04:37:26.451 749:link-prediction        INFO     eval_recall = 0.7039
2022-10-19 04:37:26.451 749:link-prediction        INFO     eval_threshold = 0.5
2022-10-19 04:37:26.451 642:link-prediction        INFO     ********************
2022-10-19 04:37:26.452 643:link-prediction        INFO     Best f1:0.7857
2022-10-19 04:37:26.452 644:link-prediction        INFO     ********************
2022-10-19 04:37:26.452 659:link-prediction        INFO   Saving model checkpoint to ../link_prediction/random/graphcodebert_saved_models/2/ddg_10/checkpoint-best-f1/model.bin
2022-10-19 04:37:31.254 700:link-prediction        INFO   ***** Running evaluation *****
2022-10-19 04:37:31.255 701:link-prediction        INFO     Num examples = 22251
2022-10-19 04:37:31.255 702:link-prediction        INFO     Batch size = 32
2022-10-19 04:37:46.113 747:link-prediction        INFO   ***** Eval results *****
2022-10-19 04:37:46.113 749:link-prediction        INFO     eval_acc = 0.8032
2022-10-19 04:37:46.113 749:link-prediction        INFO     eval_f1 = 0.8023
2022-10-19 04:37:46.113 749:link-prediction        INFO     eval_mcc = 0.6065
2022-10-19 04:37:46.114 749:link-prediction        INFO     eval_precision = 0.8063
2022-10-19 04:37:46.114 749:link-prediction        INFO     eval_recall = 0.7982
2022-10-19 04:37:46.114 749:link-prediction        INFO     eval_threshold = 0.5
2022-10-19 04:37:46.114 642:link-prediction        INFO     ********************
2022-10-19 04:37:46.114 643:link-prediction        INFO     Best f1:0.8023
2022-10-19 04:37:46.114 644:link-prediction        INFO     ********************
2022-10-19 04:37:46.115 659:link-prediction        INFO   Saving model checkpoint to ../link_prediction/random/graphcodebert_saved_models/2/ddg_10/checkpoint-best-f1/model.bin
2022-10-19 04:37:50.906 700:link-prediction        INFO   ***** Running evaluation *****
2022-10-19 04:37:50.906 701:link-prediction        INFO     Num examples = 22251
2022-10-19 04:37:50.906 702:link-prediction        INFO     Batch size = 32
2022-10-19 04:38:05.779 747:link-prediction        INFO   ***** Eval results *****
2022-10-19 04:38:05.779 749:link-prediction        INFO     eval_acc = 0.8104
2022-10-19 04:38:05.779 749:link-prediction        INFO     eval_f1 = 0.8003
2022-10-19 04:38:05.780 749:link-prediction        INFO     eval_mcc = 0.624
2022-10-19 04:38:05.780 749:link-prediction        INFO     eval_precision = 0.8455
2022-10-19 04:38:05.780 749:link-prediction        INFO     eval_recall = 0.7597
2022-10-19 04:38:05.780 749:link-prediction        INFO     eval_threshold = 0.5
2022-10-19 04:38:10.553 700:link-prediction        INFO   ***** Running evaluation *****
2022-10-19 04:38:10.553 701:link-prediction        INFO     Num examples = 22251
2022-10-19 04:38:10.553 702:link-prediction        INFO     Batch size = 32
2022-10-19 04:38:25.629 747:link-prediction        INFO   ***** Eval results *****
2022-10-19 04:38:25.629 749:link-prediction        INFO     eval_acc = 0.7846
2022-10-19 04:38:25.629 749:link-prediction        INFO     eval_f1 = 0.8068
2022-10-19 04:38:25.630 749:link-prediction        INFO     eval_mcc = 0.5848
2022-10-19 04:38:25.630 749:link-prediction        INFO     eval_precision = 0.7314
2022-10-19 04:38:25.630 749:link-prediction        INFO     eval_recall = 0.8995
2022-10-19 04:38:25.630 749:link-prediction        INFO     eval_threshold = 0.5
2022-10-19 04:38:25.630 642:link-prediction        INFO     ********************
2022-10-19 04:38:25.630 643:link-prediction        INFO     Best f1:0.8068
2022-10-19 04:38:25.630 644:link-prediction        INFO     ********************
2022-10-19 04:38:25.631 659:link-prediction        INFO   Saving model checkpoint to ../link_prediction/random/graphcodebert_saved_models/2/ddg_10/checkpoint-best-f1/model.bin
2022-10-19 04:38:30.430 700:link-prediction        INFO   ***** Running evaluation *****
2022-10-19 04:38:30.430 701:link-prediction        INFO     Num examples = 22251
2022-10-19 04:38:30.430 702:link-prediction        INFO     Batch size = 32
2022-10-19 04:38:45.402 747:link-prediction        INFO   ***** Eval results *****
2022-10-19 04:38:45.402 749:link-prediction        INFO     eval_acc = 0.8153
2022-10-19 04:38:45.402 749:link-prediction        INFO     eval_f1 = 0.8022
2022-10-19 04:38:45.402 749:link-prediction        INFO     eval_mcc = 0.6363
2022-10-19 04:38:45.403 749:link-prediction        INFO     eval_precision = 0.8638
2022-10-19 04:38:45.403 749:link-prediction        INFO     eval_recall = 0.7488
2022-10-19 04:38:45.403 749:link-prediction        INFO     eval_threshold = 0.5
2022-10-19 04:38:50.195 700:link-prediction        INFO   ***** Running evaluation *****
2022-10-19 04:38:50.195 701:link-prediction        INFO     Num examples = 22251
2022-10-19 04:38:50.195 702:link-prediction        INFO     Batch size = 32
2022-10-19 04:39:05.546 747:link-prediction        INFO   ***** Eval results *****
2022-10-19 04:39:05.546 749:link-prediction        INFO     eval_acc = 0.807
2022-10-19 04:39:05.546 749:link-prediction        INFO     eval_f1 = 0.7794
2022-10-19 04:39:05.546 749:link-prediction        INFO     eval_mcc = 0.6343
2022-10-19 04:39:05.546 749:link-prediction        INFO     eval_precision = 0.9098
2022-10-19 04:39:05.547 749:link-prediction        INFO     eval_recall = 0.6816
2022-10-19 04:39:05.547 749:link-prediction        INFO     eval_threshold = 0.5
2022-10-19 04:39:10.320 700:link-prediction        INFO   ***** Running evaluation *****
2022-10-19 04:39:10.320 701:link-prediction        INFO     Num examples = 22251
2022-10-19 04:39:10.320 702:link-prediction        INFO     Batch size = 32
2022-10-19 04:39:25.407 747:link-prediction        INFO   ***** Eval results *****
2022-10-19 04:39:25.408 749:link-prediction        INFO     eval_acc = 0.8122
2022-10-19 04:39:25.408 749:link-prediction        INFO     eval_f1 = 0.7855
2022-10-19 04:39:25.408 749:link-prediction        INFO     eval_mcc = 0.6447
2022-10-19 04:39:25.408 749:link-prediction        INFO     eval_precision = 0.9158
2022-10-19 04:39:25.408 749:link-prediction        INFO     eval_recall = 0.6876
2022-10-19 04:39:25.408 749:link-prediction        INFO     eval_threshold = 0.5
2022-10-19 04:39:25.408 664:link-prediction        INFO     ********************
2022-10-19 04:39:25.408 665:link-prediction        INFO     Best MCC:0.6447
2022-10-19 04:39:25.408 666:link-prediction        INFO     ********************
2022-10-19 04:39:25.409 681:link-prediction        INFO   Saving model checkpoint to ../link_prediction/random/graphcodebert_saved_models/2/ddg_10/checkpoint-best-mcc/model.bin
2022-10-19 04:39:30.200 700:link-prediction        INFO   ***** Running evaluation *****
2022-10-19 04:39:30.200 701:link-prediction        INFO     Num examples = 22251
2022-10-19 04:39:30.201 702:link-prediction        INFO     Batch size = 32
2022-10-19 04:39:45.512 747:link-prediction        INFO   ***** Eval results *****
2022-10-19 04:39:45.512 749:link-prediction        INFO     eval_acc = 0.8161
2022-10-19 04:39:45.513 749:link-prediction        INFO     eval_f1 = 0.8075
2022-10-19 04:39:45.513 749:link-prediction        INFO     eval_mcc = 0.6347
2022-10-19 04:39:45.513 749:link-prediction        INFO     eval_precision = 0.847
2022-10-19 04:39:45.513 749:link-prediction        INFO     eval_recall = 0.7715
2022-10-19 04:39:45.513 749:link-prediction        INFO     eval_threshold = 0.5
2022-10-19 04:39:45.513 642:link-prediction        INFO     ********************
2022-10-19 04:39:45.513 643:link-prediction        INFO     Best f1:0.8075
2022-10-19 04:39:45.513 644:link-prediction        INFO     ********************
2022-10-19 04:39:45.514 659:link-prediction        INFO   Saving model checkpoint to ../link_prediction/random/graphcodebert_saved_models/2/ddg_10/checkpoint-best-f1/model.bin
2022-10-19 04:39:50.286 700:link-prediction        INFO   ***** Running evaluation *****
2022-10-19 04:39:50.286 701:link-prediction        INFO     Num examples = 22251
2022-10-19 04:39:50.287 702:link-prediction        INFO     Batch size = 32
2022-10-19 04:40:05.481 747:link-prediction        INFO   ***** Eval results *****
2022-10-19 04:40:05.481 749:link-prediction        INFO     eval_acc = 0.8065
2022-10-19 04:40:05.481 749:link-prediction        INFO     eval_f1 = 0.8143
2022-10-19 04:40:05.481 749:link-prediction        INFO     eval_mcc = 0.6152
2022-10-19 04:40:05.481 749:link-prediction        INFO     eval_precision = 0.783
2022-10-19 04:40:05.481 749:link-prediction        INFO     eval_recall = 0.8481
2022-10-19 04:40:05.482 749:link-prediction        INFO     eval_threshold = 0.5
2022-10-19 04:40:05.482 642:link-prediction        INFO     ********************
2022-10-19 04:40:05.482 643:link-prediction        INFO     Best f1:0.8143
2022-10-19 04:40:05.482 644:link-prediction        INFO     ********************
2022-10-19 04:40:05.482 659:link-prediction        INFO   Saving model checkpoint to ../link_prediction/random/graphcodebert_saved_models/2/ddg_10/checkpoint-best-f1/model.bin
2022-10-19 04:40:10.307 700:link-prediction        INFO   ***** Running evaluation *****
2022-10-19 04:40:10.307 701:link-prediction        INFO     Num examples = 22251
2022-10-19 04:40:10.307 702:link-prediction        INFO     Batch size = 32
2022-10-19 04:40:25.678 747:link-prediction        INFO   ***** Eval results *****
2022-10-19 04:40:25.679 749:link-prediction        INFO     eval_acc = 0.8116
2022-10-19 04:40:25.679 749:link-prediction        INFO     eval_f1 = 0.8113
2022-10-19 04:40:25.679 749:link-prediction        INFO     eval_mcc = 0.6232
2022-10-19 04:40:25.679 749:link-prediction        INFO     eval_precision = 0.8127
2022-10-19 04:40:25.679 749:link-prediction        INFO     eval_recall = 0.8099
2022-10-19 04:40:25.679 749:link-prediction        INFO     eval_threshold = 0.5
2022-10-19 04:40:30.465 700:link-prediction        INFO   ***** Running evaluation *****
2022-10-19 04:40:30.465 701:link-prediction        INFO     Num examples = 22251
2022-10-19 04:40:30.466 702:link-prediction        INFO     Batch size = 32
2022-10-19 04:40:45.709 747:link-prediction        INFO   ***** Eval results *****
2022-10-19 04:40:45.709 749:link-prediction        INFO     eval_acc = 0.8115
2022-10-19 04:40:45.709 749:link-prediction        INFO     eval_f1 = 0.7881
2022-10-19 04:40:45.710 749:link-prediction        INFO     eval_mcc = 0.6388
2022-10-19 04:40:45.710 749:link-prediction        INFO     eval_precision = 0.9
2022-10-19 04:40:45.710 749:link-prediction        INFO     eval_recall = 0.701
2022-10-19 04:40:45.710 749:link-prediction        INFO     eval_threshold = 0.5
2022-10-19 04:40:50.530 700:link-prediction        INFO   ***** Running evaluation *****
2022-10-19 04:40:50.530 701:link-prediction        INFO     Num examples = 22251
2022-10-19 04:40:50.531 702:link-prediction        INFO     Batch size = 32
2022-10-19 04:41:05.910 747:link-prediction        INFO   ***** Eval results *****
2022-10-19 04:41:05.910 749:link-prediction        INFO     eval_acc = 0.8145
2022-10-19 04:41:05.910 749:link-prediction        INFO     eval_f1 = 0.8149
2022-10-19 04:41:05.910 749:link-prediction        INFO     eval_mcc = 0.629
2022-10-19 04:41:05.910 749:link-prediction        INFO     eval_precision = 0.813
2022-10-19 04:41:05.910 749:link-prediction        INFO     eval_recall = 0.8169
2022-10-19 04:41:05.910 749:link-prediction        INFO     eval_threshold = 0.5
2022-10-19 04:41:05.911 642:link-prediction        INFO     ********************
2022-10-19 04:41:05.911 643:link-prediction        INFO     Best f1:0.8149
2022-10-19 04:41:05.911 644:link-prediction        INFO     ********************
2022-10-19 04:41:05.911 659:link-prediction        INFO   Saving model checkpoint to ../link_prediction/random/graphcodebert_saved_models/2/ddg_10/checkpoint-best-f1/model.bin
2022-10-19 04:41:10.757 700:link-prediction        INFO   ***** Running evaluation *****
2022-10-19 04:41:10.757 701:link-prediction        INFO     Num examples = 22251
2022-10-19 04:41:10.758 702:link-prediction        INFO     Batch size = 32
2022-10-19 04:41:26.040 747:link-prediction        INFO   ***** Eval results *****
2022-10-19 04:41:26.040 749:link-prediction        INFO     eval_acc = 0.8122
2022-10-19 04:41:26.040 749:link-prediction        INFO     eval_f1 = 0.8102
2022-10-19 04:41:26.041 749:link-prediction        INFO     eval_mcc = 0.6245
2022-10-19 04:41:26.041 749:link-prediction        INFO     eval_precision = 0.8189
2022-10-19 04:41:26.041 749:link-prediction        INFO     eval_recall = 0.8017
2022-10-19 04:41:26.041 749:link-prediction        INFO     eval_threshold = 0.5
2022-10-19 04:41:30.817 700:link-prediction        INFO   ***** Running evaluation *****
2022-10-19 04:41:30.817 701:link-prediction        INFO     Num examples = 22251
2022-10-19 04:41:30.817 702:link-prediction        INFO     Batch size = 32
2022-10-19 04:41:46.206 747:link-prediction        INFO   ***** Eval results *****
2022-10-19 04:41:46.206 749:link-prediction        INFO     eval_acc = 0.8174
2022-10-19 04:41:46.207 749:link-prediction        INFO     eval_f1 = 0.8051
2022-10-19 04:41:46.207 749:link-prediction        INFO     eval_mcc = 0.64
2022-10-19 04:41:46.207 749:link-prediction        INFO     eval_precision = 0.8634
2022-10-19 04:41:46.207 749:link-prediction        INFO     eval_recall = 0.7543
2022-10-19 04:41:46.207 749:link-prediction        INFO     eval_threshold = 0.5
2022-10-19 04:41:51.003 700:link-prediction        INFO   ***** Running evaluation *****
2022-10-19 04:41:51.004 701:link-prediction        INFO     Num examples = 22251
2022-10-19 04:41:51.004 702:link-prediction        INFO     Batch size = 32
2022-10-19 04:42:06.320 747:link-prediction        INFO   ***** Eval results *****
2022-10-19 04:42:06.320 749:link-prediction        INFO     eval_acc = 0.8151
2022-10-19 04:42:06.320 749:link-prediction        INFO     eval_f1 = 0.7975
2022-10-19 04:42:06.320 749:link-prediction        INFO     eval_mcc = 0.6399
2022-10-19 04:42:06.320 749:link-prediction        INFO     eval_precision = 0.8814
2022-10-19 04:42:06.321 749:link-prediction        INFO     eval_recall = 0.7281
2022-10-19 04:42:06.321 749:link-prediction        INFO     eval_threshold = 0.5
2022-10-19 04:42:11.115 700:link-prediction        INFO   ***** Running evaluation *****
2022-10-19 04:42:11.115 701:link-prediction        INFO     Num examples = 22251
2022-10-19 04:42:11.115 702:link-prediction        INFO     Batch size = 32
2022-10-19 04:42:26.507 747:link-prediction        INFO   ***** Eval results *****
2022-10-19 04:42:26.508 749:link-prediction        INFO     eval_acc = 0.8183
2022-10-19 04:42:26.508 749:link-prediction        INFO     eval_f1 = 0.8086
2022-10-19 04:42:26.508 749:link-prediction        INFO     eval_mcc = 0.6399
2022-10-19 04:42:26.508 749:link-prediction        INFO     eval_precision = 0.8541
2022-10-19 04:42:26.508 749:link-prediction        INFO     eval_recall = 0.7678
2022-10-19 04:42:26.508 749:link-prediction        INFO     eval_threshold = 0.5
2022-10-19 04:42:27.228 769:link-prediction        INFO   ***** Running Test *****
2022-10-19 04:42:27.228 770:link-prediction        INFO     Num examples = 21866
2022-10-19 04:42:27.228 771:link-prediction        INFO     Batch size = 32
2022-10-19 04:42:41.768 812:link-prediction        INFO   ***** Test results *****
2022-10-19 04:42:41.768 814:link-prediction        INFO     eval_acc = 0.8119
2022-10-19 04:42:41.768 814:link-prediction        INFO     eval_f1 = 0.8098
2022-10-19 04:42:41.768 814:link-prediction        INFO     eval_mcc = 0.6239
2022-10-19 04:42:41.768 814:link-prediction        INFO     eval_precision = 0.8188
2022-10-19 04:42:41.768 814:link-prediction        INFO     eval_recall = 0.801
2022-10-19 04:42:41.768 814:link-prediction        INFO     eval_threshold = 0.5
