2023-06-05 03:58:16.721 936:link-prediction        DEBUG  main message
2023-06-05 03:58:16.721 942:link-prediction        WARNING device: cuda, n_gpu: 1
2023-06-05 03:58:17.402 957:link-prediction        INFO   Load Dataset
2023-06-05 03:58:44.989 249:link-prediction        INFO   Load Span file and Graph data, data path: ../datasets/poj-104/graphs/exp1/unixcoder/unixcoder_train_cfg_cleaned.pt
2023-06-05 03:58:46.458 301:link-prediction        INFO   Labels Counter({0: 23400, 1: 23400})
2023-06-05 03:58:54.649 249:link-prediction        INFO   Load Span file and Graph data, data path: ../datasets/poj-104/graphs/exp1/unixcoder/unixcoder_valid_cfg_cleaned.pt
2023-06-05 03:58:55.849 301:link-prediction        INFO   Labels Counter({0: 8225, 1: 8225})
2023-06-05 03:59:04.092 249:link-prediction        INFO   Load Span file and Graph data, data path: ../datasets/poj-104/graphs/exp1/unixcoder/unixcoder_test_cfg_cleaned.pt
2023-06-05 03:59:05.020 301:link-prediction        INFO   Labels Counter({0: 7694, 1: 7694})
2023-06-05 03:59:05.022 306:link-prediction        INFO   *** Example ***
2023-06-05 03:59:05.023 307:link-prediction        INFO   idx: 41486
2023-06-05 03:59:05.023 308:link-prediction        INFO   label: 0
2023-06-05 03:59:05.024 309:link-prediction        INFO   input_tokens_1: ['(', 'b', '[', 'i', ']', '_>=', '_75', ')', '_&&', '_(', 'b', '[', 'i', ']', '_<=', '_77', ')']
2023-06-05 03:59:05.024 317:link-prediction        INFO   input_ids_1: 191 208
2023-06-05 03:59:05.024 324:link-prediction        INFO   span_arry_1: [191, 207] [191, 207], mask 1 0
2023-06-05 03:59:05.024 334:link-prediction        INFO   input_tokens_reverse_1: ; Ġif Ġ(( b [ i ] Ġ>= Ġ75 ) Ġ&& Ġ( b [ i ] Ġ<=
2023-06-05 03:59:05.024 344:link-prediction        INFO   input_tokens_2: ['b', '[', 'i', ']', '_>=', '_90']
2023-06-05 03:59:05.024 352:link-prediction        INFO   input_ids_2: 105 111
2023-06-05 03:59:05.024 359:link-prediction        INFO   span_arry_2: [105, 110] [105, 110], mask 1 0
2023-06-05 03:59:05.024 369:link-prediction        INFO   input_tokens_reverse_2: Ġif Ġ( b [ i ]
2023-06-05 03:59:05.024 306:link-prediction        INFO   *** Example ***
2023-06-05 03:59:05.024 307:link-prediction        INFO   idx: 40881
2023-06-05 03:59:05.025 308:link-prediction        INFO   label: 1
2023-06-05 03:59:05.025 309:link-prediction        INFO   input_tokens_1: ['t', '_=', '_0']
2023-06-05 03:59:05.025 317:link-prediction        INFO   input_ids_1: 16 19
2023-06-05 03:59:05.025 324:link-prediction        INFO   span_arry_1: [16, 18] [16, 18], mask 1 0
2023-06-05 03:59:05.025 334:link-prediction        INFO   input_tokens_reverse_1: Ġ0 , Ġt
2023-06-05 03:59:05.025 344:link-prediction        INFO   input_tokens_2: ['i', '_=', '_1']
2023-06-05 03:59:05.025 352:link-prediction        INFO   input_ids_2: 20 23
2023-06-05 03:59:05.025 359:link-prediction        INFO   span_arry_2: [20, 22] [20, 22], mask 1 0
2023-06-05 03:59:05.025 369:link-prediction        INFO   input_tokens_reverse_2: Ġ0 , Ġi
2023-06-05 03:59:05.025 306:link-prediction        INFO   *** Example ***
2023-06-05 03:59:05.025 307:link-prediction        INFO   idx: 49455
2023-06-05 03:59:05.025 308:link-prediction        INFO   label: 1
2023-06-05 03:59:05.026 309:link-prediction        INFO   input_tokens_1: ['a', '[', 'i', ']', '_<=', '_18']
2023-06-05 03:59:05.026 317:link-prediction        INFO   input_ids_1: 68 74
2023-06-05 03:59:05.026 324:link-prediction        INFO   span_arry_1: [68, 73] [68, 73], mask 1 0
2023-06-05 03:59:05.026 334:link-prediction        INFO   input_tokens_reverse_1: Ġif Ġ( a [ i ]
2023-06-05 03:59:05.026 344:link-prediction        INFO   input_tokens_2: ['a', '[', 'i', ']']
2023-06-05 03:59:05.026 352:link-prediction        INFO   input_ids_2: 87 91
2023-06-05 03:59:05.026 359:link-prediction        INFO   span_arry_2: [87, 90] [87, 90], mask 1 0
2023-06-05 03:59:05.026 369:link-prediction        INFO   input_tokens_reverse_2: Ġif Ġ( a [
2023-06-05 03:59:05.026 306:link-prediction        INFO   *** Example ***
2023-06-05 03:59:05.026 307:link-prediction        INFO   idx: 49173
2023-06-05 03:59:05.026 308:link-prediction        INFO   label: 0
2023-06-05 03:59:05.026 309:link-prediction        INFO   input_tokens_1: ['b', '4', '_=', '_(', 'double', ')', 'n', '4', '_/', '_a', '_*', '_100']
2023-06-05 03:59:05.027 317:link-prediction        INFO   input_ids_1: 164 176
2023-06-05 03:59:05.027 324:link-prediction        INFO   span_arry_1: [164, 175] [164, 175], mask 1 0
2023-06-05 03:59:05.027 334:link-prediction        INFO   input_tokens_reverse_1: Ġ100 ; Ġb 4 Ġ= Ġ( double ) n 4 Ġ/ Ġa
2023-06-05 03:59:05.027 344:link-prediction        INFO   input_tokens_2: ['n', '1', '_=', '_0']
2023-06-05 03:59:05.027 352:link-prediction        INFO   input_ids_2: 10 14
2023-06-05 03:59:05.027 359:link-prediction        INFO   span_arry_2: [10, 13] [10, 13], mask 1 0
2023-06-05 03:59:05.027 369:link-prediction        INFO   input_tokens_reverse_2: Ġage , Ġn 1
2023-06-05 03:59:05.027 306:link-prediction        INFO   *** Example ***
2023-06-05 03:59:05.027 307:link-prediction        INFO   idx: 46203
2023-06-05 03:59:05.027 308:link-prediction        INFO   label: 1
2023-06-05 03:59:05.027 309:link-prediction        INFO   input_tokens_1: ['a', '_%', '_c', '_==', '_0']
2023-06-05 03:59:05.027 317:link-prediction        INFO   input_ids_1: 41 46
2023-06-05 03:59:05.027 324:link-prediction        INFO   span_arry_1: [41, 45] [41, 45], mask 1 0
2023-06-05 03:59:05.028 334:link-prediction        INFO   input_tokens_reverse_1: Ġ0 Ġ&& Ġa Ġ% Ġc
2023-06-05 03:59:05.028 344:link-prediction        INFO   input_tokens_2: ['a', '_%', '_b', '_==', '_0', '_&&', '_a', '_%', '_c', '_==', '_0', '_&&', '_a', '_%', '_d', '_==', '_0']
2023-06-05 03:59:05.028 352:link-prediction        INFO   input_ids_2: 35 52
2023-06-05 03:59:05.028 359:link-prediction        INFO   span_arry_2: [35, 40] [46, 51], mask 1 1
2023-06-05 03:59:05.028 369:link-prediction        INFO   input_tokens_reverse_2: Ġif Ġ( a Ġ% Ġb Ġ== Ġ0 Ġ&& Ġa Ġ% Ġc Ġ== Ġ0 Ġ&& Ġa Ġ% Ġd
2023-06-05 03:59:05.028 306:link-prediction        INFO   *** Example ***
2023-06-05 03:59:05.028 307:link-prediction        INFO   idx: 42088
2023-06-05 03:59:05.028 308:link-prediction        INFO   label: 1
2023-06-05 03:59:05.028 309:link-prediction        INFO   input_tokens_1: ['m', '_=', '_1', '_&&', '_j', '_==', '_strlen', '(', 'a', '[', 'i', '])']
2023-06-05 03:59:05.028 317:link-prediction        INFO   input_ids_1: 228 240
2023-06-05 03:59:05.028 324:link-prediction        INFO   span_arry_1: [228, 239] [228, 239], mask 1 0
2023-06-05 03:59:05.029 334:link-prediction        INFO   input_tokens_reverse_1: Ġif Ġ( m Ġ= Ġ1 Ġ&& Ġj Ġ== Ġstrlen ( a [
2023-06-05 03:59:05.029 344:link-prediction        INFO   input_tokens_2: ['printf', '("', 'yes', '\\', 'n', '")']
2023-06-05 03:59:05.029 352:link-prediction        INFO   input_ids_2: 240 246
2023-06-05 03:59:05.029 359:link-prediction        INFO   span_arry_2: [240, 245] [240, 245], mask 1 0
2023-06-05 03:59:05.029 369:link-prediction        INFO   input_tokens_reverse_2: i ])) Ġprintf (" yes \
2023-06-05 03:59:05.029 306:link-prediction        INFO   *** Example ***
2023-06-05 03:59:05.029 307:link-prediction        INFO   idx: 43435
2023-06-05 03:59:05.029 308:link-prediction        INFO   label: 0
2023-06-05 03:59:05.029 309:link-prediction        INFO   input_tokens_1: ['scanf', '("%', 'd', '_%', 'd', '_%', 'd', '_%', 'd', '_%', 'd', '_%', 'd', '",', '_&', 'a', ',', '_&', 'b', ',', '_&', 'c', ',', '_&', 'd', ',', '_&', 'e', ',', '_&', 'f', ')']
2023-06-05 03:59:05.029 317:link-prediction        INFO   input_ids_1: 39 71
2023-06-05 03:59:05.029 324:link-prediction        INFO   span_arry_1: [39, 70] [39, 70], mask 1 0
2023-06-05 03:59:05.030 334:link-prediction        INFO   input_tokens_reverse_1: ) Ġ{ Ġscanf ("% d Ġ% d Ġ% d Ġ% d Ġ% d Ġ% d ", Ġ& a , Ġ& b , Ġ& c , Ġ& d , Ġ& e , Ġ&
2023-06-05 03:59:05.030 344:link-prediction        INFO   input_tokens_2: ['a', '_==', '_0', '_&&', '_b', '_==', '_0', '_&&', '_c', '_==', '_0', '_&&', '_d', '_==', '_0', '_&&', '_e', '_==', '_0', '_&&', '_f', '_==', '_0']
2023-06-05 03:59:05.030 352:link-prediction        INFO   input_ids_2: 73 96
2023-06-05 03:59:05.030 359:link-prediction        INFO   span_arry_2: [73, 95] [73, 95], mask 1 0
2023-06-05 03:59:05.030 369:link-prediction        INFO   input_tokens_reverse_2: Ġif Ġ( a Ġ== Ġ0 Ġ&& Ġb Ġ== Ġ0 Ġ&& Ġc Ġ== Ġ0 Ġ&& Ġd Ġ== Ġ0 Ġ&& Ġe Ġ== Ġ0 Ġ&& Ġf
2023-06-05 03:59:05.030 306:link-prediction        INFO   *** Example ***
2023-06-05 03:59:05.030 307:link-prediction        INFO   idx: 45489
2023-06-05 03:59:05.030 308:link-prediction        INFO   label: 1
2023-06-05 03:59:05.030 309:link-prediction        INFO   input_tokens_1: ['*(', 's', '_+', '_0', ')']
2023-06-05 03:59:05.030 317:link-prediction        INFO   input_ids_1: 66 71
2023-06-05 03:59:05.030 324:link-prediction        INFO   span_arry_1: [66, 70] [66, 70], mask 1 0
2023-06-05 03:59:05.031 334:link-prediction        INFO   input_tokens_reverse_1: )) Ġ+ Ġ(*( s Ġ+
2023-06-05 03:59:05.031 344:link-prediction        INFO   input_tokens_2: ['str', '[', 'i', ']', '_=', '_(*(', 's', '_+', '_l', '_-', '_1', '))', '_+', '_(*(', 's', '_+', '_0', '))']
2023-06-05 03:59:05.031 352:link-prediction        INFO   input_ids_2: 53 71
2023-06-05 03:59:05.031 359:link-prediction        INFO   span_arry_2: [53, 65] [53, 65], mask 1 0
2023-06-05 03:59:05.031 369:link-prediction        INFO   input_tokens_reverse_2: Ġ1 ) Ġstr [ i ] Ġ= Ġ(*( s Ġ+ Ġl Ġ- Ġ1 )) Ġ+ Ġ(*( s Ġ+
2023-06-05 03:59:05.031 306:link-prediction        INFO   *** Example ***
2023-06-05 03:59:05.031 307:link-prediction        INFO   idx: 43946
2023-06-05 03:59:05.031 308:link-prediction        INFO   label: 1
2023-06-05 03:59:05.031 309:link-prediction        INFO   input_tokens_1: ['i', '_<', '_counter']
2023-06-05 03:59:05.031 317:link-prediction        INFO   input_ids_1: 161 164
2023-06-05 03:59:05.031 324:link-prediction        INFO   span_arry_1: [161, 163] [161, 163], mask 1 0
2023-06-05 03:59:05.031 334:link-prediction        INFO   input_tokens_reverse_1: Ġ0 ; Ġi
2023-06-05 03:59:05.032 344:link-prediction        INFO   input_tokens_2: ['return', '_0', ';']
2023-06-05 03:59:05.032 352:link-prediction        INFO   input_ids_2: 177 180
2023-06-05 03:59:05.032 359:link-prediction        INFO   span_arry_2: [177, 179] [177, 179], mask 1 0
2023-06-05 03:59:05.032 369:link-prediction        INFO   input_tokens_reverse_2: Ġendl ; Ġreturn
2023-06-05 03:59:05.032 997:link-prediction        INFO   Finishing loading Dataset
2023-06-05 03:59:05.050 1006:link-prediction        INFO   Probimg Model Parameters 3843
2023-06-05 03:59:05.050 1007:link-prediction        INFO   Training/evaluation parameters Namespace(adam_epsilon=1e-08, class_num=2, config_name='microsoft/unixcoder-base', data_folder='../datasets/poj-104/graphs/exp1', dataset='poj-104', debug=False, device=device(type='cuda'), do_crossing='cleaned', do_eval=False, do_random=False, do_test=True, do_train=True, epochs=2, eval_batch_size=32, evaluate_during_training=False, gradient_accumulation_steps=1, graph_type='cfg', layer=9, learning_rate=0.001, max_code_length=512, max_grad_norm=1.0, max_steps=-1, model_name='unixcoder', model_name_or_path='microsoft/unixcoder-base', n_gpu=1, output_dir='../link_prediction/poj/plm/saved_unixcodermodels/1/cfg_9', posratio=0.5, seed=328, token_config='microsoft/unixcoder-base', train_batch_size=64, warmup_steps=0, weight_decay=0.0)
2023-06-05 03:59:05.934 472:link-prediction        INFO   ***** Running training *****
2023-06-05 03:59:05.934 473:link-prediction        INFO     Num examples = 46800
2023-06-05 03:59:05.934 474:link-prediction        INFO     Num Epochs = 2
2023-06-05 03:59:05.934 475:link-prediction        INFO     Instantaneous batch size per GPU = 64
2023-06-05 03:59:05.934 479:link-prediction        INFO     Total train batch size = 64
2023-06-05 03:59:05.934 483:link-prediction        INFO     Gradient Accumulation steps = 1
2023-06-05 03:59:05.934 486:link-prediction        INFO     Total optimization steps = 1464
2023-06-05 03:59:09.004 601:link-prediction        INFO   ***** Running evaluation *****
2023-06-05 03:59:09.004 602:link-prediction        INFO     Num examples = 16450
2023-06-05 03:59:09.005 603:link-prediction        INFO     Batch size = 32
2023-06-05 03:59:18.349 648:link-prediction        INFO   ***** Eval results *****
2023-06-05 03:59:18.349 650:link-prediction        INFO     eval_acc = 0.5822
2023-06-05 03:59:18.350 650:link-prediction        INFO     eval_f1 = 0.5601
2023-06-05 03:59:18.350 650:link-prediction        INFO     eval_mcc = 0.1653
2023-06-05 03:59:18.350 650:link-prediction        INFO     eval_precision = 0.5915
2023-06-05 03:59:18.350 650:link-prediction        INFO     eval_recall = 0.5319
2023-06-05 03:59:18.350 650:link-prediction        INFO     eval_threshold = 0.5
2023-06-05 03:59:18.350 543:link-prediction        INFO     ********************
2023-06-05 03:59:18.350 544:link-prediction        INFO     Best f1:0.5601
2023-06-05 03:59:18.350 545:link-prediction        INFO     ********************
2023-06-05 03:59:18.351 560:link-prediction        INFO   Saving model checkpoint to ../link_prediction/poj/plm/saved_unixcodermodels/1/cfg_9/checkpoint-best-f1/model.bin
2023-06-05 03:59:18.351 565:link-prediction        INFO     ********************
2023-06-05 03:59:18.351 566:link-prediction        INFO     Best MCC:0.1653
2023-06-05 03:59:18.352 567:link-prediction        INFO     ********************
2023-06-05 03:59:18.352 582:link-prediction        INFO   Saving model checkpoint to ../link_prediction/poj/plm/saved_unixcodermodels/1/cfg_9/checkpoint-best-mcc/model.bin
2023-06-05 03:59:21.054 601:link-prediction        INFO   ***** Running evaluation *****
2023-06-05 03:59:21.054 602:link-prediction        INFO     Num examples = 16450
2023-06-05 03:59:21.054 603:link-prediction        INFO     Batch size = 32
2023-06-05 03:59:30.092 648:link-prediction        INFO   ***** Eval results *****
2023-06-05 03:59:30.093 650:link-prediction        INFO     eval_acc = 0.5988
2023-06-05 03:59:30.093 650:link-prediction        INFO     eval_f1 = 0.6554
2023-06-05 03:59:30.093 650:link-prediction        INFO     eval_mcc = 0.2092
2023-06-05 03:59:30.093 650:link-prediction        INFO     eval_precision = 0.5743
2023-06-05 03:59:30.093 650:link-prediction        INFO     eval_recall = 0.7632
2023-06-05 03:59:30.093 650:link-prediction        INFO     eval_threshold = 0.5
2023-06-05 03:59:30.093 543:link-prediction        INFO     ********************
2023-06-05 03:59:30.093 544:link-prediction        INFO     Best f1:0.6554
2023-06-05 03:59:30.093 545:link-prediction        INFO     ********************
2023-06-05 03:59:30.094 560:link-prediction        INFO   Saving model checkpoint to ../link_prediction/poj/plm/saved_unixcodermodels/1/cfg_9/checkpoint-best-f1/model.bin
2023-06-05 03:59:30.094 565:link-prediction        INFO     ********************
2023-06-05 03:59:30.094 566:link-prediction        INFO     Best MCC:0.2092
2023-06-05 03:59:30.094 567:link-prediction        INFO     ********************
2023-06-05 03:59:30.095 582:link-prediction        INFO   Saving model checkpoint to ../link_prediction/poj/plm/saved_unixcodermodels/1/cfg_9/checkpoint-best-mcc/model.bin
2023-06-05 03:59:32.790 601:link-prediction        INFO   ***** Running evaluation *****
2023-06-05 03:59:32.790 602:link-prediction        INFO     Num examples = 16450
2023-06-05 03:59:32.790 603:link-prediction        INFO     Batch size = 32
2023-06-05 03:59:41.883 648:link-prediction        INFO   ***** Eval results *****
2023-06-05 03:59:41.884 650:link-prediction        INFO     eval_acc = 0.6052
2023-06-05 03:59:41.884 650:link-prediction        INFO     eval_f1 = 0.6735
2023-06-05 03:59:41.884 650:link-prediction        INFO     eval_mcc = 0.2316
2023-06-05 03:59:41.884 650:link-prediction        INFO     eval_precision = 0.5741
2023-06-05 03:59:41.884 650:link-prediction        INFO     eval_recall = 0.8143
2023-06-05 03:59:41.884 650:link-prediction        INFO     eval_threshold = 0.5
2023-06-05 03:59:41.884 543:link-prediction        INFO     ********************
2023-06-05 03:59:41.884 544:link-prediction        INFO     Best f1:0.6735
2023-06-05 03:59:41.884 545:link-prediction        INFO     ********************
2023-06-05 03:59:41.885 560:link-prediction        INFO   Saving model checkpoint to ../link_prediction/poj/plm/saved_unixcodermodels/1/cfg_9/checkpoint-best-f1/model.bin
2023-06-05 03:59:41.885 565:link-prediction        INFO     ********************
2023-06-05 03:59:41.885 566:link-prediction        INFO     Best MCC:0.2316
2023-06-05 03:59:41.885 567:link-prediction        INFO     ********************
2023-06-05 03:59:41.886 582:link-prediction        INFO   Saving model checkpoint to ../link_prediction/poj/plm/saved_unixcodermodels/1/cfg_9/checkpoint-best-mcc/model.bin
2023-06-05 03:59:44.590 601:link-prediction        INFO   ***** Running evaluation *****
2023-06-05 03:59:44.590 602:link-prediction        INFO     Num examples = 16450
2023-06-05 03:59:44.590 603:link-prediction        INFO     Batch size = 32
2023-06-05 03:59:53.737 648:link-prediction        INFO   ***** Eval results *****
2023-06-05 03:59:53.737 650:link-prediction        INFO     eval_acc = 0.5837
2023-06-05 03:59:53.737 650:link-prediction        INFO     eval_f1 = 0.4398
2023-06-05 03:59:53.737 650:link-prediction        INFO     eval_mcc = 0.1951
2023-06-05 03:59:53.737 650:link-prediction        INFO     eval_precision = 0.6722
2023-06-05 03:59:53.737 650:link-prediction        INFO     eval_recall = 0.3268
2023-06-05 03:59:53.738 650:link-prediction        INFO     eval_threshold = 0.5
2023-06-05 03:59:56.477 601:link-prediction        INFO   ***** Running evaluation *****
2023-06-05 03:59:56.477 602:link-prediction        INFO     Num examples = 16450
2023-06-05 03:59:56.478 603:link-prediction        INFO     Batch size = 32
2023-06-05 04:00:05.573 648:link-prediction        INFO   ***** Eval results *****
2023-06-05 04:00:05.573 650:link-prediction        INFO     eval_acc = 0.6137
2023-06-05 04:00:05.573 650:link-prediction        INFO     eval_f1 = 0.6503
2023-06-05 04:00:05.573 650:link-prediction        INFO     eval_mcc = 0.2326
2023-06-05 04:00:05.573 650:link-prediction        INFO     eval_precision = 0.5941
2023-06-05 04:00:05.573 650:link-prediction        INFO     eval_recall = 0.7183
2023-06-05 04:00:05.573 650:link-prediction        INFO     eval_threshold = 0.5
2023-06-05 04:00:05.574 565:link-prediction        INFO     ********************
2023-06-05 04:00:05.574 566:link-prediction        INFO     Best MCC:0.2326
2023-06-05 04:00:05.574 567:link-prediction        INFO     ********************
2023-06-05 04:00:05.575 582:link-prediction        INFO   Saving model checkpoint to ../link_prediction/poj/plm/saved_unixcodermodels/1/cfg_9/checkpoint-best-mcc/model.bin
2023-06-05 04:00:08.309 601:link-prediction        INFO   ***** Running evaluation *****
2023-06-05 04:00:08.309 602:link-prediction        INFO     Num examples = 16450
2023-06-05 04:00:08.309 603:link-prediction        INFO     Batch size = 32
2023-06-05 04:00:17.473 648:link-prediction        INFO   ***** Eval results *****
2023-06-05 04:00:17.474 650:link-prediction        INFO     eval_acc = 0.6289
2023-06-05 04:00:17.474 650:link-prediction        INFO     eval_f1 = 0.6329
2023-06-05 04:00:17.474 650:link-prediction        INFO     eval_mcc = 0.2578
2023-06-05 04:00:17.474 650:link-prediction        INFO     eval_precision = 0.6261
2023-06-05 04:00:17.474 650:link-prediction        INFO     eval_recall = 0.6399
2023-06-05 04:00:17.474 650:link-prediction        INFO     eval_threshold = 0.5
2023-06-05 04:00:17.474 565:link-prediction        INFO     ********************
2023-06-05 04:00:17.474 566:link-prediction        INFO     Best MCC:0.2578
2023-06-05 04:00:17.474 567:link-prediction        INFO     ********************
2023-06-05 04:00:17.475 582:link-prediction        INFO   Saving model checkpoint to ../link_prediction/poj/plm/saved_unixcodermodels/1/cfg_9/checkpoint-best-mcc/model.bin
2023-06-05 04:00:20.186 601:link-prediction        INFO   ***** Running evaluation *****
2023-06-05 04:00:20.186 602:link-prediction        INFO     Num examples = 16450
2023-06-05 04:00:20.186 603:link-prediction        INFO     Batch size = 32
2023-06-05 04:00:29.319 648:link-prediction        INFO   ***** Eval results *****
2023-06-05 04:00:29.320 650:link-prediction        INFO     eval_acc = 0.6448
2023-06-05 04:00:29.320 650:link-prediction        INFO     eval_f1 = 0.6556
2023-06-05 04:00:29.320 650:link-prediction        INFO     eval_mcc = 0.2902
2023-06-05 04:00:29.320 650:link-prediction        INFO     eval_precision = 0.6363
2023-06-05 04:00:29.320 650:link-prediction        INFO     eval_recall = 0.6761
2023-06-05 04:00:29.320 650:link-prediction        INFO     eval_threshold = 0.5
2023-06-05 04:00:29.320 565:link-prediction        INFO     ********************
2023-06-05 04:00:29.320 566:link-prediction        INFO     Best MCC:0.2902
2023-06-05 04:00:29.321 567:link-prediction        INFO     ********************
2023-06-05 04:00:29.321 582:link-prediction        INFO   Saving model checkpoint to ../link_prediction/poj/plm/saved_unixcodermodels/1/cfg_9/checkpoint-best-mcc/model.bin
2023-06-05 04:00:32.071 601:link-prediction        INFO   ***** Running evaluation *****
2023-06-05 04:00:32.071 602:link-prediction        INFO     Num examples = 16450
2023-06-05 04:00:32.071 603:link-prediction        INFO     Batch size = 32
2023-06-05 04:00:41.262 648:link-prediction        INFO   ***** Eval results *****
2023-06-05 04:00:41.263 650:link-prediction        INFO     eval_acc = 0.6386
2023-06-05 04:00:41.263 650:link-prediction        INFO     eval_f1 = 0.6829
2023-06-05 04:00:41.263 650:link-prediction        INFO     eval_mcc = 0.2887
2023-06-05 04:00:41.263 650:link-prediction        INFO     eval_precision = 0.6083
2023-06-05 04:00:41.263 650:link-prediction        INFO     eval_recall = 0.7784
2023-06-05 04:00:41.263 650:link-prediction        INFO     eval_threshold = 0.5
2023-06-05 04:00:41.263 543:link-prediction        INFO     ********************
2023-06-05 04:00:41.263 544:link-prediction        INFO     Best f1:0.6829
2023-06-05 04:00:41.263 545:link-prediction        INFO     ********************
2023-06-05 04:00:41.264 560:link-prediction        INFO   Saving model checkpoint to ../link_prediction/poj/plm/saved_unixcodermodels/1/cfg_9/checkpoint-best-f1/model.bin
2023-06-05 04:00:44.015 601:link-prediction        INFO   ***** Running evaluation *****
2023-06-05 04:00:44.015 602:link-prediction        INFO     Num examples = 16450
2023-06-05 04:00:44.015 603:link-prediction        INFO     Batch size = 32
2023-06-05 04:00:53.172 648:link-prediction        INFO   ***** Eval results *****
2023-06-05 04:00:53.173 650:link-prediction        INFO     eval_acc = 0.6305
2023-06-05 04:00:53.173 650:link-prediction        INFO     eval_f1 = 0.6075
2023-06-05 04:00:53.173 650:link-prediction        INFO     eval_mcc = 0.2627
2023-06-05 04:00:53.173 650:link-prediction        INFO     eval_precision = 0.6477
2023-06-05 04:00:53.173 650:link-prediction        INFO     eval_recall = 0.572
2023-06-05 04:00:53.173 650:link-prediction        INFO     eval_threshold = 0.5
2023-06-05 04:00:55.895 601:link-prediction        INFO   ***** Running evaluation *****
2023-06-05 04:00:55.895 602:link-prediction        INFO     Num examples = 16450
2023-06-05 04:00:55.895 603:link-prediction        INFO     Batch size = 32
2023-06-05 04:01:05.137 648:link-prediction        INFO   ***** Eval results *****
2023-06-05 04:01:05.138 650:link-prediction        INFO     eval_acc = 0.6297
2023-06-05 04:01:05.138 650:link-prediction        INFO     eval_f1 = 0.6037
2023-06-05 04:01:05.138 650:link-prediction        INFO     eval_mcc = 0.2617
2023-06-05 04:01:05.138 650:link-prediction        INFO     eval_precision = 0.6494
2023-06-05 04:01:05.138 650:link-prediction        INFO     eval_recall = 0.564
2023-06-05 04:01:05.138 650:link-prediction        INFO     eval_threshold = 0.5
2023-06-05 04:01:07.871 601:link-prediction        INFO   ***** Running evaluation *****
2023-06-05 04:01:07.871 602:link-prediction        INFO     Num examples = 16450
2023-06-05 04:01:07.871 603:link-prediction        INFO     Batch size = 32
2023-06-05 04:01:16.936 648:link-prediction        INFO   ***** Eval results *****
2023-06-05 04:01:16.936 650:link-prediction        INFO     eval_acc = 0.642
2023-06-05 04:01:16.936 650:link-prediction        INFO     eval_f1 = 0.6932
2023-06-05 04:01:16.937 650:link-prediction        INFO     eval_mcc = 0.3013
2023-06-05 04:01:16.937 650:link-prediction        INFO     eval_precision = 0.6065
2023-06-05 04:01:16.937 650:link-prediction        INFO     eval_recall = 0.809
2023-06-05 04:01:16.937 650:link-prediction        INFO     eval_threshold = 0.5
2023-06-05 04:01:16.937 543:link-prediction        INFO     ********************
2023-06-05 04:01:16.937 544:link-prediction        INFO     Best f1:0.6932
2023-06-05 04:01:16.937 545:link-prediction        INFO     ********************
2023-06-05 04:01:16.938 560:link-prediction        INFO   Saving model checkpoint to ../link_prediction/poj/plm/saved_unixcodermodels/1/cfg_9/checkpoint-best-f1/model.bin
2023-06-05 04:01:16.938 565:link-prediction        INFO     ********************
2023-06-05 04:01:16.938 566:link-prediction        INFO     Best MCC:0.3013
2023-06-05 04:01:16.938 567:link-prediction        INFO     ********************
2023-06-05 04:01:16.939 582:link-prediction        INFO   Saving model checkpoint to ../link_prediction/poj/plm/saved_unixcodermodels/1/cfg_9/checkpoint-best-mcc/model.bin
2023-06-05 04:01:19.704 601:link-prediction        INFO   ***** Running evaluation *****
2023-06-05 04:01:19.704 602:link-prediction        INFO     Num examples = 16450
2023-06-05 04:01:19.704 603:link-prediction        INFO     Batch size = 32
2023-06-05 04:01:28.885 648:link-prediction        INFO   ***** Eval results *****
2023-06-05 04:01:28.885 650:link-prediction        INFO     eval_acc = 0.6453
2023-06-05 04:01:28.885 650:link-prediction        INFO     eval_f1 = 0.6727
2023-06-05 04:01:28.886 650:link-prediction        INFO     eval_mcc = 0.2949
2023-06-05 04:01:28.886 650:link-prediction        INFO     eval_precision = 0.6245
2023-06-05 04:01:28.886 650:link-prediction        INFO     eval_recall = 0.729
2023-06-05 04:01:28.886 650:link-prediction        INFO     eval_threshold = 0.5
2023-06-05 04:01:31.597 601:link-prediction        INFO   ***** Running evaluation *****
2023-06-05 04:01:31.598 602:link-prediction        INFO     Num examples = 16450
2023-06-05 04:01:31.598 603:link-prediction        INFO     Batch size = 32
2023-06-05 04:01:40.741 648:link-prediction        INFO   ***** Eval results *****
2023-06-05 04:01:40.741 650:link-prediction        INFO     eval_acc = 0.6423
2023-06-05 04:01:40.741 650:link-prediction        INFO     eval_f1 = 0.6279
2023-06-05 04:01:40.741 650:link-prediction        INFO     eval_mcc = 0.2855
2023-06-05 04:01:40.741 650:link-prediction        INFO     eval_precision = 0.6542
2023-06-05 04:01:40.741 650:link-prediction        INFO     eval_recall = 0.6036
2023-06-05 04:01:40.741 650:link-prediction        INFO     eval_threshold = 0.5
2023-06-05 04:01:43.478 601:link-prediction        INFO   ***** Running evaluation *****
2023-06-05 04:01:43.479 602:link-prediction        INFO     Num examples = 16450
2023-06-05 04:01:43.479 603:link-prediction        INFO     Batch size = 32
2023-06-05 04:01:52.676 648:link-prediction        INFO   ***** Eval results *****
2023-06-05 04:01:52.676 650:link-prediction        INFO     eval_acc = 0.6038
2023-06-05 04:01:52.676 650:link-prediction        INFO     eval_f1 = 0.4775
2023-06-05 04:01:52.676 650:link-prediction        INFO     eval_mcc = 0.2371
2023-06-05 04:01:52.676 650:link-prediction        INFO     eval_precision = 0.7009
2023-06-05 04:01:52.676 650:link-prediction        INFO     eval_recall = 0.3621
2023-06-05 04:01:52.676 650:link-prediction        INFO     eval_threshold = 0.5
2023-06-05 04:01:55.425 601:link-prediction        INFO   ***** Running evaluation *****
2023-06-05 04:01:55.426 602:link-prediction        INFO     Num examples = 16450
2023-06-05 04:01:55.426 603:link-prediction        INFO     Batch size = 32
2023-06-05 04:02:04.553 648:link-prediction        INFO   ***** Eval results *****
2023-06-05 04:02:04.553 650:link-prediction        INFO     eval_acc = 0.6382
2023-06-05 04:02:04.553 650:link-prediction        INFO     eval_f1 = 0.6141
2023-06-05 04:02:04.554 650:link-prediction        INFO     eval_mcc = 0.2785
2023-06-05 04:02:04.554 650:link-prediction        INFO     eval_precision = 0.6579
2023-06-05 04:02:04.554 650:link-prediction        INFO     eval_recall = 0.5758
2023-06-05 04:02:04.554 650:link-prediction        INFO     eval_threshold = 0.5
2023-06-05 04:02:07.315 601:link-prediction        INFO   ***** Running evaluation *****
2023-06-05 04:02:07.315 602:link-prediction        INFO     Num examples = 16450
2023-06-05 04:02:07.315 603:link-prediction        INFO     Batch size = 32
2023-06-05 04:02:16.536 648:link-prediction        INFO   ***** Eval results *****
2023-06-05 04:02:16.536 650:link-prediction        INFO     eval_acc = 0.6473
2023-06-05 04:02:16.536 650:link-prediction        INFO     eval_f1 = 0.6428
2023-06-05 04:02:16.536 650:link-prediction        INFO     eval_mcc = 0.2947
2023-06-05 04:02:16.536 650:link-prediction        INFO     eval_precision = 0.6511
2023-06-05 04:02:16.536 650:link-prediction        INFO     eval_recall = 0.6347
2023-06-05 04:02:16.536 650:link-prediction        INFO     eval_threshold = 0.5
2023-06-05 04:02:19.306 601:link-prediction        INFO   ***** Running evaluation *****
2023-06-05 04:02:19.306 602:link-prediction        INFO     Num examples = 16450
2023-06-05 04:02:19.307 603:link-prediction        INFO     Batch size = 32
2023-06-05 04:02:28.454 648:link-prediction        INFO   ***** Eval results *****
2023-06-05 04:02:28.454 650:link-prediction        INFO     eval_acc = 0.6378
2023-06-05 04:02:28.455 650:link-prediction        INFO     eval_f1 = 0.6024
2023-06-05 04:02:28.455 650:link-prediction        INFO     eval_mcc = 0.28
2023-06-05 04:02:28.455 650:link-prediction        INFO     eval_precision = 0.6675
2023-06-05 04:02:28.455 650:link-prediction        INFO     eval_recall = 0.5489
2023-06-05 04:02:28.455 650:link-prediction        INFO     eval_threshold = 0.5
2023-06-05 04:02:31.206 601:link-prediction        INFO   ***** Running evaluation *****
2023-06-05 04:02:31.206 602:link-prediction        INFO     Num examples = 16450
2023-06-05 04:02:31.206 603:link-prediction        INFO     Batch size = 32
2023-06-05 04:02:40.401 648:link-prediction        INFO   ***** Eval results *****
2023-06-05 04:02:40.401 650:link-prediction        INFO     eval_acc = 0.6477
2023-06-05 04:02:40.401 650:link-prediction        INFO     eval_f1 = 0.6457
2023-06-05 04:02:40.401 650:link-prediction        INFO     eval_mcc = 0.2955
2023-06-05 04:02:40.401 650:link-prediction        INFO     eval_precision = 0.6494
2023-06-05 04:02:40.402 650:link-prediction        INFO     eval_recall = 0.6421
2023-06-05 04:02:40.402 650:link-prediction        INFO     eval_threshold = 0.5
2023-06-05 04:02:43.193 601:link-prediction        INFO   ***** Running evaluation *****
2023-06-05 04:02:43.193 602:link-prediction        INFO     Num examples = 16450
2023-06-05 04:02:43.193 603:link-prediction        INFO     Batch size = 32
2023-06-05 04:02:52.378 648:link-prediction        INFO   ***** Eval results *****
2023-06-05 04:02:52.378 650:link-prediction        INFO     eval_acc = 0.6511
2023-06-05 04:02:52.378 650:link-prediction        INFO     eval_f1 = 0.6587
2023-06-05 04:02:52.378 650:link-prediction        INFO     eval_mcc = 0.3024
2023-06-05 04:02:52.378 650:link-prediction        INFO     eval_precision = 0.6446
2023-06-05 04:02:52.378 650:link-prediction        INFO     eval_recall = 0.6736
2023-06-05 04:02:52.378 650:link-prediction        INFO     eval_threshold = 0.5
2023-06-05 04:02:52.379 565:link-prediction        INFO     ********************
2023-06-05 04:02:52.379 566:link-prediction        INFO     Best MCC:0.3024
2023-06-05 04:02:52.379 567:link-prediction        INFO     ********************
2023-06-05 04:02:52.379 582:link-prediction        INFO   Saving model checkpoint to ../link_prediction/poj/plm/saved_unixcodermodels/1/cfg_9/checkpoint-best-mcc/model.bin
2023-06-05 04:02:55.127 601:link-prediction        INFO   ***** Running evaluation *****
2023-06-05 04:02:55.127 602:link-prediction        INFO     Num examples = 16450
2023-06-05 04:02:55.127 603:link-prediction        INFO     Batch size = 32
2023-06-05 04:03:04.360 648:link-prediction        INFO   ***** Eval results *****
2023-06-05 04:03:04.360 650:link-prediction        INFO     eval_acc = 0.6491
2023-06-05 04:03:04.360 650:link-prediction        INFO     eval_f1 = 0.6512
2023-06-05 04:03:04.360 650:link-prediction        INFO     eval_mcc = 0.2983
2023-06-05 04:03:04.360 650:link-prediction        INFO     eval_precision = 0.6473
2023-06-05 04:03:04.360 650:link-prediction        INFO     eval_recall = 0.6552
2023-06-05 04:03:04.361 650:link-prediction        INFO     eval_threshold = 0.5
2023-06-05 04:03:04.489 671:link-prediction        INFO   ***** Running Test *****
2023-06-05 04:03:04.489 672:link-prediction        INFO     Num examples = 15388
2023-06-05 04:03:04.490 673:link-prediction        INFO     Batch size = 32
2023-06-05 04:03:13.060 714:link-prediction        INFO   ***** Test results *****
2023-06-05 04:03:13.060 716:link-prediction        INFO     eval_acc = 0.6551
2023-06-05 04:03:13.060 716:link-prediction        INFO     eval_f1 = 0.666
2023-06-05 04:03:13.060 716:link-prediction        INFO     eval_mcc = 0.3109
2023-06-05 04:03:13.060 716:link-prediction        INFO     eval_precision = 0.6457
2023-06-05 04:03:13.061 716:link-prediction        INFO     eval_recall = 0.6875
2023-06-05 04:03:13.061 716:link-prediction        INFO     eval_threshold = 0.5
