2022-08-29 06:36:05.437 669:pos-tag                DEBUG  main message
2022-08-29 06:36:05.437 675:pos-tag                WARNING device: cuda, n_gpu: 1
2022-08-29 06:36:08.625 690:pos-tag                INFO   Load Dataset
2022-08-29 06:36:08.626 694:pos-tag                INFO   Num of Class 133
2022-08-29 06:36:11.669 714:pos-tag                INFO   Finishing loading Dataset
2022-08-29 06:36:11.669 718:pos-tag                INFO   Random Initialize the encoder
2022-08-29 06:36:12.925 733:pos-tag                INFO   Probimg Model Parameters 102277
2022-08-29 06:36:12.925 734:pos-tag                INFO   Training/evaluation parameters Namespace(adam_epsilon=1e-08, config_name='microsoft/codebert-base', data_folder='../datasets/poj-104/postag/', dataset='postag', debug=False, device=device(type='cuda'), do_eval=True, do_random=True, do_test=True, do_train=True, epochs=5, eval_batch_size=32, evaluate_during_training=False, gradient_accumulation_steps=1, graph_type='ast', layer=3, learning_rate=0.001, max_code_length=512, max_grad_norm=1.0, max_steps=-1, model_name='codebert', model_name_or_path='microsoft/codebert-base', n_gpu=1, output_dir='./pos_res_poj/random/saved_codebertmodels/4/layer_3', posratio=0.5, seed=970, token_config='microsoft/codebert-base', train_batch_size=32, warmup_steps=0, weight_decay=0.0)
2022-08-29 06:36:12.926 178:pos-tag                INFO   save steps 3
2022-08-29 06:36:13.862 217:pos-tag                INFO   ***** Running training *****
2022-08-29 06:36:13.862 218:pos-tag                INFO     Num examples = 1200
2022-08-29 06:36:13.873 219:pos-tag                INFO     Num Epochs = 5
2022-08-29 06:36:13.873 220:pos-tag                INFO     Instantaneous batch size per GPU = 32
2022-08-29 06:36:13.873 224:pos-tag                INFO     Total train batch size = 32
2022-08-29 06:36:13.873 228:pos-tag                INFO     Gradient Accumulation steps = 1
2022-08-29 06:36:13.874 231:pos-tag                INFO     Total optimization steps = 190
2022-08-29 06:36:15.441 351:pos-tag                INFO   ***** Running evaluation *****
2022-08-29 06:36:15.441 352:pos-tag                INFO     Num examples = 400
2022-08-29 06:36:15.441 353:pos-tag                INFO     Batch size = 32
2022-08-29 06:36:20.156 399:pos-tag                INFO   ***** Eval results *****
2022-08-29 06:36:20.156 401:pos-tag                INFO     eval_acc = 0.0151
2022-08-29 06:36:20.157 401:pos-tag                INFO     eval_f1 = 0.0022
2022-08-29 06:36:20.157 401:pos-tag                INFO     eval_mcc = -0.0031
2022-08-29 06:36:20.157 401:pos-tag                INFO     eval_precision = 0.0109
2022-08-29 06:36:20.157 401:pos-tag                INFO     eval_recall = 0.0051
2022-08-29 06:36:20.157 293:pos-tag                INFO     ********************
2022-08-29 06:36:20.157 294:pos-tag                INFO     Best f1:0.0022
2022-08-29 06:36:20.157 295:pos-tag                INFO     ********************
2022-08-29 06:36:20.752 310:pos-tag                INFO   Saving model checkpoint to ./pos_res_poj/random/saved_codebertmodels/4/layer_3/checkpoint-best-f1/model.bin
2022-08-29 06:36:21.967 351:pos-tag                INFO   ***** Running evaluation *****
2022-08-29 06:36:21.967 352:pos-tag                INFO     Num examples = 400
2022-08-29 06:36:21.967 353:pos-tag                INFO     Batch size = 32
2022-08-29 06:36:26.685 399:pos-tag                INFO   ***** Eval results *****
2022-08-29 06:36:26.685 401:pos-tag                INFO     eval_acc = 0.0336
2022-08-29 06:36:26.685 401:pos-tag                INFO     eval_f1 = 0.0034
2022-08-29 06:36:26.685 401:pos-tag                INFO     eval_mcc = -0.0028
2022-08-29 06:36:26.685 401:pos-tag                INFO     eval_precision = 0.0099
2022-08-29 06:36:26.685 401:pos-tag                INFO     eval_recall = 0.0062
2022-08-29 06:36:26.685 293:pos-tag                INFO     ********************
2022-08-29 06:36:26.686 294:pos-tag                INFO     Best f1:0.0034
2022-08-29 06:36:26.686 295:pos-tag                INFO     ********************
2022-08-29 06:36:27.583 310:pos-tag                INFO   Saving model checkpoint to ./pos_res_poj/random/saved_codebertmodels/4/layer_3/checkpoint-best-f1/model.bin
2022-08-29 06:36:28.797 351:pos-tag                INFO   ***** Running evaluation *****
2022-08-29 06:36:28.797 352:pos-tag                INFO     Num examples = 400
2022-08-29 06:36:28.797 353:pos-tag                INFO     Batch size = 32
2022-08-29 06:36:33.510 399:pos-tag                INFO   ***** Eval results *****
2022-08-29 06:36:33.510 401:pos-tag                INFO     eval_acc = 0.0822
2022-08-29 06:36:33.510 401:pos-tag                INFO     eval_f1 = 0.0065
2022-08-29 06:36:33.510 401:pos-tag                INFO     eval_mcc = 0.0079
2022-08-29 06:36:33.510 401:pos-tag                INFO     eval_precision = 0.0132
2022-08-29 06:36:33.510 401:pos-tag                INFO     eval_recall = 0.0099
2022-08-29 06:36:33.510 293:pos-tag                INFO     ********************
2022-08-29 06:36:33.511 294:pos-tag                INFO     Best f1:0.0065
2022-08-29 06:36:33.511 295:pos-tag                INFO     ********************
2022-08-29 06:36:34.414 310:pos-tag                INFO   Saving model checkpoint to ./pos_res_poj/random/saved_codebertmodels/4/layer_3/checkpoint-best-f1/model.bin
2022-08-29 06:36:34.414 315:pos-tag                INFO     ********************
2022-08-29 06:36:34.415 316:pos-tag                INFO     Best MCC:0.0079
2022-08-29 06:36:34.415 317:pos-tag                INFO     ********************
2022-08-29 06:36:35.046 332:pos-tag                INFO   Saving model checkpoint to ./pos_res_poj/random/saved_codebertmodels/4/layer_3/checkpoint-best-mcc/model.bin
2022-08-29 06:36:36.251 351:pos-tag                INFO   ***** Running evaluation *****
2022-08-29 06:36:36.251 352:pos-tag                INFO     Num examples = 400
2022-08-29 06:36:36.251 353:pos-tag                INFO     Batch size = 32
2022-08-29 06:36:40.952 399:pos-tag                INFO   ***** Eval results *****
2022-08-29 06:36:40.952 401:pos-tag                INFO     eval_acc = 0.128
2022-08-29 06:36:40.952 401:pos-tag                INFO     eval_f1 = 0.0099
2022-08-29 06:36:40.952 401:pos-tag                INFO     eval_mcc = 0.0312
2022-08-29 06:36:40.952 401:pos-tag                INFO     eval_precision = 0.0276
2022-08-29 06:36:40.952 401:pos-tag                INFO     eval_recall = 0.0148
2022-08-29 06:36:40.953 293:pos-tag                INFO     ********************
2022-08-29 06:36:40.953 294:pos-tag                INFO     Best f1:0.0099
2022-08-29 06:36:40.953 295:pos-tag                INFO     ********************
2022-08-29 06:36:42.155 310:pos-tag                INFO   Saving model checkpoint to ./pos_res_poj/random/saved_codebertmodels/4/layer_3/checkpoint-best-f1/model.bin
2022-08-29 06:36:42.156 315:pos-tag                INFO     ********************
2022-08-29 06:36:42.156 316:pos-tag                INFO     Best MCC:0.0312
2022-08-29 06:36:42.156 317:pos-tag                INFO     ********************
2022-08-29 06:36:43.465 332:pos-tag                INFO   Saving model checkpoint to ./pos_res_poj/random/saved_codebertmodels/4/layer_3/checkpoint-best-mcc/model.bin
2022-08-29 06:36:44.693 351:pos-tag                INFO   ***** Running evaluation *****
2022-08-29 06:36:44.693 352:pos-tag                INFO     Num examples = 400
2022-08-29 06:36:44.693 353:pos-tag                INFO     Batch size = 32
2022-08-29 06:36:49.391 399:pos-tag                INFO   ***** Eval results *****
2022-08-29 06:36:49.391 401:pos-tag                INFO     eval_acc = 0.1612
2022-08-29 06:36:49.391 401:pos-tag                INFO     eval_f1 = 0.0144
2022-08-29 06:36:49.391 401:pos-tag                INFO     eval_mcc = 0.0557
2022-08-29 06:36:49.392 401:pos-tag                INFO     eval_precision = 0.0394
2022-08-29 06:36:49.392 401:pos-tag                INFO     eval_recall = 0.0199
2022-08-29 06:36:49.392 293:pos-tag                INFO     ********************
2022-08-29 06:36:49.392 294:pos-tag                INFO     Best f1:0.0144
2022-08-29 06:36:49.392 295:pos-tag                INFO     ********************
2022-08-29 06:36:50.611 310:pos-tag                INFO   Saving model checkpoint to ./pos_res_poj/random/saved_codebertmodels/4/layer_3/checkpoint-best-f1/model.bin
2022-08-29 06:36:50.611 315:pos-tag                INFO     ********************
2022-08-29 06:36:50.611 316:pos-tag                INFO     Best MCC:0.0557
2022-08-29 06:36:50.611 317:pos-tag                INFO     ********************
2022-08-29 06:36:51.461 332:pos-tag                INFO   Saving model checkpoint to ./pos_res_poj/random/saved_codebertmodels/4/layer_3/checkpoint-best-mcc/model.bin
2022-08-29 06:36:52.679 351:pos-tag                INFO   ***** Running evaluation *****
2022-08-29 06:36:52.680 352:pos-tag                INFO     Num examples = 400
2022-08-29 06:36:52.680 353:pos-tag                INFO     Batch size = 32
2022-08-29 06:36:57.371 399:pos-tag                INFO   ***** Eval results *****
2022-08-29 06:36:57.371 401:pos-tag                INFO     eval_acc = 0.1919
2022-08-29 06:36:57.371 401:pos-tag                INFO     eval_f1 = 0.02
2022-08-29 06:36:57.371 401:pos-tag                INFO     eval_mcc = 0.0857
2022-08-29 06:36:57.371 401:pos-tag                INFO     eval_precision = 0.0527
2022-08-29 06:36:57.371 401:pos-tag                INFO     eval_recall = 0.0228
2022-08-29 06:36:57.371 293:pos-tag                INFO     ********************
2022-08-29 06:36:57.371 294:pos-tag                INFO     Best f1:0.02
2022-08-29 06:36:57.371 295:pos-tag                INFO     ********************
2022-08-29 06:36:58.569 310:pos-tag                INFO   Saving model checkpoint to ./pos_res_poj/random/saved_codebertmodels/4/layer_3/checkpoint-best-f1/model.bin
2022-08-29 06:36:58.569 315:pos-tag                INFO     ********************
2022-08-29 06:36:58.569 316:pos-tag                INFO     Best MCC:0.0857
2022-08-29 06:36:58.570 317:pos-tag                INFO     ********************
2022-08-29 06:36:59.860 332:pos-tag                INFO   Saving model checkpoint to ./pos_res_poj/random/saved_codebertmodels/4/layer_3/checkpoint-best-mcc/model.bin
2022-08-29 06:37:01.088 351:pos-tag                INFO   ***** Running evaluation *****
2022-08-29 06:37:01.088 352:pos-tag                INFO     Num examples = 400
2022-08-29 06:37:01.088 353:pos-tag                INFO     Batch size = 32
2022-08-29 06:37:05.781 399:pos-tag                INFO   ***** Eval results *****
2022-08-29 06:37:05.781 401:pos-tag                INFO     eval_acc = 0.2226
2022-08-29 06:37:05.782 401:pos-tag                INFO     eval_f1 = 0.025
2022-08-29 06:37:05.782 401:pos-tag                INFO     eval_mcc = 0.1299
2022-08-29 06:37:05.782 401:pos-tag                INFO     eval_precision = 0.0753
2022-08-29 06:37:05.782 401:pos-tag                INFO     eval_recall = 0.0254
2022-08-29 06:37:05.782 293:pos-tag                INFO     ********************
2022-08-29 06:37:05.782 294:pos-tag                INFO     Best f1:0.025
2022-08-29 06:37:05.782 295:pos-tag                INFO     ********************
2022-08-29 06:37:06.766 310:pos-tag                INFO   Saving model checkpoint to ./pos_res_poj/random/saved_codebertmodels/4/layer_3/checkpoint-best-f1/model.bin
2022-08-29 06:37:06.766 315:pos-tag                INFO     ********************
2022-08-29 06:37:06.766 316:pos-tag                INFO     Best MCC:0.1299
2022-08-29 06:37:06.766 317:pos-tag                INFO     ********************
2022-08-29 06:37:07.713 332:pos-tag                INFO   Saving model checkpoint to ./pos_res_poj/random/saved_codebertmodels/4/layer_3/checkpoint-best-mcc/model.bin
2022-08-29 06:37:08.942 351:pos-tag                INFO   ***** Running evaluation *****
2022-08-29 06:37:08.942 352:pos-tag                INFO     Num examples = 400
2022-08-29 06:37:08.942 353:pos-tag                INFO     Batch size = 32
2022-08-29 06:37:13.635 399:pos-tag                INFO   ***** Eval results *****
2022-08-29 06:37:13.636 401:pos-tag                INFO     eval_acc = 0.2728
2022-08-29 06:37:13.636 401:pos-tag                INFO     eval_f1 = 0.0346
2022-08-29 06:37:13.636 401:pos-tag                INFO     eval_mcc = 0.1988
2022-08-29 06:37:13.636 401:pos-tag                INFO     eval_precision = 0.0881
2022-08-29 06:37:13.636 401:pos-tag                INFO     eval_recall = 0.0326
2022-08-29 06:37:13.636 293:pos-tag                INFO     ********************
2022-08-29 06:37:13.636 294:pos-tag                INFO     Best f1:0.0346
2022-08-29 06:37:13.636 295:pos-tag                INFO     ********************
2022-08-29 06:37:14.836 310:pos-tag                INFO   Saving model checkpoint to ./pos_res_poj/random/saved_codebertmodels/4/layer_3/checkpoint-best-f1/model.bin
2022-08-29 06:37:14.837 315:pos-tag                INFO     ********************
2022-08-29 06:37:14.837 316:pos-tag                INFO     Best MCC:0.1988
2022-08-29 06:37:14.837 317:pos-tag                INFO     ********************
2022-08-29 06:37:16.090 332:pos-tag                INFO   Saving model checkpoint to ./pos_res_poj/random/saved_codebertmodels/4/layer_3/checkpoint-best-mcc/model.bin
2022-08-29 06:37:17.312 351:pos-tag                INFO   ***** Running evaluation *****
2022-08-29 06:37:17.312 352:pos-tag                INFO     Num examples = 400
2022-08-29 06:37:17.312 353:pos-tag                INFO     Batch size = 32
2022-08-29 06:37:22.009 399:pos-tag                INFO   ***** Eval results *****
2022-08-29 06:37:22.009 401:pos-tag                INFO     eval_acc = 0.3466
2022-08-29 06:37:22.009 401:pos-tag                INFO     eval_f1 = 0.0611
2022-08-29 06:37:22.009 401:pos-tag                INFO     eval_mcc = 0.2785
2022-08-29 06:37:22.009 401:pos-tag                INFO     eval_precision = 0.112
2022-08-29 06:37:22.010 401:pos-tag                INFO     eval_recall = 0.0583
2022-08-29 06:37:22.010 293:pos-tag                INFO     ********************
2022-08-29 06:37:22.010 294:pos-tag                INFO     Best f1:0.0611
2022-08-29 06:37:22.010 295:pos-tag                INFO     ********************
2022-08-29 06:37:23.212 310:pos-tag                INFO   Saving model checkpoint to ./pos_res_poj/random/saved_codebertmodels/4/layer_3/checkpoint-best-f1/model.bin
2022-08-29 06:37:23.213 315:pos-tag                INFO     ********************
2022-08-29 06:37:23.213 316:pos-tag                INFO     Best MCC:0.2785
2022-08-29 06:37:23.213 317:pos-tag                INFO     ********************
2022-08-29 06:37:24.435 332:pos-tag                INFO   Saving model checkpoint to ./pos_res_poj/random/saved_codebertmodels/4/layer_3/checkpoint-best-mcc/model.bin
2022-08-29 06:37:25.668 351:pos-tag                INFO   ***** Running evaluation *****
2022-08-29 06:37:25.669 352:pos-tag                INFO     Num examples = 400
2022-08-29 06:37:25.669 353:pos-tag                INFO     Batch size = 32
2022-08-29 06:37:30.372 399:pos-tag                INFO   ***** Eval results *****
2022-08-29 06:37:30.373 401:pos-tag                INFO     eval_acc = 0.4212
2022-08-29 06:37:30.373 401:pos-tag                INFO     eval_f1 = 0.0958
2022-08-29 06:37:30.373 401:pos-tag                INFO     eval_mcc = 0.3615
2022-08-29 06:37:30.373 401:pos-tag                INFO     eval_precision = 0.1384
2022-08-29 06:37:30.373 401:pos-tag                INFO     eval_recall = 0.094
2022-08-29 06:37:30.373 293:pos-tag                INFO     ********************
2022-08-29 06:37:30.373 294:pos-tag                INFO     Best f1:0.0958
2022-08-29 06:37:30.373 295:pos-tag                INFO     ********************
2022-08-29 06:37:31.560 310:pos-tag                INFO   Saving model checkpoint to ./pos_res_poj/random/saved_codebertmodels/4/layer_3/checkpoint-best-f1/model.bin
2022-08-29 06:37:31.560 315:pos-tag                INFO     ********************
2022-08-29 06:37:31.560 316:pos-tag                INFO     Best MCC:0.3615
2022-08-29 06:37:31.561 317:pos-tag                INFO     ********************
2022-08-29 06:37:34.250 332:pos-tag                INFO   Saving model checkpoint to ./pos_res_poj/random/saved_codebertmodels/4/layer_3/checkpoint-best-mcc/model.bin
2022-08-29 06:37:35.475 351:pos-tag                INFO   ***** Running evaluation *****
2022-08-29 06:37:35.475 352:pos-tag                INFO     Num examples = 400
2022-08-29 06:37:35.475 353:pos-tag                INFO     Batch size = 32
2022-08-29 06:37:40.184 399:pos-tag                INFO   ***** Eval results *****
2022-08-29 06:37:40.184 401:pos-tag                INFO     eval_acc = 0.5071
2022-08-29 06:37:40.184 401:pos-tag                INFO     eval_f1 = 0.1339
2022-08-29 06:37:40.184 401:pos-tag                INFO     eval_mcc = 0.4612
2022-08-29 06:37:40.184 401:pos-tag                INFO     eval_precision = 0.2153
2022-08-29 06:37:40.184 401:pos-tag                INFO     eval_recall = 0.129
2022-08-29 06:37:40.184 293:pos-tag                INFO     ********************
2022-08-29 06:37:40.184 294:pos-tag                INFO     Best f1:0.1339
2022-08-29 06:37:40.184 295:pos-tag                INFO     ********************
2022-08-29 06:37:43.413 310:pos-tag                INFO   Saving model checkpoint to ./pos_res_poj/random/saved_codebertmodels/4/layer_3/checkpoint-best-f1/model.bin
2022-08-29 06:37:43.414 315:pos-tag                INFO     ********************
2022-08-29 06:37:43.414 316:pos-tag                INFO     Best MCC:0.4612
2022-08-29 06:37:43.414 317:pos-tag                INFO     ********************
2022-08-29 06:37:46.330 332:pos-tag                INFO   Saving model checkpoint to ./pos_res_poj/random/saved_codebertmodels/4/layer_3/checkpoint-best-mcc/model.bin
2022-08-29 06:37:47.569 351:pos-tag                INFO   ***** Running evaluation *****
2022-08-29 06:37:47.569 352:pos-tag                INFO     Num examples = 400
2022-08-29 06:37:47.569 353:pos-tag                INFO     Batch size = 32
2022-08-29 06:37:52.277 399:pos-tag                INFO   ***** Eval results *****
2022-08-29 06:37:52.277 401:pos-tag                INFO     eval_acc = 0.5692
2022-08-29 06:37:52.277 401:pos-tag                INFO     eval_f1 = 0.1737
2022-08-29 06:37:52.277 401:pos-tag                INFO     eval_mcc = 0.5342
2022-08-29 06:37:52.277 401:pos-tag                INFO     eval_precision = 0.2378
2022-08-29 06:37:52.277 401:pos-tag                INFO     eval_recall = 0.1641
2022-08-29 06:37:52.277 293:pos-tag                INFO     ********************
2022-08-29 06:37:52.277 294:pos-tag                INFO     Best f1:0.1737
2022-08-29 06:37:52.277 295:pos-tag                INFO     ********************
2022-08-29 06:37:55.509 310:pos-tag                INFO   Saving model checkpoint to ./pos_res_poj/random/saved_codebertmodels/4/layer_3/checkpoint-best-f1/model.bin
2022-08-29 06:37:55.510 315:pos-tag                INFO     ********************
2022-08-29 06:37:55.510 316:pos-tag                INFO     Best MCC:0.5342
2022-08-29 06:37:55.510 317:pos-tag                INFO     ********************
2022-08-29 06:37:58.616 332:pos-tag                INFO   Saving model checkpoint to ./pos_res_poj/random/saved_codebertmodels/4/layer_3/checkpoint-best-mcc/model.bin
2022-08-29 06:37:59.650 351:pos-tag                INFO   ***** Running evaluation *****
2022-08-29 06:37:59.650 352:pos-tag                INFO     Num examples = 400
2022-08-29 06:37:59.650 353:pos-tag                INFO     Batch size = 32
2022-08-29 06:38:04.355 399:pos-tag                INFO   ***** Eval results *****
2022-08-29 06:38:04.355 401:pos-tag                INFO     eval_acc = 0.5841
2022-08-29 06:38:04.355 401:pos-tag                INFO     eval_f1 = 0.186
2022-08-29 06:38:04.355 401:pos-tag                INFO     eval_mcc = 0.5535
2022-08-29 06:38:04.355 401:pos-tag                INFO     eval_precision = 0.2603
2022-08-29 06:38:04.355 401:pos-tag                INFO     eval_recall = 0.1791
2022-08-29 06:38:04.356 293:pos-tag                INFO     ********************
2022-08-29 06:38:04.356 294:pos-tag                INFO     Best f1:0.186
2022-08-29 06:38:04.356 295:pos-tag                INFO     ********************
2022-08-29 06:38:07.930 310:pos-tag                INFO   Saving model checkpoint to ./pos_res_poj/random/saved_codebertmodels/4/layer_3/checkpoint-best-f1/model.bin
2022-08-29 06:38:07.930 315:pos-tag                INFO     ********************
2022-08-29 06:38:07.930 316:pos-tag                INFO     Best MCC:0.5535
2022-08-29 06:38:07.930 317:pos-tag                INFO     ********************
2022-08-29 06:38:10.953 332:pos-tag                INFO   Saving model checkpoint to ./pos_res_poj/random/saved_codebertmodels/4/layer_3/checkpoint-best-mcc/model.bin
2022-08-29 06:38:12.187 351:pos-tag                INFO   ***** Running evaluation *****
2022-08-29 06:38:12.187 352:pos-tag                INFO     Num examples = 400
2022-08-29 06:38:12.187 353:pos-tag                INFO     Batch size = 32
2022-08-29 06:38:16.892 399:pos-tag                INFO   ***** Eval results *****
2022-08-29 06:38:16.892 401:pos-tag                INFO     eval_acc = 0.5901
2022-08-29 06:38:16.892 401:pos-tag                INFO     eval_f1 = 0.1937
2022-08-29 06:38:16.892 401:pos-tag                INFO     eval_mcc = 0.5593
2022-08-29 06:38:16.892 401:pos-tag                INFO     eval_precision = 0.2656
2022-08-29 06:38:16.893 401:pos-tag                INFO     eval_recall = 0.1848
2022-08-29 06:38:16.893 293:pos-tag                INFO     ********************
2022-08-29 06:38:16.893 294:pos-tag                INFO     Best f1:0.1937
2022-08-29 06:38:16.893 295:pos-tag                INFO     ********************
2022-08-29 06:38:20.264 310:pos-tag                INFO   Saving model checkpoint to ./pos_res_poj/random/saved_codebertmodels/4/layer_3/checkpoint-best-f1/model.bin
2022-08-29 06:38:20.265 315:pos-tag                INFO     ********************
2022-08-29 06:38:20.265 316:pos-tag                INFO     Best MCC:0.5593
2022-08-29 06:38:20.265 317:pos-tag                INFO     ********************
2022-08-29 06:38:22.956 332:pos-tag                INFO   Saving model checkpoint to ./pos_res_poj/random/saved_codebertmodels/4/layer_3/checkpoint-best-mcc/model.bin
2022-08-29 06:38:24.200 351:pos-tag                INFO   ***** Running evaluation *****
2022-08-29 06:38:24.200 352:pos-tag                INFO     Num examples = 400
2022-08-29 06:38:24.200 353:pos-tag                INFO     Batch size = 32
2022-08-29 06:38:28.905 399:pos-tag                INFO   ***** Eval results *****
2022-08-29 06:38:28.905 401:pos-tag                INFO     eval_acc = 0.6023
2022-08-29 06:38:28.905 401:pos-tag                INFO     eval_f1 = 0.2077
2022-08-29 06:38:28.905 401:pos-tag                INFO     eval_mcc = 0.5709
2022-08-29 06:38:28.905 401:pos-tag                INFO     eval_precision = 0.2643
2022-08-29 06:38:28.905 401:pos-tag                INFO     eval_recall = 0.1975
2022-08-29 06:38:28.905 293:pos-tag                INFO     ********************
2022-08-29 06:38:28.906 294:pos-tag                INFO     Best f1:0.2077
2022-08-29 06:38:28.906 295:pos-tag                INFO     ********************
2022-08-29 06:38:32.175 310:pos-tag                INFO   Saving model checkpoint to ./pos_res_poj/random/saved_codebertmodels/4/layer_3/checkpoint-best-f1/model.bin
2022-08-29 06:38:32.175 315:pos-tag                INFO     ********************
2022-08-29 06:38:32.175 316:pos-tag                INFO     Best MCC:0.5709
2022-08-29 06:38:32.176 317:pos-tag                INFO     ********************
2022-08-29 06:38:35.191 332:pos-tag                INFO   Saving model checkpoint to ./pos_res_poj/random/saved_codebertmodels/4/layer_3/checkpoint-best-mcc/model.bin
2022-08-29 06:38:36.431 351:pos-tag                INFO   ***** Running evaluation *****
2022-08-29 06:38:36.432 352:pos-tag                INFO     Num examples = 400
2022-08-29 06:38:36.432 353:pos-tag                INFO     Batch size = 32
2022-08-29 06:38:41.141 399:pos-tag                INFO   ***** Eval results *****
2022-08-29 06:38:41.141 401:pos-tag                INFO     eval_acc = 0.6103
2022-08-29 06:38:41.142 401:pos-tag                INFO     eval_f1 = 0.2222
2022-08-29 06:38:41.142 401:pos-tag                INFO     eval_mcc = 0.5782
2022-08-29 06:38:41.142 401:pos-tag                INFO     eval_precision = 0.2929
2022-08-29 06:38:41.142 401:pos-tag                INFO     eval_recall = 0.2114
2022-08-29 06:38:41.142 293:pos-tag                INFO     ********************
2022-08-29 06:38:41.142 294:pos-tag                INFO     Best f1:0.2222
2022-08-29 06:38:41.142 295:pos-tag                INFO     ********************
2022-08-29 06:38:44.281 310:pos-tag                INFO   Saving model checkpoint to ./pos_res_poj/random/saved_codebertmodels/4/layer_3/checkpoint-best-f1/model.bin
2022-08-29 06:38:44.281 315:pos-tag                INFO     ********************
2022-08-29 06:38:44.281 316:pos-tag                INFO     Best MCC:0.5782
2022-08-29 06:38:44.282 317:pos-tag                INFO     ********************
2022-08-29 06:38:47.023 332:pos-tag                INFO   Saving model checkpoint to ./pos_res_poj/random/saved_codebertmodels/4/layer_3/checkpoint-best-mcc/model.bin
2022-08-29 06:38:48.250 351:pos-tag                INFO   ***** Running evaluation *****
2022-08-29 06:38:48.250 352:pos-tag                INFO     Num examples = 400
2022-08-29 06:38:48.250 353:pos-tag                INFO     Batch size = 32
2022-08-29 06:38:52.966 399:pos-tag                INFO   ***** Eval results *****
2022-08-29 06:38:52.966 401:pos-tag                INFO     eval_acc = 0.6145
2022-08-29 06:38:52.966 401:pos-tag                INFO     eval_f1 = 0.2385
2022-08-29 06:38:52.966 401:pos-tag                INFO     eval_mcc = 0.5825
2022-08-29 06:38:52.966 401:pos-tag                INFO     eval_precision = 0.2974
2022-08-29 06:38:52.966 401:pos-tag                INFO     eval_recall = 0.2243
2022-08-29 06:38:52.966 293:pos-tag                INFO     ********************
2022-08-29 06:38:52.967 294:pos-tag                INFO     Best f1:0.2385
2022-08-29 06:38:52.967 295:pos-tag                INFO     ********************
2022-08-29 06:38:54.253 310:pos-tag                INFO   Saving model checkpoint to ./pos_res_poj/random/saved_codebertmodels/4/layer_3/checkpoint-best-f1/model.bin
2022-08-29 06:38:54.254 315:pos-tag                INFO     ********************
2022-08-29 06:38:54.254 316:pos-tag                INFO     Best MCC:0.5825
2022-08-29 06:38:54.254 317:pos-tag                INFO     ********************
2022-08-29 06:38:56.105 332:pos-tag                INFO   Saving model checkpoint to ./pos_res_poj/random/saved_codebertmodels/4/layer_3/checkpoint-best-mcc/model.bin
2022-08-29 06:38:57.742 351:pos-tag                INFO   ***** Running evaluation *****
2022-08-29 06:38:57.742 352:pos-tag                INFO     Num examples = 400
2022-08-29 06:38:57.742 353:pos-tag                INFO     Batch size = 32
2022-08-29 06:39:02.456 399:pos-tag                INFO   ***** Eval results *****
2022-08-29 06:39:02.456 401:pos-tag                INFO     eval_acc = 0.6164
2022-08-29 06:39:02.456 401:pos-tag                INFO     eval_f1 = 0.2445
2022-08-29 06:39:02.456 401:pos-tag                INFO     eval_mcc = 0.5857
2022-08-29 06:39:02.456 401:pos-tag                INFO     eval_precision = 0.314
2022-08-29 06:39:02.456 401:pos-tag                INFO     eval_recall = 0.2359
2022-08-29 06:39:02.457 293:pos-tag                INFO     ********************
2022-08-29 06:39:02.457 294:pos-tag                INFO     Best f1:0.2445
2022-08-29 06:39:02.457 295:pos-tag                INFO     ********************
2022-08-29 06:39:05.509 310:pos-tag                INFO   Saving model checkpoint to ./pos_res_poj/random/saved_codebertmodels/4/layer_3/checkpoint-best-f1/model.bin
2022-08-29 06:39:05.509 315:pos-tag                INFO     ********************
2022-08-29 06:39:05.509 316:pos-tag                INFO     Best MCC:0.5857
2022-08-29 06:39:05.510 317:pos-tag                INFO     ********************
2022-08-29 06:39:08.107 332:pos-tag                INFO   Saving model checkpoint to ./pos_res_poj/random/saved_codebertmodels/4/layer_3/checkpoint-best-mcc/model.bin
2022-08-29 06:39:09.337 351:pos-tag                INFO   ***** Running evaluation *****
2022-08-29 06:39:09.337 352:pos-tag                INFO     Num examples = 400
2022-08-29 06:39:09.337 353:pos-tag                INFO     Batch size = 32
2022-08-29 06:39:14.052 399:pos-tag                INFO   ***** Eval results *****
2022-08-29 06:39:14.052 401:pos-tag                INFO     eval_acc = 0.6217
2022-08-29 06:39:14.052 401:pos-tag                INFO     eval_f1 = 0.2501
2022-08-29 06:39:14.052 401:pos-tag                INFO     eval_mcc = 0.5909
2022-08-29 06:39:14.052 401:pos-tag                INFO     eval_precision = 0.3304
2022-08-29 06:39:14.052 401:pos-tag                INFO     eval_recall = 0.2438
2022-08-29 06:39:14.052 293:pos-tag                INFO     ********************
2022-08-29 06:39:14.052 294:pos-tag                INFO     Best f1:0.2501
2022-08-29 06:39:14.052 295:pos-tag                INFO     ********************
2022-08-29 06:39:16.968 310:pos-tag                INFO   Saving model checkpoint to ./pos_res_poj/random/saved_codebertmodels/4/layer_3/checkpoint-best-f1/model.bin
2022-08-29 06:39:16.969 315:pos-tag                INFO     ********************
2022-08-29 06:39:16.969 316:pos-tag                INFO     Best MCC:0.5909
2022-08-29 06:39:16.969 317:pos-tag                INFO     ********************
2022-08-29 06:39:19.629 332:pos-tag                INFO   Saving model checkpoint to ./pos_res_poj/random/saved_codebertmodels/4/layer_3/checkpoint-best-mcc/model.bin
2022-08-29 06:39:20.851 351:pos-tag                INFO   ***** Running evaluation *****
2022-08-29 06:39:20.851 352:pos-tag                INFO     Num examples = 400
2022-08-29 06:39:20.851 353:pos-tag                INFO     Batch size = 32
2022-08-29 06:39:25.570 399:pos-tag                INFO   ***** Eval results *****
2022-08-29 06:39:25.570 401:pos-tag                INFO     eval_acc = 0.6247
2022-08-29 06:39:25.570 401:pos-tag                INFO     eval_f1 = 0.2561
2022-08-29 06:39:25.571 401:pos-tag                INFO     eval_mcc = 0.5922
2022-08-29 06:39:25.571 401:pos-tag                INFO     eval_precision = 0.3291
2022-08-29 06:39:25.571 401:pos-tag                INFO     eval_recall = 0.2492
2022-08-29 06:39:25.571 293:pos-tag                INFO     ********************
2022-08-29 06:39:25.571 294:pos-tag                INFO     Best f1:0.2561
2022-08-29 06:39:25.571 295:pos-tag                INFO     ********************
2022-08-29 06:39:27.964 310:pos-tag                INFO   Saving model checkpoint to ./pos_res_poj/random/saved_codebertmodels/4/layer_3/checkpoint-best-f1/model.bin
2022-08-29 06:39:27.964 315:pos-tag                INFO     ********************
2022-08-29 06:39:27.965 316:pos-tag                INFO     Best MCC:0.5922
2022-08-29 06:39:27.965 317:pos-tag                INFO     ********************
2022-08-29 06:39:29.551 332:pos-tag                INFO   Saving model checkpoint to ./pos_res_poj/random/saved_codebertmodels/4/layer_3/checkpoint-best-mcc/model.bin
2022-08-29 06:39:30.777 351:pos-tag                INFO   ***** Running evaluation *****
2022-08-29 06:39:30.778 352:pos-tag                INFO     Num examples = 400
2022-08-29 06:39:30.778 353:pos-tag                INFO     Batch size = 32
2022-08-29 06:39:35.483 399:pos-tag                INFO   ***** Eval results *****
2022-08-29 06:39:35.484 401:pos-tag                INFO     eval_acc = 0.6276
2022-08-29 06:39:35.484 401:pos-tag                INFO     eval_f1 = 0.2613
2022-08-29 06:39:35.484 401:pos-tag                INFO     eval_mcc = 0.595
2022-08-29 06:39:35.484 401:pos-tag                INFO     eval_precision = 0.325
2022-08-29 06:39:35.484 401:pos-tag                INFO     eval_recall = 0.2538
2022-08-29 06:39:35.484 293:pos-tag                INFO     ********************
2022-08-29 06:39:35.484 294:pos-tag                INFO     Best f1:0.2613
2022-08-29 06:39:35.484 295:pos-tag                INFO     ********************
2022-08-29 06:39:36.778 310:pos-tag                INFO   Saving model checkpoint to ./pos_res_poj/random/saved_codebertmodels/4/layer_3/checkpoint-best-f1/model.bin
2022-08-29 06:39:36.778 315:pos-tag                INFO     ********************
2022-08-29 06:39:36.778 316:pos-tag                INFO     Best MCC:0.595
2022-08-29 06:39:36.778 317:pos-tag                INFO     ********************
2022-08-29 06:39:38.329 332:pos-tag                INFO   Saving model checkpoint to ./pos_res_poj/random/saved_codebertmodels/4/layer_3/checkpoint-best-mcc/model.bin
2022-08-29 06:39:39.574 351:pos-tag                INFO   ***** Running evaluation *****
2022-08-29 06:39:39.574 352:pos-tag                INFO     Num examples = 400
2022-08-29 06:39:39.574 353:pos-tag                INFO     Batch size = 32
2022-08-29 06:39:44.282 399:pos-tag                INFO   ***** Eval results *****
2022-08-29 06:39:44.282 401:pos-tag                INFO     eval_acc = 0.6288
2022-08-29 06:39:44.282 401:pos-tag                INFO     eval_f1 = 0.2639
2022-08-29 06:39:44.282 401:pos-tag                INFO     eval_mcc = 0.5984
2022-08-29 06:39:44.282 401:pos-tag                INFO     eval_precision = 0.3268
2022-08-29 06:39:44.282 401:pos-tag                INFO     eval_recall = 0.2569
2022-08-29 06:39:44.283 293:pos-tag                INFO     ********************
2022-08-29 06:39:44.283 294:pos-tag                INFO     Best f1:0.2639
2022-08-29 06:39:44.283 295:pos-tag                INFO     ********************
2022-08-29 06:39:45.584 310:pos-tag                INFO   Saving model checkpoint to ./pos_res_poj/random/saved_codebertmodels/4/layer_3/checkpoint-best-f1/model.bin
2022-08-29 06:39:45.585 315:pos-tag                INFO     ********************
2022-08-29 06:39:45.585 316:pos-tag                INFO     Best MCC:0.5984
2022-08-29 06:39:45.585 317:pos-tag                INFO     ********************
2022-08-29 06:39:47.106 332:pos-tag                INFO   Saving model checkpoint to ./pos_res_poj/random/saved_codebertmodels/4/layer_3/checkpoint-best-mcc/model.bin
2022-08-29 06:39:48.350 351:pos-tag                INFO   ***** Running evaluation *****
2022-08-29 06:39:48.351 352:pos-tag                INFO     Num examples = 400
2022-08-29 06:39:48.351 353:pos-tag                INFO     Batch size = 32
2022-08-29 06:39:53.063 399:pos-tag                INFO   ***** Eval results *****
2022-08-29 06:39:53.063 401:pos-tag                INFO     eval_acc = 0.6282
2022-08-29 06:39:53.063 401:pos-tag                INFO     eval_f1 = 0.2641
2022-08-29 06:39:53.064 401:pos-tag                INFO     eval_mcc = 0.5983
2022-08-29 06:39:53.064 401:pos-tag                INFO     eval_precision = 0.334
2022-08-29 06:39:53.064 401:pos-tag                INFO     eval_recall = 0.2574
2022-08-29 06:39:53.064 293:pos-tag                INFO     ********************
2022-08-29 06:39:53.064 294:pos-tag                INFO     Best f1:0.2641
2022-08-29 06:39:53.064 295:pos-tag                INFO     ********************
2022-08-29 06:39:54.342 310:pos-tag                INFO   Saving model checkpoint to ./pos_res_poj/random/saved_codebertmodels/4/layer_3/checkpoint-best-f1/model.bin
2022-08-29 06:39:55.551 351:pos-tag                INFO   ***** Running evaluation *****
2022-08-29 06:39:55.551 352:pos-tag                INFO     Num examples = 400
2022-08-29 06:39:55.551 353:pos-tag                INFO     Batch size = 32
2022-08-29 06:40:00.261 399:pos-tag                INFO   ***** Eval results *****
2022-08-29 06:40:00.261 401:pos-tag                INFO     eval_acc = 0.6324
2022-08-29 06:40:00.261 401:pos-tag                INFO     eval_f1 = 0.2671
2022-08-29 06:40:00.261 401:pos-tag                INFO     eval_mcc = 0.601
2022-08-29 06:40:00.261 401:pos-tag                INFO     eval_precision = 0.336
2022-08-29 06:40:00.261 401:pos-tag                INFO     eval_recall = 0.2587
2022-08-29 06:40:00.261 293:pos-tag                INFO     ********************
2022-08-29 06:40:00.261 294:pos-tag                INFO     Best f1:0.2671
2022-08-29 06:40:00.261 295:pos-tag                INFO     ********************
2022-08-29 06:40:03.263 310:pos-tag                INFO   Saving model checkpoint to ./pos_res_poj/random/saved_codebertmodels/4/layer_3/checkpoint-best-f1/model.bin
2022-08-29 06:40:03.264 315:pos-tag                INFO     ********************
2022-08-29 06:40:03.264 316:pos-tag                INFO     Best MCC:0.601
2022-08-29 06:40:03.264 317:pos-tag                INFO     ********************
2022-08-29 06:40:05.936 332:pos-tag                INFO   Saving model checkpoint to ./pos_res_poj/random/saved_codebertmodels/4/layer_3/checkpoint-best-mcc/model.bin
2022-08-29 06:40:07.165 351:pos-tag                INFO   ***** Running evaluation *****
2022-08-29 06:40:07.165 352:pos-tag                INFO     Num examples = 400
2022-08-29 06:40:07.165 353:pos-tag                INFO     Batch size = 32
2022-08-29 06:40:11.872 399:pos-tag                INFO   ***** Eval results *****
2022-08-29 06:40:11.872 401:pos-tag                INFO     eval_acc = 0.6343
2022-08-29 06:40:11.872 401:pos-tag                INFO     eval_f1 = 0.2701
2022-08-29 06:40:11.872 401:pos-tag                INFO     eval_mcc = 0.6025
2022-08-29 06:40:11.873 401:pos-tag                INFO     eval_precision = 0.3365
2022-08-29 06:40:11.873 401:pos-tag                INFO     eval_recall = 0.2594
2022-08-29 06:40:11.873 293:pos-tag                INFO     ********************
2022-08-29 06:40:11.873 294:pos-tag                INFO     Best f1:0.2701
2022-08-29 06:40:11.873 295:pos-tag                INFO     ********************
2022-08-29 06:40:14.909 310:pos-tag                INFO   Saving model checkpoint to ./pos_res_poj/random/saved_codebertmodels/4/layer_3/checkpoint-best-f1/model.bin
2022-08-29 06:40:14.910 315:pos-tag                INFO     ********************
2022-08-29 06:40:14.910 316:pos-tag                INFO     Best MCC:0.6025
2022-08-29 06:40:14.910 317:pos-tag                INFO     ********************
2022-08-29 06:40:17.640 332:pos-tag                INFO   Saving model checkpoint to ./pos_res_poj/random/saved_codebertmodels/4/layer_3/checkpoint-best-mcc/model.bin
2022-08-29 06:40:18.675 351:pos-tag                INFO   ***** Running evaluation *****
2022-08-29 06:40:18.675 352:pos-tag                INFO     Num examples = 400
2022-08-29 06:40:18.675 353:pos-tag                INFO     Batch size = 32
2022-08-29 06:40:23.383 399:pos-tag                INFO   ***** Eval results *****
2022-08-29 06:40:23.383 401:pos-tag                INFO     eval_acc = 0.6391
2022-08-29 06:40:23.383 401:pos-tag                INFO     eval_f1 = 0.2715
2022-08-29 06:40:23.383 401:pos-tag                INFO     eval_mcc = 0.609
2022-08-29 06:40:23.383 401:pos-tag                INFO     eval_precision = 0.3534
2022-08-29 06:40:23.383 401:pos-tag                INFO     eval_recall = 0.2617
2022-08-29 06:40:23.384 293:pos-tag                INFO     ********************
2022-08-29 06:40:23.384 294:pos-tag                INFO     Best f1:0.2715
2022-08-29 06:40:23.384 295:pos-tag                INFO     ********************
2022-08-29 06:40:25.649 310:pos-tag                INFO   Saving model checkpoint to ./pos_res_poj/random/saved_codebertmodels/4/layer_3/checkpoint-best-f1/model.bin
2022-08-29 06:40:25.649 315:pos-tag                INFO     ********************
2022-08-29 06:40:25.649 316:pos-tag                INFO     Best MCC:0.609
2022-08-29 06:40:25.650 317:pos-tag                INFO     ********************
2022-08-29 06:40:27.322 332:pos-tag                INFO   Saving model checkpoint to ./pos_res_poj/random/saved_codebertmodels/4/layer_3/checkpoint-best-mcc/model.bin
2022-08-29 06:40:28.541 351:pos-tag                INFO   ***** Running evaluation *****
2022-08-29 06:40:28.541 352:pos-tag                INFO     Num examples = 400
2022-08-29 06:40:28.541 353:pos-tag                INFO     Batch size = 32
2022-08-29 06:40:33.246 399:pos-tag                INFO   ***** Eval results *****
2022-08-29 06:40:33.246 401:pos-tag                INFO     eval_acc = 0.6383
2022-08-29 06:40:33.246 401:pos-tag                INFO     eval_f1 = 0.2728
2022-08-29 06:40:33.246 401:pos-tag                INFO     eval_mcc = 0.6092
2022-08-29 06:40:33.246 401:pos-tag                INFO     eval_precision = 0.3579
2022-08-29 06:40:33.246 401:pos-tag                INFO     eval_recall = 0.2621
2022-08-29 06:40:33.246 293:pos-tag                INFO     ********************
2022-08-29 06:40:33.246 294:pos-tag                INFO     Best f1:0.2728
2022-08-29 06:40:33.246 295:pos-tag                INFO     ********************
2022-08-29 06:40:35.988 310:pos-tag                INFO   Saving model checkpoint to ./pos_res_poj/random/saved_codebertmodels/4/layer_3/checkpoint-best-f1/model.bin
2022-08-29 06:40:35.988 315:pos-tag                INFO     ********************
2022-08-29 06:40:35.989 316:pos-tag                INFO     Best MCC:0.6092
2022-08-29 06:40:35.989 317:pos-tag                INFO     ********************
2022-08-29 06:40:37.206 332:pos-tag                INFO   Saving model checkpoint to ./pos_res_poj/random/saved_codebertmodels/4/layer_3/checkpoint-best-mcc/model.bin
2022-08-29 06:40:38.459 351:pos-tag                INFO   ***** Running evaluation *****
2022-08-29 06:40:38.459 352:pos-tag                INFO     Num examples = 400
2022-08-29 06:40:38.459 353:pos-tag                INFO     Batch size = 32
2022-08-29 06:40:43.169 399:pos-tag                INFO   ***** Eval results *****
2022-08-29 06:40:43.169 401:pos-tag                INFO     eval_acc = 0.637
2022-08-29 06:40:43.169 401:pos-tag                INFO     eval_f1 = 0.2813
2022-08-29 06:40:43.169 401:pos-tag                INFO     eval_mcc = 0.6073
2022-08-29 06:40:43.169 401:pos-tag                INFO     eval_precision = 0.372
2022-08-29 06:40:43.169 401:pos-tag                INFO     eval_recall = 0.2681
2022-08-29 06:40:43.169 293:pos-tag                INFO     ********************
2022-08-29 06:40:43.169 294:pos-tag                INFO     Best f1:0.2813
2022-08-29 06:40:43.170 295:pos-tag                INFO     ********************
2022-08-29 06:40:44.029 310:pos-tag                INFO   Saving model checkpoint to ./pos_res_poj/random/saved_codebertmodels/4/layer_3/checkpoint-best-f1/model.bin
2022-08-29 06:40:45.242 351:pos-tag                INFO   ***** Running evaluation *****
2022-08-29 06:40:45.242 352:pos-tag                INFO     Num examples = 400
2022-08-29 06:40:45.243 353:pos-tag                INFO     Batch size = 32
2022-08-29 06:40:49.955 399:pos-tag                INFO   ***** Eval results *****
2022-08-29 06:40:49.955 401:pos-tag                INFO     eval_acc = 0.6386
2022-08-29 06:40:49.955 401:pos-tag                INFO     eval_f1 = 0.2834
2022-08-29 06:40:49.955 401:pos-tag                INFO     eval_mcc = 0.6081
2022-08-29 06:40:49.955 401:pos-tag                INFO     eval_precision = 0.3813
2022-08-29 06:40:49.955 401:pos-tag                INFO     eval_recall = 0.2698
2022-08-29 06:40:49.956 293:pos-tag                INFO     ********************
2022-08-29 06:40:49.956 294:pos-tag                INFO     Best f1:0.2834
2022-08-29 06:40:49.956 295:pos-tag                INFO     ********************
2022-08-29 06:40:51.141 310:pos-tag                INFO   Saving model checkpoint to ./pos_res_poj/random/saved_codebertmodels/4/layer_3/checkpoint-best-f1/model.bin
2022-08-29 06:40:52.350 351:pos-tag                INFO   ***** Running evaluation *****
2022-08-29 06:40:52.351 352:pos-tag                INFO     Num examples = 400
2022-08-29 06:40:52.351 353:pos-tag                INFO     Batch size = 32
2022-08-29 06:40:57.065 399:pos-tag                INFO   ***** Eval results *****
2022-08-29 06:40:57.065 401:pos-tag                INFO     eval_acc = 0.6408
2022-08-29 06:40:57.065 401:pos-tag                INFO     eval_f1 = 0.2845
2022-08-29 06:40:57.065 401:pos-tag                INFO     eval_mcc = 0.6104
2022-08-29 06:40:57.065 401:pos-tag                INFO     eval_precision = 0.3781
2022-08-29 06:40:57.065 401:pos-tag                INFO     eval_recall = 0.2699
2022-08-29 06:40:57.065 293:pos-tag                INFO     ********************
2022-08-29 06:40:57.065 294:pos-tag                INFO     Best f1:0.2845
2022-08-29 06:40:57.066 295:pos-tag                INFO     ********************
2022-08-29 06:40:58.272 310:pos-tag                INFO   Saving model checkpoint to ./pos_res_poj/random/saved_codebertmodels/4/layer_3/checkpoint-best-f1/model.bin
2022-08-29 06:40:58.273 315:pos-tag                INFO     ********************
2022-08-29 06:40:58.273 316:pos-tag                INFO     Best MCC:0.6104
2022-08-29 06:40:58.273 317:pos-tag                INFO     ********************
2022-08-29 06:40:59.209 332:pos-tag                INFO   Saving model checkpoint to ./pos_res_poj/random/saved_codebertmodels/4/layer_3/checkpoint-best-mcc/model.bin
2022-08-29 06:41:00.438 351:pos-tag                INFO   ***** Running evaluation *****
2022-08-29 06:41:00.438 352:pos-tag                INFO     Num examples = 400
2022-08-29 06:41:00.438 353:pos-tag                INFO     Batch size = 32
2022-08-29 06:41:05.149 399:pos-tag                INFO   ***** Eval results *****
2022-08-29 06:41:05.149 401:pos-tag                INFO     eval_acc = 0.6443
2022-08-29 06:41:05.149 401:pos-tag                INFO     eval_f1 = 0.2881
2022-08-29 06:41:05.149 401:pos-tag                INFO     eval_mcc = 0.6148
2022-08-29 06:41:05.149 401:pos-tag                INFO     eval_precision = 0.3815
2022-08-29 06:41:05.149 401:pos-tag                INFO     eval_recall = 0.2724
2022-08-29 06:41:05.149 293:pos-tag                INFO     ********************
2022-08-29 06:41:05.149 294:pos-tag                INFO     Best f1:0.2881
2022-08-29 06:41:05.149 295:pos-tag                INFO     ********************
2022-08-29 06:41:06.333 310:pos-tag                INFO   Saving model checkpoint to ./pos_res_poj/random/saved_codebertmodels/4/layer_3/checkpoint-best-f1/model.bin
2022-08-29 06:41:06.334 315:pos-tag                INFO     ********************
2022-08-29 06:41:06.334 316:pos-tag                INFO     Best MCC:0.6148
2022-08-29 06:41:06.334 317:pos-tag                INFO     ********************
2022-08-29 06:41:07.615 332:pos-tag                INFO   Saving model checkpoint to ./pos_res_poj/random/saved_codebertmodels/4/layer_3/checkpoint-best-mcc/model.bin
2022-08-29 06:41:08.846 351:pos-tag                INFO   ***** Running evaluation *****
2022-08-29 06:41:08.847 352:pos-tag                INFO     Num examples = 400
2022-08-29 06:41:08.847 353:pos-tag                INFO     Batch size = 32
2022-08-29 06:41:13.562 399:pos-tag                INFO   ***** Eval results *****
2022-08-29 06:41:13.562 401:pos-tag                INFO     eval_acc = 0.6464
2022-08-29 06:41:13.562 401:pos-tag                INFO     eval_f1 = 0.2915
2022-08-29 06:41:13.562 401:pos-tag                INFO     eval_mcc = 0.6174
2022-08-29 06:41:13.562 401:pos-tag                INFO     eval_precision = 0.3859
2022-08-29 06:41:13.563 401:pos-tag                INFO     eval_recall = 0.2761
2022-08-29 06:41:13.563 293:pos-tag                INFO     ********************
2022-08-29 06:41:13.563 294:pos-tag                INFO     Best f1:0.2915
2022-08-29 06:41:13.563 295:pos-tag                INFO     ********************
2022-08-29 06:41:14.746 310:pos-tag                INFO   Saving model checkpoint to ./pos_res_poj/random/saved_codebertmodels/4/layer_3/checkpoint-best-f1/model.bin
2022-08-29 06:41:14.746 315:pos-tag                INFO     ********************
2022-08-29 06:41:14.746 316:pos-tag                INFO     Best MCC:0.6174
2022-08-29 06:41:14.747 317:pos-tag                INFO     ********************
2022-08-29 06:41:15.665 332:pos-tag                INFO   Saving model checkpoint to ./pos_res_poj/random/saved_codebertmodels/4/layer_3/checkpoint-best-mcc/model.bin
2022-08-29 06:41:16.889 351:pos-tag                INFO   ***** Running evaluation *****
2022-08-29 06:41:16.889 352:pos-tag                INFO     Num examples = 400
2022-08-29 06:41:16.889 353:pos-tag                INFO     Batch size = 32
2022-08-29 06:41:21.606 399:pos-tag                INFO   ***** Eval results *****
2022-08-29 06:41:21.606 401:pos-tag                INFO     eval_acc = 0.6448
2022-08-29 06:41:21.606 401:pos-tag                INFO     eval_f1 = 0.2918
2022-08-29 06:41:21.606 401:pos-tag                INFO     eval_mcc = 0.6144
2022-08-29 06:41:21.606 401:pos-tag                INFO     eval_precision = 0.3699
2022-08-29 06:41:21.607 401:pos-tag                INFO     eval_recall = 0.2765
2022-08-29 06:41:21.607 293:pos-tag                INFO     ********************
2022-08-29 06:41:21.607 294:pos-tag                INFO     Best f1:0.2918
2022-08-29 06:41:21.607 295:pos-tag                INFO     ********************
2022-08-29 06:41:22.470 310:pos-tag                INFO   Saving model checkpoint to ./pos_res_poj/random/saved_codebertmodels/4/layer_3/checkpoint-best-f1/model.bin
2022-08-29 06:41:23.684 351:pos-tag                INFO   ***** Running evaluation *****
2022-08-29 06:41:23.684 352:pos-tag                INFO     Num examples = 400
2022-08-29 06:41:23.684 353:pos-tag                INFO     Batch size = 32
2022-08-29 06:41:28.401 399:pos-tag                INFO   ***** Eval results *****
2022-08-29 06:41:28.401 401:pos-tag                INFO     eval_acc = 0.6472
2022-08-29 06:41:28.401 401:pos-tag                INFO     eval_f1 = 0.292
2022-08-29 06:41:28.401 401:pos-tag                INFO     eval_mcc = 0.6172
2022-08-29 06:41:28.401 401:pos-tag                INFO     eval_precision = 0.3823
2022-08-29 06:41:28.401 401:pos-tag                INFO     eval_recall = 0.2771
2022-08-29 06:41:28.401 293:pos-tag                INFO     ********************
2022-08-29 06:41:28.401 294:pos-tag                INFO     Best f1:0.292
2022-08-29 06:41:28.401 295:pos-tag                INFO     ********************
2022-08-29 06:41:29.301 310:pos-tag                INFO   Saving model checkpoint to ./pos_res_poj/random/saved_codebertmodels/4/layer_3/checkpoint-best-f1/model.bin
2022-08-29 06:41:30.516 351:pos-tag                INFO   ***** Running evaluation *****
2022-08-29 06:41:30.516 352:pos-tag                INFO     Num examples = 400
2022-08-29 06:41:30.516 353:pos-tag                INFO     Batch size = 32
2022-08-29 06:41:35.238 399:pos-tag                INFO   ***** Eval results *****
2022-08-29 06:41:35.238 401:pos-tag                INFO     eval_acc = 0.6479
2022-08-29 06:41:35.238 401:pos-tag                INFO     eval_f1 = 0.2935
2022-08-29 06:41:35.238 401:pos-tag                INFO     eval_mcc = 0.6182
2022-08-29 06:41:35.238 401:pos-tag                INFO     eval_precision = 0.38
2022-08-29 06:41:35.239 401:pos-tag                INFO     eval_recall = 0.2786
2022-08-29 06:41:35.239 293:pos-tag                INFO     ********************
2022-08-29 06:41:35.239 294:pos-tag                INFO     Best f1:0.2935
2022-08-29 06:41:35.239 295:pos-tag                INFO     ********************
2022-08-29 06:41:36.424 310:pos-tag                INFO   Saving model checkpoint to ./pos_res_poj/random/saved_codebertmodels/4/layer_3/checkpoint-best-f1/model.bin
2022-08-29 06:41:36.424 315:pos-tag                INFO     ********************
2022-08-29 06:41:36.425 316:pos-tag                INFO     Best MCC:0.6182
2022-08-29 06:41:36.425 317:pos-tag                INFO     ********************
2022-08-29 06:41:37.830 332:pos-tag                INFO   Saving model checkpoint to ./pos_res_poj/random/saved_codebertmodels/4/layer_3/checkpoint-best-mcc/model.bin
2022-08-29 06:41:39.061 351:pos-tag                INFO   ***** Running evaluation *****
2022-08-29 06:41:39.061 352:pos-tag                INFO     Num examples = 400
2022-08-29 06:41:39.061 353:pos-tag                INFO     Batch size = 32
2022-08-29 06:41:43.781 399:pos-tag                INFO   ***** Eval results *****
2022-08-29 06:41:43.781 401:pos-tag                INFO     eval_acc = 0.6498
2022-08-29 06:41:43.781 401:pos-tag                INFO     eval_f1 = 0.3035
2022-08-29 06:41:43.782 401:pos-tag                INFO     eval_mcc = 0.6203
2022-08-29 06:41:43.782 401:pos-tag                INFO     eval_precision = 0.3964
2022-08-29 06:41:43.782 401:pos-tag                INFO     eval_recall = 0.2854
2022-08-29 06:41:43.782 293:pos-tag                INFO     ********************
2022-08-29 06:41:43.782 294:pos-tag                INFO     Best f1:0.3035
2022-08-29 06:41:43.782 295:pos-tag                INFO     ********************
2022-08-29 06:41:44.935 310:pos-tag                INFO   Saving model checkpoint to ./pos_res_poj/random/saved_codebertmodels/4/layer_3/checkpoint-best-f1/model.bin
2022-08-29 06:41:44.935 315:pos-tag                INFO     ********************
2022-08-29 06:41:44.935 316:pos-tag                INFO     Best MCC:0.6203
2022-08-29 06:41:44.935 317:pos-tag                INFO     ********************
2022-08-29 06:41:45.701 332:pos-tag                INFO   Saving model checkpoint to ./pos_res_poj/random/saved_codebertmodels/4/layer_3/checkpoint-best-mcc/model.bin
2022-08-29 06:41:46.930 351:pos-tag                INFO   ***** Running evaluation *****
2022-08-29 06:41:46.931 352:pos-tag                INFO     Num examples = 400
2022-08-29 06:41:46.931 353:pos-tag                INFO     Batch size = 32
2022-08-29 06:41:51.652 399:pos-tag                INFO   ***** Eval results *****
2022-08-29 06:41:51.652 401:pos-tag                INFO     eval_acc = 0.653
2022-08-29 06:41:51.652 401:pos-tag                INFO     eval_f1 = 0.3059
2022-08-29 06:41:51.652 401:pos-tag                INFO     eval_mcc = 0.6241
2022-08-29 06:41:51.653 401:pos-tag                INFO     eval_precision = 0.3953
2022-08-29 06:41:51.653 401:pos-tag                INFO     eval_recall = 0.2875
2022-08-29 06:41:51.653 293:pos-tag                INFO     ********************
2022-08-29 06:41:51.653 294:pos-tag                INFO     Best f1:0.3059
2022-08-29 06:41:51.653 295:pos-tag                INFO     ********************
2022-08-29 06:41:52.856 310:pos-tag                INFO   Saving model checkpoint to ./pos_res_poj/random/saved_codebertmodels/4/layer_3/checkpoint-best-f1/model.bin
2022-08-29 06:41:52.856 315:pos-tag                INFO     ********************
2022-08-29 06:41:52.856 316:pos-tag                INFO     Best MCC:0.6241
2022-08-29 06:41:52.857 317:pos-tag                INFO     ********************
2022-08-29 06:41:54.086 332:pos-tag                INFO   Saving model checkpoint to ./pos_res_poj/random/saved_codebertmodels/4/layer_3/checkpoint-best-mcc/model.bin
2022-08-29 06:41:55.112 351:pos-tag                INFO   ***** Running evaluation *****
2022-08-29 06:41:55.112 352:pos-tag                INFO     Num examples = 400
2022-08-29 06:41:55.112 353:pos-tag                INFO     Batch size = 32
2022-08-29 06:41:59.834 399:pos-tag                INFO   ***** Eval results *****
2022-08-29 06:41:59.834 401:pos-tag                INFO     eval_acc = 0.6559
2022-08-29 06:41:59.834 401:pos-tag                INFO     eval_f1 = 0.31
2022-08-29 06:41:59.834 401:pos-tag                INFO     eval_mcc = 0.6278
2022-08-29 06:41:59.834 401:pos-tag                INFO     eval_precision = 0.4202
2022-08-29 06:41:59.834 401:pos-tag                INFO     eval_recall = 0.2908
2022-08-29 06:41:59.834 293:pos-tag                INFO     ********************
2022-08-29 06:41:59.834 294:pos-tag                INFO     Best f1:0.31
2022-08-29 06:41:59.834 295:pos-tag                INFO     ********************
2022-08-29 06:42:00.730 310:pos-tag                INFO   Saving model checkpoint to ./pos_res_poj/random/saved_codebertmodels/4/layer_3/checkpoint-best-f1/model.bin
2022-08-29 06:42:00.730 315:pos-tag                INFO     ********************
2022-08-29 06:42:00.730 316:pos-tag                INFO     Best MCC:0.6278
2022-08-29 06:42:00.731 317:pos-tag                INFO     ********************
2022-08-29 06:42:01.612 332:pos-tag                INFO   Saving model checkpoint to ./pos_res_poj/random/saved_codebertmodels/4/layer_3/checkpoint-best-mcc/model.bin
2022-08-29 06:42:02.848 351:pos-tag                INFO   ***** Running evaluation *****
2022-08-29 06:42:02.849 352:pos-tag                INFO     Num examples = 400
2022-08-29 06:42:02.849 353:pos-tag                INFO     Batch size = 32
2022-08-29 06:42:07.572 399:pos-tag                INFO   ***** Eval results *****
2022-08-29 06:42:07.572 401:pos-tag                INFO     eval_acc = 0.6532
2022-08-29 06:42:07.572 401:pos-tag                INFO     eval_f1 = 0.3104
2022-08-29 06:42:07.572 401:pos-tag                INFO     eval_mcc = 0.6246
2022-08-29 06:42:07.572 401:pos-tag                INFO     eval_precision = 0.4027
2022-08-29 06:42:07.572 401:pos-tag                INFO     eval_recall = 0.2906
2022-08-29 06:42:07.572 293:pos-tag                INFO     ********************
2022-08-29 06:42:07.573 294:pos-tag                INFO     Best f1:0.3104
2022-08-29 06:42:07.573 295:pos-tag                INFO     ********************
2022-08-29 06:42:08.782 310:pos-tag                INFO   Saving model checkpoint to ./pos_res_poj/random/saved_codebertmodels/4/layer_3/checkpoint-best-f1/model.bin
2022-08-29 06:42:09.993 351:pos-tag                INFO   ***** Running evaluation *****
2022-08-29 06:42:09.993 352:pos-tag                INFO     Num examples = 400
2022-08-29 06:42:09.993 353:pos-tag                INFO     Batch size = 32
2022-08-29 06:42:14.724 399:pos-tag                INFO   ***** Eval results *****
2022-08-29 06:42:14.725 401:pos-tag                INFO     eval_acc = 0.6544
2022-08-29 06:42:14.725 401:pos-tag                INFO     eval_f1 = 0.3139
2022-08-29 06:42:14.725 401:pos-tag                INFO     eval_mcc = 0.6258
2022-08-29 06:42:14.725 401:pos-tag                INFO     eval_precision = 0.4227
2022-08-29 06:42:14.725 401:pos-tag                INFO     eval_recall = 0.2923
2022-08-29 06:42:14.725 293:pos-tag                INFO     ********************
2022-08-29 06:42:14.725 294:pos-tag                INFO     Best f1:0.3139
2022-08-29 06:42:14.725 295:pos-tag                INFO     ********************
2022-08-29 06:42:15.912 310:pos-tag                INFO   Saving model checkpoint to ./pos_res_poj/random/saved_codebertmodels/4/layer_3/checkpoint-best-f1/model.bin
2022-08-29 06:42:17.126 351:pos-tag                INFO   ***** Running evaluation *****
2022-08-29 06:42:17.126 352:pos-tag                INFO     Num examples = 400
2022-08-29 06:42:17.126 353:pos-tag                INFO     Batch size = 32
2022-08-29 06:42:21.855 399:pos-tag                INFO   ***** Eval results *****
2022-08-29 06:42:21.855 401:pos-tag                INFO     eval_acc = 0.654
2022-08-29 06:42:21.855 401:pos-tag                INFO     eval_f1 = 0.3172
2022-08-29 06:42:21.856 401:pos-tag                INFO     eval_mcc = 0.6251
2022-08-29 06:42:21.856 401:pos-tag                INFO     eval_precision = 0.4267
2022-08-29 06:42:21.856 401:pos-tag                INFO     eval_recall = 0.2943
2022-08-29 06:42:21.856 293:pos-tag                INFO     ********************
2022-08-29 06:42:21.856 294:pos-tag                INFO     Best f1:0.3172
2022-08-29 06:42:21.856 295:pos-tag                INFO     ********************
2022-08-29 06:42:22.977 310:pos-tag                INFO   Saving model checkpoint to ./pos_res_poj/random/saved_codebertmodels/4/layer_3/checkpoint-best-f1/model.bin
2022-08-29 06:42:24.193 351:pos-tag                INFO   ***** Running evaluation *****
2022-08-29 06:42:24.194 352:pos-tag                INFO     Num examples = 400
2022-08-29 06:42:24.194 353:pos-tag                INFO     Batch size = 32
2022-08-29 06:42:28.924 399:pos-tag                INFO   ***** Eval results *****
2022-08-29 06:42:28.924 401:pos-tag                INFO     eval_acc = 0.6539
2022-08-29 06:42:28.924 401:pos-tag                INFO     eval_f1 = 0.3148
2022-08-29 06:42:28.924 401:pos-tag                INFO     eval_mcc = 0.625
2022-08-29 06:42:28.924 401:pos-tag                INFO     eval_precision = 0.4247
2022-08-29 06:42:28.924 401:pos-tag                INFO     eval_recall = 0.2933
2022-08-29 06:42:30.134 351:pos-tag                INFO   ***** Running evaluation *****
2022-08-29 06:42:30.134 352:pos-tag                INFO     Num examples = 400
2022-08-29 06:42:30.134 353:pos-tag                INFO     Batch size = 32
2022-08-29 06:42:34.860 399:pos-tag                INFO   ***** Eval results *****
2022-08-29 06:42:34.861 401:pos-tag                INFO     eval_acc = 0.6533
2022-08-29 06:42:34.861 401:pos-tag                INFO     eval_f1 = 0.3121
2022-08-29 06:42:34.861 401:pos-tag                INFO     eval_mcc = 0.6247
2022-08-29 06:42:34.861 401:pos-tag                INFO     eval_precision = 0.4206
2022-08-29 06:42:34.861 401:pos-tag                INFO     eval_recall = 0.2921
2022-08-29 06:42:36.070 351:pos-tag                INFO   ***** Running evaluation *****
2022-08-29 06:42:36.070 352:pos-tag                INFO     Num examples = 400
2022-08-29 06:42:36.070 353:pos-tag                INFO     Batch size = 32
2022-08-29 06:42:40.797 399:pos-tag                INFO   ***** Eval results *****
2022-08-29 06:42:40.797 401:pos-tag                INFO     eval_acc = 0.6548
2022-08-29 06:42:40.797 401:pos-tag                INFO     eval_f1 = 0.3129
2022-08-29 06:42:40.798 401:pos-tag                INFO     eval_mcc = 0.6266
2022-08-29 06:42:40.798 401:pos-tag                INFO     eval_precision = 0.4098
2022-08-29 06:42:40.798 401:pos-tag                INFO     eval_recall = 0.2933
2022-08-29 06:42:42.007 351:pos-tag                INFO   ***** Running evaluation *****
2022-08-29 06:42:42.007 352:pos-tag                INFO     Num examples = 400
2022-08-29 06:42:42.008 353:pos-tag                INFO     Batch size = 32
2022-08-29 06:42:46.757 399:pos-tag                INFO   ***** Eval results *****
2022-08-29 06:42:46.758 401:pos-tag                INFO     eval_acc = 0.655
2022-08-29 06:42:46.758 401:pos-tag                INFO     eval_f1 = 0.3142
2022-08-29 06:42:46.758 401:pos-tag                INFO     eval_mcc = 0.6266
2022-08-29 06:42:46.758 401:pos-tag                INFO     eval_precision = 0.4103
2022-08-29 06:42:46.758 401:pos-tag                INFO     eval_recall = 0.2938
2022-08-29 06:42:47.971 351:pos-tag                INFO   ***** Running evaluation *****
2022-08-29 06:42:47.971 352:pos-tag                INFO     Num examples = 400
2022-08-29 06:42:47.972 353:pos-tag                INFO     Batch size = 32
2022-08-29 06:42:52.715 399:pos-tag                INFO   ***** Eval results *****
2022-08-29 06:42:52.715 401:pos-tag                INFO     eval_acc = 0.6573
2022-08-29 06:42:52.715 401:pos-tag                INFO     eval_f1 = 0.3159
2022-08-29 06:42:52.715 401:pos-tag                INFO     eval_mcc = 0.6289
2022-08-29 06:42:52.716 401:pos-tag                INFO     eval_precision = 0.4142
2022-08-29 06:42:52.716 401:pos-tag                INFO     eval_recall = 0.2947
2022-08-29 06:42:52.716 315:pos-tag                INFO     ********************
2022-08-29 06:42:52.716 316:pos-tag                INFO     Best MCC:0.6289
2022-08-29 06:42:52.716 317:pos-tag                INFO     ********************
2022-08-29 06:42:54.008 332:pos-tag                INFO   Saving model checkpoint to ./pos_res_poj/random/saved_codebertmodels/4/layer_3/checkpoint-best-mcc/model.bin
2022-08-29 06:42:55.226 351:pos-tag                INFO   ***** Running evaluation *****
2022-08-29 06:42:55.226 352:pos-tag                INFO     Num examples = 400
2022-08-29 06:42:55.226 353:pos-tag                INFO     Batch size = 32
2022-08-29 06:42:59.970 399:pos-tag                INFO   ***** Eval results *****
2022-08-29 06:42:59.971 401:pos-tag                INFO     eval_acc = 0.6593
2022-08-29 06:42:59.971 401:pos-tag                INFO     eval_f1 = 0.3178
2022-08-29 06:42:59.971 401:pos-tag                INFO     eval_mcc = 0.6309
2022-08-29 06:42:59.971 401:pos-tag                INFO     eval_precision = 0.4204
2022-08-29 06:42:59.971 401:pos-tag                INFO     eval_recall = 0.2968
2022-08-29 06:42:59.971 293:pos-tag                INFO     ********************
2022-08-29 06:42:59.971 294:pos-tag                INFO     Best f1:0.3178
2022-08-29 06:42:59.971 295:pos-tag                INFO     ********************
2022-08-29 06:43:01.051 310:pos-tag                INFO   Saving model checkpoint to ./pos_res_poj/random/saved_codebertmodels/4/layer_3/checkpoint-best-f1/model.bin
2022-08-29 06:43:01.051 315:pos-tag                INFO     ********************
2022-08-29 06:43:01.052 316:pos-tag                INFO     Best MCC:0.6309
2022-08-29 06:43:01.052 317:pos-tag                INFO     ********************
2022-08-29 06:43:02.349 332:pos-tag                INFO   Saving model checkpoint to ./pos_res_poj/random/saved_codebertmodels/4/layer_3/checkpoint-best-mcc/model.bin
2022-08-29 06:43:03.596 351:pos-tag                INFO   ***** Running evaluation *****
2022-08-29 06:43:03.596 352:pos-tag                INFO     Num examples = 400
2022-08-29 06:43:03.596 353:pos-tag                INFO     Batch size = 32
2022-08-29 06:43:08.337 399:pos-tag                INFO   ***** Eval results *****
2022-08-29 06:43:08.337 401:pos-tag                INFO     eval_acc = 0.6601
2022-08-29 06:43:08.337 401:pos-tag                INFO     eval_f1 = 0.3169
2022-08-29 06:43:08.337 401:pos-tag                INFO     eval_mcc = 0.6318
2022-08-29 06:43:08.338 401:pos-tag                INFO     eval_precision = 0.4092
2022-08-29 06:43:08.338 401:pos-tag                INFO     eval_recall = 0.2971
2022-08-29 06:43:08.338 315:pos-tag                INFO     ********************
2022-08-29 06:43:08.338 316:pos-tag                INFO     Best MCC:0.6318
2022-08-29 06:43:08.338 317:pos-tag                INFO     ********************
2022-08-29 06:43:09.516 332:pos-tag                INFO   Saving model checkpoint to ./pos_res_poj/random/saved_codebertmodels/4/layer_3/checkpoint-best-mcc/model.bin
2022-08-29 06:43:10.733 351:pos-tag                INFO   ***** Running evaluation *****
2022-08-29 06:43:10.734 352:pos-tag                INFO     Num examples = 400
2022-08-29 06:43:10.734 353:pos-tag                INFO     Batch size = 32
2022-08-29 06:43:15.473 399:pos-tag                INFO   ***** Eval results *****
2022-08-29 06:43:15.473 401:pos-tag                INFO     eval_acc = 0.6584
2022-08-29 06:43:15.474 401:pos-tag                INFO     eval_f1 = 0.3166
2022-08-29 06:43:15.474 401:pos-tag                INFO     eval_mcc = 0.6301
2022-08-29 06:43:15.474 401:pos-tag                INFO     eval_precision = 0.4146
2022-08-29 06:43:15.474 401:pos-tag                INFO     eval_recall = 0.2972
2022-08-29 06:43:16.687 351:pos-tag                INFO   ***** Running evaluation *****
2022-08-29 06:43:16.687 352:pos-tag                INFO     Num examples = 400
2022-08-29 06:43:16.688 353:pos-tag                INFO     Batch size = 32
2022-08-29 06:43:21.428 399:pos-tag                INFO   ***** Eval results *****
2022-08-29 06:43:21.428 401:pos-tag                INFO     eval_acc = 0.6582
2022-08-29 06:43:21.428 401:pos-tag                INFO     eval_f1 = 0.318
2022-08-29 06:43:21.428 401:pos-tag                INFO     eval_mcc = 0.63
2022-08-29 06:43:21.429 401:pos-tag                INFO     eval_precision = 0.4212
2022-08-29 06:43:21.429 401:pos-tag                INFO     eval_recall = 0.2987
2022-08-29 06:43:21.429 293:pos-tag                INFO     ********************
2022-08-29 06:43:21.429 294:pos-tag                INFO     Best f1:0.318
2022-08-29 06:43:21.429 295:pos-tag                INFO     ********************
2022-08-29 06:43:22.617 310:pos-tag                INFO   Saving model checkpoint to ./pos_res_poj/random/saved_codebertmodels/4/layer_3/checkpoint-best-f1/model.bin
2022-08-29 06:43:23.633 351:pos-tag                INFO   ***** Running evaluation *****
2022-08-29 06:43:23.633 352:pos-tag                INFO     Num examples = 400
2022-08-29 06:43:23.633 353:pos-tag                INFO     Batch size = 32
2022-08-29 06:43:28.375 399:pos-tag                INFO   ***** Eval results *****
2022-08-29 06:43:28.375 401:pos-tag                INFO     eval_acc = 0.6588
2022-08-29 06:43:28.375 401:pos-tag                INFO     eval_f1 = 0.3193
2022-08-29 06:43:28.375 401:pos-tag                INFO     eval_mcc = 0.6308
2022-08-29 06:43:28.375 401:pos-tag                INFO     eval_precision = 0.4087
2022-08-29 06:43:28.376 401:pos-tag                INFO     eval_recall = 0.3
2022-08-29 06:43:28.376 293:pos-tag                INFO     ********************
2022-08-29 06:43:28.376 294:pos-tag                INFO     Best f1:0.3193
2022-08-29 06:43:28.376 295:pos-tag                INFO     ********************
2022-08-29 06:43:29.580 310:pos-tag                INFO   Saving model checkpoint to ./pos_res_poj/random/saved_codebertmodels/4/layer_3/checkpoint-best-f1/model.bin
2022-08-29 06:43:30.794 351:pos-tag                INFO   ***** Running evaluation *****
2022-08-29 06:43:30.795 352:pos-tag                INFO     Num examples = 400
2022-08-29 06:43:30.795 353:pos-tag                INFO     Batch size = 32
2022-08-29 06:43:35.529 399:pos-tag                INFO   ***** Eval results *****
2022-08-29 06:43:35.529 401:pos-tag                INFO     eval_acc = 0.66
2022-08-29 06:43:35.529 401:pos-tag                INFO     eval_f1 = 0.3216
2022-08-29 06:43:35.529 401:pos-tag                INFO     eval_mcc = 0.6321
2022-08-29 06:43:35.529 401:pos-tag                INFO     eval_precision = 0.4106
2022-08-29 06:43:35.529 401:pos-tag                INFO     eval_recall = 0.3019
2022-08-29 06:43:35.530 293:pos-tag                INFO     ********************
2022-08-29 06:43:35.530 294:pos-tag                INFO     Best f1:0.3216
2022-08-29 06:43:35.530 295:pos-tag                INFO     ********************
2022-08-29 06:43:36.419 310:pos-tag                INFO   Saving model checkpoint to ./pos_res_poj/random/saved_codebertmodels/4/layer_3/checkpoint-best-f1/model.bin
2022-08-29 06:43:36.419 315:pos-tag                INFO     ********************
2022-08-29 06:43:36.420 316:pos-tag                INFO     Best MCC:0.6321
2022-08-29 06:43:36.420 317:pos-tag                INFO     ********************
2022-08-29 06:43:37.288 332:pos-tag                INFO   Saving model checkpoint to ./pos_res_poj/random/saved_codebertmodels/4/layer_3/checkpoint-best-mcc/model.bin
2022-08-29 06:43:38.521 351:pos-tag                INFO   ***** Running evaluation *****
2022-08-29 06:43:38.521 352:pos-tag                INFO     Num examples = 400
2022-08-29 06:43:38.521 353:pos-tag                INFO     Batch size = 32
2022-08-29 06:43:43.255 399:pos-tag                INFO   ***** Eval results *****
2022-08-29 06:43:43.255 401:pos-tag                INFO     eval_acc = 0.6614
2022-08-29 06:43:43.255 401:pos-tag                INFO     eval_f1 = 0.3228
2022-08-29 06:43:43.255 401:pos-tag                INFO     eval_mcc = 0.6333
2022-08-29 06:43:43.255 401:pos-tag                INFO     eval_precision = 0.4078
2022-08-29 06:43:43.255 401:pos-tag                INFO     eval_recall = 0.303
2022-08-29 06:43:43.255 293:pos-tag                INFO     ********************
2022-08-29 06:43:43.255 294:pos-tag                INFO     Best f1:0.3228
2022-08-29 06:43:43.255 295:pos-tag                INFO     ********************
2022-08-29 06:43:44.148 310:pos-tag                INFO   Saving model checkpoint to ./pos_res_poj/random/saved_codebertmodels/4/layer_3/checkpoint-best-f1/model.bin
2022-08-29 06:43:44.148 315:pos-tag                INFO     ********************
2022-08-29 06:43:44.149 316:pos-tag                INFO     Best MCC:0.6333
2022-08-29 06:43:44.149 317:pos-tag                INFO     ********************
2022-08-29 06:43:45.023 332:pos-tag                INFO   Saving model checkpoint to ./pos_res_poj/random/saved_codebertmodels/4/layer_3/checkpoint-best-mcc/model.bin
2022-08-29 06:43:46.254 351:pos-tag                INFO   ***** Running evaluation *****
2022-08-29 06:43:46.255 352:pos-tag                INFO     Num examples = 400
2022-08-29 06:43:46.255 353:pos-tag                INFO     Batch size = 32
2022-08-29 06:43:50.991 399:pos-tag                INFO   ***** Eval results *****
2022-08-29 06:43:50.991 401:pos-tag                INFO     eval_acc = 0.6619
2022-08-29 06:43:50.991 401:pos-tag                INFO     eval_f1 = 0.3234
2022-08-29 06:43:50.991 401:pos-tag                INFO     eval_mcc = 0.6335
2022-08-29 06:43:50.991 401:pos-tag                INFO     eval_precision = 0.407
2022-08-29 06:43:50.991 401:pos-tag                INFO     eval_recall = 0.3032
2022-08-29 06:43:50.991 293:pos-tag                INFO     ********************
2022-08-29 06:43:50.991 294:pos-tag                INFO     Best f1:0.3234
2022-08-29 06:43:50.992 295:pos-tag                INFO     ********************
2022-08-29 06:43:51.886 310:pos-tag                INFO   Saving model checkpoint to ./pos_res_poj/random/saved_codebertmodels/4/layer_3/checkpoint-best-f1/model.bin
2022-08-29 06:43:51.887 315:pos-tag                INFO     ********************
2022-08-29 06:43:51.887 316:pos-tag                INFO     Best MCC:0.6335
2022-08-29 06:43:51.887 317:pos-tag                INFO     ********************
2022-08-29 06:43:52.759 332:pos-tag                INFO   Saving model checkpoint to ./pos_res_poj/random/saved_codebertmodels/4/layer_3/checkpoint-best-mcc/model.bin
2022-08-29 06:43:54.013 351:pos-tag                INFO   ***** Running evaluation *****
2022-08-29 06:43:54.013 352:pos-tag                INFO     Num examples = 400
2022-08-29 06:43:54.013 353:pos-tag                INFO     Batch size = 32
2022-08-29 06:43:58.750 399:pos-tag                INFO   ***** Eval results *****
2022-08-29 06:43:58.750 401:pos-tag                INFO     eval_acc = 0.6618
2022-08-29 06:43:58.750 401:pos-tag                INFO     eval_f1 = 0.3231
2022-08-29 06:43:58.750 401:pos-tag                INFO     eval_mcc = 0.6335
2022-08-29 06:43:58.750 401:pos-tag                INFO     eval_precision = 0.416
2022-08-29 06:43:58.750 401:pos-tag                INFO     eval_recall = 0.3027
2022-08-29 06:43:59.966 351:pos-tag                INFO   ***** Running evaluation *****
2022-08-29 06:43:59.967 352:pos-tag                INFO     Num examples = 400
2022-08-29 06:43:59.967 353:pos-tag                INFO     Batch size = 32
2022-08-29 06:44:04.709 399:pos-tag                INFO   ***** Eval results *****
2022-08-29 06:44:04.709 401:pos-tag                INFO     eval_acc = 0.6624
2022-08-29 06:44:04.709 401:pos-tag                INFO     eval_f1 = 0.3233
2022-08-29 06:44:04.709 401:pos-tag                INFO     eval_mcc = 0.6342
2022-08-29 06:44:04.709 401:pos-tag                INFO     eval_precision = 0.4178
2022-08-29 06:44:04.709 401:pos-tag                INFO     eval_recall = 0.3028
2022-08-29 06:44:04.709 315:pos-tag                INFO     ********************
2022-08-29 06:44:04.709 316:pos-tag                INFO     Best MCC:0.6342
2022-08-29 06:44:04.709 317:pos-tag                INFO     ********************
2022-08-29 06:44:05.579 332:pos-tag                INFO   Saving model checkpoint to ./pos_res_poj/random/saved_codebertmodels/4/layer_3/checkpoint-best-mcc/model.bin
2022-08-29 06:44:06.801 351:pos-tag                INFO   ***** Running evaluation *****
2022-08-29 06:44:06.801 352:pos-tag                INFO     Num examples = 400
2022-08-29 06:44:06.801 353:pos-tag                INFO     Batch size = 32
2022-08-29 06:44:11.538 399:pos-tag                INFO   ***** Eval results *****
2022-08-29 06:44:11.538 401:pos-tag                INFO     eval_acc = 0.6629
2022-08-29 06:44:11.538 401:pos-tag                INFO     eval_f1 = 0.3239
2022-08-29 06:44:11.538 401:pos-tag                INFO     eval_mcc = 0.6348
2022-08-29 06:44:11.538 401:pos-tag                INFO     eval_precision = 0.4207
2022-08-29 06:44:11.538 401:pos-tag                INFO     eval_recall = 0.3032
2022-08-29 06:44:11.538 293:pos-tag                INFO     ********************
2022-08-29 06:44:11.538 294:pos-tag                INFO     Best f1:0.3239
2022-08-29 06:44:11.538 295:pos-tag                INFO     ********************
2022-08-29 06:44:12.723 310:pos-tag                INFO   Saving model checkpoint to ./pos_res_poj/random/saved_codebertmodels/4/layer_3/checkpoint-best-f1/model.bin
2022-08-29 06:44:12.724 315:pos-tag                INFO     ********************
2022-08-29 06:44:12.724 316:pos-tag                INFO     Best MCC:0.6348
2022-08-29 06:44:12.724 317:pos-tag                INFO     ********************
2022-08-29 06:44:14.139 332:pos-tag                INFO   Saving model checkpoint to ./pos_res_poj/random/saved_codebertmodels/4/layer_3/checkpoint-best-mcc/model.bin
2022-08-29 06:44:15.372 351:pos-tag                INFO   ***** Running evaluation *****
2022-08-29 06:44:15.372 352:pos-tag                INFO     Num examples = 400
2022-08-29 06:44:15.373 353:pos-tag                INFO     Batch size = 32
2022-08-29 06:44:20.112 399:pos-tag                INFO   ***** Eval results *****
2022-08-29 06:44:20.112 401:pos-tag                INFO     eval_acc = 0.6633
2022-08-29 06:44:20.112 401:pos-tag                INFO     eval_f1 = 0.3244
2022-08-29 06:44:20.112 401:pos-tag                INFO     eval_mcc = 0.6353
2022-08-29 06:44:20.112 401:pos-tag                INFO     eval_precision = 0.4179
2022-08-29 06:44:20.113 401:pos-tag                INFO     eval_recall = 0.3039
2022-08-29 06:44:20.113 293:pos-tag                INFO     ********************
2022-08-29 06:44:20.113 294:pos-tag                INFO     Best f1:0.3244
2022-08-29 06:44:20.113 295:pos-tag                INFO     ********************
2022-08-29 06:44:21.403 310:pos-tag                INFO   Saving model checkpoint to ./pos_res_poj/random/saved_codebertmodels/4/layer_3/checkpoint-best-f1/model.bin
2022-08-29 06:44:21.403 315:pos-tag                INFO     ********************
2022-08-29 06:44:21.404 316:pos-tag                INFO     Best MCC:0.6353
2022-08-29 06:44:21.404 317:pos-tag                INFO     ********************
2022-08-29 06:44:22.292 332:pos-tag                INFO   Saving model checkpoint to ./pos_res_poj/random/saved_codebertmodels/4/layer_3/checkpoint-best-mcc/model.bin
2022-08-29 06:44:23.540 351:pos-tag                INFO   ***** Running evaluation *****
2022-08-29 06:44:23.540 352:pos-tag                INFO     Num examples = 400
2022-08-29 06:44:23.540 353:pos-tag                INFO     Batch size = 32
2022-08-29 06:44:28.276 399:pos-tag                INFO   ***** Eval results *****
2022-08-29 06:44:28.276 401:pos-tag                INFO     eval_acc = 0.6636
2022-08-29 06:44:28.277 401:pos-tag                INFO     eval_f1 = 0.3249
2022-08-29 06:44:28.277 401:pos-tag                INFO     eval_mcc = 0.636
2022-08-29 06:44:28.277 401:pos-tag                INFO     eval_precision = 0.4181
2022-08-29 06:44:28.277 401:pos-tag                INFO     eval_recall = 0.3046
2022-08-29 06:44:28.277 293:pos-tag                INFO     ********************
2022-08-29 06:44:28.277 294:pos-tag                INFO     Best f1:0.3249
2022-08-29 06:44:28.277 295:pos-tag                INFO     ********************
2022-08-29 06:44:29.456 310:pos-tag                INFO   Saving model checkpoint to ./pos_res_poj/random/saved_codebertmodels/4/layer_3/checkpoint-best-f1/model.bin
2022-08-29 06:44:29.457 315:pos-tag                INFO     ********************
2022-08-29 06:44:29.457 316:pos-tag                INFO     Best MCC:0.636
2022-08-29 06:44:29.457 317:pos-tag                INFO     ********************
2022-08-29 06:44:30.708 332:pos-tag                INFO   Saving model checkpoint to ./pos_res_poj/random/saved_codebertmodels/4/layer_3/checkpoint-best-mcc/model.bin
2022-08-29 06:44:31.966 351:pos-tag                INFO   ***** Running evaluation *****
2022-08-29 06:44:31.966 352:pos-tag                INFO     Num examples = 400
2022-08-29 06:44:31.966 353:pos-tag                INFO     Batch size = 32
2022-08-29 06:44:36.702 399:pos-tag                INFO   ***** Eval results *****
2022-08-29 06:44:36.702 401:pos-tag                INFO     eval_acc = 0.6636
2022-08-29 06:44:36.702 401:pos-tag                INFO     eval_f1 = 0.3249
2022-08-29 06:44:36.702 401:pos-tag                INFO     eval_mcc = 0.6361
2022-08-29 06:44:36.702 401:pos-tag                INFO     eval_precision = 0.4171
2022-08-29 06:44:36.703 401:pos-tag                INFO     eval_recall = 0.3048
2022-08-29 06:44:36.703 293:pos-tag                INFO     ********************
2022-08-29 06:44:36.703 294:pos-tag                INFO     Best f1:0.3249
2022-08-29 06:44:36.703 295:pos-tag                INFO     ********************
2022-08-29 06:44:37.903 310:pos-tag                INFO   Saving model checkpoint to ./pos_res_poj/random/saved_codebertmodels/4/layer_3/checkpoint-best-f1/model.bin
2022-08-29 06:44:37.904 315:pos-tag                INFO     ********************
2022-08-29 06:44:37.904 316:pos-tag                INFO     Best MCC:0.6361
2022-08-29 06:44:37.904 317:pos-tag                INFO     ********************
2022-08-29 06:44:38.750 332:pos-tag                INFO   Saving model checkpoint to ./pos_res_poj/random/saved_codebertmodels/4/layer_3/checkpoint-best-mcc/model.bin
2022-08-29 06:44:40.009 351:pos-tag                INFO   ***** Running evaluation *****
2022-08-29 06:44:40.009 352:pos-tag                INFO     Num examples = 400
2022-08-29 06:44:40.009 353:pos-tag                INFO     Batch size = 32
2022-08-29 06:44:44.743 399:pos-tag                INFO   ***** Eval results *****
2022-08-29 06:44:44.743 401:pos-tag                INFO     eval_acc = 0.6638
2022-08-29 06:44:44.744 401:pos-tag                INFO     eval_f1 = 0.325
2022-08-29 06:44:44.744 401:pos-tag                INFO     eval_mcc = 0.6364
2022-08-29 06:44:44.744 401:pos-tag                INFO     eval_precision = 0.4164
2022-08-29 06:44:44.744 401:pos-tag                INFO     eval_recall = 0.3048
2022-08-29 06:44:44.744 293:pos-tag                INFO     ********************
2022-08-29 06:44:44.744 294:pos-tag                INFO     Best f1:0.325
2022-08-29 06:44:44.744 295:pos-tag                INFO     ********************
2022-08-29 06:44:45.953 310:pos-tag                INFO   Saving model checkpoint to ./pos_res_poj/random/saved_codebertmodels/4/layer_3/checkpoint-best-f1/model.bin
2022-08-29 06:44:45.953 315:pos-tag                INFO     ********************
2022-08-29 06:44:45.954 316:pos-tag                INFO     Best MCC:0.6364
2022-08-29 06:44:45.954 317:pos-tag                INFO     ********************
2022-08-29 06:44:47.322 332:pos-tag                INFO   Saving model checkpoint to ./pos_res_poj/random/saved_codebertmodels/4/layer_3/checkpoint-best-mcc/model.bin
2022-08-29 06:44:48.568 351:pos-tag                INFO   ***** Running evaluation *****
2022-08-29 06:44:48.568 352:pos-tag                INFO     Num examples = 400
2022-08-29 06:44:48.568 353:pos-tag                INFO     Batch size = 32
2022-08-29 06:44:53.297 399:pos-tag                INFO   ***** Eval results *****
2022-08-29 06:44:53.297 401:pos-tag                INFO     eval_acc = 0.6637
2022-08-29 06:44:53.298 401:pos-tag                INFO     eval_f1 = 0.3249
2022-08-29 06:44:53.298 401:pos-tag                INFO     eval_mcc = 0.6363
2022-08-29 06:44:53.298 401:pos-tag                INFO     eval_precision = 0.4174
2022-08-29 06:44:53.298 401:pos-tag                INFO     eval_recall = 0.3048
2022-08-29 06:44:54.510 351:pos-tag                INFO   ***** Running evaluation *****
2022-08-29 06:44:54.510 352:pos-tag                INFO     Num examples = 400
2022-08-29 06:44:54.510 353:pos-tag                INFO     Batch size = 32
2022-08-29 06:44:59.250 399:pos-tag                INFO   ***** Eval results *****
2022-08-29 06:44:59.251 401:pos-tag                INFO     eval_acc = 0.6638
2022-08-29 06:44:59.251 401:pos-tag                INFO     eval_f1 = 0.325
2022-08-29 06:44:59.251 401:pos-tag                INFO     eval_mcc = 0.6364
2022-08-29 06:44:59.251 401:pos-tag                INFO     eval_precision = 0.4175
2022-08-29 06:44:59.251 401:pos-tag                INFO     eval_recall = 0.3048
2022-08-29 06:44:59.251 315:pos-tag                INFO     ********************
2022-08-29 06:44:59.251 316:pos-tag                INFO     Best MCC:0.6364
2022-08-29 06:44:59.251 317:pos-tag                INFO     ********************
2022-08-29 06:45:00.432 332:pos-tag                INFO   Saving model checkpoint to ./pos_res_poj/random/saved_codebertmodels/4/layer_3/checkpoint-best-mcc/model.bin
2022-08-29 06:45:00.867 351:pos-tag                INFO   ***** Running evaluation *****
2022-08-29 06:45:00.868 352:pos-tag                INFO     Num examples = 400
2022-08-29 06:45:00.868 353:pos-tag                INFO     Batch size = 32
2022-08-29 06:45:05.600 399:pos-tag                INFO   ***** Eval results *****
2022-08-29 06:45:05.600 401:pos-tag                INFO     eval_acc = 0.6638
2022-08-29 06:45:05.600 401:pos-tag                INFO     eval_f1 = 0.325
2022-08-29 06:45:05.601 401:pos-tag                INFO     eval_mcc = 0.6364
2022-08-29 06:45:05.601 401:pos-tag                INFO     eval_precision = 0.4164
2022-08-29 06:45:05.601 401:pos-tag                INFO     eval_recall = 0.3048
2022-08-29 06:45:05.813 422:pos-tag                INFO   ***** Running Test *****
2022-08-29 06:45:05.813 423:pos-tag                INFO     Num examples = 400
2022-08-29 06:45:05.813 424:pos-tag                INFO     Batch size = 32
2022-08-29 06:45:10.544 471:pos-tag                INFO   ***** Test results *****
2022-08-29 06:45:10.544 473:pos-tag                INFO     eval_acc = 0.6735
2022-08-29 06:45:10.544 473:pos-tag                INFO     eval_f1 = 0.337
2022-08-29 06:45:10.545 473:pos-tag                INFO     eval_mcc = 0.6454
2022-08-29 06:45:10.545 473:pos-tag                INFO     eval_precision = 0.4381
2022-08-29 06:45:10.545 473:pos-tag                INFO     eval_recall = 0.3148
