2022-10-08 15:37:59.527 917:isIngraph              DEBUG  main message
2022-10-08 15:37:59.527 923:isIngraph              WARNING device: cuda, n_gpu: 1
2022-10-08 15:38:07.201 938:isIngraph              INFO   Load Dataset
2022-10-08 15:39:00.258 247:isInGraph              INFO   Load Span file and Graph data, data path: ../datasets/java250/isINGraphs/codebert/codebert_train_ddg_cleaned.pt
2022-10-08 15:39:02.934 301:isInGraph              INFO   Labels Counter({1: 49712, 0: 49705})
2022-10-08 15:39:02.962 247:isInGraph              INFO   Load Span file and Graph data, data path: ../datasets/java250/isINGraphs/codebert/codebert_valid_ddg_cleaned.pt
2022-10-08 15:39:04.149 301:isInGraph              INFO   Labels Counter({0: 16598, 1: 16598})
2022-10-08 15:39:04.175 247:isInGraph              INFO   Load Span file and Graph data, data path: ../datasets/java250/isINGraphs/codebert/codebert_test_ddg_cleaned.pt
2022-10-08 15:39:05.680 301:isInGraph              INFO   Labels Counter({1: 16196, 0: 16189})
2022-10-08 15:39:05.680 306:isInGraph              INFO   *** Example ***
2022-10-08 15:39:05.680 307:isInGraph              INFO   idx: s705760875_main
2022-10-08 15:39:05.681 308:isInGraph              INFO   label: 1
2022-10-08 15:39:05.684 309:isInGraph              INFO   input_tokens_1: ['all', '_-', '_can', 'Div', 'C']
2022-10-08 15:39:05.684 317:isInGraph              INFO   input_ids_1: 166 171
2022-10-08 15:39:05.684 324:isInGraph              INFO   input_tokens_reverse_1: all Ġ- Ġcan Div C
2022-10-08 15:39:05.684 334:isInGraph              INFO   input_tokens_2: ['a', '_=', '_scanner', '.', 'next', 'Long', '()']
2022-10-08 15:39:05.684 342:isInGraph              INFO   input_ids_2: 24 31
2022-10-08 15:39:05.685 349:isInGraph              INFO   input_tokens_reverse_2: Ġa Ġ= Ġscanner . next Long ();
2022-10-08 15:39:05.685 306:isInGraph              INFO   *** Example ***
2022-10-08 15:39:05.685 307:isInGraph              INFO   idx: s822018079_main
2022-10-08 15:39:05.685 308:isInGraph              INFO   label: 1
2022-10-08 15:39:05.685 309:isInGraph              INFO   input_tokens_1: ['scan', '.', 'next', 'Int', '()']
2022-10-08 15:39:05.685 317:isInGraph              INFO   input_ids_1: 57 62
2022-10-08 15:39:05.685 324:isInGraph              INFO   input_tokens_reverse_1: Ġscan . next Int ();
2022-10-08 15:39:05.685 334:isInGraph              INFO   input_tokens_2: ['n', '_=', '_scan', '.', 'next', 'Int', '()']
2022-10-08 15:39:05.685 342:isInGraph              INFO   input_ids_2: 24 31
2022-10-08 15:39:05.685 349:isInGraph              INFO   input_tokens_reverse_2: Ġn Ġ= Ġscan . next Int ();
2022-10-08 15:39:05.685 306:isInGraph              INFO   *** Example ***
2022-10-08 15:39:05.685 307:isInGraph              INFO   idx: s170796941_main
2022-10-08 15:39:05.686 308:isInGraph              INFO   label: 1
2022-10-08 15:39:05.686 309:isInGraph              INFO   input_tokens_1: ['s', '_=', '_sc', '.', 'next', 'Line', '()']
2022-10-08 15:39:05.686 317:isInGraph              INFO   input_ids_1: 22 29
2022-10-08 15:39:05.686 324:isInGraph              INFO   input_tokens_reverse_1: Ġs Ġ= Ġsc . next Line ();
2022-10-08 15:39:05.686 334:isInGraph              INFO   input_tokens_2: ['a', '_==', '_b', '_&&', '_c', '_==', '_d']
2022-10-08 15:39:05.686 342:isInGraph              INFO   input_ids_2: 71 78
2022-10-08 15:39:05.686 349:isInGraph              INFO   input_tokens_reverse_2: a Ġ== Ġb Ġ&& Ġc Ġ== Ġd
2022-10-08 15:39:05.686 306:isInGraph              INFO   *** Example ***
2022-10-08 15:39:05.686 307:isInGraph              INFO   idx: s605449832_solve
2022-10-08 15:39:05.686 308:isInGraph              INFO   label: 0
2022-10-08 15:39:05.686 309:isInGraph              INFO   input_tokens_1: ['"', 'WA', '"']
2022-10-08 15:39:05.687 317:isInGraph              INFO   input_ids_1: 57 60
2022-10-08 15:39:05.687 324:isInGraph              INFO   input_tokens_reverse_1: (" WA ",
2022-10-08 15:39:05.687 334:isInGraph              INFO   input_tokens_2: ['in']
2022-10-08 15:39:05.687 342:isInGraph              INFO   input_ids_2: 87 88
2022-10-08 15:39:05.687 349:isInGraph              INFO   input_tokens_reverse_2: Ġin
2022-10-08 15:39:05.687 306:isInGraph              INFO   *** Example ***
2022-10-08 15:39:05.687 307:isInGraph              INFO   idx: s320196236_main
2022-10-08 15:39:05.687 308:isInGraph              INFO   label: 1
2022-10-08 15:39:05.687 309:isInGraph              INFO   input_tokens_1: ['minimum', '_=', '_BIG', '_', 'NUM']
2022-10-08 15:39:05.687 317:isInGraph              INFO   input_ids_1: 24 29
2022-10-08 15:39:05.687 324:isInGraph              INFO   input_tokens_reverse_1: Ġminimum Ġ= ĠBIG _ NUM
2022-10-08 15:39:05.688 334:isInGraph              INFO   input_tokens_2: ['scan', 'ner', '_=', '_new', '_Scan', 'ner', '(', 'System', '.', 'in', ')']
2022-10-08 15:39:05.688 342:isInGraph              INFO   input_ids_2: 32 42
2022-10-08 15:39:05.688 349:isInGraph              INFO   input_tokens_reverse_2: Ġscanner Ġ= Ġnew ĠScan ner ( System . in );
2022-10-08 15:39:05.688 306:isInGraph              INFO   *** Example ***
2022-10-08 15:39:05.688 307:isInGraph              INFO   idx: s646691055_takearr
2022-10-08 15:39:05.688 308:isInGraph              INFO   label: 1
2022-10-08 15:39:05.688 309:isInGraph              INFO   input_tokens_1: ['i', '_<', '_n']
2022-10-08 15:39:05.688 317:isInGraph              INFO   input_ids_1: 30 33
2022-10-08 15:39:05.688 324:isInGraph              INFO   input_tokens_reverse_1: Ġi Ġ< Ġn
2022-10-08 15:39:05.688 334:isInGraph              INFO   input_tokens_2: ['next', 'Int', '()']
2022-10-08 15:39:05.688 342:isInGraph              INFO   input_ids_2: 41 44
2022-10-08 15:39:05.689 349:isInGraph              INFO   input_tokens_reverse_2: Ġnext Int ();
2022-10-08 15:39:05.689 306:isInGraph              INFO   *** Example ***
2022-10-08 15:39:05.689 307:isInGraph              INFO   idx: s038523957_main
2022-10-08 15:39:05.689 308:isInGraph              INFO   label: 1
2022-10-08 15:39:05.689 309:isInGraph              INFO   input_tokens_1: ['max', '_=', '_sum']
2022-10-08 15:39:05.689 317:isInGraph              INFO   input_ids_1: 236 239
2022-10-08 15:39:05.689 324:isInGraph              INFO   input_tokens_reverse_1: Ġmax Ġ= Ġsum
2022-10-08 15:39:05.689 334:isInGraph              INFO   input_tokens_2: ['N', '_-', '_1']
2022-10-08 15:39:05.689 342:isInGraph              INFO   input_ids_2: 232 235
2022-10-08 15:39:05.689 349:isInGraph              INFO   input_tokens_reverse_2: N Ġ- Ġ1
2022-10-08 15:39:05.689 306:isInGraph              INFO   *** Example ***
2022-10-08 15:39:05.689 307:isInGraph              INFO   idx: s216343481_main
2022-10-08 15:39:05.689 308:isInGraph              INFO   label: 1
2022-10-08 15:39:05.690 309:isInGraph              INFO   input_tokens_1: ['i', '_=', '_0']
2022-10-08 15:39:05.690 317:isInGraph              INFO   input_ids_1: 51 54
2022-10-08 15:39:05.690 324:isInGraph              INFO   input_tokens_reverse_1: Ġi Ġ= Ġ0
2022-10-08 15:39:05.690 334:isInGraph              INFO   input_tokens_2: ['s', '.', 'next', 'Int', '()']
2022-10-08 15:39:05.690 342:isInGraph              INFO   input_ids_2: 26 31
2022-10-08 15:39:05.690 349:isInGraph              INFO   input_tokens_reverse_2: Ġs . next Int ();
2022-10-08 15:39:05.690 306:isInGraph              INFO   *** Example ***
2022-10-08 15:39:05.690 307:isInGraph              INFO   idx: s230671883_main
2022-10-08 15:39:05.690 308:isInGraph              INFO   label: 0
2022-10-08 15:39:05.690 309:isInGraph              INFO   input_tokens_1: ['p', 'w', '.', 'flush', '()']
2022-10-08 15:39:05.690 317:isInGraph              INFO   input_ids_1: 147 152
2022-10-08 15:39:05.691 324:isInGraph              INFO   input_tokens_reverse_1: Ġp w . flush ();
2022-10-08 15:39:05.691 334:isInGraph              INFO   input_tokens_2: ['0']
2022-10-08 15:39:05.691 342:isInGraph              INFO   input_ids_2: 67 68
2022-10-08 15:39:05.691 349:isInGraph              INFO   input_tokens_reverse_2: Ġ0
2022-10-08 15:39:05.691 978:isIngraph              INFO   Finishing loading Dataset
2022-10-08 15:39:05.715 987:isIngraph              INFO   Probimg Model Parameters 3843
2022-10-08 15:39:05.715 988:isIngraph              INFO   Training/evaluation parameters Namespace(adam_epsilon=1e-08, class_num=2, config_name='microsoft/codebert-base', data_folder='../datasets/java250/isINGraphs', dataset='java250', debug=False, device=device(type='cuda'), do_crossing='cleaned', do_eval=False, do_random=False, do_test=True, do_train=True, epochs=1, eval_batch_size=32, evaluate_during_training=False, gradient_accumulation_steps=1, graph_type='ddg', layer=2, learning_rate=0.001, max_code_length=512, max_grad_norm=1.0, max_steps=-1, model_name='codebert', model_name_or_path='microsoft/codebert-base', n_gpu=1, output_dir='../isInGraph/java250/plm/saved_codebertmodels/3/ddg_2', posratio=0.5, seed=199, token_config='microsoft/codebert-base', train_batch_size=64, warmup_steps=0, weight_decay=0.0)
2022-10-08 15:39:07.060 451:isIngraph              INFO   ***** Running training *****
2022-10-08 15:39:07.060 452:isIngraph              INFO     Num examples = 99417
2022-10-08 15:39:07.060 453:isIngraph              INFO     Num Epochs = 1
2022-10-08 15:39:07.060 454:isIngraph              INFO     Instantaneous batch size per GPU = 64
2022-10-08 15:39:07.061 458:isIngraph              INFO     Total train batch size = 64
2022-10-08 15:39:07.061 462:isIngraph              INFO     Gradient Accumulation steps = 1
2022-10-08 15:39:07.061 465:isIngraph              INFO     Total optimization steps = 1554
2022-10-08 15:39:13.978 580:isIngraph              INFO   ***** Running evaluation *****
2022-10-08 15:39:13.978 581:isIngraph              INFO     Num examples = 33196
2022-10-08 15:39:13.978 582:isIngraph              INFO     Batch size = 32
2022-10-08 15:39:32.614 627:isIngraph              INFO   ***** Eval results *****
2022-10-08 15:39:32.615 629:isIngraph              INFO     eval_acc = 0.934
2022-10-08 15:39:32.615 629:isIngraph              INFO     eval_f1 = 0.9376
2022-10-08 15:39:32.615 629:isIngraph              INFO     eval_mcc = 0.8737
2022-10-08 15:39:32.616 629:isIngraph              INFO     eval_precision = 0.8897
2022-10-08 15:39:32.616 629:isIngraph              INFO     eval_recall = 0.9908
2022-10-08 15:39:32.616 629:isIngraph              INFO     eval_threshold = 0.5
2022-10-08 15:39:32.616 522:isIngraph              INFO     ********************
2022-10-08 15:39:32.616 523:isIngraph              INFO     Best f1:0.9376
2022-10-08 15:39:32.617 524:isIngraph              INFO     ********************
2022-10-08 15:39:32.619 539:isIngraph              INFO   Saving model checkpoint to ../isInGraph/java250/plm/saved_codebertmodels/3/ddg_2/checkpoint-best-f1/model.bin
2022-10-08 15:39:32.619 544:isIngraph              INFO     ********************
2022-10-08 15:39:32.620 545:isIngraph              INFO     Best MCC:0.8737
2022-10-08 15:39:32.620 546:isIngraph              INFO     ********************
2022-10-08 15:39:32.621 561:isIngraph              INFO   Saving model checkpoint to ../isInGraph/java250/plm/saved_codebertmodels/3/ddg_2/checkpoint-best-mcc/model.bin
2022-10-08 15:39:38.449 580:isIngraph              INFO   ***** Running evaluation *****
2022-10-08 15:39:38.449 581:isIngraph              INFO     Num examples = 33196
2022-10-08 15:39:38.449 582:isIngraph              INFO     Batch size = 32
2022-10-08 15:39:57.303 627:isIngraph              INFO   ***** Eval results *****
2022-10-08 15:39:57.303 629:isIngraph              INFO     eval_acc = 0.9635
2022-10-08 15:39:57.303 629:isIngraph              INFO     eval_f1 = 0.9642
2022-10-08 15:39:57.303 629:isIngraph              INFO     eval_mcc = 0.9277
2022-10-08 15:39:57.303 629:isIngraph              INFO     eval_precision = 0.9461
2022-10-08 15:39:57.303 629:isIngraph              INFO     eval_recall = 0.983
2022-10-08 15:39:57.303 629:isIngraph              INFO     eval_threshold = 0.5
2022-10-08 15:39:57.304 522:isIngraph              INFO     ********************
2022-10-08 15:39:57.304 523:isIngraph              INFO     Best f1:0.9642
2022-10-08 15:39:57.304 524:isIngraph              INFO     ********************
2022-10-08 15:39:57.304 539:isIngraph              INFO   Saving model checkpoint to ../isInGraph/java250/plm/saved_codebertmodels/3/ddg_2/checkpoint-best-f1/model.bin
2022-10-08 15:39:57.305 544:isIngraph              INFO     ********************
2022-10-08 15:39:57.305 545:isIngraph              INFO     Best MCC:0.9277
2022-10-08 15:39:57.305 546:isIngraph              INFO     ********************
2022-10-08 15:39:57.305 561:isIngraph              INFO   Saving model checkpoint to ../isInGraph/java250/plm/saved_codebertmodels/3/ddg_2/checkpoint-best-mcc/model.bin
2022-10-08 15:40:03.106 580:isIngraph              INFO   ***** Running evaluation *****
2022-10-08 15:40:03.107 581:isIngraph              INFO     Num examples = 33196
2022-10-08 15:40:03.107 582:isIngraph              INFO     Batch size = 32
2022-10-08 15:40:22.070 627:isIngraph              INFO   ***** Eval results *****
2022-10-08 15:40:22.070 629:isIngraph              INFO     eval_acc = 0.9695
2022-10-08 15:40:22.071 629:isIngraph              INFO     eval_f1 = 0.9702
2022-10-08 15:40:22.071 629:isIngraph              INFO     eval_mcc = 0.9399
2022-10-08 15:40:22.071 629:isIngraph              INFO     eval_precision = 0.9504
2022-10-08 15:40:22.071 629:isIngraph              INFO     eval_recall = 0.9908
2022-10-08 15:40:22.071 629:isIngraph              INFO     eval_threshold = 0.5
2022-10-08 15:40:22.071 522:isIngraph              INFO     ********************
2022-10-08 15:40:22.071 523:isIngraph              INFO     Best f1:0.9702
2022-10-08 15:40:22.071 524:isIngraph              INFO     ********************
2022-10-08 15:40:22.072 539:isIngraph              INFO   Saving model checkpoint to ../isInGraph/java250/plm/saved_codebertmodels/3/ddg_2/checkpoint-best-f1/model.bin
2022-10-08 15:40:22.072 544:isIngraph              INFO     ********************
2022-10-08 15:40:22.072 545:isIngraph              INFO     Best MCC:0.9399
2022-10-08 15:40:22.072 546:isIngraph              INFO     ********************
2022-10-08 15:40:22.073 561:isIngraph              INFO   Saving model checkpoint to ../isInGraph/java250/plm/saved_codebertmodels/3/ddg_2/checkpoint-best-mcc/model.bin
2022-10-08 15:40:27.863 580:isIngraph              INFO   ***** Running evaluation *****
2022-10-08 15:40:27.863 581:isIngraph              INFO     Num examples = 33196
2022-10-08 15:40:27.863 582:isIngraph              INFO     Batch size = 32
2022-10-08 15:40:46.751 627:isIngraph              INFO   ***** Eval results *****
2022-10-08 15:40:46.751 629:isIngraph              INFO     eval_acc = 0.9713
2022-10-08 15:40:46.751 629:isIngraph              INFO     eval_f1 = 0.9719
2022-10-08 15:40:46.751 629:isIngraph              INFO     eval_mcc = 0.9434
2022-10-08 15:40:46.751 629:isIngraph              INFO     eval_precision = 0.9527
2022-10-08 15:40:46.751 629:isIngraph              INFO     eval_recall = 0.9919
2022-10-08 15:40:46.751 629:isIngraph              INFO     eval_threshold = 0.5
2022-10-08 15:40:46.752 522:isIngraph              INFO     ********************
2022-10-08 15:40:46.752 523:isIngraph              INFO     Best f1:0.9719
2022-10-08 15:40:46.752 524:isIngraph              INFO     ********************
2022-10-08 15:40:46.752 539:isIngraph              INFO   Saving model checkpoint to ../isInGraph/java250/plm/saved_codebertmodels/3/ddg_2/checkpoint-best-f1/model.bin
2022-10-08 15:40:46.753 544:isIngraph              INFO     ********************
2022-10-08 15:40:46.753 545:isIngraph              INFO     Best MCC:0.9434
2022-10-08 15:40:46.753 546:isIngraph              INFO     ********************
2022-10-08 15:40:46.753 561:isIngraph              INFO   Saving model checkpoint to ../isInGraph/java250/plm/saved_codebertmodels/3/ddg_2/checkpoint-best-mcc/model.bin
2022-10-08 15:40:52.587 580:isIngraph              INFO   ***** Running evaluation *****
2022-10-08 15:40:52.587 581:isIngraph              INFO     Num examples = 33196
2022-10-08 15:40:52.587 582:isIngraph              INFO     Batch size = 32
2022-10-08 15:41:11.618 627:isIngraph              INFO   ***** Eval results *****
2022-10-08 15:41:11.618 629:isIngraph              INFO     eval_acc = 0.9731
2022-10-08 15:41:11.618 629:isIngraph              INFO     eval_f1 = 0.9736
2022-10-08 15:41:11.618 629:isIngraph              INFO     eval_mcc = 0.9468
2022-10-08 15:41:11.619 629:isIngraph              INFO     eval_precision = 0.9571
2022-10-08 15:41:11.619 629:isIngraph              INFO     eval_recall = 0.9907
2022-10-08 15:41:11.619 629:isIngraph              INFO     eval_threshold = 0.5
2022-10-08 15:41:11.619 522:isIngraph              INFO     ********************
2022-10-08 15:41:11.619 523:isIngraph              INFO     Best f1:0.9736
2022-10-08 15:41:11.619 524:isIngraph              INFO     ********************
2022-10-08 15:41:11.620 539:isIngraph              INFO   Saving model checkpoint to ../isInGraph/java250/plm/saved_codebertmodels/3/ddg_2/checkpoint-best-f1/model.bin
2022-10-08 15:41:11.620 544:isIngraph              INFO     ********************
2022-10-08 15:41:11.620 545:isIngraph              INFO     Best MCC:0.9468
2022-10-08 15:41:11.620 546:isIngraph              INFO     ********************
2022-10-08 15:41:11.620 561:isIngraph              INFO   Saving model checkpoint to ../isInGraph/java250/plm/saved_codebertmodels/3/ddg_2/checkpoint-best-mcc/model.bin
2022-10-08 15:41:17.418 580:isIngraph              INFO   ***** Running evaluation *****
2022-10-08 15:41:17.418 581:isIngraph              INFO     Num examples = 33196
2022-10-08 15:41:17.418 582:isIngraph              INFO     Batch size = 32
2022-10-08 15:41:36.462 627:isIngraph              INFO   ***** Eval results *****
2022-10-08 15:41:36.463 629:isIngraph              INFO     eval_acc = 0.9726
2022-10-08 15:41:36.463 629:isIngraph              INFO     eval_f1 = 0.9731
2022-10-08 15:41:36.463 629:isIngraph              INFO     eval_mcc = 0.9458
2022-10-08 15:41:36.463 629:isIngraph              INFO     eval_precision = 0.9578
2022-10-08 15:41:36.463 629:isIngraph              INFO     eval_recall = 0.9889
2022-10-08 15:41:36.463 629:isIngraph              INFO     eval_threshold = 0.5
2022-10-08 15:41:42.281 580:isIngraph              INFO   ***** Running evaluation *****
2022-10-08 15:41:42.281 581:isIngraph              INFO     Num examples = 33196
2022-10-08 15:41:42.281 582:isIngraph              INFO     Batch size = 32
2022-10-08 15:42:01.351 627:isIngraph              INFO   ***** Eval results *****
2022-10-08 15:42:01.351 629:isIngraph              INFO     eval_acc = 0.9739
2022-10-08 15:42:01.351 629:isIngraph              INFO     eval_f1 = 0.9744
2022-10-08 15:42:01.351 629:isIngraph              INFO     eval_mcc = 0.9486
2022-10-08 15:42:01.351 629:isIngraph              INFO     eval_precision = 0.9563
2022-10-08 15:42:01.351 629:isIngraph              INFO     eval_recall = 0.9933
2022-10-08 15:42:01.351 629:isIngraph              INFO     eval_threshold = 0.5
2022-10-08 15:42:01.351 522:isIngraph              INFO     ********************
2022-10-08 15:42:01.351 523:isIngraph              INFO     Best f1:0.9744
2022-10-08 15:42:01.352 524:isIngraph              INFO     ********************
2022-10-08 15:42:01.352 539:isIngraph              INFO   Saving model checkpoint to ../isInGraph/java250/plm/saved_codebertmodels/3/ddg_2/checkpoint-best-f1/model.bin
2022-10-08 15:42:01.352 544:isIngraph              INFO     ********************
2022-10-08 15:42:01.352 545:isIngraph              INFO     Best MCC:0.9486
2022-10-08 15:42:01.353 546:isIngraph              INFO     ********************
2022-10-08 15:42:01.353 561:isIngraph              INFO   Saving model checkpoint to ../isInGraph/java250/plm/saved_codebertmodels/3/ddg_2/checkpoint-best-mcc/model.bin
2022-10-08 15:42:07.202 580:isIngraph              INFO   ***** Running evaluation *****
2022-10-08 15:42:07.203 581:isIngraph              INFO     Num examples = 33196
2022-10-08 15:42:07.203 582:isIngraph              INFO     Batch size = 32
2022-10-08 15:42:26.179 627:isIngraph              INFO   ***** Eval results *****
2022-10-08 15:42:26.179 629:isIngraph              INFO     eval_acc = 0.9746
2022-10-08 15:42:26.179 629:isIngraph              INFO     eval_f1 = 0.9751
2022-10-08 15:42:26.179 629:isIngraph              INFO     eval_mcc = 0.9499
2022-10-08 15:42:26.179 629:isIngraph              INFO     eval_precision = 0.9578
2022-10-08 15:42:26.179 629:isIngraph              INFO     eval_recall = 0.993
2022-10-08 15:42:26.179 629:isIngraph              INFO     eval_threshold = 0.5
2022-10-08 15:42:26.179 522:isIngraph              INFO     ********************
2022-10-08 15:42:26.179 523:isIngraph              INFO     Best f1:0.9751
2022-10-08 15:42:26.179 524:isIngraph              INFO     ********************
2022-10-08 15:42:26.180 539:isIngraph              INFO   Saving model checkpoint to ../isInGraph/java250/plm/saved_codebertmodels/3/ddg_2/checkpoint-best-f1/model.bin
2022-10-08 15:42:26.180 544:isIngraph              INFO     ********************
2022-10-08 15:42:26.180 545:isIngraph              INFO     Best MCC:0.9499
2022-10-08 15:42:26.180 546:isIngraph              INFO     ********************
2022-10-08 15:42:26.181 561:isIngraph              INFO   Saving model checkpoint to ../isInGraph/java250/plm/saved_codebertmodels/3/ddg_2/checkpoint-best-mcc/model.bin
2022-10-08 15:42:32.008 580:isIngraph              INFO   ***** Running evaluation *****
2022-10-08 15:42:32.008 581:isIngraph              INFO     Num examples = 33196
2022-10-08 15:42:32.008 582:isIngraph              INFO     Batch size = 32
2022-10-08 15:42:51.097 627:isIngraph              INFO   ***** Eval results *****
2022-10-08 15:42:51.097 629:isIngraph              INFO     eval_acc = 0.9748
2022-10-08 15:42:51.097 629:isIngraph              INFO     eval_f1 = 0.9753
2022-10-08 15:42:51.097 629:isIngraph              INFO     eval_mcc = 0.9503
2022-10-08 15:42:51.097 629:isIngraph              INFO     eval_precision = 0.9586
2022-10-08 15:42:51.097 629:isIngraph              INFO     eval_recall = 0.9926
2022-10-08 15:42:51.097 629:isIngraph              INFO     eval_threshold = 0.5
2022-10-08 15:42:51.097 522:isIngraph              INFO     ********************
2022-10-08 15:42:51.097 523:isIngraph              INFO     Best f1:0.9753
2022-10-08 15:42:51.098 524:isIngraph              INFO     ********************
2022-10-08 15:42:51.098 539:isIngraph              INFO   Saving model checkpoint to ../isInGraph/java250/plm/saved_codebertmodels/3/ddg_2/checkpoint-best-f1/model.bin
2022-10-08 15:42:51.098 544:isIngraph              INFO     ********************
2022-10-08 15:42:51.098 545:isIngraph              INFO     Best MCC:0.9503
2022-10-08 15:42:51.098 546:isIngraph              INFO     ********************
2022-10-08 15:42:51.099 561:isIngraph              INFO   Saving model checkpoint to ../isInGraph/java250/plm/saved_codebertmodels/3/ddg_2/checkpoint-best-mcc/model.bin
2022-10-08 15:42:56.930 580:isIngraph              INFO   ***** Running evaluation *****
2022-10-08 15:42:56.930 581:isIngraph              INFO     Num examples = 33196
2022-10-08 15:42:56.930 582:isIngraph              INFO     Batch size = 32
2022-10-08 15:43:16.035 627:isIngraph              INFO   ***** Eval results *****
2022-10-08 15:43:16.035 629:isIngraph              INFO     eval_acc = 0.9751
2022-10-08 15:43:16.035 629:isIngraph              INFO     eval_f1 = 0.9756
2022-10-08 15:43:16.035 629:isIngraph              INFO     eval_mcc = 0.9509
2022-10-08 15:43:16.035 629:isIngraph              INFO     eval_precision = 0.9574
2022-10-08 15:43:16.035 629:isIngraph              INFO     eval_recall = 0.9945
2022-10-08 15:43:16.036 629:isIngraph              INFO     eval_threshold = 0.5
2022-10-08 15:43:16.036 522:isIngraph              INFO     ********************
2022-10-08 15:43:16.036 523:isIngraph              INFO     Best f1:0.9756
2022-10-08 15:43:16.036 524:isIngraph              INFO     ********************
2022-10-08 15:43:16.036 539:isIngraph              INFO   Saving model checkpoint to ../isInGraph/java250/plm/saved_codebertmodels/3/ddg_2/checkpoint-best-f1/model.bin
2022-10-08 15:43:16.037 544:isIngraph              INFO     ********************
2022-10-08 15:43:16.037 545:isIngraph              INFO     Best MCC:0.9509
2022-10-08 15:43:16.037 546:isIngraph              INFO     ********************
2022-10-08 15:43:16.037 561:isIngraph              INFO   Saving model checkpoint to ../isInGraph/java250/plm/saved_codebertmodels/3/ddg_2/checkpoint-best-mcc/model.bin
2022-10-08 15:43:16.178 650:isIngraph              INFO   ***** Running Test *****
2022-10-08 15:43:16.178 651:isIngraph              INFO     Num examples = 32385
2022-10-08 15:43:16.179 652:isIngraph              INFO     Batch size = 32
2022-10-08 15:43:34.513 693:isIngraph              INFO   ***** Test results *****
2022-10-08 15:43:34.514 695:isIngraph              INFO     eval_acc = 0.9711
2022-10-08 15:43:34.514 695:isIngraph              INFO     eval_f1 = 0.9716
2022-10-08 15:43:34.514 695:isIngraph              INFO     eval_mcc = 0.9427
2022-10-08 15:43:34.514 695:isIngraph              INFO     eval_precision = 0.9557
2022-10-08 15:43:34.514 695:isIngraph              INFO     eval_recall = 0.988
2022-10-08 15:43:34.514 695:isIngraph              INFO     eval_threshold = 0.5
