2023-05-20 10:58:36.827 933:link-prediction        DEBUG  main message
2023-05-20 10:58:36.827 939:link-prediction        WARNING device: cuda, n_gpu: 1
2023-05-20 10:58:38.687 954:link-prediction        INFO   Load Dataset
2023-05-20 10:59:24.520 246:link-prediction        INFO   Load Span file and Graph data, data path: ../datasets/java250/graphs/codet5/codet5_train_cfg_cleaned.pt
2023-05-20 10:59:25.583 298:link-prediction        INFO   Labels Counter({0: 16457, 1: 16457})
2023-05-20 10:59:25.637 246:link-prediction        INFO   Load Span file and Graph data, data path: ../datasets/java250/graphs/codet5/codet5_valid_cfg_cleaned.pt
2023-05-20 10:59:26.499 298:link-prediction        INFO   Labels Counter({0: 5470, 1: 5470})
2023-05-20 10:59:26.553 246:link-prediction        INFO   Load Span file and Graph data, data path: ../datasets/java250/graphs/codet5/codet5_test_cfg_cleaned.pt
2023-05-20 10:59:27.220 298:link-prediction        INFO   Labels Counter({1: 5420, 0: 5420})
2023-05-20 10:59:27.221 303:link-prediction        INFO   *** Example ***
2023-05-20 10:59:27.221 304:link-prediction        INFO   idx: s169429918_Calc
2023-05-20 10:59:27.221 305:link-prediction        INFO   label: 0
2023-05-20 10:59:27.223 306:link-prediction        INFO   input_tokens_1: ['sc', '_=', '_new', '_BufferedReader', '(', 'new', '_InputStreamReader', '(', 'System', '.', 'in', '))']
2023-05-20 10:59:27.223 314:link-prediction        INFO   input_ids_1: 9 21
2023-05-20 10:59:27.223 321:link-prediction        INFO   span_arry_1: [9, 20] [9, 20], mask 1 0
2023-05-20 10:59:27.223 331:link-prediction        INFO   input_tokens_reverse_1: Ġsc Ġ= Ġnew ĠBufferedReader ( new ĠInputStreamReader ( System . in ));
2023-05-20 10:59:27.224 341:link-prediction        INFO   input_tokens_2: ['x', '.', 'size', '()']
2023-05-20 10:59:27.224 349:link-prediction        INFO   input_ids_2: 211 215
2023-05-20 10:59:27.224 356:link-prediction        INFO   span_arry_2: [211, 214] [211, 214], mask 1 0
2023-05-20 10:59:27.224 366:link-prediction        INFO   input_tokens_reverse_2: x . size ()
2023-05-20 10:59:27.224 303:link-prediction        INFO   *** Example ***
2023-05-20 10:59:27.224 304:link-prediction        INFO   idx: s224867807_split
2023-05-20 10:59:27.225 305:link-prediction        INFO   label: 0
2023-05-20 10:59:27.225 306:link-prediction        INFO   input_tokens_1: ['w', '_&&', '_!', 'last', 'Whitespace']
2023-05-20 10:59:27.226 314:link-prediction        INFO   input_ids_1: 199 204
2023-05-20 10:59:27.226 321:link-prediction        INFO   span_arry_1: [199, 203] [199, 203], mask 1 0
2023-05-20 10:59:27.226 331:link-prediction        INFO   input_tokens_reverse_1: w Ġ&& Ġ! last Whitespace
2023-05-20 10:59:27.227 341:link-prediction        INFO   input_tokens_2: ['res', '_=', '_new', '_String', '[', 'sp', ']']
2023-05-20 10:59:27.227 349:link-prediction        INFO   input_ids_2: 144 151
2023-05-20 10:59:27.227 356:link-prediction        INFO   span_arry_2: [144, 150] [144, 150], mask 1 0
2023-05-20 10:59:27.227 366:link-prediction        INFO   input_tokens_reverse_2: Ġres Ġ= Ġnew ĠString [ sp ];
2023-05-20 10:59:27.227 303:link-prediction        INFO   *** Example ***
2023-05-20 10:59:27.227 304:link-prediction        INFO   idx: s250378033_main
2023-05-20 10:59:27.227 305:link-prediction        INFO   label: 1
2023-05-20 10:59:27.228 306:link-prediction        INFO   input_tokens_1: ['H', '[', 'i', ']']
2023-05-20 10:59:27.228 314:link-prediction        INFO   input_ids_1: 80 84
2023-05-20 10:59:27.228 321:link-prediction        INFO   span_arry_1: [80, 83] [80, 83], mask 1 0
2023-05-20 10:59:27.228 331:link-prediction        INFO   input_tokens_reverse_1: ĠH [ i ]
2023-05-20 10:59:27.229 341:link-prediction        INFO   input_tokens_2: ['H', '[', 'i', ']', '_=', '_sc', '.', 'next', 'Int', '()']
2023-05-20 10:59:27.229 349:link-prediction        INFO   input_ids_2: 80 90
2023-05-20 10:59:27.229 356:link-prediction        INFO   span_arry_2: [84, 89] [84, 89], mask 1 0
2023-05-20 10:59:27.229 366:link-prediction        INFO   input_tokens_reverse_2: ĠH [ i ] Ġ= Ġsc . next Int ();
2023-05-20 10:59:27.229 303:link-prediction        INFO   *** Example ***
2023-05-20 10:59:27.229 304:link-prediction        INFO   idx: s698668614_main
2023-05-20 10:59:27.230 305:link-prediction        INFO   label: 0
2023-05-20 10:59:27.230 306:link-prediction        INFO   input_tokens_1: ['System', '.', 'out']
2023-05-20 10:59:27.230 314:link-prediction        INFO   input_ids_1: 53 56
2023-05-20 10:59:27.230 321:link-prediction        INFO   span_arry_1: [53, 55] [53, 55], mask 1 0
2023-05-20 10:59:27.231 331:link-prediction        INFO   input_tokens_reverse_1: ĠSystem . out
2023-05-20 10:59:27.231 341:link-prediction        INFO   input_tokens_2: ['sc', '.', 'close', '()']
2023-05-20 10:59:27.231 349:link-prediction        INFO   input_ids_2: 37 41
2023-05-20 10:59:27.231 356:link-prediction        INFO   span_arry_2: [37, 40] [37, 40], mask 1 0
2023-05-20 10:59:27.232 366:link-prediction        INFO   input_tokens_reverse_2: Ġsc . close ();
2023-05-20 10:59:27.232 303:link-prediction        INFO   *** Example ***
2023-05-20 10:59:27.232 304:link-prediction        INFO   idx: s513269492_main
2023-05-20 10:59:27.232 305:link-prediction        INFO   label: 0
2023-05-20 10:59:27.232 306:link-prediction        INFO   input_tokens_1: ['sc', '.', 'next', 'Int', '()']
2023-05-20 10:59:27.233 314:link-prediction        INFO   input_ids_1: 32 37
2023-05-20 10:59:27.233 321:link-prediction        INFO   span_arry_1: [32, 36] [32, 36], mask 1 0
2023-05-20 10:59:27.233 331:link-prediction        INFO   input_tokens_reverse_1: Ġsc . next Int ();
2023-05-20 10:59:27.233 341:link-prediction        INFO   input_tokens_2: ['c', '_=', '_sc', '.', 'next', 'Int', '()']
2023-05-20 10:59:27.233 349:link-prediction        INFO   input_ids_2: 38 45
2023-05-20 10:59:27.234 356:link-prediction        INFO   span_arry_2: [38, 44] [38, 44], mask 1 0
2023-05-20 10:59:27.234 366:link-prediction        INFO   input_tokens_reverse_2: Ġc Ġ= Ġsc . next Int ();
2023-05-20 10:59:27.234 303:link-prediction        INFO   *** Example ***
2023-05-20 10:59:27.234 304:link-prediction        INFO   idx: s673286696_main
2023-05-20 10:59:27.234 305:link-prediction        INFO   label: 0
2023-05-20 10:59:27.235 306:link-prediction        INFO   input_tokens_1: ['c', 'ou', '_=', '_0']
2023-05-20 10:59:27.235 314:link-prediction        INFO   input_ids_1: 30 34
2023-05-20 10:59:27.235 321:link-prediction        INFO   span_arry_1: [30, 33] [30, 33], mask 1 0
2023-05-20 10:59:27.235 331:link-prediction        INFO   input_tokens_reverse_1: Ġc ou Ġ= Ġ0
2023-05-20 10:59:27.236 341:link-prediction        INFO   input_tokens_2: ['System', '.', 'in']
2023-05-20 10:59:27.236 349:link-prediction        INFO   input_ids_2: 17 20
2023-05-20 10:59:27.236 356:link-prediction        INFO   span_arry_2: [17, 19] [17, 19], mask 1 0
2023-05-20 10:59:27.236 366:link-prediction        INFO   input_tokens_reverse_2: System . in
2023-05-20 10:59:27.236 303:link-prediction        INFO   *** Example ***
2023-05-20 10:59:27.236 304:link-prediction        INFO   idx: s443361015_main
2023-05-20 10:59:27.236 305:link-prediction        INFO   label: 1
2023-05-20 10:59:27.237 306:link-prediction        INFO   input_tokens_1: ['map', '.', 'get', '(', 'sorted', ')']
2023-05-20 10:59:27.237 314:link-prediction        INFO   input_ids_1: 112 118
2023-05-20 10:59:27.237 321:link-prediction        INFO   span_arry_1: [112, 117] [112, 117], mask 1 0
2023-05-20 10:59:27.238 331:link-prediction        INFO   input_tokens_reverse_1: Ġmap . get ( sorted )
2023-05-20 10:59:27.238 341:link-prediction        INFO   input_tokens_2: ['map', '.', 'put', '(', 'sorted', ',', '_map', '.', 'get', '(', 'sorted', ')', '_+', '_1', ')']
2023-05-20 10:59:27.238 349:link-prediction        INFO   input_ids_2: 106 121
2023-05-20 10:59:27.239 356:link-prediction        INFO   span_arry_2: [106, 111] [118, 120], mask 1 1
2023-05-20 10:59:27.239 366:link-prediction        INFO   input_tokens_reverse_2: Ġmap . put ( sorted , Ġmap . get ( sorted ) Ġ+ Ġ1 );
2023-05-20 10:59:27.239 303:link-prediction        INFO   *** Example ***
2023-05-20 10:59:27.239 304:link-prediction        INFO   idx: s954107312_main
2023-05-20 10:59:27.239 305:link-prediction        INFO   label: 0
2023-05-20 10:59:27.240 306:link-prediction        INFO   input_tokens_1: ['scanner', '_=', '_new', '_Scanner', '(', 'System', '.', 'in', ')']
2023-05-20 10:59:27.240 314:link-prediction        INFO   input_ids_1: 12 21
2023-05-20 10:59:27.240 321:link-prediction        INFO   span_arry_1: [12, 20] [12, 20], mask 1 0
2023-05-20 10:59:27.240 331:link-prediction        INFO   input_tokens_reverse_1: Ġscanner Ġ= Ġnew ĠScanner ( System . in );
2023-05-20 10:59:27.241 341:link-prediction        INFO   input_tokens_2: ['out']
2023-05-20 10:59:27.241 349:link-prediction        INFO   input_ids_2: 90 91
2023-05-20 10:59:27.241 356:link-prediction        INFO   span_arry_2: [90, 90] [90, 90], mask 1 0
2023-05-20 10:59:27.241 366:link-prediction        INFO   input_tokens_reverse_2: out
2023-05-20 10:59:27.241 303:link-prediction        INFO   *** Example ***
2023-05-20 10:59:27.242 304:link-prediction        INFO   idx: s470053186_main
2023-05-20 10:59:27.242 305:link-prediction        INFO   label: 0
2023-05-20 10:59:27.243 306:link-prediction        INFO   input_tokens_1: ['A', '_=', '_Double', '.', 'parse', 'Double', '(', 'sc', '.', 'next', '())']
2023-05-20 10:59:27.243 314:link-prediction        INFO   input_ids_1: 46 57
2023-05-20 10:59:27.243 321:link-prediction        INFO   span_arry_1: [46, 56] [46, 56], mask 1 0
2023-05-20 10:59:27.243 331:link-prediction        INFO   input_tokens_reverse_1: ĠA Ġ= ĠDouble . parse Double ( sc . next ());
2023-05-20 10:59:27.244 341:link-prediction        INFO   input_tokens_2: ['A', '_-', '_(', 'T', '_-', '_H', '[', 'i', ']', '_*', '_0', '.', '00', '6', ')']
2023-05-20 10:59:27.244 349:link-prediction        INFO   input_ids_2: 129 144
2023-05-20 10:59:27.244 356:link-prediction        INFO   span_arry_2: [129, 143] [129, 143], mask 1 0
2023-05-20 10:59:27.244 366:link-prediction        INFO   input_tokens_reverse_2: A Ġ- Ġ( T Ġ- ĠH [ i ] Ġ* Ġ0 . 00 6 ))
2023-05-20 10:59:27.244 994:link-prediction        INFO   Finishing loading Dataset
2023-05-20 10:59:27.268 1003:link-prediction        INFO   Probimg Model Parameters 3843
2023-05-20 10:59:27.268 1004:link-prediction        INFO   Training/evaluation parameters Namespace(adam_epsilon=1e-08, class_num=2, config_name='Salesforce/codet5-base', data_folder='../datasets/java250/graphs', dataset='java250', debug=False, device=device(type='cuda'), do_crossing='cleaned', do_eval=False, do_random=True, do_test=True, do_train=True, epochs=2, eval_batch_size=32, evaluate_during_training=False, gradient_accumulation_steps=1, graph_type='cfg', layer=0, learning_rate=0.001, max_code_length=512, max_grad_norm=1.0, max_steps=-1, model_name='codet5', model_name_or_path='Salesforce/codet5-base', n_gpu=1, output_dir='../link_prediction/java250_res/random/saved_codet5models/3/cfg_0', posratio=0.5, seed=488, token_config='Salesforce/codet5-base', train_batch_size=64, warmup_steps=0, weight_decay=0.0)
2023-05-20 10:59:28.939 469:link-prediction        INFO   ***** Running training *****
2023-05-20 10:59:28.939 470:link-prediction        INFO     Num examples = 32914
2023-05-20 10:59:28.939 471:link-prediction        INFO     Num Epochs = 2
2023-05-20 10:59:28.939 472:link-prediction        INFO     Instantaneous batch size per GPU = 64
2023-05-20 10:59:28.940 476:link-prediction        INFO     Total train batch size = 64
2023-05-20 10:59:28.940 480:link-prediction        INFO     Gradient Accumulation steps = 1
2023-05-20 10:59:28.940 483:link-prediction        INFO     Total optimization steps = 1030
2023-05-20 10:59:33.158 598:link-prediction        INFO   ***** Running evaluation *****
2023-05-20 10:59:33.158 599:link-prediction        INFO     Num examples = 10940
2023-05-20 10:59:33.158 600:link-prediction        INFO     Batch size = 32
2023-05-20 10:59:43.341 645:link-prediction        INFO   ***** Eval results *****
2023-05-20 10:59:43.342 647:link-prediction        INFO     eval_acc = 0.6151
2023-05-20 10:59:43.342 647:link-prediction        INFO     eval_f1 = 0.5887
2023-05-20 10:59:43.342 647:link-prediction        INFO     eval_mcc = 0.2321
2023-05-20 10:59:43.343 647:link-prediction        INFO     eval_precision = 0.632
2023-05-20 10:59:43.343 647:link-prediction        INFO     eval_recall = 0.551
2023-05-20 10:59:43.343 647:link-prediction        INFO     eval_threshold = 0.5
2023-05-20 10:59:43.347 540:link-prediction        INFO     ********************
2023-05-20 10:59:43.347 541:link-prediction        INFO     Best f1:0.5887
2023-05-20 10:59:43.347 542:link-prediction        INFO     ********************
2023-05-20 10:59:43.351 557:link-prediction        INFO   Saving model checkpoint to ../link_prediction/java250_res/random/saved_codet5models/3/cfg_0/checkpoint-best-f1/model.bin
2023-05-20 10:59:43.351 562:link-prediction        INFO     ********************
2023-05-20 10:59:43.351 563:link-prediction        INFO     Best MCC:0.2321
2023-05-20 10:59:43.351 564:link-prediction        INFO     ********************
2023-05-20 10:59:43.354 579:link-prediction        INFO   Saving model checkpoint to ../link_prediction/java250_res/random/saved_codet5models/3/cfg_0/checkpoint-best-mcc/model.bin
2023-05-20 10:59:46.156 598:link-prediction        INFO   ***** Running evaluation *****
2023-05-20 10:59:46.156 599:link-prediction        INFO     Num examples = 10940
2023-05-20 10:59:46.157 600:link-prediction        INFO     Batch size = 32
2023-05-20 10:59:55.642 645:link-prediction        INFO   ***** Eval results *****
2023-05-20 10:59:55.643 647:link-prediction        INFO     eval_acc = 0.6554
2023-05-20 10:59:55.643 647:link-prediction        INFO     eval_f1 = 0.6329
2023-05-20 10:59:55.643 647:link-prediction        INFO     eval_mcc = 0.3131
2023-05-20 10:59:55.643 647:link-prediction        INFO     eval_precision = 0.6771
2023-05-20 10:59:55.643 647:link-prediction        INFO     eval_recall = 0.5941
2023-05-20 10:59:55.643 647:link-prediction        INFO     eval_threshold = 0.5
2023-05-20 10:59:55.646 540:link-prediction        INFO     ********************
2023-05-20 10:59:55.647 541:link-prediction        INFO     Best f1:0.6329
2023-05-20 10:59:55.647 542:link-prediction        INFO     ********************
2023-05-20 10:59:55.650 557:link-prediction        INFO   Saving model checkpoint to ../link_prediction/java250_res/random/saved_codet5models/3/cfg_0/checkpoint-best-f1/model.bin
2023-05-20 10:59:55.651 562:link-prediction        INFO     ********************
2023-05-20 10:59:55.651 563:link-prediction        INFO     Best MCC:0.3131
2023-05-20 10:59:55.651 564:link-prediction        INFO     ********************
2023-05-20 10:59:55.654 579:link-prediction        INFO   Saving model checkpoint to ../link_prediction/java250_res/random/saved_codet5models/3/cfg_0/checkpoint-best-mcc/model.bin
2023-05-20 10:59:58.713 598:link-prediction        INFO   ***** Running evaluation *****
2023-05-20 10:59:58.713 599:link-prediction        INFO     Num examples = 10940
2023-05-20 10:59:58.714 600:link-prediction        INFO     Batch size = 32
2023-05-20 11:00:08.644 645:link-prediction        INFO   ***** Eval results *****
2023-05-20 11:00:08.644 647:link-prediction        INFO     eval_acc = 0.6416
2023-05-20 11:00:08.644 647:link-prediction        INFO     eval_f1 = 0.6202
2023-05-20 11:00:08.645 647:link-prediction        INFO     eval_mcc = 0.285
2023-05-20 11:00:08.645 647:link-prediction        INFO     eval_precision = 0.6596
2023-05-20 11:00:08.645 647:link-prediction        INFO     eval_recall = 0.5852
2023-05-20 11:00:08.645 647:link-prediction        INFO     eval_threshold = 0.5
2023-05-20 11:00:11.822 598:link-prediction        INFO   ***** Running evaluation *****
2023-05-20 11:00:11.822 599:link-prediction        INFO     Num examples = 10940
2023-05-20 11:00:11.823 600:link-prediction        INFO     Batch size = 32
2023-05-20 11:00:21.599 645:link-prediction        INFO   ***** Eval results *****
2023-05-20 11:00:21.599 647:link-prediction        INFO     eval_acc = 0.6776
2023-05-20 11:00:21.600 647:link-prediction        INFO     eval_f1 = 0.6933
2023-05-20 11:00:21.600 647:link-prediction        INFO     eval_mcc = 0.3571
2023-05-20 11:00:21.600 647:link-prediction        INFO     eval_precision = 0.6611
2023-05-20 11:00:21.600 647:link-prediction        INFO     eval_recall = 0.7287
2023-05-20 11:00:21.600 647:link-prediction        INFO     eval_threshold = 0.5
2023-05-20 11:00:21.603 540:link-prediction        INFO     ********************
2023-05-20 11:00:21.603 541:link-prediction        INFO     Best f1:0.6933
2023-05-20 11:00:21.603 542:link-prediction        INFO     ********************
2023-05-20 11:00:21.606 557:link-prediction        INFO   Saving model checkpoint to ../link_prediction/java250_res/random/saved_codet5models/3/cfg_0/checkpoint-best-f1/model.bin
2023-05-20 11:00:21.606 562:link-prediction        INFO     ********************
2023-05-20 11:00:21.606 563:link-prediction        INFO     Best MCC:0.3571
2023-05-20 11:00:21.606 564:link-prediction        INFO     ********************
2023-05-20 11:00:21.608 579:link-prediction        INFO   Saving model checkpoint to ../link_prediction/java250_res/random/saved_codet5models/3/cfg_0/checkpoint-best-mcc/model.bin
2023-05-20 11:00:24.447 598:link-prediction        INFO   ***** Running evaluation *****
2023-05-20 11:00:24.447 599:link-prediction        INFO     Num examples = 10940
2023-05-20 11:00:24.447 600:link-prediction        INFO     Batch size = 32
2023-05-20 11:00:34.367 645:link-prediction        INFO   ***** Eval results *****
2023-05-20 11:00:34.368 647:link-prediction        INFO     eval_acc = 0.6591
2023-05-20 11:00:34.368 647:link-prediction        INFO     eval_f1 = 0.65
2023-05-20 11:00:34.368 647:link-prediction        INFO     eval_mcc = 0.3187
2023-05-20 11:00:34.368 647:link-prediction        INFO     eval_precision = 0.6679
2023-05-20 11:00:34.368 647:link-prediction        INFO     eval_recall = 0.6331
2023-05-20 11:00:34.369 647:link-prediction        INFO     eval_threshold = 0.5
2023-05-20 11:00:37.294 598:link-prediction        INFO   ***** Running evaluation *****
2023-05-20 11:00:37.294 599:link-prediction        INFO     Num examples = 10940
2023-05-20 11:00:37.294 600:link-prediction        INFO     Batch size = 32
2023-05-20 11:00:47.311 645:link-prediction        INFO   ***** Eval results *****
2023-05-20 11:00:47.312 647:link-prediction        INFO     eval_acc = 0.6739
2023-05-20 11:00:47.312 647:link-prediction        INFO     eval_f1 = 0.6592
2023-05-20 11:00:47.312 647:link-prediction        INFO     eval_mcc = 0.349
2023-05-20 11:00:47.312 647:link-prediction        INFO     eval_precision = 0.6903
2023-05-20 11:00:47.312 647:link-prediction        INFO     eval_recall = 0.6307
2023-05-20 11:00:47.313 647:link-prediction        INFO     eval_threshold = 0.5
2023-05-20 11:00:50.175 598:link-prediction        INFO   ***** Running evaluation *****
2023-05-20 11:00:50.175 599:link-prediction        INFO     Num examples = 10940
2023-05-20 11:00:50.175 600:link-prediction        INFO     Batch size = 32
2023-05-20 11:01:00.243 645:link-prediction        INFO   ***** Eval results *****
2023-05-20 11:01:00.243 647:link-prediction        INFO     eval_acc = 0.6857
2023-05-20 11:01:00.243 647:link-prediction        INFO     eval_f1 = 0.6998
2023-05-20 11:01:00.243 647:link-prediction        INFO     eval_mcc = 0.3731
2023-05-20 11:01:00.244 647:link-prediction        INFO     eval_precision = 0.6698
2023-05-20 11:01:00.244 647:link-prediction        INFO     eval_recall = 0.7325
2023-05-20 11:01:00.244 647:link-prediction        INFO     eval_threshold = 0.5
2023-05-20 11:01:00.249 540:link-prediction        INFO     ********************
2023-05-20 11:01:00.249 541:link-prediction        INFO     Best f1:0.6998
2023-05-20 11:01:00.249 542:link-prediction        INFO     ********************
2023-05-20 11:01:00.253 557:link-prediction        INFO   Saving model checkpoint to ../link_prediction/java250_res/random/saved_codet5models/3/cfg_0/checkpoint-best-f1/model.bin
2023-05-20 11:01:00.253 562:link-prediction        INFO     ********************
2023-05-20 11:01:00.253 563:link-prediction        INFO     Best MCC:0.3731
2023-05-20 11:01:00.253 564:link-prediction        INFO     ********************
2023-05-20 11:01:00.255 579:link-prediction        INFO   Saving model checkpoint to ../link_prediction/java250_res/random/saved_codet5models/3/cfg_0/checkpoint-best-mcc/model.bin
2023-05-20 11:01:03.647 598:link-prediction        INFO   ***** Running evaluation *****
2023-05-20 11:01:03.648 599:link-prediction        INFO     Num examples = 10940
2023-05-20 11:01:03.648 600:link-prediction        INFO     Batch size = 32
2023-05-20 11:01:13.807 645:link-prediction        INFO   ***** Eval results *****
2023-05-20 11:01:13.807 647:link-prediction        INFO     eval_acc = 0.6723
2023-05-20 11:01:13.807 647:link-prediction        INFO     eval_f1 = 0.6649
2023-05-20 11:01:13.808 647:link-prediction        INFO     eval_mcc = 0.3449
2023-05-20 11:01:13.808 647:link-prediction        INFO     eval_precision = 0.6802
2023-05-20 11:01:13.808 647:link-prediction        INFO     eval_recall = 0.6503
2023-05-20 11:01:13.808 647:link-prediction        INFO     eval_threshold = 0.5
2023-05-20 11:01:16.752 598:link-prediction        INFO   ***** Running evaluation *****
2023-05-20 11:01:16.752 599:link-prediction        INFO     Num examples = 10940
2023-05-20 11:01:16.752 600:link-prediction        INFO     Batch size = 32
2023-05-20 11:01:26.491 645:link-prediction        INFO   ***** Eval results *****
2023-05-20 11:01:26.492 647:link-prediction        INFO     eval_acc = 0.6523
2023-05-20 11:01:26.492 647:link-prediction        INFO     eval_f1 = 0.6633
2023-05-20 11:01:26.492 647:link-prediction        INFO     eval_mcc = 0.3052
2023-05-20 11:01:26.492 647:link-prediction        INFO     eval_precision = 0.6429
2023-05-20 11:01:26.492 647:link-prediction        INFO     eval_recall = 0.685
2023-05-20 11:01:26.492 647:link-prediction        INFO     eval_threshold = 0.5
2023-05-20 11:01:29.478 598:link-prediction        INFO   ***** Running evaluation *****
2023-05-20 11:01:29.479 599:link-prediction        INFO     Num examples = 10940
2023-05-20 11:01:29.479 600:link-prediction        INFO     Batch size = 32
2023-05-20 11:01:39.381 645:link-prediction        INFO   ***** Eval results *****
2023-05-20 11:01:39.381 647:link-prediction        INFO     eval_acc = 0.6717
2023-05-20 11:01:39.381 647:link-prediction        INFO     eval_f1 = 0.6623
2023-05-20 11:01:39.381 647:link-prediction        INFO     eval_mcc = 0.3439
2023-05-20 11:01:39.382 647:link-prediction        INFO     eval_precision = 0.6818
2023-05-20 11:01:39.382 647:link-prediction        INFO     eval_recall = 0.6439
2023-05-20 11:01:39.382 647:link-prediction        INFO     eval_threshold = 0.5
2023-05-20 11:01:42.218 598:link-prediction        INFO   ***** Running evaluation *****
2023-05-20 11:01:42.218 599:link-prediction        INFO     Num examples = 10940
2023-05-20 11:01:42.218 600:link-prediction        INFO     Batch size = 32
2023-05-20 11:01:51.806 645:link-prediction        INFO   ***** Eval results *****
2023-05-20 11:01:51.806 647:link-prediction        INFO     eval_acc = 0.6665
2023-05-20 11:01:51.806 647:link-prediction        INFO     eval_f1 = 0.6585
2023-05-20 11:01:51.806 647:link-prediction        INFO     eval_mcc = 0.3335
2023-05-20 11:01:51.806 647:link-prediction        INFO     eval_precision = 0.6748
2023-05-20 11:01:51.807 647:link-prediction        INFO     eval_recall = 0.643
2023-05-20 11:01:51.807 647:link-prediction        INFO     eval_threshold = 0.5
2023-05-20 11:01:54.739 598:link-prediction        INFO   ***** Running evaluation *****
2023-05-20 11:01:54.739 599:link-prediction        INFO     Num examples = 10940
2023-05-20 11:01:54.740 600:link-prediction        INFO     Batch size = 32
2023-05-20 11:02:04.667 645:link-prediction        INFO   ***** Eval results *****
2023-05-20 11:02:04.668 647:link-prediction        INFO     eval_acc = 0.6908
2023-05-20 11:02:04.668 647:link-prediction        INFO     eval_f1 = 0.7004
2023-05-20 11:02:04.668 647:link-prediction        INFO     eval_mcc = 0.3823
2023-05-20 11:02:04.668 647:link-prediction        INFO     eval_precision = 0.6793
2023-05-20 11:02:04.668 647:link-prediction        INFO     eval_recall = 0.7229
2023-05-20 11:02:04.668 647:link-prediction        INFO     eval_threshold = 0.5
2023-05-20 11:02:04.671 540:link-prediction        INFO     ********************
2023-05-20 11:02:04.672 541:link-prediction        INFO     Best f1:0.7004
2023-05-20 11:02:04.672 542:link-prediction        INFO     ********************
2023-05-20 11:02:04.675 557:link-prediction        INFO   Saving model checkpoint to ../link_prediction/java250_res/random/saved_codet5models/3/cfg_0/checkpoint-best-f1/model.bin
2023-05-20 11:02:04.675 562:link-prediction        INFO     ********************
2023-05-20 11:02:04.675 563:link-prediction        INFO     Best MCC:0.3823
2023-05-20 11:02:04.675 564:link-prediction        INFO     ********************
2023-05-20 11:02:04.677 579:link-prediction        INFO   Saving model checkpoint to ../link_prediction/java250_res/random/saved_codet5models/3/cfg_0/checkpoint-best-mcc/model.bin
2023-05-20 11:02:07.840 598:link-prediction        INFO   ***** Running evaluation *****
2023-05-20 11:02:07.841 599:link-prediction        INFO     Num examples = 10940
2023-05-20 11:02:07.841 600:link-prediction        INFO     Batch size = 32
2023-05-20 11:02:17.783 645:link-prediction        INFO   ***** Eval results *****
2023-05-20 11:02:17.784 647:link-prediction        INFO     eval_acc = 0.697
2023-05-20 11:02:17.784 647:link-prediction        INFO     eval_f1 = 0.7009
2023-05-20 11:02:17.784 647:link-prediction        INFO     eval_mcc = 0.3941
2023-05-20 11:02:17.784 647:link-prediction        INFO     eval_precision = 0.6919
2023-05-20 11:02:17.784 647:link-prediction        INFO     eval_recall = 0.7102
2023-05-20 11:02:17.784 647:link-prediction        INFO     eval_threshold = 0.5
2023-05-20 11:02:17.788 540:link-prediction        INFO     ********************
2023-05-20 11:02:17.788 541:link-prediction        INFO     Best f1:0.7009
2023-05-20 11:02:17.788 542:link-prediction        INFO     ********************
2023-05-20 11:02:17.791 557:link-prediction        INFO   Saving model checkpoint to ../link_prediction/java250_res/random/saved_codet5models/3/cfg_0/checkpoint-best-f1/model.bin
2023-05-20 11:02:17.791 562:link-prediction        INFO     ********************
2023-05-20 11:02:17.791 563:link-prediction        INFO     Best MCC:0.3941
2023-05-20 11:02:17.791 564:link-prediction        INFO     ********************
2023-05-20 11:02:17.793 579:link-prediction        INFO   Saving model checkpoint to ../link_prediction/java250_res/random/saved_codet5models/3/cfg_0/checkpoint-best-mcc/model.bin
2023-05-20 11:02:20.822 598:link-prediction        INFO   ***** Running evaluation *****
2023-05-20 11:02:20.822 599:link-prediction        INFO     Num examples = 10940
2023-05-20 11:02:20.822 600:link-prediction        INFO     Batch size = 32
2023-05-20 11:02:30.260 645:link-prediction        INFO   ***** Eval results *****
2023-05-20 11:02:30.260 647:link-prediction        INFO     eval_acc = 0.6904
2023-05-20 11:02:30.260 647:link-prediction        INFO     eval_f1 = 0.6968
2023-05-20 11:02:30.260 647:link-prediction        INFO     eval_mcc = 0.3811
2023-05-20 11:02:30.260 647:link-prediction        INFO     eval_precision = 0.6827
2023-05-20 11:02:30.261 647:link-prediction        INFO     eval_recall = 0.7115
2023-05-20 11:02:30.261 647:link-prediction        INFO     eval_threshold = 0.5
2023-05-20 11:02:33.461 598:link-prediction        INFO   ***** Running evaluation *****
2023-05-20 11:02:33.461 599:link-prediction        INFO     Num examples = 10940
2023-05-20 11:02:33.461 600:link-prediction        INFO     Batch size = 32
2023-05-20 11:02:43.065 645:link-prediction        INFO   ***** Eval results *****
2023-05-20 11:02:43.066 647:link-prediction        INFO     eval_acc = 0.6937
2023-05-20 11:02:43.066 647:link-prediction        INFO     eval_f1 = 0.7
2023-05-20 11:02:43.066 647:link-prediction        INFO     eval_mcc = 0.3877
2023-05-20 11:02:43.066 647:link-prediction        INFO     eval_precision = 0.6859
2023-05-20 11:02:43.066 647:link-prediction        INFO     eval_recall = 0.7146
2023-05-20 11:02:43.066 647:link-prediction        INFO     eval_threshold = 0.5
2023-05-20 11:02:46.082 598:link-prediction        INFO   ***** Running evaluation *****
2023-05-20 11:02:46.082 599:link-prediction        INFO     Num examples = 10940
2023-05-20 11:02:46.082 600:link-prediction        INFO     Batch size = 32
2023-05-20 11:02:55.859 645:link-prediction        INFO   ***** Eval results *****
2023-05-20 11:02:55.859 647:link-prediction        INFO     eval_acc = 0.6811
2023-05-20 11:02:55.859 647:link-prediction        INFO     eval_f1 = 0.6948
2023-05-20 11:02:55.859 647:link-prediction        INFO     eval_mcc = 0.3636
2023-05-20 11:02:55.859 647:link-prediction        INFO     eval_precision = 0.6662
2023-05-20 11:02:55.860 647:link-prediction        INFO     eval_recall = 0.726
2023-05-20 11:02:55.860 647:link-prediction        INFO     eval_threshold = 0.5
2023-05-20 11:02:58.956 598:link-prediction        INFO   ***** Running evaluation *****
2023-05-20 11:02:58.956 599:link-prediction        INFO     Num examples = 10940
2023-05-20 11:02:58.957 600:link-prediction        INFO     Batch size = 32
2023-05-20 11:03:08.462 645:link-prediction        INFO   ***** Eval results *****
2023-05-20 11:03:08.463 647:link-prediction        INFO     eval_acc = 0.697
2023-05-20 11:03:08.463 647:link-prediction        INFO     eval_f1 = 0.7031
2023-05-20 11:03:08.463 647:link-prediction        INFO     eval_mcc = 0.3943
2023-05-20 11:03:08.463 647:link-prediction        INFO     eval_precision = 0.6891
2023-05-20 11:03:08.463 647:link-prediction        INFO     eval_recall = 0.7177
2023-05-20 11:03:08.464 647:link-prediction        INFO     eval_threshold = 0.5
2023-05-20 11:03:08.467 540:link-prediction        INFO     ********************
2023-05-20 11:03:08.467 541:link-prediction        INFO     Best f1:0.7031
2023-05-20 11:03:08.467 542:link-prediction        INFO     ********************
2023-05-20 11:03:08.471 557:link-prediction        INFO   Saving model checkpoint to ../link_prediction/java250_res/random/saved_codet5models/3/cfg_0/checkpoint-best-f1/model.bin
2023-05-20 11:03:08.471 562:link-prediction        INFO     ********************
2023-05-20 11:03:08.471 563:link-prediction        INFO     Best MCC:0.3943
2023-05-20 11:03:08.471 564:link-prediction        INFO     ********************
2023-05-20 11:03:08.473 579:link-prediction        INFO   Saving model checkpoint to ../link_prediction/java250_res/random/saved_codet5models/3/cfg_0/checkpoint-best-mcc/model.bin
2023-05-20 11:03:11.505 598:link-prediction        INFO   ***** Running evaluation *****
2023-05-20 11:03:11.505 599:link-prediction        INFO     Num examples = 10940
2023-05-20 11:03:11.505 600:link-prediction        INFO     Batch size = 32
2023-05-20 11:03:21.316 645:link-prediction        INFO   ***** Eval results *****
2023-05-20 11:03:21.317 647:link-prediction        INFO     eval_acc = 0.7023
2023-05-20 11:03:21.317 647:link-prediction        INFO     eval_f1 = 0.7085
2023-05-20 11:03:21.317 647:link-prediction        INFO     eval_mcc = 0.4049
2023-05-20 11:03:21.317 647:link-prediction        INFO     eval_precision = 0.694
2023-05-20 11:03:21.317 647:link-prediction        INFO     eval_recall = 0.7236
2023-05-20 11:03:21.317 647:link-prediction        INFO     eval_threshold = 0.5
2023-05-20 11:03:21.320 540:link-prediction        INFO     ********************
2023-05-20 11:03:21.320 541:link-prediction        INFO     Best f1:0.7085
2023-05-20 11:03:21.320 542:link-prediction        INFO     ********************
2023-05-20 11:03:21.323 557:link-prediction        INFO   Saving model checkpoint to ../link_prediction/java250_res/random/saved_codet5models/3/cfg_0/checkpoint-best-f1/model.bin
2023-05-20 11:03:21.323 562:link-prediction        INFO     ********************
2023-05-20 11:03:21.323 563:link-prediction        INFO     Best MCC:0.4049
2023-05-20 11:03:21.323 564:link-prediction        INFO     ********************
2023-05-20 11:03:21.326 579:link-prediction        INFO   Saving model checkpoint to ../link_prediction/java250_res/random/saved_codet5models/3/cfg_0/checkpoint-best-mcc/model.bin
2023-05-20 11:03:24.223 598:link-prediction        INFO   ***** Running evaluation *****
2023-05-20 11:03:24.224 599:link-prediction        INFO     Num examples = 10940
2023-05-20 11:03:24.224 600:link-prediction        INFO     Batch size = 32
2023-05-20 11:03:33.984 645:link-prediction        INFO   ***** Eval results *****
2023-05-20 11:03:33.985 647:link-prediction        INFO     eval_acc = 0.6924
2023-05-20 11:03:33.985 647:link-prediction        INFO     eval_f1 = 0.6876
2023-05-20 11:03:33.985 647:link-prediction        INFO     eval_mcc = 0.385
2023-05-20 11:03:33.985 647:link-prediction        INFO     eval_precision = 0.6985
2023-05-20 11:03:33.985 647:link-prediction        INFO     eval_recall = 0.677
2023-05-20 11:03:33.985 647:link-prediction        INFO     eval_threshold = 0.5
2023-05-20 11:03:37.002 598:link-prediction        INFO   ***** Running evaluation *****
2023-05-20 11:03:37.003 599:link-prediction        INFO     Num examples = 10940
2023-05-20 11:03:37.003 600:link-prediction        INFO     Batch size = 32
2023-05-20 11:03:46.962 645:link-prediction        INFO   ***** Eval results *****
2023-05-20 11:03:46.963 647:link-prediction        INFO     eval_acc = 0.6929
2023-05-20 11:03:46.963 647:link-prediction        INFO     eval_f1 = 0.6933
2023-05-20 11:03:46.963 647:link-prediction        INFO     eval_mcc = 0.3857
2023-05-20 11:03:46.963 647:link-prediction        INFO     eval_precision = 0.6924
2023-05-20 11:03:46.963 647:link-prediction        INFO     eval_recall = 0.6941
2023-05-20 11:03:46.963 647:link-prediction        INFO     eval_threshold = 0.5
2023-05-20 11:03:47.489 668:link-prediction        INFO   ***** Running Test *****
2023-05-20 11:03:47.490 669:link-prediction        INFO     Num examples = 10840
2023-05-20 11:03:47.490 670:link-prediction        INFO     Batch size = 32
2023-05-20 11:03:57.704 711:link-prediction        INFO   ***** Test results *****
2023-05-20 11:03:57.704 713:link-prediction        INFO     eval_acc = 0.7051
2023-05-20 11:03:57.704 713:link-prediction        INFO     eval_f1 = 0.7074
2023-05-20 11:03:57.705 713:link-prediction        INFO     eval_mcc = 0.4102
2023-05-20 11:03:57.705 713:link-prediction        INFO     eval_precision = 0.7019
2023-05-20 11:03:57.705 713:link-prediction        INFO     eval_recall = 0.7129
2023-05-20 11:03:57.705 713:link-prediction        INFO     eval_threshold = 0.5
