2023-05-26 05:52:56.448 936:isIngraph              DEBUG  main message
2023-05-26 05:52:56.448 942:isIngraph              WARNING device: cuda, n_gpu: 1
2023-05-26 05:52:57.102 957:isIngraph              INFO   Load Dataset
2023-05-26 05:53:58.049 248:isInGraph              INFO   Load Span file and Graph data, data path: ../datasets/java250/isINGraphs/codet5/codet5_train_ddg_cleaned.pt
2023-05-26 05:54:02.578 302:isInGraph              INFO   Labels Counter({1: 49712, 0: 49705})
2023-05-26 05:54:02.663 248:isInGraph              INFO   Load Span file and Graph data, data path: ../datasets/java250/isINGraphs/codet5/codet5_valid_ddg_cleaned.pt
2023-05-26 05:54:04.517 302:isInGraph              INFO   Labels Counter({0: 16598, 1: 16598})
2023-05-26 05:54:04.595 248:isInGraph              INFO   Load Span file and Graph data, data path: ../datasets/java250/isINGraphs/codet5/codet5_test_ddg_cleaned.pt
2023-05-26 05:54:08.961 302:isInGraph              INFO   Labels Counter({1: 16196, 0: 16189})
2023-05-26 05:54:08.961 307:isInGraph              INFO   *** Example ***
2023-05-26 05:54:08.961 308:isInGraph              INFO   idx: s170347756_main
2023-05-26 05:54:08.962 309:isInGraph              INFO   label: 0
2023-05-26 05:54:08.966 310:isInGraph              INFO   input_tokens_1: ['if', '_(', 'k', '_-', '_a', '[', 'n', '_-', '_1', ']', '_+', '_a', '[', '0', ']', '_<', '_max', ')']
2023-05-26 05:54:08.967 318:isInGraph              INFO   input_ids_1: 171 189
2023-05-26 05:54:08.967 325:isInGraph              INFO   input_tokens_reverse_1: Ġif Ġ( k Ġ- Ġa [ n Ġ- Ġ1 ] Ġ+ Ġa [ 0 ] Ġ< Ġmax )
2023-05-26 05:54:08.968 335:isInGraph              INFO   input_tokens_2: ['a']
2023-05-26 05:54:08.968 343:isInGraph              INFO   input_ids_2: 112 113
2023-05-26 05:54:08.968 350:isInGraph              INFO   input_tokens_reverse_2: Ġa
2023-05-26 05:54:08.968 307:isInGraph              INFO   *** Example ***
2023-05-26 05:54:08.968 308:isInGraph              INFO   idx: s880514719_main
2023-05-26 05:54:08.969 309:isInGraph              INFO   label: 0
2023-05-26 05:54:08.969 310:isInGraph              INFO   input_tokens_1: ['s']
2023-05-26 05:54:08.969 318:isInGraph              INFO   input_ids_1: 39 40
2023-05-26 05:54:08.970 325:isInGraph              INFO   input_tokens_reverse_1: Ġs
2023-05-26 05:54:08.970 335:isInGraph              INFO   input_tokens_2: ['sc']
2023-05-26 05:54:08.970 343:isInGraph              INFO   input_ids_2: 12 13
2023-05-26 05:54:08.970 350:isInGraph              INFO   input_tokens_reverse_2: Ġsc
2023-05-26 05:54:08.971 307:isInGraph              INFO   *** Example ***
2023-05-26 05:54:08.971 308:isInGraph              INFO   idx: s155672960_main
2023-05-26 05:54:08.971 309:isInGraph              INFO   label: 1
2023-05-26 05:54:08.972 310:isInGraph              INFO   input_tokens_1: ['tr', 'uth']
2023-05-26 05:54:08.972 318:isInGraph              INFO   input_ids_1: 80 82
2023-05-26 05:54:08.972 325:isInGraph              INFO   input_tokens_reverse_1: tr uth
2023-05-26 05:54:08.973 335:isInGraph              INFO   input_tokens_2: ['N', '_%', '_1000']
2023-05-26 05:54:08.973 343:isInGraph              INFO   input_ids_2: 43 46
2023-05-26 05:54:08.973 350:isInGraph              INFO   input_tokens_reverse_2: ĠN Ġ% Ġ1000
2023-05-26 05:54:08.973 307:isInGraph              INFO   *** Example ***
2023-05-26 05:54:08.973 308:isInGraph              INFO   idx: s742329093_main
2023-05-26 05:54:08.973 309:isInGraph              INFO   label: 0
2023-05-26 05:54:08.974 310:isInGraph              INFO   input_tokens_1: ['max']
2023-05-26 05:54:08.974 318:isInGraph              INFO   input_ids_1: 129 130
2023-05-26 05:54:08.974 325:isInGraph              INFO   input_tokens_reverse_1: max
2023-05-26 05:54:08.974 335:isInGraph              INFO   input_tokens_2: ['1']
2023-05-26 05:54:08.974 343:isInGraph              INFO   input_ids_2: 169 170
2023-05-26 05:54:08.974 350:isInGraph              INFO   input_tokens_reverse_2: Ġ1
2023-05-26 05:54:08.975 307:isInGraph              INFO   *** Example ***
2023-05-26 05:54:08.975 308:isInGraph              INFO   idx: s115737698_main
2023-05-26 05:54:08.975 309:isInGraph              INFO   label: 1
2023-05-26 05:54:08.975 310:isInGraph              INFO   input_tokens_1: ['d', '[', '9', ']', '_+', '_"\\', 'n', '"', '_+', '_d', '[', '8', ']']
2023-05-26 05:54:08.975 318:isInGraph              INFO   input_ids_1: 72 85
2023-05-26 05:54:08.976 325:isInGraph              INFO   input_tokens_reverse_1: d [ 9 ] Ġ+ Ġ"\ n " Ġ+ Ġd [ 8 ]
2023-05-26 05:54:08.976 335:isInGraph              INFO   input_tokens_2: ['i', '_=', '_0']
2023-05-26 05:54:08.976 343:isInGraph              INFO   input_ids_2: 33 36
2023-05-26 05:54:08.976 350:isInGraph              INFO   input_tokens_reverse_2: Ġi Ġ= Ġ0
2023-05-26 05:54:08.976 307:isInGraph              INFO   *** Example ***
2023-05-26 05:54:08.976 308:isInGraph              INFO   idx: s661905585_calc
2023-05-26 05:54:08.977 309:isInGraph              INFO   label: 1
2023-05-26 05:54:08.977 310:isInGraph              INFO   input_tokens_1: ['r', '_=', '_rm']
2023-05-26 05:54:08.977 318:isInGraph              INFO   input_ids_1: 90 93
2023-05-26 05:54:08.977 325:isInGraph              INFO   input_tokens_reverse_1: Ġr Ġ= Ġrm
2023-05-26 05:54:08.977 335:isInGraph              INFO   input_tokens_2: ['int']
2023-05-26 05:54:08.978 343:isInGraph              INFO   input_ids_2: 2 3
2023-05-26 05:54:08.978 350:isInGraph              INFO   input_tokens_reverse_2: Ġint
2023-05-26 05:54:08.978 307:isInGraph              INFO   *** Example ***
2023-05-26 05:54:08.978 308:isInGraph              INFO   idx: s913080375_bad
2023-05-26 05:54:08.978 309:isInGraph              INFO   label: 1
2023-05-26 05:54:08.978 310:isInGraph              INFO   input_tokens_1: ['return', '_ans', ';']
2023-05-26 05:54:08.979 318:isInGraph              INFO   input_ids_1: 38 41
2023-05-26 05:54:08.979 325:isInGraph              INFO   input_tokens_reverse_1: Ġreturn Ġans ;
2023-05-26 05:54:08.979 335:isInGraph              INFO   input_tokens_2: ['ans', '_=', '_0']
2023-05-26 05:54:08.979 343:isInGraph              INFO   input_ids_2: 6 9
2023-05-26 05:54:08.979 350:isInGraph              INFO   input_tokens_reverse_2: Ġans Ġ= Ġ0
2023-05-26 05:54:08.979 307:isInGraph              INFO   *** Example ***
2023-05-26 05:54:08.980 308:isInGraph              INFO   idx: s145678312_main
2023-05-26 05:54:08.980 309:isInGraph              INFO   label: 0
2023-05-26 05:54:08.980 310:isInGraph              INFO   input_tokens_1: ['m']
2023-05-26 05:54:08.980 318:isInGraph              INFO   input_ids_1: 87 88
2023-05-26 05:54:08.980 325:isInGraph              INFO   input_tokens_reverse_1: Ġm
2023-05-26 05:54:08.980 335:isInGraph              INFO   input_tokens_2: ['m']
2023-05-26 05:54:08.980 343:isInGraph              INFO   input_ids_2: 81 82
2023-05-26 05:54:08.981 350:isInGraph              INFO   input_tokens_reverse_2: Ġm
2023-05-26 05:54:08.981 307:isInGraph              INFO   *** Example ***
2023-05-26 05:54:08.981 308:isInGraph              INFO   idx: s758045808_main
2023-05-26 05:54:08.981 309:isInGraph              INFO   label: 0
2023-05-26 05:54:08.981 310:isInGraph              INFO   input_tokens_1: ['in']
2023-05-26 05:54:08.981 318:isInGraph              INFO   input_ids_1: 19 20
2023-05-26 05:54:08.981 325:isInGraph              INFO   input_tokens_reverse_1: in
2023-05-26 05:54:08.982 335:isInGraph              INFO   input_tokens_2: ['System', '.', 'out', '.', 'println', '(', 're', 'versed', ')']
2023-05-26 05:54:08.982 343:isInGraph              INFO   input_ids_2: 40 49
2023-05-26 05:54:08.982 350:isInGraph              INFO   input_tokens_reverse_2: ĠSystem . out . println ( re versed );
2023-05-26 05:54:10.839 1001:isIngraph              INFO   Finishing loading Dataset
2023-05-26 05:54:10.864 1010:isIngraph              INFO   Probimg Model Parameters 3843
2023-05-26 05:54:10.864 1011:isIngraph              INFO   Training/evaluation parameters Namespace(adam_epsilon=1e-08, class_num=2, config_name='Salesforce/codet5-base', data_folder='../datasets/java250/isINGraphs', dataset='java250', debug=False, device=device(type='cuda'), do_crossing='cleaned', do_eval=False, do_random=True, do_test=True, do_train=True, epochs=1, eval_batch_size=32, evaluate_during_training=False, gradient_accumulation_steps=1, graph_type='ddg', layer=5, learning_rate=0.001, max_code_length=512, max_grad_norm=1.0, max_steps=-1, model_name='codet5', model_name_or_path='Salesforce/codet5-base', n_gpu=1, output_dir='../isInGraph/java250/random/saved_codet5models/4/ddg_5', posratio=0.5, seed=905, token_config='Salesforce/codet5-base', train_batch_size=64, warmup_steps=0, weight_decay=0.0)
2023-05-26 05:54:13.392 470:isIngraph              INFO   ***** Running training *****
2023-05-26 05:54:13.392 471:isIngraph              INFO     Num examples = 99417
2023-05-26 05:54:13.392 472:isIngraph              INFO     Num Epochs = 1
2023-05-26 05:54:13.393 473:isIngraph              INFO     Instantaneous batch size per GPU = 64
2023-05-26 05:54:13.393 477:isIngraph              INFO     Total train batch size = 64
2023-05-26 05:54:13.393 481:isIngraph              INFO     Gradient Accumulation steps = 1
2023-05-26 05:54:13.393 484:isIngraph              INFO     Total optimization steps = 1554
2023-05-26 05:54:55.697 599:isIngraph              INFO   ***** Running evaluation *****
2023-05-26 05:54:55.699 600:isIngraph              INFO     Num examples = 33196
2023-05-26 05:54:55.699 601:isIngraph              INFO     Batch size = 32
2023-05-26 05:58:18.583 646:isIngraph              INFO   ***** Eval results *****
2023-05-26 05:58:18.584 648:isIngraph              INFO     eval_acc = 0.8718
2023-05-26 05:58:18.584 648:isIngraph              INFO     eval_f1 = 0.8736
2023-05-26 05:58:18.584 648:isIngraph              INFO     eval_mcc = 0.7439
2023-05-26 05:58:18.584 648:isIngraph              INFO     eval_precision = 0.8615
2023-05-26 05:58:18.584 648:isIngraph              INFO     eval_recall = 0.8861
2023-05-26 05:58:18.585 648:isIngraph              INFO     eval_threshold = 0.5
2023-05-26 05:58:18.585 541:isIngraph              INFO     ********************
2023-05-26 05:58:18.585 542:isIngraph              INFO     Best f1:0.8736
2023-05-26 05:58:18.585 543:isIngraph              INFO     ********************
2023-05-26 05:58:18.589 558:isIngraph              INFO   Saving model checkpoint to ../isInGraph/java250/random/saved_codet5models/4/ddg_5/checkpoint-best-f1/model.bin
2023-05-26 05:58:18.590 563:isIngraph              INFO     ********************
2023-05-26 05:58:18.590 564:isIngraph              INFO     Best MCC:0.7439
2023-05-26 05:58:18.590 565:isIngraph              INFO     ********************
2023-05-26 05:58:18.593 580:isIngraph              INFO   Saving model checkpoint to ../isInGraph/java250/random/saved_codet5models/4/ddg_5/checkpoint-best-mcc/model.bin
2023-05-26 05:59:04.210 599:isIngraph              INFO   ***** Running evaluation *****
2023-05-26 05:59:04.211 600:isIngraph              INFO     Num examples = 33196
2023-05-26 05:59:04.211 601:isIngraph              INFO     Batch size = 32
2023-05-26 06:00:23.869 646:isIngraph              INFO   ***** Eval results *****
2023-05-26 06:00:23.870 648:isIngraph              INFO     eval_acc = 0.9067
2023-05-26 06:00:23.870 648:isIngraph              INFO     eval_f1 = 0.903
2023-05-26 06:00:23.870 648:isIngraph              INFO     eval_mcc = 0.8158
2023-05-26 06:00:23.870 648:isIngraph              INFO     eval_precision = 0.9406
2023-05-26 06:00:23.870 648:isIngraph              INFO     eval_recall = 0.8682
2023-05-26 06:00:23.870 648:isIngraph              INFO     eval_threshold = 0.5
2023-05-26 06:00:23.871 541:isIngraph              INFO     ********************
2023-05-26 06:00:23.871 542:isIngraph              INFO     Best f1:0.903
2023-05-26 06:00:23.871 543:isIngraph              INFO     ********************
2023-05-26 06:00:23.875 558:isIngraph              INFO   Saving model checkpoint to ../isInGraph/java250/random/saved_codet5models/4/ddg_5/checkpoint-best-f1/model.bin
2023-05-26 06:00:23.875 563:isIngraph              INFO     ********************
2023-05-26 06:00:23.875 564:isIngraph              INFO     Best MCC:0.8158
2023-05-26 06:00:23.875 565:isIngraph              INFO     ********************
2023-05-26 06:00:23.878 580:isIngraph              INFO   Saving model checkpoint to ../isInGraph/java250/random/saved_codet5models/4/ddg_5/checkpoint-best-mcc/model.bin
2023-05-26 06:00:45.641 599:isIngraph              INFO   ***** Running evaluation *****
2023-05-26 06:00:45.642 600:isIngraph              INFO     Num examples = 33196
2023-05-26 06:00:45.642 601:isIngraph              INFO     Batch size = 32
2023-05-26 06:01:41.639 646:isIngraph              INFO   ***** Eval results *****
2023-05-26 06:01:41.641 648:isIngraph              INFO     eval_acc = 0.9416
2023-05-26 06:01:41.641 648:isIngraph              INFO     eval_f1 = 0.9435
2023-05-26 06:01:41.641 648:isIngraph              INFO     eval_mcc = 0.8853
2023-05-26 06:01:41.641 648:isIngraph              INFO     eval_precision = 0.9131
2023-05-26 06:01:41.641 648:isIngraph              INFO     eval_recall = 0.976
2023-05-26 06:01:41.641 648:isIngraph              INFO     eval_threshold = 0.5
2023-05-26 06:01:41.641 541:isIngraph              INFO     ********************
2023-05-26 06:01:41.642 542:isIngraph              INFO     Best f1:0.9435
2023-05-26 06:01:41.642 543:isIngraph              INFO     ********************
2023-05-26 06:01:41.647 558:isIngraph              INFO   Saving model checkpoint to ../isInGraph/java250/random/saved_codet5models/4/ddg_5/checkpoint-best-f1/model.bin
2023-05-26 06:01:41.647 563:isIngraph              INFO     ********************
2023-05-26 06:01:41.647 564:isIngraph              INFO     Best MCC:0.8853
2023-05-26 06:01:41.648 565:isIngraph              INFO     ********************
2023-05-26 06:01:41.650 580:isIngraph              INFO   Saving model checkpoint to ../isInGraph/java250/random/saved_codet5models/4/ddg_5/checkpoint-best-mcc/model.bin
2023-05-26 06:01:59.591 599:isIngraph              INFO   ***** Running evaluation *****
2023-05-26 06:01:59.591 600:isIngraph              INFO     Num examples = 33196
2023-05-26 06:01:59.591 601:isIngraph              INFO     Batch size = 32
2023-05-26 06:02:51.410 646:isIngraph              INFO   ***** Eval results *****
2023-05-26 06:02:51.410 648:isIngraph              INFO     eval_acc = 0.9508
2023-05-26 06:02:51.411 648:isIngraph              INFO     eval_f1 = 0.952
2023-05-26 06:02:51.411 648:isIngraph              INFO     eval_mcc = 0.9028
2023-05-26 06:02:51.411 648:isIngraph              INFO     eval_precision = 0.929
2023-05-26 06:02:51.411 648:isIngraph              INFO     eval_recall = 0.9763
2023-05-26 06:02:51.411 648:isIngraph              INFO     eval_threshold = 0.5
2023-05-26 06:02:51.411 541:isIngraph              INFO     ********************
2023-05-26 06:02:51.411 542:isIngraph              INFO     Best f1:0.952
2023-05-26 06:02:51.411 543:isIngraph              INFO     ********************
2023-05-26 06:02:51.416 558:isIngraph              INFO   Saving model checkpoint to ../isInGraph/java250/random/saved_codet5models/4/ddg_5/checkpoint-best-f1/model.bin
2023-05-26 06:02:51.416 563:isIngraph              INFO     ********************
2023-05-26 06:02:51.416 564:isIngraph              INFO     Best MCC:0.9028
2023-05-26 06:02:51.416 565:isIngraph              INFO     ********************
2023-05-26 06:02:51.418 580:isIngraph              INFO   Saving model checkpoint to ../isInGraph/java250/random/saved_codet5models/4/ddg_5/checkpoint-best-mcc/model.bin
2023-05-26 06:03:11.573 599:isIngraph              INFO   ***** Running evaluation *****
2023-05-26 06:03:11.573 600:isIngraph              INFO     Num examples = 33196
2023-05-26 06:03:11.574 601:isIngraph              INFO     Batch size = 32
2023-05-26 06:04:03.791 646:isIngraph              INFO   ***** Eval results *****
2023-05-26 06:04:03.791 648:isIngraph              INFO     eval_acc = 0.9548
2023-05-26 06:04:03.792 648:isIngraph              INFO     eval_f1 = 0.9559
2023-05-26 06:04:03.792 648:isIngraph              INFO     eval_mcc = 0.9107
2023-05-26 06:04:03.792 648:isIngraph              INFO     eval_precision = 0.9342
2023-05-26 06:04:03.792 648:isIngraph              INFO     eval_recall = 0.9786
2023-05-26 06:04:03.792 648:isIngraph              INFO     eval_threshold = 0.5
2023-05-26 06:04:03.792 541:isIngraph              INFO     ********************
2023-05-26 06:04:03.792 542:isIngraph              INFO     Best f1:0.9559
2023-05-26 06:04:03.793 543:isIngraph              INFO     ********************
2023-05-26 06:04:03.796 558:isIngraph              INFO   Saving model checkpoint to ../isInGraph/java250/random/saved_codet5models/4/ddg_5/checkpoint-best-f1/model.bin
2023-05-26 06:04:03.796 563:isIngraph              INFO     ********************
2023-05-26 06:04:03.797 564:isIngraph              INFO     Best MCC:0.9107
2023-05-26 06:04:03.797 565:isIngraph              INFO     ********************
2023-05-26 06:04:03.798 580:isIngraph              INFO   Saving model checkpoint to ../isInGraph/java250/random/saved_codet5models/4/ddg_5/checkpoint-best-mcc/model.bin
2023-05-26 06:04:27.650 599:isIngraph              INFO   ***** Running evaluation *****
2023-05-26 06:04:27.650 600:isIngraph              INFO     Num examples = 33196
2023-05-26 06:04:27.651 601:isIngraph              INFO     Batch size = 32
2023-05-26 06:05:27.231 646:isIngraph              INFO   ***** Eval results *****
2023-05-26 06:05:27.231 648:isIngraph              INFO     eval_acc = 0.9527
2023-05-26 06:05:27.231 648:isIngraph              INFO     eval_f1 = 0.9528
2023-05-26 06:05:27.231 648:isIngraph              INFO     eval_mcc = 0.9054
2023-05-26 06:05:27.231 648:isIngraph              INFO     eval_precision = 0.951
2023-05-26 06:05:27.232 648:isIngraph              INFO     eval_recall = 0.9546
2023-05-26 06:05:27.232 648:isIngraph              INFO     eval_threshold = 0.5
2023-05-26 06:05:46.340 599:isIngraph              INFO   ***** Running evaluation *****
2023-05-26 06:05:46.341 600:isIngraph              INFO     Num examples = 33196
2023-05-26 06:05:46.341 601:isIngraph              INFO     Batch size = 32
2023-05-26 06:06:41.900 646:isIngraph              INFO   ***** Eval results *****
2023-05-26 06:06:41.900 648:isIngraph              INFO     eval_acc = 0.9542
2023-05-26 06:06:41.901 648:isIngraph              INFO     eval_f1 = 0.9557
2023-05-26 06:06:41.901 648:isIngraph              INFO     eval_mcc = 0.9104
2023-05-26 06:06:41.901 648:isIngraph              INFO     eval_precision = 0.9263
2023-05-26 06:06:41.901 648:isIngraph              INFO     eval_recall = 0.9869
2023-05-26 06:06:41.901 648:isIngraph              INFO     eval_threshold = 0.5
2023-05-26 06:07:08.572 599:isIngraph              INFO   ***** Running evaluation *****
2023-05-26 06:07:08.573 600:isIngraph              INFO     Num examples = 33196
2023-05-26 06:07:08.574 601:isIngraph              INFO     Batch size = 32
2023-05-26 06:08:25.699 646:isIngraph              INFO   ***** Eval results *****
2023-05-26 06:08:25.700 648:isIngraph              INFO     eval_acc = 0.9559
2023-05-26 06:08:25.700 648:isIngraph              INFO     eval_f1 = 0.9571
2023-05-26 06:08:25.701 648:isIngraph              INFO     eval_mcc = 0.9133
2023-05-26 06:08:25.701 648:isIngraph              INFO     eval_precision = 0.9306
2023-05-26 06:08:25.701 648:isIngraph              INFO     eval_recall = 0.9852
2023-05-26 06:08:25.701 648:isIngraph              INFO     eval_threshold = 0.5
2023-05-26 06:08:25.701 541:isIngraph              INFO     ********************
2023-05-26 06:08:25.701 542:isIngraph              INFO     Best f1:0.9571
2023-05-26 06:08:25.701 543:isIngraph              INFO     ********************
2023-05-26 06:08:25.705 558:isIngraph              INFO   Saving model checkpoint to ../isInGraph/java250/random/saved_codet5models/4/ddg_5/checkpoint-best-f1/model.bin
2023-05-26 06:08:25.705 563:isIngraph              INFO     ********************
2023-05-26 06:08:25.705 564:isIngraph              INFO     Best MCC:0.9133
2023-05-26 06:08:25.705 565:isIngraph              INFO     ********************
2023-05-26 06:08:25.707 580:isIngraph              INFO   Saving model checkpoint to ../isInGraph/java250/random/saved_codet5models/4/ddg_5/checkpoint-best-mcc/model.bin
2023-05-26 06:08:41.344 599:isIngraph              INFO   ***** Running evaluation *****
2023-05-26 06:08:41.344 600:isIngraph              INFO     Num examples = 33196
2023-05-26 06:08:41.344 601:isIngraph              INFO     Batch size = 32
2023-05-26 06:09:19.871 646:isIngraph              INFO   ***** Eval results *****
2023-05-26 06:09:19.872 648:isIngraph              INFO     eval_acc = 0.9598
2023-05-26 06:09:19.872 648:isIngraph              INFO     eval_f1 = 0.9605
2023-05-26 06:09:19.872 648:isIngraph              INFO     eval_mcc = 0.9202
2023-05-26 06:09:19.872 648:isIngraph              INFO     eval_precision = 0.9429
2023-05-26 06:09:19.873 648:isIngraph              INFO     eval_recall = 0.9787
2023-05-26 06:09:19.873 648:isIngraph              INFO     eval_threshold = 0.5
2023-05-26 06:09:19.873 541:isIngraph              INFO     ********************
2023-05-26 06:09:19.873 542:isIngraph              INFO     Best f1:0.9605
2023-05-26 06:09:19.873 543:isIngraph              INFO     ********************
2023-05-26 06:09:19.876 558:isIngraph              INFO   Saving model checkpoint to ../isInGraph/java250/random/saved_codet5models/4/ddg_5/checkpoint-best-f1/model.bin
2023-05-26 06:09:19.876 563:isIngraph              INFO     ********************
2023-05-26 06:09:19.876 564:isIngraph              INFO     Best MCC:0.9202
2023-05-26 06:09:19.876 565:isIngraph              INFO     ********************
2023-05-26 06:09:19.878 580:isIngraph              INFO   Saving model checkpoint to ../isInGraph/java250/random/saved_codet5models/4/ddg_5/checkpoint-best-mcc/model.bin
2023-05-26 06:09:37.145 599:isIngraph              INFO   ***** Running evaluation *****
2023-05-26 06:09:37.145 600:isIngraph              INFO     Num examples = 33196
2023-05-26 06:09:37.145 601:isIngraph              INFO     Batch size = 32
2023-05-26 06:10:50.062 646:isIngraph              INFO   ***** Eval results *****
2023-05-26 06:10:50.063 648:isIngraph              INFO     eval_acc = 0.9617
2023-05-26 06:10:50.063 648:isIngraph              INFO     eval_f1 = 0.9624
2023-05-26 06:10:50.063 648:isIngraph              INFO     eval_mcc = 0.9241
2023-05-26 06:10:50.063 648:isIngraph              INFO     eval_precision = 0.9443
2023-05-26 06:10:50.064 648:isIngraph              INFO     eval_recall = 0.9813
2023-05-26 06:10:50.064 648:isIngraph              INFO     eval_threshold = 0.5
2023-05-26 06:10:50.064 541:isIngraph              INFO     ********************
2023-05-26 06:10:50.064 542:isIngraph              INFO     Best f1:0.9624
2023-05-26 06:10:50.064 543:isIngraph              INFO     ********************
2023-05-26 06:10:50.068 558:isIngraph              INFO   Saving model checkpoint to ../isInGraph/java250/random/saved_codet5models/4/ddg_5/checkpoint-best-f1/model.bin
2023-05-26 06:10:50.068 563:isIngraph              INFO     ********************
2023-05-26 06:10:50.068 564:isIngraph              INFO     Best MCC:0.9241
2023-05-26 06:10:50.068 565:isIngraph              INFO     ********************
2023-05-26 06:10:50.070 580:isIngraph              INFO   Saving model checkpoint to ../isInGraph/java250/random/saved_codet5models/4/ddg_5/checkpoint-best-mcc/model.bin
2023-05-26 06:10:50.587 669:isIngraph              INFO   ***** Running Test *****
2023-05-26 06:10:50.587 670:isIngraph              INFO     Num examples = 32385
2023-05-26 06:10:50.587 671:isIngraph              INFO     Batch size = 32
2023-05-26 06:11:53.634 712:isIngraph              INFO   ***** Test results *****
2023-05-26 06:11:53.635 714:isIngraph              INFO     eval_acc = 0.9567
2023-05-26 06:11:53.635 714:isIngraph              INFO     eval_f1 = 0.9574
2023-05-26 06:11:53.635 714:isIngraph              INFO     eval_mcc = 0.9139
2023-05-26 06:11:53.635 714:isIngraph              INFO     eval_precision = 0.9421
2023-05-26 06:11:53.636 714:isIngraph              INFO     eval_recall = 0.9732
2023-05-26 06:11:53.636 714:isIngraph              INFO     eval_threshold = 0.5
