2022-10-19 06:43:58.280 1013:link-prediction        DEBUG  main message
2022-10-19 06:43:58.280 1019:link-prediction        WARNING device: cuda, n_gpu: 1
2022-10-19 06:44:06.303 1040:link-prediction        INFO   Probimg Model Parameters 3843
2022-10-19 06:44:06.303 1041:link-prediction        INFO   Training/evaluation parameters Namespace(adam_epsilon=1e-08, class_num=2, code_length=512, config_name='microsoft/graphcodebert-base', data_flow_length=128, data_folder='../datasets/java250/graphs', dataset='java250', debug=False, device=device(type='cuda'), do_crossing=True, do_eval=False, do_random=True, do_test=True, do_train=True, epochs=2, eval_batch_size=32, evaluate_during_training=False, gradient_accumulation_steps=1, graph_type='ast', layer=7, learning_rate=0.001, max_grad_norm=1.0, max_steps=-1, model_name='graphcodebert', model_name_or_path='microsoft/graphcodebert-base', n_gpu=1, output_dir='../link_prediction/random/graphcodebert_saved_models/2/ast_7', seed=601, token_config='microsoft/graphcodebert-base', train_batch_size=64, warmup_steps=0, weight_decay=0.0)
2022-10-19 06:44:06.304 1053:link-prediction        INFO   Load Dataset
2022-10-19 06:45:06.149 356:link-prediction        INFO   Load Span file and Graph data, data path: ../datasets/java250/graphs/graphcodebert/graphcodebert_train_ast_cleaned.pt
2022-10-19 06:45:08.241 415:link-prediction        INFO   Labels Counter({0: 38946, 1: 38567})
2022-10-19 06:45:08.323 356:link-prediction        INFO   Load Span file and Graph data, data path: ../datasets/java250/graphs/graphcodebert/graphcodebert_valid_ast_cleaned.pt
2022-10-19 06:45:09.255 415:link-prediction        INFO   Labels Counter({0: 12975, 1: 12839})
2022-10-19 06:45:09.345 356:link-prediction        INFO   Load Span file and Graph data, data path: ../datasets/java250/graphs/graphcodebert/graphcodebert_test_ast_cleaned.pt
2022-10-19 06:45:10.509 415:link-prediction        INFO   Labels Counter({0: 12840, 1: 12718})
2022-10-19 06:45:10.509 419:link-prediction        INFO   *** Example ***
2022-10-19 06:45:10.509 420:link-prediction        INFO   idx: s875146888_solve
2022-10-19 06:45:10.509 421:link-prediction        INFO   label: 0
2022-10-19 06:45:10.511 422:link-prediction        INFO   input_tokens_1: ['L']
2022-10-19 06:45:10.511 430:link-prediction        INFO   input_ids_1: 16 17
2022-10-19 06:45:10.511 437:link-prediction        INFO   input_tokens_reverse_1: ĠL
2022-10-19 06:45:10.512 447:link-prediction        INFO   input_tokens_2: ['Math', '.', 'abs', '(', 'arr', '[', 'N', '_-', '_1', '])']
2022-10-19 06:45:10.512 455:link-prediction        INFO   input_ids_2: 97 108
2022-10-19 06:45:10.512 462:link-prediction        INFO   input_tokens_reverse_2: ĠMath Ġ. Ġabs Ġ( Ġarr Ġ[ ĠN Ġ- Ġ1 Ġ] Ġ)
2022-10-19 06:45:10.512 419:link-prediction        INFO   *** Example ***
2022-10-19 06:45:10.512 420:link-prediction        INFO   idx: s605449832_binarySearch
2022-10-19 06:45:10.512 421:link-prediction        INFO   label: 0
2022-10-19 06:45:10.512 422:link-prediction        INFO   input_tokens_1: ['if', '_(', 'arr', '[', 'mid', ']', '_==', '_key', ')']
2022-10-19 06:45:10.512 430:link-prediction        INFO   input_ids_1: 59 68
2022-10-19 06:45:10.512 437:link-prediction        INFO   input_tokens_reverse_1: Ġif Ġ( Ġarr Ġ[ Ġmid Ġ] Ġ== Ġkey Ġ)
2022-10-19 06:45:10.512 447:link-prediction        INFO   input_tokens_2: ['if', '_(', 'low', '_>', '_high', ')']
2022-10-19 06:45:10.513 455:link-prediction        INFO   input_ids_2: 93 99
2022-10-19 06:45:10.513 462:link-prediction        INFO   input_tokens_reverse_2: Ġif Ġ( Ġlow Ġ> Ġhigh Ġ)
2022-10-19 06:45:10.513 419:link-prediction        INFO   *** Example ***
2022-10-19 06:45:10.513 420:link-prediction        INFO   idx: s579168028_main
2022-10-19 06:45:10.513 421:link-prediction        INFO   label: 0
2022-10-19 06:45:10.513 422:link-prediction        INFO   input_tokens_1: ['System', '.', 'out']
2022-10-19 06:45:10.513 430:link-prediction        INFO   input_ids_1: 73 76
2022-10-19 06:45:10.513 437:link-prediction        INFO   input_tokens_reverse_1: ĠSystem Ġ. Ġout
2022-10-19 06:45:10.513 447:link-prediction        INFO   input_tokens_2: ['new', '_Scan', 'ner', '(', 'System', '.', 'in', ')']
2022-10-19 06:45:10.513 455:link-prediction        INFO   input_ids_2: 17 25
2022-10-19 06:45:10.513 462:link-prediction        INFO   input_tokens_reverse_2: Ġnew ĠScan ner Ġ( ĠSystem Ġ. Ġin Ġ)
2022-10-19 06:45:10.513 419:link-prediction        INFO   *** Example ***
2022-10-19 06:45:10.514 420:link-prediction        INFO   idx: s399157060_main
2022-10-19 06:45:10.514 421:link-prediction        INFO   label: 0
2022-10-19 06:45:10.514 422:link-prediction        INFO   input_tokens_1: ['han', 'ako', 'Card']
2022-10-19 06:45:10.514 430:link-prediction        INFO   input_ids_1: 76 80
2022-10-19 06:45:10.514 437:link-prediction        INFO   input_tokens_reverse_1: Ġh an ako Card
2022-10-19 06:45:10.514 447:link-prediction        INFO   input_tokens_2: ['scan', '_=', '_new', '_Scan', 'ner', '(', 'System', '.', 'in', ')']
2022-10-19 06:45:10.514 455:link-prediction        INFO   input_ids_2: 15 25
2022-10-19 06:45:10.514 462:link-prediction        INFO   input_tokens_reverse_2: Ġscan Ġ= Ġnew ĠScan ner Ġ( ĠSystem Ġ. Ġin Ġ)
2022-10-19 06:45:10.514 419:link-prediction        INFO   *** Example ***
2022-10-19 06:45:10.514 420:link-prediction        INFO   idx: s815780684_main
2022-10-19 06:45:10.514 421:link-prediction        INFO   label: 1
2022-10-19 06:45:10.515 422:link-prediction        INFO   input_tokens_1: ['ans', '_+', '_(', 'long', ')', '_ans', '1']
2022-10-19 06:45:10.515 430:link-prediction        INFO   input_ids_1: 79 86
2022-10-19 06:45:10.515 437:link-prediction        INFO   input_tokens_reverse_1: Ġans Ġ+ Ġ( Ġlong Ġ) Ġans 1
2022-10-19 06:45:10.515 447:link-prediction        INFO   input_tokens_2: ['(', 'long', ')', '_ans', '1']
2022-10-19 06:45:10.515 455:link-prediction        INFO   input_ids_2: 81 86
2022-10-19 06:45:10.515 462:link-prediction        INFO   input_tokens_reverse_2: Ġ( Ġlong Ġ) Ġans 1
2022-10-19 06:45:10.515 419:link-prediction        INFO   *** Example ***
2022-10-19 06:45:10.515 420:link-prediction        INFO   idx: s009162144_main
2022-10-19 06:45:10.515 421:link-prediction        INFO   label: 0
2022-10-19 06:45:10.515 422:link-prediction        INFO   input_tokens_1: ['0']
2022-10-19 06:45:10.515 430:link-prediction        INFO   input_ids_1: 70 71
2022-10-19 06:45:10.515 437:link-prediction        INFO   input_tokens_reverse_1: Ġ0
2022-10-19 06:45:10.516 447:link-prediction        INFO   input_tokens_2: ['new', '_long', '[', 'N', ']']
2022-10-19 06:45:10.516 455:link-prediction        INFO   input_ids_2: 50 55
2022-10-19 06:45:10.516 462:link-prediction        INFO   input_tokens_reverse_2: Ġnew Ġlong Ġ[ ĠN Ġ]
2022-10-19 06:45:10.516 419:link-prediction        INFO   *** Example ***
2022-10-19 06:45:10.516 420:link-prediction        INFO   idx: s636720224_nextPackedIntArrays
2022-10-19 06:45:10.516 421:link-prediction        INFO   label: 0
2022-10-19 06:45:10.516 422:link-prediction        INFO   input_tokens_1: ['res', '[', 'j', '][', 'i', ']']
2022-10-19 06:45:10.516 430:link-prediction        INFO   input_ids_1: 71 78
2022-10-19 06:45:10.516 437:link-prediction        INFO   input_tokens_reverse_1: Ġres Ġ[ Ġj Ġ] Ġ[ Ġi Ġ]
2022-10-19 06:45:10.516 447:link-prediction        INFO   input_tokens_2: ['0']
2022-10-19 06:45:10.516 455:link-prediction        INFO   input_ids_2: 45 46
2022-10-19 06:45:10.517 462:link-prediction        INFO   input_tokens_reverse_2: Ġ0
2022-10-19 06:45:10.517 419:link-prediction        INFO   *** Example ***
2022-10-19 06:45:10.517 420:link-prediction        INFO   idx: s776780512_main
2022-10-19 06:45:10.517 421:link-prediction        INFO   label: 1
2022-10-19 06:45:10.517 422:link-prediction        INFO   input_tokens_1: ['num', '1', '_>', '_num', '2']
2022-10-19 06:45:10.517 430:link-prediction        INFO   input_ids_1: 71 76
2022-10-19 06:45:10.517 437:link-prediction        INFO   input_tokens_reverse_1: Ġnum 1 Ġ> Ġnum 2
2022-10-19 06:45:10.517 447:link-prediction        INFO   input_tokens_2: ['num', '2']
2022-10-19 06:45:10.517 455:link-prediction        INFO   input_ids_2: 74 76
2022-10-19 06:45:10.517 462:link-prediction        INFO   input_tokens_reverse_2: Ġnum 2
2022-10-19 06:45:10.517 419:link-prediction        INFO   *** Example ***
2022-10-19 06:45:10.517 420:link-prediction        INFO   idx: s845106652_main
2022-10-19 06:45:10.517 421:link-prediction        INFO   label: 0
2022-10-19 06:45:10.518 422:link-prediction        INFO   input_tokens_1: ['sc', '.', 'next', '().', 'split', '("', '")']
2022-10-19 06:45:10.518 430:link-prediction        INFO   input_ids_1: 38 48
2022-10-19 06:45:10.518 437:link-prediction        INFO   input_tokens_reverse_1: Ġsc Ġ. Ġnext Ġ( Ġ) Ġ. Ġsplit Ġ( Ġ"" Ġ)
2022-10-19 06:45:10.518 447:link-prediction        INFO   input_tokens_2: ['void']
2022-10-19 06:45:10.518 455:link-prediction        INFO   input_ids_2: 3 4
2022-10-19 06:45:10.518 462:link-prediction        INFO   input_tokens_reverse_2: Ġvoid
2022-10-19 06:45:10.518 419:link-prediction        INFO   *** Example ***
2022-10-19 06:45:10.518 420:link-prediction        INFO   idx: s567500269_main
2022-10-19 06:45:10.518 421:link-prediction        INFO   label: 0
2022-10-19 06:45:10.518 422:link-prediction        INFO   input_tokens_1: ['s', '[', '1', ']']
2022-10-19 06:45:10.518 430:link-prediction        INFO   input_ids_1: 81 85
2022-10-19 06:45:10.518 437:link-prediction        INFO   input_tokens_reverse_1: Ġs Ġ[ Ġ1 Ġ]
2022-10-19 06:45:10.519 447:link-prediction        INFO   input_tokens_2: ['System', '.', 'out', '.', 'println', '("', 'He', 'ise', 'i', '")']
2022-10-19 06:45:10.519 455:link-prediction        INFO   input_ids_2: 64 76
2022-10-19 06:45:10.519 462:link-prediction        INFO   input_tokens_reverse_2: ĠSystem Ġ. Ġout Ġ. Ġprintln Ġ( Ġ" He ise i " Ġ)
2022-10-19 06:45:10.519 419:link-prediction        INFO   *** Example ***
2022-10-19 06:45:10.519 420:link-prediction        INFO   idx: s988778902_main
2022-10-19 06:45:10.519 421:link-prediction        INFO   label: 1
2022-10-19 06:45:10.519 422:link-prediction        INFO   input_tokens_1: ['System', '.', 'out', '.', 'println', '(', 'hit', ')']
2022-10-19 06:45:10.519 430:link-prediction        INFO   input_ids_1: 108 116
2022-10-19 06:45:10.519 437:link-prediction        INFO   input_tokens_reverse_1: ĠSystem Ġ. Ġout Ġ. Ġprintln Ġ( Ġhit Ġ)
2022-10-19 06:45:10.519 447:link-prediction        INFO   input_tokens_2: ['System', '.', 'out']
2022-10-19 06:45:10.519 455:link-prediction        INFO   input_ids_2: 108 111
2022-10-19 06:45:10.520 462:link-prediction        INFO   input_tokens_reverse_2: ĠSystem Ġ. Ġout
2022-10-19 06:45:10.520 419:link-prediction        INFO   *** Example ***
2022-10-19 06:45:10.520 420:link-prediction        INFO   idx: s027443282_connect
2022-10-19 06:45:10.520 421:link-prediction        INFO   label: 1
2022-10-19 06:45:10.520 422:link-prediction        INFO   input_tokens_1: ['root', 'P', '_=', '_root', '(', 'p', ')']
2022-10-19 06:45:10.520 430:link-prediction        INFO   input_ids_1: 14 21
2022-10-19 06:45:10.520 437:link-prediction        INFO   input_tokens_reverse_1: Ġroot P Ġ= Ġroot Ġ( Ġp Ġ)
2022-10-19 06:45:10.520 447:link-prediction        INFO   input_tokens_2: ['root', '(', 'p', ')']
2022-10-19 06:45:10.520 455:link-prediction        INFO   input_ids_2: 17 21
2022-10-19 06:45:10.520 462:link-prediction        INFO   input_tokens_reverse_2: Ġroot Ġ( Ġp Ġ)
2022-10-19 06:45:10.520 419:link-prediction        INFO   *** Example ***
2022-10-19 06:45:10.520 420:link-prediction        INFO   idx: s474529481_main
2022-10-19 06:45:10.520 421:link-prediction        INFO   label: 1
2022-10-19 06:45:10.521 422:link-prediction        INFO   input_tokens_1: ['System', '.', 'out', '.', 'println', '(', 'ans', ')']
2022-10-19 06:45:10.521 430:link-prediction        INFO   input_ids_1: 121 129
2022-10-19 06:45:10.521 437:link-prediction        INFO   input_tokens_reverse_1: ĠSystem Ġ. Ġout Ġ. Ġprintln Ġ( Ġans Ġ)
2022-10-19 06:45:10.521 447:link-prediction        INFO   input_tokens_2: ['ans']
2022-10-19 06:45:10.521 455:link-prediction        INFO   input_ids_2: 127 128
2022-10-19 06:45:10.521 462:link-prediction        INFO   input_tokens_reverse_2: Ġans
2022-10-19 06:45:10.521 419:link-prediction        INFO   *** Example ***
2022-10-19 06:45:10.521 420:link-prediction        INFO   idx: s848362941_main
2022-10-19 06:45:10.521 421:link-prediction        INFO   label: 1
2022-10-19 06:45:10.521 422:link-prediction        INFO   input_tokens_1: ['al', '.', 'get', '(', 'i', ')']
2022-10-19 06:45:10.521 430:link-prediction        INFO   input_ids_1: 113 119
2022-10-19 06:45:10.522 437:link-prediction        INFO   input_tokens_reverse_1: Ġal Ġ. Ġget Ġ( Ġi Ġ)
2022-10-19 06:45:10.522 447:link-prediction        INFO   input_tokens_2: ['i']
2022-10-19 06:45:10.522 455:link-prediction        INFO   input_ids_2: 117 118
2022-10-19 06:45:10.522 462:link-prediction        INFO   input_tokens_reverse_2: Ġi
2022-10-19 06:45:10.522 419:link-prediction        INFO   *** Example ***
2022-10-19 06:45:10.522 420:link-prediction        INFO   idx: s661905585_calc
2022-10-19 06:45:10.522 421:link-prediction        INFO   label: 0
2022-10-19 06:45:10.522 422:link-prediction        INFO   input_tokens_1: ['System']
2022-10-19 06:45:10.522 430:link-prediction        INFO   input_ids_1: 16 17
2022-10-19 06:45:10.522 437:link-prediction        INFO   input_tokens_reverse_1: ĠSystem
2022-10-19 06:45:10.522 447:link-prediction        INFO   input_tokens_2: ['rb']
2022-10-19 06:45:10.522 455:link-prediction        INFO   input_ids_2: 105 107
2022-10-19 06:45:10.522 462:link-prediction        INFO   input_tokens_reverse_2: Ġr b
2022-10-19 06:45:10.523 419:link-prediction        INFO   *** Example ***
2022-10-19 06:45:10.523 420:link-prediction        INFO   idx: s948018088_main
2022-10-19 06:45:10.523 421:link-prediction        INFO   label: 1
2022-10-19 06:45:10.523 422:link-prediction        INFO   input_tokens_1: ['if', '_(', 'one', '_>', '_0', ')']
2022-10-19 06:45:10.523 430:link-prediction        INFO   input_ids_1: 120 126
2022-10-19 06:45:10.523 437:link-prediction        INFO   input_tokens_reverse_1: Ġif Ġ( Ġone Ġ> Ġ0 Ġ)
2022-10-19 06:45:10.523 447:link-prediction        INFO   input_tokens_2: ['one', '_>', '_0']
2022-10-19 06:45:10.523 455:link-prediction        INFO   input_ids_2: 122 125
2022-10-19 06:45:10.523 462:link-prediction        INFO   input_tokens_reverse_2: Ġone Ġ> Ġ0
2022-10-19 06:45:10.523 419:link-prediction        INFO   *** Example ***
2022-10-19 06:45:10.523 420:link-prediction        INFO   idx: s446957467_main
2022-10-19 06:45:10.523 421:link-prediction        INFO   label: 0
2022-10-19 06:45:10.523 422:link-prediction        INFO   input_tokens_1: ['div', 'is', 'ors']
2022-10-19 06:45:10.524 430:link-prediction        INFO   input_ids_1: 42 45
2022-10-19 06:45:10.524 437:link-prediction        INFO   input_tokens_reverse_1: Ġdiv is ors
2022-10-19 06:45:10.524 447:link-prediction        INFO   input_tokens_2: ['Math', '.', 'min', '(', 'ans', ',', '_f', ')']
2022-10-19 06:45:10.524 455:link-prediction        INFO   input_ids_2: 126 134
2022-10-19 06:45:10.524 462:link-prediction        INFO   input_tokens_reverse_2: ĠMath Ġ. Ġmin Ġ( Ġans Ġ, Ġf Ġ)
2022-10-19 06:45:10.524 419:link-prediction        INFO   *** Example ***
2022-10-19 06:45:10.524 420:link-prediction        INFO   idx: s570241878_main
2022-10-19 06:45:10.524 421:link-prediction        INFO   label: 0
2022-10-19 06:45:10.524 422:link-prediction        INFO   input_tokens_1: ['m', '_=', '_sc', '.', 'next', 'Int', '()']
2022-10-19 06:45:10.524 430:link-prediction        INFO   input_ids_1: 39 47
2022-10-19 06:45:10.524 437:link-prediction        INFO   input_tokens_reverse_1: Ġm Ġ= Ġsc Ġ. Ġnext Int Ġ( Ġ)
2022-10-19 06:45:10.525 447:link-prediction        INFO   input_tokens_2: ['i']
2022-10-19 06:45:10.525 455:link-prediction        INFO   input_ids_2: 84 85
2022-10-19 06:45:10.525 462:link-prediction        INFO   input_tokens_reverse_2: Ġi
2022-10-19 06:45:10.525 419:link-prediction        INFO   *** Example ***
2022-10-19 06:45:10.525 420:link-prediction        INFO   idx: s646691055_takearrl
2022-10-19 06:45:10.525 421:link-prediction        INFO   label: 0
2022-10-19 06:45:10.525 422:link-prediction        INFO   input_tokens_1: ['int', '_n']
2022-10-19 06:45:10.525 430:link-prediction        INFO   input_ids_1: 10 12
2022-10-19 06:45:10.525 437:link-prediction        INFO   input_tokens_reverse_1: Ġint Ġn
2022-10-19 06:45:10.525 447:link-prediction        INFO   input_tokens_2: ['return', '_in', ';']
2022-10-19 06:45:10.525 455:link-prediction        INFO   input_ids_2: 53 56
2022-10-19 06:45:10.525 462:link-prediction        INFO   input_tokens_reverse_2: Ġreturn Ġin Ġ;
2022-10-19 06:45:10.526 419:link-prediction        INFO   *** Example ***
2022-10-19 06:45:10.526 420:link-prediction        INFO   idx: s027443282_connect
2022-10-19 06:45:10.526 421:link-prediction        INFO   label: 1
2022-10-19 06:45:10.526 422:link-prediction        INFO   input_tokens_1: ['rank', '[', 'root', 'Q', ']']
2022-10-19 06:45:10.526 430:link-prediction        INFO   input_ids_1: 93 98
2022-10-19 06:45:10.526 437:link-prediction        INFO   input_tokens_reverse_1: Ġrank Ġ[ Ġroot Q Ġ]
2022-10-19 06:45:10.526 447:link-prediction        INFO   input_tokens_2: ['rank']
2022-10-19 06:45:10.526 455:link-prediction        INFO   input_ids_2: 93 94
2022-10-19 06:45:10.526 462:link-prediction        INFO   input_tokens_reverse_2: Ġrank
2022-10-19 06:45:10.526 419:link-prediction        INFO   *** Example ***
2022-10-19 06:45:10.526 420:link-prediction        INFO   idx: s892850669_main
2022-10-19 06:45:10.526 421:link-prediction        INFO   label: 0
2022-10-19 06:45:10.526 422:link-prediction        INFO   input_tokens_1: ['null']
2022-10-19 06:45:10.527 430:link-prediction        INFO   input_ids_1: 54 55
2022-10-19 06:45:10.527 437:link-prediction        INFO   input_tokens_reverse_1: Ġnull
2022-10-19 06:45:10.527 447:link-prediction        INFO   input_tokens_2: ['in']
2022-10-19 06:45:10.527 455:link-prediction        INFO   input_ids_2: 30 31
2022-10-19 06:45:10.527 462:link-prediction        INFO   input_tokens_reverse_2: Ġin
2022-10-19 06:45:10.527 419:link-prediction        INFO   *** Example ***
2022-10-19 06:45:10.527 420:link-prediction        INFO   idx: s002949449_sum
2022-10-19 06:45:10.527 421:link-prediction        INFO   label: 0
2022-10-19 06:45:10.527 422:link-prediction        INFO   input_tokens_1: ['0']
2022-10-19 06:45:10.527 430:link-prediction        INFO   input_ids_1: 19 20
2022-10-19 06:45:10.527 437:link-prediction        INFO   input_tokens_reverse_1: Ġ0
2022-10-19 06:45:10.527 447:link-prediction        INFO   input_tokens_2: ['sum']
2022-10-19 06:45:10.527 455:link-prediction        INFO   input_ids_2: 11 12
2022-10-19 06:45:10.528 462:link-prediction        INFO   input_tokens_reverse_2: Ġsum
2022-10-19 06:45:10.528 419:link-prediction        INFO   *** Example ***
2022-10-19 06:45:10.528 420:link-prediction        INFO   idx: s828224447_main
2022-10-19 06:45:10.528 421:link-prediction        INFO   label: 1
2022-10-19 06:45:10.528 422:link-prediction        INFO   input_tokens_1: ['t', '.', 'char', 'At', '(', 'i', ')']
2022-10-19 06:45:10.528 430:link-prediction        INFO   input_ids_1: 106 113
2022-10-19 06:45:10.528 437:link-prediction        INFO   input_tokens_reverse_1: Ġt Ġ. Ġchar At Ġ( Ġi Ġ)
2022-10-19 06:45:10.528 447:link-prediction        INFO   input_tokens_2: ['i']
2022-10-19 06:45:10.528 455:link-prediction        INFO   input_ids_2: 111 112
2022-10-19 06:45:10.528 462:link-prediction        INFO   input_tokens_reverse_2: Ġi
2022-10-19 06:45:10.528 419:link-prediction        INFO   *** Example ***
2022-10-19 06:45:10.528 420:link-prediction        INFO   idx: s262222174_main
2022-10-19 06:45:10.528 421:link-prediction        INFO   label: 0
2022-10-19 06:45:10.529 422:link-prediction        INFO   input_tokens_1: ['sc', '.', 'next', 'Int', '()']
2022-10-19 06:45:10.529 430:link-prediction        INFO   input_ids_1: 39 45
2022-10-19 06:45:10.529 437:link-prediction        INFO   input_tokens_reverse_1: Ġsc Ġ. Ġnext Int Ġ( Ġ)
2022-10-19 06:45:10.529 447:link-prediction        INFO   input_tokens_2: ['Ar', 'rays']
2022-10-19 06:45:10.529 455:link-prediction        INFO   input_ids_2: 159 161
2022-10-19 06:45:10.529 462:link-prediction        INFO   input_tokens_reverse_2: ĠAr rays
2022-10-19 06:45:10.529 419:link-prediction        INFO   *** Example ***
2022-10-19 06:45:10.529 420:link-prediction        INFO   idx: s373883861_main
2022-10-19 06:45:10.529 421:link-prediction        INFO   label: 0
2022-10-19 06:45:10.529 422:link-prediction        INFO   input_tokens_1: ['A', '[', 'i', ']', '_%', '_2']
2022-10-19 06:45:10.529 430:link-prediction        INFO   input_ids_1: 115 121
2022-10-19 06:45:10.529 437:link-prediction        INFO   input_tokens_reverse_1: ĠA Ġ[ Ġi Ġ] Ġ% Ġ2
2022-10-19 06:45:10.530 447:link-prediction        INFO   input_tokens_2: ['System', '.', 'out']
2022-10-19 06:45:10.530 455:link-prediction        INFO   input_ids_2: 156 159
2022-10-19 06:45:10.530 462:link-prediction        INFO   input_tokens_reverse_2: ĠSystem Ġ. Ġout
2022-10-19 06:45:10.530 419:link-prediction        INFO   *** Example ***
2022-10-19 06:45:10.530 420:link-prediction        INFO   idx: s230671883_main
2022-10-19 06:45:10.530 421:link-prediction        INFO   label: 1
2022-10-19 06:45:10.530 422:link-prediction        INFO   input_tokens_1: ['for', '_(', 'int', '_i', '_=', '_0', ';', '_i', '_<', '_n', ';', '_i', '++)']
2022-10-19 06:45:10.530 430:link-prediction        INFO   input_ids_1: 79 93
2022-10-19 06:45:10.530 437:link-prediction        INFO   input_tokens_reverse_1: Ġfor Ġ( Ġint Ġi Ġ= Ġ0 Ġ; Ġi Ġ< Ġn Ġ; Ġi Ġ++ Ġ)
2022-10-19 06:45:10.530 447:link-prediction        INFO   input_tokens_2: ['i', '_=', '_0']
2022-10-19 06:45:10.530 455:link-prediction        INFO   input_ids_2: 82 85
2022-10-19 06:45:10.530 462:link-prediction        INFO   input_tokens_reverse_2: Ġi Ġ= Ġ0
2022-10-19 06:45:10.531 419:link-prediction        INFO   *** Example ***
2022-10-19 06:45:10.531 420:link-prediction        INFO   idx: s621434572_main
2022-10-19 06:45:10.531 421:link-prediction        INFO   label: 0
2022-10-19 06:45:10.531 422:link-prediction        INFO   input_tokens_1: ['b']
2022-10-19 06:45:10.531 430:link-prediction        INFO   input_ids_1: 150 151
2022-10-19 06:45:10.531 437:link-prediction        INFO   input_tokens_reverse_1: Ġb
2022-10-19 06:45:10.531 447:link-prediction        INFO   input_tokens_2: ['"', '_"']
2022-10-19 06:45:10.531 455:link-prediction        INFO   input_ids_2: 216 218
2022-10-19 06:45:10.531 462:link-prediction        INFO   input_tokens_reverse_2: Ġ" Ġ"
2022-10-19 06:45:10.531 419:link-prediction        INFO   *** Example ***
2022-10-19 06:45:10.531 420:link-prediction        INFO   idx: s136793165_main
2022-10-19 06:45:10.531 421:link-prediction        INFO   label: 1
2022-10-19 06:45:10.531 422:link-prediction        INFO   input_tokens_1: ['3', '_*', '_a', '[', 'm', ']']
2022-10-19 06:45:10.532 430:link-prediction        INFO   input_ids_1: 115 121
2022-10-19 06:45:10.532 437:link-prediction        INFO   input_tokens_reverse_1: Ġ3 Ġ* Ġa Ġ[ Ġm Ġ]
2022-10-19 06:45:10.532 447:link-prediction        INFO   input_tokens_2: ['3']
2022-10-19 06:45:10.532 455:link-prediction        INFO   input_ids_2: 115 116
2022-10-19 06:45:10.532 462:link-prediction        INFO   input_tokens_reverse_2: Ġ3
2022-10-19 06:45:10.532 419:link-prediction        INFO   *** Example ***
2022-10-19 06:45:10.532 420:link-prediction        INFO   idx: s559744278_main
2022-10-19 06:45:10.532 421:link-prediction        INFO   label: 1
2022-10-19 06:45:10.532 422:link-prediction        INFO   input_tokens_1: ['i', '_=', '_0']
2022-10-19 06:45:10.532 430:link-prediction        INFO   input_ids_1: 57 60
2022-10-19 06:45:10.532 437:link-prediction        INFO   input_tokens_reverse_1: Ġi Ġ= Ġ0
2022-10-19 06:45:10.532 447:link-prediction        INFO   input_tokens_2: ['i']
2022-10-19 06:45:10.533 455:link-prediction        INFO   input_ids_2: 57 58
2022-10-19 06:45:10.533 462:link-prediction        INFO   input_tokens_reverse_2: Ġi
2022-10-19 06:45:10.533 419:link-prediction        INFO   *** Example ***
2022-10-19 06:45:10.533 420:link-prediction        INFO   idx: s579085948_main
2022-10-19 06:45:10.533 421:link-prediction        INFO   label: 1
2022-10-19 06:45:10.533 422:link-prediction        INFO   input_tokens_1: ['sc', '_=', '_new', '_Scan', 'ner', '(', 'System', '.', 'in', ')']
2022-10-19 06:45:10.533 430:link-prediction        INFO   input_ids_1: 15 25
2022-10-19 06:45:10.533 437:link-prediction        INFO   input_tokens_reverse_1: Ġsc Ġ= Ġnew ĠScan ner Ġ( ĠSystem Ġ. Ġin Ġ)
2022-10-19 06:45:10.533 447:link-prediction        INFO   input_tokens_2: ['sc']
2022-10-19 06:45:10.533 455:link-prediction        INFO   input_ids_2: 15 16
2022-10-19 06:45:10.533 462:link-prediction        INFO   input_tokens_reverse_2: Ġsc
2022-10-19 06:45:11.299 571:link-prediction        INFO   ***** Running training *****
2022-10-19 06:45:11.299 572:link-prediction        INFO     Num examples = 77513
2022-10-19 06:45:11.310 573:link-prediction        INFO     Num Epochs = 2
2022-10-19 06:45:11.310 574:link-prediction        INFO     Instantaneous batch size per GPU = 64
2022-10-19 06:45:11.310 578:link-prediction        INFO     Total train batch size = 64
2022-10-19 06:45:11.310 582:link-prediction        INFO     Gradient Accumulation steps = 1
2022-10-19 06:45:11.311 585:link-prediction        INFO     Total optimization steps = 2424
2022-10-19 06:45:17.841 700:link-prediction        INFO   ***** Running evaluation *****
2022-10-19 06:45:17.841 701:link-prediction        INFO     Num examples = 25814
2022-10-19 06:45:17.841 702:link-prediction        INFO     Batch size = 32
2022-10-19 06:45:35.298 747:link-prediction        INFO   ***** Eval results *****
2022-10-19 06:45:35.299 749:link-prediction        INFO     eval_acc = 0.7239
2022-10-19 06:45:35.299 749:link-prediction        INFO     eval_f1 = 0.7476
2022-10-19 06:45:35.299 749:link-prediction        INFO     eval_mcc = 0.4575
2022-10-19 06:45:35.300 749:link-prediction        INFO     eval_precision = 0.6856
2022-10-19 06:45:35.300 749:link-prediction        INFO     eval_recall = 0.8219
2022-10-19 06:45:35.300 749:link-prediction        INFO     eval_threshold = 0.5
2022-10-19 06:45:35.305 642:link-prediction        INFO     ********************
2022-10-19 06:45:35.305 643:link-prediction        INFO     Best f1:0.7476
2022-10-19 06:45:35.305 644:link-prediction        INFO     ********************
2022-10-19 06:45:35.307 659:link-prediction        INFO   Saving model checkpoint to ../link_prediction/random/graphcodebert_saved_models/2/ast_7/checkpoint-best-f1/model.bin
2022-10-19 06:45:35.308 664:link-prediction        INFO     ********************
2022-10-19 06:45:35.308 665:link-prediction        INFO     Best MCC:0.4575
2022-10-19 06:45:35.308 666:link-prediction        INFO     ********************
2022-10-19 06:45:35.309 681:link-prediction        INFO   Saving model checkpoint to ../link_prediction/random/graphcodebert_saved_models/2/ast_7/checkpoint-best-mcc/model.bin
2022-10-19 06:45:40.952 700:link-prediction        INFO   ***** Running evaluation *****
2022-10-19 06:45:40.952 701:link-prediction        INFO     Num examples = 25814
2022-10-19 06:45:40.952 702:link-prediction        INFO     Batch size = 32
2022-10-19 06:45:58.108 747:link-prediction        INFO   ***** Eval results *****
2022-10-19 06:45:58.109 749:link-prediction        INFO     eval_acc = 0.8086
2022-10-19 06:45:58.109 749:link-prediction        INFO     eval_f1 = 0.8104
2022-10-19 06:45:58.109 749:link-prediction        INFO     eval_mcc = 0.6176
2022-10-19 06:45:58.109 749:link-prediction        INFO     eval_precision = 0.799
2022-10-19 06:45:58.109 749:link-prediction        INFO     eval_recall = 0.822
2022-10-19 06:45:58.109 749:link-prediction        INFO     eval_threshold = 0.5
2022-10-19 06:45:58.111 642:link-prediction        INFO     ********************
2022-10-19 06:45:58.111 643:link-prediction        INFO     Best f1:0.8104
2022-10-19 06:45:58.111 644:link-prediction        INFO     ********************
2022-10-19 06:45:58.112 659:link-prediction        INFO   Saving model checkpoint to ../link_prediction/random/graphcodebert_saved_models/2/ast_7/checkpoint-best-f1/model.bin
2022-10-19 06:45:58.112 664:link-prediction        INFO     ********************
2022-10-19 06:45:58.112 665:link-prediction        INFO     Best MCC:0.6176
2022-10-19 06:45:58.113 666:link-prediction        INFO     ********************
2022-10-19 06:45:58.113 681:link-prediction        INFO   Saving model checkpoint to ../link_prediction/random/graphcodebert_saved_models/2/ast_7/checkpoint-best-mcc/model.bin
2022-10-19 06:46:03.721 700:link-prediction        INFO   ***** Running evaluation *****
2022-10-19 06:46:03.721 701:link-prediction        INFO     Num examples = 25814
2022-10-19 06:46:03.722 702:link-prediction        INFO     Batch size = 32
2022-10-19 06:46:21.017 747:link-prediction        INFO   ***** Eval results *****
2022-10-19 06:46:21.018 749:link-prediction        INFO     eval_acc = 0.832
2022-10-19 06:46:21.018 749:link-prediction        INFO     eval_f1 = 0.8288
2022-10-19 06:46:21.018 749:link-prediction        INFO     eval_mcc = 0.6641
2022-10-19 06:46:21.018 749:link-prediction        INFO     eval_precision = 0.8401
2022-10-19 06:46:21.018 749:link-prediction        INFO     eval_recall = 0.8177
2022-10-19 06:46:21.018 749:link-prediction        INFO     eval_threshold = 0.5
2022-10-19 06:46:21.020 642:link-prediction        INFO     ********************
2022-10-19 06:46:21.020 643:link-prediction        INFO     Best f1:0.8288
2022-10-19 06:46:21.020 644:link-prediction        INFO     ********************
2022-10-19 06:46:21.021 659:link-prediction        INFO   Saving model checkpoint to ../link_prediction/random/graphcodebert_saved_models/2/ast_7/checkpoint-best-f1/model.bin
2022-10-19 06:46:21.021 664:link-prediction        INFO     ********************
2022-10-19 06:46:21.021 665:link-prediction        INFO     Best MCC:0.6641
2022-10-19 06:46:21.021 666:link-prediction        INFO     ********************
2022-10-19 06:46:21.022 681:link-prediction        INFO   Saving model checkpoint to ../link_prediction/random/graphcodebert_saved_models/2/ast_7/checkpoint-best-mcc/model.bin
2022-10-19 06:46:26.614 700:link-prediction        INFO   ***** Running evaluation *****
2022-10-19 06:46:26.614 701:link-prediction        INFO     Num examples = 25814
2022-10-19 06:46:26.615 702:link-prediction        INFO     Batch size = 32
2022-10-19 06:46:43.705 747:link-prediction        INFO   ***** Eval results *****
2022-10-19 06:46:43.705 749:link-prediction        INFO     eval_acc = 0.8342
2022-10-19 06:46:43.705 749:link-prediction        INFO     eval_f1 = 0.8355
2022-10-19 06:46:43.705 749:link-prediction        INFO     eval_mcc = 0.6687
2022-10-19 06:46:43.706 749:link-prediction        INFO     eval_precision = 0.8249
2022-10-19 06:46:43.706 749:link-prediction        INFO     eval_recall = 0.8464
2022-10-19 06:46:43.706 749:link-prediction        INFO     eval_threshold = 0.5
2022-10-19 06:46:43.708 642:link-prediction        INFO     ********************
2022-10-19 06:46:43.708 643:link-prediction        INFO     Best f1:0.8355
2022-10-19 06:46:43.708 644:link-prediction        INFO     ********************
2022-10-19 06:46:43.709 659:link-prediction        INFO   Saving model checkpoint to ../link_prediction/random/graphcodebert_saved_models/2/ast_7/checkpoint-best-f1/model.bin
2022-10-19 06:46:43.709 664:link-prediction        INFO     ********************
2022-10-19 06:46:43.709 665:link-prediction        INFO     Best MCC:0.6687
2022-10-19 06:46:43.709 666:link-prediction        INFO     ********************
2022-10-19 06:46:43.710 681:link-prediction        INFO   Saving model checkpoint to ../link_prediction/random/graphcodebert_saved_models/2/ast_7/checkpoint-best-mcc/model.bin
2022-10-19 06:46:49.339 700:link-prediction        INFO   ***** Running evaluation *****
2022-10-19 06:46:49.339 701:link-prediction        INFO     Num examples = 25814
2022-10-19 06:46:49.339 702:link-prediction        INFO     Batch size = 32
2022-10-19 06:47:06.928 747:link-prediction        INFO   ***** Eval results *****
2022-10-19 06:47:06.928 749:link-prediction        INFO     eval_acc = 0.8339
2022-10-19 06:47:06.928 749:link-prediction        INFO     eval_f1 = 0.8281
2022-10-19 06:47:06.928 749:link-prediction        INFO     eval_mcc = 0.6687
2022-10-19 06:47:06.928 749:link-prediction        INFO     eval_precision = 0.8531
2022-10-19 06:47:06.928 749:link-prediction        INFO     eval_recall = 0.8046
2022-10-19 06:47:06.928 749:link-prediction        INFO     eval_threshold = 0.5
2022-10-19 06:47:06.930 664:link-prediction        INFO     ********************
2022-10-19 06:47:06.930 665:link-prediction        INFO     Best MCC:0.6687
2022-10-19 06:47:06.931 666:link-prediction        INFO     ********************
2022-10-19 06:47:06.931 681:link-prediction        INFO   Saving model checkpoint to ../link_prediction/random/graphcodebert_saved_models/2/ast_7/checkpoint-best-mcc/model.bin
2022-10-19 06:47:12.632 700:link-prediction        INFO   ***** Running evaluation *****
2022-10-19 06:47:12.632 701:link-prediction        INFO     Num examples = 25814
2022-10-19 06:47:12.632 702:link-prediction        INFO     Batch size = 32
2022-10-19 06:47:30.303 747:link-prediction        INFO   ***** Eval results *****
2022-10-19 06:47:30.303 749:link-prediction        INFO     eval_acc = 0.8361
2022-10-19 06:47:30.303 749:link-prediction        INFO     eval_f1 = 0.8529
2022-10-19 06:47:30.304 749:link-prediction        INFO     eval_mcc = 0.6927
2022-10-19 06:47:30.304 749:link-prediction        INFO     eval_precision = 0.7701
2022-10-19 06:47:30.304 749:link-prediction        INFO     eval_recall = 0.9558
2022-10-19 06:47:30.304 749:link-prediction        INFO     eval_threshold = 0.5
2022-10-19 06:47:30.306 642:link-prediction        INFO     ********************
2022-10-19 06:47:30.306 643:link-prediction        INFO     Best f1:0.8529
2022-10-19 06:47:30.306 644:link-prediction        INFO     ********************
2022-10-19 06:47:30.307 659:link-prediction        INFO   Saving model checkpoint to ../link_prediction/random/graphcodebert_saved_models/2/ast_7/checkpoint-best-f1/model.bin
2022-10-19 06:47:30.307 664:link-prediction        INFO     ********************
2022-10-19 06:47:30.307 665:link-prediction        INFO     Best MCC:0.6927
2022-10-19 06:47:30.307 666:link-prediction        INFO     ********************
2022-10-19 06:47:30.308 681:link-prediction        INFO   Saving model checkpoint to ../link_prediction/random/graphcodebert_saved_models/2/ast_7/checkpoint-best-mcc/model.bin
2022-10-19 06:47:35.882 700:link-prediction        INFO   ***** Running evaluation *****
2022-10-19 06:47:35.882 701:link-prediction        INFO     Num examples = 25814
2022-10-19 06:47:35.882 702:link-prediction        INFO     Batch size = 32
2022-10-19 06:47:53.023 747:link-prediction        INFO   ***** Eval results *****
2022-10-19 06:47:53.023 749:link-prediction        INFO     eval_acc = 0.8455
2022-10-19 06:47:53.023 749:link-prediction        INFO     eval_f1 = 0.8597
2022-10-19 06:47:53.023 749:link-prediction        INFO     eval_mcc = 0.7076
2022-10-19 06:47:53.024 749:link-prediction        INFO     eval_precision = 0.7838
2022-10-19 06:47:53.024 749:link-prediction        INFO     eval_recall = 0.9519
2022-10-19 06:47:53.024 749:link-prediction        INFO     eval_threshold = 0.5
2022-10-19 06:47:53.026 642:link-prediction        INFO     ********************
2022-10-19 06:47:53.026 643:link-prediction        INFO     Best f1:0.8597
2022-10-19 06:47:53.026 644:link-prediction        INFO     ********************
2022-10-19 06:47:53.027 659:link-prediction        INFO   Saving model checkpoint to ../link_prediction/random/graphcodebert_saved_models/2/ast_7/checkpoint-best-f1/model.bin
2022-10-19 06:47:53.027 664:link-prediction        INFO     ********************
2022-10-19 06:47:53.027 665:link-prediction        INFO     Best MCC:0.7076
2022-10-19 06:47:53.027 666:link-prediction        INFO     ********************
2022-10-19 06:47:53.028 681:link-prediction        INFO   Saving model checkpoint to ../link_prediction/random/graphcodebert_saved_models/2/ast_7/checkpoint-best-mcc/model.bin
2022-10-19 06:47:58.600 700:link-prediction        INFO   ***** Running evaluation *****
2022-10-19 06:47:58.600 701:link-prediction        INFO     Num examples = 25814
2022-10-19 06:47:58.600 702:link-prediction        INFO     Batch size = 32
2022-10-19 06:48:15.816 747:link-prediction        INFO   ***** Eval results *****
2022-10-19 06:48:15.816 749:link-prediction        INFO     eval_acc = 0.8628
2022-10-19 06:48:15.816 749:link-prediction        INFO     eval_f1 = 0.8658
2022-10-19 06:48:15.816 749:link-prediction        INFO     eval_mcc = 0.7268
2022-10-19 06:48:15.817 749:link-prediction        INFO     eval_precision = 0.8427
2022-10-19 06:48:15.817 749:link-prediction        INFO     eval_recall = 0.8903
2022-10-19 06:48:15.817 749:link-prediction        INFO     eval_threshold = 0.5
2022-10-19 06:48:15.819 642:link-prediction        INFO     ********************
2022-10-19 06:48:15.819 643:link-prediction        INFO     Best f1:0.8658
2022-10-19 06:48:15.819 644:link-prediction        INFO     ********************
2022-10-19 06:48:15.820 659:link-prediction        INFO   Saving model checkpoint to ../link_prediction/random/graphcodebert_saved_models/2/ast_7/checkpoint-best-f1/model.bin
2022-10-19 06:48:15.820 664:link-prediction        INFO     ********************
2022-10-19 06:48:15.820 665:link-prediction        INFO     Best MCC:0.7268
2022-10-19 06:48:15.820 666:link-prediction        INFO     ********************
2022-10-19 06:48:15.821 681:link-prediction        INFO   Saving model checkpoint to ../link_prediction/random/graphcodebert_saved_models/2/ast_7/checkpoint-best-mcc/model.bin
2022-10-19 06:48:21.398 700:link-prediction        INFO   ***** Running evaluation *****
2022-10-19 06:48:21.398 701:link-prediction        INFO     Num examples = 25814
2022-10-19 06:48:21.398 702:link-prediction        INFO     Batch size = 32
2022-10-19 06:48:38.600 747:link-prediction        INFO   ***** Eval results *****
2022-10-19 06:48:38.600 749:link-prediction        INFO     eval_acc = 0.8591
2022-10-19 06:48:38.600 749:link-prediction        INFO     eval_f1 = 0.8572
2022-10-19 06:48:38.600 749:link-prediction        INFO     eval_mcc = 0.7183
2022-10-19 06:48:38.600 749:link-prediction        INFO     eval_precision = 0.8642
2022-10-19 06:48:38.600 749:link-prediction        INFO     eval_recall = 0.8504
2022-10-19 06:48:38.600 749:link-prediction        INFO     eval_threshold = 0.5
2022-10-19 06:48:44.180 700:link-prediction        INFO   ***** Running evaluation *****
2022-10-19 06:48:44.180 701:link-prediction        INFO     Num examples = 25814
2022-10-19 06:48:44.180 702:link-prediction        INFO     Batch size = 32
2022-10-19 06:49:01.891 747:link-prediction        INFO   ***** Eval results *****
2022-10-19 06:49:01.891 749:link-prediction        INFO     eval_acc = 0.865
2022-10-19 06:49:01.891 749:link-prediction        INFO     eval_f1 = 0.8678
2022-10-19 06:49:01.891 749:link-prediction        INFO     eval_mcc = 0.7311
2022-10-19 06:49:01.891 749:link-prediction        INFO     eval_precision = 0.8461
2022-10-19 06:49:01.891 749:link-prediction        INFO     eval_recall = 0.8906
2022-10-19 06:49:01.891 749:link-prediction        INFO     eval_threshold = 0.5
2022-10-19 06:49:01.894 642:link-prediction        INFO     ********************
2022-10-19 06:49:01.894 643:link-prediction        INFO     Best f1:0.8678
2022-10-19 06:49:01.894 644:link-prediction        INFO     ********************
2022-10-19 06:49:01.895 659:link-prediction        INFO   Saving model checkpoint to ../link_prediction/random/graphcodebert_saved_models/2/ast_7/checkpoint-best-f1/model.bin
2022-10-19 06:49:01.895 664:link-prediction        INFO     ********************
2022-10-19 06:49:01.895 665:link-prediction        INFO     Best MCC:0.7311
2022-10-19 06:49:01.895 666:link-prediction        INFO     ********************
2022-10-19 06:49:01.895 681:link-prediction        INFO   Saving model checkpoint to ../link_prediction/random/graphcodebert_saved_models/2/ast_7/checkpoint-best-mcc/model.bin
2022-10-19 06:49:07.473 700:link-prediction        INFO   ***** Running evaluation *****
2022-10-19 06:49:07.474 701:link-prediction        INFO     Num examples = 25814
2022-10-19 06:49:07.474 702:link-prediction        INFO     Batch size = 32
2022-10-19 06:49:24.598 747:link-prediction        INFO   ***** Eval results *****
2022-10-19 06:49:24.598 749:link-prediction        INFO     eval_acc = 0.866
2022-10-19 06:49:24.599 749:link-prediction        INFO     eval_f1 = 0.8673
2022-10-19 06:49:24.599 749:link-prediction        INFO     eval_mcc = 0.7323
2022-10-19 06:49:24.599 749:link-prediction        INFO     eval_precision = 0.8545
2022-10-19 06:49:24.599 749:link-prediction        INFO     eval_recall = 0.8804
2022-10-19 06:49:24.599 749:link-prediction        INFO     eval_threshold = 0.5
2022-10-19 06:49:24.601 664:link-prediction        INFO     ********************
2022-10-19 06:49:24.601 665:link-prediction        INFO     Best MCC:0.7323
2022-10-19 06:49:24.602 666:link-prediction        INFO     ********************
2022-10-19 06:49:24.602 681:link-prediction        INFO   Saving model checkpoint to ../link_prediction/random/graphcodebert_saved_models/2/ast_7/checkpoint-best-mcc/model.bin
2022-10-19 06:49:30.194 700:link-prediction        INFO   ***** Running evaluation *****
2022-10-19 06:49:30.195 701:link-prediction        INFO     Num examples = 25814
2022-10-19 06:49:30.195 702:link-prediction        INFO     Batch size = 32
2022-10-19 06:49:47.910 747:link-prediction        INFO   ***** Eval results *****
2022-10-19 06:49:47.910 749:link-prediction        INFO     eval_acc = 0.8659
2022-10-19 06:49:47.910 749:link-prediction        INFO     eval_f1 = 0.8683
2022-10-19 06:49:47.910 749:link-prediction        INFO     eval_mcc = 0.7327
2022-10-19 06:49:47.910 749:link-prediction        INFO     eval_precision = 0.8487
2022-10-19 06:49:47.910 749:link-prediction        INFO     eval_recall = 0.8889
2022-10-19 06:49:47.911 749:link-prediction        INFO     eval_threshold = 0.5
2022-10-19 06:49:47.913 642:link-prediction        INFO     ********************
2022-10-19 06:49:47.913 643:link-prediction        INFO     Best f1:0.8683
2022-10-19 06:49:47.913 644:link-prediction        INFO     ********************
2022-10-19 06:49:47.914 659:link-prediction        INFO   Saving model checkpoint to ../link_prediction/random/graphcodebert_saved_models/2/ast_7/checkpoint-best-f1/model.bin
2022-10-19 06:49:47.914 664:link-prediction        INFO     ********************
2022-10-19 06:49:47.914 665:link-prediction        INFO     Best MCC:0.7327
2022-10-19 06:49:47.914 666:link-prediction        INFO     ********************
2022-10-19 06:49:47.915 681:link-prediction        INFO   Saving model checkpoint to ../link_prediction/random/graphcodebert_saved_models/2/ast_7/checkpoint-best-mcc/model.bin
2022-10-19 06:49:53.514 700:link-prediction        INFO   ***** Running evaluation *****
2022-10-19 06:49:53.514 701:link-prediction        INFO     Num examples = 25814
2022-10-19 06:49:53.514 702:link-prediction        INFO     Batch size = 32
2022-10-19 06:50:11.093 747:link-prediction        INFO   ***** Eval results *****
2022-10-19 06:50:11.093 749:link-prediction        INFO     eval_acc = 0.866
2022-10-19 06:50:11.093 749:link-prediction        INFO     eval_f1 = 0.8724
2022-10-19 06:50:11.093 749:link-prediction        INFO     eval_mcc = 0.7367
2022-10-19 06:50:11.093 749:link-prediction        INFO     eval_precision = 0.8285
2022-10-19 06:50:11.093 749:link-prediction        INFO     eval_recall = 0.9213
2022-10-19 06:50:11.093 749:link-prediction        INFO     eval_threshold = 0.5
2022-10-19 06:50:11.095 642:link-prediction        INFO     ********************
2022-10-19 06:50:11.096 643:link-prediction        INFO     Best f1:0.8724
2022-10-19 06:50:11.096 644:link-prediction        INFO     ********************
2022-10-19 06:50:11.096 659:link-prediction        INFO   Saving model checkpoint to ../link_prediction/random/graphcodebert_saved_models/2/ast_7/checkpoint-best-f1/model.bin
2022-10-19 06:50:11.097 664:link-prediction        INFO     ********************
2022-10-19 06:50:11.097 665:link-prediction        INFO     Best MCC:0.7367
2022-10-19 06:50:11.097 666:link-prediction        INFO     ********************
2022-10-19 06:50:11.097 681:link-prediction        INFO   Saving model checkpoint to ../link_prediction/random/graphcodebert_saved_models/2/ast_7/checkpoint-best-mcc/model.bin
2022-10-19 06:50:16.692 700:link-prediction        INFO   ***** Running evaluation *****
2022-10-19 06:50:16.692 701:link-prediction        INFO     Num examples = 25814
2022-10-19 06:50:16.693 702:link-prediction        INFO     Batch size = 32
2022-10-19 06:50:33.914 747:link-prediction        INFO   ***** Eval results *****
2022-10-19 06:50:33.914 749:link-prediction        INFO     eval_acc = 0.8751
2022-10-19 06:50:33.914 749:link-prediction        INFO     eval_f1 = 0.8733
2022-10-19 06:50:33.914 749:link-prediction        INFO     eval_mcc = 0.7502
2022-10-19 06:50:33.914 749:link-prediction        INFO     eval_precision = 0.8809
2022-10-19 06:50:33.914 749:link-prediction        INFO     eval_recall = 0.8659
2022-10-19 06:50:33.914 749:link-prediction        INFO     eval_threshold = 0.5
2022-10-19 06:50:33.916 642:link-prediction        INFO     ********************
2022-10-19 06:50:33.917 643:link-prediction        INFO     Best f1:0.8733
2022-10-19 06:50:33.917 644:link-prediction        INFO     ********************
2022-10-19 06:50:33.917 659:link-prediction        INFO   Saving model checkpoint to ../link_prediction/random/graphcodebert_saved_models/2/ast_7/checkpoint-best-f1/model.bin
2022-10-19 06:50:33.918 664:link-prediction        INFO     ********************
2022-10-19 06:50:33.918 665:link-prediction        INFO     Best MCC:0.7502
2022-10-19 06:50:33.918 666:link-prediction        INFO     ********************
2022-10-19 06:50:33.918 681:link-prediction        INFO   Saving model checkpoint to ../link_prediction/random/graphcodebert_saved_models/2/ast_7/checkpoint-best-mcc/model.bin
2022-10-19 06:50:39.525 700:link-prediction        INFO   ***** Running evaluation *****
2022-10-19 06:50:39.525 701:link-prediction        INFO     Num examples = 25814
2022-10-19 06:50:39.525 702:link-prediction        INFO     Batch size = 32
2022-10-19 06:50:56.642 747:link-prediction        INFO   ***** Eval results *****
2022-10-19 06:50:56.642 749:link-prediction        INFO     eval_acc = 0.87
2022-10-19 06:50:56.642 749:link-prediction        INFO     eval_f1 = 0.8769
2022-10-19 06:50:56.642 749:link-prediction        INFO     eval_mcc = 0.7458
2022-10-19 06:50:56.642 749:link-prediction        INFO     eval_precision = 0.8283
2022-10-19 06:50:56.642 749:link-prediction        INFO     eval_recall = 0.9317
2022-10-19 06:50:56.642 749:link-prediction        INFO     eval_threshold = 0.5
2022-10-19 06:50:56.644 642:link-prediction        INFO     ********************
2022-10-19 06:50:56.645 643:link-prediction        INFO     Best f1:0.8769
2022-10-19 06:50:56.645 644:link-prediction        INFO     ********************
2022-10-19 06:50:56.646 659:link-prediction        INFO   Saving model checkpoint to ../link_prediction/random/graphcodebert_saved_models/2/ast_7/checkpoint-best-f1/model.bin
2022-10-19 06:51:02.272 700:link-prediction        INFO   ***** Running evaluation *****
2022-10-19 06:51:02.272 701:link-prediction        INFO     Num examples = 25814
2022-10-19 06:51:02.272 702:link-prediction        INFO     Batch size = 32
2022-10-19 06:51:19.652 747:link-prediction        INFO   ***** Eval results *****
2022-10-19 06:51:19.652 749:link-prediction        INFO     eval_acc = 0.8778
2022-10-19 06:51:19.652 749:link-prediction        INFO     eval_f1 = 0.8809
2022-10-19 06:51:19.652 749:link-prediction        INFO     eval_mcc = 0.7571
2022-10-19 06:51:19.652 749:link-prediction        INFO     eval_precision = 0.8548
2022-10-19 06:51:19.652 749:link-prediction        INFO     eval_recall = 0.9086
2022-10-19 06:51:19.653 749:link-prediction        INFO     eval_threshold = 0.5
2022-10-19 06:51:19.655 642:link-prediction        INFO     ********************
2022-10-19 06:51:19.655 643:link-prediction        INFO     Best f1:0.8809
2022-10-19 06:51:19.655 644:link-prediction        INFO     ********************
2022-10-19 06:51:19.656 659:link-prediction        INFO   Saving model checkpoint to ../link_prediction/random/graphcodebert_saved_models/2/ast_7/checkpoint-best-f1/model.bin
2022-10-19 06:51:19.656 664:link-prediction        INFO     ********************
2022-10-19 06:51:19.656 665:link-prediction        INFO     Best MCC:0.7571
2022-10-19 06:51:19.656 666:link-prediction        INFO     ********************
2022-10-19 06:51:19.657 681:link-prediction        INFO   Saving model checkpoint to ../link_prediction/random/graphcodebert_saved_models/2/ast_7/checkpoint-best-mcc/model.bin
2022-10-19 06:51:25.327 700:link-prediction        INFO   ***** Running evaluation *****
2022-10-19 06:51:25.327 701:link-prediction        INFO     Num examples = 25814
2022-10-19 06:51:25.327 702:link-prediction        INFO     Batch size = 32
2022-10-19 06:51:42.992 747:link-prediction        INFO   ***** Eval results *****
2022-10-19 06:51:42.992 749:link-prediction        INFO     eval_acc = 0.8797
2022-10-19 06:51:42.992 749:link-prediction        INFO     eval_f1 = 0.8793
2022-10-19 06:51:42.992 749:link-prediction        INFO     eval_mcc = 0.7594
2022-10-19 06:51:42.992 749:link-prediction        INFO     eval_precision = 0.8772
2022-10-19 06:51:42.992 749:link-prediction        INFO     eval_recall = 0.8815
2022-10-19 06:51:42.992 749:link-prediction        INFO     eval_threshold = 0.5
2022-10-19 06:51:42.995 664:link-prediction        INFO     ********************
2022-10-19 06:51:42.995 665:link-prediction        INFO     Best MCC:0.7594
2022-10-19 06:51:42.995 666:link-prediction        INFO     ********************
2022-10-19 06:51:42.996 681:link-prediction        INFO   Saving model checkpoint to ../link_prediction/random/graphcodebert_saved_models/2/ast_7/checkpoint-best-mcc/model.bin
2022-10-19 06:51:48.595 700:link-prediction        INFO   ***** Running evaluation *****
2022-10-19 06:51:48.595 701:link-prediction        INFO     Num examples = 25814
2022-10-19 06:51:48.595 702:link-prediction        INFO     Batch size = 32
2022-10-19 06:52:06.038 747:link-prediction        INFO   ***** Eval results *****
2022-10-19 06:52:06.038 749:link-prediction        INFO     eval_acc = 0.877
2022-10-19 06:52:06.039 749:link-prediction        INFO     eval_f1 = 0.8815
2022-10-19 06:52:06.039 749:link-prediction        INFO     eval_mcc = 0.757
2022-10-19 06:52:06.039 749:link-prediction        INFO     eval_precision = 0.8462
2022-10-19 06:52:06.039 749:link-prediction        INFO     eval_recall = 0.9199
2022-10-19 06:52:06.039 749:link-prediction        INFO     eval_threshold = 0.5
2022-10-19 06:52:06.041 642:link-prediction        INFO     ********************
2022-10-19 06:52:06.041 643:link-prediction        INFO     Best f1:0.8815
2022-10-19 06:52:06.041 644:link-prediction        INFO     ********************
2022-10-19 06:52:06.042 659:link-prediction        INFO   Saving model checkpoint to ../link_prediction/random/graphcodebert_saved_models/2/ast_7/checkpoint-best-f1/model.bin
2022-10-19 06:52:11.661 700:link-prediction        INFO   ***** Running evaluation *****
2022-10-19 06:52:11.661 701:link-prediction        INFO     Num examples = 25814
2022-10-19 06:52:11.661 702:link-prediction        INFO     Batch size = 32
2022-10-19 06:52:29.348 747:link-prediction        INFO   ***** Eval results *****
2022-10-19 06:52:29.348 749:link-prediction        INFO     eval_acc = 0.8803
2022-10-19 06:52:29.348 749:link-prediction        INFO     eval_f1 = 0.8831
2022-10-19 06:52:29.348 749:link-prediction        INFO     eval_mcc = 0.7619
2022-10-19 06:52:29.348 749:link-prediction        INFO     eval_precision = 0.8589
2022-10-19 06:52:29.348 749:link-prediction        INFO     eval_recall = 0.9086
2022-10-19 06:52:29.348 749:link-prediction        INFO     eval_threshold = 0.5
2022-10-19 06:52:29.351 642:link-prediction        INFO     ********************
2022-10-19 06:52:29.351 643:link-prediction        INFO     Best f1:0.8831
2022-10-19 06:52:29.351 644:link-prediction        INFO     ********************
2022-10-19 06:52:29.352 659:link-prediction        INFO   Saving model checkpoint to ../link_prediction/random/graphcodebert_saved_models/2/ast_7/checkpoint-best-f1/model.bin
2022-10-19 06:52:29.352 664:link-prediction        INFO     ********************
2022-10-19 06:52:29.352 665:link-prediction        INFO     Best MCC:0.7619
2022-10-19 06:52:29.352 666:link-prediction        INFO     ********************
2022-10-19 06:52:29.353 681:link-prediction        INFO   Saving model checkpoint to ../link_prediction/random/graphcodebert_saved_models/2/ast_7/checkpoint-best-mcc/model.bin
2022-10-19 06:52:34.947 700:link-prediction        INFO   ***** Running evaluation *****
2022-10-19 06:52:34.948 701:link-prediction        INFO     Num examples = 25814
2022-10-19 06:52:34.948 702:link-prediction        INFO     Batch size = 32
2022-10-19 06:52:52.208 747:link-prediction        INFO   ***** Eval results *****
2022-10-19 06:52:52.208 749:link-prediction        INFO     eval_acc = 0.8791
2022-10-19 06:52:52.208 749:link-prediction        INFO     eval_f1 = 0.8829
2022-10-19 06:52:52.208 749:link-prediction        INFO     eval_mcc = 0.7604
2022-10-19 06:52:52.209 749:link-prediction        INFO     eval_precision = 0.8514
2022-10-19 06:52:52.209 749:link-prediction        INFO     eval_recall = 0.9169
2022-10-19 06:52:52.209 749:link-prediction        INFO     eval_threshold = 0.5
2022-10-19 06:52:52.375 769:link-prediction        INFO   ***** Running Test *****
2022-10-19 06:52:52.376 770:link-prediction        INFO     Num examples = 25558
2022-10-19 06:52:52.376 771:link-prediction        INFO     Batch size = 32
2022-10-19 06:53:09.257 812:link-prediction        INFO   ***** Test results *****
2022-10-19 06:53:09.257 814:link-prediction        INFO     eval_acc = 0.8837
2022-10-19 06:53:09.257 814:link-prediction        INFO     eval_f1 = 0.8862
2022-10-19 06:53:09.257 814:link-prediction        INFO     eval_mcc = 0.7686
2022-10-19 06:53:09.257 814:link-prediction        INFO     eval_precision = 0.8638
2022-10-19 06:53:09.257 814:link-prediction        INFO     eval_recall = 0.9098
2022-10-19 06:53:09.257 814:link-prediction        INFO     eval_threshold = 0.5
