2022-10-19 18:59:55.649 1013:link-prediction        DEBUG  main message
2022-10-19 18:59:55.649 1019:link-prediction        WARNING device: cuda, n_gpu: 1
2022-10-19 19:00:03.699 1040:link-prediction        INFO   Probimg Model Parameters 3843
2022-10-19 19:00:03.699 1041:link-prediction        INFO   Training/evaluation parameters Namespace(adam_epsilon=1e-08, class_num=2, code_length=512, config_name='microsoft/graphcodebert-base', data_flow_length=128, data_folder='../datasets/java250/graphs', dataset='java250', debug=False, device=device(type='cuda'), do_crossing=True, do_eval=False, do_random=True, do_test=True, do_train=True, epochs=2, eval_batch_size=32, evaluate_during_training=False, gradient_accumulation_steps=1, graph_type='ast', layer=5, learning_rate=0.001, max_grad_norm=1.0, max_steps=-1, model_name='graphcodebert', model_name_or_path='microsoft/graphcodebert-base', n_gpu=1, output_dir='../link_prediction/random/graphcodebert_saved_models/3/ast_5', seed=251, token_config='microsoft/graphcodebert-base', train_batch_size=64, warmup_steps=0, weight_decay=0.0)
2022-10-19 19:00:03.700 1053:link-prediction        INFO   Load Dataset
2022-10-19 19:01:03.338 356:link-prediction        INFO   Load Span file and Graph data, data path: ../datasets/java250/graphs/graphcodebert/graphcodebert_train_ast_cleaned.pt
2022-10-19 19:01:05.411 415:link-prediction        INFO   Labels Counter({0: 38946, 1: 38567})
2022-10-19 19:01:05.491 356:link-prediction        INFO   Load Span file and Graph data, data path: ../datasets/java250/graphs/graphcodebert/graphcodebert_valid_ast_cleaned.pt
2022-10-19 19:01:06.406 415:link-prediction        INFO   Labels Counter({0: 12975, 1: 12839})
2022-10-19 19:01:06.495 356:link-prediction        INFO   Load Span file and Graph data, data path: ../datasets/java250/graphs/graphcodebert/graphcodebert_test_ast_cleaned.pt
2022-10-19 19:01:07.622 415:link-prediction        INFO   Labels Counter({0: 12840, 1: 12718})
2022-10-19 19:01:07.622 419:link-prediction        INFO   *** Example ***
2022-10-19 19:01:07.623 420:link-prediction        INFO   idx: s875146888_solve
2022-10-19 19:01:07.623 421:link-prediction        INFO   label: 0
2022-10-19 19:01:07.624 422:link-prediction        INFO   input_tokens_1: ['L']
2022-10-19 19:01:07.625 430:link-prediction        INFO   input_ids_1: 16 17
2022-10-19 19:01:07.625 437:link-prediction        INFO   input_tokens_reverse_1: ĠL
2022-10-19 19:01:07.625 447:link-prediction        INFO   input_tokens_2: ['Math', '.', 'abs', '(', 'arr', '[', 'N', '_-', '_1', '])']
2022-10-19 19:01:07.625 455:link-prediction        INFO   input_ids_2: 97 108
2022-10-19 19:01:07.625 462:link-prediction        INFO   input_tokens_reverse_2: ĠMath Ġ. Ġabs Ġ( Ġarr Ġ[ ĠN Ġ- Ġ1 Ġ] Ġ)
2022-10-19 19:01:07.625 419:link-prediction        INFO   *** Example ***
2022-10-19 19:01:07.625 420:link-prediction        INFO   idx: s605449832_binarySearch
2022-10-19 19:01:07.625 421:link-prediction        INFO   label: 0
2022-10-19 19:01:07.625 422:link-prediction        INFO   input_tokens_1: ['if', '_(', 'arr', '[', 'mid', ']', '_==', '_key', ')']
2022-10-19 19:01:07.626 430:link-prediction        INFO   input_ids_1: 59 68
2022-10-19 19:01:07.626 437:link-prediction        INFO   input_tokens_reverse_1: Ġif Ġ( Ġarr Ġ[ Ġmid Ġ] Ġ== Ġkey Ġ)
2022-10-19 19:01:07.626 447:link-prediction        INFO   input_tokens_2: ['if', '_(', 'low', '_>', '_high', ')']
2022-10-19 19:01:07.626 455:link-prediction        INFO   input_ids_2: 93 99
2022-10-19 19:01:07.626 462:link-prediction        INFO   input_tokens_reverse_2: Ġif Ġ( Ġlow Ġ> Ġhigh Ġ)
2022-10-19 19:01:07.626 419:link-prediction        INFO   *** Example ***
2022-10-19 19:01:07.626 420:link-prediction        INFO   idx: s579168028_main
2022-10-19 19:01:07.626 421:link-prediction        INFO   label: 0
2022-10-19 19:01:07.626 422:link-prediction        INFO   input_tokens_1: ['System', '.', 'out']
2022-10-19 19:01:07.626 430:link-prediction        INFO   input_ids_1: 73 76
2022-10-19 19:01:07.626 437:link-prediction        INFO   input_tokens_reverse_1: ĠSystem Ġ. Ġout
2022-10-19 19:01:07.627 447:link-prediction        INFO   input_tokens_2: ['new', '_Scan', 'ner', '(', 'System', '.', 'in', ')']
2022-10-19 19:01:07.627 455:link-prediction        INFO   input_ids_2: 17 25
2022-10-19 19:01:07.627 462:link-prediction        INFO   input_tokens_reverse_2: Ġnew ĠScan ner Ġ( ĠSystem Ġ. Ġin Ġ)
2022-10-19 19:01:07.627 419:link-prediction        INFO   *** Example ***
2022-10-19 19:01:07.627 420:link-prediction        INFO   idx: s399157060_main
2022-10-19 19:01:07.627 421:link-prediction        INFO   label: 0
2022-10-19 19:01:07.627 422:link-prediction        INFO   input_tokens_1: ['han', 'ako', 'Card']
2022-10-19 19:01:07.627 430:link-prediction        INFO   input_ids_1: 76 80
2022-10-19 19:01:07.627 437:link-prediction        INFO   input_tokens_reverse_1: Ġh an ako Card
2022-10-19 19:01:07.627 447:link-prediction        INFO   input_tokens_2: ['scan', '_=', '_new', '_Scan', 'ner', '(', 'System', '.', 'in', ')']
2022-10-19 19:01:07.627 455:link-prediction        INFO   input_ids_2: 15 25
2022-10-19 19:01:07.628 462:link-prediction        INFO   input_tokens_reverse_2: Ġscan Ġ= Ġnew ĠScan ner Ġ( ĠSystem Ġ. Ġin Ġ)
2022-10-19 19:01:07.628 419:link-prediction        INFO   *** Example ***
2022-10-19 19:01:07.628 420:link-prediction        INFO   idx: s815780684_main
2022-10-19 19:01:07.628 421:link-prediction        INFO   label: 1
2022-10-19 19:01:07.628 422:link-prediction        INFO   input_tokens_1: ['ans', '_+', '_(', 'long', ')', '_ans', '1']
2022-10-19 19:01:07.628 430:link-prediction        INFO   input_ids_1: 79 86
2022-10-19 19:01:07.628 437:link-prediction        INFO   input_tokens_reverse_1: Ġans Ġ+ Ġ( Ġlong Ġ) Ġans 1
2022-10-19 19:01:07.628 447:link-prediction        INFO   input_tokens_2: ['(', 'long', ')', '_ans', '1']
2022-10-19 19:01:07.628 455:link-prediction        INFO   input_ids_2: 81 86
2022-10-19 19:01:07.628 462:link-prediction        INFO   input_tokens_reverse_2: Ġ( Ġlong Ġ) Ġans 1
2022-10-19 19:01:07.628 419:link-prediction        INFO   *** Example ***
2022-10-19 19:01:07.628 420:link-prediction        INFO   idx: s009162144_main
2022-10-19 19:01:07.629 421:link-prediction        INFO   label: 0
2022-10-19 19:01:07.629 422:link-prediction        INFO   input_tokens_1: ['0']
2022-10-19 19:01:07.629 430:link-prediction        INFO   input_ids_1: 70 71
2022-10-19 19:01:07.629 437:link-prediction        INFO   input_tokens_reverse_1: Ġ0
2022-10-19 19:01:07.629 447:link-prediction        INFO   input_tokens_2: ['new', '_long', '[', 'N', ']']
2022-10-19 19:01:07.629 455:link-prediction        INFO   input_ids_2: 50 55
2022-10-19 19:01:07.629 462:link-prediction        INFO   input_tokens_reverse_2: Ġnew Ġlong Ġ[ ĠN Ġ]
2022-10-19 19:01:07.629 419:link-prediction        INFO   *** Example ***
2022-10-19 19:01:07.629 420:link-prediction        INFO   idx: s636720224_nextPackedIntArrays
2022-10-19 19:01:07.629 421:link-prediction        INFO   label: 0
2022-10-19 19:01:07.629 422:link-prediction        INFO   input_tokens_1: ['res', '[', 'j', '][', 'i', ']']
2022-10-19 19:01:07.630 430:link-prediction        INFO   input_ids_1: 71 78
2022-10-19 19:01:07.630 437:link-prediction        INFO   input_tokens_reverse_1: Ġres Ġ[ Ġj Ġ] Ġ[ Ġi Ġ]
2022-10-19 19:01:07.630 447:link-prediction        INFO   input_tokens_2: ['0']
2022-10-19 19:01:07.630 455:link-prediction        INFO   input_ids_2: 45 46
2022-10-19 19:01:07.630 462:link-prediction        INFO   input_tokens_reverse_2: Ġ0
2022-10-19 19:01:07.630 419:link-prediction        INFO   *** Example ***
2022-10-19 19:01:07.630 420:link-prediction        INFO   idx: s776780512_main
2022-10-19 19:01:07.630 421:link-prediction        INFO   label: 1
2022-10-19 19:01:07.630 422:link-prediction        INFO   input_tokens_1: ['num', '1', '_>', '_num', '2']
2022-10-19 19:01:07.630 430:link-prediction        INFO   input_ids_1: 71 76
2022-10-19 19:01:07.630 437:link-prediction        INFO   input_tokens_reverse_1: Ġnum 1 Ġ> Ġnum 2
2022-10-19 19:01:07.630 447:link-prediction        INFO   input_tokens_2: ['num', '2']
2022-10-19 19:01:07.631 455:link-prediction        INFO   input_ids_2: 74 76
2022-10-19 19:01:07.631 462:link-prediction        INFO   input_tokens_reverse_2: Ġnum 2
2022-10-19 19:01:07.631 419:link-prediction        INFO   *** Example ***
2022-10-19 19:01:07.631 420:link-prediction        INFO   idx: s845106652_main
2022-10-19 19:01:07.631 421:link-prediction        INFO   label: 0
2022-10-19 19:01:07.631 422:link-prediction        INFO   input_tokens_1: ['sc', '.', 'next', '().', 'split', '("', '")']
2022-10-19 19:01:07.631 430:link-prediction        INFO   input_ids_1: 38 48
2022-10-19 19:01:07.631 437:link-prediction        INFO   input_tokens_reverse_1: Ġsc Ġ. Ġnext Ġ( Ġ) Ġ. Ġsplit Ġ( Ġ"" Ġ)
2022-10-19 19:01:07.631 447:link-prediction        INFO   input_tokens_2: ['void']
2022-10-19 19:01:07.631 455:link-prediction        INFO   input_ids_2: 3 4
2022-10-19 19:01:07.631 462:link-prediction        INFO   input_tokens_reverse_2: Ġvoid
2022-10-19 19:01:07.631 419:link-prediction        INFO   *** Example ***
2022-10-19 19:01:07.631 420:link-prediction        INFO   idx: s567500269_main
2022-10-19 19:01:07.632 421:link-prediction        INFO   label: 0
2022-10-19 19:01:07.632 422:link-prediction        INFO   input_tokens_1: ['s', '[', '1', ']']
2022-10-19 19:01:07.632 430:link-prediction        INFO   input_ids_1: 81 85
2022-10-19 19:01:07.632 437:link-prediction        INFO   input_tokens_reverse_1: Ġs Ġ[ Ġ1 Ġ]
2022-10-19 19:01:07.632 447:link-prediction        INFO   input_tokens_2: ['System', '.', 'out', '.', 'println', '("', 'He', 'ise', 'i', '")']
2022-10-19 19:01:07.632 455:link-prediction        INFO   input_ids_2: 64 76
2022-10-19 19:01:07.632 462:link-prediction        INFO   input_tokens_reverse_2: ĠSystem Ġ. Ġout Ġ. Ġprintln Ġ( Ġ" He ise i " Ġ)
2022-10-19 19:01:07.632 419:link-prediction        INFO   *** Example ***
2022-10-19 19:01:07.632 420:link-prediction        INFO   idx: s988778902_main
2022-10-19 19:01:07.632 421:link-prediction        INFO   label: 1
2022-10-19 19:01:07.633 422:link-prediction        INFO   input_tokens_1: ['System', '.', 'out', '.', 'println', '(', 'hit', ')']
2022-10-19 19:01:07.633 430:link-prediction        INFO   input_ids_1: 108 116
2022-10-19 19:01:07.633 437:link-prediction        INFO   input_tokens_reverse_1: ĠSystem Ġ. Ġout Ġ. Ġprintln Ġ( Ġhit Ġ)
2022-10-19 19:01:07.633 447:link-prediction        INFO   input_tokens_2: ['System', '.', 'out']
2022-10-19 19:01:07.633 455:link-prediction        INFO   input_ids_2: 108 111
2022-10-19 19:01:07.633 462:link-prediction        INFO   input_tokens_reverse_2: ĠSystem Ġ. Ġout
2022-10-19 19:01:07.633 419:link-prediction        INFO   *** Example ***
2022-10-19 19:01:07.633 420:link-prediction        INFO   idx: s027443282_connect
2022-10-19 19:01:07.633 421:link-prediction        INFO   label: 1
2022-10-19 19:01:07.633 422:link-prediction        INFO   input_tokens_1: ['root', 'P', '_=', '_root', '(', 'p', ')']
2022-10-19 19:01:07.633 430:link-prediction        INFO   input_ids_1: 14 21
2022-10-19 19:01:07.633 437:link-prediction        INFO   input_tokens_reverse_1: Ġroot P Ġ= Ġroot Ġ( Ġp Ġ)
2022-10-19 19:01:07.634 447:link-prediction        INFO   input_tokens_2: ['root', '(', 'p', ')']
2022-10-19 19:01:07.634 455:link-prediction        INFO   input_ids_2: 17 21
2022-10-19 19:01:07.634 462:link-prediction        INFO   input_tokens_reverse_2: Ġroot Ġ( Ġp Ġ)
2022-10-19 19:01:07.634 419:link-prediction        INFO   *** Example ***
2022-10-19 19:01:07.634 420:link-prediction        INFO   idx: s474529481_main
2022-10-19 19:01:07.634 421:link-prediction        INFO   label: 1
2022-10-19 19:01:07.634 422:link-prediction        INFO   input_tokens_1: ['System', '.', 'out', '.', 'println', '(', 'ans', ')']
2022-10-19 19:01:07.634 430:link-prediction        INFO   input_ids_1: 121 129
2022-10-19 19:01:07.634 437:link-prediction        INFO   input_tokens_reverse_1: ĠSystem Ġ. Ġout Ġ. Ġprintln Ġ( Ġans Ġ)
2022-10-19 19:01:07.634 447:link-prediction        INFO   input_tokens_2: ['ans']
2022-10-19 19:01:07.634 455:link-prediction        INFO   input_ids_2: 127 128
2022-10-19 19:01:07.634 462:link-prediction        INFO   input_tokens_reverse_2: Ġans
2022-10-19 19:01:07.635 419:link-prediction        INFO   *** Example ***
2022-10-19 19:01:07.635 420:link-prediction        INFO   idx: s848362941_main
2022-10-19 19:01:07.635 421:link-prediction        INFO   label: 1
2022-10-19 19:01:07.635 422:link-prediction        INFO   input_tokens_1: ['al', '.', 'get', '(', 'i', ')']
2022-10-19 19:01:07.635 430:link-prediction        INFO   input_ids_1: 113 119
2022-10-19 19:01:07.635 437:link-prediction        INFO   input_tokens_reverse_1: Ġal Ġ. Ġget Ġ( Ġi Ġ)
2022-10-19 19:01:07.635 447:link-prediction        INFO   input_tokens_2: ['i']
2022-10-19 19:01:07.635 455:link-prediction        INFO   input_ids_2: 117 118
2022-10-19 19:01:07.635 462:link-prediction        INFO   input_tokens_reverse_2: Ġi
2022-10-19 19:01:07.635 419:link-prediction        INFO   *** Example ***
2022-10-19 19:01:07.635 420:link-prediction        INFO   idx: s661905585_calc
2022-10-19 19:01:07.635 421:link-prediction        INFO   label: 0
2022-10-19 19:01:07.635 422:link-prediction        INFO   input_tokens_1: ['System']
2022-10-19 19:01:07.636 430:link-prediction        INFO   input_ids_1: 16 17
2022-10-19 19:01:07.636 437:link-prediction        INFO   input_tokens_reverse_1: ĠSystem
2022-10-19 19:01:07.636 447:link-prediction        INFO   input_tokens_2: ['rb']
2022-10-19 19:01:07.636 455:link-prediction        INFO   input_ids_2: 105 107
2022-10-19 19:01:07.636 462:link-prediction        INFO   input_tokens_reverse_2: Ġr b
2022-10-19 19:01:07.636 419:link-prediction        INFO   *** Example ***
2022-10-19 19:01:07.636 420:link-prediction        INFO   idx: s948018088_main
2022-10-19 19:01:07.636 421:link-prediction        INFO   label: 1
2022-10-19 19:01:07.636 422:link-prediction        INFO   input_tokens_1: ['if', '_(', 'one', '_>', '_0', ')']
2022-10-19 19:01:07.636 430:link-prediction        INFO   input_ids_1: 120 126
2022-10-19 19:01:07.636 437:link-prediction        INFO   input_tokens_reverse_1: Ġif Ġ( Ġone Ġ> Ġ0 Ġ)
2022-10-19 19:01:07.636 447:link-prediction        INFO   input_tokens_2: ['one', '_>', '_0']
2022-10-19 19:01:07.637 455:link-prediction        INFO   input_ids_2: 122 125
2022-10-19 19:01:07.637 462:link-prediction        INFO   input_tokens_reverse_2: Ġone Ġ> Ġ0
2022-10-19 19:01:07.637 419:link-prediction        INFO   *** Example ***
2022-10-19 19:01:07.637 420:link-prediction        INFO   idx: s446957467_main
2022-10-19 19:01:07.637 421:link-prediction        INFO   label: 0
2022-10-19 19:01:07.637 422:link-prediction        INFO   input_tokens_1: ['div', 'is', 'ors']
2022-10-19 19:01:07.637 430:link-prediction        INFO   input_ids_1: 42 45
2022-10-19 19:01:07.637 437:link-prediction        INFO   input_tokens_reverse_1: Ġdiv is ors
2022-10-19 19:01:07.637 447:link-prediction        INFO   input_tokens_2: ['Math', '.', 'min', '(', 'ans', ',', '_f', ')']
2022-10-19 19:01:07.637 455:link-prediction        INFO   input_ids_2: 126 134
2022-10-19 19:01:07.637 462:link-prediction        INFO   input_tokens_reverse_2: ĠMath Ġ. Ġmin Ġ( Ġans Ġ, Ġf Ġ)
2022-10-19 19:01:07.637 419:link-prediction        INFO   *** Example ***
2022-10-19 19:01:07.638 420:link-prediction        INFO   idx: s570241878_main
2022-10-19 19:01:07.638 421:link-prediction        INFO   label: 0
2022-10-19 19:01:07.638 422:link-prediction        INFO   input_tokens_1: ['m', '_=', '_sc', '.', 'next', 'Int', '()']
2022-10-19 19:01:07.638 430:link-prediction        INFO   input_ids_1: 39 47
2022-10-19 19:01:07.638 437:link-prediction        INFO   input_tokens_reverse_1: Ġm Ġ= Ġsc Ġ. Ġnext Int Ġ( Ġ)
2022-10-19 19:01:07.638 447:link-prediction        INFO   input_tokens_2: ['i']
2022-10-19 19:01:07.638 455:link-prediction        INFO   input_ids_2: 84 85
2022-10-19 19:01:07.638 462:link-prediction        INFO   input_tokens_reverse_2: Ġi
2022-10-19 19:01:07.638 419:link-prediction        INFO   *** Example ***
2022-10-19 19:01:07.638 420:link-prediction        INFO   idx: s646691055_takearrl
2022-10-19 19:01:07.638 421:link-prediction        INFO   label: 0
2022-10-19 19:01:07.638 422:link-prediction        INFO   input_tokens_1: ['int', '_n']
2022-10-19 19:01:07.639 430:link-prediction        INFO   input_ids_1: 10 12
2022-10-19 19:01:07.639 437:link-prediction        INFO   input_tokens_reverse_1: Ġint Ġn
2022-10-19 19:01:07.639 447:link-prediction        INFO   input_tokens_2: ['return', '_in', ';']
2022-10-19 19:01:07.639 455:link-prediction        INFO   input_ids_2: 53 56
2022-10-19 19:01:07.639 462:link-prediction        INFO   input_tokens_reverse_2: Ġreturn Ġin Ġ;
2022-10-19 19:01:07.639 419:link-prediction        INFO   *** Example ***
2022-10-19 19:01:07.639 420:link-prediction        INFO   idx: s027443282_connect
2022-10-19 19:01:07.639 421:link-prediction        INFO   label: 1
2022-10-19 19:01:07.639 422:link-prediction        INFO   input_tokens_1: ['rank', '[', 'root', 'Q', ']']
2022-10-19 19:01:07.639 430:link-prediction        INFO   input_ids_1: 93 98
2022-10-19 19:01:07.639 437:link-prediction        INFO   input_tokens_reverse_1: Ġrank Ġ[ Ġroot Q Ġ]
2022-10-19 19:01:07.639 447:link-prediction        INFO   input_tokens_2: ['rank']
2022-10-19 19:01:07.640 455:link-prediction        INFO   input_ids_2: 93 94
2022-10-19 19:01:07.640 462:link-prediction        INFO   input_tokens_reverse_2: Ġrank
2022-10-19 19:01:07.640 419:link-prediction        INFO   *** Example ***
2022-10-19 19:01:07.640 420:link-prediction        INFO   idx: s892850669_main
2022-10-19 19:01:07.640 421:link-prediction        INFO   label: 0
2022-10-19 19:01:07.640 422:link-prediction        INFO   input_tokens_1: ['null']
2022-10-19 19:01:07.640 430:link-prediction        INFO   input_ids_1: 54 55
2022-10-19 19:01:07.640 437:link-prediction        INFO   input_tokens_reverse_1: Ġnull
2022-10-19 19:01:07.640 447:link-prediction        INFO   input_tokens_2: ['in']
2022-10-19 19:01:07.640 455:link-prediction        INFO   input_ids_2: 30 31
2022-10-19 19:01:07.640 462:link-prediction        INFO   input_tokens_reverse_2: Ġin
2022-10-19 19:01:07.640 419:link-prediction        INFO   *** Example ***
2022-10-19 19:01:07.640 420:link-prediction        INFO   idx: s002949449_sum
2022-10-19 19:01:07.641 421:link-prediction        INFO   label: 0
2022-10-19 19:01:07.641 422:link-prediction        INFO   input_tokens_1: ['0']
2022-10-19 19:01:07.641 430:link-prediction        INFO   input_ids_1: 19 20
2022-10-19 19:01:07.641 437:link-prediction        INFO   input_tokens_reverse_1: Ġ0
2022-10-19 19:01:07.641 447:link-prediction        INFO   input_tokens_2: ['sum']
2022-10-19 19:01:07.641 455:link-prediction        INFO   input_ids_2: 11 12
2022-10-19 19:01:07.641 462:link-prediction        INFO   input_tokens_reverse_2: Ġsum
2022-10-19 19:01:07.641 419:link-prediction        INFO   *** Example ***
2022-10-19 19:01:07.641 420:link-prediction        INFO   idx: s828224447_main
2022-10-19 19:01:07.641 421:link-prediction        INFO   label: 1
2022-10-19 19:01:07.641 422:link-prediction        INFO   input_tokens_1: ['t', '.', 'char', 'At', '(', 'i', ')']
2022-10-19 19:01:07.641 430:link-prediction        INFO   input_ids_1: 106 113
2022-10-19 19:01:07.642 437:link-prediction        INFO   input_tokens_reverse_1: Ġt Ġ. Ġchar At Ġ( Ġi Ġ)
2022-10-19 19:01:07.642 447:link-prediction        INFO   input_tokens_2: ['i']
2022-10-19 19:01:07.642 455:link-prediction        INFO   input_ids_2: 111 112
2022-10-19 19:01:07.642 462:link-prediction        INFO   input_tokens_reverse_2: Ġi
2022-10-19 19:01:07.642 419:link-prediction        INFO   *** Example ***
2022-10-19 19:01:07.642 420:link-prediction        INFO   idx: s262222174_main
2022-10-19 19:01:07.642 421:link-prediction        INFO   label: 0
2022-10-19 19:01:07.642 422:link-prediction        INFO   input_tokens_1: ['sc', '.', 'next', 'Int', '()']
2022-10-19 19:01:07.642 430:link-prediction        INFO   input_ids_1: 39 45
2022-10-19 19:01:07.642 437:link-prediction        INFO   input_tokens_reverse_1: Ġsc Ġ. Ġnext Int Ġ( Ġ)
2022-10-19 19:01:07.642 447:link-prediction        INFO   input_tokens_2: ['Ar', 'rays']
2022-10-19 19:01:07.642 455:link-prediction        INFO   input_ids_2: 159 161
2022-10-19 19:01:07.643 462:link-prediction        INFO   input_tokens_reverse_2: ĠAr rays
2022-10-19 19:01:07.643 419:link-prediction        INFO   *** Example ***
2022-10-19 19:01:07.643 420:link-prediction        INFO   idx: s373883861_main
2022-10-19 19:01:07.643 421:link-prediction        INFO   label: 0
2022-10-19 19:01:07.643 422:link-prediction        INFO   input_tokens_1: ['A', '[', 'i', ']', '_%', '_2']
2022-10-19 19:01:07.643 430:link-prediction        INFO   input_ids_1: 115 121
2022-10-19 19:01:07.643 437:link-prediction        INFO   input_tokens_reverse_1: ĠA Ġ[ Ġi Ġ] Ġ% Ġ2
2022-10-19 19:01:07.643 447:link-prediction        INFO   input_tokens_2: ['System', '.', 'out']
2022-10-19 19:01:07.643 455:link-prediction        INFO   input_ids_2: 156 159
2022-10-19 19:01:07.643 462:link-prediction        INFO   input_tokens_reverse_2: ĠSystem Ġ. Ġout
2022-10-19 19:01:07.643 419:link-prediction        INFO   *** Example ***
2022-10-19 19:01:07.643 420:link-prediction        INFO   idx: s230671883_main
2022-10-19 19:01:07.643 421:link-prediction        INFO   label: 1
2022-10-19 19:01:07.644 422:link-prediction        INFO   input_tokens_1: ['for', '_(', 'int', '_i', '_=', '_0', ';', '_i', '_<', '_n', ';', '_i', '++)']
2022-10-19 19:01:07.644 430:link-prediction        INFO   input_ids_1: 79 93
2022-10-19 19:01:07.644 437:link-prediction        INFO   input_tokens_reverse_1: Ġfor Ġ( Ġint Ġi Ġ= Ġ0 Ġ; Ġi Ġ< Ġn Ġ; Ġi Ġ++ Ġ)
2022-10-19 19:01:07.644 447:link-prediction        INFO   input_tokens_2: ['i', '_=', '_0']
2022-10-19 19:01:07.644 455:link-prediction        INFO   input_ids_2: 82 85
2022-10-19 19:01:07.644 462:link-prediction        INFO   input_tokens_reverse_2: Ġi Ġ= Ġ0
2022-10-19 19:01:07.644 419:link-prediction        INFO   *** Example ***
2022-10-19 19:01:07.644 420:link-prediction        INFO   idx: s621434572_main
2022-10-19 19:01:07.644 421:link-prediction        INFO   label: 0
2022-10-19 19:01:07.644 422:link-prediction        INFO   input_tokens_1: ['b']
2022-10-19 19:01:07.644 430:link-prediction        INFO   input_ids_1: 150 151
2022-10-19 19:01:07.644 437:link-prediction        INFO   input_tokens_reverse_1: Ġb
2022-10-19 19:01:07.645 447:link-prediction        INFO   input_tokens_2: ['"', '_"']
2022-10-19 19:01:07.645 455:link-prediction        INFO   input_ids_2: 216 218
2022-10-19 19:01:07.645 462:link-prediction        INFO   input_tokens_reverse_2: Ġ" Ġ"
2022-10-19 19:01:07.645 419:link-prediction        INFO   *** Example ***
2022-10-19 19:01:07.645 420:link-prediction        INFO   idx: s136793165_main
2022-10-19 19:01:07.645 421:link-prediction        INFO   label: 1
2022-10-19 19:01:07.645 422:link-prediction        INFO   input_tokens_1: ['3', '_*', '_a', '[', 'm', ']']
2022-10-19 19:01:07.645 430:link-prediction        INFO   input_ids_1: 115 121
2022-10-19 19:01:07.645 437:link-prediction        INFO   input_tokens_reverse_1: Ġ3 Ġ* Ġa Ġ[ Ġm Ġ]
2022-10-19 19:01:07.645 447:link-prediction        INFO   input_tokens_2: ['3']
2022-10-19 19:01:07.645 455:link-prediction        INFO   input_ids_2: 115 116
2022-10-19 19:01:07.645 462:link-prediction        INFO   input_tokens_reverse_2: Ġ3
2022-10-19 19:01:07.646 419:link-prediction        INFO   *** Example ***
2022-10-19 19:01:07.646 420:link-prediction        INFO   idx: s559744278_main
2022-10-19 19:01:07.646 421:link-prediction        INFO   label: 1
2022-10-19 19:01:07.646 422:link-prediction        INFO   input_tokens_1: ['i', '_=', '_0']
2022-10-19 19:01:07.646 430:link-prediction        INFO   input_ids_1: 57 60
2022-10-19 19:01:07.646 437:link-prediction        INFO   input_tokens_reverse_1: Ġi Ġ= Ġ0
2022-10-19 19:01:07.646 447:link-prediction        INFO   input_tokens_2: ['i']
2022-10-19 19:01:07.646 455:link-prediction        INFO   input_ids_2: 57 58
2022-10-19 19:01:07.646 462:link-prediction        INFO   input_tokens_reverse_2: Ġi
2022-10-19 19:01:07.646 419:link-prediction        INFO   *** Example ***
2022-10-19 19:01:07.646 420:link-prediction        INFO   idx: s579085948_main
2022-10-19 19:01:07.646 421:link-prediction        INFO   label: 1
2022-10-19 19:01:07.647 422:link-prediction        INFO   input_tokens_1: ['sc', '_=', '_new', '_Scan', 'ner', '(', 'System', '.', 'in', ')']
2022-10-19 19:01:07.647 430:link-prediction        INFO   input_ids_1: 15 25
2022-10-19 19:01:07.647 437:link-prediction        INFO   input_tokens_reverse_1: Ġsc Ġ= Ġnew ĠScan ner Ġ( ĠSystem Ġ. Ġin Ġ)
2022-10-19 19:01:07.647 447:link-prediction        INFO   input_tokens_2: ['sc']
2022-10-19 19:01:07.647 455:link-prediction        INFO   input_ids_2: 15 16
2022-10-19 19:01:07.647 462:link-prediction        INFO   input_tokens_reverse_2: Ġsc
2022-10-19 19:01:08.401 571:link-prediction        INFO   ***** Running training *****
2022-10-19 19:01:08.401 572:link-prediction        INFO     Num examples = 77513
2022-10-19 19:01:08.411 573:link-prediction        INFO     Num Epochs = 2
2022-10-19 19:01:08.412 574:link-prediction        INFO     Instantaneous batch size per GPU = 64
2022-10-19 19:01:08.412 578:link-prediction        INFO     Total train batch size = 64
2022-10-19 19:01:08.412 582:link-prediction        INFO     Gradient Accumulation steps = 1
2022-10-19 19:01:08.412 585:link-prediction        INFO     Total optimization steps = 2424
2022-10-19 19:01:15.021 700:link-prediction        INFO   ***** Running evaluation *****
2022-10-19 19:01:15.021 701:link-prediction        INFO     Num examples = 25814
2022-10-19 19:01:15.021 702:link-prediction        INFO     Batch size = 32
2022-10-19 19:01:32.485 747:link-prediction        INFO   ***** Eval results *****
2022-10-19 19:01:32.486 749:link-prediction        INFO     eval_acc = 0.7412
2022-10-19 19:01:32.486 749:link-prediction        INFO     eval_f1 = 0.7423
2022-10-19 19:01:32.486 749:link-prediction        INFO     eval_mcc = 0.4825
2022-10-19 19:01:32.486 749:link-prediction        INFO     eval_precision = 0.7353
2022-10-19 19:01:32.486 749:link-prediction        INFO     eval_recall = 0.7494
2022-10-19 19:01:32.486 749:link-prediction        INFO     eval_threshold = 0.5
2022-10-19 19:01:32.488 642:link-prediction        INFO     ********************
2022-10-19 19:01:32.488 643:link-prediction        INFO     Best f1:0.7423
2022-10-19 19:01:32.489 644:link-prediction        INFO     ********************
2022-10-19 19:01:32.490 659:link-prediction        INFO   Saving model checkpoint to ../link_prediction/random/graphcodebert_saved_models/3/ast_5/checkpoint-best-f1/model.bin
2022-10-19 19:01:32.491 664:link-prediction        INFO     ********************
2022-10-19 19:01:32.491 665:link-prediction        INFO     Best MCC:0.4825
2022-10-19 19:01:32.491 666:link-prediction        INFO     ********************
2022-10-19 19:01:32.491 681:link-prediction        INFO   Saving model checkpoint to ../link_prediction/random/graphcodebert_saved_models/3/ast_5/checkpoint-best-mcc/model.bin
2022-10-19 19:01:38.144 700:link-prediction        INFO   ***** Running evaluation *****
2022-10-19 19:01:38.144 701:link-prediction        INFO     Num examples = 25814
2022-10-19 19:01:38.144 702:link-prediction        INFO     Batch size = 32
2022-10-19 19:01:55.620 747:link-prediction        INFO   ***** Eval results *****
2022-10-19 19:01:55.620 749:link-prediction        INFO     eval_acc = 0.7923
2022-10-19 19:01:55.620 749:link-prediction        INFO     eval_f1 = 0.8006
2022-10-19 19:01:55.621 749:link-prediction        INFO     eval_mcc = 0.5873
2022-10-19 19:01:55.621 749:link-prediction        INFO     eval_precision = 0.7661
2022-10-19 19:01:55.621 749:link-prediction        INFO     eval_recall = 0.8383
2022-10-19 19:01:55.621 749:link-prediction        INFO     eval_threshold = 0.5
2022-10-19 19:01:55.623 642:link-prediction        INFO     ********************
2022-10-19 19:01:55.623 643:link-prediction        INFO     Best f1:0.8006
2022-10-19 19:01:55.623 644:link-prediction        INFO     ********************
2022-10-19 19:01:55.624 659:link-prediction        INFO   Saving model checkpoint to ../link_prediction/random/graphcodebert_saved_models/3/ast_5/checkpoint-best-f1/model.bin
2022-10-19 19:01:55.624 664:link-prediction        INFO     ********************
2022-10-19 19:01:55.624 665:link-prediction        INFO     Best MCC:0.5873
2022-10-19 19:01:55.624 666:link-prediction        INFO     ********************
2022-10-19 19:01:55.625 681:link-prediction        INFO   Saving model checkpoint to ../link_prediction/random/graphcodebert_saved_models/3/ast_5/checkpoint-best-mcc/model.bin
2022-10-19 19:02:01.232 700:link-prediction        INFO   ***** Running evaluation *****
2022-10-19 19:02:01.233 701:link-prediction        INFO     Num examples = 25814
2022-10-19 19:02:01.233 702:link-prediction        INFO     Batch size = 32
2022-10-19 19:02:18.799 747:link-prediction        INFO   ***** Eval results *****
2022-10-19 19:02:18.799 749:link-prediction        INFO     eval_acc = 0.8248
2022-10-19 19:02:18.799 749:link-prediction        INFO     eval_f1 = 0.8189
2022-10-19 19:02:18.799 749:link-prediction        INFO     eval_mcc = 0.6504
2022-10-19 19:02:18.799 749:link-prediction        INFO     eval_precision = 0.8427
2022-10-19 19:02:18.799 749:link-prediction        INFO     eval_recall = 0.7964
2022-10-19 19:02:18.799 749:link-prediction        INFO     eval_threshold = 0.5
2022-10-19 19:02:18.801 642:link-prediction        INFO     ********************
2022-10-19 19:02:18.802 643:link-prediction        INFO     Best f1:0.8189
2022-10-19 19:02:18.802 644:link-prediction        INFO     ********************
2022-10-19 19:02:18.802 659:link-prediction        INFO   Saving model checkpoint to ../link_prediction/random/graphcodebert_saved_models/3/ast_5/checkpoint-best-f1/model.bin
2022-10-19 19:02:18.803 664:link-prediction        INFO     ********************
2022-10-19 19:02:18.803 665:link-prediction        INFO     Best MCC:0.6504
2022-10-19 19:02:18.803 666:link-prediction        INFO     ********************
2022-10-19 19:02:18.803 681:link-prediction        INFO   Saving model checkpoint to ../link_prediction/random/graphcodebert_saved_models/3/ast_5/checkpoint-best-mcc/model.bin
2022-10-19 19:02:24.409 700:link-prediction        INFO   ***** Running evaluation *****
2022-10-19 19:02:24.410 701:link-prediction        INFO     Num examples = 25814
2022-10-19 19:02:24.410 702:link-prediction        INFO     Batch size = 32
2022-10-19 19:02:41.968 747:link-prediction        INFO   ***** Eval results *****
2022-10-19 19:02:41.968 749:link-prediction        INFO     eval_acc = 0.8433
2022-10-19 19:02:41.968 749:link-prediction        INFO     eval_f1 = 0.8479
2022-10-19 19:02:41.968 749:link-prediction        INFO     eval_mcc = 0.6884
2022-10-19 19:02:41.968 749:link-prediction        INFO     eval_precision = 0.8195
2022-10-19 19:02:41.968 749:link-prediction        INFO     eval_recall = 0.8783
2022-10-19 19:02:41.968 749:link-prediction        INFO     eval_threshold = 0.5
2022-10-19 19:02:41.971 642:link-prediction        INFO     ********************
2022-10-19 19:02:41.971 643:link-prediction        INFO     Best f1:0.8479
2022-10-19 19:02:41.971 644:link-prediction        INFO     ********************
2022-10-19 19:02:41.972 659:link-prediction        INFO   Saving model checkpoint to ../link_prediction/random/graphcodebert_saved_models/3/ast_5/checkpoint-best-f1/model.bin
2022-10-19 19:02:41.972 664:link-prediction        INFO     ********************
2022-10-19 19:02:41.972 665:link-prediction        INFO     Best MCC:0.6884
2022-10-19 19:02:41.972 666:link-prediction        INFO     ********************
2022-10-19 19:02:41.973 681:link-prediction        INFO   Saving model checkpoint to ../link_prediction/random/graphcodebert_saved_models/3/ast_5/checkpoint-best-mcc/model.bin
2022-10-19 19:02:47.604 700:link-prediction        INFO   ***** Running evaluation *****
2022-10-19 19:02:47.604 701:link-prediction        INFO     Num examples = 25814
2022-10-19 19:02:47.604 702:link-prediction        INFO     Batch size = 32
2022-10-19 19:03:05.217 747:link-prediction        INFO   ***** Eval results *****
2022-10-19 19:03:05.217 749:link-prediction        INFO     eval_acc = 0.8498
2022-10-19 19:03:05.218 749:link-prediction        INFO     eval_f1 = 0.8497
2022-10-19 19:03:05.218 749:link-prediction        INFO     eval_mcc = 0.6996
2022-10-19 19:03:05.218 749:link-prediction        INFO     eval_precision = 0.8457
2022-10-19 19:03:05.218 749:link-prediction        INFO     eval_recall = 0.8537
2022-10-19 19:03:05.218 749:link-prediction        INFO     eval_threshold = 0.5
2022-10-19 19:03:05.220 642:link-prediction        INFO     ********************
2022-10-19 19:03:05.220 643:link-prediction        INFO     Best f1:0.8497
2022-10-19 19:03:05.220 644:link-prediction        INFO     ********************
2022-10-19 19:03:05.221 659:link-prediction        INFO   Saving model checkpoint to ../link_prediction/random/graphcodebert_saved_models/3/ast_5/checkpoint-best-f1/model.bin
2022-10-19 19:03:05.221 664:link-prediction        INFO     ********************
2022-10-19 19:03:05.221 665:link-prediction        INFO     Best MCC:0.6996
2022-10-19 19:03:05.221 666:link-prediction        INFO     ********************
2022-10-19 19:03:05.222 681:link-prediction        INFO   Saving model checkpoint to ../link_prediction/random/graphcodebert_saved_models/3/ast_5/checkpoint-best-mcc/model.bin
2022-10-19 19:03:10.927 700:link-prediction        INFO   ***** Running evaluation *****
2022-10-19 19:03:10.927 701:link-prediction        INFO     Num examples = 25814
2022-10-19 19:03:10.927 702:link-prediction        INFO     Batch size = 32
2022-10-19 19:03:28.559 747:link-prediction        INFO   ***** Eval results *****
2022-10-19 19:03:28.559 749:link-prediction        INFO     eval_acc = 0.8513
2022-10-19 19:03:28.559 749:link-prediction        INFO     eval_f1 = 0.8541
2022-10-19 19:03:28.559 749:link-prediction        INFO     eval_mcc = 0.7035
2022-10-19 19:03:28.560 749:link-prediction        INFO     eval_precision = 0.8344
2022-10-19 19:03:28.560 749:link-prediction        INFO     eval_recall = 0.8747
2022-10-19 19:03:28.560 749:link-prediction        INFO     eval_threshold = 0.5
2022-10-19 19:03:28.562 642:link-prediction        INFO     ********************
2022-10-19 19:03:28.562 643:link-prediction        INFO     Best f1:0.8541
2022-10-19 19:03:28.562 644:link-prediction        INFO     ********************
2022-10-19 19:03:28.563 659:link-prediction        INFO   Saving model checkpoint to ../link_prediction/random/graphcodebert_saved_models/3/ast_5/checkpoint-best-f1/model.bin
2022-10-19 19:03:28.563 664:link-prediction        INFO     ********************
2022-10-19 19:03:28.563 665:link-prediction        INFO     Best MCC:0.7035
2022-10-19 19:03:28.563 666:link-prediction        INFO     ********************
2022-10-19 19:03:28.564 681:link-prediction        INFO   Saving model checkpoint to ../link_prediction/random/graphcodebert_saved_models/3/ast_5/checkpoint-best-mcc/model.bin
2022-10-19 19:03:34.179 700:link-prediction        INFO   ***** Running evaluation *****
2022-10-19 19:03:34.179 701:link-prediction        INFO     Num examples = 25814
2022-10-19 19:03:34.179 702:link-prediction        INFO     Batch size = 32
2022-10-19 19:03:51.879 747:link-prediction        INFO   ***** Eval results *****
2022-10-19 19:03:51.880 749:link-prediction        INFO     eval_acc = 0.8532
2022-10-19 19:03:51.880 749:link-prediction        INFO     eval_f1 = 0.8625
2022-10-19 19:03:51.880 749:link-prediction        INFO     eval_mcc = 0.7142
2022-10-19 19:03:51.880 749:link-prediction        INFO     eval_precision = 0.8075
2022-10-19 19:03:51.880 749:link-prediction        INFO     eval_recall = 0.9255
2022-10-19 19:03:51.880 749:link-prediction        INFO     eval_threshold = 0.5
2022-10-19 19:03:51.882 642:link-prediction        INFO     ********************
2022-10-19 19:03:51.882 643:link-prediction        INFO     Best f1:0.8625
2022-10-19 19:03:51.882 644:link-prediction        INFO     ********************
2022-10-19 19:03:51.883 659:link-prediction        INFO   Saving model checkpoint to ../link_prediction/random/graphcodebert_saved_models/3/ast_5/checkpoint-best-f1/model.bin
2022-10-19 19:03:51.883 664:link-prediction        INFO     ********************
2022-10-19 19:03:51.883 665:link-prediction        INFO     Best MCC:0.7142
2022-10-19 19:03:51.883 666:link-prediction        INFO     ********************
2022-10-19 19:03:51.884 681:link-prediction        INFO   Saving model checkpoint to ../link_prediction/random/graphcodebert_saved_models/3/ast_5/checkpoint-best-mcc/model.bin
2022-10-19 19:03:57.501 700:link-prediction        INFO   ***** Running evaluation *****
2022-10-19 19:03:57.501 701:link-prediction        INFO     Num examples = 25814
2022-10-19 19:03:57.501 702:link-prediction        INFO     Batch size = 32
2022-10-19 19:04:15.211 747:link-prediction        INFO   ***** Eval results *****
2022-10-19 19:04:15.211 749:link-prediction        INFO     eval_acc = 0.87
2022-10-19 19:04:15.211 749:link-prediction        INFO     eval_f1 = 0.869
2022-10-19 19:04:15.211 749:link-prediction        INFO     eval_mcc = 0.74
2022-10-19 19:04:15.211 749:link-prediction        INFO     eval_precision = 0.8711
2022-10-19 19:04:15.211 749:link-prediction        INFO     eval_recall = 0.8669
2022-10-19 19:04:15.211 749:link-prediction        INFO     eval_threshold = 0.5
2022-10-19 19:04:15.213 642:link-prediction        INFO     ********************
2022-10-19 19:04:15.214 643:link-prediction        INFO     Best f1:0.869
2022-10-19 19:04:15.214 644:link-prediction        INFO     ********************
2022-10-19 19:04:15.214 659:link-prediction        INFO   Saving model checkpoint to ../link_prediction/random/graphcodebert_saved_models/3/ast_5/checkpoint-best-f1/model.bin
2022-10-19 19:04:15.215 664:link-prediction        INFO     ********************
2022-10-19 19:04:15.215 665:link-prediction        INFO     Best MCC:0.74
2022-10-19 19:04:15.215 666:link-prediction        INFO     ********************
2022-10-19 19:04:15.215 681:link-prediction        INFO   Saving model checkpoint to ../link_prediction/random/graphcodebert_saved_models/3/ast_5/checkpoint-best-mcc/model.bin
2022-10-19 19:04:20.801 700:link-prediction        INFO   ***** Running evaluation *****
2022-10-19 19:04:20.801 701:link-prediction        INFO     Num examples = 25814
2022-10-19 19:04:20.801 702:link-prediction        INFO     Batch size = 32
2022-10-19 19:04:38.568 747:link-prediction        INFO   ***** Eval results *****
2022-10-19 19:04:38.568 749:link-prediction        INFO     eval_acc = 0.8664
2022-10-19 19:04:38.568 749:link-prediction        INFO     eval_f1 = 0.8745
2022-10-19 19:04:38.569 749:link-prediction        INFO     eval_mcc = 0.7402
2022-10-19 19:04:38.569 749:link-prediction        INFO     eval_precision = 0.821
2022-10-19 19:04:38.569 749:link-prediction        INFO     eval_recall = 0.9354
2022-10-19 19:04:38.569 749:link-prediction        INFO     eval_threshold = 0.5
2022-10-19 19:04:38.571 642:link-prediction        INFO     ********************
2022-10-19 19:04:38.571 643:link-prediction        INFO     Best f1:0.8745
2022-10-19 19:04:38.571 644:link-prediction        INFO     ********************
2022-10-19 19:04:38.572 659:link-prediction        INFO   Saving model checkpoint to ../link_prediction/random/graphcodebert_saved_models/3/ast_5/checkpoint-best-f1/model.bin
2022-10-19 19:04:38.572 664:link-prediction        INFO     ********************
2022-10-19 19:04:38.572 665:link-prediction        INFO     Best MCC:0.7402
2022-10-19 19:04:38.572 666:link-prediction        INFO     ********************
2022-10-19 19:04:38.573 681:link-prediction        INFO   Saving model checkpoint to ../link_prediction/random/graphcodebert_saved_models/3/ast_5/checkpoint-best-mcc/model.bin
2022-10-19 19:04:44.203 700:link-prediction        INFO   ***** Running evaluation *****
2022-10-19 19:04:44.203 701:link-prediction        INFO     Num examples = 25814
2022-10-19 19:04:44.203 702:link-prediction        INFO     Batch size = 32
2022-10-19 19:05:01.915 747:link-prediction        INFO   ***** Eval results *****
2022-10-19 19:05:01.915 749:link-prediction        INFO     eval_acc = 0.859
2022-10-19 19:05:01.915 749:link-prediction        INFO     eval_f1 = 0.8702
2022-10-19 19:05:01.915 749:link-prediction        INFO     eval_mcc = 0.7307
2022-10-19 19:05:01.916 749:link-prediction        INFO     eval_precision = 0.8023
2022-10-19 19:05:01.916 749:link-prediction        INFO     eval_recall = 0.9507
2022-10-19 19:05:01.916 749:link-prediction        INFO     eval_threshold = 0.5
2022-10-19 19:05:07.461 700:link-prediction        INFO   ***** Running evaluation *****
2022-10-19 19:05:07.461 701:link-prediction        INFO     Num examples = 25814
2022-10-19 19:05:07.461 702:link-prediction        INFO     Batch size = 32
2022-10-19 19:05:24.493 747:link-prediction        INFO   ***** Eval results *****
2022-10-19 19:05:24.493 749:link-prediction        INFO     eval_acc = 0.8637
2022-10-19 19:05:24.494 749:link-prediction        INFO     eval_f1 = 0.874
2022-10-19 19:05:24.494 749:link-prediction        INFO     eval_mcc = 0.7389
2022-10-19 19:05:24.494 749:link-prediction        INFO     eval_precision = 0.8087
2022-10-19 19:05:24.494 749:link-prediction        INFO     eval_recall = 0.9508
2022-10-19 19:05:24.494 749:link-prediction        INFO     eval_threshold = 0.5
2022-10-19 19:05:30.148 700:link-prediction        INFO   ***** Running evaluation *****
2022-10-19 19:05:30.148 701:link-prediction        INFO     Num examples = 25814
2022-10-19 19:05:30.148 702:link-prediction        INFO     Batch size = 32
2022-10-19 19:05:47.270 747:link-prediction        INFO   ***** Eval results *****
2022-10-19 19:05:47.270 749:link-prediction        INFO     eval_acc = 0.8728
2022-10-19 19:05:47.270 749:link-prediction        INFO     eval_f1 = 0.8789
2022-10-19 19:05:47.270 749:link-prediction        INFO     eval_mcc = 0.7504
2022-10-19 19:05:47.270 749:link-prediction        INFO     eval_precision = 0.8346
2022-10-19 19:05:47.270 749:link-prediction        INFO     eval_recall = 0.9281
2022-10-19 19:05:47.270 749:link-prediction        INFO     eval_threshold = 0.5
2022-10-19 19:05:47.273 642:link-prediction        INFO     ********************
2022-10-19 19:05:47.273 643:link-prediction        INFO     Best f1:0.8789
2022-10-19 19:05:47.273 644:link-prediction        INFO     ********************
2022-10-19 19:05:47.274 659:link-prediction        INFO   Saving model checkpoint to ../link_prediction/random/graphcodebert_saved_models/3/ast_5/checkpoint-best-f1/model.bin
2022-10-19 19:05:47.274 664:link-prediction        INFO     ********************
2022-10-19 19:05:47.274 665:link-prediction        INFO     Best MCC:0.7504
2022-10-19 19:05:47.274 666:link-prediction        INFO     ********************
2022-10-19 19:05:47.275 681:link-prediction        INFO   Saving model checkpoint to ../link_prediction/random/graphcodebert_saved_models/3/ast_5/checkpoint-best-mcc/model.bin
2022-10-19 19:05:52.901 700:link-prediction        INFO   ***** Running evaluation *****
2022-10-19 19:05:52.902 701:link-prediction        INFO     Num examples = 25814
2022-10-19 19:05:52.902 702:link-prediction        INFO     Batch size = 32
2022-10-19 19:06:09.964 747:link-prediction        INFO   ***** Eval results *****
2022-10-19 19:06:09.964 749:link-prediction        INFO     eval_acc = 0.8765
2022-10-19 19:06:09.964 749:link-prediction        INFO     eval_f1 = 0.8807
2022-10-19 19:06:09.964 749:link-prediction        INFO     eval_mcc = 0.7556
2022-10-19 19:06:09.964 749:link-prediction        INFO     eval_precision = 0.8476
2022-10-19 19:06:09.964 749:link-prediction        INFO     eval_recall = 0.9165
2022-10-19 19:06:09.964 749:link-prediction        INFO     eval_threshold = 0.5
2022-10-19 19:06:09.966 642:link-prediction        INFO     ********************
2022-10-19 19:06:09.966 643:link-prediction        INFO     Best f1:0.8807
2022-10-19 19:06:09.967 644:link-prediction        INFO     ********************
2022-10-19 19:06:09.967 659:link-prediction        INFO   Saving model checkpoint to ../link_prediction/random/graphcodebert_saved_models/3/ast_5/checkpoint-best-f1/model.bin
2022-10-19 19:06:09.967 664:link-prediction        INFO     ********************
2022-10-19 19:06:09.967 665:link-prediction        INFO     Best MCC:0.7556
2022-10-19 19:06:09.968 666:link-prediction        INFO     ********************
2022-10-19 19:06:09.968 681:link-prediction        INFO   Saving model checkpoint to ../link_prediction/random/graphcodebert_saved_models/3/ast_5/checkpoint-best-mcc/model.bin
2022-10-19 19:06:15.589 700:link-prediction        INFO   ***** Running evaluation *****
2022-10-19 19:06:15.589 701:link-prediction        INFO     Num examples = 25814
2022-10-19 19:06:15.589 702:link-prediction        INFO     Batch size = 32
2022-10-19 19:06:32.958 747:link-prediction        INFO   ***** Eval results *****
2022-10-19 19:06:32.958 749:link-prediction        INFO     eval_acc = 0.8802
2022-10-19 19:06:32.958 749:link-prediction        INFO     eval_f1 = 0.8823
2022-10-19 19:06:32.959 749:link-prediction        INFO     eval_mcc = 0.7613
2022-10-19 19:06:32.959 749:link-prediction        INFO     eval_precision = 0.863
2022-10-19 19:06:32.959 749:link-prediction        INFO     eval_recall = 0.9025
2022-10-19 19:06:32.959 749:link-prediction        INFO     eval_threshold = 0.5
2022-10-19 19:06:32.961 642:link-prediction        INFO     ********************
2022-10-19 19:06:32.961 643:link-prediction        INFO     Best f1:0.8823
2022-10-19 19:06:32.961 644:link-prediction        INFO     ********************
2022-10-19 19:06:32.962 659:link-prediction        INFO   Saving model checkpoint to ../link_prediction/random/graphcodebert_saved_models/3/ast_5/checkpoint-best-f1/model.bin
2022-10-19 19:06:32.962 664:link-prediction        INFO     ********************
2022-10-19 19:06:32.962 665:link-prediction        INFO     Best MCC:0.7613
2022-10-19 19:06:32.962 666:link-prediction        INFO     ********************
2022-10-19 19:06:32.963 681:link-prediction        INFO   Saving model checkpoint to ../link_prediction/random/graphcodebert_saved_models/3/ast_5/checkpoint-best-mcc/model.bin
2022-10-19 19:06:38.611 700:link-prediction        INFO   ***** Running evaluation *****
2022-10-19 19:06:38.611 701:link-prediction        INFO     Num examples = 25814
2022-10-19 19:06:38.611 702:link-prediction        INFO     Batch size = 32
2022-10-19 19:06:56.222 747:link-prediction        INFO   ***** Eval results *****
2022-10-19 19:06:56.222 749:link-prediction        INFO     eval_acc = 0.879
2022-10-19 19:06:56.222 749:link-prediction        INFO     eval_f1 = 0.8838
2022-10-19 19:06:56.223 749:link-prediction        INFO     eval_mcc = 0.7614
2022-10-19 19:06:56.223 749:link-prediction        INFO     eval_precision = 0.8464
2022-10-19 19:06:56.223 749:link-prediction        INFO     eval_recall = 0.9246
2022-10-19 19:06:56.223 749:link-prediction        INFO     eval_threshold = 0.5
2022-10-19 19:06:56.225 642:link-prediction        INFO     ********************
2022-10-19 19:06:56.225 643:link-prediction        INFO     Best f1:0.8838
2022-10-19 19:06:56.225 644:link-prediction        INFO     ********************
2022-10-19 19:06:56.226 659:link-prediction        INFO   Saving model checkpoint to ../link_prediction/random/graphcodebert_saved_models/3/ast_5/checkpoint-best-f1/model.bin
2022-10-19 19:06:56.226 664:link-prediction        INFO     ********************
2022-10-19 19:06:56.226 665:link-prediction        INFO     Best MCC:0.7614
2022-10-19 19:06:56.226 666:link-prediction        INFO     ********************
2022-10-19 19:06:56.227 681:link-prediction        INFO   Saving model checkpoint to ../link_prediction/random/graphcodebert_saved_models/3/ast_5/checkpoint-best-mcc/model.bin
2022-10-19 19:07:01.843 700:link-prediction        INFO   ***** Running evaluation *****
2022-10-19 19:07:01.843 701:link-prediction        INFO     Num examples = 25814
2022-10-19 19:07:01.843 702:link-prediction        INFO     Batch size = 32
2022-10-19 19:07:19.583 747:link-prediction        INFO   ***** Eval results *****
2022-10-19 19:07:19.583 749:link-prediction        INFO     eval_acc = 0.8808
2022-10-19 19:07:19.583 749:link-prediction        INFO     eval_f1 = 0.8848
2022-10-19 19:07:19.583 749:link-prediction        INFO     eval_mcc = 0.7641
2022-10-19 19:07:19.584 749:link-prediction        INFO     eval_precision = 0.8518
2022-10-19 19:07:19.584 749:link-prediction        INFO     eval_recall = 0.9204
2022-10-19 19:07:19.584 749:link-prediction        INFO     eval_threshold = 0.5
2022-10-19 19:07:19.586 642:link-prediction        INFO     ********************
2022-10-19 19:07:19.586 643:link-prediction        INFO     Best f1:0.8848
2022-10-19 19:07:19.586 644:link-prediction        INFO     ********************
2022-10-19 19:07:19.587 659:link-prediction        INFO   Saving model checkpoint to ../link_prediction/random/graphcodebert_saved_models/3/ast_5/checkpoint-best-f1/model.bin
2022-10-19 19:07:19.587 664:link-prediction        INFO     ********************
2022-10-19 19:07:19.587 665:link-prediction        INFO     Best MCC:0.7641
2022-10-19 19:07:19.587 666:link-prediction        INFO     ********************
2022-10-19 19:07:19.588 681:link-prediction        INFO   Saving model checkpoint to ../link_prediction/random/graphcodebert_saved_models/3/ast_5/checkpoint-best-mcc/model.bin
2022-10-19 19:07:25.181 700:link-prediction        INFO   ***** Running evaluation *****
2022-10-19 19:07:25.181 701:link-prediction        INFO     Num examples = 25814
2022-10-19 19:07:25.181 702:link-prediction        INFO     Batch size = 32
2022-10-19 19:07:42.862 747:link-prediction        INFO   ***** Eval results *****
2022-10-19 19:07:42.862 749:link-prediction        INFO     eval_acc = 0.8885
2022-10-19 19:07:42.862 749:link-prediction        INFO     eval_f1 = 0.889
2022-10-19 19:07:42.862 749:link-prediction        INFO     eval_mcc = 0.7772
2022-10-19 19:07:42.862 749:link-prediction        INFO     eval_precision = 0.8809
2022-10-19 19:07:42.862 749:link-prediction        INFO     eval_recall = 0.8973
2022-10-19 19:07:42.862 749:link-prediction        INFO     eval_threshold = 0.5
2022-10-19 19:07:42.864 642:link-prediction        INFO     ********************
2022-10-19 19:07:42.864 643:link-prediction        INFO     Best f1:0.889
2022-10-19 19:07:42.865 644:link-prediction        INFO     ********************
2022-10-19 19:07:42.865 659:link-prediction        INFO   Saving model checkpoint to ../link_prediction/random/graphcodebert_saved_models/3/ast_5/checkpoint-best-f1/model.bin
2022-10-19 19:07:42.865 664:link-prediction        INFO     ********************
2022-10-19 19:07:42.865 665:link-prediction        INFO     Best MCC:0.7772
2022-10-19 19:07:42.866 666:link-prediction        INFO     ********************
2022-10-19 19:07:42.866 681:link-prediction        INFO   Saving model checkpoint to ../link_prediction/random/graphcodebert_saved_models/3/ast_5/checkpoint-best-mcc/model.bin
2022-10-19 19:07:48.451 700:link-prediction        INFO   ***** Running evaluation *****
2022-10-19 19:07:48.452 701:link-prediction        INFO     Num examples = 25814
2022-10-19 19:07:48.452 702:link-prediction        INFO     Batch size = 32
2022-10-19 19:08:06.179 747:link-prediction        INFO   ***** Eval results *****
2022-10-19 19:08:06.179 749:link-prediction        INFO     eval_acc = 0.8892
2022-10-19 19:08:06.179 749:link-prediction        INFO     eval_f1 = 0.8896
2022-10-19 19:08:06.179 749:link-prediction        INFO     eval_mcc = 0.7785
2022-10-19 19:08:06.179 749:link-prediction        INFO     eval_precision = 0.8819
2022-10-19 19:08:06.179 749:link-prediction        INFO     eval_recall = 0.8974
2022-10-19 19:08:06.179 749:link-prediction        INFO     eval_threshold = 0.5
2022-10-19 19:08:06.181 642:link-prediction        INFO     ********************
2022-10-19 19:08:06.182 643:link-prediction        INFO     Best f1:0.8896
2022-10-19 19:08:06.182 644:link-prediction        INFO     ********************
2022-10-19 19:08:06.182 659:link-prediction        INFO   Saving model checkpoint to ../link_prediction/random/graphcodebert_saved_models/3/ast_5/checkpoint-best-f1/model.bin
2022-10-19 19:08:06.182 664:link-prediction        INFO     ********************
2022-10-19 19:08:06.183 665:link-prediction        INFO     Best MCC:0.7785
2022-10-19 19:08:06.183 666:link-prediction        INFO     ********************
2022-10-19 19:08:06.183 681:link-prediction        INFO   Saving model checkpoint to ../link_prediction/random/graphcodebert_saved_models/3/ast_5/checkpoint-best-mcc/model.bin
2022-10-19 19:08:11.775 700:link-prediction        INFO   ***** Running evaluation *****
2022-10-19 19:08:11.775 701:link-prediction        INFO     Num examples = 25814
2022-10-19 19:08:11.775 702:link-prediction        INFO     Batch size = 32
2022-10-19 19:08:29.469 747:link-prediction        INFO   ***** Eval results *****
2022-10-19 19:08:29.469 749:link-prediction        INFO     eval_acc = 0.8861
2022-10-19 19:08:29.469 749:link-prediction        INFO     eval_f1 = 0.8904
2022-10-19 19:08:29.469 749:link-prediction        INFO     eval_mcc = 0.7754
2022-10-19 19:08:29.469 749:link-prediction        INFO     eval_precision = 0.8541
2022-10-19 19:08:29.470 749:link-prediction        INFO     eval_recall = 0.9299
2022-10-19 19:08:29.470 749:link-prediction        INFO     eval_threshold = 0.5
2022-10-19 19:08:29.472 642:link-prediction        INFO     ********************
2022-10-19 19:08:29.472 643:link-prediction        INFO     Best f1:0.8904
2022-10-19 19:08:29.472 644:link-prediction        INFO     ********************
2022-10-19 19:08:29.473 659:link-prediction        INFO   Saving model checkpoint to ../link_prediction/random/graphcodebert_saved_models/3/ast_5/checkpoint-best-f1/model.bin
2022-10-19 19:08:35.042 700:link-prediction        INFO   ***** Running evaluation *****
2022-10-19 19:08:35.042 701:link-prediction        INFO     Num examples = 25814
2022-10-19 19:08:35.042 702:link-prediction        INFO     Batch size = 32
2022-10-19 19:08:52.765 747:link-prediction        INFO   ***** Eval results *****
2022-10-19 19:08:52.765 749:link-prediction        INFO     eval_acc = 0.8864
2022-10-19 19:08:52.765 749:link-prediction        INFO     eval_f1 = 0.8908
2022-10-19 19:08:52.765 749:link-prediction        INFO     eval_mcc = 0.7762
2022-10-19 19:08:52.765 749:link-prediction        INFO     eval_precision = 0.8532
2022-10-19 19:08:52.765 749:link-prediction        INFO     eval_recall = 0.9319
2022-10-19 19:08:52.765 749:link-prediction        INFO     eval_threshold = 0.5
2022-10-19 19:08:52.767 642:link-prediction        INFO     ********************
2022-10-19 19:08:52.767 643:link-prediction        INFO     Best f1:0.8908
2022-10-19 19:08:52.767 644:link-prediction        INFO     ********************
2022-10-19 19:08:52.768 659:link-prediction        INFO   Saving model checkpoint to ../link_prediction/random/graphcodebert_saved_models/3/ast_5/checkpoint-best-f1/model.bin
2022-10-19 19:08:52.928 769:link-prediction        INFO   ***** Running Test *****
2022-10-19 19:08:52.929 770:link-prediction        INFO     Num examples = 25558
2022-10-19 19:08:52.929 771:link-prediction        INFO     Batch size = 32
2022-10-19 19:09:09.806 812:link-prediction        INFO   ***** Test results *****
2022-10-19 19:09:09.806 814:link-prediction        INFO     eval_acc = 0.8898
2022-10-19 19:09:09.806 814:link-prediction        INFO     eval_f1 = 0.894
2022-10-19 19:09:09.806 814:link-prediction        INFO     eval_mcc = 0.7828
2022-10-19 19:09:09.807 814:link-prediction        INFO     eval_precision = 0.8573
2022-10-19 19:09:09.807 814:link-prediction        INFO     eval_recall = 0.934
2022-10-19 19:09:09.807 814:link-prediction        INFO     eval_threshold = 0.5
